[I 2025-12-14 12:37:57,802] Trial 1049 finished with value: -0.0025223939568670027 and parameters: {'trail_distance_atr_mult': 1.2685853115615855}. Best is trial 126 with value: -0.000363295272717509.
[2025-12-14 12:37:59.023] ⚖️ Computing uniqueness weights for 9018 events... INFO
2025-12-14 12:37:59,023 - System.tprint - INFO - ℹ️ ⚖️ Computing uniqueness weights for 9018 events... INFO
[2025-12-14 12:37:59.033] ✅ Uniqueness weights computed. Mean: 1.0000, Min: 0.4375, Max: 1.3124 SUCCESS
2025-12-14 12:37:59,033 - System.tprint - INFO - ℹ️ ✅ Uniqueness weights computed. Mean: 1.0000, Min: 0.4375, Max: 1.3124 SUCCESS
[I 2025-12-14 12:37:59,682] Trial 1050 finished with value: -0.0022515090521114715 and parameters: {'trail_distance_atr_mult': 1.2498340477139023}. Best is trial 126 with value: -0.000363295272717509.
[2025-12-14 12:38:00.867] ⚖️ Computing uniqueness weights for 9018 events... INFO
2025-12-14 12:38:00,867 - System.tprint - INFO - ℹ️ ⚖️ Computing uniqueness weights for 9018 events... INFO
[2025-12-14 12:38:00.877] ✅ Uniqueness weights computed. Mean: 1.0000, Min: 0.4375, Max: 1.3124 SUCCESS
2025-12-14 12:38:00,877 - System.tprint - INFO - ℹ️ ✅ Uniqueness weights computed. Mean: 1.0000, Min: 0.4375, Max: 1.3124 SUCCESS
[I 2025-12-14 12:38:01,570] Trial 1051 finished with value: -0.002522399942750218 and parameters: {'trail_distance_atr_mult': 1.2675084173307634}. Best is trial 126 with value: -0.000363295272717509.
[2025-12-14 12:38:03.005] ⚖️ Computing uniqueness weights for 9018 events... INFO
2025-12-14 12:38:03,005 - System.tprint - INFO - ℹ️ ⚖️ Computing uniqueness weights for 9018 events... INFO
[2025-12-14 12:38:03.015] ✅ Uniqueness weights computed. Mean: 1.0000, Min: 0.4374, Max: 1.3123 SUCCESS
2025-12-14 12:38:03,015 - System.tprint - INFO - ℹ️ ✅ Uniqueness weights computed. Mean: 1.0000, Min: 0.4374, Max: 1.3123 SUCCESS
[I 2025-12-14 12:38:03,655] Trial 1052 finished with value: -0.004494383199894479 and parameters: {'trail_distance_atr_mult': 1.2433623984692257}. Best is trial 126 with value: -0.000363295272717509.
[2025-12-14 12:38:04.867] ⚖️ Computing uniqueness weights for 9018 events... INFO
2025-12-14 12:38:04,867 - System.tprint - INFO - ℹ️ ⚖️ Computing uniqueness weights for 9018 events... INFO
[2025-12-14 12:38:04.877] ✅ Uniqueness weights computed. Mean: 1.0000, Min: 0.4375, Max: 1.3124 SUCCESS
2025-12-14 12:38:04,877 - System.tprint - INFO - ℹ️ ✅ Uniqueness weights computed. Mean: 1.0000, Min: 0.4375, Max: 1.3124 SUCCESS
[I 2025-12-14 12:38:05,516] Trial 1053 finished with value: -0.0056879148551563325 and parameters: {'trail_distance_atr_mult': 1.2793382891714054}. Best is trial 126 with value: -0.000363295272717509.
[2025-12-14 12:38:06.708] ⚖️ Computing uniqueness weights for 9018 events... INFO
2025-12-14 12:38:06,708 - System.tprint - INFO - ℹ️ ⚖️ Computing uniqueness weights for 9018 events... INFO
[2025-12-14 12:38:06.718] ✅ Uniqueness weights computed. Mean: 1.0000, Min: 0.4375, Max: 1.3124 SUCCESS
2025-12-14 12:38:06,718 - System.tprint - INFO - ℹ️ ✅ Uniqueness weights computed. Mean: 1.0000, Min: 0.4375, Max: 1.3124 SUCCESS
[I 2025-12-14 12:38:07,351] Trial 1054 finished with value: -0.0022685351288685655 and parameters: {'trail_distance_atr_mult': 1.2622839426249348}. Best is trial 126 with value: -0.000363295272717509.
[2025-12-14 12:38:08.541] ⚖️ Computing uniqueness weights for 9018 events... INFO
2025-12-14 12:38:08,541 - System.tprint - INFO - ℹ️ ⚖️ Computing uniqueness weights for 9018 events... INFO
[2025-12-14 12:38:08.551] ✅ Uniqueness weights computed. Mean: 1.0000, Min: 0.4375, Max: 1.3124 SUCCESS
2025-12-14 12:38:08,551 - System.tprint - INFO - ℹ️ ✅ Uniqueness weights computed. Mean: 1.0000, Min: 0.4375, Max: 1.3124 SUCCESS
[I 2025-12-14 12:38:09,240] Trial 1055 finished with value: -0.0022685237206611936 and parameters: {'trail_distance_atr_mult': 1.2648593023661376}. Best is trial 126 with value: -0.000363295272717509.
[2025-12-14 12:38:10.758] ⚖️ Computing uniqueness weights for 9018 events... INFO
2025-12-14 12:38:10,759 - System.tprint - INFO - ℹ️ ⚖️ Computing uniqueness weights for 9018 events... INFO
[2025-12-14 12:38:10.772] ✅ Uniqueness weights computed. Mean: 1.0000, Min: 0.4375, Max: 1.3124 SUCCESS
2025-12-14 12:38:10,772 - System.tprint - INFO - ℹ️ ✅ Uniqueness weights computed. Mean: 1.0000, Min: 0.4375, Max: 1.3124 SUCCESS
[I 2025-12-14 12:38:11,871] Trial 1056 finished with value: -0.0003632957712091185 and parameters: {'trail_distance_atr_mult': 1.2719797525831789}. Best is trial 126 with value: -0.000363295272717509.
[2025-12-14 12:38:13.470] ⚖️ Computing uniqueness weights for 9018 events... INFO
2025-12-14 12:38:13,470 - System.tprint - INFO - ℹ️ ⚖️ Computing uniqueness weights for 9018 events... INFO
[2025-12-14 12:38:13.480] ✅ Uniqueness weights computed. Mean: 1.0000, Min: 0.4374, Max: 1.3123 SUCCESS
2025-12-14 12:38:13,481 - System.tprint - INFO - ℹ️ ✅ Uniqueness weights computed. Mean: 1.0000, Min: 0.4374, Max: 1.3123 SUCCESS
[I 2025-12-14 12:38:14,318] Trial 1057 finished with value: -0.0037045371801430276 and parameters: {'trail_distance_atr_mult': 1.245704145600663}. Best is trial 126 with value: -0.000363295272717509.
[2025-12-14 12:38:15.690] ⚖️ Computing uniqueness weights for 9018 events... INFO
2025-12-14 12:38:15,690 - System.tprint - INFO - ℹ️ ⚖️ Computing uniqueness weights for 9018 events... INFO
[2025-12-14 12:38:15.701] ✅ Uniqueness weights computed. Mean: 1.0000, Min: 0.4374, Max: 1.3122 SUCCESS
2025-12-14 12:38:15,701 - System.tprint - INFO - ℹ️ ✅ Uniqueness weights computed. Mean: 1.0000, Min: 0.4374, Max: 1.3122 SUCCESS
[I 2025-12-14 12:38:16,588] Trial 1058 finished with value: -0.003222774489689197 and parameters: {'trail_distance_atr_mult': 1.2179158675776378}. Best is trial 126 with value: -0.000363295272717509.
[2025-12-14 12:38:17.960] ⚖️ Computing uniqueness weights for 9018 events... INFO
2025-12-14 12:38:17,960 - System.tprint - INFO - ℹ️ ⚖️ Computing uniqueness weights for 9018 events... INFO
[2025-12-14 12:38:17.971] ✅ Uniqueness weights computed. Mean: 1.0000, Min: 0.4375, Max: 1.3124 SUCCESS
2025-12-14 12:38:17,971 - System.tprint - INFO - ℹ️ ✅ Uniqueness weights computed. Mean: 1.0000, Min: 0.4375, Max: 1.3124 SUCCESS
[I 2025-12-14 12:38:18,863] Trial 1059 finished with value: -0.0022515188672139856 and parameters: {'trail_distance_atr_mult': 1.2478933417531692}. Best is trial 126 with value: -0.000363295272717509.
[2025-12-14 12:38:20.281] ⚖️ Computing uniqueness weights for 9018 events... INFO
2025-12-14 12:38:20,281 - System.tprint - INFO - ℹ️ ⚖️ Computing uniqueness weights for 9018 events... INFO
[2025-12-14 12:38:20.298] ✅ Uniqueness weights computed. Mean: 1.0000, Min: 0.4375, Max: 1.3124 SUCCESS
2025-12-14 12:38:20,298 - System.tprint - INFO - ℹ️ ✅ Uniqueness weights computed. Mean: 1.0000, Min: 0.4375, Max: 1.3124 SUCCESS
[I 2025-12-14 12:38:21,335] Trial 1060 finished with value: -0.00226851318679765 and parameters: {'trail_distance_atr_mult': 1.2672358546667988}. Best is trial 126 with value: -0.000363295272717509.
[2025-12-14 12:38:22.540] ⚖️ Computing uniqueness weights for 9018 events... INFO
2025-12-14 12:38:22,540 - System.tprint - INFO - ℹ️ ⚖️ Computing uniqueness weights for 9018 events... INFO
[2025-12-14 12:38:22.549] ✅ Uniqueness weights computed. Mean: 1.0000, Min: 0.4375, Max: 1.3124 SUCCESS
2025-12-14 12:38:22,549 - System.tprint - INFO - ℹ️ ✅ Uniqueness weights computed. Mean: 1.0000, Min: 0.4375, Max: 1.3124 SUCCESS
[I 2025-12-14 12:38:23,187] Trial 1061 finished with value: -0.005836356700750253 and parameters: {'trail_distance_atr_mult': 1.300158125308294}. Best is trial 126 with value: -0.000363295272717509.
[2025-12-14 12:38:24.391] ⚖️ Computing uniqueness weights for 9018 events... INFO
2025-12-14 12:38:24,391 - System.tprint - INFO - ℹ️ ⚖️ Computing uniqueness weights for 9018 events... INFO
[2025-12-14 12:38:24.401] ✅ Uniqueness weights computed. Mean: 1.0000, Min: 0.4375, Max: 1.3124 SUCCESS
2025-12-14 12:38:24,401 - System.tprint - INFO - ℹ️ ✅ Uniqueness weights computed. Mean: 1.0000, Min: 0.4375, Max: 1.3124 SUCCESS
[I 2025-12-14 12:38:25,030] Trial 1062 finished with value: -0.005687063741110564 and parameters: {'trail_distance_atr_mult': 1.2832620832425954}. Best is trial 126 with value: -0.000363295272717509.
[2025-12-14 12:38:26.212] ⚖️ Computing uniqueness weights for 9018 events... INFO
2025-12-14 12:38:26,212 - System.tprint - INFO - ℹ️ ⚖️ Computing uniqueness weights for 9018 events... INFO
[2025-12-14 12:38:26.221] ✅ Uniqueness weights computed. Mean: 1.0000, Min: 0.4375, Max: 1.3124 SUCCESS
2025-12-14 12:38:26,221 - System.tprint - INFO - ℹ️ ✅ Uniqueness weights computed. Mean: 1.0000, Min: 0.4375, Max: 1.3124 SUCCESS
[I 2025-12-14 12:38:26,884] Trial 1063 finished with value: -0.0022514754068087193 and parameters: {'trail_distance_atr_mult': 1.25647860665169}. Best is trial 126 with value: -0.000363295272717509.
[2025-12-14 12:38:28.094] ⚖️ Computing uniqueness weights for 9018 events... INFO
2025-12-14 12:38:28,094 - System.tprint - INFO - ℹ️ ⚖️ Computing uniqueness weights for 9018 events... INFO
[2025-12-14 12:38:28.103] ✅ Uniqueness weights computed. Mean: 1.0000, Min: 0.4375, Max: 1.3124 SUCCESS
2025-12-14 12:38:28,103 - System.tprint - INFO - ℹ️ ✅ Uniqueness weights computed. Mean: 1.0000, Min: 0.4375, Max: 1.3124 SUCCESS
[I 2025-12-14 12:38:28,740] Trial 1064 finished with value: -0.004871017253473553 and parameters: {'trail_distance_atr_mult': 1.2750112446461297}. Best is trial 126 with value: -0.000363295272717509.
[2025-12-14 12:38:29.921] ⚖️ Computing uniqueness weights for 9018 events... INFO
2025-12-14 12:38:29,921 - System.tprint - INFO - ℹ️ ⚖️ Computing uniqueness weights for 9018 events... INFO
[2025-12-14 12:38:29.931] ✅ Uniqueness weights computed. Mean: 1.0000, Min: 0.4375, Max: 1.3124 SUCCESS
2025-12-14 12:38:29,931 - System.tprint - INFO - ℹ️ ✅ Uniqueness weights computed. Mean: 1.0000, Min: 0.4375, Max: 1.3124 SUCCESS
[I 2025-12-14 12:38:30,577] Trial 1065 finished with value: -0.0022685233244144525 and parameters: {'trail_distance_atr_mult': 1.2649608719577898}. Best is trial 126 with value: -0.000363295272717509.
[2025-12-14 12:38:31.886] ⚖️ Computing uniqueness weights for 9018 events... INFO
2025-12-14 12:38:31,886 - System.tprint - INFO - ℹ️ ⚖️ Computing uniqueness weights for 9018 events... INFO
[2025-12-14 12:38:31.896] ✅ Uniqueness weights computed. Mean: 1.0000, Min: 0.4375, Max: 1.3124 SUCCESS
2025-12-14 12:38:31,897 - System.tprint - INFO - ℹ️ ✅ Uniqueness weights computed. Mean: 1.0000, Min: 0.4375, Max: 1.3124 SUCCESS
[I 2025-12-14 12:38:32,659] Trial 1066 finished with value: -0.005688088419716661 and parameters: {'trail_distance_atr_mult': 1.2785284103426668}. Best is trial 126 with value: -0.000363295272717509.
[2025-12-14 12:38:33.887] ⚖️ Computing uniqueness weights for 9018 events... INFO
2025-12-14 12:38:33,888 - System.tprint - INFO - ℹ️ ⚖️ Computing uniqueness weights for 9018 events... INFO
[2025-12-14 12:38:33.898] ✅ Uniqueness weights computed. Mean: 1.0000, Min: 0.4375, Max: 1.3124 SUCCESS
2025-12-14 12:38:33,898 - System.tprint - INFO - ℹ️ ✅ Uniqueness weights computed. Mean: 1.0000, Min: 0.4375, Max: 1.3124 SUCCESS
[I 2025-12-14 12:38:34,536] Trial 1067 finished with value: -0.005688466069227806 and parameters: {'trail_distance_atr_mult': 1.27675386808475}. Best is trial 126 with value: -0.000363295272717509.
[2025-12-14 12:38:35.723] ⚖️ Computing uniqueness weights for 9018 events... INFO
2025-12-14 12:38:35,723 - System.tprint - INFO - ℹ️ ⚖️ Computing uniqueness weights for 9018 events... INFO
[2025-12-14 12:38:35.734] ✅ Uniqueness weights computed. Mean: 1.0000, Min: 0.4375, Max: 1.3124 SUCCESS
2025-12-14 12:38:35,734 - System.tprint - INFO - ℹ️ ✅ Uniqueness weights computed. Mean: 1.0000, Min: 0.4375, Max: 1.3124 SUCCESS
[I 2025-12-14 12:38:36,414] Trial 1068 finished with value: -0.005836817837341355 and parameters: {'trail_distance_atr_mult': 1.2982953981596208}. Best is trial 126 with value: -0.000363295272717509.
[2025-12-14 12:38:37.642] ⚖️ Computing uniqueness weights for 9018 events... INFO
2025-12-14 12:38:37,642 - System.tprint - INFO - ℹ️ ⚖️ Computing uniqueness weights for 9018 events... INFO
[2025-12-14 12:38:37.652] ✅ Uniqueness weights computed. Mean: 1.0000, Min: 0.4375, Max: 1.3124 SUCCESS
2025-12-14 12:38:37,653 - System.tprint - INFO - ℹ️ ✅ Uniqueness weights computed. Mean: 1.0000, Min: 0.4375, Max: 1.3124 SUCCESS
[I 2025-12-14 12:38:38,402] Trial 1069 finished with value: -0.0022685249194474687 and parameters: {'trail_distance_atr_mult': 1.26459412834572}. Best is trial 126 with value: -0.000363295272717509.
[2025-12-14 12:38:39.628] ⚖️ Computing uniqueness weights for 9018 events... INFO
2025-12-14 12:38:39,628 - System.tprint - INFO - ℹ️ ⚖️ Computing uniqueness weights for 9018 events... INFO
[2025-12-14 12:38:39.637] ✅ Uniqueness weights computed. Mean: 1.0000, Min: 0.4374, Max: 1.3121 SUCCESS
2025-12-14 12:38:39,638 - System.tprint - INFO - ℹ️ ✅ Uniqueness weights computed. Mean: 1.0000, Min: 0.4374, Max: 1.3121 SUCCESS
[I 2025-12-14 12:38:40,278] Trial 1070 finished with value: -0.004891429274486192 and parameters: {'trail_distance_atr_mult': 1.193670586125774}. Best is trial 126 with value: -0.000363295272717509.
[2025-12-14 12:38:41.484] ⚖️ Computing uniqueness weights for 9018 events... INFO
2025-12-14 12:38:41,484 - System.tprint - INFO - ℹ️ ⚖️ Computing uniqueness weights for 9018 events... INFO
[2025-12-14 12:38:41.494] ✅ Uniqueness weights computed. Mean: 1.0000, Min: 0.4375, Max: 1.3124 SUCCESS
2025-12-14 12:38:41,494 - System.tprint - INFO - ℹ️ ✅ Uniqueness weights computed. Mean: 1.0000, Min: 0.4375, Max: 1.3124 SUCCESS
[I 2025-12-14 12:38:42,128] Trial 1071 finished with value: -0.0056883871626628784 and parameters: {'trail_distance_atr_mult': 1.2771254906639198}. Best is trial 126 with value: -0.000363295272717509.
[2025-12-14 12:38:43.328] ⚖️ Computing uniqueness weights for 9018 events... INFO
2025-12-14 12:38:43,328 - System.tprint - INFO - ℹ️ ⚖️ Computing uniqueness weights for 9018 events... INFO
[2025-12-14 12:38:43.338] ✅ Uniqueness weights computed. Mean: 1.0000, Min: 0.4375, Max: 1.3124 SUCCESS
2025-12-14 12:38:43,338 - System.tprint - INFO - ℹ️ ✅ Uniqueness weights computed. Mean: 1.0000, Min: 0.4375, Max: 1.3124 SUCCESS
[I 2025-12-14 12:38:43,976] Trial 1072 finished with value: -0.005688496553587685 and parameters: {'trail_distance_atr_mult': 1.2766103344442807}. Best is trial 126 with value: -0.000363295272717509.
[2025-12-14 12:38:45.182] ⚖️ Computing uniqueness weights for 9018 events... INFO
2025-12-14 12:38:45,182 - System.tprint - INFO - ℹ️ ⚖️ Computing uniqueness weights for 9018 events... INFO
[2025-12-14 12:38:45.192] ✅ Uniqueness weights computed. Mean: 1.0000, Min: 0.4375, Max: 1.3124 SUCCESS
2025-12-14 12:38:45,192 - System.tprint - INFO - ℹ️ ✅ Uniqueness weights computed. Mean: 1.0000, Min: 0.4375, Max: 1.3124 SUCCESS
[I 2025-12-14 12:38:45,828] Trial 1073 finished with value: -0.002251495716328762 and parameters: {'trail_distance_atr_mult': 1.2524565980546574}. Best is trial 126 with value: -0.000363295272717509.
[2025-12-14 12:38:47.041] ⚖️ Computing uniqueness weights for 9018 events... INFO
2025-12-14 12:38:47,041 - System.tprint - INFO - ℹ️ ⚖️ Computing uniqueness weights for 9018 events... INFO
[2025-12-14 12:38:47.051] ✅ Uniqueness weights computed. Mean: 1.0000, Min: 0.4374, Max: 1.3123 SUCCESS
2025-12-14 12:38:47,051 - System.tprint - INFO - ℹ️ ✅ Uniqueness weights computed. Mean: 1.0000, Min: 0.4374, Max: 1.3123 SUCCESS
[I 2025-12-14 12:38:47,685] Trial 1074 finished with value: -0.004494374796945932 and parameters: {'trail_distance_atr_mult': 1.244959936984401}. Best is trial 126 with value: -0.000363295272717509.
[2025-12-14 12:38:48.876] ⚖️ Computing uniqueness weights for 9018 events... INFO
2025-12-14 12:38:48,876 - System.tprint - INFO - ℹ️ ⚖️ Computing uniqueness weights for 9018 events... INFO
[2025-12-14 12:38:48.886] ✅ Uniqueness weights computed. Mean: 1.0000, Min: 0.4375, Max: 1.3124 SUCCESS
2025-12-14 12:38:48,886 - System.tprint - INFO - ℹ️ ✅ Uniqueness weights computed. Mean: 1.0000, Min: 0.4375, Max: 1.3124 SUCCESS
[I 2025-12-14 12:38:49,528] Trial 1075 finished with value: -0.0022685381943166032 and parameters: {'trail_distance_atr_mult': 1.2586171785911855}. Best is trial 126 with value: -0.000363295272717509.
[2025-12-14 12:38:50.701] ⚖️ Computing uniqueness weights for 9018 events... INFO
2025-12-14 12:38:50,701 - System.tprint - INFO - ℹ️ ⚖️ Computing uniqueness weights for 9018 events... INFO
[2025-12-14 12:38:50.710] ✅ Uniqueness weights computed. Mean: 1.0000, Min: 0.4375, Max: 1.3124 SUCCESS
2025-12-14 12:38:50,711 - System.tprint - INFO - ℹ️ ✅ Uniqueness weights computed. Mean: 1.0000, Min: 0.4375, Max: 1.3124 SUCCESS
[I 2025-12-14 12:38:51,348] Trial 1076 finished with value: -0.002268529256898624 and parameters: {'trail_distance_atr_mult': 1.2636147688641783}. Best is trial 126 with value: -0.000363295272717509.
[2025-12-14 12:38:52.546] ⚖️ Computing uniqueness weights for 9018 events... INFO
2025-12-14 12:38:52,546 - System.tprint - INFO - ℹ️ ⚖️ Computing uniqueness weights for 9018 events... INFO
[2025-12-14 12:38:52.556] ✅ Uniqueness weights computed. Mean: 1.0000, Min: 0.4375, Max: 1.3124 SUCCESS
2025-12-14 12:38:52,556 - System.tprint - INFO - ℹ️ ✅ Uniqueness weights computed. Mean: 1.0000, Min: 0.4375, Max: 1.3124 SUCCESS
[I 2025-12-14 12:38:53,194] Trial 1077 finished with value: -0.0046405512566564 and parameters: {'trail_distance_atr_mult': 1.285316574776551}. Best is trial 126 with value: -0.000363295272717509.
[2025-12-14 12:38:54.406] ⚖️ Computing uniqueness weights for 9018 events... INFO
2025-12-14 12:38:54,406 - System.tprint - INFO - ℹ️ ⚖️ Computing uniqueness weights for 9018 events... INFO
[2025-12-14 12:38:54.416] ✅ Uniqueness weights computed. Mean: 1.0000, Min: 0.4375, Max: 1.3124 SUCCESS
2025-12-14 12:38:54,416 - System.tprint - INFO - ℹ️ ✅ Uniqueness weights computed. Mean: 1.0000, Min: 0.4375, Max: 1.3124 SUCCESS
[I 2025-12-14 12:38:55,053] Trial 1078 finished with value: -0.0025223834105253967 and parameters: {'trail_distance_atr_mult': 1.2704825240106714}. Best is trial 126 with value: -0.000363295272717509.
[2025-12-14 12:38:56.268] ⚖️ Computing uniqueness weights for 9018 events... INFO
2025-12-14 12:38:56,268 - System.tprint - INFO - ℹ️ ⚖️ Computing uniqueness weights for 9018 events... INFO
[2025-12-14 12:38:56.278] ✅ Uniqueness weights computed. Mean: 1.0000, Min: 0.4375, Max: 1.3124 SUCCESS
2025-12-14 12:38:56,278 - System.tprint - INFO - ℹ️ ✅ Uniqueness weights computed. Mean: 1.0000, Min: 0.4375, Max: 1.3124 SUCCESS
[I 2025-12-14 12:38:56,916] Trial 1079 finished with value: -0.005687648897177171 and parameters: {'trail_distance_atr_mult': 1.2805729727030695}. Best is trial 126 with value: -0.000363295272717509.
[2025-12-14 12:38:58.128] ⚖️ Computing uniqueness weights for 9018 events... INFO
2025-12-14 12:38:58,128 - System.tprint - INFO - ℹ️ ⚖️ Computing uniqueness weights for 9018 events... INFO
[2025-12-14 12:38:58.138] ✅ Uniqueness weights computed. Mean: 1.0000, Min: 0.4375, Max: 1.3124 SUCCESS
2025-12-14 12:38:58,138 - System.tprint - INFO - ℹ️ ✅ Uniqueness weights computed. Mean: 1.0000, Min: 0.4375, Max: 1.3124 SUCCESS
[I 2025-12-14 12:38:58,802] Trial 1080 finished with value: -0.0003632958000026492 and parameters: {'trail_distance_atr_mult': 1.2719347254157518}. Best is trial 126 with value: -0.000363295272717509.
[2025-12-14 12:39:00.037] ⚖️ Computing uniqueness weights for 9018 events... INFO
2025-12-14 12:39:00,037 - System.tprint - INFO - ℹ️ ⚖️ Computing uniqueness weights for 9018 events... INFO
[2025-12-14 12:39:00.047] ✅ Uniqueness weights computed. Mean: 1.0000, Min: 0.4375, Max: 1.3124 SUCCESS
2025-12-14 12:39:00,047 - System.tprint - INFO - ℹ️ ✅ Uniqueness weights computed. Mean: 1.0000, Min: 0.4375, Max: 1.3124 SUCCESS
[I 2025-12-14 12:39:00,846] Trial 1081 finished with value: -0.0022515106963194513 and parameters: {'trail_distance_atr_mult': 1.24950557840809}. Best is trial 126 with value: -0.000363295272717509.
[2025-12-14 12:39:02.011] ⚖️ Computing uniqueness weights for 9018 events... INFO
2025-12-14 12:39:02,012 - System.tprint - INFO - ℹ️ ⚖️ Computing uniqueness weights for 9018 events... INFO
[2025-12-14 12:39:02.022] ✅ Uniqueness weights computed. Mean: 1.0000, Min: 0.4375, Max: 1.3124 SUCCESS
2025-12-14 12:39:02,022 - System.tprint - INFO - ℹ️ ✅ Uniqueness weights computed. Mean: 1.0000, Min: 0.4375, Max: 1.3124 SUCCESS
[I 2025-12-14 12:39:02,784] Trial 1082 finished with value: -0.004640143197018455 and parameters: {'trail_distance_atr_mult': 1.2875178482525989}. Best is trial 126 with value: -0.000363295272717509.
[2025-12-14 12:39:04.250] ⚖️ Computing uniqueness weights for 9018 events... INFO
2025-12-14 12:39:04,250 - System.tprint - INFO - ℹ️ ⚖️ Computing uniqueness weights for 9018 events... INFO
[2025-12-14 12:39:04.261] ✅ Uniqueness weights computed. Mean: 1.0000, Min: 0.4375, Max: 1.3124 SUCCESS
2025-12-14 12:39:04,261 - System.tprint - INFO - ℹ️ ✅ Uniqueness weights computed. Mean: 1.0000, Min: 0.4375, Max: 1.3124 SUCCESS
[I 2025-12-14 12:39:05,002] Trial 1083 finished with value: -0.0022685329535266233 and parameters: {'trail_distance_atr_mult': 1.262765195687459}. Best is trial 126 with value: -0.000363295272717509.
[2025-12-14 12:39:06.222] ⚖️ Computing uniqueness weights for 9018 events... INFO
2025-12-14 12:39:06,222 - System.tprint - INFO - ℹ️ ⚖️ Computing uniqueness weights for 9018 events... INFO
[2025-12-14 12:39:06.232] ✅ Uniqueness weights computed. Mean: 1.0000, Min: 0.4375, Max: 1.3124 SUCCESS
2025-12-14 12:39:06,232 - System.tprint - INFO - ℹ️ ✅ Uniqueness weights computed. Mean: 1.0000, Min: 0.4375, Max: 1.3124 SUCCESS
