[I 2025-12-14 11:57:06,883] Trial 105 finished with value: -0.0022685215718148883 and parameters: {'trail_distance_atr_mult': 1.2653373176518337}. Best is trial 64 with value: -0.0012531696027358891.
[2025-12-14 11:57:08.279] ⚖️ Computing uniqueness weights for 9018 events... INFO
2025-12-14 11:57:08,279 - System.tprint - INFO - ℹ️ ⚖️ Computing uniqueness weights for 9018 events... INFO
[2025-12-14 11:57:08.291] ✅ Uniqueness weights computed. Mean: 1.0000, Min: 0.4373, Max: 1.3119 SUCCESS
2025-12-14 11:57:08,291 - System.tprint - INFO - ℹ️ ✅ Uniqueness weights computed. Mean: 1.0000, Min: 0.4373, Max: 1.3119 SUCCESS
[I 2025-12-14 11:57:09,154] Trial 106 finished with value: -0.0075272403378917885 and parameters: {'trail_distance_atr_mult': 1.0497064376919314}. Best is trial 64 with value: -0.0012531696027358891.
[2025-12-14 11:57:10.519] ⚖️ Computing uniqueness weights for 9018 events... INFO
2025-12-14 11:57:10,519 - System.tprint - INFO - ℹ️ ⚖️ Computing uniqueness weights for 9018 events... INFO
[2025-12-14 11:57:10.530] ✅ Uniqueness weights computed. Mean: 1.0000, Min: 0.4375, Max: 1.3124 SUCCESS
2025-12-14 11:57:10,530 - System.tprint - INFO - ℹ️ ✅ Uniqueness weights computed. Mean: 1.0000, Min: 0.4375, Max: 1.3124 SUCCESS
[I 2025-12-14 11:57:11,383] Trial 107 finished with value: -0.005837066249989584 and parameters: {'trail_distance_atr_mult': 1.2972775055641579}. Best is trial 64 with value: -0.0012531696027358891.
[2025-12-14 11:57:12.747] ⚖️ Computing uniqueness weights for 9018 events... INFO
2025-12-14 11:57:12,747 - System.tprint - INFO - ℹ️ ⚖️ Computing uniqueness weights for 9018 events... INFO
[2025-12-14 11:57:12.759] ✅ Uniqueness weights computed. Mean: 1.0000, Min: 0.4375, Max: 1.3124 SUCCESS
2025-12-14 11:57:12,759 - System.tprint - INFO - ℹ️ ✅ Uniqueness weights computed. Mean: 1.0000, Min: 0.4375, Max: 1.3124 SUCCESS
[I 2025-12-14 11:57:13,619] Trial 108 finished with value: -0.0032373672990727966 and parameters: {'trail_distance_atr_mult': 1.344556755903243}. Best is trial 64 with value: -0.0012531696027358891.
[2025-12-14 11:57:15.234] ⚖️ Computing uniqueness weights for 9018 events... INFO
2025-12-14 11:57:15,235 - System.tprint - INFO - ℹ️ ⚖️ Computing uniqueness weights for 9018 events... INFO
[2025-12-14 11:57:15.248] ✅ Uniqueness weights computed. Mean: 1.0000, Min: 0.4375, Max: 1.3124 SUCCESS
2025-12-14 11:57:15,248 - System.tprint - INFO - ℹ️ ✅ Uniqueness weights computed. Mean: 1.0000, Min: 0.4375, Max: 1.3124 SUCCESS
[I 2025-12-14 11:57:16,750] Trial 109 finished with value: -0.0032373746550714835 and parameters: {'trail_distance_atr_mult': 1.3224615660088952}. Best is trial 64 with value: -0.0012531696027358891.
[2025-12-14 11:57:18.522] ⚖️ Computing uniqueness weights for 9018 events... INFO
2025-12-14 11:57:18,522 - System.tprint - INFO - ℹ️ ⚖️ Computing uniqueness weights for 9018 events... INFO
[2025-12-14 11:57:18.535] ✅ Uniqueness weights computed. Mean: 1.0000, Min: 0.4375, Max: 1.3125 SUCCESS
2025-12-14 11:57:18,535 - System.tprint - INFO - ℹ️ ✅ Uniqueness weights computed. Mean: 1.0000, Min: 0.4375, Max: 1.3125 SUCCESS
[I 2025-12-14 11:57:19,605] Trial 110 finished with value: -0.00665896821563863 and parameters: {'trail_distance_atr_mult': 1.506973104717432}. Best is trial 64 with value: -0.0012531696027358891.
[2025-12-14 11:57:21.171] ⚖️ Computing uniqueness weights for 9018 events... INFO
2025-12-14 11:57:21,171 - System.tprint - INFO - ℹ️ ⚖️ Computing uniqueness weights for 9018 events... INFO
[2025-12-14 11:57:21.182] ✅ Uniqueness weights computed. Mean: 1.0000, Min: 0.4375, Max: 1.3124 SUCCESS
2025-12-14 11:57:21,182 - System.tprint - INFO - ℹ️ ✅ Uniqueness weights computed. Mean: 1.0000, Min: 0.4375, Max: 1.3124 SUCCESS
[I 2025-12-14 11:57:22,055] Trial 111 finished with value: -0.0025223905881077784 and parameters: {'trail_distance_atr_mult': 1.2691971764432104}. Best is trial 64 with value: -0.0012531696027358891.
[2025-12-14 11:57:23.435] ⚖️ Computing uniqueness weights for 9018 events... INFO
2025-12-14 11:57:23,436 - System.tprint - INFO - ℹ️ ⚖️ Computing uniqueness weights for 9018 events... INFO
[2025-12-14 11:57:23.447] ✅ Uniqueness weights computed. Mean: 1.0000, Min: 0.4377, Max: 1.3131 SUCCESS
2025-12-14 11:57:23,447 - System.tprint - INFO - ℹ️ ✅ Uniqueness weights computed. Mean: 1.0000, Min: 0.4377, Max: 1.3131 SUCCESS
[I 2025-12-14 11:57:24,302] Trial 112 finished with value: -0.0074139772106525505 and parameters: {'trail_distance_atr_mult': 1.8048290842399053}. Best is trial 64 with value: -0.0012531696027358891.
[2025-12-14 11:57:25.660] ⚖️ Computing uniqueness weights for 9018 events... INFO
2025-12-14 11:57:25,660 - System.tprint - INFO - ℹ️ ⚖️ Computing uniqueness weights for 9018 events... INFO
[2025-12-14 11:57:25.671] ✅ Uniqueness weights computed. Mean: 1.0000, Min: 0.4373, Max: 1.3120 SUCCESS
2025-12-14 11:57:25,671 - System.tprint - INFO - ℹ️ ✅ Uniqueness weights computed. Mean: 1.0000, Min: 0.4373, Max: 1.3120 SUCCESS
[I 2025-12-14 11:57:26,602] Trial 113 finished with value: -0.0008138621820101493 and parameters: {'trail_distance_atr_mult': 1.0863938569300653}. Best is trial 113 with value: -0.0008138621820101493.
[2025-12-14 11:57:28.024] ⚖️ Computing uniqueness weights for 9018 events... INFO
2025-12-14 11:57:28,024 - System.tprint - INFO - ℹ️ ⚖️ Computing uniqueness weights for 9018 events... INFO
[2025-12-14 11:57:28.035] ✅ Uniqueness weights computed. Mean: 1.0000, Min: 0.4373, Max: 1.3119 SUCCESS
2025-12-14 11:57:28,035 - System.tprint - INFO - ℹ️ ✅ Uniqueness weights computed. Mean: 1.0000, Min: 0.4373, Max: 1.3119 SUCCESS
[I 2025-12-14 11:57:28,898] Trial 114 finished with value: -0.003084678544402235 and parameters: {'trail_distance_atr_mult': 1.0166409324955987}. Best is trial 113 with value: -0.0008138621820101493.
[2025-12-14 11:57:30.265] ⚖️ Computing uniqueness weights for 9018 events... INFO
2025-12-14 11:57:30,265 - System.tprint - INFO - ℹ️ ⚖️ Computing uniqueness weights for 9018 events... INFO
[2025-12-14 11:57:30.276] ✅ Uniqueness weights computed. Mean: 1.0000, Min: 0.4373, Max: 1.3119 SUCCESS
2025-12-14 11:57:30,276 - System.tprint - INFO - ℹ️ ✅ Uniqueness weights computed. Mean: 1.0000, Min: 0.4373, Max: 1.3119 SUCCESS
[I 2025-12-14 11:57:31,165] Trial 115 finished with value: -0.0030846781457581807 and parameters: {'trail_distance_atr_mult': 1.0159701275211892}. Best is trial 113 with value: -0.0008138621820101493.
[2025-12-14 11:57:32.556] ⚖️ Computing uniqueness weights for 9018 events... INFO
2025-12-14 11:57:32,556 - System.tprint - INFO - ℹ️ ⚖️ Computing uniqueness weights for 9018 events... INFO
[2025-12-14 11:57:32.567] ✅ Uniqueness weights computed. Mean: 1.0000, Min: 0.4374, Max: 1.3123 SUCCESS
2025-12-14 11:57:32,568 - System.tprint - INFO - ℹ️ ✅ Uniqueness weights computed. Mean: 1.0000, Min: 0.4374, Max: 1.3123 SUCCESS
[I 2025-12-14 11:57:33,426] Trial 116 finished with value: -0.004487235853677239 and parameters: {'trail_distance_atr_mult': 1.224551196283931}. Best is trial 113 with value: -0.0008138621820101493.
[2025-12-14 11:57:34.998] ⚖️ Computing uniqueness weights for 9018 events... INFO
2025-12-14 11:57:34,998 - System.tprint - INFO - ℹ️ ⚖️ Computing uniqueness weights for 9018 events... INFO
[2025-12-14 11:57:35.040] ✅ Uniqueness weights computed. Mean: 1.0000, Min: 0.4375, Max: 1.3125 SUCCESS
2025-12-14 11:57:35,041 - System.tprint - INFO - ℹ️ ✅ Uniqueness weights computed. Mean: 1.0000, Min: 0.4375, Max: 1.3125 SUCCESS
[I 2025-12-14 11:57:36,016] Trial 117 finished with value: -0.003949036782650438 and parameters: {'trail_distance_atr_mult': 1.4299285648382012}. Best is trial 113 with value: -0.0008138621820101493.
[2025-12-14 11:57:37.401] ⚖️ Computing uniqueness weights for 9018 events... INFO
2025-12-14 11:57:37,401 - System.tprint - INFO - ℹ️ ⚖️ Computing uniqueness weights for 9018 events... INFO
[2025-12-14 11:57:37.412] ✅ Uniqueness weights computed. Mean: 1.0000, Min: 0.4373, Max: 1.3119 SUCCESS
2025-12-14 11:57:37,412 - System.tprint - INFO - ℹ️ ✅ Uniqueness weights computed. Mean: 1.0000, Min: 0.4373, Max: 1.3119 SUCCESS
[I 2025-12-14 11:57:38,280] Trial 118 finished with value: -0.007527227450529396 and parameters: {'trail_distance_atr_mult': 1.0367109473105705}. Best is trial 113 with value: -0.0008138621820101493.
[2025-12-14 11:57:39.659] ⚖️ Computing uniqueness weights for 9018 events... INFO
2025-12-14 11:57:39,659 - System.tprint - INFO - ℹ️ ⚖️ Computing uniqueness weights for 9018 events... INFO
[2025-12-14 11:57:39.670] ✅ Uniqueness weights computed. Mean: 1.0000, Min: 0.4375, Max: 1.3126 SUCCESS
2025-12-14 11:57:39,671 - System.tprint - INFO - ℹ️ ✅ Uniqueness weights computed. Mean: 1.0000, Min: 0.4375, Max: 1.3126 SUCCESS
[I 2025-12-14 11:57:40,531] Trial 119 finished with value: -0.0036245655859179346 and parameters: {'trail_distance_atr_mult': 1.5246606383995829}. Best is trial 113 with value: -0.0008138621820101493.
[2025-12-14 11:57:41.909] ⚖️ Computing uniqueness weights for 9018 events... INFO
2025-12-14 11:57:41,909 - System.tprint - INFO - ℹ️ ⚖️ Computing uniqueness weights for 9018 events... INFO
[2025-12-14 11:57:41.921] ✅ Uniqueness weights computed. Mean: 1.0000, Min: 0.4374, Max: 1.3123 SUCCESS
2025-12-14 11:57:41,921 - System.tprint - INFO - ℹ️ ✅ Uniqueness weights computed. Mean: 1.0000, Min: 0.4374, Max: 1.3123 SUCCESS
[I 2025-12-14 11:57:42,800] Trial 120 finished with value: -0.0044872059278703615 and parameters: {'trail_distance_atr_mult': 1.2270498805348637}. Best is trial 113 with value: -0.0008138621820101493.
[2025-12-14 11:57:44.416] ⚖️ Computing uniqueness weights for 9018 events... INFO
2025-12-14 11:57:44,417 - System.tprint - INFO - ℹ️ ⚖️ Computing uniqueness weights for 9018 events... INFO
[2025-12-14 11:57:44.435] ✅ Uniqueness weights computed. Mean: 1.0000, Min: 0.4376, Max: 1.3129 SUCCESS
2025-12-14 11:57:44,435 - System.tprint - INFO - ℹ️ ✅ Uniqueness weights computed. Mean: 1.0000, Min: 0.4376, Max: 1.3129 SUCCESS
[I 2025-12-14 11:57:49,392] Trial 121 finished with value: -0.004845409505101132 and parameters: {'trail_distance_atr_mult': 1.6717250977773908}. Best is trial 113 with value: -0.0008138621820101493.
[2025-12-14 11:57:51.340] ⚖️ Computing uniqueness weights for 9018 events... INFO
2025-12-14 11:57:51,341 - System.tprint - INFO - ℹ️ ⚖️ Computing uniqueness weights for 9018 events... INFO
[2025-12-14 11:57:51.354] ✅ Uniqueness weights computed. Mean: 1.0000, Min: 0.4376, Max: 1.3127 SUCCESS
2025-12-14 11:57:51,354 - System.tprint - INFO - ℹ️ ✅ Uniqueness weights computed. Mean: 1.0000, Min: 0.4376, Max: 1.3127 SUCCESS
[I 2025-12-14 11:57:52,446] Trial 122 finished with value: -0.00681689602701927 and parameters: {'trail_distance_atr_mult': 1.6165068923180699}. Best is trial 113 with value: -0.0008138621820101493.
[2025-12-14 11:57:54.304] ⚖️ Computing uniqueness weights for 9018 events... INFO
2025-12-14 11:57:54,304 - System.tprint - INFO - ℹ️ ⚖️ Computing uniqueness weights for 9018 events... INFO
[2025-12-14 11:57:54.320] ✅ Uniqueness weights computed. Mean: 1.0000, Min: 0.4375, Max: 1.3126 SUCCESS
2025-12-14 11:57:54,320 - System.tprint - INFO - ℹ️ ✅ Uniqueness weights computed. Mean: 1.0000, Min: 0.4375, Max: 1.3126 SUCCESS
[I 2025-12-14 11:57:55,763] Trial 123 finished with value: -0.0033268307596274 and parameters: {'trail_distance_atr_mult': 1.5231130516898053}. Best is trial 113 with value: -0.0008138621820101493.
[2025-12-14 11:57:59.045] ⚖️ Computing uniqueness weights for 9018 events... INFO
2025-12-14 11:57:59,046 - System.tprint - INFO - ℹ️ ⚖️ Computing uniqueness weights for 9018 events... INFO
[2025-12-14 11:57:59.062] ✅ Uniqueness weights computed. Mean: 1.0000, Min: 0.4375, Max: 1.3125 SUCCESS
2025-12-14 11:57:59,062 - System.tprint - INFO - ℹ️ ✅ Uniqueness weights computed. Mean: 1.0000, Min: 0.4375, Max: 1.3125 SUCCESS
[I 2025-12-14 11:58:00,042] Trial 124 finished with value: -0.004187414779364294 and parameters: {'trail_distance_atr_mult': 1.4493511392198515}. Best is trial 113 with value: -0.0008138621820101493.
[2025-12-14 11:58:03.750] ⚖️ Computing uniqueness weights for 9018 events... INFO
2025-12-14 11:58:03,750 - System.tprint - INFO - ℹ️ ⚖️ Computing uniqueness weights for 9018 events... INFO
[2025-12-14 11:58:03.763] ✅ Uniqueness weights computed. Mean: 1.0000, Min: 0.4377, Max: 1.3130 SUCCESS
2025-12-14 11:58:03,763 - System.tprint - INFO - ℹ️ ✅ Uniqueness weights computed. Mean: 1.0000, Min: 0.4377, Max: 1.3130 SUCCESS
[I 2025-12-14 11:58:04,635] Trial 125 finished with value: -0.005931942810580295 and parameters: {'trail_distance_atr_mult': 1.7695073216165402}. Best is trial 113 with value: -0.0008138621820101493.
[2025-12-14 11:58:06.091] ⚖️ Computing uniqueness weights for 9018 events... INFO
2025-12-14 11:58:06,091 - System.tprint - INFO - ℹ️ ⚖️ Computing uniqueness weights for 9018 events... INFO
[2025-12-14 11:58:06.102] ✅ Uniqueness weights computed. Mean: 1.0000, Min: 0.4375, Max: 1.3124 SUCCESS
2025-12-14 11:58:06,102 - System.tprint - INFO - ℹ️ ✅ Uniqueness weights computed. Mean: 1.0000, Min: 0.4375, Max: 1.3124 SUCCESS
[I 2025-12-14 11:58:07,148] Trial 126 finished with value: -0.000363295272717509 and parameters: {'trail_distance_atr_mult': 1.2726250711335145}. Best is trial 126 with value: -0.000363295272717509.
[2025-12-14 11:58:08.593] ⚖️ Computing uniqueness weights for 9018 events... INFO
2025-12-14 11:58:08,593 - System.tprint - INFO - ℹ️ ⚖️ Computing uniqueness weights for 9018 events... INFO
[2025-12-14 11:58:08.606] ✅ Uniqueness weights computed. Mean: 1.0000, Min: 0.4374, Max: 1.3121 SUCCESS
2025-12-14 11:58:08,606 - System.tprint - INFO - ℹ️ ✅ Uniqueness weights computed. Mean: 1.0000, Min: 0.4374, Max: 1.3121 SUCCESS
[I 2025-12-14 11:58:09,525] Trial 127 finished with value: -0.007701242271508586 and parameters: {'trail_distance_atr_mult': 1.157282804180885}. Best is trial 126 with value: -0.000363295272717509.
[2025-12-14 11:58:11.023] ⚖️ Computing uniqueness weights for 9018 events... INFO
2025-12-14 11:58:11,023 - System.tprint - INFO - ℹ️ ⚖️ Computing uniqueness weights for 9018 events... INFO
[2025-12-14 11:58:11.037] ✅ Uniqueness weights computed. Mean: 1.0000, Min: 0.4375, Max: 1.3124 SUCCESS
2025-12-14 11:58:11,037 - System.tprint - INFO - ℹ️ ✅ Uniqueness weights computed. Mean: 1.0000, Min: 0.4375, Max: 1.3124 SUCCESS
[I 2025-12-14 11:58:12,096] Trial 128 finished with value: -0.0032373667570242824 and parameters: {'trail_distance_atr_mult': 1.3481701903518848}. Best is trial 126 with value: -0.000363295272717509.
[2025-12-14 11:58:13.550] ⚖️ Computing uniqueness weights for 9018 events... INFO
2025-12-14 11:58:13,550 - System.tprint - INFO - ℹ️ ⚖️ Computing uniqueness weights for 9018 events... INFO
[2025-12-14 11:58:13.561] ✅ Uniqueness weights computed. Mean: 1.0000, Min: 0.4375, Max: 1.3125 SUCCESS
2025-12-14 11:58:13,561 - System.tprint - INFO - ℹ️ ✅ Uniqueness weights computed. Mean: 1.0000, Min: 0.4375, Max: 1.3125 SUCCESS
[I 2025-12-14 11:58:14,467] Trial 129 finished with value: -0.004014227612037064 and parameters: {'trail_distance_atr_mult': 1.4063189332089479}. Best is trial 126 with value: -0.000363295272717509.
[2025-12-14 11:58:15.980] ⚖️ Computing uniqueness weights for 9018 events... INFO
2025-12-14 11:58:15,980 - System.tprint - INFO - ℹ️ ⚖️ Computing uniqueness weights for 9018 events... INFO
[2025-12-14 11:58:15.993] ✅ Uniqueness weights computed. Mean: 1.0000, Min: 0.4373, Max: 1.3120 SUCCESS
2025-12-14 11:58:15,993 - System.tprint - INFO - ℹ️ ✅ Uniqueness weights computed. Mean: 1.0000, Min: 0.4373, Max: 1.3120 SUCCESS
[I 2025-12-14 11:58:16,949] Trial 130 finished with value: -0.007527247412532689 and parameters: {'trail_distance_atr_mult': 1.0555932759570912}. Best is trial 126 with value: -0.000363295272717509.
[2025-12-14 11:58:18.535] ⚖️ Computing uniqueness weights for 9018 events... INFO
2025-12-14 11:58:18,535 - System.tprint - INFO - ℹ️ ⚖️ Computing uniqueness weights for 9018 events... INFO
[2025-12-14 11:58:18.547] ✅ Uniqueness weights computed. Mean: 1.0000, Min: 0.4375, Max: 1.3126 SUCCESS
2025-12-14 11:58:18,548 - System.tprint - INFO - ℹ️ ✅ Uniqueness weights computed. Mean: 1.0000, Min: 0.4375, Max: 1.3126 SUCCESS
[I 2025-12-14 11:58:19,532] Trial 131 finished with value: -0.0033266458164201125 and parameters: {'trail_distance_atr_mult': 1.5158693832217307}. Best is trial 126 with value: -0.000363295272717509.
[2025-12-14 11:58:21.188] ⚖️ Computing uniqueness weights for 9018 events... INFO
2025-12-14 11:58:21,189 - System.tprint - INFO - ℹ️ ⚖️ Computing uniqueness weights for 9018 events... INFO
[2025-12-14 11:58:21.200] ✅ Uniqueness weights computed. Mean: 1.0000, Min: 0.4375, Max: 1.3124 SUCCESS
2025-12-14 11:58:21,200 - System.tprint - INFO - ℹ️ ✅ Uniqueness weights computed. Mean: 1.0000, Min: 0.4375, Max: 1.3124 SUCCESS
[I 2025-12-14 11:58:22,529] Trial 132 finished with value: -0.004691962473767894 and parameters: {'trail_distance_atr_mult': 1.308684037910944}. Best is trial 126 with value: -0.000363295272717509.
[2025-12-14 11:58:25.759] ⚖️ Computing uniqueness weights for 9018 events... INFO
2025-12-14 11:58:25,760 - System.tprint - INFO - ℹ️ ⚖️ Computing uniqueness weights for 9018 events... INFO
[2025-12-14 11:58:25.774] ✅ Uniqueness weights computed. Mean: 1.0000, Min: 0.4377, Max: 1.3131 SUCCESS
2025-12-14 11:58:25,774 - System.tprint - INFO - ℹ️ ✅ Uniqueness weights computed. Mean: 1.0000, Min: 0.4377, Max: 1.3131 SUCCESS
[I 2025-12-14 11:58:26,919] Trial 133 finished with value: -0.007302643023570646 and parameters: {'trail_distance_atr_mult': 1.8194095991596182}. Best is trial 126 with value: -0.000363295272717509.
[2025-12-14 11:58:30.972] ⚖️ Computing uniqueness weights for 9018 events... INFO
2025-12-14 11:58:30,972 - System.tprint - INFO - ℹ️ ⚖️ Computing uniqueness weights for 9018 events... INFO
[2025-12-14 11:58:30.989] ✅ Uniqueness weights computed. Mean: 1.0000, Min: 0.4376, Max: 1.3127 SUCCESS
2025-12-14 11:58:30,990 - System.tprint - INFO - ℹ️ ✅ Uniqueness weights computed. Mean: 1.0000, Min: 0.4376, Max: 1.3127 SUCCESS
[I 2025-12-14 11:58:32,489] Trial 134 finished with value: -0.004195673941255837 and parameters: {'trail_distance_atr_mult': 1.6119671519421999}. Best is trial 126 with value: -0.000363295272717509.
[2025-12-14 11:58:35.344] ⚖️ Computing uniqueness weights for 9018 events... INFO
2025-12-14 11:58:35,344 - System.tprint - INFO - ℹ️ ⚖️ Computing uniqueness weights for 9018 events... INFO
[2025-12-14 11:58:35.360] ✅ Uniqueness weights computed. Mean: 1.0000, Min: 0.4375, Max: 1.3126 SUCCESS
2025-12-14 11:58:35,360 - System.tprint - INFO - ℹ️ ✅ Uniqueness weights computed. Mean: 1.0000, Min: 0.4375, Max: 1.3126 SUCCESS
[I 2025-12-14 11:58:36,633] Trial 135 finished with value: -0.0022709192827992165 and parameters: {'trail_distance_atr_mult': 1.565911644693333}. Best is trial 126 with value: -0.000363295272717509.
[2025-12-14 11:58:39.814] ⚖️ Computing uniqueness weights for 9018 events... INFO
2025-12-14 11:58:39,815 - System.tprint - INFO - ℹ️ ⚖️ Computing uniqueness weights for 9018 events... INFO
[2025-12-14 11:58:39.850] ✅ Uniqueness weights computed. Mean: 1.0000, Min: 0.4375, Max: 1.3126 SUCCESS
2025-12-14 11:58:39,850 - System.tprint - INFO - ℹ️ ✅ Uniqueness weights computed. Mean: 1.0000, Min: 0.4375, Max: 1.3126 SUCCESS
[I 2025-12-14 11:58:41,440] Trial 136 finished with value: -0.0028755660564616023 and parameters: {'trail_distance_atr_mult': 1.543893816341193}. Best is trial 126 with value: -0.000363295272717509.
[2025-12-14 11:58:43.610] ⚖️ Computing uniqueness weights for 9018 events... INFO
2025-12-14 11:58:43,610 - System.tprint - INFO - ℹ️ ⚖️ Computing uniqueness weights for 9018 events... INFO
[2025-12-14 11:58:43.632] ✅ Uniqueness weights computed. Mean: 1.0000, Min: 0.4375, Max: 1.3124 SUCCESS
2025-12-14 11:58:43,633 - System.tprint - INFO - ℹ️ ✅ Uniqueness weights computed. Mean: 1.0000, Min: 0.4375, Max: 1.3124 SUCCESS
[I 2025-12-14 11:58:44,778] Trial 137 finished with value: -0.0046838257441643 and parameters: {'trail_distance_atr_mult': 1.2919621788052953}. Best is trial 126 with value: -0.000363295272717509.
[2025-12-14 11:58:47.005] ⚖️ Computing uniqueness weights for 9018 events... INFO
2025-12-14 11:58:47,006 - System.tprint - INFO - ℹ️ ⚖️ Computing uniqueness weights for 9018 events... INFO
[2025-12-14 11:58:47.019] ✅ Uniqueness weights computed. Mean: 1.0000, Min: 0.4376, Max: 1.3128 SUCCESS
2025-12-14 11:58:47,019 - System.tprint - INFO - ℹ️ ✅ Uniqueness weights computed. Mean: 1.0000, Min: 0.4376, Max: 1.3128 SUCCESS
[I 2025-12-14 11:58:47,977] Trial 138 finished with value: -0.006464443858606708 and parameters: {'trail_distance_atr_mult': 1.623248409865436}. Best is trial 126 with value: -0.000363295272717509.
[2025-12-14 11:58:50.609] ⚖️ Computing uniqueness weights for 9018 events... INFO
2025-12-14 11:58:50,609 - System.tprint - INFO - ℹ️ ⚖️ Computing uniqueness weights for 9018 events... INFO
[2025-12-14 11:58:50.632] ✅ Uniqueness weights computed. Mean: 1.0000, Min: 0.4373, Max: 1.3120 SUCCESS
2025-12-14 11:58:50,632 - System.tprint - INFO - ℹ️ ✅ Uniqueness weights computed. Mean: 1.0000, Min: 0.4373, Max: 1.3120 SUCCESS
[I 2025-12-14 11:58:53,658] Trial 139 finished with value: -0.007658091205356773 and parameters: {'trail_distance_atr_mult': 1.113052869561458}. Best is trial 126 with value: -0.000363295272717509.
[2025-12-14 11:58:56.362] ⚖️ Computing uniqueness weights for 9018 events... INFO
2025-12-14 11:58:56,362 - System.tprint - INFO - ℹ️ ⚖️ Computing uniqueness weights for 9018 events... INFO
[2025-12-14 11:58:56.383] ✅ Uniqueness weights computed. Mean: 1.0000, Min: 0.4375, Max: 1.3126 SUCCESS
2025-12-14 11:58:56,383 - System.tprint - INFO - ℹ️ ✅ Uniqueness weights computed. Mean: 1.0000, Min: 0.4375, Max: 1.3126 SUCCESS
