[I 2025-12-14 12:46:37,375] Trial 1294 finished with value: -0.007527250545514467 and parameters: {'trail_distance_atr_mult': 1.0581894264063887}. Best is trial 126 with value: -0.000363295272717509.
[2025-12-14 12:46:38.745] ⚖️ Computing uniqueness weights for 9018 events... INFO
2025-12-14 12:46:38,745 - System.tprint - INFO - ℹ️ ⚖️ Computing uniqueness weights for 9018 events... INFO
[2025-12-14 12:46:38.757] ✅ Uniqueness weights computed. Mean: 1.0000, Min: 0.4373, Max: 1.3118 SUCCESS
2025-12-14 12:46:38,757 - System.tprint - INFO - ℹ️ ✅ Uniqueness weights computed. Mean: 1.0000, Min: 0.4373, Max: 1.3118 SUCCESS
[I 2025-12-14 12:46:39,568] Trial 1295 finished with value: -0.006681162635842598 and parameters: {'trail_distance_atr_mult': 0.8663989078697317}. Best is trial 126 with value: -0.000363295272717509.
[2025-12-14 12:46:40.777] ⚖️ Computing uniqueness weights for 9018 events... INFO
2025-12-14 12:46:40,777 - System.tprint - INFO - ℹ️ ⚖️ Computing uniqueness weights for 9018 events... INFO
[2025-12-14 12:46:40.787] ✅ Uniqueness weights computed. Mean: 1.0000, Min: 0.4373, Max: 1.3119 SUCCESS
2025-12-14 12:46:40,787 - System.tprint - INFO - ℹ️ ✅ Uniqueness weights computed. Mean: 1.0000, Min: 0.4373, Max: 1.3119 SUCCESS
[I 2025-12-14 12:46:41,424] Trial 1296 finished with value: -0.007527241940858467 and parameters: {'trail_distance_atr_mult': 1.0510415684884424}. Best is trial 126 with value: -0.000363295272717509.
[2025-12-14 12:46:42.625] ⚖️ Computing uniqueness weights for 9018 events... INFO
2025-12-14 12:46:42,625 - System.tprint - INFO - ℹ️ ⚖️ Computing uniqueness weights for 9018 events... INFO
[2025-12-14 12:46:42.635] ✅ Uniqueness weights computed. Mean: 1.0000, Min: 0.4373, Max: 1.3120 SUCCESS
2025-12-14 12:46:42,635 - System.tprint - INFO - ℹ️ ✅ Uniqueness weights computed. Mean: 1.0000, Min: 0.4373, Max: 1.3120 SUCCESS
[I 2025-12-14 12:46:43,273] Trial 1297 finished with value: -0.0015839331531262483 and parameters: {'trail_distance_atr_mult': 1.0854295200268513}. Best is trial 126 with value: -0.000363295272717509.
[2025-12-14 12:46:44.470] ⚖️ Computing uniqueness weights for 9018 events... INFO
2025-12-14 12:46:44,471 - System.tprint - INFO - ℹ️ ⚖️ Computing uniqueness weights for 9018 events... INFO
[2025-12-14 12:46:44.480] ✅ Uniqueness weights computed. Mean: 1.0000, Min: 0.4373, Max: 1.3118 SUCCESS
2025-12-14 12:46:44,480 - System.tprint - INFO - ℹ️ ✅ Uniqueness weights computed. Mean: 1.0000, Min: 0.4373, Max: 1.3118 SUCCESS
[I 2025-12-14 12:46:45,120] Trial 1298 finished with value: -0.00668110269683102 and parameters: {'trail_distance_atr_mult': 0.8801572597223193}. Best is trial 126 with value: -0.000363295272717509.
[2025-12-14 12:46:46.320] ⚖️ Computing uniqueness weights for 9018 events... INFO
2025-12-14 12:46:46,320 - System.tprint - INFO - ℹ️ ⚖️ Computing uniqueness weights for 9018 events... INFO
[2025-12-14 12:46:46.329] ✅ Uniqueness weights computed. Mean: 1.0000, Min: 0.4373, Max: 1.3120 SUCCESS
2025-12-14 12:46:46,329 - System.tprint - INFO - ℹ️ ✅ Uniqueness weights computed. Mean: 1.0000, Min: 0.4373, Max: 1.3120 SUCCESS
[I 2025-12-14 12:46:46,977] Trial 1299 finished with value: -0.007527257885952008 and parameters: {'trail_distance_atr_mult': 1.0643013140559838}. Best is trial 126 with value: -0.000363295272717509.
[2025-12-14 12:46:48.164] ⚖️ Computing uniqueness weights for 9018 events... INFO
2025-12-14 12:46:48,164 - System.tprint - INFO - ℹ️ ⚖️ Computing uniqueness weights for 9018 events... INFO
[2025-12-14 12:46:48.174] ✅ Uniqueness weights computed. Mean: 1.0000, Min: 0.4373, Max: 1.3120 SUCCESS
2025-12-14 12:46:48,174 - System.tprint - INFO - ℹ️ ✅ Uniqueness weights computed. Mean: 1.0000, Min: 0.4373, Max: 1.3120 SUCCESS
[I 2025-12-14 12:46:48,809] Trial 1300 finished with value: -0.007527268328150845 and parameters: {'trail_distance_atr_mult': 1.0730409993683576}. Best is trial 126 with value: -0.000363295272717509.
[2025-12-14 12:46:50.008] ⚖️ Computing uniqueness weights for 9018 events... INFO
2025-12-14 12:46:50,008 - System.tprint - INFO - ℹ️ ⚖️ Computing uniqueness weights for 9018 events... INFO
[2025-12-14 12:46:50.017] ✅ Uniqueness weights computed. Mean: 1.0000, Min: 0.4373, Max: 1.3118 SUCCESS
2025-12-14 12:46:50,017 - System.tprint - INFO - ℹ️ ✅ Uniqueness weights computed. Mean: 1.0000, Min: 0.4373, Max: 1.3118 SUCCESS
[I 2025-12-14 12:46:50,658] Trial 1301 finished with value: -0.006721073564318958 and parameters: {'trail_distance_atr_mult': 0.8975658645192189}. Best is trial 126 with value: -0.000363295272717509.
[2025-12-14 12:46:51.861] ⚖️ Computing uniqueness weights for 9018 events... INFO
2025-12-14 12:46:51,862 - System.tprint - INFO - ℹ️ ⚖️ Computing uniqueness weights for 9018 events... INFO
[2025-12-14 12:46:51.871] ✅ Uniqueness weights computed. Mean: 1.0000, Min: 0.4373, Max: 1.3120 SUCCESS
2025-12-14 12:46:51,871 - System.tprint - INFO - ℹ️ ✅ Uniqueness weights computed. Mean: 1.0000, Min: 0.4373, Max: 1.3120 SUCCESS
[I 2025-12-14 12:46:52,512] Trial 1302 finished with value: -0.007527259206425724 and parameters: {'trail_distance_atr_mult': 1.0653063062130124}. Best is trial 126 with value: -0.000363295272717509.
[2025-12-14 12:46:53.676] ⚖️ Computing uniqueness weights for 9018 events... INFO
2025-12-14 12:46:53,676 - System.tprint - INFO - ℹ️ ⚖️ Computing uniqueness weights for 9018 events... INFO
[2025-12-14 12:46:53.686] ✅ Uniqueness weights computed. Mean: 1.0000, Min: 0.4373, Max: 1.3120 SUCCESS
2025-12-14 12:46:53,686 - System.tprint - INFO - ℹ️ ✅ Uniqueness weights computed. Mean: 1.0000, Min: 0.4373, Max: 1.3120 SUCCESS
[I 2025-12-14 12:46:54,372] Trial 1303 finished with value: -0.007527251030242785 and parameters: {'trail_distance_atr_mult': 1.0586442213112275}. Best is trial 126 with value: -0.000363295272717509.
[2025-12-14 12:46:55.584] ⚖️ Computing uniqueness weights for 9018 events... INFO
2025-12-14 12:46:55,584 - System.tprint - INFO - ℹ️ ⚖️ Computing uniqueness weights for 9018 events... INFO
[2025-12-14 12:46:55.595] ✅ Uniqueness weights computed. Mean: 1.0000, Min: 0.4373, Max: 1.3120 SUCCESS
2025-12-14 12:46:55,595 - System.tprint - INFO - ℹ️ ✅ Uniqueness weights computed. Mean: 1.0000, Min: 0.4373, Max: 1.3120 SUCCESS
[I 2025-12-14 12:46:56,232] Trial 1304 finished with value: -0.007527259628266464 and parameters: {'trail_distance_atr_mult': 1.0656537837701057}. Best is trial 126 with value: -0.000363295272717509.
[2025-12-14 12:46:57.437] ⚖️ Computing uniqueness weights for 9018 events... INFO
2025-12-14 12:46:57,438 - System.tprint - INFO - ℹ️ ⚖️ Computing uniqueness weights for 9018 events... INFO
[2025-12-14 12:46:57.448] ✅ Uniqueness weights computed. Mean: 1.0000, Min: 0.4373, Max: 1.3120 SUCCESS
2025-12-14 12:46:57,448 - System.tprint - INFO - ℹ️ ✅ Uniqueness weights computed. Mean: 1.0000, Min: 0.4373, Max: 1.3120 SUCCESS
[I 2025-12-14 12:46:58,088] Trial 1305 finished with value: -0.0008138615955773224 and parameters: {'trail_distance_atr_mult': 1.0943169474966103}. Best is trial 126 with value: -0.000363295272717509.
[2025-12-14 12:46:59.295] ⚖️ Computing uniqueness weights for 9018 events... INFO
2025-12-14 12:46:59,296 - System.tprint - INFO - ℹ️ ⚖️ Computing uniqueness weights for 9018 events... INFO
[2025-12-14 12:46:59.305] ✅ Uniqueness weights computed. Mean: 1.0000, Min: 0.4373, Max: 1.3118 SUCCESS
2025-12-14 12:46:59,305 - System.tprint - INFO - ℹ️ ✅ Uniqueness weights computed. Mean: 1.0000, Min: 0.4373, Max: 1.3118 SUCCESS
[I 2025-12-14 12:46:59,954] Trial 1306 finished with value: -0.006804534929488161 and parameters: {'trail_distance_atr_mult': 0.8356724155632049}. Best is trial 126 with value: -0.000363295272717509.
[2025-12-14 12:47:01.141] ⚖️ Computing uniqueness weights for 9018 events... INFO
2025-12-14 12:47:01,141 - System.tprint - INFO - ℹ️ ⚖️ Computing uniqueness weights for 9018 events... INFO
[2025-12-14 12:47:01.150] ✅ Uniqueness weights computed. Mean: 1.0000, Min: 0.4373, Max: 1.3118 SUCCESS
2025-12-14 12:47:01,150 - System.tprint - INFO - ℹ️ ✅ Uniqueness weights computed. Mean: 1.0000, Min: 0.4373, Max: 1.3118 SUCCESS
[I 2025-12-14 12:47:01,787] Trial 1307 finished with value: -0.006721221726038803 and parameters: {'trail_distance_atr_mult': 0.9076291111588155}. Best is trial 126 with value: -0.000363295272717509.
[2025-12-14 12:47:02.981] ⚖️ Computing uniqueness weights for 9018 events... INFO
2025-12-14 12:47:02,981 - System.tprint - INFO - ℹ️ ⚖️ Computing uniqueness weights for 9018 events... INFO
[2025-12-14 12:47:02.991] ✅ Uniqueness weights computed. Mean: 1.0000, Min: 0.4373, Max: 1.3120 SUCCESS
2025-12-14 12:47:02,991 - System.tprint - INFO - ℹ️ ✅ Uniqueness weights computed. Mean: 1.0000, Min: 0.4373, Max: 1.3120 SUCCESS
[I 2025-12-14 12:47:03,629] Trial 1308 finished with value: -0.0008138615259143486 and parameters: {'trail_distance_atr_mult': 1.095131468140853}. Best is trial 126 with value: -0.000363295272717509.
[2025-12-14 12:47:04.836] ⚖️ Computing uniqueness weights for 9018 events... INFO
2025-12-14 12:47:04,837 - System.tprint - INFO - ℹ️ ⚖️ Computing uniqueness weights for 9018 events... INFO
[2025-12-14 12:47:04.847] ✅ Uniqueness weights computed. Mean: 1.0000, Min: 0.4373, Max: 1.3118 SUCCESS
2025-12-14 12:47:04,847 - System.tprint - INFO - ℹ️ ✅ Uniqueness weights computed. Mean: 1.0000, Min: 0.4373, Max: 1.3118 SUCCESS
[I 2025-12-14 12:47:05,496] Trial 1309 finished with value: -0.006888964554016272 and parameters: {'trail_distance_atr_mult': 0.9252770391126499}. Best is trial 126 with value: -0.000363295272717509.
[2025-12-14 12:47:06.717] ⚖️ Computing uniqueness weights for 9018 events... INFO
2025-12-14 12:47:06,718 - System.tprint - INFO - ℹ️ ⚖️ Computing uniqueness weights for 9018 events... INFO
[2025-12-14 12:47:06.728] ✅ Uniqueness weights computed. Mean: 1.0000, Min: 0.4373, Max: 1.3120 SUCCESS
2025-12-14 12:47:06,728 - System.tprint - INFO - ℹ️ ✅ Uniqueness weights computed. Mean: 1.0000, Min: 0.4373, Max: 1.3120 SUCCESS
[I 2025-12-14 12:47:07,358] Trial 1310 finished with value: -0.007527249513117821 and parameters: {'trail_distance_atr_mult': 1.0572830719873827}. Best is trial 126 with value: -0.000363295272717509.
[2025-12-14 12:47:08.562] ⚖️ Computing uniqueness weights for 9018 events... INFO
2025-12-14 12:47:08,562 - System.tprint - INFO - ℹ️ ⚖️ Computing uniqueness weights for 9018 events... INFO
[2025-12-14 12:47:08.572] ✅ Uniqueness weights computed. Mean: 1.0000, Min: 0.4373, Max: 1.3120 SUCCESS
2025-12-14 12:47:08,572 - System.tprint - INFO - ℹ️ ✅ Uniqueness weights computed. Mean: 1.0000, Min: 0.4373, Max: 1.3120 SUCCESS
[I 2025-12-14 12:47:09,215] Trial 1311 finished with value: -0.007527268148131832 and parameters: {'trail_distance_atr_mult': 1.0742603082850968}. Best is trial 126 with value: -0.000363295272717509.
[2025-12-14 12:47:10.422] ⚖️ Computing uniqueness weights for 9018 events... INFO
2025-12-14 12:47:10,422 - System.tprint - INFO - ℹ️ ⚖️ Computing uniqueness weights for 9018 events... INFO
[2025-12-14 12:47:10.431] ✅ Uniqueness weights computed. Mean: 1.0000, Min: 0.4373, Max: 1.3120 SUCCESS
2025-12-14 12:47:10,431 - System.tprint - INFO - ℹ️ ✅ Uniqueness weights computed. Mean: 1.0000, Min: 0.4373, Max: 1.3120 SUCCESS
[I 2025-12-14 12:47:11,066] Trial 1312 finished with value: -0.007527254879994373 and parameters: {'trail_distance_atr_mult': 1.061754202097928}. Best is trial 126 with value: -0.000363295272717509.
[2025-12-14 12:47:12.277] ⚖️ Computing uniqueness weights for 9018 events... INFO
2025-12-14 12:47:12,277 - System.tprint - INFO - ℹ️ ⚖️ Computing uniqueness weights for 9018 events... INFO
[2025-12-14 12:47:12.287] ✅ Uniqueness weights computed. Mean: 1.0000, Min: 0.4373, Max: 1.3118 SUCCESS
2025-12-14 12:47:12,287 - System.tprint - INFO - ℹ️ ✅ Uniqueness weights computed. Mean: 1.0000, Min: 0.4373, Max: 1.3118 SUCCESS
[I 2025-12-14 12:47:12,921] Trial 1313 finished with value: -0.00672120918215611 and parameters: {'trail_distance_atr_mult': 0.9061525957935581}. Best is trial 126 with value: -0.000363295272717509.
[2025-12-14 12:47:14.146] ⚖️ Computing uniqueness weights for 9018 events... INFO
2025-12-14 12:47:14,146 - System.tprint - INFO - ℹ️ ⚖️ Computing uniqueness weights for 9018 events... INFO
[2025-12-14 12:47:14.156] ✅ Uniqueness weights computed. Mean: 1.0000, Min: 0.4373, Max: 1.3120 SUCCESS
2025-12-14 12:47:14,156 - System.tprint - INFO - ℹ️ ✅ Uniqueness weights computed. Mean: 1.0000, Min: 0.4373, Max: 1.3120 SUCCESS
[I 2025-12-14 12:47:14,792] Trial 1314 finished with value: -0.00765810313101914 and parameters: {'trail_distance_atr_mult': 1.1060638905817914}. Best is trial 126 with value: -0.000363295272717509.
[2025-12-14 12:47:16.012] ⚖️ Computing uniqueness weights for 9018 events... INFO
2025-12-14 12:47:16,012 - System.tprint - INFO - ℹ️ ⚖️ Computing uniqueness weights for 9018 events... INFO
[2025-12-14 12:47:16.022] ✅ Uniqueness weights computed. Mean: 1.0000, Min: 0.4372, Max: 1.3117 SUCCESS
2025-12-14 12:47:16,022 - System.tprint - INFO - ℹ️ ✅ Uniqueness weights computed. Mean: 1.0000, Min: 0.4372, Max: 1.3117 SUCCESS
[I 2025-12-14 12:47:16,655] Trial 1315 finished with value: -0.007479331783459741 and parameters: {'trail_distance_atr_mult': 0.719809307429978}. Best is trial 126 with value: -0.000363295272717509.
[2025-12-14 12:47:17.864] ⚖️ Computing uniqueness weights for 9018 events... INFO
2025-12-14 12:47:17,865 - System.tprint - INFO - ℹ️ ⚖️ Computing uniqueness weights for 9018 events... INFO
[2025-12-14 12:47:17.874] ✅ Uniqueness weights computed. Mean: 1.0000, Min: 0.4373, Max: 1.3120 SUCCESS
2025-12-14 12:47:17,874 - System.tprint - INFO - ℹ️ ✅ Uniqueness weights computed. Mean: 1.0000, Min: 0.4373, Max: 1.3120 SUCCESS
[I 2025-12-14 12:47:18,509] Trial 1316 finished with value: -0.007527261724292014 and parameters: {'trail_distance_atr_mult': 1.0673860295366318}. Best is trial 126 with value: -0.000363295272717509.
[2025-12-14 12:47:19.709] ⚖️ Computing uniqueness weights for 9018 events... INFO
2025-12-14 12:47:19,711 - System.tprint - INFO - ℹ️ ⚖️ Computing uniqueness weights for 9018 events... INFO
[2025-12-14 12:47:19.722] ✅ Uniqueness weights computed. Mean: 1.0000, Min: 0.4373, Max: 1.3120 SUCCESS
2025-12-14 12:47:19,722 - System.tprint - INFO - ℹ️ ✅ Uniqueness weights computed. Mean: 1.0000, Min: 0.4373, Max: 1.3120 SUCCESS
[I 2025-12-14 12:47:20,366] Trial 1317 finished with value: -0.0008138616338816502 and parameters: {'trail_distance_atr_mult': 1.0937754424967863}. Best is trial 126 with value: -0.000363295272717509.
[2025-12-14 12:47:21.574] ⚖️ Computing uniqueness weights for 9018 events... INFO
2025-12-14 12:47:21,574 - System.tprint - INFO - ℹ️ ⚖️ Computing uniqueness weights for 9018 events... INFO
[2025-12-14 12:47:21.584] ✅ Uniqueness weights computed. Mean: 1.0000, Min: 0.4373, Max: 1.3120 SUCCESS
2025-12-14 12:47:21,584 - System.tprint - INFO - ℹ️ ✅ Uniqueness weights computed. Mean: 1.0000, Min: 0.4373, Max: 1.3120 SUCCESS
[I 2025-12-14 12:47:22,222] Trial 1318 finished with value: -0.0075272559033402785 and parameters: {'trail_distance_atr_mult': 1.062591739553816}. Best is trial 126 with value: -0.000363295272717509.
[2025-12-14 12:47:23.425] ⚖️ Computing uniqueness weights for 9018 events... INFO
2025-12-14 12:47:23,425 - System.tprint - INFO - ℹ️ ⚖️ Computing uniqueness weights for 9018 events... INFO
[2025-12-14 12:47:23.435] ✅ Uniqueness weights computed. Mean: 1.0000, Min: 0.4373, Max: 1.3118 SUCCESS
2025-12-14 12:47:23,435 - System.tprint - INFO - ℹ️ ✅ Uniqueness weights computed. Mean: 1.0000, Min: 0.4373, Max: 1.3118 SUCCESS
[I 2025-12-14 12:47:24,070] Trial 1319 finished with value: -0.0067784160234762485 and parameters: {'trail_distance_atr_mult': 0.9498994343506193}. Best is trial 126 with value: -0.000363295272717509.
[2025-12-14 12:47:25.286] ⚖️ Computing uniqueness weights for 9018 events... INFO
2025-12-14 12:47:25,286 - System.tprint - INFO - ℹ️ ⚖️ Computing uniqueness weights for 9018 events... INFO
[2025-12-14 12:47:25.297] ✅ Uniqueness weights computed. Mean: 1.0000, Min: 0.4373, Max: 1.3120 SUCCESS
2025-12-14 12:47:25,297 - System.tprint - INFO - ℹ️ ✅ Uniqueness weights computed. Mean: 1.0000, Min: 0.4373, Max: 1.3120 SUCCESS
[I 2025-12-14 12:47:25,954] Trial 1320 finished with value: -0.0008138616877684438 and parameters: {'trail_distance_atr_mult': 1.0930183888310767}. Best is trial 126 with value: -0.000363295272717509.
[2025-12-14 12:47:27.171] ⚖️ Computing uniqueness weights for 9018 events... INFO
2025-12-14 12:47:27,171 - System.tprint - INFO - ℹ️ ⚖️ Computing uniqueness weights for 9018 events... INFO
[2025-12-14 12:47:27.181] ✅ Uniqueness weights computed. Mean: 1.0000, Min: 0.4373, Max: 1.3118 SUCCESS
2025-12-14 12:47:27,181 - System.tprint - INFO - ℹ️ ✅ Uniqueness weights computed. Mean: 1.0000, Min: 0.4373, Max: 1.3118 SUCCESS
[I 2025-12-14 12:47:27,818] Trial 1321 finished with value: -0.006721185020340322 and parameters: {'trail_distance_atr_mult': 0.9032644682211833}. Best is trial 126 with value: -0.000363295272717509.
[2025-12-14 12:47:29.014] ⚖️ Computing uniqueness weights for 9018 events... INFO
2025-12-14 12:47:29,014 - System.tprint - INFO - ℹ️ ⚖️ Computing uniqueness weights for 9018 events... INFO
[2025-12-14 12:47:29.023] ✅ Uniqueness weights computed. Mean: 1.0000, Min: 0.4373, Max: 1.3120 SUCCESS
2025-12-14 12:47:29,023 - System.tprint - INFO - ℹ️ ✅ Uniqueness weights computed. Mean: 1.0000, Min: 0.4373, Max: 1.3120 SUCCESS
[I 2025-12-14 12:47:29,715] Trial 1322 finished with value: -0.007527267817553634 and parameters: {'trail_distance_atr_mult': 1.0753165085611598}. Best is trial 126 with value: -0.000363295272717509.
[2025-12-14 12:47:30.932] ⚖️ Computing uniqueness weights for 9018 events... INFO
2025-12-14 12:47:30,932 - System.tprint - INFO - ℹ️ ⚖️ Computing uniqueness weights for 9018 events... INFO
[2025-12-14 12:47:30.941] ✅ Uniqueness weights computed. Mean: 1.0000, Min: 0.4373, Max: 1.3118 SUCCESS
2025-12-14 12:47:30,941 - System.tprint - INFO - ℹ️ ✅ Uniqueness weights computed. Mean: 1.0000, Min: 0.4373, Max: 1.3118 SUCCESS
[I 2025-12-14 12:47:31,586] Trial 1323 finished with value: -0.006716226548121389 and parameters: {'trail_distance_atr_mult': 0.8941863394044007}. Best is trial 126 with value: -0.000363295272717509.
[2025-12-14 12:47:32.809] ⚖️ Computing uniqueness weights for 9018 events... INFO
2025-12-14 12:47:32,809 - System.tprint - INFO - ℹ️ ⚖️ Computing uniqueness weights for 9018 events... INFO
[2025-12-14 12:47:32.819] ✅ Uniqueness weights computed. Mean: 1.0000, Min: 0.4373, Max: 1.3120 SUCCESS
2025-12-14 12:47:32,819 - System.tprint - INFO - ℹ️ ✅ Uniqueness weights computed. Mean: 1.0000, Min: 0.4373, Max: 1.3120 SUCCESS
[I 2025-12-14 12:47:33,457] Trial 1324 finished with value: -0.007527254790792784 and parameters: {'trail_distance_atr_mult': 1.0616756222617438}. Best is trial 126 with value: -0.000363295272717509.
[2025-12-14 12:47:34.657] ⚖️ Computing uniqueness weights for 9018 events... INFO
2025-12-14 12:47:34,657 - System.tprint - INFO - ℹ️ ⚖️ Computing uniqueness weights for 9018 events... INFO
[2025-12-14 12:47:34.667] ✅ Uniqueness weights computed. Mean: 1.0000, Min: 0.4373, Max: 1.3120 SUCCESS
2025-12-14 12:47:34,667 - System.tprint - INFO - ℹ️ ✅ Uniqueness weights computed. Mean: 1.0000, Min: 0.4373, Max: 1.3120 SUCCESS
[I 2025-12-14 12:47:35,302] Trial 1325 finished with value: -0.0008138616668967177 and parameters: {'trail_distance_atr_mult': 1.0934356294555903}. Best is trial 126 with value: -0.000363295272717509.
[2025-12-14 12:47:36.496] ⚖️ Computing uniqueness weights for 9018 events... INFO
2025-12-14 12:47:36,497 - System.tprint - INFO - ℹ️ ⚖️ Computing uniqueness weights for 9018 events... INFO
[2025-12-14 12:47:36.506] ✅ Uniqueness weights computed. Mean: 1.0000, Min: 0.4373, Max: 1.3118 SUCCESS
2025-12-14 12:47:36,506 - System.tprint - INFO - ℹ️ ✅ Uniqueness weights computed. Mean: 1.0000, Min: 0.4373, Max: 1.3118 SUCCESS
[I 2025-12-14 12:47:37,142] Trial 1326 finished with value: -0.006721236321717968 and parameters: {'trail_distance_atr_mult': 0.9092412285841772}. Best is trial 126 with value: -0.000363295272717509.
[2025-12-14 12:47:38.354] ⚖️ Computing uniqueness weights for 9018 events... INFO
2025-12-14 12:47:38,354 - System.tprint - INFO - ℹ️ ⚖️ Computing uniqueness weights for 9018 events... INFO
[2025-12-14 12:47:38.364] ✅ Uniqueness weights computed. Mean: 1.0000, Min: 0.4373, Max: 1.3120 SUCCESS
2025-12-14 12:47:38,364 - System.tprint - INFO - ℹ️ ✅ Uniqueness weights computed. Mean: 1.0000, Min: 0.4373, Max: 1.3120 SUCCESS
[I 2025-12-14 12:47:39,000] Trial 1327 finished with value: -0.007527265144300315 and parameters: {'trail_distance_atr_mult': 1.0702112041122318}. Best is trial 126 with value: -0.000363295272717509.
[2025-12-14 12:47:40.225] ⚖️ Computing uniqueness weights for 9018 events... INFO
2025-12-14 12:47:40,226 - System.tprint - INFO - ℹ️ ⚖️ Computing uniqueness weights for 9018 events... INFO
[2025-12-14 12:47:40.235] ✅ Uniqueness weights computed. Mean: 1.0000, Min: 0.4373, Max: 1.3120 SUCCESS
2025-12-14 12:47:40,235 - System.tprint - INFO - ℹ️ ✅ Uniqueness weights computed. Mean: 1.0000, Min: 0.4373, Max: 1.3120 SUCCESS
[I 2025-12-14 12:47:40,871] Trial 1328 finished with value: -0.007527252561440206 and parameters: {'trail_distance_atr_mult': 1.0597900356426677}. Best is trial 126 with value: -0.000363295272717509.
[2025-12-14 12:47:42.078] ⚖️ Computing uniqueness weights for 9018 events... INFO
2025-12-14 12:47:42,078 - System.tprint - INFO - ℹ️ ⚖️ Computing uniqueness weights for 9018 events... INFO
[2025-12-14 12:47:42.088] ✅ Uniqueness weights computed. Mean: 1.0000, Min: 0.4373, Max: 1.3118 SUCCESS
2025-12-14 12:47:42,088 - System.tprint - INFO - ℹ️ ✅ Uniqueness weights computed. Mean: 1.0000, Min: 0.4373, Max: 1.3118 SUCCESS
