2025-12-14 11:34:55,950 - numexpr.utils - INFO - ℹ️ NumExpr defaulting to 8 threads.
2025-12-14 11:34:56,275 - DataQualityFramework - INFO - ℹ️ ✅ Comprehensive duplicate analyzer integrated
2025-12-14 11:34:56,275 - DataQualityFramework - INFO - ℹ️ 🔧 Unified Data Quality Framework initialized (singleton)
[2025-12-14 11:34:56.276] PERFORMANCE: DataQualityFramework initialization took 0.001s
2025-12-14 11:34:56,276 - System.tprint - INFO - ℹ️ DataQualityFramework initialization took 0.001s
2025-12-14 11:34:57,231 - System.AdvancedQualityMetrics - INFO - ℹ️ 📊 AdvancedQualityMetrics initialized with tolerant parameters
[2025-12-14 11:34:57.231] PERFORMANCE: AdvancedQualityMetrics initialization took 0.000s
2025-12-14 11:34:57,231 - System.tprint - INFO - ℹ️ AdvancedQualityMetrics initialization took 0.000s
2025-12-14 11:34:57,235 - DataCleaner - INFO - ℹ️ Using klines-specific gap thresholds: {<GapType.SMALL: 'small'>: 65, <GapType.MEDIUM: 'medium'>: 300, <GapType.LARGE: 'large'>: 1800, <GapType.CRITICAL: 'critical'>: 3600}
[2025-12-14 11:34:57.235] PERFORMANCE: DataCleaner(klines) initialization took 0.000s
2025-12-14 11:34:57,235 - System.tprint - INFO - ℹ️ DataCleaner(klines) initialization took 0.000s
2025-12-14 11:34:57,235 - DataCleaner - INFO - ℹ️ Using klines-specific gap thresholds: {<GapType.SMALL: 'small'>: 65, <GapType.MEDIUM: 'medium'>: 300, <GapType.LARGE: 'large'>: 1800, <GapType.CRITICAL: 'critical'>: 3600}
[2025-12-14 11:34:57.235] PERFORMANCE: DataCleaner(klines) initialization took 0.000s
2025-12-14 11:34:57,235 - System.tprint - INFO - ℹ️ DataCleaner(klines) initialization took 0.000s
2025-12-14 11:34:57,235 - DataCleanerManager - INFO - ℹ️ 🔧 DataCleanerManager initialized (singleton)
[2025-12-14 11:34:57.361] DEBUG: 🔧 [features_common.utils] Initializing common utilities module
[2025-12-14 11:34:57.361] SUCCESS: ✅ [features_common.utils] Math validation utilities loaded
2025-12-14 11:34:57,361 - System.tprint - INFO - ℹ️ ✅ [features_common.utils] Math validation utilities loaded
[2025-12-14 11:34:57.361] DEBUG: 🔧 [features_common.utils] Common utilities module initialized
2025-12-14 11:35:02,145 - src.utils.hardware.m1_gpu_utils.M1GPUManager - INFO - ℹ️ M1 GPU Manager initialized - M1: True, Generation: m1, MPS: True
2025-12-14 11:35:02,168 - src.utils.hardware.m1_cpu_optimizer.M1CPUOptimizer - INFO - ℹ️ 🧠 M1 CPU Optimizer initialized for M1 (4P+4E cores)
[2025-12-14 11:35:02.722] DEBUG: 🔧 [transforms] Module initialized with 14 exports
2025-12-14 11:35:02,723 - src.features_common.backward_compatibility - INFO - ℹ️ Backward compatibility ensured for features_common
[2025-12-14 11:35:02.724] DEBUG: 🔧 [optimization] Module initialized with 6 exports
[2025-12-14 11:35:02.724] DEBUG: 🔧 [registry] Module initialized with BaseFeatureRegistry
[2025-12-14 11:35:02.728] DEBUG: 🚀 [features_common] Enhanced module initialized with 59 exports
[2025-12-14 11:35:02.728] SUCCESS: ✅ [features_common] All optimizations enabled by default
2025-12-14 11:35:02,728 - System.tprint - INFO - ℹ️ ✅ [features_common] All optimizations enabled by default
[2025-12-14 11:35:02.728] INFO: 🔧 [features_common] VectorBT integration available
2025-12-14 11:35:02,728 - System.tprint - INFO - ℹ️ 🔧 [features_common] VectorBT integration available
[2025-12-14 11:35:02.728] PERFORMANCE: 📊 [features_common] Performance monitoring enabled
2025-12-14 11:35:02,728 - System.tprint - INFO - ℹ️ 📊 [features_common] Performance monitoring enabled
[2025-12-14 11:35:02.728] WARNING: 💾 [features_common] Intelligent caching active
2025-12-14 11:35:02,728 - System.tprint - WARNING - ⚠️ 💾 [features_common] Intelligent caching active
2025-12-14 11:35:02,729 - System.DataStreamingManager - INFO - ℹ️ 🚀 DataStreamingManager initialized (singleton): chunk_size=10000, memory_threshold=0.8
[2025-12-14 11:35:02.729] PERFORMANCE: DataStreamingManager initialization took 0.000s
2025-12-14 11:35:02,729 - System.tprint - INFO - ℹ️ DataStreamingManager initialization took 0.000s
2025-12-14 11:35:02,758 - System.EvaluationUtils - INFO - ℹ️ EvaluationUtils delegating core metric computation to unified_evaluator
[2025-12-14 11:35:02.770] ✅ Custom logger available for MLCommon.ConfidenceMetrics
2025-12-14 11:35:02,771 - System.tprint - INFO - ℹ️ ✅ Custom logger available for MLCommon.ConfidenceMetrics
[2025-12-14 11:35:02.772] ✅ Custom logger available for MLCommon.ModelExplanations
2025-12-14 11:35:02,772 - System.tprint - INFO - ℹ️ ✅ Custom logger available for MLCommon.ModelExplanations
2025-12-14 11:35:03,833 - MLCommon.ModelExplanations - INFO - ℹ️ LIME library available - LIME explanations enabled
[2025-12-14 11:35:03.835] ✅ Custom logger available for MLCommon.ModelRegistry
2025-12-14 11:35:03,835 - System.tprint - INFO - ℹ️ ✅ Custom logger available for MLCommon.ModelRegistry
[2025-12-14 11:35:03.835] ✅ Custom logger available for MLCommon.ModelExplainability
2025-12-14 11:35:03,836 - System.tprint - INFO - ℹ️ ✅ Custom logger available for MLCommon.ModelExplainability
[2025-12-14 11:35:03.938] ✅ Custom logger available for MLCommon.CV
2025-12-14 11:35:03,938 - System.tprint - INFO - ℹ️ ✅ Custom logger available for MLCommon.CV
2025-12-14 11:35:03,941 - src.utils.ml_common.validation.enhanced_validation - INFO - ℹ️ ✅ Enhanced Validation initialized
[2025-12-14 11:35:03.944] ✅ Custom logger available for MLCommon.ValidationUtils
2025-12-14 11:35:03,944 - System.tprint - INFO - ℹ️ ✅ Custom logger available for MLCommon.ValidationUtils
[2025-12-14 11:35:03.950] ✅ Custom logger available for MLCommon.HPOUtils
2025-12-14 11:35:03,950 - System.tprint - INFO - ℹ️ ✅ Custom logger available for MLCommon.HPOUtils
2025-12-14 11:35:04,071 - src.utils.matrix_operations.enhanced_operations.CustomMatrixOperationsRegistry - INFO - ℹ️ 📝 Registered custom matrix operation: gpu_condition_number
2025-12-14 11:35:04,072 - src.utils.matrix_operations.enhanced_operations.CustomMatrixOperationsRegistry - INFO - ℹ️ 📝 Registered custom matrix operation: gpu_matrix_rank
2025-12-14 11:35:04,072 - src.utils.matrix_operations.enhanced_operations.CustomMatrixOperationsRegistry - INFO - ℹ️ 📝 Registered custom matrix operation: matrix_normalize
2025-12-14 11:35:04,072 - src.utils.matrix_operations.enhanced_operations.CustomMatrixOperationsRegistry - INFO - ℹ️ 📝 Registered custom matrix operation: extract_matrix_features
2025-12-14 11:35:04,077 - src.utils.matrix_operations - INFO - ℹ️ ✅ Unified Matrix Operations module initialized
2025-12-14 11:35:04,077 - src.utils.matrix_operations - INFO - ℹ️ 📦 Version: 1.0.0
2025-12-14 11:35:04,077 - src.utils.matrix_operations - INFO - ℹ️ 🔧 Features: VectorBT optimizations, GPU acceleration, memory optimization, vectorized processing, batch operations
2025-12-14 11:35:04,077 - src.utils.matrix_operations - INFO - ℹ️ 🍎 Optimized for: Apple Silicon M1/M2/M3 Macs
2025-12-14 11:35:04,077 - src.utils.matrix_operations - INFO - ℹ️ 🚀 VectorBT optimizations enabled - expect 2-10x performance improvements
2025-12-14 11:35:04,077 - src.utils.matrix_operations - INFO - ℹ️ 🎯 VectorBTRollingOptimizer available - enhanced rolling operations
2025-12-14 11:35:04,078 - src.utils.matrix_operations - INFO - ℹ️ ⚡ UnifiedVectorizationManager available - unified vectorization operations
2025-12-14 11:35:04,081 - System.ComplementaryLookbackOptimizer - INFO - ℹ️ ✅ Detected VectorBT v0.28.1
2025-12-14 11:35:04,091 - src.feature_generation.utils.feature_generation_optimization - INFO - ℹ️ ✅ VectorBT available for feature optimization
2025-12-14 11:35:04,140 - root - INFO - ℹ️ ✅ VectorBT compatibility layer loaded successfully
2025-12-14 11:35:04,730 - root - INFO - ℹ️ ✅ Enhanced VectorBT volatility generators loaded successfully
2025-12-14 11:35:04,885 - src.feature_generation.core.feature_registry.FeatureRegistry - INFO - ℹ️ FeatureRegistry initialized
[2025-12-14 11:35:04.886] 🔧 Initializing AutoOptimizationConfig...
2025-12-14 11:35:04,886 - System.tprint - INFO - ℹ️ 🔧 Initializing AutoOptimizationConfig...
[2025-12-14 11:35:04.886] 📝 Setting up conservative optimization settings...
2025-12-14 11:35:04,886 - System.tprint - INFO - ℹ️ 📝 Setting up conservative optimization settings...
[2025-12-14 11:35:04.886] ✅ Conservative settings configured
2025-12-14 11:35:04,886 - System.tprint - INFO - ℹ️ ✅ Conservative settings configured
[2025-12-14 11:35:04.886] 📝 Setting up balanced optimization settings...
2025-12-14 11:35:04,886 - System.tprint - INFO - ℹ️ 📝 Setting up balanced optimization settings...
[2025-12-14 11:35:04.886] ✅ Balanced settings configured
2025-12-14 11:35:04,886 - System.tprint - INFO - ℹ️ ✅ Balanced settings configured
[2025-12-14 11:35:04.886] 📝 Setting up aggressive optimization settings...
2025-12-14 11:35:04,887 - System.tprint - INFO - ℹ️ 📝 Setting up aggressive optimization settings...
[2025-12-14 11:35:04.886] ✅ Aggressive settings configured
2025-12-14 11:35:04,887 - System.tprint - INFO - ℹ️ ✅ Aggressive settings configured
[2025-12-14 11:35:04.887] 🎯 AutoOptimizationConfig initialized with balanced strategy
2025-12-14 11:35:04,887 - System.tprint - INFO - ℹ️ 🎯 AutoOptimizationConfig initialized with balanced strategy
[2025-12-14 11:35:04.887] ✅ Auto-optimization enabled for FeatureBank (default)
2025-12-14 11:35:04,887 - System.tprint - INFO - ℹ️ ✅ Auto-optimization enabled for FeatureBank (default)
2025-12-14 11:35:04,887 - src.feature_generation.utils.memory_pool_optimizer.MemoryPoolOptimizer - INFO - ℹ️ Memory pool optimizer initialized
2025-12-14 11:35:04,887 - src.utils.hardware.m1_memory_optimizer.M1MemoryOptimizer - INFO - ℹ️ 🧠 Memory limit set to 8.0 GB (8589934592.0 bytes)
2025-12-14 11:35:04,910 - src.utils.hardware.m1_memory_optimizer.M1MemoryOptimizer - INFO - ℹ️ 🧠 M1 Memory Optimizer initialized for M1
2025-12-14 11:35:04,911 - src.utils.hardware.unified_hardware_manager.UnifiedHardwareManager - INFO - ℹ️ 🔧 Unified Hardware Manager initialized
2025-12-14 11:35:04,911 - src.utils.hardware.unified_hardware_manager.HardwarePerformanceMonitor - INFO - ℹ️ 🔍 Hardware performance monitoring started
2025-12-14 11:35:04,912 - src.utils.hardware.m1_memory_optimizer.M1MemoryOptimizer - INFO - ℹ️ 🧠 M1 memory monitoring started
2025-12-14 11:35:04,912 - src.utils.hardware.unified_hardware_manager.UnifiedHardwareManager - INFO - ℹ️ ✅ Unified Hardware Manager fully initialized
2025-12-14 11:35:04,912 - src.utils.hardware.unified_hardware_manager.UnifiedHardwareManager - INFO - ℹ️ 🎯 Optimizing for feature_engineering workload (balanced)
2025-12-14 11:35:04,916 - src.utils.ml_common.hardware_singleton - INFO - ℹ️ 🔍 Detecting hardware capabilities (one-time detection)...
2025-12-14 11:35:04,916 - src.utils.ml_common.hardware_singleton - INFO - ℹ️ ✅ Hardware detection complete: {'cpu_cores': 8, 'gpu_available': True, 'gpu_type': 'mps', 'memory_gb': 16.0, 'mps_available': True, 'gpu_memory_gb': None}
[2025-12-14 11:35:04.916] 🚀 Initializing Unified Vectorization Manager...
2025-12-14 11:35:04,916 - System.tprint - INFO - ℹ️ 🚀 Initializing Unified Vectorization Manager...
[2025-12-14 11:35:04.916] 🔄 Initializing optimization components...
2025-12-14 11:35:04,916 - System.tprint - INFO - ℹ️ 🔄 Initializing optimization components...
[2025-12-14 11:35:04.916] 🔄 Initializing optimization components...
2025-12-14 11:35:04,916 - System.tprint - INFO - ℹ️ 🔄 Initializing optimization components...
[2025-12-14 11:35:04.916] 🔄 Loading VectorBTRollingOptimizer...
2025-12-14 11:35:04,916 - System.tprint - INFO - ℹ️ 🔄 Loading VectorBTRollingOptimizer...
[2025-12-14 11:35:04.916] ✅ VectorBTRollingOptimizer loaded
2025-12-14 11:35:04,917 - System.tprint - INFO - ℹ️ ✅ VectorBTRollingOptimizer loaded
[2025-12-14 11:35:04.916] 🔄 Loading vectorized backtesting...
2025-12-14 11:35:04,917 - System.tprint - INFO - ℹ️ 🔄 Loading vectorized backtesting...
2025-12-14 11:35:04,919 - System.VectorizedBacktestingEngine - INFO - ℹ️ ✅ Vectorized Backtesting Engine initialized successfully
[2025-12-14 11:35:04.919] ✅ Vectorized backtesting loaded
2025-12-14 11:35:04,919 - System.tprint - INFO - ℹ️ ✅ Vectorized backtesting loaded
[2025-12-14 11:35:04.919] 🔄 Loading VectorBT backtesting engine...
2025-12-14 11:35:04,919 - System.tprint - INFO - ℹ️ 🔄 Loading VectorBT backtesting engine...
2025-12-14 11:35:04,921 - System.VectorBTBacktestingEngine - INFO - ℹ️ ✅ VectorBT Backtesting Engine initialized successfully
[2025-12-14 11:35:04.921] ✅ VectorBT backtesting engine loaded
2025-12-14 11:35:04,921 - System.tprint - INFO - ℹ️ ✅ VectorBT backtesting engine loaded
[2025-12-14 11:35:04.921] 🔄 Loading VectorBT financial metrics...
2025-12-14 11:35:04,921 - System.tprint - INFO - ℹ️ 🔄 Loading VectorBT financial metrics...
2025-12-14 11:35:04,923 - src.utils.ml_common.vectorbt_financial_metrics - INFO - ℹ️ ✅ VectorBT Financial Metrics initialized
2025-12-14 11:35:04,923 - src.utils.ml_common.vectorbt_financial_metrics - INFO - ℹ️ 📊 Risk-free rate: 2.00%
2025-12-14 11:35:04,923 - src.utils.ml_common.vectorbt_financial_metrics - INFO - ℹ️ 📊 Annualization factor: 252
2025-12-14 11:35:04,923 - src.utils.ml_common.vectorbt_financial_metrics - INFO - ℹ️ 📊 Regime analysis: True
[2025-12-14 11:35:04.923] ✅ VectorBT financial metrics loaded
2025-12-14 11:35:04,923 - System.tprint - INFO - ℹ️ ✅ VectorBT financial metrics loaded
[2025-12-14 11:35:04.923] 🔄 Loading VectorBT portfolio optimization...
2025-12-14 11:35:04,923 - System.tprint - INFO - ℹ️ 🔄 Loading VectorBT portfolio optimization...
2025-12-14 11:35:04,927 - src.utils.ml_common.vectorbt_memory_manager.VectorBTMemoryManager - INFO - ℹ️ ✅ VectorBT Memory Manager initialized
2025-12-14 11:35:04,927 - src.utils.ml_common.vectorbt_memory_manager.VectorBTMemoryManager - INFO - ℹ️ 📊 Total system memory: 16.00GB
2025-12-14 11:35:04,927 - src.utils.ml_common.vectorbt_memory_manager.VectorBTMemoryManager - INFO - ℹ️ 📊 Available memory: 6.75GB
2025-12-14 11:35:04,927 - src.utils.ml_common.vectorbt_memory_manager.VectorBTMemoryManager - INFO - ℹ️ 📊 Max allocated memory: 8.00GB
2025-12-14 11:35:04,927 - src.utils.ml_common.vectorbt_performance_monitor.VectorBTPerformanceMonitor - INFO - ℹ️ ✅ VectorBT Performance Monitor initialized
2025-12-14 11:35:04,928 - src.utils.ml_common.vectorbt_performance_monitor.VectorBTPerformanceMonitor - INFO - ℹ️ 📊 Monitoring enabled: timing=True, memory=True, gpu=True
2025-12-14 11:35:04,928 - src.utils.ml_common.vectorbt_portfolio_optimization - INFO - ℹ️ ✅ VectorBT Portfolio Optimizer initialized
2025-12-14 11:35:04,928 - src.utils.ml_common.vectorbt_portfolio_optimization - INFO - ℹ️ 📊 Method: mean_variance
2025-12-14 11:35:04,928 - src.utils.ml_common.vectorbt_portfolio_optimization - INFO - ℹ️ 📊 Rebalancing: monthly
2025-12-14 11:35:04,928 - src.utils.ml_common.vectorbt_portfolio_optimization - INFO - ℹ️ 📊 Risk aversion: 1.0
2025-12-14 11:35:04,928 - src.utils.ml_common.vectorbt_portfolio_optimization - INFO - ℹ️ 📊 Memory manager: 6.75GB available
[2025-12-14 11:35:04.928] ✅ VectorBT portfolio optimization loaded
2025-12-14 11:35:04,928 - System.tprint - INFO - ℹ️ ✅ VectorBT portfolio optimization loaded
[2025-12-14 11:35:04.928] 🔄 Loading matrix cross-validation...
2025-12-14 11:35:04,928 - System.tprint - INFO - ℹ️ 🔄 Loading matrix cross-validation...
2025-12-14 11:35:04,929 - src.utils.hardware.m1_memory_optimizer - INFO - ℹ️ 🧠 M1 Memory Optimizer initialized for M1
2025-12-14 11:35:04,952 - src.utils.hardware.m1_memory_optimizer.M1MemoryOptimizer - INFO - ℹ️ 🧠 M1 Memory Optimizer initialized for M1
2025-12-14 11:35:05,335 - src.feature_generation.core.vectorbt_batch_processor - INFO - ℹ️ VectorBTBatchProcessor initialized: VectorBT=True, GPU=False, Parallel=True
2025-12-14 11:35:05,335 - src.feature_generation.utils.unified_vectorization_manager - INFO - ℹ️ UnifiedVectorizationManager initialized: VectorBT=True, GPU=False, Memory=True
2025-12-14 11:35:05,335 - src.utils.matrix_operations.unified_operations.UnifiedMatrixOperations - INFO - ℹ️ 📊 GPU: False, Memory Opt: False, Parallel: False
2025-12-14 11:35:05,335 - src.utils.ml_common.matrix_cross_validation - INFO - ℹ️ 🚀 VectorBT configured for cross-validation optimization
2025-12-14 11:35:05,335 - src.utils.ml_common.matrix_cross_validation - INFO - ℹ️ ✅ Matrix-based cross-validator initialized
2025-12-14 11:35:05,335 - src.utils.ml_common.matrix_cross_validation - INFO - ℹ️ 📊 Configuration - Splits: 5, GPU: True, VectorBT: True
[2025-12-14 11:35:05.335] ✅ Matrix cross-validation loaded
2025-12-14 11:35:05,335 - System.tprint - INFO - ℹ️ ✅ Matrix cross-validation loaded
[2025-12-14 11:35:05.335] 🔄 Loading feature importance analyzer...
2025-12-14 11:35:05,335 - System.tprint - INFO - ℹ️ 🔄 Loading feature importance analyzer...
2025-12-14 11:35:05,353 - src.utils.ml_common.utils.memory_integration - INFO - ℹ️ 🔗 Integrating memory skimming with all ML utilities
2025-12-14 11:35:05,354 - src.utils.ml_common.utils.memory_integration - INFO - ℹ️ ✅ Successfully imported HPO utilities (direct import)
2025-12-14 11:35:05,354 - src.utils.ml_common.utils.memory_integration - INFO - ℹ️ ✅ Memory skimming integrated with HPO utilities
2025-12-14 11:35:05,354 - src.utils.ml_common.utils.memory_integration - INFO - ℹ️ ✅ Successfully imported Unified CV utilities
2025-12-14 11:35:05,354 - src.utils.ml_common.utils.memory_integration - INFO - ℹ️ ✅ Memory skimming integrated with Unified CV utilities
2025-12-14 11:35:05,355 - src.utils.ml_common.utils.memory_integration - INFO - ℹ️ ✅ Memory skimming integrated with lookahead protection utilities
2025-12-14 11:35:05,355 - src.utils.ml_common.utils.memory_integration - INFO - ℹ️ Skipping model evaluation memory integration (deprecated)
2025-12-14 11:35:05,355 - src.utils.ml_common.utils.memory_integration - INFO - ℹ️ ✅ Successfully imported feature selection utilities
2025-12-14 11:35:05,355 - src.utils.ml_common.utils.memory_integration - INFO - ℹ️ ✅ Memory skimming integrated with feature selection utilities
2025-12-14 11:35:05,356 - src.utils.ml_common.utils.memory_integration - INFO - ℹ️ ✅ Successfully imported data quality utilities
2025-12-14 11:35:05,356 - src.utils.ml_common.utils.memory_integration - INFO - ℹ️ ✅ Memory skimming integrated with data quality utilities
2025-12-14 11:35:05,356 - src.utils.ml_common.utils.memory_integration - INFO - ℹ️ ✅ Memory skimming integration completed: 6/6 successful
[2025-12-14 11:35:05.357] ✅ Custom logger available for MLCommon.ThreadGuard
2025-12-14 11:35:05,357 - System.tprint - INFO - ℹ️ ✅ Custom logger available for MLCommon.ThreadGuard
[2025-12-14 11:35:05.357] ✅ threadpoolctl available for thread management
2025-12-14 11:35:05,357 - System.tprint - INFO - ℹ️ ✅ threadpoolctl available for thread management
[2025-12-14 11:35:05.357] ✅ Custom logger available for MLCommon.BaseSafeguards
2025-12-14 11:35:05,358 - System.tprint - INFO - ℹ️ ✅ Custom logger available for MLCommon.BaseSafeguards
[2025-12-14 11:35:05.360] ✅ Scikit-learn available for thresholding functionality
2025-12-14 11:35:05,361 - System.tprint - INFO - ℹ️ ✅ Scikit-learn available for thresholding functionality
[2025-12-14 11:35:05.360] ✅ Custom logger available for FeatureSelection.BaseFramework
2025-12-14 11:35:05,361 - System.tprint - INFO - ℹ️ ✅ Custom logger available for FeatureSelection.BaseFramework
[2025-12-14 11:35:05.360] ✅ Custom logger available for FeatureSelection.DataValidation
2025-12-14 11:35:05,361 - System.tprint - INFO - ℹ️ ✅ Custom logger available for FeatureSelection.DataValidation
[2025-12-14 11:35:05.362] ✅ Vectorization utilities available for feature selection
2025-12-14 11:35:05,362 - System.tprint - INFO - ℹ️ ✅ Vectorization utilities available for feature selection
[2025-12-14 11:35:05.362] ✅ Custom logger available for FeatureSelection.SelectionMethods
2025-12-14 11:35:05,363 - System.tprint - INFO - ℹ️ ✅ Custom logger available for FeatureSelection.SelectionMethods
[2025-12-14 11:35:05.411] ✅ Custom logger available for FeatureSelection.StabilityAnalysis
2025-12-14 11:35:05,411 - System.tprint - INFO - ℹ️ ✅ Custom logger available for FeatureSelection.StabilityAnalysis
[2025-12-14 11:35:05.411] ✅ Custom logger available for FeatureSelection.PerformanceMonitoring
2025-12-14 11:35:05,412 - System.tprint - INFO - ℹ️ ✅ Custom logger available for FeatureSelection.PerformanceMonitoring
[2025-12-14 11:35:05.412] ✅ Custom logger available for FeatureSelection.QualityMetrics
2025-12-14 11:35:05,412 - System.tprint - INFO - ℹ️ ✅ Custom logger available for FeatureSelection.QualityMetrics
[2025-12-14 11:35:05.412] ✅ Custom logger available for FeatureSelection.TemporalAnalysis
2025-12-14 11:35:05,413 - System.tprint - INFO - ℹ️ ✅ Custom logger available for FeatureSelection.TemporalAnalysis
[2025-12-14 11:35:05.414] ✅ Custom logger available for FeatureSelection.CausalAnalysis
2025-12-14 11:35:05,414 - System.tprint - INFO - ℹ️ ✅ Custom logger available for FeatureSelection.CausalAnalysis
[2025-12-14 11:35:05.417] ✅ Custom logger available for FeatureSelection.MainFramework
2025-12-14 11:35:05,417 - System.tprint - INFO - ℹ️ ✅ Custom logger available for FeatureSelection.MainFramework
[2025-12-14 11:35:05.450] 🔍 FeatureImportanceAnalyzer initialized with methods: ['random_forest', 'lasso', 'mutual_info']
2025-12-14 11:35:05,450 - System.tprint - INFO - ℹ️ 🔍 FeatureImportanceAnalyzer initialized with methods: ['random_forest', 'lasso', 'mutual_info']
[2025-12-14 11:35:05.450] ✅ Feature importance analyzer loaded
2025-12-14 11:35:05,451 - System.tprint - INFO - ℹ️ ✅ Feature importance analyzer loaded
[2025-12-14 11:35:05.450] 🔄 Loading technical indicators...
2025-12-14 11:35:05,451 - System.tprint - INFO - ℹ️ 🔄 Loading technical indicators...
2025-12-14 11:35:05,452 - src.feature_generation.utils.feature_generators - INFO - ℹ️ ✅ TA-Lib available for enhanced technical indicators
2025-12-14 11:35:05,452 - src.feature_generation.utils.feature_generators - INFO - ℹ️ Using fallback implementations for feature selection tools
2025-12-14 11:35:05,479 - src.utils.har