[I 2025-12-14 13:00:34,805] Trial 1714 finished with value: -0.006888961036576583 and parameters: {'trail_distance_atr_mult': 0.9232254571931896}. Best is trial 126 with value: -0.000363295272717509.
[2025-12-14 13:00:36.007] ⚖️ Computing uniqueness weights for 9018 events... INFO
2025-12-14 13:00:36,007 - System.tprint - INFO - ℹ️ ⚖️ Computing uniqueness weights for 9018 events... INFO
[2025-12-14 13:00:36.017] ✅ Uniqueness weights computed. Mean: 1.0000, Min: 0.4373, Max: 1.3118 SUCCESS
2025-12-14 13:00:36,017 - System.tprint - INFO - ℹ️ ✅ Uniqueness weights computed. Mean: 1.0000, Min: 0.4373, Max: 1.3118 SUCCESS
[I 2025-12-14 13:00:36,657] Trial 1715 finished with value: -0.006888965323768548 and parameters: {'trail_distance_atr_mult': 0.9257336762273602}. Best is trial 126 with value: -0.000363295272717509.
[2025-12-14 13:00:37.861] ⚖️ Computing uniqueness weights for 9018 events... INFO
2025-12-14 13:00:37,861 - System.tprint - INFO - ℹ️ ⚖️ Computing uniqueness weights for 9018 events... INFO
[2025-12-14 13:00:37.871] ✅ Uniqueness weights computed. Mean: 1.0000, Min: 0.4372, Max: 1.3117 SUCCESS
2025-12-14 13:00:37,871 - System.tprint - INFO - ℹ️ ✅ Uniqueness weights computed. Mean: 1.0000, Min: 0.4372, Max: 1.3117 SUCCESS
[I 2025-12-14 13:00:38,504] Trial 1716 finished with value: -0.007479331783459741 and parameters: {'trail_distance_atr_mult': 0.6709478346196969}. Best is trial 126 with value: -0.000363295272717509.
[2025-12-14 13:00:39.698] ⚖️ Computing uniqueness weights for 9018 events... INFO
2025-12-14 13:00:39,698 - System.tprint - INFO - ℹ️ ⚖️ Computing uniqueness weights for 9018 events... INFO
[2025-12-14 13:00:39.707] ✅ Uniqueness weights computed. Mean: 1.0000, Min: 0.4373, Max: 1.3118 SUCCESS
2025-12-14 13:00:39,707 - System.tprint - INFO - ℹ️ ✅ Uniqueness weights computed. Mean: 1.0000, Min: 0.4373, Max: 1.3118 SUCCESS
[I 2025-12-14 13:00:40,378] Trial 1717 finished with value: -0.006721272674266929 and parameters: {'trail_distance_atr_mult': 0.912843474334395}. Best is trial 126 with value: -0.000363295272717509.
[2025-12-14 13:00:41.582] ⚖️ Computing uniqueness weights for 9018 events... INFO
2025-12-14 13:00:41,582 - System.tprint - INFO - ℹ️ ⚖️ Computing uniqueness weights for 9018 events... INFO
[2025-12-14 13:00:41.593] ✅ Uniqueness weights computed. Mean: 1.0000, Min: 0.4372, Max: 1.3117 SUCCESS
2025-12-14 13:00:41,593 - System.tprint - INFO - ℹ️ ✅ Uniqueness weights computed. Mean: 1.0000, Min: 0.4372, Max: 1.3117 SUCCESS
[I 2025-12-14 13:00:42,238] Trial 1718 finished with value: -0.0034849037542104768 and parameters: {'trail_distance_atr_mult': 0.652777526784421}. Best is trial 126 with value: -0.000363295272717509.
[2025-12-14 13:00:43.452] ⚖️ Computing uniqueness weights for 9018 events... INFO
2025-12-14 13:00:43,452 - System.tprint - INFO - ℹ️ ⚖️ Computing uniqueness weights for 9018 events... INFO
[2025-12-14 13:00:43.463] ✅ Uniqueness weights computed. Mean: 1.0000, Min: 0.4373, Max: 1.3118 SUCCESS
2025-12-14 13:00:43,463 - System.tprint - INFO - ℹ️ ✅ Uniqueness weights computed. Mean: 1.0000, Min: 0.4373, Max: 1.3118 SUCCESS
[I 2025-12-14 13:00:44,097] Trial 1719 finished with value: -0.006721067978030405 and parameters: {'trail_distance_atr_mult': 0.9170129433878326}. Best is trial 126 with value: -0.000363295272717509.
[2025-12-14 13:00:45.313] ⚖️ Computing uniqueness weights for 9018 events... INFO
2025-12-14 13:00:45,313 - System.tprint - INFO - ℹ️ ⚖️ Computing uniqueness weights for 9018 events... INFO
[2025-12-14 13:00:45.323] ✅ Uniqueness weights computed. Mean: 1.0000, Min: 0.4373, Max: 1.3118 SUCCESS
2025-12-14 13:00:45,323 - System.tprint - INFO - ℹ️ ✅ Uniqueness weights computed. Mean: 1.0000, Min: 0.4373, Max: 1.3118 SUCCESS
[I 2025-12-14 13:00:45,958] Trial 1720 finished with value: -0.0067212867925921784 and parameters: {'trail_distance_atr_mult': 0.9141807675507739}. Best is trial 126 with value: -0.000363295272717509.
[2025-12-14 13:00:47.172] ⚖️ Computing uniqueness weights for 9018 events... INFO
2025-12-14 13:00:47,172 - System.tprint - INFO - ℹ️ ⚖️ Computing uniqueness weights for 9018 events... INFO
[2025-12-14 13:00:47.182] ✅ Uniqueness weights computed. Mean: 1.0000, Min: 0.4373, Max: 1.3118 SUCCESS
2025-12-14 13:00:47,182 - System.tprint - INFO - ℹ️ ✅ Uniqueness weights computed. Mean: 1.0000, Min: 0.4373, Max: 1.3118 SUCCESS
[I 2025-12-14 13:00:47,824] Trial 1721 finished with value: -0.006721215895589091 and parameters: {'trail_distance_atr_mult': 0.9069288308916486}. Best is trial 126 with value: -0.000363295272717509.
[2025-12-14 13:00:49.018] ⚖️ Computing uniqueness weights for 9018 events... INFO
2025-12-14 13:00:49,018 - System.tprint - INFO - ℹ️ ⚖️ Computing uniqueness weights for 9018 events... INFO
[2025-12-14 13:00:49.028] ✅ Uniqueness weights computed. Mean: 1.0000, Min: 0.4373, Max: 1.3118 SUCCESS
2025-12-14 13:00:49,028 - System.tprint - INFO - ℹ️ ✅ Uniqueness weights computed. Mean: 1.0000, Min: 0.4373, Max: 1.3118 SUCCESS
[I 2025-12-14 13:00:49,670] Trial 1722 finished with value: -0.006778388454595234 and parameters: {'trail_distance_atr_mult': 0.930522685668963}. Best is trial 126 with value: -0.000363295272717509.
[2025-12-14 13:00:50.878] ⚖️ Computing uniqueness weights for 9018 events... INFO
2025-12-14 13:00:50,878 - System.tprint - INFO - ℹ️ ⚖️ Computing uniqueness weights for 9018 events... INFO
[2025-12-14 13:00:50.888] ✅ Uniqueness weights computed. Mean: 1.0000, Min: 0.4372, Max: 1.3117 SUCCESS
2025-12-14 13:00:50,888 - System.tprint - INFO - ℹ️ ✅ Uniqueness weights computed. Mean: 1.0000, Min: 0.4372, Max: 1.3117 SUCCESS
[I 2025-12-14 13:00:51,525] Trial 1723 finished with value: -0.007546852514577222 and parameters: {'trail_distance_atr_mult': 0.6352288940386299}. Best is trial 126 with value: -0.000363295272717509.
[2025-12-14 13:00:52.724] ⚖️ Computing uniqueness weights for 9018 events... INFO
2025-12-14 13:00:52,724 - System.tprint - INFO - ℹ️ ⚖️ Computing uniqueness weights for 9018 events... INFO
[2025-12-14 13:00:52.735] ✅ Uniqueness weights computed. Mean: 1.0000, Min: 0.4373, Max: 1.3118 SUCCESS
2025-12-14 13:00:52,735 - System.tprint - INFO - ℹ️ ✅ Uniqueness weights computed. Mean: 1.0000, Min: 0.4373, Max: 1.3118 SUCCESS
[I 2025-12-14 13:00:53,376] Trial 1724 finished with value: -0.006888959975911218 and parameters: {'trail_distance_atr_mult': 0.9226394022575778}. Best is trial 126 with value: -0.000363295272717509.
[2025-12-14 13:00:54.605] ⚖️ Computing uniqueness weights for 9018 events... INFO
2025-12-14 13:00:54,605 - System.tprint - INFO - ℹ️ ⚖️ Computing uniqueness weights for 9018 events... INFO
[2025-12-14 13:00:54.615] ✅ Uniqueness weights computed. Mean: 1.0000, Min: 0.4372, Max: 1.3117 SUCCESS
2025-12-14 13:00:54,616 - System.tprint - INFO - ℹ️ ✅ Uniqueness weights computed. Mean: 1.0000, Min: 0.4372, Max: 1.3117 SUCCESS
[I 2025-12-14 13:00:55,301] Trial 1725 finished with value: -0.007479331783459741 and parameters: {'trail_distance_atr_mult': 0.67576281928898}. Best is trial 126 with value: -0.000363295272717509.
[2025-12-14 13:00:56.530] ⚖️ Computing uniqueness weights for 9018 events... INFO
2025-12-14 13:00:56,531 - System.tprint - INFO - ℹ️ ⚖️ Computing uniqueness weights for 9018 events... INFO
[2025-12-14 13:00:56.541] ✅ Uniqueness weights computed. Mean: 1.0000, Min: 0.4373, Max: 1.3118 SUCCESS
2025-12-14 13:00:56,541 - System.tprint - INFO - ℹ️ ✅ Uniqueness weights computed. Mean: 1.0000, Min: 0.4373, Max: 1.3118 SUCCESS
[I 2025-12-14 13:00:57,180] Trial 1726 finished with value: -0.006716227409390277 and parameters: {'trail_distance_atr_mult': 0.8938498160562506}. Best is trial 126 with value: -0.000363295272717509.
[2025-12-14 13:00:58.388] ⚖️ Computing uniqueness weights for 9018 events... INFO
2025-12-14 13:00:58,388 - System.tprint - INFO - ℹ️ ⚖️ Computing uniqueness weights for 9018 events... INFO
[2025-12-14 13:00:58.399] ✅ Uniqueness weights computed. Mean: 1.0000, Min: 0.4373, Max: 1.3118 SUCCESS
2025-12-14 13:00:58,399 - System.tprint - INFO - ℹ️ ✅ Uniqueness weights computed. Mean: 1.0000, Min: 0.4373, Max: 1.3118 SUCCESS
[I 2025-12-14 13:00:59,053] Trial 1727 finished with value: -0.0067783947540334165 and parameters: {'trail_distance_atr_mult': 0.9342049085910998}. Best is trial 126 with value: -0.000363295272717509.
[2025-12-14 13:01:00.217] ⚖️ Computing uniqueness weights for 9018 events... INFO
2025-12-14 13:01:00,217 - System.tprint - INFO - ℹ️ ⚖️ Computing uniqueness weights for 9018 events... INFO
[2025-12-14 13:01:00.226] ✅ Uniqueness weights computed. Mean: 1.0000, Min: 0.4373, Max: 1.3118 SUCCESS
2025-12-14 13:01:00,226 - System.tprint - INFO - ℹ️ ✅ Uniqueness weights computed. Mean: 1.0000, Min: 0.4373, Max: 1.3118 SUCCESS
[I 2025-12-14 13:01:00,875] Trial 1728 finished with value: -0.0067783967795916715 and parameters: {'trail_distance_atr_mult': 0.935411906346262}. Best is trial 126 with value: -0.000363295272717509.
[2025-12-14 13:01:02.115] ⚖️ Computing uniqueness weights for 9018 events... INFO
2025-12-14 13:01:02,115 - System.tprint - INFO - ℹ️ ⚖️ Computing uniqueness weights for 9018 events... INFO
[2025-12-14 13:01:02.126] ✅ Uniqueness weights computed. Mean: 1.0000, Min: 0.4372, Max: 1.3117 SUCCESS
2025-12-14 13:01:02,126 - System.tprint - INFO - ℹ️ ✅ Uniqueness weights computed. Mean: 1.0000, Min: 0.4372, Max: 1.3117 SUCCESS
[I 2025-12-14 13:01:02,790] Trial 1729 finished with value: -0.007479331783459741 and parameters: {'trail_distance_atr_mult': 0.6699147487513941}. Best is trial 126 with value: -0.000363295272717509.
[2025-12-14 13:01:04.004] ⚖️ Computing uniqueness weights for 9018 events... INFO
2025-12-14 13:01:04,005 - System.tprint - INFO - ℹ️ ⚖️ Computing uniqueness weights for 9018 events... INFO
[2025-12-14 13:01:04.014] ✅ Uniqueness weights computed. Mean: 1.0000, Min: 0.4373, Max: 1.3118 SUCCESS
2025-12-14 13:01:04,014 - System.tprint - INFO - ℹ️ ✅ Uniqueness weights computed. Mean: 1.0000, Min: 0.4373, Max: 1.3118 SUCCESS
[I 2025-12-14 13:01:04,658] Trial 1730 finished with value: -0.006778386018568764 and parameters: {'trail_distance_atr_mult': 0.929108362898584}. Best is trial 126 with value: -0.000363295272717509.
[2025-12-14 13:01:05.871] ⚖️ Computing uniqueness weights for 9018 events... INFO
2025-12-14 13:01:05,871 - System.tprint - INFO - ℹ️ ⚖️ Computing uniqueness weights for 9018 events... INFO
[2025-12-14 13:01:05.881] ✅ Uniqueness weights computed. Mean: 1.0000, Min: 0.4372, Max: 1.3117 SUCCESS
2025-12-14 13:01:05,881 - System.tprint - INFO - ℹ️ ✅ Uniqueness weights computed. Mean: 1.0000, Min: 0.4372, Max: 1.3117 SUCCESS
[I 2025-12-14 13:01:06,520] Trial 1731 finished with value: -0.007479331783459741 and parameters: {'trail_distance_atr_mult': 0.6710338058666412}. Best is trial 126 with value: -0.000363295272717509.
[2025-12-14 13:01:07.726] ⚖️ Computing uniqueness weights for 9018 events... INFO
2025-12-14 13:01:07,726 - System.tprint - INFO - ℹ️ ⚖️ Computing uniqueness weights for 9018 events... INFO
[2025-12-14 13:01:07.737] ✅ Uniqueness weights computed. Mean: 1.0000, Min: 0.4373, Max: 1.3118 SUCCESS
2025-12-14 13:01:07,737 - System.tprint - INFO - ℹ️ ✅ Uniqueness weights computed. Mean: 1.0000, Min: 0.4373, Max: 1.3118 SUCCESS
[I 2025-12-14 13:01:08,380] Trial 1732 finished with value: -0.0067784071579522695 and parameters: {'trail_distance_atr_mult': 0.9415284357974428}. Best is trial 126 with value: -0.000363295272717509.
[2025-12-14 13:01:09.595] ⚖️ Computing uniqueness weights for 9018 events... INFO
2025-12-14 13:01:09,596 - System.tprint - INFO - ℹ️ ⚖️ Computing uniqueness weights for 9018 events... INFO
[2025-12-14 13:01:09.605] ✅ Uniqueness weights computed. Mean: 1.0000, Min: 0.4373, Max: 1.3118 SUCCESS
2025-12-14 13:01:09,605 - System.tprint - INFO - ℹ️ ✅ Uniqueness weights computed. Mean: 1.0000, Min: 0.4373, Max: 1.3118 SUCCESS
[I 2025-12-14 13:01:10,245] Trial 1733 finished with value: -0.006778399424243203 and parameters: {'trail_distance_atr_mult': 0.9369931681004281}. Best is trial 126 with value: -0.000363295272717509.
[2025-12-14 13:01:11.452] ⚖️ Computing uniqueness weights for 9018 events... INFO
2025-12-14 13:01:11,452 - System.tprint - INFO - ℹ️ ⚖️ Computing uniqueness weights for 9018 events... INFO
[2025-12-14 13:01:11.463] ✅ Uniqueness weights computed. Mean: 1.0000, Min: 0.4375, Max: 1.3124 SUCCESS
2025-12-14 13:01:11,463 - System.tprint - INFO - ℹ️ ✅ Uniqueness weights computed. Mean: 1.0000, Min: 0.4375, Max: 1.3124 SUCCESS
[I 2025-12-14 13:01:12,105] Trial 1734 finished with value: -0.005836342118170566 and parameters: {'trail_distance_atr_mult': 1.3002163289958604}. Best is trial 126 with value: -0.000363295272717509.
[2025-12-14 13:01:13.319] ⚖️ Computing uniqueness weights for 9018 events... INFO
2025-12-14 13:01:13,319 - System.tprint - INFO - ℹ️ ⚖️ Computing uniqueness weights for 9018 events... INFO
[2025-12-14 13:01:13.329] ✅ Uniqueness weights computed. Mean: 1.0000, Min: 0.4373, Max: 1.3118 SUCCESS
2025-12-14 13:01:13,329 - System.tprint - INFO - ℹ️ ✅ Uniqueness weights computed. Mean: 1.0000, Min: 0.4373, Max: 1.3118 SUCCESS
[I 2025-12-14 13:01:13,969] Trial 1735 finished with value: -0.006778402922830095 and parameters: {'trail_distance_atr_mult': 0.9390382145044338}. Best is trial 126 with value: -0.000363295272717509.
[2025-12-14 13:01:15.171] ⚖️ Computing uniqueness weights for 9018 events... INFO
2025-12-14 13:01:15,171 - System.tprint - INFO - ℹ️ ⚖️ Computing uniqueness weights for 9018 events... INFO
[2025-12-14 13:01:15.181] ✅ Uniqueness weights computed. Mean: 1.0000, Min: 0.4375, Max: 1.3124 SUCCESS
2025-12-14 13:01:15,181 - System.tprint - INFO - ℹ️ ✅ Uniqueness weights computed. Mean: 1.0000, Min: 0.4375, Max: 1.3124 SUCCESS
[I 2025-12-14 13:01:15,818] Trial 1736 finished with value: -0.004691963460332286 and parameters: {'trail_distance_atr_mult': 1.3099282256245055}. Best is trial 126 with value: -0.000363295272717509.
[2025-12-14 13:01:17.019] ⚖️ Computing uniqueness weights for 9018 events... INFO
2025-12-14 13:01:17,020 - System.tprint - INFO - ℹ️ ⚖️ Computing uniqueness weights for 9018 events... INFO
[2025-12-14 13:01:17.029] ✅ Uniqueness weights computed. Mean: 1.0000, Min: 0.4373, Max: 1.3118 SUCCESS
2025-12-14 13:01:17,029 - System.tprint - INFO - ℹ️ ✅ Uniqueness weights computed. Mean: 1.0000, Min: 0.4373, Max: 1.3118 SUCCESS
[I 2025-12-14 13:01:17,675] Trial 1737 finished with value: -0.006840120970347154 and parameters: {'trail_distance_atr_mult': 0.9582979748328444}. Best is trial 126 with value: -0.000363295272717509.
[2025-12-14 13:01:18.884] ⚖️ Computing uniqueness weights for 9018 events... INFO
2025-12-14 13:01:18,884 - System.tprint - INFO - ℹ️ ⚖️ Computing uniqueness weights for 9018 events... INFO
[2025-12-14 13:01:18.894] ✅ Uniqueness weights computed. Mean: 1.0000, Min: 0.4372, Max: 1.3117 SUCCESS
2025-12-14 13:01:18,894 - System.tprint - INFO - ℹ️ ✅ Uniqueness weights computed. Mean: 1.0000, Min: 0.4372, Max: 1.3117 SUCCESS
[I 2025-12-14 13:01:19,530] Trial 1738 finished with value: -0.0034849037732859996 and parameters: {'trail_distance_atr_mult': 0.6480078137880236}. Best is trial 126 with value: -0.000363295272717509.
[2025-12-14 13:01:20.751] ⚖️ Computing uniqueness weights for 9018 events... INFO
2025-12-14 13:01:20,751 - System.tprint - INFO - ℹ️ ⚖️ Computing uniqueness weights for 9018 events... INFO
[2025-12-14 13:01:20.761] ✅ Uniqueness weights computed. Mean: 1.0000, Min: 0.4375, Max: 1.3124 SUCCESS
2025-12-14 13:01:20,761 - System.tprint - INFO - ℹ️ ✅ Uniqueness weights computed. Mean: 1.0000, Min: 0.4375, Max: 1.3124 SUCCESS
[I 2025-12-14 13:01:21,392] Trial 1739 finished with value: -0.005835928535385671 and parameters: {'trail_distance_atr_mult': 1.3018673206538194}. Best is trial 126 with value: -0.000363295272717509.
[2025-12-14 13:01:22.612] ⚖️ Computing uniqueness weights for 9018 events... INFO
2025-12-14 13:01:22,612 - System.tprint - INFO - ℹ️ ⚖️ Computing uniqueness weights for 9018 events... INFO
[2025-12-14 13:01:22.622] ✅ Uniqueness weights computed. Mean: 1.0000, Min: 0.4372, Max: 1.3117 SUCCESS
2025-12-14 13:01:22,622 - System.tprint - INFO - ℹ️ ✅ Uniqueness weights computed. Mean: 1.0000, Min: 0.4372, Max: 1.3117 SUCCESS
[I 2025-12-14 13:01:23,258] Trial 1740 finished with value: -0.007479331783459741 and parameters: {'trail_distance_atr_mult': 0.7005303561718799}. Best is trial 126 with value: -0.000363295272717509.
[2025-12-14 13:01:24.467] ⚖️ Computing uniqueness weights for 9018 events... INFO
2025-12-14 13:01:24,467 - System.tprint - INFO - ℹ️ ⚖️ Computing uniqueness weights for 9018 events... INFO
[2025-12-14 13:01:24.477] ✅ Uniqueness weights computed. Mean: 1.0000, Min: 0.4373, Max: 1.3118 SUCCESS
2025-12-14 13:01:24,477 - System.tprint - INFO - ℹ️ ✅ Uniqueness weights computed. Mean: 1.0000, Min: 0.4373, Max: 1.3118 SUCCESS
[I 2025-12-14 13:01:25,116] Trial 1741 finished with value: -0.00677839635384968 and parameters: {'trail_distance_atr_mult': 0.9351780107786604}. Best is trial 126 with value: -0.000363295272717509.
[2025-12-14 13:01:26.315] ⚖️ Computing uniqueness weights for 9018 events... INFO
2025-12-14 13:01:26,315 - System.tprint - INFO - ℹ️ ⚖️ Computing uniqueness weights for 9018 events... INFO
[2025-12-14 13:01:26.324] ✅ Uniqueness weights computed. Mean: 1.0000, Min: 0.4375, Max: 1.3124 SUCCESS
2025-12-14 13:01:26,324 - System.tprint - INFO - ℹ️ ✅ Uniqueness weights computed. Mean: 1.0000, Min: 0.4375, Max: 1.3124 SUCCESS
[I 2025-12-14 13:01:26,964] Trial 1742 finished with value: -0.004640529040733167 and parameters: {'trail_distance_atr_mult': 1.2854369335441422}. Best is trial 126 with value: -0.000363295272717509.
[2025-12-14 13:01:28.168] ⚖️ Computing uniqueness weights for 9018 events... INFO
2025-12-14 13:01:28,168 - System.tprint - INFO - ℹ️ ⚖️ Computing uniqueness weights for 9018 events... INFO
[2025-12-14 13:01:28.178] ✅ Uniqueness weights computed. Mean: 1.0000, Min: 0.4373, Max: 1.3118 SUCCESS
2025-12-14 13:01:28,178 - System.tprint - INFO - ℹ️ ✅ Uniqueness weights computed. Mean: 1.0000, Min: 0.4373, Max: 1.3118 SUCCESS
[I 2025-12-14 13:01:28,816] Trial 1743 finished with value: -0.006758375155809981 and parameters: {'trail_distance_atr_mult': 0.9740867415464047}. Best is trial 126 with value: -0.000363295272717509.
[2025-12-14 13:01:30.029] ⚖️ Computing uniqueness weights for 9018 events... INFO
2025-12-14 13:01:30,030 - System.tprint - INFO - ℹ️ ⚖️ Computing uniqueness weights for 9018 events... INFO
[2025-12-14 13:01:30.039] ✅ Uniqueness weights computed. Mean: 1.0000, Min: 0.4373, Max: 1.3118 SUCCESS
2025-12-14 13:01:30,039 - System.tprint - INFO - ℹ️ ✅ Uniqueness weights computed. Mean: 1.0000, Min: 0.4373, Max: 1.3118 SUCCESS
[I 2025-12-14 13:01:30,734] Trial 1744 finished with value: -0.0067583615241377385 and parameters: {'trail_distance_atr_mult': 0.9718829149037237}. Best is trial 126 with value: -0.000363295272717509.
[2025-12-14 13:01:31.950] ⚖️ Computing uniqueness weights for 9018 events... INFO
2025-12-14 13:01:31,950 - System.tprint - INFO - ℹ️ ⚖️ Computing uniqueness weights for 9018 events... INFO
[2025-12-14 13:01:31.960] ✅ Uniqueness weights computed. Mean: 1.0000, Min: 0.4375, Max: 1.3124 SUCCESS
2025-12-14 13:01:31,960 - System.tprint - INFO - ℹ️ ✅ Uniqueness weights computed. Mean: 1.0000, Min: 0.4375, Max: 1.3124 SUCCESS
[I 2025-12-14 13:01:32,648] Trial 1745 finished with value: -0.002522398430936249 and parameters: {'trail_distance_atr_mult': 1.267788693495043}. Best is trial 126 with value: -0.000363295272717509.
[2025-12-14 13:01:33.869] ⚖️ Computing uniqueness weights for 9018 events... INFO
2025-12-14 13:01:33,869 - System.tprint - INFO - ℹ️ ⚖️ Computing uniqueness weights for 9018 events... INFO
[2025-12-14 13:01:33.880] ✅ Uniqueness weights computed. Mean: 1.0000, Min: 0.4372, Max: 1.3117 SUCCESS
2025-12-14 13:01:33,880 - System.tprint - INFO - ℹ️ ✅ Uniqueness weights computed. Mean: 1.0000, Min: 0.4372, Max: 1.3117 SUCCESS
[I 2025-12-14 13:01:34,521] Trial 1746 finished with value: -0.007479331783459741 and parameters: {'trail_distance_atr_mult': 0.6907734851528856}. Best is trial 126 with value: -0.000363295272717509.
[2025-12-14 13:01:35.739] ⚖️ Computing uniqueness weights for 9018 events... INFO
2025-12-14 13:01:35,740 - System.tprint - INFO - ℹ️ ⚖️ Computing uniqueness weights for 9018 events... INFO
[2025-12-14 13:01:35.750] ✅ Uniqueness weights computed. Mean: 1.0000, Min: 0.4372, Max: 1.3117 SUCCESS
2025-12-14 13:01:35,750 - System.tprint - INFO - ℹ️ ✅ Uniqueness weights computed. Mean: 1.0000, Min: 0.4372, Max: 1.3117 SUCCESS
[I 2025-12-14 13:01:36,389] Trial 1747 finished with value: -0.007321828937469562 and parameters: {'trail_distance_atr_mult': 0.5104206712690212}. Best is trial 126 with value: -0.000363295272717509.
[2025-12-14 13:01:37.588] ⚖️ Computing uniqueness weights for 9018 events... INFO
2025-12-14 13:01:37,588 - System.tprint - INFO - ℹ️ ⚖️ Computing uniqueness weights for 9018 events... INFO
[2025-12-14 13:01:37.598] ✅ Uniqueness weights computed. Mean: 1.0000, Min: 0.4373, Max: 1.3118 SUCCESS
2025-12-14 13:01:37,599 - System.tprint - INFO - ℹ️ ✅ Uniqueness weights computed. Mean: 1.0000, Min: 0.4373, Max: 1.3118 SUCCESS
[I 2025-12-14 13:01:38,236] Trial 1748 finished with value: -0.007291740649433371 and parameters: {'trail_distance_atr_mult': 0.9612305871869128}. Best is trial 126 with value: -0.000363295272717509.
[2025-12-14 13:01:39.442] ⚖️ Computing uniqueness weights for 9018 events... INFO
2025-12-14 13:01:39,442 - System.tprint - INFO - ℹ️ ⚖️ Computing uniqueness weights for 9018 events... INFO
[2025-12-14 13:01:39.453] ✅ Uniqueness weights computed. Mean: 1.0000, Min: 0.4375, Max: 1.3124 SUCCESS
2025-12-14 13:01:39,453 - System.tprint - INFO - ℹ️ ✅ Uniqueness weights computed. Mean: 1.0000, Min: 0.4375, Max: 1.3124 SUCCESS
