[I 2025-12-14 13:17:28,262] Trial 2204 finished with value: -0.0067281505181375845 and parameters: {'trail_distance_atr_mult': 0.7845495740738577}. Best is trial 126 with value: -0.000363295272717509.
[2025-12-14 13:17:29.463] ⚖️ Computing uniqueness weights for 9018 events... INFO
2025-12-14 13:17:29,463 - System.tprint - INFO - ℹ️ ⚖️ Computing uniqueness weights for 9018 events... INFO
[2025-12-14 13:17:29.473] ✅ Uniqueness weights computed. Mean: 1.0000, Min: 0.4373, Max: 1.3119 SUCCESS
2025-12-14 13:17:29,474 - System.tprint - INFO - ℹ️ ✅ Uniqueness weights computed. Mean: 1.0000, Min: 0.4373, Max: 1.3119 SUCCESS
[I 2025-12-14 13:17:30,112] Trial 2205 finished with value: -0.006751264701061338 and parameters: {'trail_distance_atr_mult': 1.0118378727068484}. Best is trial 126 with value: -0.000363295272717509.
[2025-12-14 13:17:31.381] ⚖️ Computing uniqueness weights for 9018 events... INFO
2025-12-14 13:17:31,381 - System.tprint - INFO - ℹ️ ⚖️ Computing uniqueness weights for 9018 events... INFO
[2025-12-14 13:17:31.391] ✅ Uniqueness weights computed. Mean: 1.0000, Min: 0.4374, Max: 1.3121 SUCCESS
2025-12-14 13:17:31,391 - System.tprint - INFO - ℹ️ ✅ Uniqueness weights computed. Mean: 1.0000, Min: 0.4374, Max: 1.3121 SUCCESS
[I 2025-12-14 13:17:32,025] Trial 2206 finished with value: -0.007701255320432229 and parameters: {'trail_distance_atr_mult': 1.1548543632648223}. Best is trial 126 with value: -0.000363295272717509.
[2025-12-14 13:17:33.224] ⚖️ Computing uniqueness weights for 9018 events... INFO
2025-12-14 13:17:33,224 - System.tprint - INFO - ℹ️ ⚖️ Computing uniqueness weights for 9018 events... INFO
[2025-12-14 13:17:33.233] ✅ Uniqueness weights computed. Mean: 1.0000, Min: 0.4372, Max: 1.3117 SUCCESS
2025-12-14 13:17:33,233 - System.tprint - INFO - ℹ️ ✅ Uniqueness weights computed. Mean: 1.0000, Min: 0.4372, Max: 1.3117 SUCCESS
[I 2025-12-14 13:17:33,869] Trial 2207 finished with value: -0.0034849037542104768 and parameters: {'trail_distance_atr_mult': 0.6609113879365026}. Best is trial 126 with value: -0.000363295272717509.
[2025-12-14 13:17:35.064] ⚖️ Computing uniqueness weights for 9018 events... INFO
2025-12-14 13:17:35,064 - System.tprint - INFO - ℹ️ ⚖️ Computing uniqueness weights for 9018 events... INFO
[2025-12-14 13:17:35.075] ✅ Uniqueness weights computed. Mean: 1.0000, Min: 0.4373, Max: 1.3118 SUCCESS
2025-12-14 13:17:35,075 - System.tprint - INFO - ℹ️ ✅ Uniqueness weights computed. Mean: 1.0000, Min: 0.4373, Max: 1.3118 SUCCESS
[I 2025-12-14 13:17:35,718] Trial 2208 finished with value: -0.006778387457627705 and parameters: {'trail_distance_atr_mult': 0.9299295496016102}. Best is trial 126 with value: -0.000363295272717509.
[2025-12-14 13:17:36.905] ⚖️ Computing uniqueness weights for 9018 events... INFO
2025-12-14 13:17:36,905 - System.tprint - INFO - ℹ️ ⚖️ Computing uniqueness weights for 9018 events... INFO
[2025-12-14 13:17:36.916] ✅ Uniqueness weights computed. Mean: 1.0000, Min: 0.4374, Max: 1.3121 SUCCESS
2025-12-14 13:17:36,916 - System.tprint - INFO - ℹ️ ✅ Uniqueness weights computed. Mean: 1.0000, Min: 0.4374, Max: 1.3121 SUCCESS
[I 2025-12-14 13:17:37,579] Trial 2209 finished with value: -0.007691777799468015 and parameters: {'trail_distance_atr_mult': 1.1601997111943438}. Best is trial 126 with value: -0.000363295272717509.
[2025-12-14 13:17:38.758] ⚖️ Computing uniqueness weights for 9018 events... INFO
2025-12-14 13:17:38,758 - System.tprint - INFO - ℹ️ ⚖️ Computing uniqueness weights for 9018 events... INFO
[2025-12-14 13:17:38.768] ✅ Uniqueness weights computed. Mean: 1.0000, Min: 0.4372, Max: 1.3117 SUCCESS
2025-12-14 13:17:38,768 - System.tprint - INFO - ℹ️ ✅ Uniqueness weights computed. Mean: 1.0000, Min: 0.4372, Max: 1.3117 SUCCESS
[I 2025-12-14 13:17:39,456] Trial 2210 finished with value: -0.007321828937469562 and parameters: {'trail_distance_atr_mult': 0.5186540645929777}. Best is trial 126 with value: -0.000363295272717509.
[2025-12-14 13:17:40.675] ⚖️ Computing uniqueness weights for 9018 events... INFO
2025-12-14 13:17:40,675 - System.tprint - INFO - ℹ️ ⚖️ Computing uniqueness weights for 9018 events... INFO
[2025-12-14 13:17:40.684] ✅ Uniqueness weights computed. Mean: 1.0000, Min: 0.4373, Max: 1.3118 SUCCESS
2025-12-14 13:17:40,684 - System.tprint - INFO - ℹ️ ✅ Uniqueness weights computed. Mean: 1.0000, Min: 0.4373, Max: 1.3118 SUCCESS
[I 2025-12-14 13:17:41,323] Trial 2211 finished with value: -0.006681122493165618 and parameters: {'trail_distance_atr_mult': 0.874685899082751}. Best is trial 126 with value: -0.000363295272717509.
[2025-12-14 13:17:42.542] ⚖️ Computing uniqueness weights for 9018 events... INFO
2025-12-14 13:17:42,542 - System.tprint - INFO - ℹ️ ⚖️ Computing uniqueness weights for 9018 events... INFO
[2025-12-14 13:17:42.552] ✅ Uniqueness weights computed. Mean: 1.0000, Min: 0.4375, Max: 1.3124 SUCCESS
2025-12-14 13:17:42,552 - System.tprint - INFO - ℹ️ ✅ Uniqueness weights computed. Mean: 1.0000, Min: 0.4375, Max: 1.3124 SUCCESS
[I 2025-12-14 13:17:43,190] Trial 2212 finished with value: -0.003237355166167146 and parameters: {'trail_distance_atr_mult': 1.3157782288722397}. Best is trial 126 with value: -0.000363295272717509.
[2025-12-14 13:17:44.409] ⚖️ Computing uniqueness weights for 9018 events... INFO
2025-12-14 13:17:44,409 - System.tprint - INFO - ℹ️ ⚖️ Computing uniqueness weights for 9018 events... INFO
[2025-12-14 13:17:44.419] ✅ Uniqueness weights computed. Mean: 1.0000, Min: 0.4373, Max: 1.3119 SUCCESS
2025-12-14 13:17:44,419 - System.tprint - INFO - ℹ️ ✅ Uniqueness weights computed. Mean: 1.0000, Min: 0.4373, Max: 1.3119 SUCCESS
[I 2025-12-14 13:17:45,057] Trial 2213 finished with value: -0.0030846801701730937 and parameters: {'trail_distance_atr_mult': 1.0187727009454146}. Best is trial 126 with value: -0.000363295272717509.
[2025-12-14 13:17:46.276] ⚖️ Computing uniqueness weights for 9018 events... INFO
2025-12-14 13:17:46,276 - System.tprint - INFO - ℹ️ ⚖️ Computing uniqueness weights for 9018 events... INFO
[2025-12-14 13:17:46.285] ✅ Uniqueness weights computed. Mean: 1.0000, Min: 0.4372, Max: 1.3117 SUCCESS
2025-12-14 13:17:46,285 - System.tprint - INFO - ℹ️ ✅ Uniqueness weights computed. Mean: 1.0000, Min: 0.4372, Max: 1.3117 SUCCESS
[I 2025-12-14 13:17:46,950] Trial 2214 finished with value: -0.0067278513310637415 and parameters: {'trail_distance_atr_mult': 0.8135663131793311}. Best is trial 126 with value: -0.000363295272717509.
[2025-12-14 13:17:48.123] ⚖️ Computing uniqueness weights for 9018 events... INFO
2025-12-14 13:17:48,124 - System.tprint - INFO - ℹ️ ⚖️ Computing uniqueness weights for 9018 events... INFO
[2025-12-14 13:17:48.136] ✅ Uniqueness weights computed. Mean: 1.0000, Min: 0.4374, Max: 1.3121 SUCCESS
2025-12-14 13:17:48,136 - System.tprint - INFO - ℹ️ ✅ Uniqueness weights computed. Mean: 1.0000, Min: 0.4374, Max: 1.3121 SUCCESS
[I 2025-12-14 13:17:48,816] Trial 2215 finished with value: -0.007691777838075691 and parameters: {'trail_distance_atr_mult': 1.1601900854750846}. Best is trial 126 with value: -0.000363295272717509.
[2025-12-14 13:17:50.042] ⚖️ Computing uniqueness weights for 9018 events... INFO
2025-12-14 13:17:50,042 - System.tprint - INFO - ℹ️ ⚖️ Computing uniqueness weights for 9018 events... INFO
[2025-12-14 13:17:50.052] ✅ Uniqueness weights computed. Mean: 1.0000, Min: 0.4373, Max: 1.3119 SUCCESS
2025-12-14 13:17:50,052 - System.tprint - INFO - ℹ️ ✅ Uniqueness weights computed. Mean: 1.0000, Min: 0.4373, Max: 1.3119 SUCCESS
[I 2025-12-14 13:17:50,697] Trial 2216 finished with value: -0.007527229849594845 and parameters: {'trail_distance_atr_mult': 1.0291422382475877}. Best is trial 126 with value: -0.000363295272717509.
[2025-12-14 13:17:51.915] ⚖️ Computing uniqueness weights for 9018 events... INFO
2025-12-14 13:17:51,915 - System.tprint - INFO - ℹ️ ⚖️ Computing uniqueness weights for 9018 events... INFO
[2025-12-14 13:17:51.926] ✅ Uniqueness weights computed. Mean: 1.0000, Min: 0.4372, Max: 1.3117 SUCCESS
2025-12-14 13:17:51,926 - System.tprint - INFO - ℹ️ ✅ Uniqueness weights computed. Mean: 1.0000, Min: 0.4372, Max: 1.3117 SUCCESS
[I 2025-12-14 13:17:52,563] Trial 2217 finished with value: -0.0067278497953467435 and parameters: {'trail_distance_atr_mult': 0.8137061015824378}. Best is trial 126 with value: -0.000363295272717509.
[2025-12-14 13:17:53.774] ⚖️ Computing uniqueness weights for 9018 events... INFO
2025-12-14 13:17:53,775 - System.tprint - INFO - ℹ️ ⚖️ Computing uniqueness weights for 9018 events... INFO
[2025-12-14 13:17:53.785] ✅ Uniqueness weights computed. Mean: 1.0000, Min: 0.4374, Max: 1.3121 SUCCESS
2025-12-14 13:17:53,785 - System.tprint - INFO - ℹ️ ✅ Uniqueness weights computed. Mean: 1.0000, Min: 0.4374, Max: 1.3121 SUCCESS
[I 2025-12-14 13:17:54,418] Trial 2218 finished with value: -0.004891564887549822 and parameters: {'trail_distance_atr_mult': 1.1881473922651202}. Best is trial 126 with value: -0.000363295272717509.
[2025-12-14 13:17:55.611] ⚖️ Computing uniqueness weights for 9018 events... INFO
2025-12-14 13:17:55,612 - System.tprint - INFO - ℹ️ ⚖️ Computing uniqueness weights for 9018 events... INFO
[2025-12-14 13:17:55.621] ✅ Uniqueness weights computed. Mean: 1.0000, Min: 0.4375, Max: 1.3124 SUCCESS
2025-12-14 13:17:55,622 - System.tprint - INFO - ℹ️ ✅ Uniqueness weights computed. Mean: 1.0000, Min: 0.4375, Max: 1.3124 SUCCESS
[I 2025-12-14 13:17:56,269] Trial 2219 finished with value: -0.0032373665989896333 and parameters: {'trail_distance_atr_mult': 1.353221064080104}. Best is trial 126 with value: -0.000363295272717509.
[2025-12-14 13:17:57.459] ⚖️ Computing uniqueness weights for 9018 events... INFO
2025-12-14 13:17:57,459 - System.tprint - INFO - ℹ️ ⚖️ Computing uniqueness weights for 9018 events... INFO
[2025-12-14 13:17:57.469] ✅ Uniqueness weights computed. Mean: 1.0000, Min: 0.4373, Max: 1.3119 SUCCESS
2025-12-14 13:17:57,469 - System.tprint - INFO - ℹ️ ✅ Uniqueness weights computed. Mean: 1.0000, Min: 0.4373, Max: 1.3119 SUCCESS
[I 2025-12-14 13:17:58,102] Trial 2220 finished with value: -0.006751223683366695 and parameters: {'trail_distance_atr_mult': 0.9990868396339336}. Best is trial 126 with value: -0.000363295272717509.
[2025-12-14 13:17:59.323] ⚖️ Computing uniqueness weights for 9018 events... INFO
2025-12-14 13:17:59,323 - System.tprint - INFO - ℹ️ ⚖️ Computing uniqueness weights for 9018 events... INFO
[2025-12-14 13:17:59.332] ✅ Uniqueness weights computed. Mean: 1.0000, Min: 0.4372, Max: 1.3117 SUCCESS
2025-12-14 13:17:59,332 - System.tprint - INFO - ℹ️ ✅ Uniqueness weights computed. Mean: 1.0000, Min: 0.4372, Max: 1.3117 SUCCESS
[I 2025-12-14 13:18:00,007] Trial 2221 finished with value: -0.0034849037542104768 and parameters: {'trail_distance_atr_mult': 0.6608585053922568}. Best is trial 126 with value: -0.000363295272717509.
[2025-12-14 13:18:01.211] ⚖️ Computing uniqueness weights for 9018 events... INFO
2025-12-14 13:18:01,212 - System.tprint - INFO - ℹ️ ⚖️ Computing uniqueness weights for 9018 events... INFO
[2025-12-14 13:18:01.221] ✅ Uniqueness weights computed. Mean: 1.0000, Min: 0.4373, Max: 1.3119 SUCCESS
2025-12-14 13:18:01,222 - System.tprint - INFO - ℹ️ ✅ Uniqueness weights computed. Mean: 1.0000, Min: 0.4373, Max: 1.3119 SUCCESS
[I 2025-12-14 13:18:01,869] Trial 2222 finished with value: -0.003084682846710633 and parameters: {'trail_distance_atr_mult': 1.0225087656994836}. Best is trial 126 with value: -0.000363295272717509.
[2025-12-14 13:18:03.084] ⚖️ Computing uniqueness weights for 9018 events... INFO
2025-12-14 13:18:03,085 - System.tprint - INFO - ℹ️ ⚖️ Computing uniqueness weights for 9018 events... INFO
[2025-12-14 13:18:03.095] ✅ Uniqueness weights computed. Mean: 1.0000, Min: 0.4374, Max: 1.3121 SUCCESS
2025-12-14 13:18:03,095 - System.tprint - INFO - ℹ️ ✅ Uniqueness weights computed. Mean: 1.0000, Min: 0.4374, Max: 1.3121 SUCCESS
[I 2025-12-14 13:18:03,766] Trial 2223 finished with value: -0.007702308604417623 and parameters: {'trail_distance_atr_mult': 1.1463978502158374}. Best is trial 126 with value: -0.000363295272717509.
[2025-12-14 13:18:04.951] ⚖️ Computing uniqueness weights for 9018 events... INFO
2025-12-14 13:18:04,951 - System.tprint - INFO - ℹ️ ⚖️ Computing uniqueness weights for 9018 events... INFO
[2025-12-14 13:18:04.961] ✅ Uniqueness weights computed. Mean: 1.0000, Min: 0.4373, Max: 1.3118 SUCCESS
2025-12-14 13:18:04,961 - System.tprint - INFO - ℹ️ ✅ Uniqueness weights computed. Mean: 1.0000, Min: 0.4373, Max: 1.3118 SUCCESS
[I 2025-12-14 13:18:05,725] Trial 2224 finished with value: -0.006584436061124825 and parameters: {'trail_distance_atr_mult': 0.8500443760972312}. Best is trial 126 with value: -0.000363295272717509.
[2025-12-14 13:18:07.028] ⚖️ Computing uniqueness weights for 9018 events... INFO
2025-12-14 13:18:07,028 - System.tprint - INFO - ℹ️ ⚖️ Computing uniqueness weights for 9018 events... INFO
[2025-12-14 13:18:07.038] ✅ Uniqueness weights computed. Mean: 1.0000, Min: 0.4375, Max: 1.3124 SUCCESS
2025-12-14 13:18:07,038 - System.tprint - INFO - ℹ️ ✅ Uniqueness weights computed. Mean: 1.0000, Min: 0.4375, Max: 1.3124 SUCCESS
[I 2025-12-14 13:18:07,770] Trial 2225 finished with value: -0.003237368650626945 and parameters: {'trail_distance_atr_mult': 1.3365696861594718}. Best is trial 126 with value: -0.000363295272717509.
[2025-12-14 13:18:08.981] ⚖️ Computing uniqueness weights for 9018 events... INFO
2025-12-14 13:18:08,982 - System.tprint - INFO - ℹ️ ⚖️ Computing uniqueness weights for 9018 events... INFO
[2025-12-14 13:18:08.992] ✅ Uniqueness weights computed. Mean: 1.0000, Min: 0.4373, Max: 1.3118 SUCCESS
2025-12-14 13:18:08,992 - System.tprint - INFO - ℹ️ ✅ Uniqueness weights computed. Mean: 1.0000, Min: 0.4373, Max: 1.3118 SUCCESS
[I 2025-12-14 13:18:09,840] Trial 2226 finished with value: -0.006741954452253229 and parameters: {'trail_distance_atr_mult': 0.9922149113036638}. Best is trial 126 with value: -0.000363295272717509.
[2025-12-14 13:18:11.548] ⚖️ Computing uniqueness weights for 9018 events... INFO
2025-12-14 13:18:11,548 - System.tprint - INFO - ℹ️ ⚖️ Computing uniqueness weights for 9018 events... INFO
[2025-12-14 13:18:11.561] ✅ Uniqueness weights computed. Mean: 1.0000, Min: 0.4372, Max: 1.3117 SUCCESS
2025-12-14 13:18:11,561 - System.tprint - INFO - ℹ️ ✅ Uniqueness weights computed. Mean: 1.0000, Min: 0.4372, Max: 1.3117 SUCCESS
[I 2025-12-14 13:18:12,567] Trial 2227 finished with value: -0.007479331783459741 and parameters: {'trail_distance_atr_mult': 0.6668278553683225}. Best is trial 126 with value: -0.000363295272717509.
[2025-12-14 13:18:14.102] ⚖️ Computing uniqueness weights for 9018 events... INFO
2025-12-14 13:18:14,102 - System.tprint - INFO - ℹ️ ⚖️ Computing uniqueness weights for 9018 events... INFO
[2025-12-14 13:18:14.111] ✅ Uniqueness weights computed. Mean: 1.0000, Min: 0.4374, Max: 1.3121 SUCCESS
2025-12-14 13:18:14,111 - System.tprint - INFO - ℹ️ ✅ Uniqueness weights computed. Mean: 1.0000, Min: 0.4374, Max: 1.3121 SUCCESS
[I 2025-12-14 13:18:14,777] Trial 2228 finished with value: -0.007445840518801871 and parameters: {'trail_distance_atr_mult': 1.1699246194006674}. Best is trial 126 with value: -0.000363295272717509.
[2025-12-14 13:18:16.102] ⚖️ Computing uniqueness weights for 9018 events... INFO
2025-12-14 13:18:16,102 - System.tprint - INFO - ℹ️ ⚖️ Computing uniqueness weights for 9018 events... INFO
[2025-12-14 13:18:16.116] ✅ Uniqueness weights computed. Mean: 1.0000, Min: 0.4373, Max: 1.3118 SUCCESS
2025-12-14 13:18:16,116 - System.tprint - INFO - ℹ️ ✅ Uniqueness weights computed. Mean: 1.0000, Min: 0.4373, Max: 1.3118 SUCCESS
[I 2025-12-14 13:18:17,006] Trial 2229 finished with value: -0.00680454068331162 and parameters: {'trail_distance_atr_mult': 0.8394810017921577}. Best is trial 126 with value: -0.000363295272717509.
[2025-12-14 13:18:18.409] ⚖️ Computing uniqueness weights for 9018 events... INFO
2025-12-14 13:18:18,409 - System.tprint - INFO - ℹ️ ⚖️ Computing uniqueness weights for 9018 events... INFO
[2025-12-14 13:18:18.420] ✅ Uniqueness weights computed. Mean: 1.0000, Min: 0.4374, Max: 1.3121 SUCCESS
2025-12-14 13:18:18,420 - System.tprint - INFO - ℹ️ ✅ Uniqueness weights computed. Mean: 1.0000, Min: 0.4374, Max: 1.3121 SUCCESS
[I 2025-12-14 13:18:19,371] Trial 2230 finished with value: -0.007445840752354225 and parameters: {'trail_distance_atr_mult': 1.1692344331957925}. Best is trial 126 with value: -0.000363295272717509.
[2025-12-14 13:18:20.811] ⚖️ Computing uniqueness weights for 9018 events... INFO
2025-12-14 13:18:20,811 - System.tprint - INFO - ℹ️ ⚖️ Computing uniqueness weights for 9018 events... INFO
[2025-12-14 13:18:20.823] ✅ Uniqueness weights computed. Mean: 1.0000, Min: 0.4373, Max: 1.3119 SUCCESS
2025-12-14 13:18:20,824 - System.tprint - INFO - ℹ️ ✅ Uniqueness weights computed. Mean: 1.0000, Min: 0.4373, Max: 1.3119 SUCCESS
[I 2025-12-14 13:18:21,720] Trial 2231 finished with value: -0.0067512341950005305 and parameters: {'trail_distance_atr_mult': 1.0023731068615893}. Best is trial 126 with value: -0.000363295272717509.
[2025-12-14 13:18:23.299] ⚖️ Computing uniqueness weights for 9018 events... INFO
2025-12-14 13:18:23,300 - System.tprint - INFO - ℹ️ ⚖️ Computing uniqueness weights for 9018 events... INFO
[2025-12-14 13:18:23.311] ✅ Uniqueness weights computed. Mean: 1.0000, Min: 0.4375, Max: 1.3125 SUCCESS
2025-12-14 13:18:23,311 - System.tprint - INFO - ℹ️ ✅ Uniqueness weights computed. Mean: 1.0000, Min: 0.4375, Max: 1.3125 SUCCESS
[I 2025-12-14 13:18:24,199] Trial 2232 finished with value: -0.0029956699399298343 and parameters: {'trail_distance_atr_mult': 1.3642346104747451}. Best is trial 126 with value: -0.000363295272717509.
[2025-12-14 13:18:25.580] ⚖️ Computing uniqueness weights for 9018 events... INFO
2025-12-14 13:18:25,580 - System.tprint - INFO - ℹ️ ⚖️ Computing uniqueness weights for 9018 events... INFO
[2025-12-14 13:18:25.591] ✅ Uniqueness weights computed. Mean: 1.0000, Min: 0.4372, Max: 1.3117 SUCCESS
2025-12-14 13:18:25,591 - System.tprint - INFO - ℹ️ ✅ Uniqueness weights computed. Mean: 1.0000, Min: 0.4372, Max: 1.3117 SUCCESS
[I 2025-12-14 13:18:26,486] Trial 2233 finished with value: -0.007479331783459741 and parameters: {'trail_distance_atr_mult': 0.6913122180149398}. Best is trial 126 with value: -0.000363295272717509.
[2025-12-14 13:18:27.899] ⚖️ Computing uniqueness weights for 9018 events... INFO
2025-12-14 13:18:27,899 - System.tprint - INFO - ℹ️ ⚖️ Computing uniqueness weights for 9018 events... INFO
[2025-12-14 13:18:27.909] ✅ Uniqueness weights computed. Mean: 1.0000, Min: 0.4373, Max: 1.3119 SUCCESS
2025-12-14 13:18:27,909 - System.tprint - INFO - ℹ️ ✅ Uniqueness weights computed. Mean: 1.0000, Min: 0.4373, Max: 1.3119 SUCCESS
[I 2025-12-14 13:18:28,562] Trial 2234 finished with value: -0.003084679452985355 and parameters: {'trail_distance_atr_mult': 1.0178366303272437}. Best is trial 126 with value: -0.000363295272717509.
[2025-12-14 13:18:29.784] ⚖️ Computing uniqueness weights for 9018 events... INFO
2025-12-14 13:18:29,784 - System.tprint - INFO - ℹ️ ⚖️ Computing uniqueness weights for 9018 events... INFO
[2025-12-14 13:18:29.794] ✅ Uniqueness weights computed. Mean: 1.0000, Min: 0.4374, Max: 1.3121 SUCCESS
2025-12-14 13:18:29,794 - System.tprint - INFO - ℹ️ ✅ Uniqueness weights computed. Mean: 1.0000, Min: 0.4374, Max: 1.3121 SUCCESS
[I 2025-12-14 13:18:30,427] Trial 2235 finished with value: -0.007691777464550057 and parameters: {'trail_distance_atr_mult': 1.1606027413769886}. Best is trial 126 with value: -0.000363295272717509.
[2025-12-14 13:18:31.631] ⚖️ Computing uniqueness weights for 9018 events... INFO
2025-12-14 13:18:31,631 - System.tprint - INFO - ℹ️ ⚖️ Computing uniqueness weights for 9018 events... INFO
[2025-12-14 13:18:31.640] ✅ Uniqueness weights computed. Mean: 1.0000, Min: 0.4373, Max: 1.3118 SUCCESS
2025-12-14 13:18:31,640 - System.tprint - INFO - ℹ️ ✅ Uniqueness weights computed. Mean: 1.0000, Min: 0.4373, Max: 1.3118 SUCCESS
[I 2025-12-14 13:18:32,272] Trial 2236 finished with value: -0.006804543852214062 and parameters: {'trail_distance_atr_mult': 0.8424894525598741}. Best is trial 126 with value: -0.000363295272717509.
[2025-12-14 13:18:33.497] ⚖️ Computing uniqueness weights for 9018 events... INFO
2025-12-14 13:18:33,497 - System.tprint - INFO - ℹ️ ⚖️ Computing uniqueness weights for 9018 events... INFO
[2025-12-14 13:18:33.506] ✅ Uniqueness weights computed. Mean: 1.0000, Min: 0.4374, Max: 1.3121 SUCCESS
2025-12-14 13:18:33,506 - System.tprint - INFO - ℹ️ ✅ Uniqueness weights computed. Mean: 1.0000, Min: 0.4374, Max: 1.3121 SUCCESS
[I 2025-12-14 13:18:34,136] Trial 2237 finished with value: -0.0074458488707067946 and parameters: {'trail_distance_atr_mult': 1.1679775862365087}. Best is trial 126 with value: -0.000363295272717509.
[2025-12-14 13:18:35.362] ⚖️ Computing uniqueness weights for 9018 events... INFO
2025-12-14 13:18:35,362 - System.tprint - INFO - ℹ️ ⚖️ Computing uniqueness weights for 9018 events... INFO
[2025-12-14 13:18:35.372] ✅ Uniqueness weights computed. Mean: 1.0000, Min: 0.4373, Max: 1.3118 SUCCESS
2025-12-14 13:18:35,372 - System.tprint - INFO - ℹ️ ✅ Uniqueness weights computed. Mean: 1.0000, Min: 0.4373, Max: 1.3118 SUCCESS
[I 2025-12-14 13:18:36,006] Trial 2238 finished with value: -0.0068889563490216466 and parameters: {'trail_distance_atr_mult': 0.9206117687362523}. Best is trial 126 with value: -0.000363295272717509.
[2025-12-14 13:18:37.206] ⚖️ Computing uniqueness weights for 9018 events... INFO
2025-12-14 13:18:37,206 - System.tprint - INFO - ℹ️ ⚖️ Computing uniqueness weights for 9018 events... INFO
[2025-12-14 13:18:37.216] ✅ Uniqueness weights computed. Mean: 1.0000, Min: 0.4372, Max: 1.3117 SUCCESS
2025-12-14 13:18:37,216 - System.tprint - INFO - ℹ️ ✅ Uniqueness weights computed. Mean: 1.0000, Min: 0.4372, Max: 1.3117 SUCCESS
