[I 2025-12-14 13:02:50,167] Trial 1784 finished with value: -0.007733067197762556 and parameters: {'trail_distance_atr_mult': 1.1301749083877384}. Best is trial 126 with value: -0.000363295272717509.
[2025-12-14 13:02:51.399] ⚖️ Computing uniqueness weights for 9018 events... INFO
2025-12-14 13:02:51,399 - System.tprint - INFO - ℹ️ ⚖️ Computing uniqueness weights for 9018 events... INFO
[2025-12-14 13:02:51.409] ✅ Uniqueness weights computed. Mean: 1.0000, Min: 0.4373, Max: 1.3120 SUCCESS
2025-12-14 13:02:51,409 - System.tprint - INFO - ℹ️ ✅ Uniqueness weights computed. Mean: 1.0000, Min: 0.4373, Max: 1.3120 SUCCESS
[I 2025-12-14 13:02:52,043] Trial 1785 finished with value: -0.00781648792147102 and parameters: {'trail_distance_atr_mult': 1.1155822174591494}. Best is trial 126 with value: -0.000363295272717509.
[2025-12-14 13:02:53.249] ⚖️ Computing uniqueness weights for 9018 events... INFO
2025-12-14 13:02:53,249 - System.tprint - INFO - ℹ️ ⚖️ Computing uniqueness weights for 9018 events... INFO
[2025-12-14 13:02:53.259] ✅ Uniqueness weights computed. Mean: 1.0000, Min: 0.4375, Max: 1.3124 SUCCESS
2025-12-14 13:02:53,259 - System.tprint - INFO - ℹ️ ✅ Uniqueness weights computed. Mean: 1.0000, Min: 0.4375, Max: 1.3124 SUCCESS
[I 2025-12-14 13:02:53,913] Trial 1786 finished with value: -0.002522389456609778 and parameters: {'trail_distance_atr_mult': 1.269404215562951}. Best is trial 126 with value: -0.000363295272717509.
[2025-12-14 13:02:55.122] ⚖️ Computing uniqueness weights for 9018 events... INFO
2025-12-14 13:02:55,122 - System.tprint - INFO - ℹ️ ⚖️ Computing uniqueness weights for 9018 events... INFO
[2025-12-14 13:02:55.132] ✅ Uniqueness weights computed. Mean: 1.0000, Min: 0.4373, Max: 1.3120 SUCCESS
2025-12-14 13:02:55,132 - System.tprint - INFO - ℹ️ ✅ Uniqueness weights computed. Mean: 1.0000, Min: 0.4373, Max: 1.3120 SUCCESS
[I 2025-12-14 13:02:55,767] Trial 1787 finished with value: -0.0016006568936886235 and parameters: {'trail_distance_atr_mult': 1.0841353629375345}. Best is trial 126 with value: -0.000363295272717509.
[2025-12-14 13:02:56.986] ⚖️ Computing uniqueness weights for 9018 events... INFO
2025-12-14 13:02:56,986 - System.tprint - INFO - ℹ️ ⚖️ Computing uniqueness weights for 9018 events... INFO
[2025-12-14 13:02:56.996] ✅ Uniqueness weights computed. Mean: 1.0000, Min: 0.4375, Max: 1.3124 SUCCESS
2025-12-14 13:02:56,996 - System.tprint - INFO - ℹ️ ✅ Uniqueness weights computed. Mean: 1.0000, Min: 0.4375, Max: 1.3124 SUCCESS
[I 2025-12-14 13:02:57,634] Trial 1788 finished with value: -0.004691737332449991 and parameters: {'trail_distance_atr_mult': 1.3106199306431954}. Best is trial 126 with value: -0.000363295272717509.
[2025-12-14 13:02:58.840] ⚖️ Computing uniqueness weights for 9018 events... INFO
2025-12-14 13:02:58,840 - System.tprint - INFO - ℹ️ ⚖️ Computing uniqueness weights for 9018 events... INFO
[2025-12-14 13:02:58.850] ✅ Uniqueness weights computed. Mean: 1.0000, Min: 0.4373, Max: 1.3120 SUCCESS
2025-12-14 13:02:58,850 - System.tprint - INFO - ℹ️ ✅ Uniqueness weights computed. Mean: 1.0000, Min: 0.4373, Max: 1.3120 SUCCESS
[I 2025-12-14 13:02:59,551] Trial 1789 finished with value: -0.007527260858257386 and parameters: {'trail_distance_atr_mult': 1.0666167490533844}. Best is trial 126 with value: -0.000363295272717509.
[2025-12-14 13:03:00.765] ⚖️ Computing uniqueness weights for 9018 events... INFO
2025-12-14 13:03:00,765 - System.tprint - INFO - ℹ️ ⚖️ Computing uniqueness weights for 9018 events... INFO
[2025-12-14 13:03:00.775] ✅ Uniqueness weights computed. Mean: 1.0000, Min: 0.4373, Max: 1.3120 SUCCESS
2025-12-14 13:03:00,775 - System.tprint - INFO - ℹ️ ✅ Uniqueness weights computed. Mean: 1.0000, Min: 0.4373, Max: 1.3120 SUCCESS
[I 2025-12-14 13:03:01,417] Trial 1790 finished with value: -0.0075272677631363725 and parameters: {'trail_distance_atr_mult': 1.075730301833084}. Best is trial 126 with value: -0.000363295272717509.
[2025-12-14 13:03:02.613] ⚖️ Computing uniqueness weights for 9018 events... INFO
2025-12-14 13:03:02,614 - System.tprint - INFO - ℹ️ ⚖️ Computing uniqueness weights for 9018 events... INFO
[2025-12-14 13:03:02.624] ✅ Uniqueness weights computed. Mean: 1.0000, Min: 0.4375, Max: 1.3124 SUCCESS
2025-12-14 13:03:02,624 - System.tprint - INFO - ℹ️ ✅ Uniqueness weights computed. Mean: 1.0000, Min: 0.4375, Max: 1.3124 SUCCESS
[I 2025-12-14 13:03:03,264] Trial 1791 finished with value: -0.003237375813724269 and parameters: {'trail_distance_atr_mult': 1.320670149479941}. Best is trial 126 with value: -0.000363295272717509.
[2025-12-14 13:03:04.490] ⚖️ Computing uniqueness weights for 9018 events... INFO
2025-12-14 13:03:04,490 - System.tprint - INFO - ℹ️ ⚖️ Computing uniqueness weights for 9018 events... INFO
[2025-12-14 13:03:04.499] ✅ Uniqueness weights computed. Mean: 1.0000, Min: 0.4373, Max: 1.3120 SUCCESS
2025-12-14 13:03:04,500 - System.tprint - INFO - ℹ️ ✅ Uniqueness weights computed. Mean: 1.0000, Min: 0.4373, Max: 1.3120 SUCCESS
[I 2025-12-14 13:03:05,132] Trial 1792 finished with value: -0.0075820184942626614 and parameters: {'trail_distance_atr_mult': 1.0796808881240314}. Best is trial 126 with value: -0.000363295272717509.
[2025-12-14 13:03:06.381] ⚖️ Computing uniqueness weights for 9018 events... INFO
2025-12-14 13:03:06,381 - System.tprint - INFO - ℹ️ ⚖️ Computing uniqueness weights for 9018 events... INFO
[2025-12-14 13:03:06.392] ✅ Uniqueness weights computed. Mean: 1.0000, Min: 0.4373, Max: 1.3120 SUCCESS
2025-12-14 13:03:06,392 - System.tprint - INFO - ℹ️ ✅ Uniqueness weights computed. Mean: 1.0000, Min: 0.4373, Max: 1.3120 SUCCESS
[I 2025-12-14 13:03:07,067] Trial 1793 finished with value: -0.0008138622239956758 and parameters: {'trail_distance_atr_mult': 1.0859060150796527}. Best is trial 126 with value: -0.000363295272717509.
[2025-12-14 13:03:08.283] ⚖️ Computing uniqueness weights for 9018 events... INFO
2025-12-14 13:03:08,284 - System.tprint - INFO - ℹ️ ⚖️ Computing uniqueness weights for 9018 events... INFO
[2025-12-14 13:03:08.293] ✅ Uniqueness weights computed. Mean: 1.0000, Min: 0.4374, Max: 1.3121 SUCCESS
2025-12-14 13:03:08,293 - System.tprint - INFO - ℹ️ ✅ Uniqueness weights computed. Mean: 1.0000, Min: 0.4374, Max: 1.3121 SUCCESS
[I 2025-12-14 13:03:08,931] Trial 1794 finished with value: -0.007701243067671661 and parameters: {'trail_distance_atr_mult': 1.1571752991540807}. Best is trial 126 with value: -0.000363295272717509.
[2025-12-14 13:03:10.149] ⚖️ Computing uniqueness weights for 9018 events... INFO
2025-12-14 13:03:10,149 - System.tprint - INFO - ℹ️ ⚖️ Computing uniqueness weights for 9018 events... INFO
[2025-12-14 13:03:10.158] ✅ Uniqueness weights computed. Mean: 1.0000, Min: 0.4374, Max: 1.3121 SUCCESS
2025-12-14 13:03:10,158 - System.tprint - INFO - ℹ️ ✅ Uniqueness weights computed. Mean: 1.0000, Min: 0.4374, Max: 1.3121 SUCCESS
[I 2025-12-14 13:03:10,796] Trial 1795 finished with value: -0.007702332375472848 and parameters: {'trail_distance_atr_mult': 1.1420965418976112}. Best is trial 126 with value: -0.000363295272717509.
[2025-12-14 13:03:11.971] ⚖️ Computing uniqueness weights for 9018 events... INFO
2025-12-14 13:03:11,971 - System.tprint - INFO - ℹ️ ⚖️ Computing uniqueness weights for 9018 events... INFO
[2025-12-14 13:03:11.980] ✅ Uniqueness weights computed. Mean: 1.0000, Min: 0.4375, Max: 1.3124 SUCCESS
2025-12-14 13:03:11,981 - System.tprint - INFO - ℹ️ ✅ Uniqueness weights computed. Mean: 1.0000, Min: 0.4375, Max: 1.3124 SUCCESS
[I 2025-12-14 13:03:12,827] Trial 1796 finished with value: -0.005837572923592092 and parameters: {'trail_distance_atr_mult': 1.295184606501722}. Best is trial 126 with value: -0.000363295272717509.
[2025-12-14 13:03:13.986] ⚖️ Computing uniqueness weights for 9018 events... INFO
2025-12-14 13:03:13,987 - System.tprint - INFO - ℹ️ ⚖️ Computing uniqueness weights for 9018 events... INFO
[2025-12-14 13:03:13.997] ✅ Uniqueness weights computed. Mean: 1.0000, Min: 0.4373, Max: 1.3120 SUCCESS
2025-12-14 13:03:13,997 - System.tprint - INFO - ℹ️ ✅ Uniqueness weights computed. Mean: 1.0000, Min: 0.4373, Max: 1.3120 SUCCESS
[I 2025-12-14 13:03:14,704] Trial 1797 finished with value: -0.007658103613629684 and parameters: {'trail_distance_atr_mult': 1.1057994141610195}. Best is trial 126 with value: -0.000363295272717509.
[2025-12-14 13:03:15.914] ⚖️ Computing uniqueness weights for 9018 events... INFO
2025-12-14 13:03:15,914 - System.tprint - INFO - ℹ️ ⚖️ Computing uniqueness weights for 9018 events... INFO
[2025-12-14 13:03:15.924] ✅ Uniqueness weights computed. Mean: 1.0000, Min: 0.4373, Max: 1.3120 SUCCESS
2025-12-14 13:03:15,924 - System.tprint - INFO - ℹ️ ✅ Uniqueness weights computed. Mean: 1.0000, Min: 0.4373, Max: 1.3120 SUCCESS
[I 2025-12-14 13:03:16,793] Trial 1798 finished with value: -0.0076580915645956945 and parameters: {'trail_distance_atr_mult': 1.1128655346030534}. Best is trial 126 with value: -0.000363295272717509.
[2025-12-14 13:03:18.009] ⚖️ Computing uniqueness weights for 9018 events... INFO
2025-12-14 13:03:18,009 - System.tprint - INFO - ℹ️ ⚖️ Computing uniqueness weights for 9018 events... INFO
[2025-12-14 13:03:18.019] ✅ Uniqueness weights computed. Mean: 1.0000, Min: 0.4375, Max: 1.3124 SUCCESS
2025-12-14 13:03:18,019 - System.tprint - INFO - ℹ️ ✅ Uniqueness weights computed. Mean: 1.0000, Min: 0.4375, Max: 1.3124 SUCCESS
[I 2025-12-14 13:03:18,662] Trial 1799 finished with value: -0.0046399315583532715 and parameters: {'trail_distance_atr_mult': 1.288649439841435}. Best is trial 126 with value: -0.000363295272717509.
[2025-12-14 13:03:19.863] ⚖️ Computing uniqueness weights for 9018 events... INFO
2025-12-14 13:03:19,863 - System.tprint - INFO - ℹ️ ⚖️ Computing uniqueness weights for 9018 events... INFO
[2025-12-14 13:03:19.874] ✅ Uniqueness weights computed. Mean: 1.0000, Min: 0.4373, Max: 1.3119 SUCCESS
2025-12-14 13:03:19,874 - System.tprint - INFO - ℹ️ ✅ Uniqueness weights computed. Mean: 1.0000, Min: 0.4373, Max: 1.3119 SUCCESS
[I 2025-12-14 13:03:20,508] Trial 1800 finished with value: -0.007527245263469977 and parameters: {'trail_distance_atr_mult': 1.053795657121521}. Best is trial 126 with value: -0.000363295272717509.
[2025-12-14 13:03:21.716] ⚖️ Computing uniqueness weights for 9018 events... INFO
2025-12-14 13:03:21,716 - System.tprint - INFO - ℹ️ ⚖️ Computing uniqueness weights for 9018 events... INFO
[2025-12-14 13:03:21.725] ✅ Uniqueness weights computed. Mean: 1.0000, Min: 0.4373, Max: 1.3120 SUCCESS
2025-12-14 13:03:21,725 - System.tprint - INFO - ℹ️ ✅ Uniqueness weights computed. Mean: 1.0000, Min: 0.4373, Max: 1.3120 SUCCESS
[I 2025-12-14 13:03:22,390] Trial 1801 finished with value: -0.00752725963593149 and parameters: {'trail_distance_atr_mult': 1.0657041638914504}. Best is trial 126 with value: -0.000363295272717509.
[2025-12-14 13:03:23.894] ⚖️ Computing uniqueness weights for 9018 events... INFO
2025-12-14 13:03:23,894 - System.tprint - INFO - ℹ️ ⚖️ Computing uniqueness weights for 9018 events... INFO
[2025-12-14 13:03:23.907] ✅ Uniqueness weights computed. Mean: 1.0000, Min: 0.4373, Max: 1.3120 SUCCESS
2025-12-14 13:03:23,907 - System.tprint - INFO - ℹ️ ✅ Uniqueness weights computed. Mean: 1.0000, Min: 0.4373, Max: 1.3120 SUCCESS
[I 2025-12-14 13:03:24,947] Trial 1802 finished with value: -0.0008138621799280277 and parameters: {'trail_distance_atr_mult': 1.0864079585256254}. Best is trial 126 with value: -0.000363295272717509.
[2025-12-14 13:03:26.668] ⚖️ Computing uniqueness weights for 9018 events... INFO
2025-12-14 13:03:26,668 - System.tprint - INFO - ℹ️ ⚖️ Computing uniqueness weights for 9018 events... INFO
[2025-12-14 13:03:26.679] ✅ Uniqueness weights computed. Mean: 1.0000, Min: 0.4373, Max: 1.3119 SUCCESS
2025-12-14 13:03:26,679 - System.tprint - INFO - ℹ️ ✅ Uniqueness weights computed. Mean: 1.0000, Min: 0.4373, Max: 1.3119 SUCCESS
[I 2025-12-14 13:03:27,502] Trial 1803 finished with value: -0.007527233167572637 and parameters: {'trail_distance_atr_mult': 1.0437635436753145}. Best is trial 126 with value: -0.000363295272717509.
[2025-12-14 13:03:28.878] ⚖️ Computing uniqueness weights for 9018 events... INFO
2025-12-14 13:03:28,878 - System.tprint - INFO - ℹ️ ⚖️ Computing uniqueness weights for 9018 events... INFO
[2025-12-14 13:03:28.889] ✅ Uniqueness weights computed. Mean: 1.0000, Min: 0.4373, Max: 1.3119 SUCCESS
2025-12-14 13:03:28,889 - System.tprint - INFO - ℹ️ ✅ Uniqueness weights computed. Mean: 1.0000, Min: 0.4373, Max: 1.3119 SUCCESS
[I 2025-12-14 13:03:29,778] Trial 1804 finished with value: -0.003084683551571995 and parameters: {'trail_distance_atr_mult': 1.0234173837733889}. Best is trial 126 with value: -0.000363295272717509.
[2025-12-14 13:03:31.167] ⚖️ Computing uniqueness weights for 9018 events... INFO
2025-12-14 13:03:31,167 - System.tprint - INFO - ℹ️ ⚖️ Computing uniqueness weights for 9018 events... INFO
[2025-12-14 13:03:31.178] ✅ Uniqueness weights computed. Mean: 1.0000, Min: 0.4374, Max: 1.3121 SUCCESS
2025-12-14 13:03:31,178 - System.tprint - INFO - ℹ️ ✅ Uniqueness weights computed. Mean: 1.0000, Min: 0.4374, Max: 1.3121 SUCCESS
[I 2025-12-14 13:03:32,068] Trial 1805 finished with value: -0.004891370874614919 and parameters: {'trail_distance_atr_mult': 1.1960410760160052}. Best is trial 126 with value: -0.000363295272717509.
[2025-12-14 13:03:33.437] ⚖️ Computing uniqueness weights for 9018 events... INFO
2025-12-14 13:03:33,437 - System.tprint - INFO - ℹ️ ⚖️ Computing uniqueness weights for 9018 events... INFO
[2025-12-14 13:03:33.449] ✅ Uniqueness weights computed. Mean: 1.0000, Min: 0.4375, Max: 1.3124 SUCCESS
2025-12-14 13:03:33,449 - System.tprint - INFO - ℹ️ ✅ Uniqueness weights computed. Mean: 1.0000, Min: 0.4375, Max: 1.3124 SUCCESS
[I 2025-12-14 13:03:34,342] Trial 1806 finished with value: -0.0032373757917900556 and parameters: {'trail_distance_atr_mult': 1.3207334855119202}. Best is trial 126 with value: -0.000363295272717509.
[2025-12-14 13:03:35.732] ⚖️ Computing uniqueness weights for 9018 events... INFO
2025-12-14 13:03:35,733 - System.tprint - INFO - ℹ️ ⚖️ Computing uniqueness weights for 9018 events... INFO
[2025-12-14 13:03:35.744] ✅ Uniqueness weights computed. Mean: 1.0000, Min: 0.4373, Max: 1.3119 SUCCESS
2025-12-14 13:03:35,744 - System.tprint - INFO - ℹ️ ✅ Uniqueness weights computed. Mean: 1.0000, Min: 0.4373, Max: 1.3119 SUCCESS
[I 2025-12-14 13:03:36,671] Trial 1807 finished with value: -0.007527236353989033 and parameters: {'trail_distance_atr_mult': 1.0464782269465098}. Best is trial 126 with value: -0.000363295272717509.
[2025-12-14 13:03:40.632] ⚖️ Computing uniqueness weights for 9018 events... INFO
2025-12-14 13:03:40,633 - System.tprint - INFO - ℹ️ ⚖️ Computing uniqueness weights for 9018 events... INFO
[2025-12-14 13:03:40.646] ✅ Uniqueness weights computed. Mean: 1.0000, Min: 0.4373, Max: 1.3119 SUCCESS
2025-12-14 13:03:40,646 - System.tprint - INFO - ℹ️ ✅ Uniqueness weights computed. Mean: 1.0000, Min: 0.4373, Max: 1.3119 SUCCESS
[I 2025-12-14 13:03:41,700] Trial 1808 finished with value: -0.007527235370304007 and parameters: {'trail_distance_atr_mult': 1.045623645304577}. Best is trial 126 with value: -0.000363295272717509.
[2025-12-14 13:03:43.393] ⚖️ Computing uniqueness weights for 9018 events... INFO
2025-12-14 13:03:43,394 - System.tprint - INFO - ℹ️ ⚖️ Computing uniqueness weights for 9018 events... INFO
[2025-12-14 13:03:43.406] ✅ Uniqueness weights computed. Mean: 1.0000, Min: 0.4375, Max: 1.3124 SUCCESS
2025-12-14 13:03:43,406 - System.tprint - INFO - ℹ️ ✅ Uniqueness weights computed. Mean: 1.0000, Min: 0.4375, Max: 1.3124 SUCCESS
[I 2025-12-14 13:03:44,689] Trial 1809 finished with value: -0.005837420408015416 and parameters: {'trail_distance_atr_mult': 1.2958162231241572}. Best is trial 126 with value: -0.000363295272717509.
[2025-12-14 13:03:46.193] ⚖️ Computing uniqueness weights for 9018 events... INFO
2025-12-14 13:03:46,193 - System.tprint - INFO - ℹ️ ⚖️ Computing uniqueness weights for 9018 events... INFO
[2025-12-14 13:03:46.204] ✅ Uniqueness weights computed. Mean: 1.0000, Min: 0.4373, Max: 1.3119 SUCCESS
2025-12-14 13:03:46,204 - System.tprint - INFO - ℹ️ ✅ Uniqueness weights computed. Mean: 1.0000, Min: 0.4373, Max: 1.3119 SUCCESS
[I 2025-12-14 13:03:47,408] Trial 1810 finished with value: -0.007527229312659978 and parameters: {'trail_distance_atr_mult': 1.0307514500077806}. Best is trial 126 with value: -0.000363295272717509.
[2025-12-14 13:03:49.503] ⚖️ Computing uniqueness weights for 9018 events... INFO
2025-12-14 13:03:49,503 - System.tprint - INFO - ℹ️ ⚖️ Computing uniqueness weights for 9018 events... INFO
[2025-12-14 13:03:49.517] ✅ Uniqueness weights computed. Mean: 1.0000, Min: 0.4374, Max: 1.3121 SUCCESS
2025-12-14 13:03:49,517 - System.tprint - INFO - ℹ️ ✅ Uniqueness weights computed. Mean: 1.0000, Min: 0.4374, Max: 1.3121 SUCCESS
[I 2025-12-14 13:03:50,989] Trial 1811 finished with value: -0.007691777563713288 and parameters: {'trail_distance_atr_mult': 1.1605296278447987}. Best is trial 126 with value: -0.000363295272717509.
[2025-12-14 13:03:52.635] ⚖️ Computing uniqueness weights for 9018 events... INFO
2025-12-14 13:03:52,636 - System.tprint - INFO - ℹ️ ⚖️ Computing uniqueness weights for 9018 events... INFO
[2025-12-14 13:03:52.648] ✅ Uniqueness weights computed. Mean: 1.0000, Min: 0.4373, Max: 1.3119 SUCCESS
2025-12-14 13:03:52,648 - System.tprint - INFO - ℹ️ ✅ Uniqueness weights computed. Mean: 1.0000, Min: 0.4373, Max: 1.3119 SUCCESS
[I 2025-12-14 13:03:54,791] Trial 1812 finished with value: -0.006751246380294267 and parameters: {'trail_distance_atr_mult': 1.0061544813624084}. Best is trial 126 with value: -0.000363295272717509.
[2025-12-14 13:03:56.573] ⚖️ Computing uniqueness weights for 9018 events... INFO
2025-12-14 13:03:56,573 - System.tprint - INFO - ℹ️ ⚖️ Computing uniqueness weights for 9018 events... INFO
[2025-12-14 13:03:56.585] ✅ Uniqueness weights computed. Mean: 1.0000, Min: 0.4375, Max: 1.3124 SUCCESS
2025-12-14 13:03:56,585 - System.tprint - INFO - ℹ️ ✅ Uniqueness weights computed. Mean: 1.0000, Min: 0.4375, Max: 1.3124 SUCCESS
[I 2025-12-14 13:03:57,464] Trial 1813 finished with value: -0.007787898727744899 and parameters: {'trail_distance_atr_mult': 1.3143220377392002}. Best is trial 126 with value: -0.000363295272717509.
[2025-12-14 13:03:58.657] ⚖️ Computing uniqueness weights for 9018 events... INFO
2025-12-14 13:03:58,657 - System.tprint - INFO - ℹ️ ⚖️ Computing uniqueness weights for 9018 events... INFO
[2025-12-14 13:03:58.667] ✅ Uniqueness weights computed. Mean: 1.0000, Min: 0.4373, Max: 1.3119 SUCCESS
2025-12-14 13:03:58,667 - System.tprint - INFO - ℹ️ ✅ Uniqueness weights computed. Mean: 1.0000, Min: 0.4373, Max: 1.3119 SUCCESS
[I 2025-12-14 13:03:59,670] Trial 1814 finished with value: -0.006751255316873395 and parameters: {'trail_distance_atr_mult': 1.0089438961817145}. Best is trial 126 with value: -0.000363295272717509.
[2025-12-14 13:04:01.163] ⚖️ Computing uniqueness weights for 9018 events... INFO
2025-12-14 13:04:01,163 - System.tprint - INFO - ℹ️ ⚖️ Computing uniqueness weights for 9018 events... INFO
[2025-12-14 13:04:01.172] ✅ Uniqueness weights computed. Mean: 1.0000, Min: 0.4374, Max: 1.3121 SUCCESS
2025-12-14 13:04:01,172 - System.tprint - INFO - ℹ️ ✅ Uniqueness weights computed. Mean: 1.0000, Min: 0.4374, Max: 1.3121 SUCCESS
[I 2025-12-14 13:04:02,035] Trial 1815 finished with value: -0.007701258472029861 and parameters: {'trail_distance_atr_mult': 1.1543302138789533}. Best is trial 126 with value: -0.000363295272717509.
[2025-12-14 13:04:03.236] ⚖️ Computing uniqueness weights for 9018 events... INFO
2025-12-14 13:04:03,236 - System.tprint - INFO - ℹ️ ⚖️ Computing uniqueness weights for 9018 events... INFO
[2025-12-14 13:04:03.246] ✅ Uniqueness weights computed. Mean: 1.0000, Min: 0.4373, Max: 1.3119 SUCCESS
2025-12-14 13:04:03,246 - System.tprint - INFO - ℹ️ ✅ Uniqueness weights computed. Mean: 1.0000, Min: 0.4373, Max: 1.3119 SUCCESS
[I 2025-12-14 13:04:03,889] Trial 1816 finished with value: -0.006751242912588264 and parameters: {'trail_distance_atr_mult': 1.0050780049286228}. Best is trial 126 with value: -0.000363295272717509.
[2025-12-14 13:04:05.073] ⚖️ Computing uniqueness weights for 9018 events... INFO
2025-12-14 13:04:05,073 - System.tprint - INFO - ℹ️ ⚖️ Computing uniqueness weights for 9018 events... INFO
[2025-12-14 13:04:05.083] ✅ Uniqueness weights computed. Mean: 1.0000, Min: 0.4375, Max: 1.3124 SUCCESS
2025-12-14 13:04:05,083 - System.tprint - INFO - ℹ️ ✅ Uniqueness weights computed. Mean: 1.0000, Min: 0.4375, Max: 1.3124 SUCCESS
[I 2025-12-14 13:04:06,285] Trial 1817 finished with value: -0.007787899657174048 and parameters: {'trail_distance_atr_mult': 1.3141541276084803}. Best is trial 126 with value: -0.000363295272717509.
[2025-12-14 13:04:07.639] ⚖️ Computing uniqueness weights for 9018 events... INFO
2025-12-14 13:04:07,639 - System.tprint - INFO - ℹ️ ⚖️ Computing uniqueness weights for 9018 events... INFO
[2025-12-14 13:04:07.650] ✅ Uniqueness weights computed. Mean: 1.0000, Min: 0.4373, Max: 1.3119 SUCCESS
2025-12-14 13:04:07,650 - System.tprint - INFO - ℹ️ ✅ Uniqueness weights computed. Mean: 1.0000, Min: 0.4373, Max: 1.3119 SUCCESS
[I 2025-12-14 13:04:08,405] Trial 1818 finished with value: -0.0030846805256413215 and parameters: {'trail_distance_atr_mult': 1.0192333200971555}. Best is trial 126 with value: -0.000363295272717509.
[2025-12-14 13:04:09.591] ⚖️ Computing uniqueness weights for 9018 events... INFO
2025-12-14 13:04:09,591 - System.tprint - INFO - ℹ️ ⚖️ Computing uniqueness weights for 9018 events... INFO
[2025-12-14 13:04:09.602] ✅ Uniqueness weights computed. Mean: 1.0000, Min: 0.4374, Max: 1.3121 SUCCESS
2025-12-14 13:04:09,602 - System.tprint - INFO - ℹ️ ✅ Uniqueness weights computed. Mean: 1.0000, Min: 0.4374, Max: 1.3121 SUCCESS
