[I 2025-12-14 13:31:00,489] Trial 2589 finished with value: -0.006751242047481902 and parameters: {'trail_distance_atr_mult': 1.004804243267865}. Best is trial 126 with value: -0.000363295272717509.
[2025-12-14 13:31:01.719] ⚖️ Computing uniqueness weights for 9018 events... INFO
2025-12-14 13:31:01,720 - System.tprint - INFO - ℹ️ ⚖️ Computing uniqueness weights for 9018 events... INFO
[2025-12-14 13:31:01.730] ✅ Uniqueness weights computed. Mean: 1.0000, Min: 0.4373, Max: 1.3119 SUCCESS
2025-12-14 13:31:01,731 - System.tprint - INFO - ℹ️ ✅ Uniqueness weights computed. Mean: 1.0000, Min: 0.4373, Max: 1.3119 SUCCESS
[I 2025-12-14 13:31:02,364] Trial 2590 finished with value: -0.006751232655981173 and parameters: {'trail_distance_atr_mult': 1.0018873433369693}. Best is trial 126 with value: -0.000363295272717509.
[2025-12-14 13:31:03.567] ⚖️ Computing uniqueness weights for 9018 events... INFO
2025-12-14 13:31:03,567 - System.tprint - INFO - ℹ️ ⚖️ Computing uniqueness weights for 9018 events... INFO
[2025-12-14 13:31:03.578] ✅ Uniqueness weights computed. Mean: 1.0000, Min: 0.4372, Max: 1.3117 SUCCESS
2025-12-14 13:31:03,578 - System.tprint - INFO - ℹ️ ✅ Uniqueness weights computed. Mean: 1.0000, Min: 0.4372, Max: 1.3117 SUCCESS
[I 2025-12-14 13:31:04,211] Trial 2591 finished with value: -0.007479331783459741 and parameters: {'trail_distance_atr_mult': 0.6830416244331623}. Best is trial 126 with value: -0.000363295272717509.
[2025-12-14 13:31:05.423] ⚖️ Computing uniqueness weights for 9018 events... INFO
2025-12-14 13:31:05,423 - System.tprint - INFO - ℹ️ ⚖️ Computing uniqueness weights for 9018 events... INFO
[2025-12-14 13:31:05.433] ✅ Uniqueness weights computed. Mean: 1.0000, Min: 0.4373, Max: 1.3119 SUCCESS
2025-12-14 13:31:05,433 - System.tprint - INFO - ℹ️ ✅ Uniqueness weights computed. Mean: 1.0000, Min: 0.4373, Max: 1.3119 SUCCESS
[I 2025-12-14 13:31:06,069] Trial 2592 finished with value: -0.0075272290011079625 and parameters: {'trail_distance_atr_mult': 1.031652550956661}. Best is trial 126 with value: -0.000363295272717509.
[2025-12-14 13:31:07.280] ⚖️ Computing uniqueness weights for 9018 events... INFO
2025-12-14 13:31:07,280 - System.tprint - INFO - ℹ️ ⚖️ Computing uniqueness weights for 9018 events... INFO
[2025-12-14 13:31:07.289] ✅ Uniqueness weights computed. Mean: 1.0000, Min: 0.4373, Max: 1.3118 SUCCESS
2025-12-14 13:31:07,290 - System.tprint - INFO - ℹ️ ✅ Uniqueness weights computed. Mean: 1.0000, Min: 0.4373, Max: 1.3118 SUCCESS
[I 2025-12-14 13:31:07,929] Trial 2593 finished with value: -0.006804530478342746 and parameters: {'trail_distance_atr_mult': 0.8333750928408634}. Best is trial 126 with value: -0.000363295272717509.
[2025-12-14 13:31:09.137] ⚖️ Computing uniqueness weights for 9018 events... INFO
2025-12-14 13:31:09,137 - System.tprint - INFO - ℹ️ ⚖️ Computing uniqueness weights for 9018 events... INFO
[2025-12-14 13:31:09.148] ✅ Uniqueness weights computed. Mean: 1.0000, Min: 0.4373, Max: 1.3119 SUCCESS
2025-12-14 13:31:09,148 - System.tprint - INFO - ℹ️ ✅ Uniqueness weights computed. Mean: 1.0000, Min: 0.4373, Max: 1.3119 SUCCESS
[I 2025-12-14 13:31:09,785] Trial 2594 finished with value: -0.007527243025853942 and parameters: {'trail_distance_atr_mult': 1.0520539514944713}. Best is trial 126 with value: -0.000363295272717509.
[2025-12-14 13:31:11.011] ⚖️ Computing uniqueness weights for 9018 events... INFO
2025-12-14 13:31:11,012 - System.tprint - INFO - ℹ️ ⚖️ Computing uniqueness weights for 9018 events... INFO
[2025-12-14 13:31:11.021] ✅ Uniqueness weights computed. Mean: 1.0000, Min: 0.4372, Max: 1.3117 SUCCESS
2025-12-14 13:31:11,021 - System.tprint - INFO - ℹ️ ✅ Uniqueness weights computed. Mean: 1.0000, Min: 0.4372, Max: 1.3117 SUCCESS
[I 2025-12-14 13:31:11,661] Trial 2595 finished with value: -0.006728164038639026 and parameters: {'trail_distance_atr_mult': 0.7831684794355707}. Best is trial 126 with value: -0.000363295272717509.
[2025-12-14 13:31:12.872] ⚖️ Computing uniqueness weights for 9018 events... INFO
2025-12-14 13:31:12,872 - System.tprint - INFO - ℹ️ ⚖️ Computing uniqueness weights for 9018 events... INFO
[2025-12-14 13:31:12.881] ✅ Uniqueness weights computed. Mean: 1.0000, Min: 0.4372, Max: 1.3117 SUCCESS
2025-12-14 13:31:12,881 - System.tprint - INFO - ℹ️ ✅ Uniqueness weights computed. Mean: 1.0000, Min: 0.4372, Max: 1.3117 SUCCESS
[I 2025-12-14 13:31:13,514] Trial 2596 finished with value: -0.007321828937469562 and parameters: {'trail_distance_atr_mult': 0.501538212997441}. Best is trial 126 with value: -0.000363295272717509.
[2025-12-14 13:31:14.721] ⚖️ Computing uniqueness weights for 9018 events... INFO
2025-12-14 13:31:14,721 - System.tprint - INFO - ℹ️ ⚖️ Computing uniqueness weights for 9018 events... INFO
[2025-12-14 13:31:14.731] ✅ Uniqueness weights computed. Mean: 1.0000, Min: 0.4373, Max: 1.3120 SUCCESS
2025-12-14 13:31:14,731 - System.tprint - INFO - ℹ️ ✅ Uniqueness weights computed. Mean: 1.0000, Min: 0.4373, Max: 1.3120 SUCCESS
[I 2025-12-14 13:31:15,373] Trial 2597 finished with value: -0.0008138616882958491 and parameters: {'trail_distance_atr_mult': 1.0930091118826637}. Best is trial 126 with value: -0.000363295272717509.
[2025-12-14 13:31:16.603] ⚖️ Computing uniqueness weights for 9018 events... INFO
2025-12-14 13:31:16,603 - System.tprint - INFO - ℹ️ ⚖️ Computing uniqueness weights for 9018 events... INFO
[2025-12-14 13:31:16.613] ✅ Uniqueness weights computed. Mean: 1.0000, Min: 0.4373, Max: 1.3118 SUCCESS
2025-12-14 13:31:16,613 - System.tprint - INFO - ℹ️ ✅ Uniqueness weights computed. Mean: 1.0000, Min: 0.4373, Max: 1.3118 SUCCESS
[I 2025-12-14 13:31:17,251] Trial 2598 finished with value: -0.0068889574103326 and parameters: {'trail_distance_atr_mult': 0.9211655413231322}. Best is trial 126 with value: -0.000363295272717509.
[2025-12-14 13:31:18.471] ⚖️ Computing uniqueness weights for 9018 events... INFO
2025-12-14 13:31:18,471 - System.tprint - INFO - ℹ️ ⚖️ Computing uniqueness weights for 9018 events... INFO
[2025-12-14 13:31:18.481] ✅ Uniqueness weights computed. Mean: 1.0000, Min: 0.4373, Max: 1.3120 SUCCESS
2025-12-14 13:31:18,481 - System.tprint - INFO - ℹ️ ✅ Uniqueness weights computed. Mean: 1.0000, Min: 0.4373, Max: 1.3120 SUCCESS
[I 2025-12-14 13:31:19,119] Trial 2599 finished with value: -0.007527250278006177 and parameters: {'trail_distance_atr_mult': 1.0578369502333251}. Best is trial 126 with value: -0.000363295272717509.
[2025-12-14 13:31:20.310] ⚖️ Computing uniqueness weights for 9018 events... INFO
2025-12-14 13:31:20,311 - System.tprint - INFO - ℹ️ ⚖️ Computing uniqueness weights for 9018 events... INFO
[2025-12-14 13:31:20.321] ✅ Uniqueness weights computed. Mean: 1.0000, Min: 0.4373, Max: 1.3118 SUCCESS
2025-12-14 13:31:20,321 - System.tprint - INFO - ℹ️ ✅ Uniqueness weights computed. Mean: 1.0000, Min: 0.4373, Max: 1.3118 SUCCESS
[I 2025-12-14 13:31:20,957] Trial 2600 finished with value: -0.006654654454936214 and parameters: {'trail_distance_atr_mult': 0.8207073007812442}. Best is trial 126 with value: -0.000363295272717509.
[2025-12-14 13:31:22.166] ⚖️ Computing uniqueness weights for 9018 events... INFO
2025-12-14 13:31:22,166 - System.tprint - INFO - ℹ️ ⚖️ Computing uniqueness weights for 9018 events... INFO
[2025-12-14 13:31:22.175] ✅ Uniqueness weights computed. Mean: 1.0000, Min: 0.4373, Max: 1.3120 SUCCESS
2025-12-14 13:31:22,176 - System.tprint - INFO - ℹ️ ✅ Uniqueness weights computed. Mean: 1.0000, Min: 0.4373, Max: 1.3120 SUCCESS
[I 2025-12-14 13:31:22,812] Trial 2601 finished with value: -0.007527261915820212 and parameters: {'trail_distance_atr_mult': 1.0675699785048778}. Best is trial 126 with value: -0.000363295272717509.
[2025-12-14 13:31:24.021] ⚖️ Computing uniqueness weights for 9018 events... INFO
2025-12-14 13:31:24,021 - System.tprint - INFO - ℹ️ ⚖️ Computing uniqueness weights for 9018 events... INFO
[2025-12-14 13:31:24.030] ✅ Uniqueness weights computed. Mean: 1.0000, Min: 0.4373, Max: 1.3118 SUCCESS
2025-12-14 13:31:24,030 - System.tprint - INFO - ℹ️ ✅ Uniqueness weights computed. Mean: 1.0000, Min: 0.4373, Max: 1.3118 SUCCESS
[I 2025-12-14 13:31:24,708] Trial 2602 finished with value: -0.0067783873165162085 and parameters: {'trail_distance_atr_mult': 0.9298282634601651}. Best is trial 126 with value: -0.000363295272717509.
[2025-12-14 13:31:25.922] ⚖️ Computing uniqueness weights for 9018 events... INFO
2025-12-14 13:31:25,922 - System.tprint - INFO - ℹ️ ⚖️ Computing uniqueness weights for 9018 events... INFO
[2025-12-14 13:31:25.932] ✅ Uniqueness weights computed. Mean: 1.0000, Min: 0.4374, Max: 1.3121 SUCCESS
2025-12-14 13:31:25,932 - System.tprint - INFO - ℹ️ ✅ Uniqueness weights computed. Mean: 1.0000, Min: 0.4374, Max: 1.3121 SUCCESS
[I 2025-12-14 13:31:26,567] Trial 2603 finished with value: -0.007507965949324526 and parameters: {'trail_distance_atr_mult': 1.1716182417016165}. Best is trial 126 with value: -0.000363295272717509.
[2025-12-14 13:31:27.781] ⚖️ Computing uniqueness weights for 9018 events... INFO
2025-12-14 13:31:27,782 - System.tprint - INFO - ℹ️ ⚖️ Computing uniqueness weights for 9018 events... INFO
[2025-12-14 13:31:27.791] ✅ Uniqueness weights computed. Mean: 1.0000, Min: 0.4372, Max: 1.3117 SUCCESS
2025-12-14 13:31:27,792 - System.tprint - INFO - ℹ️ ✅ Uniqueness weights computed. Mean: 1.0000, Min: 0.4372, Max: 1.3117 SUCCESS
[I 2025-12-14 13:31:28,486] Trial 2604 finished with value: -0.007479331783459741 and parameters: {'trail_distance_atr_mult': 0.7011323006055176}. Best is trial 126 with value: -0.000363295272717509.
[2025-12-14 13:31:29.705] ⚖️ Computing uniqueness weights for 9018 events... INFO
2025-12-14 13:31:29,706 - System.tprint - INFO - ℹ️ ⚖️ Computing uniqueness weights for 9018 events... INFO
[2025-12-14 13:31:29.716] ✅ Uniqueness weights computed. Mean: 1.0000, Min: 0.4373, Max: 1.3119 SUCCESS
2025-12-14 13:31:29,716 - System.tprint - INFO - ℹ️ ✅ Uniqueness weights computed. Mean: 1.0000, Min: 0.4373, Max: 1.3119 SUCCESS
[I 2025-12-14 13:31:30,354] Trial 2605 finished with value: -0.007527245577375595 and parameters: {'trail_distance_atr_mult': 1.0540469072556422}. Best is trial 126 with value: -0.000363295272717509.
[2025-12-14 13:31:31.567] ⚖️ Computing uniqueness weights for 9018 events... INFO
2025-12-14 13:31:31,567 - System.tprint - INFO - ℹ️ ⚖️ Computing uniqueness weights for 9018 events... INFO
[2025-12-14 13:31:31.577] ✅ Uniqueness weights computed. Mean: 1.0000, Min: 0.4373, Max: 1.3118 SUCCESS
2025-12-14 13:31:31,577 - System.tprint - INFO - ℹ️ ✅ Uniqueness weights computed. Mean: 1.0000, Min: 0.4373, Max: 1.3118 SUCCESS
[I 2025-12-14 13:31:32,220] Trial 2606 finished with value: -0.0066811168783223315 and parameters: {'trail_distance_atr_mult': 0.8758331613401423}. Best is trial 126 with value: -0.000363295272717509.
[2025-12-14 13:31:33.460] ⚖️ Computing uniqueness weights for 9018 events... INFO
2025-12-14 13:31:33,460 - System.tprint - INFO - ℹ️ ⚖️ Computing uniqueness weights for 9018 events... INFO
[2025-12-14 13:31:33.469] ✅ Uniqueness weights computed. Mean: 1.0000, Min: 0.4374, Max: 1.3121 SUCCESS
2025-12-14 13:31:33,470 - System.tprint - INFO - ℹ️ ✅ Uniqueness weights computed. Mean: 1.0000, Min: 0.4374, Max: 1.3121 SUCCESS
[I 2025-12-14 13:31:34,110] Trial 2607 finished with value: -0.004891605101184914 and parameters: {'trail_distance_atr_mult': 1.18652163242645}. Best is trial 126 with value: -0.000363295272717509.
[2025-12-14 13:31:35.317] ⚖️ Computing uniqueness weights for 9018 events... INFO
2025-12-14 13:31:35,317 - System.tprint - INFO - ℹ️ ⚖️ Computing uniqueness weights for 9018 events... INFO
[2025-12-14 13:31:35.326] ✅ Uniqueness weights computed. Mean: 1.0000, Min: 0.4373, Max: 1.3119 SUCCESS
2025-12-14 13:31:35,327 - System.tprint - INFO - ℹ️ ✅ Uniqueness weights computed. Mean: 1.0000, Min: 0.4373, Max: 1.3119 SUCCESS
[I 2025-12-14 13:31:35,964] Trial 2608 finished with value: -0.0067512379325958645 and parameters: {'trail_distance_atr_mult': 1.003514963222089}. Best is trial 126 with value: -0.000363295272717509.
[2025-12-14 13:31:37.165] ⚖️ Computing uniqueness weights for 9018 events... INFO
2025-12-14 13:31:37,165 - System.tprint - INFO - ℹ️ ⚖️ Computing uniqueness weights for 9018 events... INFO
[2025-12-14 13:31:37.175] ✅ Uniqueness weights computed. Mean: 1.0000, Min: 0.4372, Max: 1.3117 SUCCESS
2025-12-14 13:31:37,176 - System.tprint - INFO - ℹ️ ✅ Uniqueness weights computed. Mean: 1.0000, Min: 0.4372, Max: 1.3117 SUCCESS
[I 2025-12-14 13:31:37,814] Trial 2609 finished with value: -0.007546852514577222 and parameters: {'trail_distance_atr_mult': 0.6293672365113242}. Best is trial 126 with value: -0.000363295272717509.
[2025-12-14 13:31:39.019] ⚖️ Computing uniqueness weights for 9018 events... INFO
2025-12-14 13:31:39,019 - System.tprint - INFO - ℹ️ ⚖️ Computing uniqueness weights for 9018 events... INFO
[2025-12-14 13:31:39.029] ✅ Uniqueness weights computed. Mean: 1.0000, Min: 0.4374, Max: 1.3122 SUCCESS
2025-12-14 13:31:39,029 - System.tprint - INFO - ℹ️ ✅ Uniqueness weights computed. Mean: 1.0000, Min: 0.4374, Max: 1.3122 SUCCESS
[I 2025-12-14 13:31:39,663] Trial 2610 finished with value: -0.003687426707276806 and parameters: {'trail_distance_atr_mult': 1.2200750624067915}. Best is trial 126 with value: -0.000363295272717509.
[2025-12-14 13:31:40.853] ⚖️ Computing uniqueness weights for 9018 events... INFO
2025-12-14 13:31:40,853 - System.tprint - INFO - ℹ️ ⚖️ Computing uniqueness weights for 9018 events... INFO
[2025-12-14 13:31:40.863] ✅ Uniqueness weights computed. Mean: 1.0000, Min: 0.4373, Max: 1.3118 SUCCESS
2025-12-14 13:31:40,863 - System.tprint - INFO - ℹ️ ✅ Uniqueness weights computed. Mean: 1.0000, Min: 0.4373, Max: 1.3118 SUCCESS
[I 2025-12-14 13:31:41,500] Trial 2611 finished with value: -0.006681176619293153 and parameters: {'trail_distance_atr_mult': 0.8635611680992642}. Best is trial 126 with value: -0.000363295272717509.
[2025-12-14 13:31:42.674] ⚖️ Computing uniqueness weights for 9018 events... INFO
2025-12-14 13:31:42,674 - System.tprint - INFO - ℹ️ ⚖️ Computing uniqueness weights for 9018 events... INFO
[2025-12-14 13:31:42.683] ✅ Uniqueness weights computed. Mean: 1.0000, Min: 0.4373, Max: 1.3120 SUCCESS
2025-12-14 13:31:42,683 - System.tprint - INFO - ℹ️ ✅ Uniqueness weights computed. Mean: 1.0000, Min: 0.4373, Max: 1.3120 SUCCESS
[I 2025-12-14 13:31:43,330] Trial 2612 finished with value: -0.0016006568955076281 and parameters: {'trail_distance_atr_mult': 1.0841335591756076}. Best is trial 126 with value: -0.000363295272717509.
[2025-12-14 13:31:44.517] ⚖️ Computing uniqueness weights for 9018 events... INFO
2025-12-14 13:31:44,517 - System.tprint - INFO - ℹ️ ⚖️ Computing uniqueness weights for 9018 events... INFO
[2025-12-14 13:31:44.527] ✅ Uniqueness weights computed. Mean: 1.0000, Min: 0.4372, Max: 1.3117 SUCCESS
2025-12-14 13:31:44,527 - System.tprint - INFO - ℹ️ ✅ Uniqueness weights computed. Mean: 1.0000, Min: 0.4372, Max: 1.3117 SUCCESS
[I 2025-12-14 13:31:45,180] Trial 2613 finished with value: -0.007479331783459741 and parameters: {'trail_distance_atr_mult': 0.7071232702666914}. Best is trial 126 with value: -0.000363295272717509.
[2025-12-14 13:31:46.391] ⚖️ Computing uniqueness weights for 9018 events... INFO
2025-12-14 13:31:46,391 - System.tprint - INFO - ℹ️ ⚖️ Computing uniqueness weights for 9018 events... INFO
[2025-12-14 13:31:46.402] ✅ Uniqueness weights computed. Mean: 1.0000, Min: 0.4373, Max: 1.3119 SUCCESS
2025-12-14 13:31:46,403 - System.tprint - INFO - ℹ️ ✅ Uniqueness weights computed. Mean: 1.0000, Min: 0.4373, Max: 1.3119 SUCCESS
[I 2025-12-14 13:31:47,147] Trial 2614 finished with value: -0.003084675620391369 and parameters: {'trail_distance_atr_mult': 1.0126452538619335}. Best is trial 126 with value: -0.000363295272717509.
[2025-12-14 13:31:48.484] ⚖️ Computing uniqueness weights for 9018 events... INFO
2025-12-14 13:31:48,484 - System.tprint - INFO - ℹ️ ⚖️ Computing uniqueness weights for 9018 events... INFO
[2025-12-14 13:31:48.494] ✅ Uniqueness weights computed. Mean: 1.0000, Min: 0.4374, Max: 1.3122 SUCCESS
2025-12-14 13:31:48,495 - System.tprint - INFO - ℹ️ ✅ Uniqueness weights computed. Mean: 1.0000, Min: 0.4374, Max: 1.3122 SUCCESS
[I 2025-12-14 13:31:49,293] Trial 2615 finished with value: -0.0030156900784884975 and parameters: {'trail_distance_atr_mult': 1.20843856812622}. Best is trial 126 with value: -0.000363295272717509.
[2025-12-14 13:31:50.682] ⚖️ Computing uniqueness weights for 9018 events... INFO
2025-12-14 13:31:50,682 - System.tprint - INFO - ℹ️ ⚖️ Computing uniqueness weights for 9018 events... INFO
[2025-12-14 13:31:50.691] ✅ Uniqueness weights computed. Mean: 1.0000, Min: 0.4373, Max: 1.3118 SUCCESS
2025-12-14 13:31:50,692 - System.tprint - INFO - ℹ️ ✅ Uniqueness weights computed. Mean: 1.0000, Min: 0.4373, Max: 1.3118 SUCCESS
[I 2025-12-14 13:31:51,342] Trial 2616 finished with value: -0.00658443006695366 and parameters: {'trail_distance_atr_mult': 0.8476723257608707}. Best is trial 126 with value: -0.000363295272717509.
[2025-12-14 13:31:52.550] ⚖️ Computing uniqueness weights for 9018 events... INFO
2025-12-14 13:31:52,550 - System.tprint - INFO - ℹ️ ⚖️ Computing uniqueness weights for 9018 events... INFO
[2025-12-14 13:31:52.559] ✅ Uniqueness weights computed. Mean: 1.0000, Min: 0.4373, Max: 1.3120 SUCCESS
2025-12-14 13:31:52,559 - System.tprint - INFO - ℹ️ ✅ Uniqueness weights computed. Mean: 1.0000, Min: 0.4373, Max: 1.3120 SUCCESS
[I 2025-12-14 13:31:53,200] Trial 2617 finished with value: -0.007527261738727532 and parameters: {'trail_distance_atr_mult': 1.0674318335233863}. Best is trial 126 with value: -0.000363295272717509.
[2025-12-14 13:31:54.417] ⚖️ Computing uniqueness weights for 9018 events... INFO
2025-12-14 13:31:54,418 - System.tprint - INFO - ℹ️ ⚖️ Computing uniqueness weights for 9018 events... INFO
[2025-12-14 13:31:54.427] ✅ Uniqueness weights computed. Mean: 1.0000, Min: 0.4372, Max: 1.3117 SUCCESS
2025-12-14 13:31:54,427 - System.tprint - INFO - ℹ️ ✅ Uniqueness weights computed. Mean: 1.0000, Min: 0.4372, Max: 1.3117 SUCCESS
[I 2025-12-14 13:31:55,063] Trial 2618 finished with value: -0.0034849037542104768 and parameters: {'trail_distance_atr_mult': 0.658401116475751}. Best is trial 126 with value: -0.000363295272717509.
[2025-12-14 13:31:56.282] ⚖️ Computing uniqueness weights for 9018 events... INFO
2025-12-14 13:31:56,282 - System.tprint - INFO - ℹ️ ⚖️ Computing uniqueness weights for 9018 events... INFO
[2025-12-14 13:31:56.293] ✅ Uniqueness weights computed. Mean: 1.0000, Min: 0.4375, Max: 1.3124 SUCCESS
2025-12-14 13:31:56,293 - System.tprint - INFO - ℹ️ ✅ Uniqueness weights computed. Mean: 1.0000, Min: 0.4375, Max: 1.3124 SUCCESS
[I 2025-12-14 13:31:56,939] Trial 2619 finished with value: -0.002995760831371716 and parameters: {'trail_distance_atr_mult': 1.3541384146554345}. Best is trial 126 with value: -0.000363295272717509.
[2025-12-14 13:31:58.181] ⚖️ Computing uniqueness weights for 9018 events... INFO
2025-12-14 13:31:58,182 - System.tprint - INFO - ℹ️ ⚖️ Computing uniqueness weights for 9018 events... INFO
[2025-12-14 13:31:58.191] ✅ Uniqueness weights computed. Mean: 1.0000, Min: 0.4373, Max: 1.3118 SUCCESS
2025-12-14 13:31:58,191 - System.tprint - INFO - ℹ️ ✅ Uniqueness weights computed. Mean: 1.0000, Min: 0.4373, Max: 1.3118 SUCCESS
[I 2025-12-14 13:31:58,876] Trial 2620 finished with value: -0.006681092995773512 and parameters: {'trail_distance_atr_mult': 0.885158244894735}. Best is trial 126 with value: -0.000363295272717509.
[2025-12-14 13:32:00.130] ⚖️ Computing uniqueness weights for 9018 events... INFO
2025-12-14 13:32:00,130 - System.tprint - INFO - ℹ️ ⚖️ Computing uniqueness weights for 9018 events... INFO
[2025-12-14 13:32:00.140] ✅ Uniqueness weights computed. Mean: 1.0000, Min: 0.4374, Max: 1.3121 SUCCESS
2025-12-14 13:32:00,140 - System.tprint - INFO - ℹ️ ✅ Uniqueness weights computed. Mean: 1.0000, Min: 0.4374, Max: 1.3121 SUCCESS
[I 2025-12-14 13:32:00,805] Trial 2621 finished with value: -0.0012531700569355258 and parameters: {'trail_distance_atr_mult': 1.185528460357295}. Best is trial 126 with value: -0.000363295272717509.
[2025-12-14 13:32:02.009] ⚖️ Computing uniqueness weights for 9018 events... INFO
2025-12-14 13:32:02,009 - System.tprint - INFO - ℹ️ ⚖️ Computing uniqueness weights for 9018 events... INFO
[2025-12-14 13:32:02.018] ✅ Uniqueness weights computed. Mean: 1.0000, Min: 0.4373, Max: 1.3119 SUCCESS
2025-12-14 13:32:02,018 - System.tprint - INFO - ℹ️ ✅ Uniqueness weights computed. Mean: 1.0000, Min: 0.4373, Max: 1.3119 SUCCESS
[I 2025-12-14 13:32:02,707] Trial 2622 finished with value: -0.006751263158611586 and parameters: {'trail_distance_atr_mult': 1.01136283042113}. Best is trial 126 with value: -0.000363295272717509.
[2025-12-14 13:32:03.921] ⚖️ Computing uniqueness weights for 9018 events... INFO
2025-12-14 13:32:03,921 - System.tprint - INFO - ℹ️ ⚖️ Computing uniqueness weights for 9018 events... INFO
[2025-12-14 13:32:03.931] ✅ Uniqueness weights computed. Mean: 1.0000, Min: 0.4372, Max: 1.3117 SUCCESS
2025-12-14 13:32:03,931 - System.tprint - INFO - ℹ️ ✅ Uniqueness weights computed. Mean: 1.0000, Min: 0.4372, Max: 1.3117 SUCCESS
[I 2025-12-14 13:32:04,566] Trial 2623 finished with value: -0.006728132968624559 and parameters: {'trail_distance_atr_mult': 0.7863259180809149}. Best is trial 126 with value: -0.000363295272717509.
[2025-12-14 13:32:05.782] ⚖️ Computing uniqueness weights for 9018 events... INFO
2025-12-14 13:32:05,782 - System.tprint - INFO - ℹ️ ⚖️ Computing uniqueness weights for 9018 events... INFO
[2025-12-14 13:32:05.793] ✅ Uniqueness weights computed. Mean: 1.0000, Min: 0.4374, Max: 1.3121 SUCCESS
2025-12-14 13:32:05,793 - System.tprint - INFO - ℹ️ ✅ Uniqueness weights computed. Mean: 1.0000, Min: 0.4374, Max: 1.3121 SUCCESS
