[I 2025-12-14 12:31:29,339] Trial 874 finished with value: -0.004487239782057622 and parameters: {'trail_distance_atr_mult': 1.2242263166065628}. Best is trial 126 with value: -0.000363295272717509.
[2025-12-14 12:31:30.724] ⚖️ Computing uniqueness weights for 9018 events... INFO
2025-12-14 12:31:30,724 - System.tprint - INFO - ℹ️ ⚖️ Computing uniqueness weights for 9018 events... INFO
[2025-12-14 12:31:30.735] ✅ Uniqueness weights computed. Mean: 1.0000, Min: 0.4374, Max: 1.3123 SUCCESS
2025-12-14 12:31:30,735 - System.tprint - INFO - ℹ️ ✅ Uniqueness weights computed. Mean: 1.0000, Min: 0.4374, Max: 1.3123 SUCCESS
[I 2025-12-14 12:31:31,609] Trial 875 finished with value: -0.004494421259146988 and parameters: {'trail_distance_atr_mult': 1.2362520216502753}. Best is trial 126 with value: -0.000363295272717509.
[2025-12-14 12:31:32.999] ⚖️ Computing uniqueness weights for 9018 events... INFO
2025-12-14 12:31:33,000 - System.tprint - INFO - ℹ️ ⚖️ Computing uniqueness weights for 9018 events... INFO
[2025-12-14 12:31:33.011] ✅ Uniqueness weights computed. Mean: 1.0000, Min: 0.4373, Max: 1.3118 SUCCESS
2025-12-14 12:31:33,011 - System.tprint - INFO - ℹ️ ✅ Uniqueness weights computed. Mean: 1.0000, Min: 0.4373, Max: 1.3118 SUCCESS
[I 2025-12-14 12:31:33,888] Trial 876 finished with value: -0.006778413311856475 and parameters: {'trail_distance_atr_mult': 0.9451061932461915}. Best is trial 126 with value: -0.000363295272717509.
[2025-12-14 12:31:35.286] ⚖️ Computing uniqueness weights for 9018 events... INFO
2025-12-14 12:31:35,286 - System.tprint - INFO - ℹ️ ⚖️ Computing uniqueness weights for 9018 events... INFO
[2025-12-14 12:31:35.297] ✅ Uniqueness weights computed. Mean: 1.0000, Min: 0.4375, Max: 1.3124 SUCCESS
2025-12-14 12:31:35,297 - System.tprint - INFO - ℹ️ ✅ Uniqueness weights computed. Mean: 1.0000, Min: 0.4375, Max: 1.3124 SUCCESS
[I 2025-12-14 12:31:36,174] Trial 877 finished with value: -0.002268532203485139 and parameters: {'trail_distance_atr_mult': 1.2629343784680942}. Best is trial 126 with value: -0.000363295272717509.
[2025-12-14 12:31:37.550] ⚖️ Computing uniqueness weights for 9018 events... INFO
2025-12-14 12:31:37,551 - System.tprint - INFO - ℹ️ ⚖️ Computing uniqueness weights for 9018 events... INFO
[2025-12-14 12:31:37.563] ✅ Uniqueness weights computed. Mean: 1.0000, Min: 0.4374, Max: 1.3121 SUCCESS
2025-12-14 12:31:37,563 - System.tprint - INFO - ℹ️ ✅ Uniqueness weights computed. Mean: 1.0000, Min: 0.4374, Max: 1.3121 SUCCESS
[I 2025-12-14 12:31:38,445] Trial 878 finished with value: -0.004891387156052115 and parameters: {'trail_distance_atr_mult': 1.1953894163011187}. Best is trial 126 with value: -0.000363295272717509.
[2025-12-14 12:31:39.854] ⚖️ Computing uniqueness weights for 9018 events... INFO
2025-12-14 12:31:39,854 - System.tprint - INFO - ℹ️ ⚖️ Computing uniqueness weights for 9018 events... INFO
[2025-12-14 12:31:39.866] ✅ Uniqueness weights computed. Mean: 1.0000, Min: 0.4374, Max: 1.3123 SUCCESS
2025-12-14 12:31:39,866 - System.tprint - INFO - ℹ️ ✅ Uniqueness weights computed. Mean: 1.0000, Min: 0.4374, Max: 1.3123 SUCCESS
[I 2025-12-14 12:31:40,763] Trial 879 finished with value: -0.0044944250482286145 and parameters: {'trail_distance_atr_mult': 1.2355624248227235}. Best is trial 126 with value: -0.000363295272717509.
[2025-12-14 12:31:42.177] ⚖️ Computing uniqueness weights for 9018 events... INFO
2025-12-14 12:31:42,178 - System.tprint - INFO - ℹ️ ⚖️ Computing uniqueness weights for 9018 events... INFO
[2025-12-14 12:31:42.188] ✅ Uniqueness weights computed. Mean: 1.0000, Min: 0.4374, Max: 1.3121 SUCCESS
2025-12-14 12:31:42,188 - System.tprint - INFO - ℹ️ ✅ Uniqueness weights computed. Mean: 1.0000, Min: 0.4374, Max: 1.3121 SUCCESS
[I 2025-12-14 12:31:43,069] Trial 880 finished with value: -0.0012531684140687019 and parameters: {'trail_distance_atr_mult': 1.1818448931409642}. Best is trial 126 with value: -0.000363295272717509.
[2025-12-14 12:31:44.597] ⚖️ Computing uniqueness weights for 9018 events... INFO
2025-12-14 12:31:44,598 - System.tprint - INFO - ℹ️ ⚖️ Computing uniqueness weights for 9018 events... INFO
[2025-12-14 12:31:44.613] ✅ Uniqueness weights computed. Mean: 1.0000, Min: 0.4373, Max: 1.3120 SUCCESS
2025-12-14 12:31:44,614 - System.tprint - INFO - ℹ️ ✅ Uniqueness weights computed. Mean: 1.0000, Min: 0.4373, Max: 1.3120 SUCCESS
[I 2025-12-14 12:31:45,716] Trial 881 finished with value: -0.0015839332393096743 and parameters: {'trail_distance_atr_mult': 1.0849126635220623}. Best is trial 126 with value: -0.000363295272717509.
[2025-12-14 12:31:47.297] ⚖️ Computing uniqueness weights for 9018 events... INFO
2025-12-14 12:31:47,297 - System.tprint - INFO - ℹ️ ⚖️ Computing uniqueness weights for 9018 events... INFO
[2025-12-14 12:31:47.309] ✅ Uniqueness weights computed. Mean: 1.0000, Min: 0.4373, Max: 1.3120 SUCCESS
2025-12-14 12:31:47,309 - System.tprint - INFO - ℹ️ ✅ Uniqueness weights computed. Mean: 1.0000, Min: 0.4373, Max: 1.3120 SUCCESS
[I 2025-12-14 12:31:48,186] Trial 882 finished with value: -0.007527262111523135 and parameters: {'trail_distance_atr_mult': 1.0677598046329924}. Best is trial 126 with value: -0.000363295272717509.
[2025-12-14 12:31:49.616] ⚖️ Computing uniqueness weights for 9018 events... INFO
2025-12-14 12:31:49,616 - System.tprint - INFO - ℹ️ ⚖️ Computing uniqueness weights for 9018 events... INFO
[2025-12-14 12:31:49.627] ✅ Uniqueness weights computed. Mean: 1.0000, Min: 0.4373, Max: 1.3119 SUCCESS
2025-12-14 12:31:49,628 - System.tprint - INFO - ℹ️ ✅ Uniqueness weights computed. Mean: 1.0000, Min: 0.4373, Max: 1.3119 SUCCESS
[I 2025-12-14 12:31:50,531] Trial 883 finished with value: -0.006751217827510554 and parameters: {'trail_distance_atr_mult': 0.9972608663501138}. Best is trial 126 with value: -0.000363295272717509.
[2025-12-14 12:31:51.926] ⚖️ Computing uniqueness weights for 9018 events... INFO
2025-12-14 12:31:51,926 - System.tprint - INFO - ℹ️ ⚖️ Computing uniqueness weights for 9018 events... INFO
[2025-12-14 12:31:51.937] ✅ Uniqueness weights computed. Mean: 1.0000, Min: 0.4373, Max: 1.3120 SUCCESS
2025-12-14 12:31:51,937 - System.tprint - INFO - ℹ️ ✅ Uniqueness weights computed. Mean: 1.0000, Min: 0.4373, Max: 1.3120 SUCCESS
[I 2025-12-14 12:31:52,815] Trial 884 finished with value: -0.0015839332936506986 and parameters: {'trail_distance_atr_mult': 1.0845952768138618}. Best is trial 126 with value: -0.000363295272717509.
[2025-12-14 12:31:54.261] ⚖️ Computing uniqueness weights for 9018 events... INFO
2025-12-14 12:31:54,261 - System.tprint - INFO - ℹ️ ⚖️ Computing uniqueness weights for 9018 events... INFO
[2025-12-14 12:31:54.275] ✅ Uniqueness weights computed. Mean: 1.0000, Min: 0.4373, Max: 1.3118 SUCCESS
2025-12-14 12:31:54,275 - System.tprint - INFO - ℹ️ ✅ Uniqueness weights computed. Mean: 1.0000, Min: 0.4373, Max: 1.3118 SUCCESS
[I 2025-12-14 12:31:55,162] Trial 885 finished with value: -0.006720413845448713 and parameters: {'trail_distance_atr_mult': 0.8966026789350161}. Best is trial 126 with value: -0.000363295272717509.
[2025-12-14 12:31:56.558] ⚖️ Computing uniqueness weights for 9018 events... INFO
2025-12-14 12:31:56,558 - System.tprint - INFO - ℹ️ ⚖️ Computing uniqueness weights for 9018 events... INFO
[2025-12-14 12:31:56.570] ✅ Uniqueness weights computed. Mean: 1.0000, Min: 0.4373, Max: 1.3119 SUCCESS
2025-12-14 12:31:56,570 - System.tprint - INFO - ℹ️ ✅ Uniqueness weights computed. Mean: 1.0000, Min: 0.4373, Max: 1.3119 SUCCESS
[I 2025-12-14 12:31:57,444] Trial 886 finished with value: -0.007527227263485011 and parameters: {'trail_distance_atr_mult': 1.0369608952858749}. Best is trial 126 with value: -0.000363295272717509.
[2025-12-14 12:31:59.331] ⚖️ Computing uniqueness weights for 9018 events... INFO
2025-12-14 12:31:59,331 - System.tprint - INFO - ℹ️ ⚖️ Computing uniqueness weights for 9018 events... INFO
[2025-12-14 12:31:59.345] ✅ Uniqueness weights computed. Mean: 1.0000, Min: 0.4373, Max: 1.3120 SUCCESS
2025-12-14 12:31:59,345 - System.tprint - INFO - ℹ️ ✅ Uniqueness weights computed. Mean: 1.0000, Min: 0.4373, Max: 1.3120 SUCCESS
[I 2025-12-14 12:32:00,304] Trial 887 finished with value: -0.007658094164868286 and parameters: {'trail_distance_atr_mult': 1.1113040470312305}. Best is trial 126 with value: -0.000363295272717509.
[2025-12-14 12:32:01.716] ⚖️ Computing uniqueness weights for 9018 events... INFO
2025-12-14 12:32:01,716 - System.tprint - INFO - ℹ️ ⚖️ Computing uniqueness weights for 9018 events... INFO
[2025-12-14 12:32:01.728] ✅ Uniqueness weights computed. Mean: 1.0000, Min: 0.4373, Max: 1.3120 SUCCESS
2025-12-14 12:32:01,729 - System.tprint - INFO - ℹ️ ✅ Uniqueness weights computed. Mean: 1.0000, Min: 0.4373, Max: 1.3120 SUCCESS
[I 2025-12-14 12:32:02,619] Trial 888 finished with value: -0.0008138621962523904 and parameters: {'trail_distance_atr_mult': 1.086212550780426}. Best is trial 126 with value: -0.000363295272717509.
[2025-12-14 12:32:04.006] ⚖️ Computing uniqueness weights for 9018 events... INFO
2025-12-14 12:32:04,007 - System.tprint - INFO - ℹ️ ⚖️ Computing uniqueness weights for 9018 events... INFO
[2025-12-14 12:32:04.017] ✅ Uniqueness weights computed. Mean: 1.0000, Min: 0.4373, Max: 1.3118 SUCCESS
2025-12-14 12:32:04,017 - System.tprint - INFO - ℹ️ ✅ Uniqueness weights computed. Mean: 1.0000, Min: 0.4373, Max: 1.3118 SUCCESS
[I 2025-12-14 12:32:04,898] Trial 889 finished with value: -0.00677840920833965 and parameters: {'trail_distance_atr_mult': 0.9427089166664184}. Best is trial 126 with value: -0.000363295272717509.
[2025-12-14 12:32:06.292] ⚖️ Computing uniqueness weights for 9018 events... INFO
2025-12-14 12:32:06,293 - System.tprint - INFO - ℹ️ ⚖️ Computing uniqueness weights for 9018 events... INFO
[2025-12-14 12:32:06.304] ✅ Uniqueness weights computed. Mean: 1.0000, Min: 0.4373, Max: 1.3120 SUCCESS
2025-12-14 12:32:06,304 - System.tprint - INFO - ℹ️ ✅ Uniqueness weights computed. Mean: 1.0000, Min: 0.4373, Max: 1.3120 SUCCESS
[I 2025-12-14 12:32:07,207] Trial 890 finished with value: -0.007527267787044792 and parameters: {'trail_distance_atr_mult': 1.0757470855998812}. Best is trial 126 with value: -0.000363295272717509.
[2025-12-14 12:32:08.592] ⚖️ Computing uniqueness weights for 9018 events... INFO
2025-12-14 12:32:08,593 - System.tprint - INFO - ℹ️ ⚖️ Computing uniqueness weights for 9018 events... INFO
[2025-12-14 12:32:08.603] ✅ Uniqueness weights computed. Mean: 1.0000, Min: 0.4373, Max: 1.3119 SUCCESS
2025-12-14 12:32:08,604 - System.tprint - INFO - ℹ️ ✅ Uniqueness weights computed. Mean: 1.0000, Min: 0.4373, Max: 1.3119 SUCCESS
[I 2025-12-14 12:32:09,494] Trial 891 finished with value: -0.007527230477942616 and parameters: {'trail_distance_atr_mult': 1.02700682814577}. Best is trial 126 with value: -0.000363295272717509.
[2025-12-14 12:32:10.975] ⚖️ Computing uniqueness weights for 9018 events... INFO
2025-12-14 12:32:10,975 - System.tprint - INFO - ℹ️ ⚖️ Computing uniqueness weights for 9018 events... INFO
[2025-12-14 12:32:10.995] ✅ Uniqueness weights computed. Mean: 1.0000, Min: 0.4374, Max: 1.3121 SUCCESS
2025-12-14 12:32:10,995 - System.tprint - INFO - ℹ️ ✅ Uniqueness weights computed. Mean: 1.0000, Min: 0.4374, Max: 1.3121 SUCCESS
[I 2025-12-14 12:32:11,967] Trial 892 finished with value: -0.007701237155589932 and parameters: {'trail_distance_atr_mult': 1.1581490406269288}. Best is trial 126 with value: -0.000363295272717509.
[2025-12-14 12:32:13.507] ⚖️ Computing uniqueness weights for 9018 events... INFO
2025-12-14 12:32:13,507 - System.tprint - INFO - ℹ️ ⚖️ Computing uniqueness weights for 9018 events... INFO
[2025-12-14 12:32:13.519] ✅ Uniqueness weights computed. Mean: 1.0000, Min: 0.4374, Max: 1.3121 SUCCESS
2025-12-14 12:32:13,520 - System.tprint - INFO - ℹ️ ✅ Uniqueness weights computed. Mean: 1.0000, Min: 0.4374, Max: 1.3121 SUCCESS
[I 2025-12-14 12:32:14,411] Trial 893 finished with value: -0.007702215146845289 and parameters: {'trail_distance_atr_mult': 1.1371338672804805}. Best is trial 126 with value: -0.000363295272717509.
[2025-12-14 12:32:15.863] ⚖️ Computing uniqueness weights for 9018 events... INFO
2025-12-14 12:32:15,864 - System.tprint - INFO - ℹ️ ⚖️ Computing uniqueness weights for 9018 events... INFO
[2025-12-14 12:32:15.876] ✅ Uniqueness weights computed. Mean: 1.0000, Min: 0.4373, Max: 1.3118 SUCCESS
2025-12-14 12:32:15,877 - System.tprint - INFO - ℹ️ ✅ Uniqueness weights computed. Mean: 1.0000, Min: 0.4373, Max: 1.3118 SUCCESS
[I 2025-12-14 12:32:16,762] Trial 894 finished with value: -0.006721249971929956 and parameters: {'trail_distance_atr_mult': 0.9106318886948794}. Best is trial 126 with value: -0.000363295272717509.
[2025-12-14 12:32:18.146] ⚖️ Computing uniqueness weights for 9018 events... INFO
2025-12-14 12:32:18,147 - System.tprint - INFO - ℹ️ ⚖️ Computing uniqueness weights for 9018 events... INFO
[2025-12-14 12:32:18.157] ✅ Uniqueness weights computed. Mean: 1.0000, Min: 0.4374, Max: 1.3121 SUCCESS
2025-12-14 12:32:18,157 - System.tprint - INFO - ℹ️ ✅ Uniqueness weights computed. Mean: 1.0000, Min: 0.4374, Max: 1.3121 SUCCESS
[I 2025-12-14 12:32:19,044] Trial 895 finished with value: -0.00709460805112419 and parameters: {'trail_distance_atr_mult': 1.176773223513731}. Best is trial 126 with value: -0.000363295272717509.
[2025-12-14 12:32:20.500] ⚖️ Computing uniqueness weights for 9018 events... INFO
2025-12-14 12:32:20,501 - System.tprint - INFO - ℹ️ ⚖️ Computing uniqueness weights for 9018 events... INFO
[2025-12-14 12:32:20.515] ✅ Uniqueness weights computed. Mean: 1.0000, Min: 0.4373, Max: 1.3120 SUCCESS
2025-12-14 12:32:20,516 - System.tprint - INFO - ℹ️ ✅ Uniqueness weights computed. Mean: 1.0000, Min: 0.4373, Max: 1.3120 SUCCESS
[I 2025-12-14 12:32:21,626] Trial 896 finished with value: -0.007658102417697962 and parameters: {'trail_distance_atr_mult': 1.1064804840666316}. Best is trial 126 with value: -0.000363295272717509.
[2025-12-14 12:32:23.324] ⚖️ Computing uniqueness weights for 9018 events... INFO
2025-12-14 12:32:23,325 - System.tprint - INFO - ℹ️ ⚖️ Computing uniqueness weights for 9018 events... INFO
[2025-12-14 12:32:23.351] ✅ Uniqueness weights computed. Mean: 1.0000, Min: 0.4374, Max: 1.3121 SUCCESS
2025-12-14 12:32:23,352 - System.tprint - INFO - ℹ️ ✅ Uniqueness weights computed. Mean: 1.0000, Min: 0.4374, Max: 1.3121 SUCCESS
[I 2025-12-14 12:32:25,390] Trial 897 finished with value: -0.007507965943865767 and parameters: {'trail_distance_atr_mult': 1.1714318518255253}. Best is trial 126 with value: -0.000363295272717509.
[2025-12-14 12:32:30.271] ⚖️ Computing uniqueness weights for 9018 events... INFO
2025-12-14 12:32:30,273 - System.tprint - INFO - ℹ️ ⚖️ Computing uniqueness weights for 9018 events... INFO
[2025-12-14 12:32:30.290] ✅ Uniqueness weights computed. Mean: 1.0000, Min: 0.4372, Max: 1.3117 SUCCESS
2025-12-14 12:32:30,291 - System.tprint - INFO - ℹ️ ✅ Uniqueness weights computed. Mean: 1.0000, Min: 0.4372, Max: 1.3117 SUCCESS
[I 2025-12-14 12:32:31,439] Trial 898 finished with value: -0.007588362261439788 and parameters: {'trail_distance_atr_mult': 0.7467614762939931}. Best is trial 126 with value: -0.000363295272717509.
[2025-12-14 12:32:33.831] ⚖️ Computing uniqueness weights for 9018 events... INFO
2025-12-14 12:32:33,831 - System.tprint - INFO - ℹ️ ⚖️ Computing uniqueness weights for 9018 events... INFO
[2025-12-14 12:32:33.847] ✅ Uniqueness weights computed. Mean: 1.0000, Min: 0.4374, Max: 1.3122 SUCCESS
2025-12-14 12:32:33,847 - System.tprint - INFO - ℹ️ ✅ Uniqueness weights computed. Mean: 1.0000, Min: 0.4374, Max: 1.3122 SUCCESS
[I 2025-12-14 12:32:34,867] Trial 899 finished with value: -0.0036874220053207765 and parameters: {'trail_distance_atr_mult': 1.220811962088718}. Best is trial 126 with value: -0.000363295272717509.
[2025-12-14 12:32:36.621] ⚖️ Computing uniqueness weights for 9018 events... INFO
2025-12-14 12:32:36,622 - System.tprint - INFO - ℹ️ ⚖️ Computing uniqueness weights for 9018 events... INFO
[2025-12-14 12:32:36.635] ✅ Uniqueness weights computed. Mean: 1.0000, Min: 0.4373, Max: 1.3119 SUCCESS
2025-12-14 12:32:36,635 - System.tprint - INFO - ℹ️ ✅ Uniqueness weights computed. Mean: 1.0000, Min: 0.4373, Max: 1.3119 SUCCESS
[I 2025-12-14 12:32:37,782] Trial 900 finished with value: -0.006751232268960542 and parameters: {'trail_distance_atr_mult': 1.0017637709739131}. Best is trial 126 with value: -0.000363295272717509.
[2025-12-14 12:32:40.293] ⚖️ Computing uniqueness weights for 9018 events... INFO
2025-12-14 12:32:40,294 - System.tprint - INFO - ℹ️ ⚖️ Computing uniqueness weights for 9018 events... INFO
[2025-12-14 12:32:40.315] ✅ Uniqueness weights computed. Mean: 1.0000, Min: 0.4374, Max: 1.3121 SUCCESS
2025-12-14 12:32:40,315 - System.tprint - INFO - ℹ️ ✅ Uniqueness weights computed. Mean: 1.0000, Min: 0.4374, Max: 1.3121 SUCCESS
[I 2025-12-14 12:32:41,638] Trial 901 finished with value: -0.007094668326271671 and parameters: {'trail_distance_atr_mult': 1.1799176559999893}. Best is trial 126 with value: -0.000363295272717509.
[2025-12-14 12:32:43.446] ⚖️ Computing uniqueness weights for 9018 events... INFO
2025-12-14 12:32:43,446 - System.tprint - INFO - ℹ️ ⚖️ Computing uniqueness weights for 9018 events... INFO
[2025-12-14 12:32:43.461] ✅ Uniqueness weights computed. Mean: 1.0000, Min: 0.4374, Max: 1.3122 SUCCESS
2025-12-14 12:32:43,461 - System.tprint - INFO - ℹ️ ✅ Uniqueness weights computed. Mean: 1.0000, Min: 0.4374, Max: 1.3122 SUCCESS
[I 2025-12-14 12:32:44,505] Trial 902 finished with value: -0.005810672917317775 and parameters: {'trail_distance_atr_mult': 1.1988556818771299}. Best is trial 126 with value: -0.000363295272717509.
[2025-12-14 12:32:46.291] ⚖️ Computing uniqueness weights for 9018 events... INFO
2025-12-14 12:32:46,292 - System.tprint - INFO - ℹ️ ⚖️ Computing uniqueness weights for 9018 events... INFO
[2025-12-14 12:32:46.308] ✅ Uniqueness weights computed. Mean: 1.0000, Min: 0.4374, Max: 1.3122 SUCCESS
2025-12-14 12:32:46,308 - System.tprint - INFO - ℹ️ ✅ Uniqueness weights computed. Mean: 1.0000, Min: 0.4374, Max: 1.3122 SUCCESS
[I 2025-12-14 12:32:47,509] Trial 903 finished with value: -0.003015687784961947 and parameters: {'trail_distance_atr_mult': 1.2097996003483658}. Best is trial 126 with value: -0.000363295272717509.
[2025-12-14 12:32:49.242] ⚖️ Computing uniqueness weights for 9018 events... INFO
2025-12-14 12:32:49,243 - System.tprint - INFO - ℹ️ ⚖️ Computing uniqueness weights for 9018 events... INFO
[2025-12-14 12:32:49.259] ✅ Uniqueness weights computed. Mean: 1.0000, Min: 0.4373, Max: 1.3118 SUCCESS
2025-12-14 12:32:49,259 - System.tprint - INFO - ℹ️ ✅ Uniqueness weights computed. Mean: 1.0000, Min: 0.4373, Max: 1.3118 SUCCESS
[I 2025-12-14 12:32:50,472] Trial 904 finished with value: -0.006681088435929854 and parameters: {'trail_distance_atr_mult': 0.8875514225444395}. Best is trial 126 with value: -0.000363295272717509.
[2025-12-14 12:32:52.480] ⚖️ Computing uniqueness weights for 9018 events... INFO
2025-12-14 12:32:52,480 - System.tprint - INFO - ℹ️ ⚖️ Computing uniqueness weights for 9018 events... INFO
[2025-12-14 12:32:52.496] ✅ Uniqueness weights computed. Mean: 1.0000, Min: 0.4374, Max: 1.3122 SUCCESS
2025-12-14 12:32:52,496 - System.tprint - INFO - ℹ️ ✅ Uniqueness weights computed. Mean: 1.0000, Min: 0.4374, Max: 1.3122 SUCCESS
[I 2025-12-14 12:32:53,495] Trial 905 finished with value: -0.003015678983166792 and parameters: {'trail_distance_atr_mult': 1.2014962909708178}. Best is trial 126 with value: -0.000363295272717509.
[2025-12-14 12:32:56.158] ⚖️ Computing uniqueness weights for 9018 events... INFO
2025-12-14 12:32:56,160 - System.tprint - INFO - ℹ️ ⚖️ Computing uniqueness weights for 9018 events... INFO
[2025-12-14 12:32:56.178] ✅ Uniqueness weights computed. Mean: 1.0000, Min: 0.4373, Max: 1.3119 SUCCESS
2025-12-14 12:32:56,178 - System.tprint - INFO - ℹ️ ✅ Uniqueness weights computed. Mean: 1.0000, Min: 0.4373, Max: 1.3119 SUCCESS
[I 2025-12-14 12:32:57,716] Trial 906 finished with value: -0.007527227896317504 and parameters: {'trail_distance_atr_mult': 1.0353769557277173}. Best is trial 126 with value: -0.000363295272717509.
[2025-12-14 12:33:01.056] ⚖️ Computing uniqueness weights for 9018 events... INFO
2025-12-14 12:33:01,057 - System.tprint - INFO - ℹ️ ⚖️ Computing uniqueness weights for 9018 events... INFO
[2025-12-14 12:33:01.071] ✅ Uniqueness weights computed. Mean: 1.0000, Min: 0.4374, Max: 1.3121 SUCCESS
2025-12-14 12:33:01,071 - System.tprint - INFO - ℹ️ ✅ Uniqueness weights computed. Mean: 1.0000, Min: 0.4374, Max: 1.3121 SUCCESS
[I 2025-12-14 12:33:02,048] Trial 907 finished with value: -0.007702301197564253 and parameters: {'trail_distance_atr_mult': 1.1478096659518033}. Best is trial 126 with value: -0.000363295272717509.
[2025-12-14 12:33:03.565] ⚖️ Computing uniqueness weights for 9018 events... INFO
2025-12-14 12:33:03,565 - System.tprint - INFO - ℹ️ ⚖️ Computing uniqueness weights for 9018 events... INFO
[2025-12-14 12:33:03.575] ✅ Uniqueness weights computed. Mean: 1.0000, Min: 0.4375, Max: 1.3124 SUCCESS
2025-12-14 12:33:03,575 - System.tprint - INFO - ℹ️ ✅ Uniqueness weights computed. Mean: 1.0000, Min: 0.4375, Max: 1.3124 SUCCESS
[I 2025-12-14 12:33:04,271] Trial 908 finished with value: -0.002268514491888338 and parameters: {'trail_distance_atr_mult': 1.2669351426125783}. Best is trial 126 with value: -0.000363295272717509.
[2025-12-14 12:33:05.453] ⚖️ Computing uniqueness weights for 9018 events... INFO
2025-12-14 12:33:05,453 - System.tprint - INFO - ℹ️ ⚖️ Computing uniqueness weights for 9018 events... INFO
[2025-12-14 12:33:05.462] ✅ Uniqueness weights computed. Mean: 1.0000, Min: 0.4375, Max: 1.3124 SUCCESS
2025-12-14 12:33:05,462 - System.tprint - INFO - ℹ️ ✅ Uniqueness weights computed. Mean: 1.0000, Min: 0.4375, Max: 1.3124 SUCCESS
