[I 2025-12-14 12:20:50,258] Trial 629 finished with value: -0.002269794679932063 and parameters: {'trail_distance_atr_mult': 1.5514616109522632}. Best is trial 126 with value: -0.000363295272717509.
[2025-12-14 12:20:51.655] ⚖️ Computing uniqueness weights for 9018 events... INFO
2025-12-14 12:20:51,655 - System.tprint - INFO - ℹ️ ⚖️ Computing uniqueness weights for 9018 events... INFO
[2025-12-14 12:20:51.665] ✅ Uniqueness weights computed. Mean: 1.0000, Min: 0.4375, Max: 1.3126 SUCCESS
2025-12-14 12:20:51,665 - System.tprint - INFO - ℹ️ ✅ Uniqueness weights computed. Mean: 1.0000, Min: 0.4375, Max: 1.3126 SUCCESS
[I 2025-12-14 12:20:52,538] Trial 630 finished with value: -0.0022709685249576598 and parameters: {'trail_distance_atr_mult': 1.5536003144551565}. Best is trial 126 with value: -0.000363295272717509.
[2025-12-14 12:20:53.916] ⚖️ Computing uniqueness weights for 9018 events... INFO
2025-12-14 12:20:53,917 - System.tprint - INFO - ℹ️ ⚖️ Computing uniqueness weights for 9018 events... INFO
[2025-12-14 12:20:53.930] ✅ Uniqueness weights computed. Mean: 1.0000, Min: 0.4375, Max: 1.3125 SUCCESS
2025-12-14 12:20:53,930 - System.tprint - INFO - ℹ️ ✅ Uniqueness weights computed. Mean: 1.0000, Min: 0.4375, Max: 1.3125 SUCCESS
[I 2025-12-14 12:20:54,876] Trial 631 finished with value: -0.006658983801979943 and parameters: {'trail_distance_atr_mult': 1.5043616086887208}. Best is trial 126 with value: -0.000363295272717509.
[2025-12-14 12:20:56.259] ⚖️ Computing uniqueness weights for 9018 events... INFO
2025-12-14 12:20:56,259 - System.tprint - INFO - ℹ️ ⚖️ Computing uniqueness weights for 9018 events... INFO
[2025-12-14 12:20:56.271] ✅ Uniqueness weights computed. Mean: 1.0000, Min: 0.4377, Max: 1.3130 SUCCESS
2025-12-14 12:20:56,271 - System.tprint - INFO - ℹ️ ✅ Uniqueness weights computed. Mean: 1.0000, Min: 0.4377, Max: 1.3130 SUCCESS
[I 2025-12-14 12:20:57,154] Trial 632 finished with value: -0.008195399886852054 and parameters: {'trail_distance_atr_mult': 1.7357478515419726}. Best is trial 126 with value: -0.000363295272717509.
[2025-12-14 12:20:58.598] ⚖️ Computing uniqueness weights for 9018 events... INFO
2025-12-14 12:20:58,598 - System.tprint - INFO - ℹ️ ⚖️ Computing uniqueness weights for 9018 events... INFO
[2025-12-14 12:20:58.615] ✅ Uniqueness weights computed. Mean: 1.0000, Min: 0.4375, Max: 1.3125 SUCCESS
2025-12-14 12:20:58,615 - System.tprint - INFO - ℹ️ ✅ Uniqueness weights computed. Mean: 1.0000, Min: 0.4375, Max: 1.3125 SUCCESS
[I 2025-12-14 12:21:01,607] Trial 633 finished with value: -0.003949583525594782 and parameters: {'trail_distance_atr_mult': 1.4272983362714322}. Best is trial 126 with value: -0.000363295272717509.
[2025-12-14 12:21:05.432] ⚖️ Computing uniqueness weights for 9018 events... INFO
2025-12-14 12:21:05,432 - System.tprint - INFO - ℹ️ ⚖️ Computing uniqueness weights for 9018 events... INFO
[2025-12-14 12:21:05.454] ✅ Uniqueness weights computed. Mean: 1.0000, Min: 0.4376, Max: 1.3128 SUCCESS
2025-12-14 12:21:05,454 - System.tprint - INFO - ℹ️ ✅ Uniqueness weights computed. Mean: 1.0000, Min: 0.4376, Max: 1.3128 SUCCESS
[I 2025-12-14 12:21:06,628] Trial 634 finished with value: -0.005991515254993795 and parameters: {'trail_distance_atr_mult': 1.6369941649485664}. Best is trial 126 with value: -0.000363295272717509.
[2025-12-14 12:21:08.143] ⚖️ Computing uniqueness weights for 9018 events... INFO
2025-12-14 12:21:08,143 - System.tprint - INFO - ℹ️ ⚖️ Computing uniqueness weights for 9018 events... INFO
[2025-12-14 12:21:08.155] ✅ Uniqueness weights computed. Mean: 1.0000, Min: 0.4375, Max: 1.3125 SUCCESS
2025-12-14 12:21:08,155 - System.tprint - INFO - ℹ️ ✅ Uniqueness weights computed. Mean: 1.0000, Min: 0.4375, Max: 1.3125 SUCCESS
[I 2025-12-14 12:21:09,099] Trial 635 finished with value: -0.004818486065365577 and parameters: {'trail_distance_atr_mult': 1.4762983377747976}. Best is trial 126 with value: -0.000363295272717509.
[2025-12-14 12:21:10.584] ⚖️ Computing uniqueness weights for 9018 events... INFO
2025-12-14 12:21:10,584 - System.tprint - INFO - ℹ️ ⚖️ Computing uniqueness weights for 9018 events... INFO
[2025-12-14 12:21:10.598] ✅ Uniqueness weights computed. Mean: 1.0000, Min: 0.4376, Max: 1.3129 SUCCESS
2025-12-14 12:21:10,598 - System.tprint - INFO - ℹ️ ✅ Uniqueness weights computed. Mean: 1.0000, Min: 0.4376, Max: 1.3129 SUCCESS
[I 2025-12-14 12:21:11,527] Trial 636 finished with value: -0.005135808902654899 and parameters: {'trail_distance_atr_mult': 1.679597938296952}. Best is trial 126 with value: -0.000363295272717509.
[2025-12-14 12:21:12.969] ⚖️ Computing uniqueness weights for 9018 events... INFO
2025-12-14 12:21:12,969 - System.tprint - INFO - ℹ️ ⚖️ Computing uniqueness weights for 9018 events... INFO
[2025-12-14 12:21:12.982] ✅ Uniqueness weights computed. Mean: 1.0000, Min: 0.4375, Max: 1.3125 SUCCESS
2025-12-14 12:21:12,982 - System.tprint - INFO - ℹ️ ✅ Uniqueness weights computed. Mean: 1.0000, Min: 0.4375, Max: 1.3125 SUCCESS
[I 2025-12-14 12:21:13,864] Trial 637 finished with value: -0.004189566762209529 and parameters: {'trail_distance_atr_mult': 1.4409356662811157}. Best is trial 126 with value: -0.000363295272717509.
[2025-12-14 12:21:15.486] ⚖️ Computing uniqueness weights for 9018 events... INFO
2025-12-14 12:21:15,487 - System.tprint - INFO - ℹ️ ⚖️ Computing uniqueness weights for 9018 events... INFO
[2025-12-14 12:21:15.572] ✅ Uniqueness weights computed. Mean: 1.0000, Min: 0.4376, Max: 1.3127 SUCCESS
2025-12-14 12:21:15,580 - System.tprint - INFO - ℹ️ ✅ Uniqueness weights computed. Mean: 1.0000, Min: 0.4376, Max: 1.3127 SUCCESS
[I 2025-12-14 12:21:17,925] Trial 638 finished with value: -0.0024570518117845394 and parameters: {'trail_distance_atr_mult': 1.5989415682537058}. Best is trial 126 with value: -0.000363295272717509.
[2025-12-14 12:21:19.384] ⚖️ Computing uniqueness weights for 9018 events... INFO
2025-12-14 12:21:19,384 - System.tprint - INFO - ℹ️ ⚖️ Computing uniqueness weights for 9018 events... INFO
[2025-12-14 12:21:19.397] ✅ Uniqueness weights computed. Mean: 1.0000, Min: 0.4375, Max: 1.3124 SUCCESS
2025-12-14 12:21:19,397 - System.tprint - INFO - ℹ️ ✅ Uniqueness weights computed. Mean: 1.0000, Min: 0.4375, Max: 1.3124 SUCCESS
[I 2025-12-14 12:21:20,416] Trial 639 finished with value: -0.0029957628226931756 and parameters: {'trail_distance_atr_mult': 1.3567698292574204}. Best is trial 126 with value: -0.000363295272717509.
[2025-12-14 12:21:21.853] ⚖️ Computing uniqueness weights for 9018 events... INFO
2025-12-14 12:21:21,854 - System.tprint - INFO - ℹ️ ⚖️ Computing uniqueness weights for 9018 events... INFO
[2025-12-14 12:21:21.864] ✅ Uniqueness weights computed. Mean: 1.0000, Min: 0.4377, Max: 1.3130 SUCCESS
2025-12-14 12:21:21,864 - System.tprint - INFO - ℹ️ ✅ Uniqueness weights computed. Mean: 1.0000, Min: 0.4377, Max: 1.3130 SUCCESS
[I 2025-12-14 12:21:22,827] Trial 640 finished with value: -0.005931910063799398 and parameters: {'trail_distance_atr_mult': 1.7659105490189602}. Best is trial 126 with value: -0.000363295272717509.
[2025-12-14 12:21:24.248] ⚖️ Computing uniqueness weights for 9018 events... INFO
2025-12-14 12:21:24,249 - System.tprint - INFO - ℹ️ ⚖️ Computing uniqueness weights for 9018 events... INFO
[2025-12-14 12:21:24.260] ✅ Uniqueness weights computed. Mean: 1.0000, Min: 0.4375, Max: 1.3126 SUCCESS
2025-12-14 12:21:24,260 - System.tprint - INFO - ℹ️ ✅ Uniqueness weights computed. Mean: 1.0000, Min: 0.4375, Max: 1.3126 SUCCESS
[I 2025-12-14 12:21:25,157] Trial 641 finished with value: -0.0022709044188771615 and parameters: {'trail_distance_atr_mult': 1.5686128253148455}. Best is trial 126 with value: -0.000363295272717509.
[2025-12-14 12:21:26.802] ⚖️ Computing uniqueness weights for 9018 events... INFO
2025-12-14 12:21:26,802 - System.tprint - INFO - ℹ️ ⚖️ Computing uniqueness weights for 9018 events... INFO
[2025-12-14 12:21:26.815] ✅ Uniqueness weights computed. Mean: 1.0000, Min: 0.4375, Max: 1.3126 SUCCESS
2025-12-14 12:21:26,815 - System.tprint - INFO - ℹ️ ✅ Uniqueness weights computed. Mean: 1.0000, Min: 0.4375, Max: 1.3126 SUCCESS
[I 2025-12-14 12:21:27,802] Trial 642 finished with value: -0.00227093618183069 and parameters: {'trail_distance_atr_mult': 1.5628815234572444}. Best is trial 126 with value: -0.000363295272717509.
[2025-12-14 12:21:29.289] ⚖️ Computing uniqueness weights for 9018 events... INFO
2025-12-14 12:21:29,289 - System.tprint - INFO - ℹ️ ⚖️ Computing uniqueness weights for 9018 events... INFO
[2025-12-14 12:21:29.300] ✅ Uniqueness weights computed. Mean: 1.0000, Min: 0.4376, Max: 1.3127 SUCCESS
2025-12-14 12:21:29,300 - System.tprint - INFO - ℹ️ ✅ Uniqueness weights computed. Mean: 1.0000, Min: 0.4376, Max: 1.3127 SUCCESS
[I 2025-12-14 12:21:30,220] Trial 643 finished with value: -0.0024570529156948146 and parameters: {'trail_distance_atr_mult': 1.5962498435594088}. Best is trial 126 with value: -0.000363295272717509.
[2025-12-14 12:21:31.728] ⚖️ Computing uniqueness weights for 9018 events... INFO
2025-12-14 12:21:31,728 - System.tprint - INFO - ℹ️ ⚖️ Computing uniqueness weights for 9018 events... INFO
[2025-12-14 12:21:31.739] ✅ Uniqueness weights computed. Mean: 1.0000, Min: 0.4375, Max: 1.3125 SUCCESS
2025-12-14 12:21:31,739 - System.tprint - INFO - ℹ️ ✅ Uniqueness weights computed. Mean: 1.0000, Min: 0.4375, Max: 1.3125 SUCCESS
[I 2025-12-14 12:21:32,634] Trial 644 finished with value: -0.004818486905359469 and parameters: {'trail_distance_atr_mult': 1.470965507838042}. Best is trial 126 with value: -0.000363295272717509.
[2025-12-14 12:21:34.191] ⚖️ Computing uniqueness weights for 9018 events... INFO
2025-12-14 12:21:34,191 - System.tprint - INFO - ℹ️ ⚖️ Computing uniqueness weights for 9018 events... INFO
[2025-12-14 12:21:34.206] ✅ Uniqueness weights computed. Mean: 1.0000, Min: 0.4377, Max: 1.3130 SUCCESS
2025-12-14 12:21:34,206 - System.tprint - INFO - ℹ️ ✅ Uniqueness weights computed. Mean: 1.0000, Min: 0.4377, Max: 1.3130 SUCCESS
[I 2025-12-14 12:21:35,207] Trial 645 finished with value: -0.006837430580136799 and parameters: {'trail_distance_atr_mult': 1.7145343237982829}. Best is trial 126 with value: -0.000363295272717509.
[2025-12-14 12:21:36.611] ⚖️ Computing uniqueness weights for 9018 events... INFO
2025-12-14 12:21:36,611 - System.tprint - INFO - ℹ️ ⚖️ Computing uniqueness weights for 9018 events... INFO
[2025-12-14 12:21:36.623] ✅ Uniqueness weights computed. Mean: 1.0000, Min: 0.4375, Max: 1.3125 SUCCESS
2025-12-14 12:21:36,623 - System.tprint - INFO - ℹ️ ✅ Uniqueness weights computed. Mean: 1.0000, Min: 0.4375, Max: 1.3125 SUCCESS
[I 2025-12-14 12:21:37,587] Trial 646 finished with value: -0.006658961696231075 and parameters: {'trail_distance_atr_mult': 1.5080990410214685}. Best is trial 126 with value: -0.000363295272717509.
[2025-12-14 12:21:39.173] ⚖️ Computing uniqueness weights for 9018 events... INFO
2025-12-14 12:21:39,174 - System.tprint - INFO - ℹ️ ⚖️ Computing uniqueness weights for 9018 events... INFO
[2025-12-14 12:21:39.186] ✅ Uniqueness weights computed. Mean: 1.0000, Min: 0.4376, Max: 1.3128 SUCCESS
2025-12-14 12:21:39,186 - System.tprint - INFO - ℹ️ ✅ Uniqueness weights computed. Mean: 1.0000, Min: 0.4376, Max: 1.3128 SUCCESS
[I 2025-12-14 12:21:40,176] Trial 647 finished with value: -0.00599158804205772 and parameters: {'trail_distance_atr_mult': 1.6392089415278952}. Best is trial 126 with value: -0.000363295272717509.
[2025-12-14 12:21:41.986] ⚖️ Computing uniqueness weights for 9018 events... INFO
2025-12-14 12:21:41,986 - System.tprint - INFO - ℹ️ ⚖️ Computing uniqueness weights for 9018 events... INFO
[2025-12-14 12:21:41.997] ✅ Uniqueness weights computed. Mean: 1.0000, Min: 0.4375, Max: 1.3125 SUCCESS
2025-12-14 12:21:41,997 - System.tprint - INFO - ℹ️ ✅ Uniqueness weights computed. Mean: 1.0000, Min: 0.4375, Max: 1.3125 SUCCESS
[I 2025-12-14 12:21:42,907] Trial 648 finished with value: -0.002995741199374881 and parameters: {'trail_distance_atr_mult': 1.3740554922323525}. Best is trial 126 with value: -0.000363295272717509.
[2025-12-14 12:21:44.407] ⚖️ Computing uniqueness weights for 9018 events... INFO
2025-12-14 12:21:44,407 - System.tprint - INFO - ℹ️ ⚖️ Computing uniqueness weights for 9018 events... INFO
[2025-12-14 12:21:44.420] ✅ Uniqueness weights computed. Mean: 1.0000, Min: 0.4376, Max: 1.3128 SUCCESS
2025-12-14 12:21:44,420 - System.tprint - INFO - ℹ️ ✅ Uniqueness weights computed. Mean: 1.0000, Min: 0.4376, Max: 1.3128 SUCCESS
[I 2025-12-14 12:21:45,368] Trial 649 finished with value: -0.00571160938802264 and parameters: {'trail_distance_atr_mult': 1.6281074981827415}. Best is trial 126 with value: -0.000363295272717509.
[2025-12-14 12:21:46.851] ⚖️ Computing uniqueness weights for 9018 events... INFO
2025-12-14 12:21:46,852 - System.tprint - INFO - ℹ️ ⚖️ Computing uniqueness weights for 9018 events... INFO
[2025-12-14 12:21:46.866] ✅ Uniqueness weights computed. Mean: 1.0000, Min: 0.4375, Max: 1.3125 SUCCESS
2025-12-14 12:21:46,866 - System.tprint - INFO - ℹ️ ✅ Uniqueness weights computed. Mean: 1.0000, Min: 0.4375, Max: 1.3125 SUCCESS
[I 2025-12-14 12:21:47,772] Trial 650 finished with value: -0.003949608686882445 and parameters: {'trail_distance_atr_mult': 1.4271745905982955}. Best is trial 126 with value: -0.000363295272717509.
[2025-12-14 12:21:49.217] ⚖️ Computing uniqueness weights for 9018 events... INFO
2025-12-14 12:21:49,217 - System.tprint - INFO - ℹ️ ⚖️ Computing uniqueness weights for 9018 events... INFO
[2025-12-14 12:21:49.229] ✅ Uniqueness weights computed. Mean: 1.0000, Min: 0.4376, Max: 1.3129 SUCCESS
2025-12-14 12:21:49,229 - System.tprint - INFO - ℹ️ ✅ Uniqueness weights computed. Mean: 1.0000, Min: 0.4376, Max: 1.3129 SUCCESS
[I 2025-12-14 12:21:50,238] Trial 651 finished with value: -0.005158003612780534 and parameters: {'trail_distance_atr_mult': 1.6951155398192512}. Best is trial 126 with value: -0.000363295272717509.
[2025-12-14 12:21:51.764] ⚖️ Computing uniqueness weights for 9018 events... INFO
2025-12-14 12:21:51,765 - System.tprint - INFO - ℹ️ ⚖️ Computing uniqueness weights for 9018 events... INFO
[2025-12-14 12:21:51.777] ✅ Uniqueness weights computed. Mean: 1.0000, Min: 0.4375, Max: 1.3124 SUCCESS
2025-12-14 12:21:51,777 - System.tprint - INFO - ℹ️ ✅ Uniqueness weights computed. Mean: 1.0000, Min: 0.4375, Max: 1.3124 SUCCESS
[I 2025-12-14 12:21:52,881] Trial 652 finished with value: -0.0032373669347807595 and parameters: {'trail_distance_atr_mult': 1.34655460102941}. Best is trial 126 with value: -0.000363295272717509.
[2025-12-14 12:21:54.293] ⚖️ Computing uniqueness weights for 9018 events... INFO
2025-12-14 12:21:54,293 - System.tprint - INFO - ℹ️ ⚖️ Computing uniqueness weights for 9018 events... INFO
[2025-12-14 12:21:54.304] ✅ Uniqueness weights computed. Mean: 1.0000, Min: 0.4376, Max: 1.3127 SUCCESS
2025-12-14 12:21:54,304 - System.tprint - INFO - ℹ️ ✅ Uniqueness weights computed. Mean: 1.0000, Min: 0.4376, Max: 1.3127 SUCCESS
[I 2025-12-14 12:21:55,191] Trial 653 finished with value: -0.004397608684388214 and parameters: {'trail_distance_atr_mult': 1.6134393522253074}. Best is trial 126 with value: -0.000363295272717509.
[2025-12-14 12:21:56.627] ⚖️ Computing uniqueness weights for 9018 events... INFO
2025-12-14 12:21:56,627 - System.tprint - INFO - ℹ️ ⚖️ Computing uniqueness weights for 9018 events... INFO
[2025-12-14 12:21:56.637] ✅ Uniqueness weights computed. Mean: 1.0000, Min: 0.4375, Max: 1.3126 SUCCESS
2025-12-14 12:21:56,638 - System.tprint - INFO - ℹ️ ✅ Uniqueness weights computed. Mean: 1.0000, Min: 0.4375, Max: 1.3126 SUCCESS
[I 2025-12-14 12:21:57,588] Trial 654 finished with value: -0.0022708973826844818 and parameters: {'trail_distance_atr_mult': 1.5699001716745953}. Best is trial 126 with value: -0.000363295272717509.
[2025-12-14 12:21:59.312] ⚖️ Computing uniqueness weights for 9018 events... INFO
2025-12-14 12:21:59,313 - System.tprint - INFO - ℹ️ ⚖️ Computing uniqueness weights for 9018 events... INFO
[2025-12-14 12:21:59.326] ✅ Uniqueness weights computed. Mean: 1.0000, Min: 0.4376, Max: 1.3127 SUCCESS
2025-12-14 12:21:59,326 - System.tprint - INFO - ℹ️ ✅ Uniqueness weights computed. Mean: 1.0000, Min: 0.4376, Max: 1.3127 SUCCESS
[I 2025-12-14 12:22:00,226] Trial 655 finished with value: -0.0022708399965171064 and parameters: {'trail_distance_atr_mult': 1.5809184434317645}. Best is trial 126 with value: -0.000363295272717509.
[2025-12-14 12:22:01.670] ⚖️ Computing uniqueness weights for 9018 events... INFO
2025-12-14 12:22:01,670 - System.tprint - INFO - ℹ️ ⚖️ Computing uniqueness weights for 9018 events... INFO
[2025-12-14 12:22:01.683] ✅ Uniqueness weights computed. Mean: 1.0000, Min: 0.4376, Max: 1.3128 SUCCESS
2025-12-14 12:22:01,683 - System.tprint - INFO - ℹ️ ✅ Uniqueness weights computed. Mean: 1.0000, Min: 0.4376, Max: 1.3128 SUCCESS
[I 2025-12-14 12:22:02,614] Trial 656 finished with value: -0.005991452599585643 and parameters: {'trail_distance_atr_mult': 1.6350784203967792}. Best is trial 126 with value: -0.000363295272717509.
[2025-12-14 12:22:04.026] ⚖️ Computing uniqueness weights for 9018 events... INFO
2025-12-14 12:22:04,026 - System.tprint - INFO - ℹ️ ⚖️ Computing uniqueness weights for 9018 events... INFO
[2025-12-14 12:22:04.037] ✅ Uniqueness weights computed. Mean: 1.0000, Min: 0.4377, Max: 1.3132 SUCCESS
2025-12-14 12:22:04,038 - System.tprint - INFO - ℹ️ ✅ Uniqueness weights computed. Mean: 1.0000, Min: 0.4377, Max: 1.3132 SUCCESS
[I 2025-12-14 12:22:04,937] Trial 657 finished with value: -0.006274960324236237 and parameters: {'trail_distance_atr_mult': 1.9144961225801274}. Best is trial 126 with value: -0.000363295272717509.
[2025-12-14 12:22:06.342] ⚖️ Computing uniqueness weights for 9018 events... INFO
2025-12-14 12:22:06,342 - System.tprint - INFO - ℹ️ ⚖️ Computing uniqueness weights for 9018 events... INFO
[2025-12-14 12:22:06.353] ✅ Uniqueness weights computed. Mean: 1.0000, Min: 0.4375, Max: 1.3126 SUCCESS
2025-12-14 12:22:06,353 - System.tprint - INFO - ℹ️ ✅ Uniqueness weights computed. Mean: 1.0000, Min: 0.4375, Max: 1.3126 SUCCESS
[I 2025-12-14 12:22:07,253] Trial 658 finished with value: -0.00227096903651919 and parameters: {'trail_distance_atr_mult': 1.5529282544285987}. Best is trial 126 with value: -0.000363295272717509.
[2025-12-14 12:22:08.776] ⚖️ Computing uniqueness weights for 9018 events... INFO
2025-12-14 12:22:08,776 - System.tprint - INFO - ℹ️ ⚖️ Computing uniqueness weights for 9018 events... INFO
[2025-12-14 12:22:08.788] ✅ Uniqueness weights computed. Mean: 1.0000, Min: 0.4375, Max: 1.3126 SUCCESS
2025-12-14 12:22:08,788 - System.tprint - INFO - ℹ️ ✅ Uniqueness weights computed. Mean: 1.0000, Min: 0.4375, Max: 1.3126 SUCCESS
[I 2025-12-14 12:22:09,750] Trial 659 finished with value: -0.0022709265263088753 and parameters: {'trail_distance_atr_mult': 1.5646011377137752}. Best is trial 126 with value: -0.000363295272717509.
[2025-12-14 12:22:11.241] ⚖️ Computing uniqueness weights for 9018 events... INFO
2025-12-14 12:22:11,241 - System.tprint - INFO - ℹ️ ⚖️ Computing uniqueness weights for 9018 events... INFO
[2025-12-14 12:22:11.254] ✅ Uniqueness weights computed. Mean: 1.0000, Min: 0.4375, Max: 1.3125 SUCCESS
2025-12-14 12:22:11,254 - System.tprint - INFO - ℹ️ ✅ Uniqueness weights computed. Mean: 1.0000, Min: 0.4375, Max: 1.3125 SUCCESS
[I 2025-12-14 12:22:12,227] Trial 660 finished with value: -0.004189011749084386 and parameters: {'trail_distance_atr_mult': 1.4426737886477285}. Best is trial 126 with value: -0.000363295272717509.
[2025-12-14 12:22:13.685] ⚖️ Computing uniqueness weights for 9018 events... INFO
2025-12-14 12:22:13,686 - System.tprint - INFO - ℹ️ ⚖️ Computing uniqueness weights for 9018 events... INFO
[2025-12-14 12:22:13.697] ✅ Uniqueness weights computed. Mean: 1.0000, Min: 0.4377, Max: 1.3130 SUCCESS
2025-12-14 12:22:13,697 - System.tprint - INFO - ℹ️ ✅ Uniqueness weights computed. Mean: 1.0000, Min: 0.4377, Max: 1.3130 SUCCESS
[I 2025-12-14 12:22:14,606] Trial 661 finished with value: -0.004907871651325416 and parameters: {'trail_distance_atr_mult': 1.7026386726547869}. Best is trial 126 with value: -0.000363295272717509.
[2025-12-14 12:22:16.205] ⚖️ Computing uniqueness weights for 9018 events... INFO
2025-12-14 12:22:16,205 - System.tprint - INFO - ℹ️ ⚖️ Computing uniqueness weights for 9018 events... INFO
[2025-12-14 12:22:16.216] ✅ Uniqueness weights computed. Mean: 1.0000, Min: 0.4375, Max: 1.3126 SUCCESS
2025-12-14 12:22:16,216 - System.tprint - INFO - ℹ️ ✅ Uniqueness weights computed. Mean: 1.0000, Min: 0.4375, Max: 1.3126 SUCCESS
[I 2025-12-14 12:22:17,515] Trial 662 finished with value: -0.0022708771602498816 and parameters: {'trail_distance_atr_mult': 1.5737042989302663}. Best is trial 126 with value: -0.000363295272717509.
[2025-12-14 12:22:18.932] ⚖️ Computing uniqueness weights for 9018 events... INFO
2025-12-14 12:22:18,933 - System.tprint - INFO - ℹ️ ⚖️ Computing uniqueness weights for 9018 events... INFO
[2025-12-14 12:22:18.945] ✅ Uniqueness weights computed. Mean: 1.0000, Min: 0.4375, Max: 1.3126 SUCCESS
2025-12-14 12:22:18,945 - System.tprint - INFO - ℹ️ ✅ Uniqueness weights computed. Mean: 1.0000, Min: 0.4375, Max: 1.3126 SUCCESS
[I 2025-12-14 12:22:19,905] Trial 663 finished with value: -0.0022709682354729956 and parameters: {'trail_distance_atr_mult': 1.5540225147373612}. Best is trial 126 with value: -0.000363295272717509.
[2025-12-14 12:22:21.400] ⚖️ Computing uniqueness weights for 9018 events... INFO
2025-12-14 12:22:21,401 - System.tprint - INFO - ℹ️ ⚖️ Computing uniqueness weights for 9018 events... INFO
[2025-12-14 12:22:21.414] ✅ Uniqueness weights computed. Mean: 1.0000, Min: 0.4377, Max: 1.3130 SUCCESS
2025-12-14 12:22:21,414 - System.tprint - INFO - ℹ️ ✅ Uniqueness weights computed. Mean: 1.0000, Min: 0.4377, Max: 1.3130 SUCCESS
