[I 2025-12-14 12:40:18,858] Trial 1119 finished with value: -0.007527248634388913 and parameters: {'trail_distance_atr_mult': 1.056591753294779}. Best is trial 126 with value: -0.000363295272717509.
[2025-12-14 12:40:20.179] ⚖️ Computing uniqueness weights for 9018 events... INFO
2025-12-14 12:40:20,181 - System.tprint - INFO - ℹ️ ⚖️ Computing uniqueness weights for 9018 events... INFO
[2025-12-14 12:40:20.208] ✅ Uniqueness weights computed. Mean: 1.0000, Min: 0.4373, Max: 1.3119 SUCCESS
2025-12-14 12:40:20,208 - System.tprint - INFO - ℹ️ ✅ Uniqueness weights computed. Mean: 1.0000, Min: 0.4373, Max: 1.3119 SUCCESS
[I 2025-12-14 12:40:22,832] Trial 1120 finished with value: -0.007527235755478012 and parameters: {'trail_distance_atr_mult': 1.0459567997694932}. Best is trial 126 with value: -0.000363295272717509.
[2025-12-14 12:40:24.761] ⚖️ Computing uniqueness weights for 9018 events... INFO
2025-12-14 12:40:24,761 - System.tprint - INFO - ℹ️ ⚖️ Computing uniqueness weights for 9018 events... INFO
[2025-12-14 12:40:24.775] ✅ Uniqueness weights computed. Mean: 1.0000, Min: 0.4373, Max: 1.3120 SUCCESS
2025-12-14 12:40:24,775 - System.tprint - INFO - ℹ️ ✅ Uniqueness weights computed. Mean: 1.0000, Min: 0.4373, Max: 1.3120 SUCCESS
[I 2025-12-14 12:40:25,966] Trial 1121 finished with value: -0.007582018440884237 and parameters: {'trail_distance_atr_mult': 1.079721396638392}. Best is trial 126 with value: -0.000363295272717509.
[2025-12-14 12:40:27.872] ⚖️ Computing uniqueness weights for 9018 events... INFO
2025-12-14 12:40:27,872 - System.tprint - INFO - ℹ️ ⚖️ Computing uniqueness weights for 9018 events... INFO
[2025-12-14 12:40:27.888] ✅ Uniqueness weights computed. Mean: 1.0000, Min: 0.4373, Max: 1.3120 SUCCESS
2025-12-14 12:40:27,888 - System.tprint - INFO - ℹ️ ✅ Uniqueness weights computed. Mean: 1.0000, Min: 0.4373, Max: 1.3120 SUCCESS
[I 2025-12-14 12:40:29,722] Trial 1122 finished with value: -0.0008138620554847425 and parameters: {'trail_distance_atr_mult': 1.087923429713232}. Best is trial 126 with value: -0.000363295272717509.
[2025-12-14 12:40:31.223] ⚖️ Computing uniqueness weights for 9018 events... INFO
2025-12-14 12:40:31,224 - System.tprint - INFO - ℹ️ ⚖️ Computing uniqueness weights for 9018 events... INFO
[2025-12-14 12:40:31.234] ✅ Uniqueness weights computed. Mean: 1.0000, Min: 0.4372, Max: 1.3117 SUCCESS
2025-12-14 12:40:31,234 - System.tprint - INFO - ℹ️ ✅ Uniqueness weights computed. Mean: 1.0000, Min: 0.4372, Max: 1.3117 SUCCESS
[I 2025-12-14 12:40:31,927] Trial 1123 finished with value: -0.006727938132922144 and parameters: {'trail_distance_atr_mult': 0.8054577761954458}. Best is trial 126 with value: -0.000363295272717509.
[2025-12-14 12:40:33.687] ⚖️ Computing uniqueness weights for 9018 events... INFO
2025-12-14 12:40:33,687 - System.tprint - INFO - ℹ️ ⚖️ Computing uniqueness weights for 9018 events... INFO
[2025-12-14 12:40:33.698] ✅ Uniqueness weights computed. Mean: 1.0000, Min: 0.4373, Max: 1.3118 SUCCESS
2025-12-14 12:40:33,698 - System.tprint - INFO - ℹ️ ✅ Uniqueness weights computed. Mean: 1.0000, Min: 0.4373, Max: 1.3118 SUCCESS
[I 2025-12-14 12:40:34,546] Trial 1124 finished with value: -0.006758344170622439 and parameters: {'trail_distance_atr_mult': 0.9690961310327209}. Best is trial 126 with value: -0.000363295272717509.
[2025-12-14 12:40:36.086] ⚖️ Computing uniqueness weights for 9018 events... INFO
2025-12-14 12:40:36,087 - System.tprint - INFO - ℹ️ ⚖️ Computing uniqueness weights for 9018 events... INFO
[2025-12-14 12:40:36.097] ✅ Uniqueness weights computed. Mean: 1.0000, Min: 0.4373, Max: 1.3119 SUCCESS
2025-12-14 12:40:36,097 - System.tprint - INFO - ℹ️ ✅ Uniqueness weights computed. Mean: 1.0000, Min: 0.4373, Max: 1.3119 SUCCESS
[I 2025-12-14 12:40:36,913] Trial 1125 finished with value: -0.007527241106972051 and parameters: {'trail_distance_atr_mult': 1.050367377417239}. Best is trial 126 with value: -0.000363295272717509.
[2025-12-14 12:40:38.716] ⚖️ Computing uniqueness weights for 9018 events... INFO
2025-12-14 12:40:38,716 - System.tprint - INFO - ℹ️ ⚖️ Computing uniqueness weights for 9018 events... INFO
[2025-12-14 12:40:38.734] ✅ Uniqueness weights computed. Mean: 1.0000, Min: 0.4373, Max: 1.3118 SUCCESS
2025-12-14 12:40:38,734 - System.tprint - INFO - ℹ️ ✅ Uniqueness weights computed. Mean: 1.0000, Min: 0.4373, Max: 1.3118 SUCCESS
[I 2025-12-14 12:40:39,735] Trial 1126 finished with value: -0.006584454333136465 and parameters: {'trail_distance_atr_mult': 0.8570650333061367}. Best is trial 126 with value: -0.000363295272717509.
[2025-12-14 12:40:40.996] ⚖️ Computing uniqueness weights for 9018 events... INFO
2025-12-14 12:40:40,996 - System.tprint - INFO - ℹ️ ⚖️ Computing uniqueness weights for 9018 events... INFO
[2025-12-14 12:40:41.005] ✅ Uniqueness weights computed. Mean: 1.0000, Min: 0.4373, Max: 1.3120 SUCCESS
2025-12-14 12:40:41,005 - System.tprint - INFO - ℹ️ ✅ Uniqueness weights computed. Mean: 1.0000, Min: 0.4373, Max: 1.3120 SUCCESS
[I 2025-12-14 12:40:41,786] Trial 1127 finished with value: -0.001600657329982831 and parameters: {'trail_distance_atr_mult': 1.0819274713595979}. Best is trial 126 with value: -0.000363295272717509.
[2025-12-14 12:40:43.944] ⚖️ Computing uniqueness weights for 9018 events... INFO
2025-12-14 12:40:43,945 - System.tprint - INFO - ℹ️ ⚖️ Computing uniqueness weights for 9018 events... INFO
[2025-12-14 12:40:43.955] ✅ Uniqueness weights computed. Mean: 1.0000, Min: 0.4373, Max: 1.3118 SUCCESS
2025-12-14 12:40:43,956 - System.tprint - INFO - ℹ️ ✅ Uniqueness weights computed. Mean: 1.0000, Min: 0.4373, Max: 1.3118 SUCCESS
[I 2025-12-14 12:40:44,883] Trial 1128 finished with value: -0.006734841759562035 and parameters: {'trail_distance_atr_mult': 0.85900038777948}. Best is trial 126 with value: -0.000363295272717509.
[2025-12-14 12:40:46.303] ⚖️ Computing uniqueness weights for 9018 events... INFO
2025-12-14 12:40:46,303 - System.tprint - INFO - ℹ️ ⚖️ Computing uniqueness weights for 9018 events... INFO
[2025-12-14 12:40:46.316] ✅ Uniqueness weights computed. Mean: 1.0000, Min: 0.4373, Max: 1.3119 SUCCESS
2025-12-14 12:40:46,316 - System.tprint - INFO - ℹ️ ✅ Uniqueness weights computed. Mean: 1.0000, Min: 0.4373, Max: 1.3119 SUCCESS
[I 2025-12-14 12:40:47,245] Trial 1129 finished with value: -0.0075272329015527535 and parameters: {'trail_distance_atr_mult': 1.0435892727022182}. Best is trial 126 with value: -0.000363295272717509.
[2025-12-14 12:40:48.664] ⚖️ Computing uniqueness weights for 9018 events... INFO
2025-12-14 12:40:48,664 - System.tprint - INFO - ℹ️ ⚖️ Computing uniqueness weights for 9018 events... INFO
[2025-12-14 12:40:48.678] ✅ Uniqueness weights computed. Mean: 1.0000, Min: 0.4373, Max: 1.3119 SUCCESS
2025-12-14 12:40:48,678 - System.tprint - INFO - ℹ️ ✅ Uniqueness weights computed. Mean: 1.0000, Min: 0.4373, Max: 1.3119 SUCCESS
[I 2025-12-14 12:40:49,602] Trial 1130 finished with value: -0.007527242118924605 and parameters: {'trail_distance_atr_mult': 1.0511980519647188}. Best is trial 126 with value: -0.000363295272717509.
[2025-12-14 12:40:50.929] ⚖️ Computing uniqueness weights for 9018 events... INFO
2025-12-14 12:40:50,929 - System.tprint - INFO - ℹ️ ⚖️ Computing uniqueness weights for 9018 events... INFO
[2025-12-14 12:40:50.938] ✅ Uniqueness weights computed. Mean: 1.0000, Min: 0.4373, Max: 1.3120 SUCCESS
2025-12-14 12:40:50,938 - System.tprint - INFO - ℹ️ ✅ Uniqueness weights computed. Mean: 1.0000, Min: 0.4373, Max: 1.3120 SUCCESS
[I 2025-12-14 12:40:51,733] Trial 1131 finished with value: -0.007527257173056814 and parameters: {'trail_distance_atr_mult': 1.0636974005460103}. Best is trial 126 with value: -0.000363295272717509.
[2025-12-14 12:40:52.927] ⚖️ Computing uniqueness weights for 9018 events... INFO
2025-12-14 12:40:52,927 - System.tprint - INFO - ℹ️ ⚖️ Computing uniqueness weights for 9018 events... INFO
[2025-12-14 12:40:52.936] ✅ Uniqueness weights computed. Mean: 1.0000, Min: 0.4373, Max: 1.3120 SUCCESS
2025-12-14 12:40:52,937 - System.tprint - INFO - ℹ️ ✅ Uniqueness weights computed. Mean: 1.0000, Min: 0.4373, Max: 1.3120 SUCCESS
[I 2025-12-14 12:40:53,715] Trial 1132 finished with value: -0.007658107667948266 and parameters: {'trail_distance_atr_mult': 1.1034761331746665}. Best is trial 126 with value: -0.000363295272717509.
[2025-12-14 12:40:55.287] ⚖️ Computing uniqueness weights for 9018 events... INFO
2025-12-14 12:40:55,287 - System.tprint - INFO - ℹ️ ⚖️ Computing uniqueness weights for 9018 events... INFO
[2025-12-14 12:40:55.307] ✅ Uniqueness weights computed. Mean: 1.0000, Min: 0.4373, Max: 1.3120 SUCCESS
2025-12-14 12:40:55,308 - System.tprint - INFO - ℹ️ ✅ Uniqueness weights computed. Mean: 1.0000, Min: 0.4373, Max: 1.3120 SUCCESS
[I 2025-12-14 12:40:56,772] Trial 1133 finished with value: -0.007527261391889911 and parameters: {'trail_distance_atr_mult': 1.067114367766387}. Best is trial 126 with value: -0.000363295272717509.
[2025-12-14 12:40:58.854] ⚖️ Computing uniqueness weights for 9018 events... INFO
2025-12-14 12:40:58,856 - System.tprint - INFO - ℹ️ ⚖️ Computing uniqueness weights for 9018 events... INFO
[2025-12-14 12:40:58.871] ✅ Uniqueness weights computed. Mean: 1.0000, Min: 0.4373, Max: 1.3119 SUCCESS
2025-12-14 12:40:58,871 - System.tprint - INFO - ℹ️ ✅ Uniqueness weights computed. Mean: 1.0000, Min: 0.4373, Max: 1.3119 SUCCESS
[I 2025-12-14 12:40:59,687] Trial 1134 finished with value: -0.007527232939435828 and parameters: {'trail_distance_atr_mult': 1.0436252308527414}. Best is trial 126 with value: -0.000363295272717509.
[2025-12-14 12:41:00.886] ⚖️ Computing uniqueness weights for 9018 events... INFO
2025-12-14 12:41:00,886 - System.tprint - INFO - ℹ️ ⚖️ Computing uniqueness weights for 9018 events... INFO
[2025-12-14 12:41:00.896] ✅ Uniqueness weights computed. Mean: 1.0000, Min: 0.4383, Max: 1.3148 SUCCESS
2025-12-14 12:41:00,896 - System.tprint - INFO - ℹ️ ✅ Uniqueness weights computed. Mean: 1.0000, Min: 0.4383, Max: 1.3148 SUCCESS
[I 2025-12-14 12:41:01,593] Trial 1135 finished with value: -0.006321633045687933 and parameters: {'trail_distance_atr_mult': 2.4101863457345676}. Best is trial 126 with value: -0.000363295272717509.
[2025-12-14 12:41:02.773] ⚖️ Computing uniqueness weights for 9018 events... INFO
2025-12-14 12:41:02,773 - System.tprint - INFO - ℹ️ ⚖️ Computing uniqueness weights for 9018 events... INFO
[2025-12-14 12:41:02.783] ✅ Uniqueness weights computed. Mean: 1.0000, Min: 0.4373, Max: 1.3120 SUCCESS
2025-12-14 12:41:02,783 - System.tprint - INFO - ℹ️ ✅ Uniqueness weights computed. Mean: 1.0000, Min: 0.4373, Max: 1.3120 SUCCESS
[I 2025-12-14 12:41:03,478] Trial 1136 finished with value: -0.007582019243486076 and parameters: {'trail_distance_atr_mult': 1.0780641225027654}. Best is trial 126 with value: -0.000363295272717509.
[2025-12-14 12:41:05.188] ⚖️ Computing uniqueness weights for 9018 events... INFO
2025-12-14 12:41:05,189 - System.tprint - INFO - ℹ️ ⚖️ Computing uniqueness weights for 9018 events... INFO
[2025-12-14 12:41:05.198] ✅ Uniqueness weights computed. Mean: 1.0000, Min: 0.4375, Max: 1.3124 SUCCESS
2025-12-14 12:41:05,198 - System.tprint - INFO - ℹ️ ✅ Uniqueness weights computed. Mean: 1.0000, Min: 0.4375, Max: 1.3124 SUCCESS
[I 2025-12-14 12:41:05,962] Trial 1137 finished with value: -0.0022685214541959702 and parameters: {'trail_distance_atr_mult': 1.265371038491257}. Best is trial 126 with value: -0.000363295272717509.
[2025-12-14 12:41:07.538] ⚖️ Computing uniqueness weights for 9018 events... INFO
2025-12-14 12:41:07,539 - System.tprint - INFO - ℹ️ ⚖️ Computing uniqueness weights for 9018 events... INFO
[2025-12-14 12:41:07.551] ✅ Uniqueness weights computed. Mean: 1.0000, Min: 0.4373, Max: 1.3120 SUCCESS
2025-12-14 12:41:07,551 - System.tprint - INFO - ℹ️ ✅ Uniqueness weights computed. Mean: 1.0000, Min: 0.4373, Max: 1.3120 SUCCESS
[I 2025-12-14 12:41:08,268] Trial 1138 finished with value: -0.0008138612855896159 and parameters: {'trail_distance_atr_mult': 1.0987077418454378}. Best is trial 126 with value: -0.000363295272717509.
[2025-12-14 12:41:09.488] ⚖️ Computing uniqueness weights for 9018 events... INFO
2025-12-14 12:41:09,488 - System.tprint - INFO - ℹ️ ⚖️ Computing uniqueness weights for 9018 events... INFO
[2025-12-14 12:41:09.501] ✅ Uniqueness weights computed. Mean: 1.0000, Min: 0.4373, Max: 1.3118 SUCCESS
2025-12-14 12:41:09,501 - System.tprint - INFO - ℹ️ ✅ Uniqueness weights computed. Mean: 1.0000, Min: 0.4373, Max: 1.3118 SUCCESS
[I 2025-12-14 12:41:10,282] Trial 1139 finished with value: -0.006804538558134227 and parameters: {'trail_distance_atr_mult': 0.8379224399928018}. Best is trial 126 with value: -0.000363295272717509.
[2025-12-14 12:41:11.724] ⚖️ Computing uniqueness weights for 9018 events... INFO
2025-12-14 12:41:11,725 - System.tprint - INFO - ℹ️ ⚖️ Computing uniqueness weights for 9018 events... INFO
[2025-12-14 12:41:11.746] ✅ Uniqueness weights computed. Mean: 1.0000, Min: 0.4373, Max: 1.3118 SUCCESS
2025-12-14 12:41:11,746 - System.tprint - INFO - ℹ️ ✅ Uniqueness weights computed. Mean: 1.0000, Min: 0.4373, Max: 1.3118 SUCCESS
[I 2025-12-14 12:41:13,268] Trial 1140 finished with value: -0.006888953304959376 and parameters: {'trail_distance_atr_mult': 0.9188265994920678}. Best is trial 126 with value: -0.000363295272717509.
[2025-12-14 12:41:15.661] ⚖️ Computing uniqueness weights for 9018 events... INFO
2025-12-14 12:41:15,662 - System.tprint - INFO - ℹ️ ⚖️ Computing uniqueness weights for 9018 events... INFO
[2025-12-14 12:41:15.683] ✅ Uniqueness weights computed. Mean: 1.0000, Min: 0.4373, Max: 1.3120 SUCCESS
2025-12-14 12:41:15,683 - System.tprint - INFO - ℹ️ ✅ Uniqueness weights computed. Mean: 1.0000, Min: 0.4373, Max: 1.3120 SUCCESS
[I 2025-12-14 12:41:16,567] Trial 1141 finished with value: -0.007527253639698129 and parameters: {'trail_distance_atr_mult': 1.0607186393198695}. Best is trial 126 with value: -0.000363295272717509.
[2025-12-14 12:41:17.761] ⚖️ Computing uniqueness weights for 9018 events... INFO
2025-12-14 12:41:17,761 - System.tprint - INFO - ℹ️ ⚖️ Computing uniqueness weights for 9018 events... INFO
[2025-12-14 12:41:17.771] ✅ Uniqueness weights computed. Mean: 1.0000, Min: 0.4373, Max: 1.3120 SUCCESS
2025-12-14 12:41:17,771 - System.tprint - INFO - ℹ️ ✅ Uniqueness weights computed. Mean: 1.0000, Min: 0.4373, Max: 1.3120 SUCCESS
[I 2025-12-14 12:41:18,455] Trial 1142 finished with value: -0.007527267500278128 and parameters: {'trail_distance_atr_mult': 1.0770692294550552}. Best is trial 126 with value: -0.000363295272717509.
[2025-12-14 12:41:19.642] ⚖️ Computing uniqueness weights for 9018 events... INFO
2025-12-14 12:41:19,643 - System.tprint - INFO - ℹ️ ⚖️ Computing uniqueness weights for 9018 events... INFO
[2025-12-14 12:41:19.652] ✅ Uniqueness weights computed. Mean: 1.0000, Min: 0.4373, Max: 1.3120 SUCCESS
2025-12-14 12:41:19,652 - System.tprint - INFO - ℹ️ ✅ Uniqueness weights computed. Mean: 1.0000, Min: 0.4373, Max: 1.3120 SUCCESS
[I 2025-12-14 12:41:20,482] Trial 1143 finished with value: -0.007527251044168657 and parameters: {'trail_distance_atr_mult': 1.0585849799823963}. Best is trial 126 with value: -0.000363295272717509.
[2025-12-14 12:41:21.973] ⚖️ Computing uniqueness weights for 9018 events... INFO
2025-12-14 12:41:21,974 - System.tprint - INFO - ℹ️ ⚖️ Computing uniqueness weights for 9018 events... INFO
[2025-12-14 12:41:22.002] ✅ Uniqueness weights computed. Mean: 1.0000, Min: 0.4373, Max: 1.3120 SUCCESS
2025-12-14 12:41:22,002 - System.tprint - INFO - ℹ️ ✅ Uniqueness weights computed. Mean: 1.0000, Min: 0.4373, Max: 1.3120 SUCCESS
[I 2025-12-14 12:41:22,842] Trial 1144 finished with value: -0.007527268322111418 and parameters: {'trail_distance_atr_mult': 1.072966629452234}. Best is trial 126 with value: -0.000363295272717509.
[2025-12-14 12:41:24.036] ⚖️ Computing uniqueness weights for 9018 events... INFO
2025-12-14 12:41:24,036 - System.tprint - INFO - ℹ️ ⚖️ Computing uniqueness weights for 9018 events... INFO
[2025-12-14 12:41:24.046] ✅ Uniqueness weights computed. Mean: 1.0000, Min: 0.4373, Max: 1.3120 SUCCESS
2025-12-14 12:41:24,046 - System.tprint - INFO - ℹ️ ✅ Uniqueness weights computed. Mean: 1.0000, Min: 0.4373, Max: 1.3120 SUCCESS
[I 2025-12-14 12:41:24,744] Trial 1145 finished with value: -0.007733067137181127 and parameters: {'trail_distance_atr_mult': 1.1304487329121697}. Best is trial 126 with value: -0.000363295272717509.
[2025-12-14 12:41:26.194] ⚖️ Computing uniqueness weights for 9018 events... INFO
2025-12-14 12:41:26,195 - System.tprint - INFO - ℹ️ ⚖️ Computing uniqueness weights for 9018 events... INFO
[2025-12-14 12:41:26.205] ✅ Uniqueness weights computed. Mean: 1.0000, Min: 0.4375, Max: 1.3124 SUCCESS
2025-12-14 12:41:26,206 - System.tprint - INFO - ℹ️ ✅ Uniqueness weights computed. Mean: 1.0000, Min: 0.4375, Max: 1.3124 SUCCESS
[I 2025-12-14 12:41:26,913] Trial 1146 finished with value: -0.004640588346239517 and parameters: {'trail_distance_atr_mult': 1.2851156565997885}. Best is trial 126 with value: -0.000363295272717509.
[2025-12-14 12:41:28.244] ⚖️ Computing uniqueness weights for 9018 events... INFO
2025-12-14 12:41:28,244 - System.tprint - INFO - ℹ️ ⚖️ Computing uniqueness weights for 9018 events... INFO
[2025-12-14 12:41:28.263] ✅ Uniqueness weights computed. Mean: 1.0000, Min: 0.4373, Max: 1.3120 SUCCESS
2025-12-14 12:41:28,263 - System.tprint - INFO - ℹ️ ✅ Uniqueness weights computed. Mean: 1.0000, Min: 0.4373, Max: 1.3120 SUCCESS
[I 2025-12-14 12:41:29,905] Trial 1147 finished with value: -0.00781648783415041 and parameters: {'trail_distance_atr_mult': 1.1141197720367395}. Best is trial 126 with value: -0.000363295272717509.
[2025-12-14 12:41:31.384] ⚖️ Computing uniqueness weights for 9018 events... INFO
2025-12-14 12:41:31,385 - System.tprint - INFO - ℹ️ ⚖️ Computing uniqueness weights for 9018 events... INFO
[2025-12-14 12:41:31.395] ✅ Uniqueness weights computed. Mean: 1.0000, Min: 0.4372, Max: 1.3117 SUCCESS
2025-12-14 12:41:31,395 - System.tprint - INFO - ℹ️ ✅ Uniqueness weights computed. Mean: 1.0000, Min: 0.4372, Max: 1.3117 SUCCESS
[I 2025-12-14 12:41:32,095] Trial 1148 finished with value: -0.006727979838153926 and parameters: {'trail_distance_atr_mult': 0.8014608612563218}. Best is trial 126 with value: -0.000363295272717509.
[2025-12-14 12:41:33.570] ⚖️ Computing uniqueness weights for 9018 events... INFO
2025-12-14 12:41:33,571 - System.tprint - INFO - ℹ️ ⚖️ Computing uniqueness weights for 9018 events... INFO
[2025-12-14 12:41:33.580] ✅ Uniqueness weights computed. Mean: 1.0000, Min: 0.4375, Max: 1.3124 SUCCESS
2025-12-14 12:41:33,581 - System.tprint - INFO - ℹ️ ✅ Uniqueness weights computed. Mean: 1.0000, Min: 0.4375, Max: 1.3124 SUCCESS
[I 2025-12-14 12:41:34,285] Trial 1149 finished with value: -0.005836987229236181 and parameters: {'trail_distance_atr_mult': 1.29760235140122}. Best is trial 126 with value: -0.000363295272717509.
[2025-12-14 12:41:35.494] ⚖️ Computing uniqueness weights for 9018 events... INFO
2025-12-14 12:41:35,494 - System.tprint - INFO - ℹ️ ⚖️ Computing uniqueness weights for 9018 events... INFO
[2025-12-14 12:41:35.505] ✅ Uniqueness weights computed. Mean: 1.0000, Min: 0.4373, Max: 1.3120 SUCCESS
2025-12-14 12:41:35,505 - System.tprint - INFO - ℹ️ ✅ Uniqueness weights computed. Mean: 1.0000, Min: 0.4373, Max: 1.3120 SUCCESS
[I 2025-12-14 12:41:36,553] Trial 1150 finished with value: -0.0008138610690779946 and parameters: {'trail_distance_atr_mult': 1.1016321562608984}. Best is trial 126 with value: -0.000363295272717509.
[2025-12-14 12:41:37.803] ⚖️ Computing uniqueness weights for 9018 events... INFO
2025-12-14 12:41:37,803 - System.tprint - INFO - ℹ️ ⚖️ Computing uniqueness weights for 9018 events... INFO
[2025-12-14 12:41:37.813] ✅ Uniqueness weights computed. Mean: 1.0000, Min: 0.4373, Max: 1.3118 SUCCESS
2025-12-14 12:41:37,813 - System.tprint - INFO - ℹ️ ✅ Uniqueness weights computed. Mean: 1.0000, Min: 0.4373, Max: 1.3118 SUCCESS
[I 2025-12-14 12:41:38,521] Trial 1151 finished with value: -0.006721213439019285 and parameters: {'trail_distance_atr_mult': 0.9066603480063995}. Best is trial 126 with value: -0.000363295272717509.
[2025-12-14 12:41:39.739] ⚖️ Computing uniqueness weights for 9018 events... INFO
2025-12-14 12:41:39,739 - System.tprint - INFO - ℹ️ ⚖️ Computing uniqueness weights for 9018 events... INFO
[2025-12-14 12:41:39.751] ✅ Uniqueness weights computed. Mean: 1.0000, Min: 0.4373, Max: 1.3120 SUCCESS
2025-12-14 12:41:39,751 - System.tprint - INFO - ℹ️ ✅ Uniqueness weights computed. Mean: 1.0000, Min: 0.4373, Max: 1.3120 SUCCESS
[I 2025-12-14 12:41:40,916] Trial 1152 finished with value: -0.007527254590461258 and parameters: {'trail_distance_atr_mult': 1.0614750282424372}. Best is trial 126 with value: -0.000363295272717509.
[2025-12-14 12:41:42.107] ⚖️ Computing uniqueness weights for 9018 events... INFO
2025-12-14 12:41:42,107 - System.tprint - INFO - ℹ️ ⚖️ Computing uniqueness weights for 9018 events... INFO
[2025-12-14 12:41:42.118] ✅ Uniqueness weights computed. Mean: 1.0000, Min: 0.4373, Max: 1.3120 SUCCESS
2025-12-14 12:41:42,118 - System.tprint - INFO - ℹ️ ✅ Uniqueness weights computed. Mean: 1.0000, Min: 0.4373, Max: 1.3120 SUCCESS
[I 2025-12-14 12:41:42,815] Trial 1153 finished with value: -0.007582018496299759 and parameters: {'trail_distance_atr_mult': 1.079517318615502}. Best is trial 126 with value: -0.000363295272717509.
[2025-12-14 12:41:44.030] ⚖️ Computing uniqueness weights for 9018 events... INFO
2025-12-14 12:41:44,031 - System.tprint - INFO - ℹ️ ⚖️ Computing uniqueness weights for 9018 events... INFO
[2025-12-14 12:41:44.040] ✅ Uniqueness weights computed. Mean: 1.0000, Min: 0.4373, Max: 1.3120 SUCCESS
2025-12-14 12:41:44,040 - System.tprint - INFO - ℹ️ ✅ Uniqueness weights computed. Mean: 1.0000, Min: 0.4373, Max: 1.3120 SUCCESS
