[I 2025-12-14 13:07:47,483] Trial 1924 finished with value: -0.006840116070756766 and parameters: {'trail_distance_atr_mult': 0.9574057152613179}. Best is trial 126 with value: -0.000363295272717509.
[2025-12-14 13:07:48.712] ⚖️ Computing uniqueness weights for 9018 events... INFO
2025-12-14 13:07:48,712 - System.tprint - INFO - ℹ️ ⚖️ Computing uniqueness weights for 9018 events... INFO
[2025-12-14 13:07:48.722] ✅ Uniqueness weights computed. Mean: 1.0000, Min: 0.4375, Max: 1.3124 SUCCESS
2025-12-14 13:07:48,722 - System.tprint - INFO - ℹ️ ✅ Uniqueness weights computed. Mean: 1.0000, Min: 0.4375, Max: 1.3124 SUCCESS
[I 2025-12-14 13:07:49,358] Trial 1925 finished with value: -0.0032373730882251416 and parameters: {'trail_distance_atr_mult': 1.324719767600661}. Best is trial 126 with value: -0.000363295272717509.
[2025-12-14 13:07:50.555] ⚖️ Computing uniqueness weights for 9018 events... INFO
2025-12-14 13:07:50,555 - System.tprint - INFO - ℹ️ ⚖️ Computing uniqueness weights for 9018 events... INFO
[2025-12-14 13:07:50.565] ✅ Uniqueness weights computed. Mean: 1.0000, Min: 0.4372, Max: 1.3117 SUCCESS
2025-12-14 13:07:50,566 - System.tprint - INFO - ℹ️ ✅ Uniqueness weights computed. Mean: 1.0000, Min: 0.4372, Max: 1.3117 SUCCESS
[I 2025-12-14 13:07:51,201] Trial 1926 finished with value: -0.001060420273841256 and parameters: {'trail_distance_atr_mult': 0.7354251753089011}. Best is trial 126 with value: -0.000363295272717509.
[2025-12-14 13:07:52.420] ⚖️ Computing uniqueness weights for 9018 events... INFO
2025-12-14 13:07:52,420 - System.tprint - INFO - ℹ️ ⚖️ Computing uniqueness weights for 9018 events... INFO
[2025-12-14 13:07:52.431] ✅ Uniqueness weights computed. Mean: 1.0000, Min: 0.4372, Max: 1.3117 SUCCESS
2025-12-14 13:07:52,431 - System.tprint - INFO - ℹ️ ✅ Uniqueness weights computed. Mean: 1.0000, Min: 0.4372, Max: 1.3117 SUCCESS
[I 2025-12-14 13:07:53,073] Trial 1927 finished with value: -0.0034849037732859996 and parameters: {'trail_distance_atr_mult': 0.6496722937053495}. Best is trial 126 with value: -0.000363295272717509.
[2025-12-14 13:07:54.292] ⚖️ Computing uniqueness weights for 9018 events... INFO
2025-12-14 13:07:54,292 - System.tprint - INFO - ℹ️ ⚖️ Computing uniqueness weights for 9018 events... INFO
[2025-12-14 13:07:54.302] ✅ Uniqueness weights computed. Mean: 1.0000, Min: 0.4372, Max: 1.3117 SUCCESS
2025-12-14 13:07:54,302 - System.tprint - INFO - ℹ️ ✅ Uniqueness weights computed. Mean: 1.0000, Min: 0.4372, Max: 1.3117 SUCCESS
[I 2025-12-14 13:07:54,946] Trial 1928 finished with value: -0.007479331783459741 and parameters: {'trail_distance_atr_mult': 0.6994404855087587}. Best is trial 126 with value: -0.000363295272717509.
[2025-12-14 13:07:56.123] ⚖️ Computing uniqueness weights for 9018 events... INFO
2025-12-14 13:07:56,123 - System.tprint - INFO - ℹ️ ⚖️ Computing uniqueness weights for 9018 events... INFO
[2025-12-14 13:07:56.132] ✅ Uniqueness weights computed. Mean: 1.0000, Min: 0.4372, Max: 1.3117 SUCCESS
2025-12-14 13:07:56,132 - System.tprint - INFO - ℹ️ ✅ Uniqueness weights computed. Mean: 1.0000, Min: 0.4372, Max: 1.3117 SUCCESS
[I 2025-12-14 13:07:56,787] Trial 1929 finished with value: -0.0034849037732859996 and parameters: {'trail_distance_atr_mult': 0.6457028950479694}. Best is trial 126 with value: -0.000363295272717509.
[2025-12-14 13:07:57.966] ⚖️ Computing uniqueness weights for 9018 events... INFO
2025-12-14 13:07:57,967 - System.tprint - INFO - ℹ️ ⚖️ Computing uniqueness weights for 9018 events... INFO
[2025-12-14 13:07:57.977] ✅ Uniqueness weights computed. Mean: 1.0000, Min: 0.4372, Max: 1.3117 SUCCESS
2025-12-14 13:07:57,977 - System.tprint - INFO - ℹ️ ✅ Uniqueness weights computed. Mean: 1.0000, Min: 0.4372, Max: 1.3117 SUCCESS
[I 2025-12-14 13:07:58,613] Trial 1930 finished with value: -0.007479331783459741 and parameters: {'trail_distance_atr_mult': 0.6757296600201612}. Best is trial 126 with value: -0.000363295272717509.
[2025-12-14 13:07:59.861] ⚖️ Computing uniqueness weights for 9018 events... INFO
2025-12-14 13:07:59,861 - System.tprint - INFO - ℹ️ ⚖️ Computing uniqueness weights for 9018 events... INFO
[2025-12-14 13:07:59.871] ✅ Uniqueness weights computed. Mean: 1.0000, Min: 0.4372, Max: 1.3117 SUCCESS
2025-12-14 13:07:59,871 - System.tprint - INFO - ℹ️ ✅ Uniqueness weights computed. Mean: 1.0000, Min: 0.4372, Max: 1.3117 SUCCESS
[I 2025-12-14 13:08:00,548] Trial 1931 finished with value: -0.007479331783459741 and parameters: {'trail_distance_atr_mult': 0.6824195095494702}. Best is trial 126 with value: -0.000363295272717509.
[2025-12-14 13:08:01.766] ⚖️ Computing uniqueness weights for 9018 events... INFO
2025-12-14 13:08:01,766 - System.tprint - INFO - ℹ️ ⚖️ Computing uniqueness weights for 9018 events... INFO
[2025-12-14 13:08:01.777] ✅ Uniqueness weights computed. Mean: 1.0000, Min: 0.4372, Max: 1.3117 SUCCESS
2025-12-14 13:08:01,777 - System.tprint - INFO - ℹ️ ✅ Uniqueness weights computed. Mean: 1.0000, Min: 0.4372, Max: 1.3117 SUCCESS
[I 2025-12-14 13:08:02,412] Trial 1932 finished with value: -0.007479331783459741 and parameters: {'trail_distance_atr_mult': 0.7186988690229679}. Best is trial 126 with value: -0.000363295272717509.
[2025-12-14 13:08:03.630] ⚖️ Computing uniqueness weights for 9018 events... INFO
2025-12-14 13:08:03,630 - System.tprint - INFO - ℹ️ ⚖️ Computing uniqueness weights for 9018 events... INFO
[2025-12-14 13:08:03.641] ✅ Uniqueness weights computed. Mean: 1.0000, Min: 0.4372, Max: 1.3117 SUCCESS
2025-12-14 13:08:03,641 - System.tprint - INFO - ℹ️ ✅ Uniqueness weights computed. Mean: 1.0000, Min: 0.4372, Max: 1.3117 SUCCESS
[I 2025-12-14 13:08:04,278] Trial 1933 finished with value: -0.007321828937469562 and parameters: {'trail_distance_atr_mult': 0.5199702067498595}. Best is trial 126 with value: -0.000363295272717509.
[2025-12-14 13:08:05.485] ⚖️ Computing uniqueness weights for 9018 events... INFO
2025-12-14 13:08:05,486 - System.tprint - INFO - ℹ️ ⚖️ Computing uniqueness weights for 9018 events... INFO
[2025-12-14 13:08:05.496] ✅ Uniqueness weights computed. Mean: 1.0000, Min: 0.4372, Max: 1.3117 SUCCESS
2025-12-14 13:08:05,496 - System.tprint - INFO - ℹ️ ✅ Uniqueness weights computed. Mean: 1.0000, Min: 0.4372, Max: 1.3117 SUCCESS
[I 2025-12-14 13:08:06,133] Trial 1934 finished with value: -0.006727941327855894 and parameters: {'trail_distance_atr_mult': 0.8051598618744248}. Best is trial 126 with value: -0.000363295272717509.
[2025-12-14 13:08:07.319] ⚖️ Computing uniqueness weights for 9018 events... INFO
2025-12-14 13:08:07,320 - System.tprint - INFO - ℹ️ ⚖️ Computing uniqueness weights for 9018 events... INFO
[2025-12-14 13:08:07.329] ✅ Uniqueness weights computed. Mean: 1.0000, Min: 0.4372, Max: 1.3117 SUCCESS
2025-12-14 13:08:07,330 - System.tprint - INFO - ℹ️ ✅ Uniqueness weights computed. Mean: 1.0000, Min: 0.4372, Max: 1.3117 SUCCESS
[I 2025-12-14 13:08:07,962] Trial 1935 finished with value: -0.0067281629880821155 and parameters: {'trail_distance_atr_mult': 0.7832721772880965}. Best is trial 126 with value: -0.000363295272717509.
[2025-12-14 13:08:09.167] ⚖️ Computing uniqueness weights for 9018 events... INFO
2025-12-14 13:08:09,167 - System.tprint - INFO - ℹ️ ⚖️ Computing uniqueness weights for 9018 events... INFO
[2025-12-14 13:08:09.176] ✅ Uniqueness weights computed. Mean: 1.0000, Min: 0.4372, Max: 1.3117 SUCCESS
2025-12-14 13:08:09,176 - System.tprint - INFO - ℹ️ ✅ Uniqueness weights computed. Mean: 1.0000, Min: 0.4372, Max: 1.3117 SUCCESS
[I 2025-12-14 13:08:09,818] Trial 1936 finished with value: -0.006747539199536142 and parameters: {'trail_distance_atr_mult': 0.7666960539253458}. Best is trial 126 with value: -0.000363295272717509.
[2025-12-14 13:08:11.026] ⚖️ Computing uniqueness weights for 9018 events... INFO
2025-12-14 13:08:11,026 - System.tprint - INFO - ℹ️ ⚖️ Computing uniqueness weights for 9018 events... INFO
[2025-12-14 13:08:11.035] ✅ Uniqueness weights computed. Mean: 1.0000, Min: 0.4373, Max: 1.3118 SUCCESS
2025-12-14 13:08:11,035 - System.tprint - INFO - ℹ️ ✅ Uniqueness weights computed. Mean: 1.0000, Min: 0.4373, Max: 1.3118 SUCCESS
[I 2025-12-14 13:08:11,672] Trial 1937 finished with value: -0.0068045109591739605 and parameters: {'trail_distance_atr_mult': 0.8254683988604375}. Best is trial 126 with value: -0.000363295272717509.
[2025-12-14 13:08:12.863] ⚖️ Computing uniqueness weights for 9018 events... INFO
2025-12-14 13:08:12,863 - System.tprint - INFO - ℹ️ ⚖️ Computing uniqueness weights for 9018 events... INFO
[2025-12-14 13:08:12.873] ✅ Uniqueness weights computed. Mean: 1.0000, Min: 0.4373, Max: 1.3118 SUCCESS
2025-12-14 13:08:12,874 - System.tprint - INFO - ℹ️ ✅ Uniqueness weights computed. Mean: 1.0000, Min: 0.4373, Max: 1.3118 SUCCESS
[I 2025-12-14 13:08:13,504] Trial 1938 finished with value: -0.006681094904654185 and parameters: {'trail_distance_atr_mult': 0.884153053807238}. Best is trial 126 with value: -0.000363295272717509.
[2025-12-14 13:08:14.742] ⚖️ Computing uniqueness weights for 9018 events... INFO
2025-12-14 13:08:14,742 - System.tprint - INFO - ℹ️ ⚖️ Computing uniqueness weights for 9018 events... INFO
[2025-12-14 13:08:14.753] ✅ Uniqueness weights computed. Mean: 1.0000, Min: 0.4373, Max: 1.3118 SUCCESS
2025-12-14 13:08:14,753 - System.tprint - INFO - ℹ️ ✅ Uniqueness weights computed. Mean: 1.0000, Min: 0.4373, Max: 1.3118 SUCCESS
[I 2025-12-14 13:08:15,509] Trial 1939 finished with value: -0.006681156936152412 and parameters: {'trail_distance_atr_mult': 0.8675712440928065}. Best is trial 126 with value: -0.000363295272717509.
[2025-12-14 13:08:16.699] ⚖️ Computing uniqueness weights for 9018 events... INFO
2025-12-14 13:08:16,699 - System.tprint - INFO - ℹ️ ⚖️ Computing uniqueness weights for 9018 events... INFO
[2025-12-14 13:08:16.709] ✅ Uniqueness weights computed. Mean: 1.0000, Min: 0.4372, Max: 1.3117 SUCCESS
2025-12-14 13:08:16,710 - System.tprint - INFO - ℹ️ ✅ Uniqueness weights computed. Mean: 1.0000, Min: 0.4372, Max: 1.3117 SUCCESS
[I 2025-12-14 13:08:17,364] Trial 1940 finished with value: -0.0034849037542104768 and parameters: {'trail_distance_atr_mult': 0.6612999532143605}. Best is trial 126 with value: -0.000363295272717509.
[2025-12-14 13:08:18.582] ⚖️ Computing uniqueness weights for 9018 events... INFO
2025-12-14 13:08:18,583 - System.tprint - INFO - ℹ️ ⚖️ Computing uniqueness weights for 9018 events... INFO
[2025-12-14 13:08:18.592] ✅ Uniqueness weights computed. Mean: 1.0000, Min: 0.4373, Max: 1.3118 SUCCESS
2025-12-14 13:08:18,592 - System.tprint - INFO - ℹ️ ✅ Uniqueness weights computed. Mean: 1.0000, Min: 0.4373, Max: 1.3118 SUCCESS
[I 2025-12-14 13:08:19,231] Trial 1941 finished with value: -0.006778426015320414 and parameters: {'trail_distance_atr_mult': 0.9557314810725918}. Best is trial 126 with value: -0.000363295272717509.
[2025-12-14 13:08:20.412] ⚖️ Computing uniqueness weights for 9018 events... INFO
2025-12-14 13:08:20,412 - System.tprint - INFO - ℹ️ ⚖️ Computing uniqueness weights for 9018 events... INFO
[2025-12-14 13:08:20.422] ✅ Uniqueness weights computed. Mean: 1.0000, Min: 0.4373, Max: 1.3118 SUCCESS
2025-12-14 13:08:20,422 - System.tprint - INFO - ℹ️ ✅ Uniqueness weights computed. Mean: 1.0000, Min: 0.4373, Max: 1.3118 SUCCESS
[I 2025-12-14 13:08:21,060] Trial 1942 finished with value: -0.0067583493187319855 and parameters: {'trail_distance_atr_mult': 0.9699343876882116}. Best is trial 126 with value: -0.000363295272717509.
[2025-12-14 13:08:22.260] ⚖️ Computing uniqueness weights for 9018 events... INFO
2025-12-14 13:08:22,261 - System.tprint - INFO - ℹ️ ⚖️ Computing uniqueness weights for 9018 events... INFO
[2025-12-14 13:08:22.271] ✅ Uniqueness weights computed. Mean: 1.0000, Min: 0.4372, Max: 1.3117 SUCCESS
2025-12-14 13:08:22,271 - System.tprint - INFO - ℹ️ ✅ Uniqueness weights computed. Mean: 1.0000, Min: 0.4372, Max: 1.3117 SUCCESS
[I 2025-12-14 13:08:23,182] Trial 1943 finished with value: -0.0034849037542104768 and parameters: {'trail_distance_atr_mult': 0.6632674532770596}. Best is trial 126 with value: -0.000363295272717509.
[2025-12-14 13:08:24.390] ⚖️ Computing uniqueness weights for 9018 events... INFO
2025-12-14 13:08:24,390 - System.tprint - INFO - ℹ️ ⚖️ Computing uniqueness weights for 9018 events... INFO
[2025-12-14 13:08:24.401] ✅ Uniqueness weights computed. Mean: 1.0000, Min: 0.4372, Max: 1.3117 SUCCESS
2025-12-14 13:08:24,401 - System.tprint - INFO - ℹ️ ✅ Uniqueness weights computed. Mean: 1.0000, Min: 0.4372, Max: 1.3117 SUCCESS
[I 2025-12-14 13:08:25,040] Trial 1944 finished with value: -0.007321828937469562 and parameters: {'trail_distance_atr_mult': 0.5021096586955647}. Best is trial 126 with value: -0.000363295272717509.
[2025-12-14 13:08:26.246] ⚖️ Computing uniqueness weights for 9018 events... INFO
2025-12-14 13:08:26,246 - System.tprint - INFO - ℹ️ ⚖️ Computing uniqueness weights for 9018 events... INFO
[2025-12-14 13:08:26.256] ✅ Uniqueness weights computed. Mean: 1.0000, Min: 0.4373, Max: 1.3118 SUCCESS
2025-12-14 13:08:26,256 - System.tprint - INFO - ℹ️ ✅ Uniqueness weights computed. Mean: 1.0000, Min: 0.4373, Max: 1.3118 SUCCESS
[I 2025-12-14 13:08:26,904] Trial 1945 finished with value: -0.007224082658494347 and parameters: {'trail_distance_atr_mult': 0.9602022137804497}. Best is trial 126 with value: -0.000363295272717509.
[2025-12-14 13:08:28.109] ⚖️ Computing uniqueness weights for 9018 events... INFO
2025-12-14 13:08:28,109 - System.tprint - INFO - ℹ️ ⚖️ Computing uniqueness weights for 9018 events... INFO
[2025-12-14 13:08:28.120] ✅ Uniqueness weights computed. Mean: 1.0000, Min: 0.4373, Max: 1.3120 SUCCESS
2025-12-14 13:08:28,120 - System.tprint - INFO - ℹ️ ✅ Uniqueness weights computed. Mean: 1.0000, Min: 0.4373, Max: 1.3120 SUCCESS
[I 2025-12-14 13:08:28,767] Trial 1946 finished with value: -0.007816488117765247 and parameters: {'trail_distance_atr_mult': 1.1189238896244096}. Best is trial 126 with value: -0.000363295272717509.
[2025-12-14 13:08:29.972] ⚖️ Computing uniqueness weights for 9018 events... INFO
2025-12-14 13:08:29,972 - System.tprint - INFO - ℹ️ ⚖️ Computing uniqueness weights for 9018 events... INFO
[2025-12-14 13:08:29.983] ✅ Uniqueness weights computed. Mean: 1.0000, Min: 0.4373, Max: 1.3118 SUCCESS
2025-12-14 13:08:29,983 - System.tprint - INFO - ℹ️ ✅ Uniqueness weights computed. Mean: 1.0000, Min: 0.4373, Max: 1.3118 SUCCESS
[I 2025-12-14 13:08:30,635] Trial 1947 finished with value: -0.00680451727787824 and parameters: {'trail_distance_atr_mult': 0.827750331117198}. Best is trial 126 with value: -0.000363295272717509.
[2025-12-14 13:08:31.865] ⚖️ Computing uniqueness weights for 9018 events... INFO
2025-12-14 13:08:31,865 - System.tprint - INFO - ℹ️ ⚖️ Computing uniqueness weights for 9018 events... INFO
[2025-12-14 13:08:31.875] ✅ Uniqueness weights computed. Mean: 1.0000, Min: 0.4374, Max: 1.3121 SUCCESS
2025-12-14 13:08:31,875 - System.tprint - INFO - ℹ️ ✅ Uniqueness weights computed. Mean: 1.0000, Min: 0.4374, Max: 1.3121 SUCCESS
[I 2025-12-14 13:08:32,514] Trial 1948 finished with value: -0.007702329309576663 and parameters: {'trail_distance_atr_mult': 1.1426544844953295}. Best is trial 126 with value: -0.000363295272717509.
[2025-12-14 13:08:33.734] ⚖️ Computing uniqueness weights for 9018 events... INFO
2025-12-14 13:08:33,734 - System.tprint - INFO - ℹ️ ⚖️ Computing uniqueness weights for 9018 events... INFO
[2025-12-14 13:08:33.743] ✅ Uniqueness weights computed. Mean: 1.0000, Min: 0.4373, Max: 1.3118 SUCCESS
2025-12-14 13:08:33,743 - System.tprint - INFO - ℹ️ ✅ Uniqueness weights computed. Mean: 1.0000, Min: 0.4373, Max: 1.3118 SUCCESS
[I 2025-12-14 13:08:34,394] Trial 1949 finished with value: -0.006758371967158446 and parameters: {'trail_distance_atr_mult': 0.9735783590791063}. Best is trial 126 with value: -0.000363295272717509.
[2025-12-14 13:08:35.594] ⚖️ Computing uniqueness weights for 9018 events... INFO
2025-12-14 13:08:35,595 - System.tprint - INFO - ℹ️ ⚖️ Computing uniqueness weights for 9018 events... INFO
[2025-12-14 13:08:35.605] ✅ Uniqueness weights computed. Mean: 1.0000, Min: 0.4373, Max: 1.3120 SUCCESS
2025-12-14 13:08:35,605 - System.tprint - INFO - ℹ️ ✅ Uniqueness weights computed. Mean: 1.0000, Min: 0.4373, Max: 1.3120 SUCCESS
[I 2025-12-14 13:08:36,242] Trial 1950 finished with value: -0.007816488202658707 and parameters: {'trail_distance_atr_mult': 1.121319467576154}. Best is trial 126 with value: -0.000363295272717509.
[2025-12-14 13:08:37.440] ⚖️ Computing uniqueness weights for 9018 events... INFO
2025-12-14 13:08:37,440 - System.tprint - INFO - ℹ️ ⚖️ Computing uniqueness weights for 9018 events... INFO
[2025-12-14 13:08:37.450] ✅ Uniqueness weights computed. Mean: 1.0000, Min: 0.4375, Max: 1.3124 SUCCESS
2025-12-14 13:08:37,450 - System.tprint - INFO - ℹ️ ✅ Uniqueness weights computed. Mean: 1.0000, Min: 0.4375, Max: 1.3124 SUCCESS
[I 2025-12-14 13:08:38,090] Trial 1951 finished with value: -0.00323736825733757 and parameters: {'trail_distance_atr_mult': 1.3385155781927405}. Best is trial 126 with value: -0.000363295272717509.
[2025-12-14 13:08:39.303] ⚖️ Computing uniqueness weights for 9018 events... INFO
2025-12-14 13:08:39,303 - System.tprint - INFO - ℹ️ ⚖️ Computing uniqueness weights for 9018 events... INFO
[2025-12-14 13:08:39.312] ✅ Uniqueness weights computed. Mean: 1.0000, Min: 0.4372, Max: 1.3117 SUCCESS
2025-12-14 13:08:39,312 - System.tprint - INFO - ℹ️ ✅ Uniqueness weights computed. Mean: 1.0000, Min: 0.4372, Max: 1.3117 SUCCESS
[I 2025-12-14 13:08:39,960] Trial 1952 finished with value: -0.006727971752016641 and parameters: {'trail_distance_atr_mult': 0.8022444049312092}. Best is trial 126 with value: -0.000363295272717509.
[2025-12-14 13:08:41.177] ⚖️ Computing uniqueness weights for 9018 events... INFO
2025-12-14 13:08:41,177 - System.tprint - INFO - ℹ️ ⚖️ Computing uniqueness weights for 9018 events... INFO
[2025-12-14 13:08:41.187] ✅ Uniqueness weights computed. Mean: 1.0000, Min: 0.4373, Max: 1.3120 SUCCESS
2025-12-14 13:08:41,187 - System.tprint - INFO - ℹ️ ✅ Uniqueness weights computed. Mean: 1.0000, Min: 0.4373, Max: 1.3120 SUCCESS
[I 2025-12-14 13:08:41,820] Trial 1953 finished with value: -0.007816488157376265 and parameters: {'trail_distance_atr_mult': 1.119167442161104}. Best is trial 126 with value: -0.000363295272717509.
[2025-12-14 13:08:43.034] ⚖️ Computing uniqueness weights for 9018 events... INFO
2025-12-14 13:08:43,034 - System.tprint - INFO - ℹ️ ⚖️ Computing uniqueness weights for 9018 events... INFO
[2025-12-14 13:08:43.044] ✅ Uniqueness weights computed. Mean: 1.0000, Min: 0.4373, Max: 1.3118 SUCCESS
2025-12-14 13:08:43,044 - System.tprint - INFO - ℹ️ ✅ Uniqueness weights computed. Mean: 1.0000, Min: 0.4373, Max: 1.3118 SUCCESS
[I 2025-12-14 13:08:43,677] Trial 1954 finished with value: -0.006778415743082477 and parameters: {'trail_distance_atr_mult': 0.9465618774725001}. Best is trial 126 with value: -0.000363295272717509.
[2025-12-14 13:08:44.885] ⚖️ Computing uniqueness weights for 9018 events... INFO
2025-12-14 13:08:44,885 - System.tprint - INFO - ℹ️ ⚖️ Computing uniqueness weights for 9018 events... INFO
[2025-12-14 13:08:44.895] ✅ Uniqueness weights computed. Mean: 1.0000, Min: 0.4374, Max: 1.3121 SUCCESS
2025-12-14 13:08:44,895 - System.tprint - INFO - ℹ️ ✅ Uniqueness weights computed. Mean: 1.0000, Min: 0.4374, Max: 1.3121 SUCCESS
[I 2025-12-14 13:08:45,531] Trial 1955 finished with value: -0.007094594721149785 and parameters: {'trail_distance_atr_mult': 1.1760782042960218}. Best is trial 126 with value: -0.000363295272717509.
[2025-12-14 13:08:46.727] ⚖️ Computing uniqueness weights for 9018 events... INFO
2025-12-14 13:08:46,727 - System.tprint - INFO - ℹ️ ⚖️ Computing uniqueness weights for 9018 events... INFO
[2025-12-14 13:08:46.736] ✅ Uniqueness weights computed. Mean: 1.0000, Min: 0.4372, Max: 1.3117 SUCCESS
2025-12-14 13:08:46,737 - System.tprint - INFO - ℹ️ ✅ Uniqueness weights computed. Mean: 1.0000, Min: 0.4372, Max: 1.3117 SUCCESS
[I 2025-12-14 13:08:47,373] Trial 1956 finished with value: -0.006747533362473809 and parameters: {'trail_distance_atr_mult': 0.7687767364315008}. Best is trial 126 with value: -0.000363295272717509.
[2025-12-14 13:08:48.579] ⚖️ Computing uniqueness weights for 9018 events... INFO
2025-12-14 13:08:48,579 - System.tprint - INFO - ℹ️ ⚖️ Computing uniqueness weights for 9018 events... INFO
[2025-12-14 13:08:48.589] ✅ Uniqueness weights computed. Mean: 1.0000, Min: 0.4375, Max: 1.3124 SUCCESS
2025-12-14 13:08:48,589 - System.tprint - INFO - ℹ️ ✅ Uniqueness weights computed. Mean: 1.0000, Min: 0.4375, Max: 1.3124 SUCCESS
[I 2025-12-14 13:08:49,233] Trial 1957 finished with value: -0.0032373742636813345 and parameters: {'trail_distance_atr_mult': 1.3229632738345152}. Best is trial 126 with value: -0.000363295272717509.
[2025-12-14 13:08:50.433] ⚖️ Computing uniqueness weights for 9018 events... INFO
2025-12-14 13:08:50,433 - System.tprint - INFO - ℹ️ ⚖️ Computing uniqueness weights for 9018 events... INFO
[2025-12-14 13:08:50.442] ✅ Uniqueness weights computed. Mean: 1.0000, Min: 0.4373, Max: 1.3118 SUCCESS
2025-12-14 13:08:50,442 - System.tprint - INFO - ℹ️ ✅ Uniqueness weights computed. Mean: 1.0000, Min: 0.4373, Max: 1.3118 SUCCESS
[I 2025-12-14 13:08:51,077] Trial 1958 finished with value: -0.006786275614582394 and parameters: {'trail_distance_atr_mult': 0.9806232381876512}. Best is trial 126 with value: -0.000363295272717509.
[2025-12-14 13:08:52.278] ⚖️ Computing uniqueness weights for 9018 events... INFO
2025-12-14 13:08:52,279 - System.tprint - INFO - ℹ️ ⚖️ Computing uniqueness weights for 9018 events... INFO
[2025-12-14 13:08:52.289] ✅ Uniqueness weights computed. Mean: 1.0000, Min: 0.4374, Max: 1.3121 SUCCESS
2025-12-14 13:08:52,289 - System.tprint - INFO - ℹ️ ✅ Uniqueness weights computed. Mean: 1.0000, Min: 0.4374, Max: 1.3121 SUCCESS
