[I 2025-12-14 12:25:12,010] Trial 734 finished with value: -0.004401964956924941 and parameters: {'trail_distance_atr_mult': 1.3950350518417416}. Best is trial 126 with value: -0.000363295272717509.
[2025-12-14 12:25:13.517] ⚖️ Computing uniqueness weights for 9018 events... INFO
2025-12-14 12:25:13,517 - System.tprint - INFO - ℹ️ ⚖️ Computing uniqueness weights for 9018 events... INFO
[2025-12-14 12:25:13.528] ✅ Uniqueness weights computed. Mean: 1.0000, Min: 0.4375, Max: 1.3126 SUCCESS
2025-12-14 12:25:13,528 - System.tprint - INFO - ℹ️ ✅ Uniqueness weights computed. Mean: 1.0000, Min: 0.4375, Max: 1.3126 SUCCESS
[I 2025-12-14 12:25:14,509] Trial 735 finished with value: -0.0033266075715878496 and parameters: {'trail_distance_atr_mult': 1.513168015224085}. Best is trial 126 with value: -0.000363295272717509.
[2025-12-14 12:25:16.043] ⚖️ Computing uniqueness weights for 9018 events... INFO
2025-12-14 12:25:16,043 - System.tprint - INFO - ℹ️ ⚖️ Computing uniqueness weights for 9018 events... INFO
[2025-12-14 12:25:16.056] ✅ Uniqueness weights computed. Mean: 1.0000, Min: 0.4373, Max: 1.3119 SUCCESS
2025-12-14 12:25:16,056 - System.tprint - INFO - ℹ️ ✅ Uniqueness weights computed. Mean: 1.0000, Min: 0.4373, Max: 1.3119 SUCCESS
[I 2025-12-14 12:25:16,988] Trial 736 finished with value: -0.007527227760255083 and parameters: {'trail_distance_atr_mult': 1.0356564404677975}. Best is trial 126 with value: -0.000363295272717509.
[2025-12-14 12:25:18.514] ⚖️ Computing uniqueness weights for 9018 events... INFO
2025-12-14 12:25:18,514 - System.tprint - INFO - ℹ️ ⚖️ Computing uniqueness weights for 9018 events... INFO
[2025-12-14 12:25:18.525] ✅ Uniqueness weights computed. Mean: 1.0000, Min: 0.4376, Max: 1.3129 SUCCESS
2025-12-14 12:25:18,525 - System.tprint - INFO - ℹ️ ✅ Uniqueness weights computed. Mean: 1.0000, Min: 0.4376, Max: 1.3129 SUCCESS
[I 2025-12-14 12:25:19,489] Trial 737 finished with value: -0.004239081263099011 and parameters: {'trail_distance_atr_mult': 1.6578005683700443}. Best is trial 126 with value: -0.000363295272717509.
[2025-12-14 12:25:21.140] ⚖️ Computing uniqueness weights for 9018 events... INFO
2025-12-14 12:25:21,141 - System.tprint - INFO - ℹ️ ⚖️ Computing uniqueness weights for 9018 events... INFO
[2025-12-14 12:25:21.155] ✅ Uniqueness weights computed. Mean: 1.0000, Min: 0.4375, Max: 1.3125 SUCCESS
2025-12-14 12:25:21,155 - System.tprint - INFO - ℹ️ ✅ Uniqueness weights computed. Mean: 1.0000, Min: 0.4375, Max: 1.3125 SUCCESS
[I 2025-12-14 12:25:22,484] Trial 738 finished with value: -0.002995746108185208 and parameters: {'trail_distance_atr_mult': 1.3799322486922834}. Best is trial 126 with value: -0.000363295272717509.
[2025-12-14 12:25:24.053] ⚖️ Computing uniqueness weights for 9018 events... INFO
2025-12-14 12:25:24,053 - System.tprint - INFO - ℹ️ ⚖️ Computing uniqueness weights for 9018 events... INFO
[2025-12-14 12:25:24.066] ✅ Uniqueness weights computed. Mean: 1.0000, Min: 0.4377, Max: 1.3130 SUCCESS
2025-12-14 12:25:24,066 - System.tprint - INFO - ℹ️ ✅ Uniqueness weights computed. Mean: 1.0000, Min: 0.4377, Max: 1.3130 SUCCESS
[I 2025-12-14 12:25:25,073] Trial 739 finished with value: -0.00819538915677957 and parameters: {'trail_distance_atr_mult': 1.7310468263419847}. Best is trial 126 with value: -0.000363295272717509.
[2025-12-14 12:25:26.607] ⚖️ Computing uniqueness weights for 9018 events... INFO
2025-12-14 12:25:26,607 - System.tprint - INFO - ℹ️ ⚖️ Computing uniqueness weights for 9018 events... INFO
[2025-12-14 12:25:26.620] ✅ Uniqueness weights computed. Mean: 1.0000, Min: 0.4375, Max: 1.3125 SUCCESS
2025-12-14 12:25:26,620 - System.tprint - INFO - ℹ️ ✅ Uniqueness weights computed. Mean: 1.0000, Min: 0.4375, Max: 1.3125 SUCCESS
[I 2025-12-14 12:25:27,546] Trial 740 finished with value: -0.0041873282311353744 and parameters: {'trail_distance_atr_mult': 1.4620574300623272}. Best is trial 126 with value: -0.000363295272717509.
[2025-12-14 12:25:29.112] ⚖️ Computing uniqueness weights for 9018 events... INFO
2025-12-14 12:25:29,112 - System.tprint - INFO - ℹ️ ⚖️ Computing uniqueness weights for 9018 events... INFO
[2025-12-14 12:25:29.123] ✅ Uniqueness weights computed. Mean: 1.0000, Min: 0.4373, Max: 1.3120 SUCCESS
2025-12-14 12:25:29,123 - System.tprint - INFO - ℹ️ ✅ Uniqueness weights computed. Mean: 1.0000, Min: 0.4373, Max: 1.3120 SUCCESS
[I 2025-12-14 12:25:30,068] Trial 741 finished with value: -0.0016006571434339957 and parameters: {'trail_distance_atr_mult': 1.0827463480496509}. Best is trial 126 with value: -0.000363295272717509.
[2025-12-14 12:25:31.552] ⚖️ Computing uniqueness weights for 9018 events... INFO
2025-12-14 12:25:31,552 - System.tprint - INFO - ℹ️ ⚖️ Computing uniqueness weights for 9018 events... INFO
[2025-12-14 12:25:31.564] ✅ Uniqueness weights computed. Mean: 1.0000, Min: 0.4373, Max: 1.3118 SUCCESS
2025-12-14 12:25:31,564 - System.tprint - INFO - ℹ️ ✅ Uniqueness weights computed. Mean: 1.0000, Min: 0.4373, Max: 1.3118 SUCCESS
[I 2025-12-14 12:25:32,560] Trial 742 finished with value: -0.006681099204962407 and parameters: {'trail_distance_atr_mult': 0.8819597607362929}. Best is trial 126 with value: -0.000363295272717509.
[2025-12-14 12:25:34.136] ⚖️ Computing uniqueness weights for 9018 events... INFO
2025-12-14 12:25:34,136 - System.tprint - INFO - ℹ️ ⚖️ Computing uniqueness weights for 9018 events... INFO
[2025-12-14 12:25:34.150] ✅ Uniqueness weights computed. Mean: 1.0000, Min: 0.4373, Max: 1.3120 SUCCESS
2025-12-14 12:25:34,150 - System.tprint - INFO - ℹ️ ✅ Uniqueness weights computed. Mean: 1.0000, Min: 0.4373, Max: 1.3120 SUCCESS
[I 2025-12-14 12:25:35,061] Trial 743 finished with value: -0.007527268107520091 and parameters: {'trail_distance_atr_mult': 1.0742923123642698}. Best is trial 126 with value: -0.000363295272717509.
[2025-12-14 12:25:36.599] ⚖️ Computing uniqueness weights for 9018 events... INFO
2025-12-14 12:25:36,599 - System.tprint - INFO - ℹ️ ⚖️ Computing uniqueness weights for 9018 events... INFO
[2025-12-14 12:25:36.612] ✅ Uniqueness weights computed. Mean: 1.0000, Min: 0.4373, Max: 1.3120 SUCCESS
2025-12-14 12:25:36,613 - System.tprint - INFO - ℹ️ ✅ Uniqueness weights computed. Mean: 1.0000, Min: 0.4373, Max: 1.3120 SUCCESS
[I 2025-12-14 12:25:37,738] Trial 744 finished with value: -0.0008138616572445895 and parameters: {'trail_distance_atr_mult': 1.0935309459599634}. Best is trial 126 with value: -0.000363295272717509.
[2025-12-14 12:25:39.267] ⚖️ Computing uniqueness weights for 9018 events... INFO
2025-12-14 12:25:39,268 - System.tprint - INFO - ℹ️ ⚖️ Computing uniqueness weights for 9018 events... INFO
[2025-12-14 12:25:39.278] ✅ Uniqueness weights computed. Mean: 1.0000, Min: 0.4373, Max: 1.3118 SUCCESS
2025-12-14 12:25:39,278 - System.tprint - INFO - ℹ️ ✅ Uniqueness weights computed. Mean: 1.0000, Min: 0.4373, Max: 1.3118 SUCCESS
[I 2025-12-14 12:25:40,177] Trial 745 finished with value: -0.006758321496700565 and parameters: {'trail_distance_atr_mult': 0.9654817697868561}. Best is trial 126 with value: -0.000363295272717509.
[2025-12-14 12:25:41.696] ⚖️ Computing uniqueness weights for 9018 events... INFO
2025-12-14 12:25:41,696 - System.tprint - INFO - ℹ️ ⚖️ Computing uniqueness weights for 9018 events... INFO
[2025-12-14 12:25:41.710] ✅ Uniqueness weights computed. Mean: 1.0000, Min: 0.4373, Max: 1.3118 SUCCESS
2025-12-14 12:25:41,710 - System.tprint - INFO - ℹ️ ✅ Uniqueness weights computed. Mean: 1.0000, Min: 0.4373, Max: 1.3118 SUCCESS
[I 2025-12-14 12:25:42,681] Trial 746 finished with value: -0.006741867270438482 and parameters: {'trail_distance_atr_mult': 0.9809786492895571}. Best is trial 126 with value: -0.000363295272717509.
[2025-12-14 12:25:44.171] ⚖️ Computing uniqueness weights for 9018 events... INFO
2025-12-14 12:25:44,171 - System.tprint - INFO - ℹ️ ⚖️ Computing uniqueness weights for 9018 events... INFO
[2025-12-14 12:25:44.182] ✅ Uniqueness weights computed. Mean: 1.0000, Min: 0.4373, Max: 1.3120 SUCCESS
2025-12-14 12:25:44,183 - System.tprint - INFO - ℹ️ ✅ Uniqueness weights computed. Mean: 1.0000, Min: 0.4373, Max: 1.3120 SUCCESS
[I 2025-12-14 12:25:45,170] Trial 747 finished with value: -0.0008138619056679442 and parameters: {'trail_distance_atr_mult': 1.0899770829757278}. Best is trial 126 with value: -0.000363295272717509.
[2025-12-14 12:25:46.771] ⚖️ Computing uniqueness weights for 9018 events... INFO
2025-12-14 12:25:46,771 - System.tprint - INFO - ℹ️ ⚖️ Computing uniqueness weights for 9018 events... INFO
[2025-12-14 12:25:46.785] ✅ Uniqueness weights computed. Mean: 1.0000, Min: 0.4373, Max: 1.3120 SUCCESS
2025-12-14 12:25:46,785 - System.tprint - INFO - ℹ️ ✅ Uniqueness weights computed. Mean: 1.0000, Min: 0.4373, Max: 1.3120 SUCCESS
[I 2025-12-14 12:25:47,719] Trial 748 finished with value: -0.0008138618856599003 and parameters: {'trail_distance_atr_mult': 1.0901776493229187}. Best is trial 126 with value: -0.000363295272717509.
[2025-12-14 12:25:49.237] ⚖️ Computing uniqueness weights for 9018 events... INFO
2025-12-14 12:25:49,238 - System.tprint - INFO - ℹ️ ⚖️ Computing uniqueness weights for 9018 events... INFO
[2025-12-14 12:25:49.251] ✅ Uniqueness weights computed. Mean: 1.0000, Min: 0.4373, Max: 1.3118 SUCCESS
2025-12-14 12:25:49,251 - System.tprint - INFO - ℹ️ ✅ Uniqueness weights computed. Mean: 1.0000, Min: 0.4373, Max: 1.3118 SUCCESS
[I 2025-12-14 12:25:50,567] Trial 749 finished with value: -0.0066810917313436845 and parameters: {'trail_distance_atr_mult': 0.8857717974256618}. Best is trial 126 with value: -0.000363295272717509.
[2025-12-14 12:25:52.407] ⚖️ Computing uniqueness weights for 9018 events... INFO
2025-12-14 12:25:52,408 - System.tprint - INFO - ℹ️ ⚖️ Computing uniqueness weights for 9018 events... INFO
[2025-12-14 12:25:52.421] ✅ Uniqueness weights computed. Mean: 1.0000, Min: 0.4373, Max: 1.3119 SUCCESS
2025-12-14 12:25:52,421 - System.tprint - INFO - ℹ️ ✅ Uniqueness weights computed. Mean: 1.0000, Min: 0.4373, Max: 1.3119 SUCCESS
[I 2025-12-14 12:25:53,369] Trial 750 finished with value: -0.006751238513522589 and parameters: {'trail_distance_atr_mult': 1.0036752817346812}. Best is trial 126 with value: -0.000363295272717509.
[2025-12-14 12:25:54.855] ⚖️ Computing uniqueness weights for 9018 events... INFO
2025-12-14 12:25:54,856 - System.tprint - INFO - ℹ️ ⚖️ Computing uniqueness weights for 9018 events... INFO
[2025-12-14 12:25:54.868] ✅ Uniqueness weights computed. Mean: 1.0000, Min: 0.4373, Max: 1.3120 SUCCESS
2025-12-14 12:25:54,869 - System.tprint - INFO - ℹ️ ✅ Uniqueness weights computed. Mean: 1.0000, Min: 0.4373, Max: 1.3120 SUCCESS
[I 2025-12-14 12:25:55,879] Trial 751 finished with value: -0.000813861942902559 and parameters: {'trail_distance_atr_mult': 1.0895452415184843}. Best is trial 126 with value: -0.000363295272717509.
[2025-12-14 12:25:57.363] ⚖️ Computing uniqueness weights for 9018 events... INFO
2025-12-14 12:25:57,363 - System.tprint - INFO - ℹ️ ⚖️ Computing uniqueness weights for 9018 events... INFO
[2025-12-14 12:25:57.374] ✅ Uniqueness weights computed. Mean: 1.0000, Min: 0.4373, Max: 1.3118 SUCCESS
2025-12-14 12:25:57,374 - System.tprint - INFO - ℹ️ ✅ Uniqueness weights computed. Mean: 1.0000, Min: 0.4373, Max: 1.3118 SUCCESS
[I 2025-12-14 12:25:58,650] Trial 752 finished with value: -0.006758376196913069 and parameters: {'trail_distance_atr_mult': 0.974245124719047}. Best is trial 126 with value: -0.000363295272717509.
[2025-12-14 12:26:00.886] ⚖️ Computing uniqueness weights for 9018 events... INFO
2025-12-14 12:26:00,886 - System.tprint - INFO - ℹ️ ⚖️ Computing uniqueness weights for 9018 events... INFO
[2025-12-14 12:26:00.900] ✅ Uniqueness weights computed. Mean: 1.0000, Min: 0.4373, Max: 1.3120 SUCCESS
2025-12-14 12:26:00,900 - System.tprint - INFO - ℹ️ ✅ Uniqueness weights computed. Mean: 1.0000, Min: 0.4373, Max: 1.3120 SUCCESS
[I 2025-12-14 12:26:01,872] Trial 753 finished with value: -0.007527262118680908 and parameters: {'trail_distance_atr_mult': 1.0677059088103726}. Best is trial 126 with value: -0.000363295272717509.
[2025-12-14 12:26:03.436] ⚖️ Computing uniqueness weights for 9018 events... INFO
2025-12-14 12:26:03,436 - System.tprint - INFO - ℹ️ ⚖️ Computing uniqueness weights for 9018 events... INFO
[2025-12-14 12:26:03.447] ✅ Uniqueness weights computed. Mean: 1.0000, Min: 0.4373, Max: 1.3118 SUCCESS
2025-12-14 12:26:03,447 - System.tprint - INFO - ℹ️ ✅ Uniqueness weights computed. Mean: 1.0000, Min: 0.4373, Max: 1.3118 SUCCESS
[I 2025-12-14 12:26:04,358] Trial 754 finished with value: -0.006758386980468443 and parameters: {'trail_distance_atr_mult': 0.975980257090148}. Best is trial 126 with value: -0.000363295272717509.
[2025-12-14 12:26:05.856] ⚖️ Computing uniqueness weights for 9018 events... INFO
2025-12-14 12:26:05,857 - System.tprint - INFO - ℹ️ ⚖️ Computing uniqueness weights for 9018 events... INFO
[2025-12-14 12:26:05.867] ✅ Uniqueness weights computed. Mean: 1.0000, Min: 0.4373, Max: 1.3120 SUCCESS
2025-12-14 12:26:05,867 - System.tprint - INFO - ℹ️ ✅ Uniqueness weights computed. Mean: 1.0000, Min: 0.4373, Max: 1.3120 SUCCESS
[I 2025-12-14 12:26:06,828] Trial 755 finished with value: -0.007816487781983614 and parameters: {'trail_distance_atr_mult': 1.1146882116211458}. Best is trial 126 with value: -0.000363295272717509.
[2025-12-14 12:26:08.271] ⚖️ Computing uniqueness weights for 9018 events... INFO
2025-12-14 12:26:08,271 - System.tprint - INFO - ℹ️ ⚖️ Computing uniqueness weights for 9018 events... INFO
[2025-12-14 12:26:08.285] ✅ Uniqueness weights computed. Mean: 1.0000, Min: 0.4373, Max: 1.3119 SUCCESS
2025-12-14 12:26:08,285 - System.tprint - INFO - ℹ️ ✅ Uniqueness weights computed. Mean: 1.0000, Min: 0.4373, Max: 1.3119 SUCCESS
[I 2025-12-14 12:26:09,434] Trial 756 finished with value: -0.003084679887483159 and parameters: {'trail_distance_atr_mult': 1.0184087996668254}. Best is trial 126 with value: -0.000363295272717509.
[2025-12-14 12:26:10.943] ⚖️ Computing uniqueness weights for 9018 events... INFO
2025-12-14 12:26:10,944 - System.tprint - INFO - ℹ️ ⚖️ Computing uniqueness weights for 9018 events... INFO
[2025-12-14 12:26:10.955] ✅ Uniqueness weights computed. Mean: 1.0000, Min: 0.4373, Max: 1.3120 SUCCESS
2025-12-14 12:26:10,955 - System.tprint - INFO - ℹ️ ✅ Uniqueness weights computed. Mean: 1.0000, Min: 0.4373, Max: 1.3120 SUCCESS
[I 2025-12-14 12:26:11,911] Trial 757 finished with value: -0.0008138614630873873 and parameters: {'trail_distance_atr_mult': 1.0960580018298975}. Best is trial 126 with value: -0.000363295272717509.
[2025-12-14 12:26:13.565] ⚖️ Computing uniqueness weights for 9018 events... INFO
2025-12-14 12:26:13,566 - System.tprint - INFO - ℹ️ ⚖️ Computing uniqueness weights for 9018 events... INFO
[2025-12-14 12:26:13.577] ✅ Uniqueness weights computed. Mean: 1.0000, Min: 0.4373, Max: 1.3119 SUCCESS
2025-12-14 12:26:13,578 - System.tprint - INFO - ℹ️ ✅ Uniqueness weights computed. Mean: 1.0000, Min: 0.4373, Max: 1.3119 SUCCESS
[I 2025-12-14 12:26:14,582] Trial 758 finished with value: -0.007527231515826455 and parameters: {'trail_distance_atr_mult': 1.0425267943627334}. Best is trial 126 with value: -0.000363295272717509.
[2025-12-14 12:26:16.161] ⚖️ Computing uniqueness weights for 9018 events... INFO
2025-12-14 12:26:16,162 - System.tprint - INFO - ℹ️ ⚖️ Computing uniqueness weights for 9018 events... INFO
[2025-12-14 12:26:16.178] ✅ Uniqueness weights computed. Mean: 1.0000, Min: 0.4373, Max: 1.3120 SUCCESS
2025-12-14 12:26:16,178 - System.tprint - INFO - ℹ️ ✅ Uniqueness weights computed. Mean: 1.0000, Min: 0.4373, Max: 1.3120 SUCCESS
[I 2025-12-14 12:26:17,439] Trial 759 finished with value: -0.0076580962328359125 and parameters: {'trail_distance_atr_mult': 1.1101011493964383}. Best is trial 126 with value: -0.000363295272717509.
[2025-12-14 12:26:18.947] ⚖️ Computing uniqueness weights for 9018 events... INFO
2025-12-14 12:26:18,947 - System.tprint - INFO - ℹ️ ⚖️ Computing uniqueness weights for 9018 events... INFO
[2025-12-14 12:26:18.959] ✅ Uniqueness weights computed. Mean: 1.0000, Min: 0.4373, Max: 1.3120 SUCCESS
2025-12-14 12:26:18,959 - System.tprint - INFO - ℹ️ ✅ Uniqueness weights computed. Mean: 1.0000, Min: 0.4373, Max: 1.3120 SUCCESS
[I 2025-12-14 12:26:19,963] Trial 760 finished with value: -0.0016006568861607977 and parameters: {'trail_distance_atr_mult': 1.0842962962464053}. Best is trial 126 with value: -0.000363295272717509.
[2025-12-14 12:26:21.509] ⚖️ Computing uniqueness weights for 9018 events... INFO
2025-12-14 12:26:21,510 - System.tprint - INFO - ℹ️ ⚖️ Computing uniqueness weights for 9018 events... INFO
[2025-12-14 12:26:21.522] ✅ Uniqueness weights computed. Mean: 1.0000, Min: 0.4373, Max: 1.3118 SUCCESS
2025-12-14 12:26:21,522 - System.tprint - INFO - ℹ️ ✅ Uniqueness weights computed. Mean: 1.0000, Min: 0.4373, Max: 1.3118 SUCCESS
[I 2025-12-14 12:26:22,469] Trial 761 finished with value: -0.006804530942902015 and parameters: {'trail_distance_atr_mult': 0.8335550171064234}. Best is trial 126 with value: -0.000363295272717509.
[2025-12-14 12:26:23.998] ⚖️ Computing uniqueness weights for 9018 events... INFO
2025-12-14 12:26:23,998 - System.tprint - INFO - ℹ️ ⚖️ Computing uniqueness weights for 9018 events... INFO
[2025-12-14 12:26:24.010] ✅ Uniqueness weights computed. Mean: 1.0000, Min: 0.4373, Max: 1.3119 SUCCESS
2025-12-14 12:26:24,010 - System.tprint - INFO - ℹ️ ✅ Uniqueness weights computed. Mean: 1.0000, Min: 0.4373, Max: 1.3119 SUCCESS
[I 2025-12-14 12:26:24,906] Trial 762 finished with value: -0.007527236825280164 and parameters: {'trail_distance_atr_mult': 1.046805370220602}. Best is trial 126 with value: -0.000363295272717509.
[2025-12-14 12:26:26.326] ⚖️ Computing uniqueness weights for 9018 events... INFO
2025-12-14 12:26:26,327 - System.tprint - INFO - ℹ️ ⚖️ Computing uniqueness weights for 9018 events... INFO
[2025-12-14 12:26:26.338] ✅ Uniqueness weights computed. Mean: 1.0000, Min: 0.4373, Max: 1.3120 SUCCESS
2025-12-14 12:26:26,338 - System.tprint - INFO - ℹ️ ✅ Uniqueness weights computed. Mean: 1.0000, Min: 0.4373, Max: 1.3120 SUCCESS
[I 2025-12-14 12:26:27,240] Trial 763 finished with value: -0.0008138616976256268 and parameters: {'trail_distance_atr_mult': 1.0928856871059194}. Best is trial 126 with value: -0.000363295272717509.
[2025-12-14 12:26:28.683] ⚖️ Computing uniqueness weights for 9018 events... INFO
2025-12-14 12:26:28,683 - System.tprint - INFO - ℹ️ ⚖️ Computing uniqueness weights for 9018 events... INFO
[2025-12-14 12:26:28.696] ✅ Uniqueness weights computed. Mean: 1.0000, Min: 0.4373, Max: 1.3119 SUCCESS
2025-12-14 12:26:28,696 - System.tprint - INFO - ℹ️ ✅ Uniqueness weights computed. Mean: 1.0000, Min: 0.4373, Max: 1.3119 SUCCESS
[I 2025-12-14 12:26:29,881] Trial 764 finished with value: -0.007527246149019018 and parameters: {'trail_distance_atr_mult': 1.0544823229976443}. Best is trial 126 with value: -0.000363295272717509.
[2025-12-14 12:26:32.324] ⚖️ Computing uniqueness weights for 9018 events... INFO
2025-12-14 12:26:32,325 - System.tprint - INFO - ℹ️ ⚖️ Computing uniqueness weights for 9018 events... INFO
[2025-12-14 12:26:32.341] ✅ Uniqueness weights computed. Mean: 1.0000, Min: 0.4373, Max: 1.3120 SUCCESS
2025-12-14 12:26:32,341 - System.tprint - INFO - ℹ️ ✅ Uniqueness weights computed. Mean: 1.0000, Min: 0.4373, Max: 1.3120 SUCCESS
[I 2025-12-14 12:26:33,552] Trial 765 finished with value: -0.007658099574232567 and parameters: {'trail_distance_atr_mult': 1.1081765733133937}. Best is trial 126 with value: -0.000363295272717509.
[2025-12-14 12:26:35.455] ⚖️ Computing uniqueness weights for 9018 events... INFO
2025-12-14 12:26:35,455 - System.tprint - INFO - ℹ️ ⚖️ Computing uniqueness weights for 9018 events... INFO
[2025-12-14 12:26:35.468] ✅ Uniqueness weights computed. Mean: 1.0000, Min: 0.4373, Max: 1.3120 SUCCESS
2025-12-14 12:26:35,468 - System.tprint - INFO - ℹ️ ✅ Uniqueness weights computed. Mean: 1.0000, Min: 0.4373, Max: 1.3120 SUCCESS
[I 2025-12-14 12:26:36,655] Trial 766 finished with value: -0.007527266936130046 and parameters: {'trail_distance_atr_mult': 1.071731441224467}. Best is trial 126 with value: -0.000363295272717509.
[2025-12-14 12:26:38.440] ⚖️ Computing uniqueness weights for 9018 events... INFO
2025-12-14 12:26:38,440 - System.tprint - INFO - ℹ️ ⚖️ Computing uniqueness weights for 9018 events... INFO
[2025-12-14 12:26:38.453] ✅ Uniqueness weights computed. Mean: 1.0000, Min: 0.4373, Max: 1.3118 SUCCESS
2025-12-14 12:26:38,453 - System.tprint - INFO - ℹ️ ✅ Uniqueness weights computed. Mean: 1.0000, Min: 0.4373, Max: 1.3118 SUCCESS
[I 2025-12-14 12:26:39,409] Trial 767 finished with value: -0.006741906687717893 and parameters: {'trail_distance_atr_mult': 0.9860536219512863}. Best is trial 126 with value: -0.000363295272717509.
[2025-12-14 12:26:41.018] ⚖️ Computing uniqueness weights for 9018 events... INFO
2025-12-14 12:26:41,018 - System.tprint - INFO - ℹ️ ⚖️ Computing uniqueness weights for 9018 events... INFO
[2025-12-14 12:26:41.029] ✅ Uniqueness weights computed. Mean: 1.0000, Min: 0.4373, Max: 1.3120 SUCCESS
2025-12-14 12:26:41,029 - System.tprint - INFO - ℹ️ ✅ Uniqueness weights computed. Mean: 1.0000, Min: 0.4373, Max: 1.3120 SUCCESS
[I 2025-12-14 12:26:41,990] Trial 768 finished with value: -0.0016006574552092192 and parameters: {'trail_distance_atr_mult': 1.081258178230429}. Best is trial 126 with value: -0.000363295272717509.
[2025-12-14 12:26:43.731] ⚖️ Computing uniqueness weights for 9018 events... INFO
2025-12-14 12:26:43,731 - System.tprint - INFO - ℹ️ ⚖️ Computing uniqueness weights for 9018 events... INFO
[2025-12-14 12:26:43.742] ✅ Uniqueness weights computed. Mean: 1.0000, Min: 0.4372, Max: 1.3117 SUCCESS
2025-12-14 12:26:43,743 - System.tprint - INFO - ℹ️ ✅ Uniqueness weights computed. Mean: 1.0000, Min: 0.4372, Max: 1.3117 SUCCESS
