[I 2025-12-14 12:59:24,811] Trial 1679 finished with value: -0.00658442476106184 and parameters: {'trail_distance_atr_mult': 0.8455687208741607}. Best is trial 126 with value: -0.000363295272717509.
[2025-12-14 12:59:26.015] ⚖️ Computing uniqueness weights for 9018 events... INFO
2025-12-14 12:59:26,015 - System.tprint - INFO - ℹ️ ⚖️ Computing uniqueness weights for 9018 events... INFO
[2025-12-14 12:59:26.024] ✅ Uniqueness weights computed. Mean: 1.0000, Min: 0.4373, Max: 1.3118 SUCCESS
2025-12-14 12:59:26,024 - System.tprint - INFO - ℹ️ ✅ Uniqueness weights computed. Mean: 1.0000, Min: 0.4373, Max: 1.3118 SUCCESS
[I 2025-12-14 12:59:26,665] Trial 1680 finished with value: -0.006654655650166282 and parameters: {'trail_distance_atr_mult': 0.8191321948844119}. Best is trial 126 with value: -0.000363295272717509.
[2025-12-14 12:59:27.876] ⚖️ Computing uniqueness weights for 9018 events... INFO
2025-12-14 12:59:27,877 - System.tprint - INFO - ℹ️ ⚖️ Computing uniqueness weights for 9018 events... INFO
[2025-12-14 12:59:27.887] ✅ Uniqueness weights computed. Mean: 1.0000, Min: 0.4372, Max: 1.3117 SUCCESS
2025-12-14 12:59:27,887 - System.tprint - INFO - ℹ️ ✅ Uniqueness weights computed. Mean: 1.0000, Min: 0.4372, Max: 1.3117 SUCCESS
[I 2025-12-14 12:59:28,537] Trial 1681 finished with value: -0.007321828937469562 and parameters: {'trail_distance_atr_mult': 0.5790097598594206}. Best is trial 126 with value: -0.000363295272717509.
[2025-12-14 12:59:29.739] ⚖️ Computing uniqueness weights for 9018 events... INFO
2025-12-14 12:59:29,739 - System.tprint - INFO - ℹ️ ⚖️ Computing uniqueness weights for 9018 events... INFO
[2025-12-14 12:59:29.749] ✅ Uniqueness weights computed. Mean: 1.0000, Min: 0.4373, Max: 1.3118 SUCCESS
2025-12-14 12:59:29,749 - System.tprint - INFO - ℹ️ ✅ Uniqueness weights computed. Mean: 1.0000, Min: 0.4373, Max: 1.3118 SUCCESS
[I 2025-12-14 12:59:30,389] Trial 1682 finished with value: -0.006681100639858517 and parameters: {'trail_distance_atr_mult': 0.8811828194649398}. Best is trial 126 with value: -0.000363295272717509.
[2025-12-14 12:59:31.590] ⚖️ Computing uniqueness weights for 9018 events... INFO
2025-12-14 12:59:31,590 - System.tprint - INFO - ℹ️ ⚖️ Computing uniqueness weights for 9018 events... INFO
[2025-12-14 12:59:31.601] ✅ Uniqueness weights computed. Mean: 1.0000, Min: 0.4373, Max: 1.3118 SUCCESS
2025-12-14 12:59:31,601 - System.tprint - INFO - ℹ️ ✅ Uniqueness weights computed. Mean: 1.0000, Min: 0.4373, Max: 1.3118 SUCCESS
[I 2025-12-14 12:59:32,240] Trial 1683 finished with value: -0.00668111734164081 and parameters: {'trail_distance_atr_mult': 0.8757473412314284}. Best is trial 126 with value: -0.000363295272717509.
[2025-12-14 12:59:33.444] ⚖️ Computing uniqueness weights for 9018 events... INFO
2025-12-14 12:59:33,445 - System.tprint - INFO - ℹ️ ⚖️ Computing uniqueness weights for 9018 events... INFO
[2025-12-14 12:59:33.455] ✅ Uniqueness weights computed. Mean: 1.0000, Min: 0.4373, Max: 1.3118 SUCCESS
2025-12-14 12:59:33,455 - System.tprint - INFO - ℹ️ ✅ Uniqueness weights computed. Mean: 1.0000, Min: 0.4373, Max: 1.3118 SUCCESS
[I 2025-12-14 12:59:34,093] Trial 1684 finished with value: -0.006681129749478174 and parameters: {'trail_distance_atr_mult': 0.8731704134809002}. Best is trial 126 with value: -0.000363295272717509.
[2025-12-14 12:59:35.289] ⚖️ Computing uniqueness weights for 9018 events... INFO
2025-12-14 12:59:35,289 - System.tprint - INFO - ℹ️ ⚖️ Computing uniqueness weights for 9018 events... INFO
[2025-12-14 12:59:35.299] ✅ Uniqueness weights computed. Mean: 1.0000, Min: 0.4372, Max: 1.3117 SUCCESS
2025-12-14 12:59:35,299 - System.tprint - INFO - ℹ️ ✅ Uniqueness weights computed. Mean: 1.0000, Min: 0.4372, Max: 1.3117 SUCCESS
[I 2025-12-14 12:59:35,937] Trial 1685 finished with value: -0.007321828937469562 and parameters: {'trail_distance_atr_mult': 0.5631394863520416}. Best is trial 126 with value: -0.000363295272717509.
[2025-12-14 12:59:37.128] ⚖️ Computing uniqueness weights for 9018 events... INFO
2025-12-14 12:59:37,129 - System.tprint - INFO - ℹ️ ⚖️ Computing uniqueness weights for 9018 events... INFO
[2025-12-14 12:59:37.138] ✅ Uniqueness weights computed. Mean: 1.0000, Min: 0.4373, Max: 1.3118 SUCCESS
2025-12-14 12:59:37,138 - System.tprint - INFO - ℹ️ ✅ Uniqueness weights computed. Mean: 1.0000, Min: 0.4373, Max: 1.3118 SUCCESS
[I 2025-12-14 12:59:37,805] Trial 1686 finished with value: -0.006584433578185555 and parameters: {'trail_distance_atr_mult': 0.8490197623036725}. Best is trial 126 with value: -0.000363295272717509.
[2025-12-14 12:59:39.012] ⚖️ Computing uniqueness weights for 9018 events... INFO
2025-12-14 12:59:39,013 - System.tprint - INFO - ℹ️ ⚖️ Computing uniqueness weights for 9018 events... INFO
[2025-12-14 12:59:39.022] ✅ Uniqueness weights computed. Mean: 1.0000, Min: 0.4372, Max: 1.3117 SUCCESS
2025-12-14 12:59:39,023 - System.tprint - INFO - ℹ️ ✅ Uniqueness weights computed. Mean: 1.0000, Min: 0.4372, Max: 1.3117 SUCCESS
[I 2025-12-14 12:59:39,661] Trial 1687 finished with value: -0.007546852514577222 and parameters: {'trail_distance_atr_mult': 0.6371225031807642}. Best is trial 126 with value: -0.000363295272717509.
[2025-12-14 12:59:40.893] ⚖️ Computing uniqueness weights for 9018 events... INFO
2025-12-14 12:59:40,893 - System.tprint - INFO - ℹ️ ⚖️ Computing uniqueness weights for 9018 events... INFO
[2025-12-14 12:59:40.902] ✅ Uniqueness weights computed. Mean: 1.0000, Min: 0.4373, Max: 1.3118 SUCCESS
2025-12-14 12:59:40,902 - System.tprint - INFO - ℹ️ ✅ Uniqueness weights computed. Mean: 1.0000, Min: 0.4373, Max: 1.3118 SUCCESS
[I 2025-12-14 12:59:41,542] Trial 1688 finished with value: -0.006681167794768741 and parameters: {'trail_distance_atr_mult': 0.8653553712466052}. Best is trial 126 with value: -0.000363295272717509.
[2025-12-14 12:59:42.721] ⚖️ Computing uniqueness weights for 9018 events... INFO
2025-12-14 12:59:42,722 - System.tprint - INFO - ℹ️ ⚖️ Computing uniqueness weights for 9018 events... INFO
[2025-12-14 12:59:42.732] ✅ Uniqueness weights computed. Mean: 1.0000, Min: 0.4373, Max: 1.3118 SUCCESS
2025-12-14 12:59:42,732 - System.tprint - INFO - ℹ️ ✅ Uniqueness weights computed. Mean: 1.0000, Min: 0.4373, Max: 1.3118 SUCCESS
[I 2025-12-14 12:59:43,370] Trial 1689 finished with value: -0.006681093405099444 and parameters: {'trail_distance_atr_mult': 0.8849322754124732}. Best is trial 126 with value: -0.000363295272717509.
[2025-12-14 12:59:44.583] ⚖️ Computing uniqueness weights for 9018 events... INFO
2025-12-14 12:59:44,583 - System.tprint - INFO - ℹ️ ⚖️ Computing uniqueness weights for 9018 events... INFO
[2025-12-14 12:59:44.592] ✅ Uniqueness weights computed. Mean: 1.0000, Min: 0.4373, Max: 1.3118 SUCCESS
2025-12-14 12:59:44,592 - System.tprint - INFO - ℹ️ ✅ Uniqueness weights computed. Mean: 1.0000, Min: 0.4373, Max: 1.3118 SUCCESS
[I 2025-12-14 12:59:45,229] Trial 1690 finished with value: -0.0066811440256021384 and parameters: {'trail_distance_atr_mult': 0.8702154803991662}. Best is trial 126 with value: -0.000363295272717509.
[2025-12-14 12:59:46.412] ⚖️ Computing uniqueness weights for 9018 events... INFO
2025-12-14 12:59:46,412 - System.tprint - INFO - ℹ️ ⚖️ Computing uniqueness weights for 9018 events... INFO
[2025-12-14 12:59:46.422] ✅ Uniqueness weights computed. Mean: 1.0000, Min: 0.4373, Max: 1.3118 SUCCESS
2025-12-14 12:59:46,422 - System.tprint - INFO - ℹ️ ✅ Uniqueness weights computed. Mean: 1.0000, Min: 0.4373, Max: 1.3118 SUCCESS
[I 2025-12-14 12:59:47,072] Trial 1691 finished with value: -0.006681110175924895 and parameters: {'trail_distance_atr_mult': 0.8772546062241827}. Best is trial 126 with value: -0.000363295272717509.
[2025-12-14 12:59:48.264] ⚖️ Computing uniqueness weights for 9018 events... INFO
2025-12-14 12:59:48,265 - System.tprint - INFO - ℹ️ ⚖️ Computing uniqueness weights for 9018 events... INFO
[2025-12-14 12:59:48.275] ✅ Uniqueness weights computed. Mean: 1.0000, Min: 0.4372, Max: 1.3117 SUCCESS
2025-12-14 12:59:48,275 - System.tprint - INFO - ℹ️ ✅ Uniqueness weights computed. Mean: 1.0000, Min: 0.4372, Max: 1.3117 SUCCESS
[I 2025-12-14 12:59:48,912] Trial 1692 finished with value: -0.007546852514577222 and parameters: {'trail_distance_atr_mult': 0.6368781653086548}. Best is trial 126 with value: -0.000363295272717509.
[2025-12-14 12:59:50.134] ⚖️ Computing uniqueness weights for 9018 events... INFO
2025-12-14 12:59:50,135 - System.tprint - INFO - ℹ️ ⚖️ Computing uniqueness weights for 9018 events... INFO
[2025-12-14 12:59:50.144] ✅ Uniqueness weights computed. Mean: 1.0000, Min: 0.4373, Max: 1.3118 SUCCESS
2025-12-14 12:59:50,144 - System.tprint - INFO - ℹ️ ✅ Uniqueness weights computed. Mean: 1.0000, Min: 0.4373, Max: 1.3118 SUCCESS
[I 2025-12-14 12:59:50,783] Trial 1693 finished with value: -0.006716225340295733 and parameters: {'trail_distance_atr_mult': 0.8946066267199594}. Best is trial 126 with value: -0.000363295272717509.
[2025-12-14 12:59:51.984] ⚖️ Computing uniqueness weights for 9018 events... INFO
2025-12-14 12:59:51,984 - System.tprint - INFO - ℹ️ ⚖️ Computing uniqueness weights for 9018 events... INFO
[2025-12-14 12:59:51.994] ✅ Uniqueness weights computed. Mean: 1.0000, Min: 0.4372, Max: 1.3117 SUCCESS
2025-12-14 12:59:51,994 - System.tprint - INFO - ℹ️ ✅ Uniqueness weights computed. Mean: 1.0000, Min: 0.4372, Max: 1.3117 SUCCESS
[I 2025-12-14 12:59:52,640] Trial 1694 finished with value: -0.0034849037542104768 and parameters: {'trail_distance_atr_mult': 0.6532797637088992}. Best is trial 126 with value: -0.000363295272717509.
[2025-12-14 12:59:53.792] ⚖️ Computing uniqueness weights for 9018 events... INFO
2025-12-14 12:59:53,793 - System.tprint - INFO - ℹ️ ⚖️ Computing uniqueness weights for 9018 events... INFO
[2025-12-14 12:59:53.803] ✅ Uniqueness weights computed. Mean: 1.0000, Min: 0.4373, Max: 1.3118 SUCCESS
2025-12-14 12:59:53,803 - System.tprint - INFO - ℹ️ ✅ Uniqueness weights computed. Mean: 1.0000, Min: 0.4373, Max: 1.3118 SUCCESS
[I 2025-12-14 12:59:54,918] Trial 1695 finished with value: -0.006681091255549393 and parameters: {'trail_distance_atr_mult': 0.8860795945095956}. Best is trial 126 with value: -0.000363295272717509.
[2025-12-14 12:59:56.473] ⚖️ Computing uniqueness weights for 9018 events... INFO
2025-12-14 12:59:56,474 - System.tprint - INFO - ℹ️ ⚖️ Computing uniqueness weights for 9018 events... INFO
[2025-12-14 12:59:56.483] ✅ Uniqueness weights computed. Mean: 1.0000, Min: 0.4384, Max: 1.3151 SUCCESS
2025-12-14 12:59:56,484 - System.tprint - INFO - ℹ️ ✅ Uniqueness weights computed. Mean: 1.0000, Min: 0.4384, Max: 1.3151 SUCCESS
[I 2025-12-14 12:59:57,361] Trial 1696 finished with value: -0.00326569978720331 and parameters: {'trail_distance_atr_mult': 2.651314812415337}. Best is trial 126 with value: -0.000363295272717509.
[2025-12-14 12:59:58.569] ⚖️ Computing uniqueness weights for 9018 events... INFO
2025-12-14 12:59:58,569 - System.tprint - INFO - ℹ️ ⚖️ Computing uniqueness weights for 9018 events... INFO
[2025-12-14 12:59:58.580] ✅ Uniqueness weights computed. Mean: 1.0000, Min: 0.4373, Max: 1.3118 SUCCESS
2025-12-14 12:59:58,580 - System.tprint - INFO - ℹ️ ✅ Uniqueness weights computed. Mean: 1.0000, Min: 0.4373, Max: 1.3118 SUCCESS
[I 2025-12-14 12:59:59,329] Trial 1697 finished with value: -0.006681123248872987 and parameters: {'trail_distance_atr_mult': 0.8745180960817261}. Best is trial 126 with value: -0.000363295272717509.
[2025-12-14 13:00:00.506] ⚖️ Computing uniqueness weights for 9018 events... INFO
2025-12-14 13:00:00,506 - System.tprint - INFO - ℹ️ ⚖️ Computing uniqueness weights for 9018 events... INFO
[2025-12-14 13:00:00.515] ✅ Uniqueness weights computed. Mean: 1.0000, Min: 0.4373, Max: 1.3118 SUCCESS
2025-12-14 13:00:00,515 - System.tprint - INFO - ℹ️ ✅ Uniqueness weights computed. Mean: 1.0000, Min: 0.4373, Max: 1.3118 SUCCESS
[I 2025-12-14 13:00:01,228] Trial 1698 finished with value: -0.006681100630195431 and parameters: {'trail_distance_atr_mult': 0.8811844542175489}. Best is trial 126 with value: -0.000363295272717509.
[2025-12-14 13:00:02.722] ⚖️ Computing uniqueness weights for 9018 events... INFO
2025-12-14 13:00:02,722 - System.tprint - INFO - ℹ️ ⚖️ Computing uniqueness weights for 9018 events... INFO
[2025-12-14 13:00:02.744] ✅ Uniqueness weights computed. Mean: 1.0000, Min: 0.4373, Max: 1.3118 SUCCESS
2025-12-14 13:00:02,744 - System.tprint - INFO - ℹ️ ✅ Uniqueness weights computed. Mean: 1.0000, Min: 0.4373, Max: 1.3118 SUCCESS
[I 2025-12-14 13:00:03,520] Trial 1699 finished with value: -0.006681120978118258 and parameters: {'trail_distance_atr_mult': 0.8749961911487819}. Best is trial 126 with value: -0.000363295272717509.
[2025-12-14 13:00:04.754] ⚖️ Computing uniqueness weights for 9018 events... INFO
2025-12-14 13:00:04,754 - System.tprint - INFO - ℹ️ ⚖️ Computing uniqueness weights for 9018 events... INFO
[2025-12-14 13:00:04.766] ✅ Uniqueness weights computed. Mean: 1.0000, Min: 0.4372, Max: 1.3117 SUCCESS
2025-12-14 13:00:04,766 - System.tprint - INFO - ℹ️ ✅ Uniqueness weights computed. Mean: 1.0000, Min: 0.4372, Max: 1.3117 SUCCESS
[I 2025-12-14 13:00:05,782] Trial 1700 finished with value: -0.007479331783459741 and parameters: {'trail_distance_atr_mult': 0.6665115902896523}. Best is trial 126 with value: -0.000363295272717509.
[2025-12-14 13:00:07.695] ⚖️ Computing uniqueness weights for 9018 events... INFO
2025-12-14 13:00:07,696 - System.tprint - INFO - ℹ️ ⚖️ Computing uniqueness weights for 9018 events... INFO
[2025-12-14 13:00:07.709] ✅ Uniqueness weights computed. Mean: 1.0000, Min: 0.4373, Max: 1.3118 SUCCESS
2025-12-14 13:00:07,709 - System.tprint - INFO - ℹ️ ✅ Uniqueness weights computed. Mean: 1.0000, Min: 0.4373, Max: 1.3118 SUCCESS
[I 2025-12-14 13:00:08,816] Trial 1701 finished with value: -0.006681100938915473 and parameters: {'trail_distance_atr_mult': 0.8810185762837105}. Best is trial 126 with value: -0.000363295272717509.
[2025-12-14 13:00:10.261] ⚖️ Computing uniqueness weights for 9018 events... INFO
2025-12-14 13:00:10,261 - System.tprint - INFO - ℹ️ ⚖️ Computing uniqueness weights for 9018 events... INFO
[2025-12-14 13:00:10.275] ✅ Uniqueness weights computed. Mean: 1.0000, Min: 0.4372, Max: 1.3117 SUCCESS
2025-12-14 13:00:10,275 - System.tprint - INFO - ℹ️ ✅ Uniqueness weights computed. Mean: 1.0000, Min: 0.4372, Max: 1.3117 SUCCESS
[I 2025-12-14 13:00:11,169] Trial 1702 finished with value: -0.007546852514577222 and parameters: {'trail_distance_atr_mult': 0.6296039671008666}. Best is trial 126 with value: -0.000363295272717509.
[2025-12-14 13:00:12.561] ⚖️ Computing uniqueness weights for 9018 events... INFO
2025-12-14 13:00:12,561 - System.tprint - INFO - ℹ️ ⚖️ Computing uniqueness weights for 9018 events... INFO
[2025-12-14 13:00:12.574] ✅ Uniqueness weights computed. Mean: 1.0000, Min: 0.4373, Max: 1.3118 SUCCESS
2025-12-14 13:00:12,574 - System.tprint - INFO - ℹ️ ✅ Uniqueness weights computed. Mean: 1.0000, Min: 0.4373, Max: 1.3118 SUCCESS
[I 2025-12-14 13:00:13,468] Trial 1703 finished with value: -0.006721163553627517 and parameters: {'trail_distance_atr_mult': 0.900414324270073}. Best is trial 126 with value: -0.000363295272717509.
[2025-12-14 13:00:14.839] ⚖️ Computing uniqueness weights for 9018 events... INFO
2025-12-14 13:00:14,839 - System.tprint - INFO - ℹ️ ⚖️ Computing uniqueness weights for 9018 events... INFO
[2025-12-14 13:00:14.849] ✅ Uniqueness weights computed. Mean: 1.0000, Min: 0.4373, Max: 1.3118 SUCCESS
2025-12-14 13:00:14,849 - System.tprint - INFO - ℹ️ ✅ Uniqueness weights computed. Mean: 1.0000, Min: 0.4373, Max: 1.3118 SUCCESS
[I 2025-12-14 13:00:15,730] Trial 1704 finished with value: -0.006681107129049218 and parameters: {'trail_distance_atr_mult': 0.8779280032761354}. Best is trial 126 with value: -0.000363295272717509.
[2025-12-14 13:00:17.098] ⚖️ Computing uniqueness weights for 9018 events... INFO
2025-12-14 13:00:17,098 - System.tprint - INFO - ℹ️ ⚖️ Computing uniqueness weights for 9018 events... INFO
[2025-12-14 13:00:17.109] ✅ Uniqueness weights computed. Mean: 1.0000, Min: 0.4373, Max: 1.3118 SUCCESS
2025-12-14 13:00:17,109 - System.tprint - INFO - ℹ️ ✅ Uniqueness weights computed. Mean: 1.0000, Min: 0.4373, Max: 1.3118 SUCCESS
[I 2025-12-14 13:00:18,006] Trial 1705 finished with value: -0.006681090040382628 and parameters: {'trail_distance_atr_mult': 0.8867233420749562}. Best is trial 126 with value: -0.000363295272717509.
[2025-12-14 13:00:19.284] ⚖️ Computing uniqueness weights for 9018 events... INFO
2025-12-14 13:00:19,285 - System.tprint - INFO - ℹ️ ⚖️ Computing uniqueness weights for 9018 events... INFO
[2025-12-14 13:00:19.294] ✅ Uniqueness weights computed. Mean: 1.0000, Min: 0.4372, Max: 1.3117 SUCCESS
2025-12-14 13:00:19,294 - System.tprint - INFO - ℹ️ ✅ Uniqueness weights computed. Mean: 1.0000, Min: 0.4372, Max: 1.3117 SUCCESS
[I 2025-12-14 13:00:19,936] Trial 1706 finished with value: -0.007546852514577222 and parameters: {'trail_distance_atr_mult': 0.5967629001519588}. Best is trial 126 with value: -0.000363295272717509.
[2025-12-14 13:00:21.138] ⚖️ Computing uniqueness weights for 9018 events... INFO
2025-12-14 13:00:21,138 - System.tprint - INFO - ℹ️ ⚖️ Computing uniqueness weights for 9018 events... INFO
[2025-12-14 13:00:21.147] ✅ Uniqueness weights computed. Mean: 1.0000, Min: 0.4373, Max: 1.3118 SUCCESS
2025-12-14 13:00:21,147 - System.tprint - INFO - ℹ️ ✅ Uniqueness weights computed. Mean: 1.0000, Min: 0.4373, Max: 1.3118 SUCCESS
[I 2025-12-14 13:00:21,784] Trial 1707 finished with value: -0.006681082444493901 and parameters: {'trail_distance_atr_mult': 0.8907511968864534}. Best is trial 126 with value: -0.000363295272717509.
[2025-12-14 13:00:22.994] ⚖️ Computing uniqueness weights for 9018 events... INFO
2025-12-14 13:00:22,995 - System.tprint - INFO - ℹ️ ⚖️ Computing uniqueness weights for 9018 events... INFO
[2025-12-14 13:00:23.005] ✅ Uniqueness weights computed. Mean: 1.0000, Min: 0.4373, Max: 1.3118 SUCCESS
2025-12-14 13:00:23,005 - System.tprint - INFO - ℹ️ ✅ Uniqueness weights computed. Mean: 1.0000, Min: 0.4373, Max: 1.3118 SUCCESS
[I 2025-12-14 13:00:23,642] Trial 1708 finished with value: -0.006721106895714221 and parameters: {'trail_distance_atr_mult': 0.8982324193065643}. Best is trial 126 with value: -0.000363295272717509.
[2025-12-14 13:00:24.838] ⚖️ Computing uniqueness weights for 9018 events... INFO
2025-12-14 13:00:24,838 - System.tprint - INFO - ℹ️ ⚖️ Computing uniqueness weights for 9018 events... INFO
[2025-12-14 13:00:24.847] ✅ Uniqueness weights computed. Mean: 1.0000, Min: 0.4372, Max: 1.3117 SUCCESS
2025-12-14 13:00:24,847 - System.tprint - INFO - ℹ️ ✅ Uniqueness weights computed. Mean: 1.0000, Min: 0.4372, Max: 1.3117 SUCCESS
[I 2025-12-14 13:00:25,486] Trial 1709 finished with value: -0.007321828937469562 and parameters: {'trail_distance_atr_mult': 0.5081260359404663}. Best is trial 126 with value: -0.000363295272717509.
[2025-12-14 13:00:26.704] ⚖️ Computing uniqueness weights for 9018 events... INFO
2025-12-14 13:00:26,704 - System.tprint - INFO - ℹ️ ⚖️ Computing uniqueness weights for 9018 events... INFO
[2025-12-14 13:00:26.714] ✅ Uniqueness weights computed. Mean: 1.0000, Min: 0.4373, Max: 1.3118 SUCCESS
2025-12-14 13:00:26,714 - System.tprint - INFO - ℹ️ ✅ Uniqueness weights computed. Mean: 1.0000, Min: 0.4373, Max: 1.3118 SUCCESS
[I 2025-12-14 13:00:27,353] Trial 1710 finished with value: -0.006681082463835694 and parameters: {'trail_distance_atr_mult': 0.8907338548176745}. Best is trial 126 with value: -0.000363295272717509.
[2025-12-14 13:00:28.567] ⚖️ Computing uniqueness weights for 9018 events... INFO
2025-12-14 13:00:28,567 - System.tprint - INFO - ℹ️ ⚖️ Computing uniqueness weights for 9018 events... INFO
[2025-12-14 13:00:28.577] ✅ Uniqueness weights computed. Mean: 1.0000, Min: 0.4373, Max: 1.3118 SUCCESS
2025-12-14 13:00:28,577 - System.tprint - INFO - ℹ️ ✅ Uniqueness weights computed. Mean: 1.0000, Min: 0.4373, Max: 1.3118 SUCCESS
[I 2025-12-14 13:00:29,215] Trial 1711 finished with value: -0.006721218093110252 and parameters: {'trail_distance_atr_mult': 0.9072314484760895}. Best is trial 126 with value: -0.000363295272717509.
[2025-12-14 13:00:30.442] ⚖️ Computing uniqueness weights for 9018 events... INFO
2025-12-14 13:00:30,442 - System.tprint - INFO - ℹ️ ⚖️ Computing uniqueness weights for 9018 events... INFO
[2025-12-14 13:00:30.453] ✅ Uniqueness weights computed. Mean: 1.0000, Min: 0.4373, Max: 1.3118 SUCCESS
2025-12-14 13:00:30,453 - System.tprint - INFO - ℹ️ ✅ Uniqueness weights computed. Mean: 1.0000, Min: 0.4373, Max: 1.3118 SUCCESS
[I 2025-12-14 13:00:31,110] Trial 1712 finished with value: -0.00672118428872546 and parameters: {'trail_distance_atr_mult': 0.9031628609868946}. Best is trial 126 with value: -0.000363295272717509.
[2025-12-14 13:00:32.325] ⚖️ Computing uniqueness weights for 9018 events... INFO
2025-12-14 13:00:32,325 - System.tprint - INFO - ℹ️ ⚖️ Computing uniqueness weights for 9018 events... INFO
[2025-12-14 13:00:32.335] ✅ Uniqueness weights computed. Mean: 1.0000, Min: 0.4372, Max: 1.3117 SUCCESS
2025-12-14 13:00:32,335 - System.tprint - INFO - ℹ️ ✅ Uniqueness weights computed. Mean: 1.0000, Min: 0.4372, Max: 1.3117 SUCCESS
[I 2025-12-14 13:00:32,972] Trial 1713 finished with value: -0.007479331783459741 and parameters: {'trail_distance_atr_mult': 0.6800461516653389}. Best is trial 126 with value: -0.000363295272717509.
[2025-12-14 13:00:34.162] ⚖️ Computing uniqueness weights for 9018 events... INFO
2025-12-14 13:00:34,163 - System.tprint - INFO - ℹ️ ⚖️ Computing uniqueness weights for 9018 events... INFO
[2025-12-14 13:00:34.172] ✅ Uniqueness weights computed. Mean: 1.0000, Min: 0.4373, Max: 1.3118 SUCCESS
2025-12-14 13:00:34,172 - System.tprint - INFO - ℹ️ ✅ Uniqueness weights computed. Mean: 1.0000, Min: 0.4373, Max: 1.3118 SUCCESS
