[I 2025-12-14 13:26:22,542] Trial 2449 finished with value: -0.006804541791811989 and parameters: {'trail_distance_atr_mult': 0.8403393583294936}. Best is trial 126 with value: -0.000363295272717509.
[2025-12-14 13:26:23.757] ⚖️ Computing uniqueness weights for 9018 events... INFO
2025-12-14 13:26:23,757 - System.tprint - INFO - ℹ️ ⚖️ Computing uniqueness weights for 9018 events... INFO
[2025-12-14 13:26:23.767] ✅ Uniqueness weights computed. Mean: 1.0000, Min: 0.4374, Max: 1.3121 SUCCESS
2025-12-14 13:26:23,767 - System.tprint - INFO - ℹ️ ✅ Uniqueness weights computed. Mean: 1.0000, Min: 0.4374, Max: 1.3121 SUCCESS
[I 2025-12-14 13:26:24,407] Trial 2450 finished with value: -0.0012531687644105798 and parameters: {'trail_distance_atr_mult': 1.1825643211149555}. Best is trial 126 with value: -0.000363295272717509.
[2025-12-14 13:26:25.622] ⚖️ Computing uniqueness weights for 9018 events... INFO
2025-12-14 13:26:25,623 - System.tprint - INFO - ℹ️ ⚖️ Computing uniqueness weights for 9018 events... INFO
[2025-12-14 13:26:25.633] ✅ Uniqueness weights computed. Mean: 1.0000, Min: 0.4373, Max: 1.3119 SUCCESS
2025-12-14 13:26:25,633 - System.tprint - INFO - ℹ️ ✅ Uniqueness weights computed. Mean: 1.0000, Min: 0.4373, Max: 1.3119 SUCCESS
[I 2025-12-14 13:26:26,270] Trial 2451 finished with value: -0.007527229638658159 and parameters: {'trail_distance_atr_mult': 1.0299994091601126}. Best is trial 126 with value: -0.000363295272717509.
[2025-12-14 13:26:27.479] ⚖️ Computing uniqueness weights for 9018 events... INFO
2025-12-14 13:26:27,479 - System.tprint - INFO - ℹ️ ⚖️ Computing uniqueness weights for 9018 events... INFO
[2025-12-14 13:26:27.489] ✅ Uniqueness weights computed. Mean: 1.0000, Min: 0.4372, Max: 1.3117 SUCCESS
2025-12-14 13:26:27,489 - System.tprint - INFO - ℹ️ ✅ Uniqueness weights computed. Mean: 1.0000, Min: 0.4372, Max: 1.3117 SUCCESS
[I 2025-12-14 13:26:28,128] Trial 2452 finished with value: -0.007479331783459741 and parameters: {'trail_distance_atr_mult': 0.7014766721555392}. Best is trial 126 with value: -0.000363295272717509.
[2025-12-14 13:26:29.337] ⚖️ Computing uniqueness weights for 9018 events... INFO
2025-12-14 13:26:29,338 - System.tprint - INFO - ℹ️ ⚖️ Computing uniqueness weights for 9018 events... INFO
[2025-12-14 13:26:29.347] ✅ Uniqueness weights computed. Mean: 1.0000, Min: 0.4375, Max: 1.3124 SUCCESS
2025-12-14 13:26:29,348 - System.tprint - INFO - ℹ️ ✅ Uniqueness weights computed. Mean: 1.0000, Min: 0.4375, Max: 1.3124 SUCCESS
[I 2025-12-14 13:26:30,019] Trial 2453 finished with value: -0.003237366551281275 and parameters: {'trail_distance_atr_mult': 1.350845788709456}. Best is trial 126 with value: -0.000363295272717509.
[2025-12-14 13:26:31.289] ⚖️ Computing uniqueness weights for 9018 events... INFO
2025-12-14 13:26:31,289 - System.tprint - INFO - ℹ️ ⚖️ Computing uniqueness weights for 9018 events... INFO
[2025-12-14 13:26:31.303] ✅ Uniqueness weights computed. Mean: 1.0000, Min: 0.4373, Max: 1.3119 SUCCESS
2025-12-14 13:26:31,304 - System.tprint - INFO - ℹ️ ✅ Uniqueness weights computed. Mean: 1.0000, Min: 0.4373, Max: 1.3119 SUCCESS
[I 2025-12-14 13:26:32,097] Trial 2454 finished with value: -0.007527234516475814 and parameters: {'trail_distance_atr_mult': 1.044980807591891}. Best is trial 126 with value: -0.000363295272717509.
[2025-12-14 13:26:33.318] ⚖️ Computing uniqueness weights for 9018 events... INFO
2025-12-14 13:26:33,318 - System.tprint - INFO - ℹ️ ⚖️ Computing uniqueness weights for 9018 events... INFO
[2025-12-14 13:26:33.328] ✅ Uniqueness weights computed. Mean: 1.0000, Min: 0.4373, Max: 1.3118 SUCCESS
2025-12-14 13:26:33,328 - System.tprint - INFO - ℹ️ ✅ Uniqueness weights computed. Mean: 1.0000, Min: 0.4373, Max: 1.3118 SUCCESS
[I 2025-12-14 13:26:33,965] Trial 2455 finished with value: -0.006734842736936241 and parameters: {'trail_distance_atr_mult': 0.8586672947481117}. Best is trial 126 with value: -0.000363295272717509.
[2025-12-14 13:26:35.377] ⚖️ Computing uniqueness weights for 9018 events... INFO
2025-12-14 13:26:35,378 - System.tprint - INFO - ℹ️ ⚖️ Computing uniqueness weights for 9018 events... INFO
[2025-12-14 13:26:35.387] ✅ Uniqueness weights computed. Mean: 1.0000, Min: 0.4374, Max: 1.3123 SUCCESS
2025-12-14 13:26:35,387 - System.tprint - INFO - ℹ️ ✅ Uniqueness weights computed. Mean: 1.0000, Min: 0.4374, Max: 1.3123 SUCCESS
[I 2025-12-14 13:26:36,048] Trial 2456 finished with value: -0.004487222259104587 and parameters: {'trail_distance_atr_mult': 1.2256887372857945}. Best is trial 126 with value: -0.000363295272717509.
[2025-12-14 13:26:37.251] ⚖️ Computing uniqueness weights for 9018 events... INFO
2025-12-14 13:26:37,252 - System.tprint - INFO - ℹ️ ⚖️ Computing uniqueness weights for 9018 events... INFO
[2025-12-14 13:26:37.261] ✅ Uniqueness weights computed. Mean: 1.0000, Min: 0.4373, Max: 1.3119 SUCCESS
2025-12-14 13:26:37,261 - System.tprint - INFO - ℹ️ ✅ Uniqueness weights computed. Mean: 1.0000, Min: 0.4373, Max: 1.3119 SUCCESS
[I 2025-12-14 13:26:37,938] Trial 2457 finished with value: -0.0075272277927918305 and parameters: {'trail_distance_atr_mult': 1.035614821210181}. Best is trial 126 with value: -0.000363295272717509.
[2025-12-14 13:26:39.145] ⚖️ Computing uniqueness weights for 9018 events... INFO
2025-12-14 13:26:39,145 - System.tprint - INFO - ℹ️ ⚖️ Computing uniqueness weights for 9018 events... INFO
[2025-12-14 13:26:39.155] ✅ Uniqueness weights computed. Mean: 1.0000, Min: 0.4373, Max: 1.3118 SUCCESS
2025-12-14 13:26:39,155 - System.tprint - INFO - ℹ️ ✅ Uniqueness weights computed. Mean: 1.0000, Min: 0.4373, Max: 1.3118 SUCCESS
[I 2025-12-14 13:26:39,792] Trial 2458 finished with value: -0.006804545574312575 and parameters: {'trail_distance_atr_mult': 0.84501528495586}. Best is trial 126 with value: -0.000363295272717509.
[2025-12-14 13:26:40.999] ⚖️ Computing uniqueness weights for 9018 events... INFO
2025-12-14 13:26:40,999 - System.tprint - INFO - ℹ️ ⚖️ Computing uniqueness weights for 9018 events... INFO
[2025-12-14 13:26:41.009] ✅ Uniqueness weights computed. Mean: 1.0000, Min: 0.4372, Max: 1.3117 SUCCESS
2025-12-14 13:26:41,009 - System.tprint - INFO - ℹ️ ✅ Uniqueness weights computed. Mean: 1.0000, Min: 0.4372, Max: 1.3117 SUCCESS
[I 2025-12-14 13:26:41,692] Trial 2459 finished with value: -0.007546852514577222 and parameters: {'trail_distance_atr_mult': 0.6197709351464183}. Best is trial 126 with value: -0.000363295272717509.
[2025-12-14 13:26:42.955] ⚖️ Computing uniqueness weights for 9018 events... INFO
2025-12-14 13:26:42,956 - System.tprint - INFO - ℹ️ ⚖️ Computing uniqueness weights for 9018 events... INFO
[2025-12-14 13:26:42.966] ✅ Uniqueness weights computed. Mean: 1.0000, Min: 0.4374, Max: 1.3121 SUCCESS
2025-12-14 13:26:42,966 - System.tprint - INFO - ℹ️ ✅ Uniqueness weights computed. Mean: 1.0000, Min: 0.4374, Max: 1.3121 SUCCESS
[I 2025-12-14 13:26:43,704] Trial 2460 finished with value: -0.004891442975954372 and parameters: {'trail_distance_atr_mult': 1.193112919225916}. Best is trial 126 with value: -0.000363295272717509.
[2025-12-14 13:26:44.965] ⚖️ Computing uniqueness weights for 9018 events... INFO
2025-12-14 13:26:44,965 - System.tprint - INFO - ℹ️ ⚖️ Computing uniqueness weights for 9018 events... INFO
[2025-12-14 13:26:44.975] ✅ Uniqueness weights computed. Mean: 1.0000, Min: 0.4373, Max: 1.3119 SUCCESS
2025-12-14 13:26:44,975 - System.tprint - INFO - ℹ️ ✅ Uniqueness weights computed. Mean: 1.0000, Min: 0.4373, Max: 1.3119 SUCCESS
[I 2025-12-14 13:26:45,735] Trial 2461 finished with value: -0.0030846837147932445 and parameters: {'trail_distance_atr_mult': 1.0236345853468667}. Best is trial 126 with value: -0.000363295272717509.
[2025-12-14 13:26:46.984] ⚖️ Computing uniqueness weights for 9018 events... INFO
2025-12-14 13:26:46,985 - System.tprint - INFO - ℹ️ ⚖️ Computing uniqueness weights for 9018 events... INFO
[2025-12-14 13:26:46.995] ✅ Uniqueness weights computed. Mean: 1.0000, Min: 0.4372, Max: 1.3117 SUCCESS
2025-12-14 13:26:46,995 - System.tprint - INFO - ℹ️ ✅ Uniqueness weights computed. Mean: 1.0000, Min: 0.4372, Max: 1.3117 SUCCESS
[I 2025-12-14 13:26:47,679] Trial 2462 finished with value: -0.007321828937469562 and parameters: {'trail_distance_atr_mult': 0.5095149255156906}. Best is trial 126 with value: -0.000363295272717509.
[2025-12-14 13:26:48.880] ⚖️ Computing uniqueness weights for 9018 events... INFO
2025-12-14 13:26:48,881 - System.tprint - INFO - ℹ️ ⚖️ Computing uniqueness weights for 9018 events... INFO
[2025-12-14 13:26:48.891] ✅ Uniqueness weights computed. Mean: 1.0000, Min: 0.4375, Max: 1.3125 SUCCESS
2025-12-14 13:26:48,891 - System.tprint - INFO - ℹ️ ✅ Uniqueness weights computed. Mean: 1.0000, Min: 0.4375, Max: 1.3125 SUCCESS
[I 2025-12-14 13:26:49,556] Trial 2463 finished with value: -0.0029956651064230976 and parameters: {'trail_distance_atr_mult': 1.3582355440471454}. Best is trial 126 with value: -0.000363295272717509.
[2025-12-14 13:26:50.773] ⚖️ Computing uniqueness weights for 9018 events... INFO
2025-12-14 13:26:50,773 - System.tprint - INFO - ℹ️ ⚖️ Computing uniqueness weights for 9018 events... INFO
[2025-12-14 13:26:50.784] ✅ Uniqueness weights computed. Mean: 1.0000, Min: 0.4373, Max: 1.3118 SUCCESS
2025-12-14 13:26:50,784 - System.tprint - INFO - ℹ️ ✅ Uniqueness weights computed. Mean: 1.0000, Min: 0.4373, Max: 1.3118 SUCCESS
[I 2025-12-14 13:26:51,424] Trial 2464 finished with value: -0.0067348441984991245 and parameters: {'trail_distance_atr_mult': 0.8581267201049344}. Best is trial 126 with value: -0.000363295272717509.
[2025-12-14 13:26:52.635] ⚖️ Computing uniqueness weights for 9018 events... INFO
2025-12-14 13:26:52,636 - System.tprint - INFO - ℹ️ ⚖️ Computing uniqueness weights for 9018 events... INFO
[2025-12-14 13:26:52.645] ✅ Uniqueness weights computed. Mean: 1.0000, Min: 0.4374, Max: 1.3121 SUCCESS
2025-12-14 13:26:52,646 - System.tprint - INFO - ℹ️ ✅ Uniqueness weights computed. Mean: 1.0000, Min: 0.4374, Max: 1.3121 SUCCESS
[I 2025-12-14 13:26:53,283] Trial 2465 finished with value: -0.007094635785728651 and parameters: {'trail_distance_atr_mult': 1.1782257485343997}. Best is trial 126 with value: -0.000363295272717509.
[2025-12-14 13:26:54.497] ⚖️ Computing uniqueness weights for 9018 events... INFO
2025-12-14 13:26:54,497 - System.tprint - INFO - ℹ️ ⚖️ Computing uniqueness weights for 9018 events... INFO
[2025-12-14 13:26:54.507] ✅ Uniqueness weights computed. Mean: 1.0000, Min: 0.4373, Max: 1.3119 SUCCESS
2025-12-14 13:26:54,507 - System.tprint - INFO - ℹ️ ✅ Uniqueness weights computed. Mean: 1.0000, Min: 0.4373, Max: 1.3119 SUCCESS
[I 2025-12-14 13:26:55,144] Trial 2466 finished with value: -0.003084678601280005 and parameters: {'trail_distance_atr_mult': 1.0166928111298015}. Best is trial 126 with value: -0.000363295272717509.
[2025-12-14 13:26:56.341] ⚖️ Computing uniqueness weights for 9018 events... INFO
2025-12-14 13:26:56,341 - System.tprint - INFO - ℹ️ ⚖️ Computing uniqueness weights for 9018 events... INFO
[2025-12-14 13:26:56.352] ✅ Uniqueness weights computed. Mean: 1.0000, Min: 0.4374, Max: 1.3121 SUCCESS
2025-12-14 13:26:56,352 - System.tprint - INFO - ℹ️ ✅ Uniqueness weights computed. Mean: 1.0000, Min: 0.4374, Max: 1.3121 SUCCESS
[I 2025-12-14 13:26:56,993] Trial 2467 finished with value: -0.0012531679400550018 and parameters: {'trail_distance_atr_mult': 1.1808422013820297}. Best is trial 126 with value: -0.000363295272717509.
[2025-12-14 13:26:58.204] ⚖️ Computing uniqueness weights for 9018 events... INFO
2025-12-14 13:26:58,205 - System.tprint - INFO - ℹ️ ⚖️ Computing uniqueness weights for 9018 events... INFO
[2025-12-14 13:26:58.215] ✅ Uniqueness weights computed. Mean: 1.0000, Min: 0.4375, Max: 1.3124 SUCCESS
2025-12-14 13:26:58,215 - System.tprint - INFO - ℹ️ ✅ Uniqueness weights computed. Mean: 1.0000, Min: 0.4375, Max: 1.3124 SUCCESS
[I 2025-12-14 13:26:58,850] Trial 2468 finished with value: -0.004640350319082734 and parameters: {'trail_distance_atr_mult': 1.2864038391945327}. Best is trial 126 with value: -0.000363295272717509.
[2025-12-14 13:27:00.069] ⚖️ Computing uniqueness weights for 9018 events... INFO
2025-12-14 13:27:00,069 - System.tprint - INFO - ℹ️ ⚖️ Computing uniqueness weights for 9018 events... INFO
[2025-12-14 13:27:00.078] ✅ Uniqueness weights computed. Mean: 1.0000, Min: 0.4375, Max: 1.3124 SUCCESS
2025-12-14 13:27:00,078 - System.tprint - INFO - ℹ️ ✅ Uniqueness weights computed. Mean: 1.0000, Min: 0.4375, Max: 1.3124 SUCCESS
[I 2025-12-14 13:27:00,715] Trial 2469 finished with value: -0.003237368287359374 and parameters: {'trail_distance_atr_mult': 1.33802028781543}. Best is trial 126 with value: -0.000363295272717509.
[2025-12-14 13:27:01.918] ⚖️ Computing uniqueness weights for 9018 events... INFO
2025-12-14 13:27:01,918 - System.tprint - INFO - ℹ️ ⚖️ Computing uniqueness weights for 9018 events... INFO
[2025-12-14 13:27:01.927] ✅ Uniqueness weights computed. Mean: 1.0000, Min: 0.4374, Max: 1.3121 SUCCESS
2025-12-14 13:27:01,927 - System.tprint - INFO - ℹ️ ✅ Uniqueness weights computed. Mean: 1.0000, Min: 0.4374, Max: 1.3121 SUCCESS
[I 2025-12-14 13:27:02,565] Trial 2470 finished with value: -0.0012531685472260653 and parameters: {'trail_distance_atr_mult': 1.1820988698244554}. Best is trial 126 with value: -0.000363295272717509.
[2025-12-14 13:27:03.781] ⚖️ Computing uniqueness weights for 9018 events... INFO
2025-12-14 13:27:03,781 - System.tprint - INFO - ℹ️ ⚖️ Computing uniqueness weights for 9018 events... INFO
[2025-12-14 13:27:03.791] ✅ Uniqueness weights computed. Mean: 1.0000, Min: 0.4375, Max: 1.3124 SUCCESS
2025-12-14 13:27:03,791 - System.tprint - INFO - ℹ️ ✅ Uniqueness weights computed. Mean: 1.0000, Min: 0.4375, Max: 1.3124 SUCCESS
[I 2025-12-14 13:27:04,428] Trial 2471 finished with value: -0.003237366607604468 and parameters: {'trail_distance_atr_mult': 1.3502969229100017}. Best is trial 126 with value: -0.000363295272717509.
[2025-12-14 13:27:05.655] ⚖️ Computing uniqueness weights for 9018 events... INFO
2025-12-14 13:27:05,656 - System.tprint - INFO - ℹ️ ⚖️ Computing uniqueness weights for 9018 events... INFO
[2025-12-14 13:27:05.665] ✅ Uniqueness weights computed. Mean: 1.0000, Min: 0.4374, Max: 1.3122 SUCCESS
2025-12-14 13:27:05,665 - System.tprint - INFO - ℹ️ ✅ Uniqueness weights computed. Mean: 1.0000, Min: 0.4374, Max: 1.3122 SUCCESS
[I 2025-12-14 13:27:06,304] Trial 2472 finished with value: -0.003015680257132156 and parameters: {'trail_distance_atr_mult': 1.2007443066483456}. Best is trial 126 with value: -0.000363295272717509.
[2025-12-14 13:27:07.497] ⚖️ Computing uniqueness weights for 9018 events... INFO
2025-12-14 13:27:07,497 - System.tprint - INFO - ℹ️ ⚖️ Computing uniqueness weights for 9018 events... INFO
[2025-12-14 13:27:07.507] ✅ Uniqueness weights computed. Mean: 1.0000, Min: 0.4375, Max: 1.3125 SUCCESS
2025-12-14 13:27:07,507 - System.tprint - INFO - ℹ️ ✅ Uniqueness weights computed. Mean: 1.0000, Min: 0.4375, Max: 1.3125 SUCCESS
[I 2025-12-14 13:27:08,148] Trial 2473 finished with value: -0.0029957497036005847 and parameters: {'trail_distance_atr_mult': 1.3836700137021498}. Best is trial 126 with value: -0.000363295272717509.
[2025-12-14 13:27:09.365] ⚖️ Computing uniqueness weights for 9018 events... INFO
2025-12-14 13:27:09,366 - System.tprint - INFO - ℹ️ ⚖️ Computing uniqueness weights for 9018 events... INFO
[2025-12-14 13:27:09.375] ✅ Uniqueness weights computed. Mean: 1.0000, Min: 0.4374, Max: 1.3121 SUCCESS
2025-12-14 13:27:09,376 - System.tprint - INFO - ℹ️ ✅ Uniqueness weights computed. Mean: 1.0000, Min: 0.4374, Max: 1.3121 SUCCESS
[I 2025-12-14 13:27:10,008] Trial 2474 finished with value: -0.007701246853239953 and parameters: {'trail_distance_atr_mult': 1.1564599345792714}. Best is trial 126 with value: -0.000363295272717509.
[2025-12-14 13:27:11.230] ⚖️ Computing uniqueness weights for 9018 events... INFO
2025-12-14 13:27:11,231 - System.tprint - INFO - ℹ️ ⚖️ Computing uniqueness weights for 9018 events... INFO
[2025-12-14 13:27:11.240] ✅ Uniqueness weights computed. Mean: 1.0000, Min: 0.4372, Max: 1.3117 SUCCESS
2025-12-14 13:27:11,240 - System.tprint - INFO - ℹ️ ✅ Uniqueness weights computed. Mean: 1.0000, Min: 0.4372, Max: 1.3117 SUCCESS
[I 2025-12-14 13:27:11,879] Trial 2475 finished with value: -0.007479331783459741 and parameters: {'trail_distance_atr_mult': 0.6996936262361079}. Best is trial 126 with value: -0.000363295272717509.
[2025-12-14 13:27:13.059] ⚖️ Computing uniqueness weights for 9018 events... INFO
2025-12-14 13:27:13,059 - System.tprint - INFO - ℹ️ ⚖️ Computing uniqueness weights for 9018 events... INFO
[2025-12-14 13:27:13.069] ✅ Uniqueness weights computed. Mean: 1.0000, Min: 0.4374, Max: 1.3121 SUCCESS
2025-12-14 13:27:13,069 - System.tprint - INFO - ℹ️ ✅ Uniqueness weights computed. Mean: 1.0000, Min: 0.4374, Max: 1.3121 SUCCESS
[I 2025-12-14 13:27:13,835] Trial 2476 finished with value: -0.007701232792834457 and parameters: {'trail_distance_atr_mult': 1.1590227488100298}. Best is trial 126 with value: -0.000363295272717509.
[2025-12-14 13:27:15.635] ⚖️ Computing uniqueness weights for 9018 events... INFO
2025-12-14 13:27:15,635 - System.tprint - INFO - ℹ️ ⚖️ Computing uniqueness weights for 9018 events... INFO
[2025-12-14 13:27:15.651] ✅ Uniqueness weights computed. Mean: 1.0000, Min: 0.4375, Max: 1.3125 SUCCESS
2025-12-14 13:27:15,652 - System.tprint - INFO - ℹ️ ✅ Uniqueness weights computed. Mean: 1.0000, Min: 0.4375, Max: 1.3125 SUCCESS
[I 2025-12-14 13:27:16,762] Trial 2477 finished with value: -0.0029957423381777363 and parameters: {'trail_distance_atr_mult': 1.375615227205302}. Best is trial 126 with value: -0.000363295272717509.
[2025-12-14 13:27:18.393] ⚖️ Computing uniqueness weights for 9018 events... INFO
2025-12-14 13:27:18,393 - System.tprint - INFO - ℹ️ ⚖️ Computing uniqueness weights for 9018 events... INFO
[2025-12-14 13:27:18.402] ✅ Uniqueness weights computed. Mean: 1.0000, Min: 0.4373, Max: 1.3120 SUCCESS
2025-12-14 13:27:18,402 - System.tprint - INFO - ℹ️ ✅ Uniqueness weights computed. Mean: 1.0000, Min: 0.4373, Max: 1.3120 SUCCESS
[I 2025-12-14 13:27:19,042] Trial 2478 finished with value: -0.0075272506803348155 and parameters: {'trail_distance_atr_mult': 1.058338993981936}. Best is trial 126 with value: -0.000363295272717509.
[2025-12-14 13:27:20.495] ⚖️ Computing uniqueness weights for 9018 events... INFO
2025-12-14 13:27:20,496 - System.tprint - INFO - ℹ️ ⚖️ Computing uniqueness weights for 9018 events... INFO
[2025-12-14 13:27:20.508] ✅ Uniqueness weights computed. Mean: 1.0000, Min: 0.4373, Max: 1.3118 SUCCESS
2025-12-14 13:27:20,508 - System.tprint - INFO - ℹ️ ✅ Uniqueness weights computed. Mean: 1.0000, Min: 0.4373, Max: 1.3118 SUCCESS
[I 2025-12-14 13:27:21,397] Trial 2479 finished with value: -0.006681175213343852 and parameters: {'trail_distance_atr_mult': 0.8638527183547361}. Best is trial 126 with value: -0.000363295272717509.
[2025-12-14 13:27:22.788] ⚖️ Computing uniqueness weights for 9018 events... INFO
2025-12-14 13:27:22,788 - System.tprint - INFO - ℹ️ ⚖️ Computing uniqueness weights for 9018 events... INFO
[2025-12-14 13:27:22.799] ✅ Uniqueness weights computed. Mean: 1.0000, Min: 0.4374, Max: 1.3121 SUCCESS
2025-12-14 13:27:22,799 - System.tprint - INFO - ℹ️ ✅ Uniqueness weights computed. Mean: 1.0000, Min: 0.4374, Max: 1.3121 SUCCESS
[I 2025-12-14 13:27:23,696] Trial 2480 finished with value: -0.004891509037497794 and parameters: {'trail_distance_atr_mult': 1.1904290152442023}. Best is trial 126 with value: -0.000363295272717509.
[2025-12-14 13:27:25.095] ⚖️ Computing uniqueness weights for 9018 events... INFO
2025-12-14 13:27:25,095 - System.tprint - INFO - ℹ️ ⚖️ Computing uniqueness weights for 9018 events... INFO
[2025-12-14 13:27:25.106] ✅ Uniqueness weights computed. Mean: 1.0000, Min: 0.4372, Max: 1.3117 SUCCESS
2025-12-14 13:27:25,106 - System.tprint - INFO - ℹ️ ✅ Uniqueness weights computed. Mean: 1.0000, Min: 0.4372, Max: 1.3117 SUCCESS
[I 2025-12-14 13:27:25,999] Trial 2481 finished with value: -0.0010604202820200166 and parameters: {'trail_distance_atr_mult': 0.7348501558443524}. Best is trial 126 with value: -0.000363295272717509.
[2025-12-14 13:27:27.403] ⚖️ Computing uniqueness weights for 9018 events... INFO
2025-12-14 13:27:27,403 - System.tprint - INFO - ℹ️ ⚖️ Computing uniqueness weights for 9018 events... INFO
[2025-12-14 13:27:27.414] ✅ Uniqueness weights computed. Mean: 1.0000, Min: 0.4372, Max: 1.3117 SUCCESS
2025-12-14 13:27:27,414 - System.tprint - INFO - ℹ️ ✅ Uniqueness weights computed. Mean: 1.0000, Min: 0.4372, Max: 1.3117 SUCCESS
[I 2025-12-14 13:27:28,210] Trial 2482 finished with value: -0.007479331783459741 and parameters: {'trail_distance_atr_mult': 0.6673806371658844}. Best is trial 126 with value: -0.000363295272717509.
[2025-12-14 13:27:29.432] ⚖️ Computing uniqueness weights for 9018 events... INFO
2025-12-14 13:27:29,432 - System.tprint - INFO - ℹ️ ⚖️ Computing uniqueness weights for 9018 events... INFO
[2025-12-14 13:27:29.442] ✅ Uniqueness weights computed. Mean: 1.0000, Min: 0.4372, Max: 1.3117 SUCCESS
2025-12-14 13:27:29,442 - System.tprint - INFO - ℹ️ ✅ Uniqueness weights computed. Mean: 1.0000, Min: 0.4372, Max: 1.3117 SUCCESS
[I 2025-12-14 13:27:30,080] Trial 2483 finished with value: -0.007546852514577222 and parameters: {'trail_distance_atr_mult': 0.5904617611376591}. Best is trial 126 with value: -0.000363295272717509.
[2025-12-14 13:27:31.297] ⚖️ Computing uniqueness weights for 9018 events... INFO
2025-12-14 13:27:31,297 - System.tprint - INFO - ℹ️ ⚖️ Computing uniqueness weights for 9018 events... INFO
[2025-12-14 13:27:31.307] ✅ Uniqueness weights computed. Mean: 1.0000, Min: 0.4372, Max: 1.3117 SUCCESS
2025-12-14 13:27:31,307 - System.tprint - INFO - ℹ️ ✅ Uniqueness weights computed. Mean: 1.0000, Min: 0.4372, Max: 1.3117 SUCCESS
