[I 2025-12-14 13:34:24,466] Trial 2694 finished with value: -0.0044944428536607215 and parameters: {'trail_distance_atr_mult': 1.2321894736466725}. Best is trial 126 with value: -0.000363295272717509.
[2025-12-14 13:34:25.703] ⚖️ Computing uniqueness weights for 9018 events... INFO
2025-12-14 13:34:25,703 - System.tprint - INFO - ℹ️ ⚖️ Computing uniqueness weights for 9018 events... INFO
[2025-12-14 13:34:25.714] ✅ Uniqueness weights computed. Mean: 1.0000, Min: 0.4375, Max: 1.3124 SUCCESS
2025-12-14 13:34:25,714 - System.tprint - INFO - ℹ️ ✅ Uniqueness weights computed. Mean: 1.0000, Min: 0.4375, Max: 1.3124 SUCCESS
[I 2025-12-14 13:34:26,352] Trial 2695 finished with value: -0.005688038641286169 and parameters: {'trail_distance_atr_mult': 1.27876168190298}. Best is trial 126 with value: -0.000363295272717509.
[2025-12-14 13:34:27.567] ⚖️ Computing uniqueness weights for 9018 events... INFO
2025-12-14 13:34:27,567 - System.tprint - INFO - ℹ️ ⚖️ Computing uniqueness weights for 9018 events... INFO
[2025-12-14 13:34:27.577] ✅ Uniqueness weights computed. Mean: 1.0000, Min: 0.4375, Max: 1.3125 SUCCESS
2025-12-14 13:34:27,577 - System.tprint - INFO - ℹ️ ✅ Uniqueness weights computed. Mean: 1.0000, Min: 0.4375, Max: 1.3125 SUCCESS
[I 2025-12-14 13:34:28,213] Trial 2696 finished with value: -0.0044019239976122145 and parameters: {'trail_distance_atr_mult': 1.3888213023421536}. Best is trial 126 with value: -0.000363295272717509.
[2025-12-14 13:34:29.419] ⚖️ Computing uniqueness weights for 9018 events... INFO
2025-12-14 13:34:29,419 - System.tprint - INFO - ℹ️ ⚖️ Computing uniqueness weights for 9018 events... INFO
[2025-12-14 13:34:29.429] ✅ Uniqueness weights computed. Mean: 1.0000, Min: 0.4375, Max: 1.3125 SUCCESS
2025-12-14 13:34:29,429 - System.tprint - INFO - ℹ️ ✅ Uniqueness weights computed. Mean: 1.0000, Min: 0.4375, Max: 1.3125 SUCCESS
[I 2025-12-14 13:34:30,067] Trial 2697 finished with value: -0.0029956706840630594 and parameters: {'trail_distance_atr_mult': 1.3649530429517065}. Best is trial 126 with value: -0.000363295272717509.
[2025-12-14 13:34:31.278] ⚖️ Computing uniqueness weights for 9018 events... INFO
2025-12-14 13:34:31,278 - System.tprint - INFO - ℹ️ ⚖️ Computing uniqueness weights for 9018 events... INFO
[2025-12-14 13:34:31.288] ✅ Uniqueness weights computed. Mean: 1.0000, Min: 0.4373, Max: 1.3120 SUCCESS
2025-12-14 13:34:31,288 - System.tprint - INFO - ℹ️ ✅ Uniqueness weights computed. Mean: 1.0000, Min: 0.4373, Max: 1.3120 SUCCESS
[I 2025-12-14 13:34:31,926] Trial 2698 finished with value: -0.0077251837236844405 and parameters: {'trail_distance_atr_mult': 1.131707693530978}. Best is trial 126 with value: -0.000363295272717509.
[2025-12-14 13:34:33.153] ⚖️ Computing uniqueness weights for 9018 events... INFO
2025-12-14 13:34:33,154 - System.tprint - INFO - ℹ️ ⚖️ Computing uniqueness weights for 9018 events... INFO
[2025-12-14 13:34:33.165] ✅ Uniqueness weights computed. Mean: 1.0000, Min: 0.4373, Max: 1.3120 SUCCESS
2025-12-14 13:34:33,165 - System.tprint - INFO - ℹ️ ✅ Uniqueness weights computed. Mean: 1.0000, Min: 0.4373, Max: 1.3120 SUCCESS
[I 2025-12-14 13:34:33,811] Trial 2699 finished with value: -0.0015839332698242977 and parameters: {'trail_distance_atr_mult': 1.084761773596795}. Best is trial 126 with value: -0.000363295272717509.
[2025-12-14 13:34:35.029] ⚖️ Computing uniqueness weights for 9018 events... INFO
2025-12-14 13:34:35,029 - System.tprint - INFO - ℹ️ ⚖️ Computing uniqueness weights for 9018 events... INFO
[2025-12-14 13:34:35.039] ✅ Uniqueness weights computed. Mean: 1.0000, Min: 0.4372, Max: 1.3117 SUCCESS
2025-12-14 13:34:35,039 - System.tprint - INFO - ℹ️ ✅ Uniqueness weights computed. Mean: 1.0000, Min: 0.4372, Max: 1.3117 SUCCESS
[I 2025-12-14 13:34:35,676] Trial 2700 finished with value: -0.007479331783459741 and parameters: {'trail_distance_atr_mult': 0.6961478431188868}. Best is trial 126 with value: -0.000363295272717509.
[2025-12-14 13:34:36.888] ⚖️ Computing uniqueness weights for 9018 events... INFO
2025-12-14 13:34:36,888 - System.tprint - INFO - ℹ️ ⚖️ Computing uniqueness weights for 9018 events... INFO
[2025-12-14 13:34:36.898] ✅ Uniqueness weights computed. Mean: 1.0000, Min: 0.4374, Max: 1.3122 SUCCESS
2025-12-14 13:34:36,898 - System.tprint - INFO - ℹ️ ✅ Uniqueness weights computed. Mean: 1.0000, Min: 0.4374, Max: 1.3122 SUCCESS
[I 2025-12-14 13:34:37,544] Trial 2701 finished with value: -0.003265009491376604 and parameters: {'trail_distance_atr_mult': 1.2159511705689898}. Best is trial 126 with value: -0.000363295272717509.
[2025-12-14 13:34:38.824] ⚖️ Computing uniqueness weights for 9018 events... INFO
2025-12-14 13:34:38,824 - System.tprint - INFO - ℹ️ ⚖️ Computing uniqueness weights for 9018 events... INFO
[2025-12-14 13:34:38.835] ✅ Uniqueness weights computed. Mean: 1.0000, Min: 0.4373, Max: 1.3118 SUCCESS
2025-12-14 13:34:38,835 - System.tprint - INFO - ℹ️ ✅ Uniqueness weights computed. Mean: 1.0000, Min: 0.4373, Max: 1.3118 SUCCESS
[I 2025-12-14 13:34:39,510] Trial 2702 finished with value: -0.006758362449638541 and parameters: {'trail_distance_atr_mult': 0.9720432062999587}. Best is trial 126 with value: -0.000363295272717509.
[2025-12-14 13:34:40.712] ⚖️ Computing uniqueness weights for 9018 events... INFO
2025-12-14 13:34:40,712 - System.tprint - INFO - ℹ️ ⚖️ Computing uniqueness weights for 9018 events... INFO
[2025-12-14 13:34:40.721] ✅ Uniqueness weights computed. Mean: 1.0000, Min: 0.4372, Max: 1.3117 SUCCESS
2025-12-14 13:34:40,721 - System.tprint - INFO - ℹ️ ✅ Uniqueness weights computed. Mean: 1.0000, Min: 0.4372, Max: 1.3117 SUCCESS
[I 2025-12-14 13:34:41,365] Trial 2703 finished with value: -0.0067278613417866345 and parameters: {'trail_distance_atr_mult': 0.8126459374801092}. Best is trial 126 with value: -0.000363295272717509.
[2025-12-14 13:34:42.580] ⚖️ Computing uniqueness weights for 9018 events... INFO
2025-12-14 13:34:42,580 - System.tprint - INFO - ℹ️ ⚖️ Computing uniqueness weights for 9018 events... INFO
[2025-12-14 13:34:42.591] ✅ Uniqueness weights computed. Mean: 1.0000, Min: 0.4373, Max: 1.3120 SUCCESS
2025-12-14 13:34:42,591 - System.tprint - INFO - ℹ️ ✅ Uniqueness weights computed. Mean: 1.0000, Min: 0.4373, Max: 1.3120 SUCCESS
[I 2025-12-14 13:34:43,232] Trial 2704 finished with value: -0.007658102906675 and parameters: {'trail_distance_atr_mult': 1.1062177971440539}. Best is trial 126 with value: -0.000363295272717509.
[2025-12-14 13:34:44.440] ⚖️ Computing uniqueness weights for 9018 events... INFO
2025-12-14 13:34:44,440 - System.tprint - INFO - ℹ️ ⚖️ Computing uniqueness weights for 9018 events... INFO
[2025-12-14 13:34:44.450] ✅ Uniqueness weights computed. Mean: 1.0000, Min: 0.4375, Max: 1.3125 SUCCESS
2025-12-14 13:34:44,450 - System.tprint - INFO - ℹ️ ✅ Uniqueness weights computed. Mean: 1.0000, Min: 0.4375, Max: 1.3125 SUCCESS
[I 2025-12-14 13:34:45,092] Trial 2705 finished with value: -0.0029957495357145272 and parameters: {'trail_distance_atr_mult': 1.3835301526905828}. Best is trial 126 with value: -0.000363295272717509.
[2025-12-14 13:34:46.279] ⚖️ Computing uniqueness weights for 9018 events... INFO
2025-12-14 13:34:46,280 - System.tprint - INFO - ℹ️ ⚖️ Computing uniqueness weights for 9018 events... INFO
[2025-12-14 13:34:46.290] ✅ Uniqueness weights computed. Mean: 1.0000, Min: 0.4372, Max: 1.3117 SUCCESS
2025-12-14 13:34:46,290 - System.tprint - INFO - ℹ️ ✅ Uniqueness weights computed. Mean: 1.0000, Min: 0.4372, Max: 1.3117 SUCCESS
[I 2025-12-14 13:34:47,137] Trial 2706 finished with value: -0.007546852514577222 and parameters: {'trail_distance_atr_mult': 0.6361719991132845}. Best is trial 126 with value: -0.000363295272717509.
[2025-12-14 13:34:48.390] ⚖️ Computing uniqueness weights for 9018 events... INFO
2025-12-14 13:34:48,391 - System.tprint - INFO - ℹ️ ⚖️ Computing uniqueness weights for 9018 events... INFO
[2025-12-14 13:34:48.402] ✅ Uniqueness weights computed. Mean: 1.0000, Min: 0.4373, Max: 1.3119 SUCCESS
2025-12-14 13:34:48,402 - System.tprint - INFO - ℹ️ ✅ Uniqueness weights computed. Mean: 1.0000, Min: 0.4373, Max: 1.3119 SUCCESS
[I 2025-12-14 13:34:49,645] Trial 2707 finished with value: -0.006751226292831902 and parameters: {'trail_distance_atr_mult': 0.9998755131136928}. Best is trial 126 with value: -0.000363295272717509.
[2025-12-14 13:34:51.656] ⚖️ Computing uniqueness weights for 9018 events... INFO
2025-12-14 13:34:51,657 - System.tprint - INFO - ℹ️ ⚖️ Computing uniqueness weights for 9018 events... INFO
[2025-12-14 13:34:51.672] ✅ Uniqueness weights computed. Mean: 1.0000, Min: 0.4374, Max: 1.3121 SUCCESS
2025-12-14 13:34:51,672 - System.tprint - INFO - ℹ️ ✅ Uniqueness weights computed. Mean: 1.0000, Min: 0.4374, Max: 1.3121 SUCCESS
[I 2025-12-14 13:34:52,559] Trial 2708 finished with value: -0.007094638978171236 and parameters: {'trail_distance_atr_mult': 1.178386961075613}. Best is trial 126 with value: -0.000363295272717509.
[2025-12-14 13:34:53.761] ⚖️ Computing uniqueness weights for 9018 events... INFO
2025-12-14 13:34:53,761 - System.tprint - INFO - ℹ️ ⚖️ Computing uniqueness weights for 9018 events... INFO
[2025-12-14 13:34:53.770] ✅ Uniqueness weights computed. Mean: 1.0000, Min: 0.4372, Max: 1.3117 SUCCESS
2025-12-14 13:34:53,770 - System.tprint - INFO - ℹ️ ✅ Uniqueness weights computed. Mean: 1.0000, Min: 0.4372, Max: 1.3117 SUCCESS
[I 2025-12-14 13:34:54,405] Trial 2709 finished with value: -0.006728081038792859 and parameters: {'trail_distance_atr_mult': 0.7915417508350385}. Best is trial 126 with value: -0.000363295272717509.
[2025-12-14 13:34:55.613] ⚖️ Computing uniqueness weights for 9018 events... INFO
2025-12-14 13:34:55,614 - System.tprint - INFO - ℹ️ ⚖️ Computing uniqueness weights for 9018 events... INFO
[2025-12-14 13:34:55.623] ✅ Uniqueness weights computed. Mean: 1.0000, Min: 0.4373, Max: 1.3118 SUCCESS
2025-12-14 13:34:55,623 - System.tprint - INFO - ℹ️ ✅ Uniqueness weights computed. Mean: 1.0000, Min: 0.4373, Max: 1.3118 SUCCESS
[I 2025-12-14 13:34:56,387] Trial 2710 finished with value: -0.006741891783420299 and parameters: {'trail_distance_atr_mult': 0.9841314420956879}. Best is trial 126 with value: -0.000363295272717509.
[2025-12-14 13:34:58.027] ⚖️ Computing uniqueness weights for 9018 events... INFO
2025-12-14 13:34:58,028 - System.tprint - INFO - ℹ️ ⚖️ Computing uniqueness weights for 9018 events... INFO
[2025-12-14 13:34:58.043] ✅ Uniqueness weights computed. Mean: 1.0000, Min: 0.4374, Max: 1.3121 SUCCESS
2025-12-14 13:34:58,043 - System.tprint - INFO - ℹ️ ✅ Uniqueness weights computed. Mean: 1.0000, Min: 0.4374, Max: 1.3121 SUCCESS
[I 2025-12-14 13:34:59,006] Trial 2711 finished with value: -0.004891430697664774 and parameters: {'trail_distance_atr_mult': 1.1936211642121053}. Best is trial 126 with value: -0.000363295272717509.
[2025-12-14 13:35:00.612] ⚖️ Computing uniqueness weights for 9018 events... INFO
2025-12-14 13:35:00,612 - System.tprint - INFO - ℹ️ ⚖️ Computing uniqueness weights for 9018 events... INFO
[2025-12-14 13:35:00.625] ✅ Uniqueness weights computed. Mean: 1.0000, Min: 0.4373, Max: 1.3118 SUCCESS
2025-12-14 13:35:00,625 - System.tprint - INFO - ℹ️ ✅ Uniqueness weights computed. Mean: 1.0000, Min: 0.4373, Max: 1.3118 SUCCESS
[I 2025-12-14 13:35:01,580] Trial 2712 finished with value: -0.006804528957748649 and parameters: {'trail_distance_atr_mult': 0.832613983397338}. Best is trial 126 with value: -0.000363295272717509.
[2025-12-14 13:35:03.010] ⚖️ Computing uniqueness weights for 9018 events... INFO
2025-12-14 13:35:03,010 - System.tprint - INFO - ℹ️ ⚖️ Computing uniqueness weights for 9018 events... INFO
[2025-12-14 13:35:03.022] ✅ Uniqueness weights computed. Mean: 1.0000, Min: 0.4373, Max: 1.3120 SUCCESS
2025-12-14 13:35:03,022 - System.tprint - INFO - ℹ️ ✅ Uniqueness weights computed. Mean: 1.0000, Min: 0.4373, Max: 1.3120 SUCCESS
[I 2025-12-14 13:35:03,916] Trial 2713 finished with value: -0.007527249946807735 and parameters: {'trail_distance_atr_mult': 1.0576865616718107}. Best is trial 126 with value: -0.000363295272717509.
[2025-12-14 13:35:05.315] ⚖️ Computing uniqueness weights for 9018 events... INFO
2025-12-14 13:35:05,316 - System.tprint - INFO - ℹ️ ⚖️ Computing uniqueness weights for 9018 events... INFO
[2025-12-14 13:35:05.327] ✅ Uniqueness weights computed. Mean: 1.0000, Min: 0.4375, Max: 1.3125 SUCCESS
2025-12-14 13:35:05,327 - System.tprint - INFO - ℹ️ ✅ Uniqueness weights computed. Mean: 1.0000, Min: 0.4375, Max: 1.3125 SUCCESS
[I 2025-12-14 13:35:05,979] Trial 2714 finished with value: -0.0029956644281426913 and parameters: {'trail_distance_atr_mult': 1.357225097331256}. Best is trial 126 with value: -0.000363295272717509.
[2025-12-14 13:35:07.164] ⚖️ Computing uniqueness weights for 9018 events... INFO
2025-12-14 13:35:07,164 - System.tprint - INFO - ℹ️ ⚖️ Computing uniqueness weights for 9018 events... INFO
[2025-12-14 13:35:07.175] ✅ Uniqueness weights computed. Mean: 1.0000, Min: 0.4372, Max: 1.3117 SUCCESS
2025-12-14 13:35:07,175 - System.tprint - INFO - ℹ️ ✅ Uniqueness weights computed. Mean: 1.0000, Min: 0.4372, Max: 1.3117 SUCCESS
[I 2025-12-14 13:35:07,827] Trial 2715 finished with value: -0.007479331783459741 and parameters: {'trail_distance_atr_mult': 0.667631301764172}. Best is trial 126 with value: -0.000363295272717509.
[2025-12-14 13:35:09.038] ⚖️ Computing uniqueness weights for 9018 events... INFO
2025-12-14 13:35:09,038 - System.tprint - INFO - ℹ️ ⚖️ Computing uniqueness weights for 9018 events... INFO
[2025-12-14 13:35:09.047] ✅ Uniqueness weights computed. Mean: 1.0000, Min: 0.4373, Max: 1.3118 SUCCESS
2025-12-14 13:35:09,048 - System.tprint - INFO - ℹ️ ✅ Uniqueness weights computed. Mean: 1.0000, Min: 0.4373, Max: 1.3118 SUCCESS
[I 2025-12-14 13:35:09,685] Trial 2716 finished with value: -0.0067784102176649385 and parameters: {'trail_distance_atr_mult': 0.9433511446705072}. Best is trial 126 with value: -0.000363295272717509.
[2025-12-14 13:35:11.281] ⚖️ Computing uniqueness weights for 9018 events... INFO
2025-12-14 13:35:11,282 - System.tprint - INFO - ℹ️ ⚖️ Computing uniqueness weights for 9018 events... INFO
[2025-12-14 13:35:11.295] ✅ Uniqueness weights computed. Mean: 1.0000, Min: 0.4374, Max: 1.3122 SUCCESS
2025-12-14 13:35:11,295 - System.tprint - INFO - ℹ️ ✅ Uniqueness weights computed. Mean: 1.0000, Min: 0.4374, Max: 1.3122 SUCCESS
[I 2025-12-14 13:35:12,420] Trial 2717 finished with value: -0.0034757482403756715 and parameters: {'trail_distance_atr_mult': 1.2129926426679913}. Best is trial 126 with value: -0.000363295272717509.
[2025-12-14 13:35:14.047] ⚖️ Computing uniqueness weights for 9018 events... INFO
2025-12-14 13:35:14,047 - System.tprint - INFO - ℹ️ ⚖️ Computing uniqueness weights for 9018 events... INFO
[2025-12-14 13:35:14.056] ✅ Uniqueness weights computed. Mean: 1.0000, Min: 0.4373, Max: 1.3120 SUCCESS
2025-12-14 13:35:14,056 - System.tprint - INFO - ℹ️ ✅ Uniqueness weights computed. Mean: 1.0000, Min: 0.4373, Max: 1.3120 SUCCESS
[I 2025-12-14 13:35:14,686] Trial 2718 finished with value: -0.0075272476851450535 and parameters: {'trail_distance_atr_mult': 1.0558642444232573}. Best is trial 126 with value: -0.000363295272717509.
[2025-12-14 13:35:15.898] ⚖️ Computing uniqueness weights for 9018 events... INFO
2025-12-14 13:35:15,898 - System.tprint - INFO - ℹ️ ⚖️ Computing uniqueness weights for 9018 events... INFO
[2025-12-14 13:35:15.909] ✅ Uniqueness weights computed. Mean: 1.0000, Min: 0.4372, Max: 1.3117 SUCCESS
2025-12-14 13:35:15,909 - System.tprint - INFO - ℹ️ ✅ Uniqueness weights computed. Mean: 1.0000, Min: 0.4372, Max: 1.3117 SUCCESS
[I 2025-12-14 13:35:16,783] Trial 2719 finished with value: -0.00672799431189967 and parameters: {'trail_distance_atr_mult': 0.8000625012990604}. Best is trial 126 with value: -0.000363295272717509.
[2025-12-14 13:35:18.154] ⚖️ Computing uniqueness weights for 9018 events... INFO
2025-12-14 13:35:18,154 - System.tprint - INFO - ℹ️ ⚖️ Computing uniqueness weights for 9018 events... INFO
[2025-12-14 13:35:18.166] ✅ Uniqueness weights computed. Mean: 1.0000, Min: 0.4372, Max: 1.3117 SUCCESS
2025-12-14 13:35:18,166 - System.tprint - INFO - ℹ️ ✅ Uniqueness weights computed. Mean: 1.0000, Min: 0.4372, Max: 1.3117 SUCCESS
[I 2025-12-14 13:35:19,055] Trial 2720 finished with value: -0.007321828937469562 and parameters: {'trail_distance_atr_mult': 0.5145282391111371}. Best is trial 126 with value: -0.000363295272717509.
[2025-12-14 13:35:20.446] ⚖️ Computing uniqueness weights for 9018 events... INFO
2025-12-14 13:35:20,447 - System.tprint - INFO - ℹ️ ⚖️ Computing uniqueness weights for 9018 events... INFO
[2025-12-14 13:35:20.458] ✅ Uniqueness weights computed. Mean: 1.0000, Min: 0.4374, Max: 1.3122 SUCCESS
2025-12-14 13:35:20,458 - System.tprint - INFO - ℹ️ ✅ Uniqueness weights computed. Mean: 1.0000, Min: 0.4374, Max: 1.3122 SUCCESS
[I 2025-12-14 13:35:21,349] Trial 2721 finished with value: -0.00581067290060753 and parameters: {'trail_distance_atr_mult': 1.1988305579082268}. Best is trial 126 with value: -0.000363295272717509.
[2025-12-14 13:35:22.726] ⚖️ Computing uniqueness weights for 9018 events... INFO
2025-12-14 13:35:22,726 - System.tprint - INFO - ℹ️ ⚖️ Computing uniqueness weights for 9018 events... INFO
[2025-12-14 13:35:22.737] ✅ Uniqueness weights computed. Mean: 1.0000, Min: 0.4373, Max: 1.3118 SUCCESS
2025-12-14 13:35:22,737 - System.tprint - INFO - ℹ️ ✅ Uniqueness weights computed. Mean: 1.0000, Min: 0.4373, Max: 1.3118 SUCCESS
[I 2025-12-14 13:35:23,636] Trial 2722 finished with value: -0.00672105520776366 and parameters: {'trail_distance_atr_mult': 0.9160226869953835}. Best is trial 126 with value: -0.000363295272717509.
[2025-12-14 13:35:25.041] ⚖️ Computing uniqueness weights for 9018 events... INFO
2025-12-14 13:35:25,041 - System.tprint - INFO - ℹ️ ⚖️ Computing uniqueness weights for 9018 events... INFO
[2025-12-14 13:35:25.052] ✅ Uniqueness weights computed. Mean: 1.0000, Min: 0.4373, Max: 1.3120 SUCCESS
2025-12-14 13:35:25,052 - System.tprint - INFO - ℹ️ ✅ Uniqueness weights computed. Mean: 1.0000, Min: 0.4373, Max: 1.3120 SUCCESS
[I 2025-12-14 13:35:25,731] Trial 2723 finished with value: -0.0075272621760021355 and parameters: {'trail_distance_atr_mult': 1.0678428993501707}. Best is trial 126 with value: -0.000363295272717509.
[2025-12-14 13:35:26.962] ⚖️ Computing uniqueness weights for 9018 events... INFO
2025-12-14 13:35:26,962 - System.tprint - INFO - ℹ️ ⚖️ Computing uniqueness weights for 9018 events... INFO
[2025-12-14 13:35:26.972] ✅ Uniqueness weights computed. Mean: 1.0000, Min: 0.4375, Max: 1.3125 SUCCESS
2025-12-14 13:35:26,972 - System.tprint - INFO - ℹ️ ✅ Uniqueness weights computed. Mean: 1.0000, Min: 0.4375, Max: 1.3125 SUCCESS
[I 2025-12-14 13:35:27,613] Trial 2724 finished with value: -0.0029956700659704754 and parameters: {'trail_distance_atr_mult': 1.3644273651904628}. Best is trial 126 with value: -0.000363295272717509.
[2025-12-14 13:35:28.835] ⚖️ Computing uniqueness weights for 9018 events... INFO
2025-12-14 13:35:28,835 - System.tprint - INFO - ℹ️ ⚖️ Computing uniqueness weights for 9018 events... INFO
[2025-12-14 13:35:28.845] ✅ Uniqueness weights computed. Mean: 1.0000, Min: 0.4372, Max: 1.3117 SUCCESS
2025-12-14 13:35:28,845 - System.tprint - INFO - ℹ️ ✅ Uniqueness weights computed. Mean: 1.0000, Min: 0.4372, Max: 1.3117 SUCCESS
[I 2025-12-14 13:35:29,479] Trial 2725 finished with value: -0.006728193056781538 and parameters: {'trail_distance_atr_mult': 0.7802059492740027}. Best is trial 126 with value: -0.000363295272717509.
[2025-12-14 13:35:30.683] ⚖️ Computing uniqueness weights for 9018 events... INFO
2025-12-14 13:35:30,683 - System.tprint - INFO - ℹ️ ⚖️ Computing uniqueness weights for 9018 events... INFO
[2025-12-14 13:35:30.693] ✅ Uniqueness weights computed. Mean: 1.0000, Min: 0.4373, Max: 1.3119 SUCCESS
2025-12-14 13:35:30,693 - System.tprint - INFO - ℹ️ ✅ Uniqueness weights computed. Mean: 1.0000, Min: 0.4373, Max: 1.3119 SUCCESS
[I 2025-12-14 13:35:31,337] Trial 2726 finished with value: -0.007527238889825812 and parameters: {'trail_distance_atr_mult': 1.0486848431723137}. Best is trial 126 with value: -0.000363295272717509.
[2025-12-14 13:35:32.519] ⚖️ Computing uniqueness weights for 9018 events... INFO
2025-12-14 13:35:32,519 - System.tprint - INFO - ℹ️ ⚖️ Computing uniqueness weights for 9018 events... INFO
[2025-12-14 13:35:32.529] ✅ Uniqueness weights computed. Mean: 1.0000, Min: 0.4374, Max: 1.3122 SUCCESS
2025-12-14 13:35:32,529 - System.tprint - INFO - ℹ️ ✅ Uniqueness weights computed. Mean: 1.0000, Min: 0.4374, Max: 1.3122 SUCCESS
[I 2025-12-14 13:35:33,264] Trial 2727 finished with value: -0.0032650246086548523 and parameters: {'trail_distance_atr_mult': 1.2138289175939585}. Best is trial 126 with value: -0.000363295272717509.
[2025-12-14 13:35:34.446] ⚖️ Computing uniqueness weights for 9018 events... INFO
2025-12-14 13:35:34,446 - System.tprint - INFO - ℹ️ ⚖️ Computing uniqueness weights for 9018 events... INFO
[2025-12-14 13:35:34.456] ✅ Uniqueness weights computed. Mean: 1.0000, Min: 0.4373, Max: 1.3118 SUCCESS
2025-12-14 13:35:34,456 - System.tprint - INFO - ℹ️ ✅ Uniqueness weights computed. Mean: 1.0000, Min: 0.4373, Max: 1.3118 SUCCESS
[I 2025-12-14 13:35:35,155] Trial 2728 finished with value: -0.006734841740602777 and parameters: {'trail_distance_atr_mult': 0.8590198446247088}. Best is trial 126 with value: -0.000363295272717509.
[2025-12-14 13:35:36.373] ⚖️ Computing uniqueness weights for 9018 events... INFO
2025-12-14 13:35:36,374 - System.tprint - INFO - ℹ️ ⚖️ Computing uniqueness weights for 9018 events... INFO
[2025-12-14 13:35:36.385] ✅ Uniqueness weights computed. Mean: 1.0000, Min: 0.4372, Max: 1.3117 SUCCESS
2025-12-14 13:35:36,385 - System.tprint - INFO - ℹ️ ✅ Uniqueness weights computed. Mean: 1.0000, Min: 0.4372, Max: 1.3117 SUCCESS
