[I 2025-12-14 13:15:07,649] Trial 2134 finished with value: -0.0016006573412438204 and parameters: {'trail_distance_atr_mult': 1.0818909629957312}. Best is trial 126 with value: -0.000363295272717509.
[2025-12-14 13:15:08.985] ⚖️ Computing uniqueness weights for 9018 events... INFO
2025-12-14 13:15:08,985 - System.tprint - INFO - ℹ️ ⚖️ Computing uniqueness weights for 9018 events... INFO
[2025-12-14 13:15:08.995] ✅ Uniqueness weights computed. Mean: 1.0000, Min: 0.4373, Max: 1.3119 SUCCESS
2025-12-14 13:15:08,995 - System.tprint - INFO - ℹ️ ✅ Uniqueness weights computed. Mean: 1.0000, Min: 0.4373, Max: 1.3119 SUCCESS
[I 2025-12-14 13:15:09,689] Trial 2135 finished with value: -0.007527235361668773 and parameters: {'trail_distance_atr_mult': 1.0455856185447108}. Best is trial 126 with value: -0.000363295272717509.
[2025-12-14 13:15:10.918] ⚖️ Computing uniqueness weights for 9018 events... INFO
2025-12-14 13:15:10,919 - System.tprint - INFO - ℹ️ ⚖️ Computing uniqueness weights for 9018 events... INFO
[2025-12-14 13:15:10.928] ✅ Uniqueness weights computed. Mean: 1.0000, Min: 0.4372, Max: 1.3117 SUCCESS
2025-12-14 13:15:10,928 - System.tprint - INFO - ℹ️ ✅ Uniqueness weights computed. Mean: 1.0000, Min: 0.4372, Max: 1.3117 SUCCESS
[I 2025-12-14 13:15:11,631] Trial 2136 finished with value: -0.0034849037542104768 and parameters: {'trail_distance_atr_mult': 0.6564261558186869}. Best is trial 126 with value: -0.000363295272717509.
[2025-12-14 13:15:12.823] ⚖️ Computing uniqueness weights for 9018 events... INFO
2025-12-14 13:15:12,823 - System.tprint - INFO - ℹ️ ⚖️ Computing uniqueness weights for 9018 events... INFO
[2025-12-14 13:15:12.833] ✅ Uniqueness weights computed. Mean: 1.0000, Min: 0.4373, Max: 1.3118 SUCCESS
2025-12-14 13:15:12,833 - System.tprint - INFO - ℹ️ ✅ Uniqueness weights computed. Mean: 1.0000, Min: 0.4373, Max: 1.3118 SUCCESS
[I 2025-12-14 13:15:13,512] Trial 2137 finished with value: -0.006734836275332498 and parameters: {'trail_distance_atr_mult': 0.8609570140987026}. Best is trial 126 with value: -0.000363295272717509.
[2025-12-14 13:15:14.692] ⚖️ Computing uniqueness weights for 9018 events... INFO
2025-12-14 13:15:14,692 - System.tprint - INFO - ℹ️ ⚖️ Computing uniqueness weights for 9018 events... INFO
[2025-12-14 13:15:14.701] ✅ Uniqueness weights computed. Mean: 1.0000, Min: 0.4374, Max: 1.3121 SUCCESS
2025-12-14 13:15:14,701 - System.tprint - INFO - ℹ️ ✅ Uniqueness weights computed. Mean: 1.0000, Min: 0.4374, Max: 1.3121 SUCCESS
[I 2025-12-14 13:15:15,435] Trial 2138 finished with value: -0.00709462550294626 and parameters: {'trail_distance_atr_mult': 1.1776863447825248}. Best is trial 126 with value: -0.000363295272717509.
[2025-12-14 13:15:16.616] ⚖️ Computing uniqueness weights for 9018 events... INFO
2025-12-14 13:15:16,616 - System.tprint - INFO - ℹ️ ⚖️ Computing uniqueness weights for 9018 events... INFO
[2025-12-14 13:15:16.626] ✅ Uniqueness weights computed. Mean: 1.0000, Min: 0.4373, Max: 1.3118 SUCCESS
2025-12-14 13:15:16,626 - System.tprint - INFO - ℹ️ ✅ Uniqueness weights computed. Mean: 1.0000, Min: 0.4373, Max: 1.3118 SUCCESS
[I 2025-12-14 13:15:17,282] Trial 2139 finished with value: -0.006741951521890539 and parameters: {'trail_distance_atr_mult': 0.9918373151761665}. Best is trial 126 with value: -0.000363295272717509.
[2025-12-14 13:15:18.489] ⚖️ Computing uniqueness weights for 9018 events... INFO
2025-12-14 13:15:18,489 - System.tprint - INFO - ℹ️ ⚖️ Computing uniqueness weights for 9018 events... INFO
[2025-12-14 13:15:18.499] ✅ Uniqueness weights computed. Mean: 1.0000, Min: 0.4374, Max: 1.3121 SUCCESS
2025-12-14 13:15:18,500 - System.tprint - INFO - ℹ️ ✅ Uniqueness weights computed. Mean: 1.0000, Min: 0.4374, Max: 1.3121 SUCCESS
[I 2025-12-14 13:15:19,177] Trial 2140 finished with value: -0.007445842785910637 and parameters: {'trail_distance_atr_mult': 1.1681673580450687}. Best is trial 126 with value: -0.000363295272717509.
[2025-12-14 13:15:20.370] ⚖️ Computing uniqueness weights for 9018 events... INFO
2025-12-14 13:15:20,371 - System.tprint - INFO - ℹ️ ⚖️ Computing uniqueness weights for 9018 events... INFO
[2025-12-14 13:15:20.381] ✅ Uniqueness weights computed. Mean: 1.0000, Min: 0.4373, Max: 1.3118 SUCCESS
2025-12-14 13:15:20,381 - System.tprint - INFO - ℹ️ ✅ Uniqueness weights computed. Mean: 1.0000, Min: 0.4373, Max: 1.3118 SUCCESS
[I 2025-12-14 13:15:21,023] Trial 2141 finished with value: -0.006654653436394315 and parameters: {'trail_distance_atr_mult': 0.8219187044892476}. Best is trial 126 with value: -0.000363295272717509.
[2025-12-14 13:15:22.217] ⚖️ Computing uniqueness weights for 9018 events... INFO
2025-12-14 13:15:22,217 - System.tprint - INFO - ℹ️ ⚖️ Computing uniqueness weights for 9018 events... INFO
[2025-12-14 13:15:22.227] ✅ Uniqueness weights computed. Mean: 1.0000, Min: 0.4374, Max: 1.3121 SUCCESS
2025-12-14 13:15:22,227 - System.tprint - INFO - ℹ️ ✅ Uniqueness weights computed. Mean: 1.0000, Min: 0.4374, Max: 1.3121 SUCCESS
[I 2025-12-14 13:15:22,860] Trial 2142 finished with value: -0.007701238246184091 and parameters: {'trail_distance_atr_mult': 1.15802387352169}. Best is trial 126 with value: -0.000363295272717509.
[2025-12-14 13:15:24.078] ⚖️ Computing uniqueness weights for 9018 events... INFO
2025-12-14 13:15:24,078 - System.tprint - INFO - ℹ️ ⚖️ Computing uniqueness weights for 9018 events... INFO
[2025-12-14 13:15:24.088] ✅ Uniqueness weights computed. Mean: 1.0000, Min: 0.4375, Max: 1.3124 SUCCESS
2025-12-14 13:15:24,089 - System.tprint - INFO - ℹ️ ✅ Uniqueness weights computed. Mean: 1.0000, Min: 0.4375, Max: 1.3124 SUCCESS
[I 2025-12-14 13:15:24,726] Trial 2143 finished with value: -0.003237367463938879 and parameters: {'trail_distance_atr_mult': 1.3428756938045134}. Best is trial 126 with value: -0.000363295272717509.
[2025-12-14 13:15:25.922] ⚖️ Computing uniqueness weights for 9018 events... INFO
2025-12-14 13:15:25,922 - System.tprint - INFO - ℹ️ ⚖️ Computing uniqueness weights for 9018 events... INFO
[2025-12-14 13:15:25.932] ✅ Uniqueness weights computed. Mean: 1.0000, Min: 0.4373, Max: 1.3118 SUCCESS
2025-12-14 13:15:25,932 - System.tprint - INFO - ℹ️ ✅ Uniqueness weights computed. Mean: 1.0000, Min: 0.4373, Max: 1.3118 SUCCESS
[I 2025-12-14 13:15:26,569] Trial 2144 finished with value: -0.006778407506637625 and parameters: {'trail_distance_atr_mult': 0.9417469214549263}. Best is trial 126 with value: -0.000363295272717509.
[2025-12-14 13:15:27.773] ⚖️ Computing uniqueness weights for 9018 events... INFO
2025-12-14 13:15:27,773 - System.tprint - INFO - ℹ️ ⚖️ Computing uniqueness weights for 9018 events... INFO
[2025-12-14 13:15:27.783] ✅ Uniqueness weights computed. Mean: 1.0000, Min: 0.4372, Max: 1.3117 SUCCESS
2025-12-14 13:15:27,783 - System.tprint - INFO - ℹ️ ✅ Uniqueness weights computed. Mean: 1.0000, Min: 0.4372, Max: 1.3117 SUCCESS
[I 2025-12-14 13:15:28,507] Trial 2145 finished with value: -0.0074791215865108625 and parameters: {'trail_distance_atr_mult': 0.7255846413355317}. Best is trial 126 with value: -0.000363295272717509.
[2025-12-14 13:15:29.796] ⚖️ Computing uniqueness weights for 9018 events... INFO
2025-12-14 13:15:29,796 - System.tprint - INFO - ℹ️ ⚖️ Computing uniqueness weights for 9018 events... INFO
[2025-12-14 13:15:29.806] ✅ Uniqueness weights computed. Mean: 1.0000, Min: 0.4373, Max: 1.3119 SUCCESS
2025-12-14 13:15:29,806 - System.tprint - INFO - ℹ️ ✅ Uniqueness weights computed. Mean: 1.0000, Min: 0.4373, Max: 1.3119 SUCCESS
[I 2025-12-14 13:15:30,445] Trial 2146 finished with value: -0.003084676187034256 and parameters: {'trail_distance_atr_mult': 1.0133703051908267}. Best is trial 126 with value: -0.000363295272717509.
[2025-12-14 13:15:31.638] ⚖️ Computing uniqueness weights for 9018 events... INFO
2025-12-14 13:15:31,638 - System.tprint - INFO - ℹ️ ⚖️ Computing uniqueness weights for 9018 events... INFO
[2025-12-14 13:15:31.648] ✅ Uniqueness weights computed. Mean: 1.0000, Min: 0.4374, Max: 1.3121 SUCCESS
2025-12-14 13:15:31,648 - System.tprint - INFO - ℹ️ ✅ Uniqueness weights computed. Mean: 1.0000, Min: 0.4374, Max: 1.3121 SUCCESS
[I 2025-12-14 13:15:32,286] Trial 2147 finished with value: -0.0077012343081109755 and parameters: {'trail_distance_atr_mult': 1.1587080470557192}. Best is trial 126 with value: -0.000363295272717509.
[2025-12-14 13:15:33.481] ⚖️ Computing uniqueness weights for 9018 events... INFO
2025-12-14 13:15:33,481 - System.tprint - INFO - ℹ️ ⚖️ Computing uniqueness weights for 9018 events... INFO
[2025-12-14 13:15:33.491] ✅ Uniqueness weights computed. Mean: 1.0000, Min: 0.4372, Max: 1.3117 SUCCESS
2025-12-14 13:15:33,491 - System.tprint - INFO - ℹ️ ✅ Uniqueness weights computed. Mean: 1.0000, Min: 0.4372, Max: 1.3117 SUCCESS
[I 2025-12-14 13:15:34,126] Trial 2148 finished with value: -0.007479331783459741 and parameters: {'trail_distance_atr_mult': 0.6839097452871205}. Best is trial 126 with value: -0.000363295272717509.
[2025-12-14 13:15:35.314] ⚖️ Computing uniqueness weights for 9018 events... INFO
2025-12-14 13:15:35,314 - System.tprint - INFO - ℹ️ ⚖️ Computing uniqueness weights for 9018 events... INFO
[2025-12-14 13:15:35.323] ✅ Uniqueness weights computed. Mean: 1.0000, Min: 0.4373, Max: 1.3118 SUCCESS
2025-12-14 13:15:35,323 - System.tprint - INFO - ℹ️ ✅ Uniqueness weights computed. Mean: 1.0000, Min: 0.4373, Max: 1.3118 SUCCESS
[I 2025-12-14 13:15:35,958] Trial 2149 finished with value: -0.006786275167314635 and parameters: {'trail_distance_atr_mult': 0.980568301670301}. Best is trial 126 with value: -0.000363295272717509.
[2025-12-14 13:15:37.151] ⚖️ Computing uniqueness weights for 9018 events... INFO
2025-12-14 13:15:37,151 - System.tprint - INFO - ℹ️ ⚖️ Computing uniqueness weights for 9018 events... INFO
[2025-12-14 13:15:37.160] ✅ Uniqueness weights computed. Mean: 1.0000, Min: 0.4375, Max: 1.3124 SUCCESS
2025-12-14 13:15:37,160 - System.tprint - INFO - ℹ️ ✅ Uniqueness weights computed. Mean: 1.0000, Min: 0.4375, Max: 1.3124 SUCCESS
[I 2025-12-14 13:15:37,799] Trial 2150 finished with value: -0.003237355118670651 and parameters: {'trail_distance_atr_mult': 1.3158003687031825}. Best is trial 126 with value: -0.000363295272717509.
[2025-12-14 13:15:39.017] ⚖️ Computing uniqueness weights for 9018 events... INFO
2025-12-14 13:15:39,017 - System.tprint - INFO - ℹ️ ⚖️ Computing uniqueness weights for 9018 events... INFO
[2025-12-14 13:15:39.027] ✅ Uniqueness weights computed. Mean: 1.0000, Min: 0.4374, Max: 1.3121 SUCCESS
2025-12-14 13:15:39,027 - System.tprint - INFO - ℹ️ ✅ Uniqueness weights computed. Mean: 1.0000, Min: 0.4374, Max: 1.3121 SUCCESS
[I 2025-12-14 13:15:39,658] Trial 2151 finished with value: -0.007691728331540937 and parameters: {'trail_distance_atr_mult': 1.1612066767454816}. Best is trial 126 with value: -0.000363295272717509.
[2025-12-14 13:15:40.863] ⚖️ Computing uniqueness weights for 9018 events... INFO
2025-12-14 13:15:40,863 - System.tprint - INFO - ℹ️ ⚖️ Computing uniqueness weights for 9018 events... INFO
[2025-12-14 13:15:40.873] ✅ Uniqueness weights computed. Mean: 1.0000, Min: 0.4373, Max: 1.3118 SUCCESS
2025-12-14 13:15:40,873 - System.tprint - INFO - ℹ️ ✅ Uniqueness weights computed. Mean: 1.0000, Min: 0.4373, Max: 1.3118 SUCCESS
[I 2025-12-14 13:15:41,508] Trial 2152 finished with value: -0.006681089354115347 and parameters: {'trail_distance_atr_mult': 0.8870796678899918}. Best is trial 126 with value: -0.000363295272717509.
[2025-12-14 13:15:42.715] ⚖️ Computing uniqueness weights for 9018 events... INFO
2025-12-14 13:15:42,716 - System.tprint - INFO - ℹ️ ⚖️ Computing uniqueness weights for 9018 events... INFO
[2025-12-14 13:15:42.727] ✅ Uniqueness weights computed. Mean: 1.0000, Min: 0.4372, Max: 1.3117 SUCCESS
2025-12-14 13:15:42,728 - System.tprint - INFO - ℹ️ ✅ Uniqueness weights computed. Mean: 1.0000, Min: 0.4372, Max: 1.3117 SUCCESS
[I 2025-12-14 13:15:43,387] Trial 2153 finished with value: -0.007546852514577222 and parameters: {'trail_distance_atr_mult': 0.6341637350670716}. Best is trial 126 with value: -0.000363295272717509.
[2025-12-14 13:15:44.824] ⚖️ Computing uniqueness weights for 9018 events... INFO
2025-12-14 13:15:44,825 - System.tprint - INFO - ℹ️ ⚖️ Computing uniqueness weights for 9018 events... INFO
[2025-12-14 13:15:44.837] ✅ Uniqueness weights computed. Mean: 1.0000, Min: 0.4373, Max: 1.3119 SUCCESS
2025-12-14 13:15:44,838 - System.tprint - INFO - ℹ️ ✅ Uniqueness weights computed. Mean: 1.0000, Min: 0.4373, Max: 1.3119 SUCCESS
[I 2025-12-14 13:15:45,900] Trial 2154 finished with value: -0.0030846817867303754 and parameters: {'trail_distance_atr_mult': 1.0209897910065084}. Best is trial 126 with value: -0.000363295272717509.
[2025-12-14 13:15:47.528] ⚖️ Computing uniqueness weights for 9018 events... INFO
2025-12-14 13:15:47,528 - System.tprint - INFO - ℹ️ ⚖️ Computing uniqueness weights for 9018 events... INFO
[2025-12-14 13:15:47.537] ✅ Uniqueness weights computed. Mean: 1.0000, Min: 0.4374, Max: 1.3121 SUCCESS
2025-12-14 13:15:47,537 - System.tprint - INFO - ℹ️ ✅ Uniqueness weights computed. Mean: 1.0000, Min: 0.4374, Max: 1.3121 SUCCESS
[I 2025-12-14 13:15:48,208] Trial 2155 finished with value: -0.00709459565921429 and parameters: {'trail_distance_atr_mult': 1.1761280711519257}. Best is trial 126 with value: -0.000363295272717509.
[2025-12-14 13:15:49.530] ⚖️ Computing uniqueness weights for 9018 events... INFO
2025-12-14 13:15:49,531 - System.tprint - INFO - ℹ️ ⚖️ Computing uniqueness weights for 9018 events... INFO
[2025-12-14 13:15:49.543] ✅ Uniqueness weights computed. Mean: 1.0000, Min: 0.4373, Max: 1.3118 SUCCESS
2025-12-14 13:15:49,543 - System.tprint - INFO - ℹ️ ✅ Uniqueness weights computed. Mean: 1.0000, Min: 0.4373, Max: 1.3118 SUCCESS
[I 2025-12-14 13:15:50,509] Trial 2156 finished with value: -0.0068045426867581775 and parameters: {'trail_distance_atr_mult': 0.8411169867990855}. Best is trial 126 with value: -0.000363295272717509.
[2025-12-14 13:15:51.894] ⚖️ Computing uniqueness weights for 9018 events... INFO
2025-12-14 13:15:51,894 - System.tprint - INFO - ℹ️ ⚖️ Computing uniqueness weights for 9018 events... INFO
[2025-12-14 13:15:51.905] ✅ Uniqueness weights computed. Mean: 1.0000, Min: 0.4374, Max: 1.3121 SUCCESS
2025-12-14 13:15:51,905 - System.tprint - INFO - ℹ️ ✅ Uniqueness weights computed. Mean: 1.0000, Min: 0.4374, Max: 1.3121 SUCCESS
[I 2025-12-14 13:15:52,880] Trial 2157 finished with value: -0.0077012823702021175 and parameters: {'trail_distance_atr_mult': 1.1498861307471218}. Best is trial 126 with value: -0.000363295272717509.
[2025-12-14 13:15:54.386] ⚖️ Computing uniqueness weights for 9018 events... INFO
2025-12-14 13:15:54,386 - System.tprint - INFO - ℹ️ ⚖️ Computing uniqueness weights for 9018 events... INFO
[2025-12-14 13:15:54.396] ✅ Uniqueness weights computed. Mean: 1.0000, Min: 0.4375, Max: 1.3124 SUCCESS
2025-12-14 13:15:54,396 - System.tprint - INFO - ℹ️ ✅ Uniqueness weights computed. Mean: 1.0000, Min: 0.4375, Max: 1.3124 SUCCESS
[I 2025-12-14 13:15:55,326] Trial 2158 finished with value: -0.0032373690070907 and parameters: {'trail_distance_atr_mult': 1.335683664890974}. Best is trial 126 with value: -0.000363295272717509.
[2025-12-14 13:15:56.723] ⚖️ Computing uniqueness weights for 9018 events... INFO
2025-12-14 13:15:56,723 - System.tprint - INFO - ℹ️ ⚖️ Computing uniqueness weights for 9018 events... INFO
[2025-12-14 13:15:56.735] ✅ Uniqueness weights computed. Mean: 1.0000, Min: 0.4373, Max: 1.3118 SUCCESS
2025-12-14 13:15:56,735 - System.tprint - INFO - ℹ️ ✅ Uniqueness weights computed. Mean: 1.0000, Min: 0.4373, Max: 1.3118 SUCCESS
[I 2025-12-14 13:15:57,630] Trial 2159 finished with value: -0.006741949634156134 and parameters: {'trail_distance_atr_mult': 0.9915797711497839}. Best is trial 126 with value: -0.000363295272717509.
[2025-12-14 13:15:59.043] ⚖️ Computing uniqueness weights for 9018 events... INFO
2025-12-14 13:15:59,043 - System.tprint - INFO - ℹ️ ⚖️ Computing uniqueness weights for 9018 events... INFO
[2025-12-14 13:15:59.057] ✅ Uniqueness weights computed. Mean: 1.0000, Min: 0.4372, Max: 1.3117 SUCCESS
2025-12-14 13:15:59,057 - System.tprint - INFO - ℹ️ ✅ Uniqueness weights computed. Mean: 1.0000, Min: 0.4372, Max: 1.3117 SUCCESS
[I 2025-12-14 13:16:00,055] Trial 2160 finished with value: -0.006727826769314543 and parameters: {'trail_distance_atr_mult': 0.8158114285974195}. Best is trial 126 with value: -0.000363295272717509.
[2025-12-14 13:16:01.436] ⚖️ Computing uniqueness weights for 9018 events... INFO
2025-12-14 13:16:01,436 - System.tprint - INFO - ℹ️ ⚖️ Computing uniqueness weights for 9018 events... INFO
[2025-12-14 13:16:01.446] ✅ Uniqueness weights computed. Mean: 1.0000, Min: 0.4372, Max: 1.3117 SUCCESS
2025-12-14 13:16:01,446 - System.tprint - INFO - ℹ️ ✅ Uniqueness weights computed. Mean: 1.0000, Min: 0.4372, Max: 1.3117 SUCCESS
[I 2025-12-14 13:16:02,149] Trial 2161 finished with value: -0.0034849037732859996 and parameters: {'trail_distance_atr_mult': 0.6446817606299624}. Best is trial 126 with value: -0.000363295272717509.
[2025-12-14 13:16:03.344] ⚖️ Computing uniqueness weights for 9018 events... INFO
2025-12-14 13:16:03,344 - System.tprint - INFO - ℹ️ ⚖️ Computing uniqueness weights for 9018 events... INFO
[2025-12-14 13:16:03.354] ✅ Uniqueness weights computed. Mean: 1.0000, Min: 0.4373, Max: 1.3119 SUCCESS
2025-12-14 13:16:03,355 - System.tprint - INFO - ℹ️ ✅ Uniqueness weights computed. Mean: 1.0000, Min: 0.4373, Max: 1.3119 SUCCESS
[I 2025-12-14 13:16:04,077] Trial 2162 finished with value: -0.0030846810996657857 and parameters: {'trail_distance_atr_mult': 1.0200981082829783}. Best is trial 126 with value: -0.000363295272717509.
[2025-12-14 13:16:05.281] ⚖️ Computing uniqueness weights for 9018 events... INFO
2025-12-14 13:16:05,281 - System.tprint - INFO - ℹ️ ⚖️ Computing uniqueness weights for 9018 events... INFO
[2025-12-14 13:16:05.291] ✅ Uniqueness weights computed. Mean: 1.0000, Min: 0.4374, Max: 1.3121 SUCCESS
2025-12-14 13:16:05,291 - System.tprint - INFO - ℹ️ ✅ Uniqueness weights computed. Mean: 1.0000, Min: 0.4374, Max: 1.3121 SUCCESS
[I 2025-12-14 13:16:05,944] Trial 2163 finished with value: -0.007094630269352978 and parameters: {'trail_distance_atr_mult': 1.1779363273029848}. Best is trial 126 with value: -0.000363295272717509.
[2025-12-14 13:16:07.151] ⚖️ Computing uniqueness weights for 9018 events... INFO
2025-12-14 13:16:07,151 - System.tprint - INFO - ℹ️ ⚖️ Computing uniqueness weights for 9018 events... INFO
[2025-12-14 13:16:07.161] ✅ Uniqueness weights computed. Mean: 1.0000, Min: 0.4375, Max: 1.3124 SUCCESS
2025-12-14 13:16:07,161 - System.tprint - INFO - ℹ️ ✅ Uniqueness weights computed. Mean: 1.0000, Min: 0.4375, Max: 1.3124 SUCCESS
[I 2025-12-14 13:16:07,816] Trial 2164 finished with value: -0.0032373716112139525 and parameters: {'trail_distance_atr_mult': 1.3279213351015406}. Best is trial 126 with value: -0.000363295272717509.
[2025-12-14 13:16:09.012] ⚖️ Computing uniqueness weights for 9018 events... INFO
2025-12-14 13:16:09,012 - System.tprint - INFO - ℹ️ ⚖️ Computing uniqueness weights for 9018 events... INFO
[2025-12-14 13:16:09.022] ✅ Uniqueness weights computed. Mean: 1.0000, Min: 0.4373, Max: 1.3118 SUCCESS
2025-12-14 13:16:09,022 - System.tprint - INFO - ℹ️ ✅ Uniqueness weights computed. Mean: 1.0000, Min: 0.4373, Max: 1.3118 SUCCESS
[I 2025-12-14 13:16:09,694] Trial 2165 finished with value: -0.006804543351439533 and parameters: {'trail_distance_atr_mult': 0.8418018024030878}. Best is trial 126 with value: -0.000363295272717509.
[2025-12-14 13:16:11.131] ⚖️ Computing uniqueness weights for 9018 events... INFO
2025-12-14 13:16:11,131 - System.tprint - INFO - ℹ️ ⚖️ Computing uniqueness weights for 9018 events... INFO
[2025-12-14 13:16:11.142] ✅ Uniqueness weights computed. Mean: 1.0000, Min: 0.4373, Max: 1.3119 SUCCESS
2025-12-14 13:16:11,142 - System.tprint - INFO - ℹ️ ✅ Uniqueness weights computed. Mean: 1.0000, Min: 0.4373, Max: 1.3119 SUCCESS
[I 2025-12-14 13:16:11,813] Trial 2166 finished with value: -0.0030846811136753206 and parameters: {'trail_distance_atr_mult': 1.0201116969417472}. Best is trial 126 with value: -0.000363295272717509.
[2025-12-14 13:16:13.315] ⚖️ Computing uniqueness weights for 9018 events... INFO
2025-12-14 13:16:13,315 - System.tprint - INFO - ℹ️ ⚖️ Computing uniqueness weights for 9018 events... INFO
[2025-12-14 13:16:13.325] ✅ Uniqueness weights computed. Mean: 1.0000, Min: 0.4374, Max: 1.3121 SUCCESS
2025-12-14 13:16:13,326 - System.tprint - INFO - ℹ️ ✅ Uniqueness weights computed. Mean: 1.0000, Min: 0.4374, Max: 1.3121 SUCCESS
[I 2025-12-14 13:16:14,106] Trial 2167 finished with value: -0.007445840430767845 and parameters: {'trail_distance_atr_mult': 1.1704671209198363}. Best is trial 126 with value: -0.000363295272717509.
[2025-12-14 13:16:15.339] ⚖️ Computing uniqueness weights for 9018 events... INFO
2025-12-14 13:16:15,340 - System.tprint - INFO - ℹ️ ⚖️ Computing uniqueness weights for 9018 events... INFO
[2025-12-14 13:16:15.350] ✅ Uniqueness weights computed. Mean: 1.0000, Min: 0.4372, Max: 1.3117 SUCCESS
2025-12-14 13:16:15,350 - System.tprint - INFO - ℹ️ ✅ Uniqueness weights computed. Mean: 1.0000, Min: 0.4372, Max: 1.3117 SUCCESS
[I 2025-12-14 13:16:15,993] Trial 2168 finished with value: -0.007546852514577222 and parameters: {'trail_distance_atr_mult': 0.6271493620312482}. Best is trial 126 with value: -0.000363295272717509.
[2025-12-14 13:16:17.199] ⚖️ Computing uniqueness weights for 9018 events... INFO
2025-12-14 13:16:17,200 - System.tprint - INFO - ℹ️ ⚖️ Computing uniqueness weights for 9018 events... INFO
[2025-12-14 13:16:17.211] ✅ Uniqueness weights computed. Mean: 1.0000, Min: 0.4373, Max: 1.3118 SUCCESS
2025-12-14 13:16:17,211 - System.tprint - INFO - ℹ️ ✅ Uniqueness weights computed. Mean: 1.0000, Min: 0.4373, Max: 1.3118 SUCCESS
