[I 2025-12-14 12:18:08,758] Trial 559 finished with value: -0.007527227123962693 and parameters: {'trail_distance_atr_mult': 1.0388464893112015}. Best is trial 126 with value: -0.000363295272717509.
[2025-12-14 12:18:10.138] ⚖️ Computing uniqueness weights for 9018 events... INFO
2025-12-14 12:18:10,138 - System.tprint - INFO - ℹ️ ⚖️ Computing uniqueness weights for 9018 events... INFO
[2025-12-14 12:18:10.149] ✅ Uniqueness weights computed. Mean: 1.0000, Min: 0.4376, Max: 1.3129 SUCCESS
2025-12-14 12:18:10,150 - System.tprint - INFO - ℹ️ ✅ Uniqueness weights computed. Mean: 1.0000, Min: 0.4376, Max: 1.3129 SUCCESS
[I 2025-12-14 12:18:11,093] Trial 560 finished with value: -0.003749754899743733 and parameters: {'trail_distance_atr_mult': 1.6673564392397553}. Best is trial 126 with value: -0.000363295272717509.
[2025-12-14 12:18:12.488] ⚖️ Computing uniqueness weights for 9018 events... INFO
2025-12-14 12:18:12,488 - System.tprint - INFO - ℹ️ ⚖️ Computing uniqueness weights for 9018 events... INFO
[2025-12-14 12:18:12.499] ✅ Uniqueness weights computed. Mean: 1.0000, Min: 0.4375, Max: 1.3126 SUCCESS
2025-12-14 12:18:12,499 - System.tprint - INFO - ℹ️ ✅ Uniqueness weights computed. Mean: 1.0000, Min: 0.4375, Max: 1.3126 SUCCESS
[I 2025-12-14 12:18:13,383] Trial 561 finished with value: -0.003915178222108733 and parameters: {'trail_distance_atr_mult': 1.5346414526704764}. Best is trial 126 with value: -0.000363295272717509.
[2025-12-14 12:18:14.763] ⚖️ Computing uniqueness weights for 9018 events... INFO
2025-12-14 12:18:14,763 - System.tprint - INFO - ℹ️ ⚖️ Computing uniqueness weights for 9018 events... INFO
[2025-12-14 12:18:14.774] ✅ Uniqueness weights computed. Mean: 1.0000, Min: 0.4375, Max: 1.3126 SUCCESS
2025-12-14 12:18:14,774 - System.tprint - INFO - ℹ️ ✅ Uniqueness weights computed. Mean: 1.0000, Min: 0.4375, Max: 1.3126 SUCCESS
[I 2025-12-14 12:18:15,650] Trial 562 finished with value: -0.0022709167240991834 and parameters: {'trail_distance_atr_mult': 1.566367258913471}. Best is trial 126 with value: -0.000363295272717509.
[2025-12-14 12:18:17.039] ⚖️ Computing uniqueness weights for 9018 events... INFO
2025-12-14 12:18:17,039 - System.tprint - INFO - ℹ️ ⚖️ Computing uniqueness weights for 9018 events... INFO
[2025-12-14 12:18:17.053] ✅ Uniqueness weights computed. Mean: 1.0000, Min: 0.4376, Max: 1.3127 SUCCESS
2025-12-14 12:18:17,053 - System.tprint - INFO - ℹ️ ✅ Uniqueness weights computed. Mean: 1.0000, Min: 0.4376, Max: 1.3127 SUCCESS
[I 2025-12-14 12:18:17,969] Trial 563 finished with value: -0.002270837143331216 and parameters: {'trail_distance_atr_mult': 1.5814719965461899}. Best is trial 126 with value: -0.000363295272717509.
[2025-12-14 12:18:19.350] ⚖️ Computing uniqueness weights for 9018 events... INFO
2025-12-14 12:18:19,350 - System.tprint - INFO - ℹ️ ⚖️ Computing uniqueness weights for 9018 events... INFO
[2025-12-14 12:18:19.361] ✅ Uniqueness weights computed. Mean: 1.0000, Min: 0.4377, Max: 1.3130 SUCCESS
2025-12-14 12:18:19,362 - System.tprint - INFO - ℹ️ ✅ Uniqueness weights computed. Mean: 1.0000, Min: 0.4377, Max: 1.3130 SUCCESS
[I 2025-12-14 12:18:20,261] Trial 564 finished with value: -0.005931862329745826 and parameters: {'trail_distance_atr_mult': 1.7607211925806245}. Best is trial 126 with value: -0.000363295272717509.
[2025-12-14 12:18:21.641] ⚖️ Computing uniqueness weights for 9018 events... INFO
2025-12-14 12:18:21,641 - System.tprint - INFO - ℹ️ ⚖️ Computing uniqueness weights for 9018 events... INFO
[2025-12-14 12:18:21.652] ✅ Uniqueness weights computed. Mean: 1.0000, Min: 0.4375, Max: 1.3125 SUCCESS
2025-12-14 12:18:21,652 - System.tprint - INFO - ℹ️ ✅ Uniqueness weights computed. Mean: 1.0000, Min: 0.4375, Max: 1.3125 SUCCESS
[I 2025-12-14 12:18:22,530] Trial 565 finished with value: -0.006658983738184847 and parameters: {'trail_distance_atr_mult': 1.5043720047148132}. Best is trial 126 with value: -0.000363295272717509.
[2025-12-14 12:18:23.903] ⚖️ Computing uniqueness weights for 9018 events... INFO
2025-12-14 12:18:23,903 - System.tprint - INFO - ℹ️ ⚖️ Computing uniqueness weights for 9018 events... INFO
[2025-12-14 12:18:23.915] ✅ Uniqueness weights computed. Mean: 1.0000, Min: 0.4375, Max: 1.3126 SUCCESS
2025-12-14 12:18:23,915 - System.tprint - INFO - ℹ️ ✅ Uniqueness weights computed. Mean: 1.0000, Min: 0.4375, Max: 1.3126 SUCCESS
[I 2025-12-14 12:18:24,790] Trial 566 finished with value: -0.0022709178683151805 and parameters: {'trail_distance_atr_mult': 1.56616982486257}. Best is trial 126 with value: -0.000363295272717509.
[2025-12-14 12:18:26.163] ⚖️ Computing uniqueness weights for 9018 events... INFO
2025-12-14 12:18:26,164 - System.tprint - INFO - ℹ️ ⚖️ Computing uniqueness weights for 9018 events... INFO
[2025-12-14 12:18:26.174] ✅ Uniqueness weights computed. Mean: 1.0000, Min: 0.4376, Max: 1.3127 SUCCESS
2025-12-14 12:18:26,175 - System.tprint - INFO - ℹ️ ✅ Uniqueness weights computed. Mean: 1.0000, Min: 0.4376, Max: 1.3127 SUCCESS
[I 2025-12-14 12:18:27,047] Trial 567 finished with value: -0.006212073789816881 and parameters: {'trail_distance_atr_mult': 1.621190812739035}. Best is trial 126 with value: -0.000363295272717509.
[2025-12-14 12:18:28.418] ⚖️ Computing uniqueness weights for 9018 events... INFO
2025-12-14 12:18:28,418 - System.tprint - INFO - ℹ️ ⚖️ Computing uniqueness weights for 9018 events... INFO
[2025-12-14 12:18:28.429] ✅ Uniqueness weights computed. Mean: 1.0000, Min: 0.4375, Max: 1.3125 SUCCESS
2025-12-14 12:18:28,429 - System.tprint - INFO - ℹ️ ✅ Uniqueness weights computed. Mean: 1.0000, Min: 0.4375, Max: 1.3125 SUCCESS
[I 2025-12-14 12:18:29,301] Trial 568 finished with value: -0.006462895303302591 and parameters: {'trail_distance_atr_mult': 1.4967924287378032}. Best is trial 126 with value: -0.000363295272717509.
[2025-12-14 12:18:30.683] ⚖️ Computing uniqueness weights for 9018 events... INFO
2025-12-14 12:18:30,683 - System.tprint - INFO - ℹ️ ⚖️ Computing uniqueness weights for 9018 events... INFO
[2025-12-14 12:18:30.694] ✅ Uniqueness weights computed. Mean: 1.0000, Min: 0.4377, Max: 1.3130 SUCCESS
2025-12-14 12:18:30,694 - System.tprint - INFO - ℹ️ ✅ Uniqueness weights computed. Mean: 1.0000, Min: 0.4377, Max: 1.3130 SUCCESS
[I 2025-12-14 12:18:31,569] Trial 569 finished with value: -0.006899456159914024 and parameters: {'trail_distance_atr_mult': 1.7081733358122924}. Best is trial 126 with value: -0.000363295272717509.
[2025-12-14 12:18:32.937] ⚖️ Computing uniqueness weights for 9018 events... INFO
2025-12-14 12:18:32,937 - System.tprint - INFO - ℹ️ ⚖️ Computing uniqueness weights for 9018 events... INFO
[2025-12-14 12:18:32.948] ✅ Uniqueness weights computed. Mean: 1.0000, Min: 0.4375, Max: 1.3125 SUCCESS
2025-12-14 12:18:32,948 - System.tprint - INFO - ℹ️ ✅ Uniqueness weights computed. Mean: 1.0000, Min: 0.4375, Max: 1.3125 SUCCESS
[I 2025-12-14 12:18:33,829] Trial 570 finished with value: -0.0040142172299630656 and parameters: {'trail_distance_atr_mult': 1.4098834901604593}. Best is trial 126 with value: -0.000363295272717509.
[2025-12-14 12:18:35.204] ⚖️ Computing uniqueness weights for 9018 events... INFO
2025-12-14 12:18:35,204 - System.tprint - INFO - ℹ️ ⚖️ Computing uniqueness weights for 9018 events... INFO
[2025-12-14 12:18:35.215] ✅ Uniqueness weights computed. Mean: 1.0000, Min: 0.4376, Max: 1.3127 SUCCESS
2025-12-14 12:18:35,215 - System.tprint - INFO - ℹ️ ✅ Uniqueness weights computed. Mean: 1.0000, Min: 0.4376, Max: 1.3127 SUCCESS
[I 2025-12-14 12:18:36,097] Trial 571 finished with value: -0.002270774220569455 and parameters: {'trail_distance_atr_mult': 1.5944544297635863}. Best is trial 126 with value: -0.000363295272717509.
[2025-12-14 12:18:37.557] ⚖️ Computing uniqueness weights for 9018 events... INFO
2025-12-14 12:18:37,557 - System.tprint - INFO - ℹ️ ⚖️ Computing uniqueness weights for 9018 events... INFO
[2025-12-14 12:18:37.570] ✅ Uniqueness weights computed. Mean: 1.0000, Min: 0.4377, Max: 1.3131 SUCCESS
2025-12-14 12:18:37,570 - System.tprint - INFO - ℹ️ ✅ Uniqueness weights computed. Mean: 1.0000, Min: 0.4377, Max: 1.3131 SUCCESS
[I 2025-12-14 12:18:38,436] Trial 572 finished with value: -0.005791477652139407 and parameters: {'trail_distance_atr_mult': 1.8359872567110407}. Best is trial 126 with value: -0.000363295272717509.
[2025-12-14 12:18:39.810] ⚖️ Computing uniqueness weights for 9018 events... INFO
2025-12-14 12:18:39,810 - System.tprint - INFO - ℹ️ ⚖️ Computing uniqueness weights for 9018 events... INFO
[2025-12-14 12:18:39.822] ✅ Uniqueness weights computed. Mean: 1.0000, Min: 0.4376, Max: 1.3127 SUCCESS
2025-12-14 12:18:39,822 - System.tprint - INFO - ℹ️ ✅ Uniqueness weights computed. Mean: 1.0000, Min: 0.4376, Max: 1.3127 SUCCESS
[I 2025-12-14 12:18:40,703] Trial 573 finished with value: -0.0022708118021477043 and parameters: {'trail_distance_atr_mult': 1.5865947203791118}. Best is trial 126 with value: -0.000363295272717509.
[2025-12-14 12:18:42.080] ⚖️ Computing uniqueness weights for 9018 events... INFO
2025-12-14 12:18:42,080 - System.tprint - INFO - ℹ️ ⚖️ Computing uniqueness weights for 9018 events... INFO
[2025-12-14 12:18:42.092] ✅ Uniqueness weights computed. Mean: 1.0000, Min: 0.4376, Max: 1.3127 SUCCESS
2025-12-14 12:18:42,092 - System.tprint - INFO - ℹ️ ✅ Uniqueness weights computed. Mean: 1.0000, Min: 0.4376, Max: 1.3127 SUCCESS
[I 2025-12-14 12:18:43,044] Trial 574 finished with value: -0.0031722709661623012 and parameters: {'trail_distance_atr_mult': 1.6062048908427586}. Best is trial 126 with value: -0.000363295272717509.
[2025-12-14 12:18:44.419] ⚖️ Computing uniqueness weights for 9018 events... INFO
2025-12-14 12:18:44,419 - System.tprint - INFO - ℹ️ ⚖️ Computing uniqueness weights for 9018 events... INFO
[2025-12-14 12:18:44.430] ✅ Uniqueness weights computed. Mean: 1.0000, Min: 0.4376, Max: 1.3127 SUCCESS
2025-12-14 12:18:44,430 - System.tprint - INFO - ℹ️ ✅ Uniqueness weights computed. Mean: 1.0000, Min: 0.4376, Max: 1.3127 SUCCESS
[I 2025-12-14 12:18:45,307] Trial 575 finished with value: -0.002270795318370446 and parameters: {'trail_distance_atr_mult': 1.5899966967118995}. Best is trial 126 with value: -0.000363295272717509.
[2025-12-14 12:18:46.736] ⚖️ Computing uniqueness weights for 9018 events... INFO
2025-12-14 12:18:46,736 - System.tprint - INFO - ℹ️ ⚖️ Computing uniqueness weights for 9018 events... INFO
[2025-12-14 12:18:46.747] ✅ Uniqueness weights computed. Mean: 1.0000, Min: 0.4376, Max: 1.3128 SUCCESS
2025-12-14 12:18:46,747 - System.tprint - INFO - ℹ️ ✅ Uniqueness weights computed. Mean: 1.0000, Min: 0.4376, Max: 1.3128 SUCCESS
[I 2025-12-14 12:18:47,618] Trial 576 finished with value: -0.005991601344307986 and parameters: {'trail_distance_atr_mult': 1.6396120991264087}. Best is trial 126 with value: -0.000363295272717509.
[2025-12-14 12:18:49.058] ⚖️ Computing uniqueness weights for 9018 events... INFO
2025-12-14 12:18:49,058 - System.tprint - INFO - ℹ️ ⚖️ Computing uniqueness weights for 9018 events... INFO
[2025-12-14 12:18:49.069] ✅ Uniqueness weights computed. Mean: 1.0000, Min: 0.4376, Max: 1.3128 SUCCESS
2025-12-14 12:18:49,069 - System.tprint - INFO - ℹ️ ✅ Uniqueness weights computed. Mean: 1.0000, Min: 0.4376, Max: 1.3128 SUCCESS
[I 2025-12-14 12:18:49,960] Trial 577 finished with value: -0.0057116076472472615 and parameters: {'trail_distance_atr_mult': 1.6280286435409483}. Best is trial 126 with value: -0.000363295272717509.
[2025-12-14 12:18:51.366] ⚖️ Computing uniqueness weights for 9018 events... INFO
2025-12-14 12:18:51,367 - System.tprint - INFO - ℹ️ ⚖️ Computing uniqueness weights for 9018 events... INFO
[2025-12-14 12:18:51.378] ✅ Uniqueness weights computed. Mean: 1.0000, Min: 0.4375, Max: 1.3125 SUCCESS
2025-12-14 12:18:51,378 - System.tprint - INFO - ℹ️ ✅ Uniqueness weights computed. Mean: 1.0000, Min: 0.4375, Max: 1.3125 SUCCESS
[I 2025-12-14 12:18:52,263] Trial 578 finished with value: -0.003949351440667401 and parameters: {'trail_distance_atr_mult': 1.4284350092775717}. Best is trial 126 with value: -0.000363295272717509.
[2025-12-14 12:18:53.646] ⚖️ Computing uniqueness weights for 9018 events... INFO
2025-12-14 12:18:53,646 - System.tprint - INFO - ℹ️ ⚖️ Computing uniqueness weights for 9018 events... INFO
[2025-12-14 12:18:53.658] ✅ Uniqueness weights computed. Mean: 1.0000, Min: 0.4377, Max: 1.3131 SUCCESS
2025-12-14 12:18:53,658 - System.tprint - INFO - ℹ️ ✅ Uniqueness weights computed. Mean: 1.0000, Min: 0.4377, Max: 1.3131 SUCCESS
[I 2025-12-14 12:18:54,530] Trial 579 finished with value: -0.005791471297676499 and parameters: {'trail_distance_atr_mult': 1.8364674690653198}. Best is trial 126 with value: -0.000363295272717509.
[2025-12-14 12:18:55.924] ⚖️ Computing uniqueness weights for 9018 events... INFO
2025-12-14 12:18:55,924 - System.tprint - INFO - ℹ️ ⚖️ Computing uniqueness weights for 9018 events... INFO
[2025-12-14 12:18:55.935] ✅ Uniqueness weights computed. Mean: 1.0000, Min: 0.4376, Max: 1.3127 SUCCESS
2025-12-14 12:18:55,935 - System.tprint - INFO - ℹ️ ✅ Uniqueness weights computed. Mean: 1.0000, Min: 0.4376, Max: 1.3127 SUCCESS
[I 2025-12-14 12:18:56,817] Trial 580 finished with value: -0.0031722707962491903 and parameters: {'trail_distance_atr_mult': 1.604337862211844}. Best is trial 126 with value: -0.000363295272717509.
[2025-12-14 12:18:58.208] ⚖️ Computing uniqueness weights for 9018 events... INFO
2025-12-14 12:18:58,208 - System.tprint - INFO - ℹ️ ⚖️ Computing uniqueness weights for 9018 events... INFO
[2025-12-14 12:18:58.219] ✅ Uniqueness weights computed. Mean: 1.0000, Min: 0.4375, Max: 1.3125 SUCCESS
2025-12-14 12:18:58,219 - System.tprint - INFO - ℹ️ ✅ Uniqueness weights computed. Mean: 1.0000, Min: 0.4375, Max: 1.3125 SUCCESS
[I 2025-12-14 12:18:59,227] Trial 581 finished with value: -0.006658978900988099 and parameters: {'trail_distance_atr_mult': 1.5051927383203465}. Best is trial 126 with value: -0.000363295272717509.
[2025-12-14 12:19:00.676] ⚖️ Computing uniqueness weights for 9018 events... INFO
2025-12-14 12:19:00,677 - System.tprint - INFO - ℹ️ ⚖️ Computing uniqueness weights for 9018 events... INFO
[2025-12-14 12:19:00.688] ✅ Uniqueness weights computed. Mean: 1.0000, Min: 0.4375, Max: 1.3126 SUCCESS
2025-12-14 12:19:00,688 - System.tprint - INFO - ℹ️ ✅ Uniqueness weights computed. Mean: 1.0000, Min: 0.4375, Max: 1.3126 SUCCESS
[I 2025-12-14 12:19:01,583] Trial 582 finished with value: -0.002270935922170093 and parameters: {'trail_distance_atr_mult': 1.5629190922142042}. Best is trial 126 with value: -0.000363295272717509.
[2025-12-14 12:19:03.207] ⚖️ Computing uniqueness weights for 9018 events... INFO
2025-12-14 12:19:03,207 - System.tprint - INFO - ℹ️ ⚖️ Computing uniqueness weights for 9018 events... INFO
[2025-12-14 12:19:03.219] ✅ Uniqueness weights computed. Mean: 1.0000, Min: 0.4375, Max: 1.3124 SUCCESS
2025-12-14 12:19:03,219 - System.tprint - INFO - ℹ️ ✅ Uniqueness weights computed. Mean: 1.0000, Min: 0.4375, Max: 1.3124 SUCCESS
[I 2025-12-14 12:19:04,088] Trial 583 finished with value: -0.0032373668952467597 and parameters: {'trail_distance_atr_mult': 1.3474228477544132}. Best is trial 126 with value: -0.000363295272717509.
[2025-12-14 12:19:05.480] ⚖️ Computing uniqueness weights for 9018 events... INFO
2025-12-14 12:19:05,480 - System.tprint - INFO - ℹ️ ⚖️ Computing uniqueness weights for 9018 events... INFO
[2025-12-14 12:19:05.491] ✅ Uniqueness weights computed. Mean: 1.0000, Min: 0.4377, Max: 1.3130 SUCCESS
2025-12-14 12:19:05,491 - System.tprint - INFO - ℹ️ ✅ Uniqueness weights computed. Mean: 1.0000, Min: 0.4377, Max: 1.3130 SUCCESS
[I 2025-12-14 12:19:06,367] Trial 584 finished with value: -0.0049078714418139945 and parameters: {'trail_distance_atr_mult': 1.70180049133917}. Best is trial 126 with value: -0.000363295272717509.
[2025-12-14 12:19:07.760] ⚖️ Computing uniqueness weights for 9018 events... INFO
2025-12-14 12:19:07,760 - System.tprint - INFO - ℹ️ ⚖️ Computing uniqueness weights for 9018 events... INFO
[2025-12-14 12:19:07.771] ✅ Uniqueness weights computed. Mean: 1.0000, Min: 0.4375, Max: 1.3124 SUCCESS
2025-12-14 12:19:07,771 - System.tprint - INFO - ℹ️ ✅ Uniqueness weights computed. Mean: 1.0000, Min: 0.4375, Max: 1.3124 SUCCESS
[I 2025-12-14 12:19:08,733] Trial 585 finished with value: -0.003237366841380382 and parameters: {'trail_distance_atr_mult': 1.3470028671467478}. Best is trial 126 with value: -0.000363295272717509.
[2025-12-14 12:19:10.124] ⚖️ Computing uniqueness weights for 9018 events... INFO
2025-12-14 12:19:10,124 - System.tprint - INFO - ℹ️ ⚖️ Computing uniqueness weights for 9018 events... INFO
[2025-12-14 12:19:10.137] ✅ Uniqueness weights computed. Mean: 1.0000, Min: 0.4376, Max: 1.3128 SUCCESS
2025-12-14 12:19:10,137 - System.tprint - INFO - ℹ️ ✅ Uniqueness weights computed. Mean: 1.0000, Min: 0.4376, Max: 1.3128 SUCCESS
[I 2025-12-14 12:19:11,021] Trial 586 finished with value: -0.005991523313592054 and parameters: {'trail_distance_atr_mult': 1.6372450490024375}. Best is trial 126 with value: -0.000363295272717509.
[2025-12-14 12:19:12.437] ⚖️ Computing uniqueness weights for 9018 events... INFO
2025-12-14 12:19:12,437 - System.tprint - INFO - ℹ️ ⚖️ Computing uniqueness weights for 9018 events... INFO
[2025-12-14 12:19:12.449] ✅ Uniqueness weights computed. Mean: 1.0000, Min: 0.4375, Max: 1.3126 SUCCESS
2025-12-14 12:19:12,449 - System.tprint - INFO - ℹ️ ✅ Uniqueness weights computed. Mean: 1.0000, Min: 0.4375, Max: 1.3126 SUCCESS
[I 2025-12-14 12:19:13,342] Trial 587 finished with value: -0.002270880422972911 and parameters: {'trail_distance_atr_mult': 1.5730850193167103}. Best is trial 126 with value: -0.000363295272717509.
[2025-12-14 12:19:14.790] ⚖️ Computing uniqueness weights for 9018 events... INFO
2025-12-14 12:19:14,790 - System.tprint - INFO - ℹ️ ⚖️ Computing uniqueness weights for 9018 events... INFO
[2025-12-14 12:19:14.801] ✅ Uniqueness weights computed. Mean: 1.0000, Min: 0.4376, Max: 1.3127 SUCCESS
2025-12-14 12:19:14,801 - System.tprint - INFO - ℹ️ ✅ Uniqueness weights computed. Mean: 1.0000, Min: 0.4376, Max: 1.3127 SUCCESS
[I 2025-12-14 12:19:15,684] Trial 588 finished with value: -0.002457052448180238 and parameters: {'trail_distance_atr_mult': 1.5974632093868684}. Best is trial 126 with value: -0.000363295272717509.
[2025-12-14 12:19:17.064] ⚖️ Computing uniqueness weights for 9018 events... INFO
2025-12-14 12:19:17,064 - System.tprint - INFO - ℹ️ ⚖️ Computing uniqueness weights for 9018 events... INFO
[2025-12-14 12:19:17.076] ✅ Uniqueness weights computed. Mean: 1.0000, Min: 0.4375, Max: 1.3126 SUCCESS
2025-12-14 12:19:17,076 - System.tprint - INFO - ℹ️ ✅ Uniqueness weights computed. Mean: 1.0000, Min: 0.4375, Max: 1.3126 SUCCESS
[I 2025-12-14 12:19:17,954] Trial 589 finished with value: -0.003326623514456804 and parameters: {'trail_distance_atr_mult': 1.5143402208586108}. Best is trial 126 with value: -0.000363295272717509.
[2025-12-14 12:19:19.325] ⚖️ Computing uniqueness weights for 9018 events... INFO
2025-12-14 12:19:19,326 - System.tprint - INFO - ℹ️ ⚖️ Computing uniqueness weights for 9018 events... INFO
[2025-12-14 12:19:19.337] ✅ Uniqueness weights computed. Mean: 1.0000, Min: 0.4377, Max: 1.3130 SUCCESS
2025-12-14 12:19:19,337 - System.tprint - INFO - ℹ️ ✅ Uniqueness weights computed. Mean: 1.0000, Min: 0.4377, Max: 1.3130 SUCCESS
[I 2025-12-14 12:19:20,308] Trial 590 finished with value: -0.006899468270249452 and parameters: {'trail_distance_atr_mult': 1.7073397472872534}. Best is trial 126 with value: -0.000363295272717509.
[2025-12-14 12:19:21.688] ⚖️ Computing uniqueness weights for 9018 events... INFO
2025-12-14 12:19:21,688 - System.tprint - INFO - ℹ️ ⚖️ Computing uniqueness weights for 9018 events... INFO
[2025-12-14 12:19:21.699] ✅ Uniqueness weights computed. Mean: 1.0000, Min: 0.4375, Max: 1.3125 SUCCESS
2025-12-14 12:19:21,700 - System.tprint - INFO - ℹ️ ✅ Uniqueness weights computed. Mean: 1.0000, Min: 0.4375, Max: 1.3125 SUCCESS
[I 2025-12-14 12:19:22,578] Trial 591 finished with value: -0.004401978384437136 and parameters: {'trail_distance_atr_mult': 1.3976958004184892}. Best is trial 126 with value: -0.000363295272717509.
[2025-12-14 12:19:23.950] ⚖️ Computing uniqueness weights for 9018 events... INFO
2025-12-14 12:19:23,950 - System.tprint - INFO - ℹ️ ⚖️ Computing uniqueness weights for 9018 events... INFO
[2025-12-14 12:19:23.961] ✅ Uniqueness weights computed. Mean: 1.0000, Min: 0.4375, Max: 1.3126 SUCCESS
2025-12-14 12:19:23,961 - System.tprint - INFO - ℹ️ ✅ Uniqueness weights computed. Mean: 1.0000, Min: 0.4375, Max: 1.3126 SUCCESS
[I 2025-12-14 12:19:24,839] Trial 592 finished with value: -0.0022708876221404447 and parameters: {'trail_distance_atr_mult': 1.5717298792300416}. Best is trial 126 with value: -0.000363295272717509.
[2025-12-14 12:19:26.235] ⚖️ Computing uniqueness weights for 9018 events... INFO
2025-12-14 12:19:26,235 - System.tprint - INFO - ℹ️ ⚖️ Computing uniqueness weights for 9018 events... INFO
[2025-12-14 12:19:26.246] ✅ Uniqueness weights computed. Mean: 1.0000, Min: 0.4376, Max: 1.3127 SUCCESS
2025-12-14 12:19:26,246 - System.tprint - INFO - ℹ️ ✅ Uniqueness weights computed. Mean: 1.0000, Min: 0.4376, Max: 1.3127 SUCCESS
[I 2025-12-14 12:19:27,166] Trial 593 finished with value: -0.004195662889875088 and parameters: {'trail_distance_atr_mult': 1.6114526031494916}. Best is trial 126 with value: -0.000363295272717509.
[2025-12-14 12:19:28.554] ⚖️ Computing uniqueness weights for 9018 events... INFO
2025-12-14 12:19:28,554 - System.tprint - INFO - ℹ️ ⚖️ Computing uniqueness weights for 9018 events... INFO
[2025-12-14 12:19:28.565] ✅ Uniqueness weights computed. Mean: 1.0000, Min: 0.4375, Max: 1.3126 SUCCESS
2025-12-14 12:19:28,565 - System.tprint - INFO - ℹ️ ✅ Uniqueness weights computed. Mean: 1.0000, Min: 0.4375, Max: 1.3126 SUCCESS
