[I 2025-12-14 12:48:48,965] Trial 1364 finished with value: -0.0016006573038881775 and parameters: {'trail_distance_atr_mult': 1.0820562752236698}. Best is trial 126 with value: -0.000363295272717509.
[2025-12-14 12:48:50.164] ⚖️ Computing uniqueness weights for 9018 events... INFO
2025-12-14 12:48:50,164 - System.tprint - INFO - ℹ️ ⚖️ Computing uniqueness weights for 9018 events... INFO
[2025-12-14 12:48:50.174] ✅ Uniqueness weights computed. Mean: 1.0000, Min: 0.4372, Max: 1.3117 SUCCESS
2025-12-14 12:48:50,174 - System.tprint - INFO - ℹ️ ✅ Uniqueness weights computed. Mean: 1.0000, Min: 0.4372, Max: 1.3117 SUCCESS
[I 2025-12-14 12:48:50,820] Trial 1365 finished with value: -0.006747761668602601 and parameters: {'trail_distance_atr_mult': 0.7638825442546564}. Best is trial 126 with value: -0.000363295272717509.
[2025-12-14 12:48:52.031] ⚖️ Computing uniqueness weights for 9018 events... INFO
2025-12-14 12:48:52,031 - System.tprint - INFO - ℹ️ ⚖️ Computing uniqueness weights for 9018 events... INFO
[2025-12-14 12:48:52.041] ✅ Uniqueness weights computed. Mean: 1.0000, Min: 0.4373, Max: 1.3120 SUCCESS
2025-12-14 12:48:52,041 - System.tprint - INFO - ℹ️ ✅ Uniqueness weights computed. Mean: 1.0000, Min: 0.4373, Max: 1.3120 SUCCESS
[I 2025-12-14 12:48:52,679] Trial 1366 finished with value: -0.007527265953375759 and parameters: {'trail_distance_atr_mult': 1.0708079708872167}. Best is trial 126 with value: -0.000363295272717509.
[2025-12-14 12:48:53.867] ⚖️ Computing uniqueness weights for 9018 events... INFO
2025-12-14 12:48:53,868 - System.tprint - INFO - ℹ️ ⚖️ Computing uniqueness weights for 9018 events... INFO
[2025-12-14 12:48:53.877] ✅ Uniqueness weights computed. Mean: 1.0000, Min: 0.4373, Max: 1.3118 SUCCESS
2025-12-14 12:48:53,877 - System.tprint - INFO - ℹ️ ✅ Uniqueness weights computed. Mean: 1.0000, Min: 0.4373, Max: 1.3118 SUCCESS
[I 2025-12-14 12:48:54,515] Trial 1367 finished with value: -0.006888956429257181 and parameters: {'trail_distance_atr_mult': 0.9206629049910153}. Best is trial 126 with value: -0.000363295272717509.
[2025-12-14 12:48:55.709] ⚖️ Computing uniqueness weights for 9018 events... INFO
2025-12-14 12:48:55,710 - System.tprint - INFO - ℹ️ ⚖️ Computing uniqueness weights for 9018 events... INFO
[2025-12-14 12:48:55.719] ✅ Uniqueness weights computed. Mean: 1.0000, Min: 0.4373, Max: 1.3120 SUCCESS
2025-12-14 12:48:55,720 - System.tprint - INFO - ℹ️ ✅ Uniqueness weights computed. Mean: 1.0000, Min: 0.4373, Max: 1.3120 SUCCESS
[I 2025-12-14 12:48:56,384] Trial 1368 finished with value: -0.007527255811845589 and parameters: {'trail_distance_atr_mult': 1.062555684565203}. Best is trial 126 with value: -0.000363295272717509.
[2025-12-14 12:48:57.587] ⚖️ Computing uniqueness weights for 9018 events... INFO
2025-12-14 12:48:57,587 - System.tprint - INFO - ℹ️ ⚖️ Computing uniqueness weights for 9018 events... INFO
[2025-12-14 12:48:57.597] ✅ Uniqueness weights computed. Mean: 1.0000, Min: 0.4373, Max: 1.3120 SUCCESS
2025-12-14 12:48:57,597 - System.tprint - INFO - ℹ️ ✅ Uniqueness weights computed. Mean: 1.0000, Min: 0.4373, Max: 1.3120 SUCCESS
[I 2025-12-14 12:48:58,229] Trial 1369 finished with value: -0.007527263053732107 and parameters: {'trail_distance_atr_mult': 1.0685489143884725}. Best is trial 126 with value: -0.000363295272717509.
[2025-12-14 12:48:59.443] ⚖️ Computing uniqueness weights for 9018 events... INFO
2025-12-14 12:48:59,443 - System.tprint - INFO - ℹ️ ⚖️ Computing uniqueness weights for 9018 events... INFO
[2025-12-14 12:48:59.455] ✅ Uniqueness weights computed. Mean: 1.0000, Min: 0.4373, Max: 1.3120 SUCCESS
2025-12-14 12:48:59,455 - System.tprint - INFO - ℹ️ ✅ Uniqueness weights computed. Mean: 1.0000, Min: 0.4373, Max: 1.3120 SUCCESS
[I 2025-12-14 12:49:00,193] Trial 1370 finished with value: -0.007527258355980704 and parameters: {'trail_distance_atr_mult': 1.0646342890855327}. Best is trial 126 with value: -0.000363295272717509.
[2025-12-14 12:49:01.393] ⚖️ Computing uniqueness weights for 9018 events... INFO
2025-12-14 12:49:01,393 - System.tprint - INFO - ℹ️ ⚖️ Computing uniqueness weights for 9018 events... INFO
[2025-12-14 12:49:01.403] ✅ Uniqueness weights computed. Mean: 1.0000, Min: 0.4373, Max: 1.3118 SUCCESS
2025-12-14 12:49:01,403 - System.tprint - INFO - ℹ️ ✅ Uniqueness weights computed. Mean: 1.0000, Min: 0.4373, Max: 1.3118 SUCCESS
[I 2025-12-14 12:49:02,163] Trial 1371 finished with value: -0.006681177852675275 and parameters: {'trail_distance_atr_mult': 0.8633286893449407}. Best is trial 126 with value: -0.000363295272717509.
[2025-12-14 12:49:03.770] ⚖️ Computing uniqueness weights for 9018 events... INFO
2025-12-14 12:49:03,770 - System.tprint - INFO - ℹ️ ⚖️ Computing uniqueness weights for 9018 events... INFO
[2025-12-14 12:49:03.784] ✅ Uniqueness weights computed. Mean: 1.0000, Min: 0.4373, Max: 1.3120 SUCCESS
2025-12-14 12:49:03,784 - System.tprint - INFO - ℹ️ ✅ Uniqueness weights computed. Mean: 1.0000, Min: 0.4373, Max: 1.3120 SUCCESS
[I 2025-12-14 12:49:05,675] Trial 1372 finished with value: -0.0075272665051317415 and parameters: {'trail_distance_atr_mult': 1.0713057421882952}. Best is trial 126 with value: -0.000363295272717509.
[2025-12-14 12:49:07.458] ⚖️ Computing uniqueness weights for 9018 events... INFO
2025-12-14 12:49:07,458 - System.tprint - INFO - ℹ️ ⚖️ Computing uniqueness weights for 9018 events... INFO
[2025-12-14 12:49:07.470] ✅ Uniqueness weights computed. Mean: 1.0000, Min: 0.4373, Max: 1.3120 SUCCESS
2025-12-14 12:49:07,470 - System.tprint - INFO - ℹ️ ✅ Uniqueness weights computed. Mean: 1.0000, Min: 0.4373, Max: 1.3120 SUCCESS
[I 2025-12-14 12:49:08,325] Trial 1373 finished with value: -0.000813861551592977 and parameters: {'trail_distance_atr_mult': 1.0947100391717968}. Best is trial 126 with value: -0.000363295272717509.
[2025-12-14 12:49:09.813] ⚖️ Computing uniqueness weights for 9018 events... INFO
2025-12-14 12:49:09,813 - System.tprint - INFO - ℹ️ ⚖️ Computing uniqueness weights for 9018 events... INFO
[2025-12-14 12:49:09.827] ✅ Uniqueness weights computed. Mean: 1.0000, Min: 0.4373, Max: 1.3118 SUCCESS
2025-12-14 12:49:09,827 - System.tprint - INFO - ℹ️ ✅ Uniqueness weights computed. Mean: 1.0000, Min: 0.4373, Max: 1.3118 SUCCESS
[I 2025-12-14 12:49:10,876] Trial 1374 finished with value: -0.006584450819298012 and parameters: {'trail_distance_atr_mult': 0.855711258198262}. Best is trial 126 with value: -0.000363295272717509.
[2025-12-14 12:49:12.715] ⚖️ Computing uniqueness weights for 9018 events... INFO
2025-12-14 12:49:12,715 - System.tprint - INFO - ℹ️ ⚖️ Computing uniqueness weights for 9018 events... INFO
[2025-12-14 12:49:12.729] ✅ Uniqueness weights computed. Mean: 1.0000, Min: 0.4373, Max: 1.3120 SUCCESS
2025-12-14 12:49:12,729 - System.tprint - INFO - ℹ️ ✅ Uniqueness weights computed. Mean: 1.0000, Min: 0.4373, Max: 1.3120 SUCCESS
[I 2025-12-14 12:49:13,823] Trial 1375 finished with value: -0.00752726738061034 and parameters: {'trail_distance_atr_mult': 1.0722002104725719}. Best is trial 126 with value: -0.000363295272717509.
[2025-12-14 12:49:15.505] ⚖️ Computing uniqueness weights for 9018 events... INFO
2025-12-14 12:49:15,505 - System.tprint - INFO - ℹ️ ⚖️ Computing uniqueness weights for 9018 events... INFO
[2025-12-14 12:49:15.519] ✅ Uniqueness weights computed. Mean: 1.0000, Min: 0.4373, Max: 1.3120 SUCCESS
2025-12-14 12:49:15,519 - System.tprint - INFO - ℹ️ ✅ Uniqueness weights computed. Mean: 1.0000, Min: 0.4373, Max: 1.3120 SUCCESS
[I 2025-12-14 12:49:16,619] Trial 1376 finished with value: -0.007582018447278892 and parameters: {'trail_distance_atr_mult': 1.0797072546741642}. Best is trial 126 with value: -0.000363295272717509.
[2025-12-14 12:49:18.347] ⚖️ Computing uniqueness weights for 9018 events... INFO
2025-12-14 12:49:18,347 - System.tprint - INFO - ℹ️ ⚖️ Computing uniqueness weights for 9018 events... INFO
[2025-12-14 12:49:18.361] ✅ Uniqueness weights computed. Mean: 1.0000, Min: 0.4373, Max: 1.3118 SUCCESS
2025-12-14 12:49:18,361 - System.tprint - INFO - ℹ️ ✅ Uniqueness weights computed. Mean: 1.0000, Min: 0.4373, Max: 1.3118 SUCCESS
[I 2025-12-14 12:49:19,308] Trial 1377 finished with value: -0.006721251639721871 and parameters: {'trail_distance_atr_mult': 0.9107918732929647}. Best is trial 126 with value: -0.000363295272717509.
[2025-12-14 12:49:20.509] ⚖️ Computing uniqueness weights for 9018 events... INFO
2025-12-14 12:49:20,509 - System.tprint - INFO - ℹ️ ⚖️ Computing uniqueness weights for 9018 events... INFO
[2025-12-14 12:49:20.520] ✅ Uniqueness weights computed. Mean: 1.0000, Min: 0.4373, Max: 1.3120 SUCCESS
2025-12-14 12:49:20,521 - System.tprint - INFO - ℹ️ ✅ Uniqueness weights computed. Mean: 1.0000, Min: 0.4373, Max: 1.3120 SUCCESS
[I 2025-12-14 12:49:21,162] Trial 1378 finished with value: -0.007527264583857381 and parameters: {'trail_distance_atr_mult': 1.069756162967082}. Best is trial 126 with value: -0.000363295272717509.
[2025-12-14 12:49:22.376] ⚖️ Computing uniqueness weights for 9018 events... INFO
2025-12-14 12:49:22,376 - System.tprint - INFO - ℹ️ ⚖️ Computing uniqueness weights for 9018 events... INFO
[2025-12-14 12:49:22.385] ✅ Uniqueness weights computed. Mean: 1.0000, Min: 0.4373, Max: 1.3120 SUCCESS
2025-12-14 12:49:22,386 - System.tprint - INFO - ℹ️ ✅ Uniqueness weights computed. Mean: 1.0000, Min: 0.4373, Max: 1.3120 SUCCESS
[I 2025-12-14 12:49:23,028] Trial 1379 finished with value: -0.0008138622182194818 and parameters: {'trail_distance_atr_mult': 1.0859607895756258}. Best is trial 126 with value: -0.000363295272717509.
[2025-12-14 12:49:24.223] ⚖️ Computing uniqueness weights for 9018 events... INFO
2025-12-14 12:49:24,223 - System.tprint - INFO - ℹ️ ⚖️ Computing uniqueness weights for 9018 events... INFO
[2025-12-14 12:49:24.233] ✅ Uniqueness weights computed. Mean: 1.0000, Min: 0.4373, Max: 1.3118 SUCCESS
2025-12-14 12:49:24,233 - System.tprint - INFO - ℹ️ ✅ Uniqueness weights computed. Mean: 1.0000, Min: 0.4373, Max: 1.3118 SUCCESS
[I 2025-12-14 12:49:24,867] Trial 1380 finished with value: -0.006716226848198421 and parameters: {'trail_distance_atr_mult': 0.8940980444673134}. Best is trial 126 with value: -0.000363295272717509.
[2025-12-14 12:49:26.051] ⚖️ Computing uniqueness weights for 9018 events... INFO
2025-12-14 12:49:26,051 - System.tprint - INFO - ℹ️ ⚖️ Computing uniqueness weights for 9018 events... INFO
[2025-12-14 12:49:26.061] ✅ Uniqueness weights computed. Mean: 1.0000, Min: 0.4373, Max: 1.3120 SUCCESS
2025-12-14 12:49:26,061 - System.tprint - INFO - ℹ️ ✅ Uniqueness weights computed. Mean: 1.0000, Min: 0.4373, Max: 1.3120 SUCCESS
[I 2025-12-14 12:49:26,699] Trial 1381 finished with value: -0.0008138620018557449 and parameters: {'trail_distance_atr_mult': 1.0887273564432884}. Best is trial 126 with value: -0.000363295272717509.
[2025-12-14 12:49:27.906] ⚖️ Computing uniqueness weights for 9018 events... INFO
2025-12-14 12:49:27,906 - System.tprint - INFO - ℹ️ ⚖️ Computing uniqueness weights for 9018 events... INFO
[2025-12-14 12:49:27.916] ✅ Uniqueness weights computed. Mean: 1.0000, Min: 0.4372, Max: 1.3117 SUCCESS
2025-12-14 12:49:27,916 - System.tprint - INFO - ℹ️ ✅ Uniqueness weights computed. Mean: 1.0000, Min: 0.4372, Max: 1.3117 SUCCESS
[I 2025-12-14 12:49:28,547] Trial 1382 finished with value: -0.007479331783459741 and parameters: {'trail_distance_atr_mult': 0.6907899688030623}. Best is trial 126 with value: -0.000363295272717509.
[2025-12-14 12:49:29.867] ⚖️ Computing uniqueness weights for 9018 events... INFO
2025-12-14 12:49:29,867 - System.tprint - INFO - ℹ️ ⚖️ Computing uniqueness weights for 9018 events... INFO
[2025-12-14 12:49:29.877] ✅ Uniqueness weights computed. Mean: 1.0000, Min: 0.4373, Max: 1.3118 SUCCESS
2025-12-14 12:49:29,878 - System.tprint - INFO - ℹ️ ✅ Uniqueness weights computed. Mean: 1.0000, Min: 0.4373, Max: 1.3118 SUCCESS
[I 2025-12-14 12:49:30,677] Trial 1383 finished with value: -0.006888964604764676 and parameters: {'trail_distance_atr_mult': 0.9253010635944247}. Best is trial 126 with value: -0.000363295272717509.
[2025-12-14 12:49:32.000] ⚖️ Computing uniqueness weights for 9018 events... INFO
2025-12-14 12:49:32,001 - System.tprint - INFO - ℹ️ ⚖️ Computing uniqueness weights for 9018 events... INFO
[2025-12-14 12:49:32.011] ✅ Uniqueness weights computed. Mean: 1.0000, Min: 0.4373, Max: 1.3119 SUCCESS
2025-12-14 12:49:32,011 - System.tprint - INFO - ℹ️ ✅ Uniqueness weights computed. Mean: 1.0000, Min: 0.4373, Max: 1.3119 SUCCESS
[I 2025-12-14 12:49:32,656] Trial 1384 finished with value: -0.0075272346467907 and parameters: {'trail_distance_atr_mult': 1.0451084291477026}. Best is trial 126 with value: -0.000363295272717509.
[2025-12-14 12:49:33.858] ⚖️ Computing uniqueness weights for 9018 events... INFO
2025-12-14 12:49:33,858 - System.tprint - INFO - ℹ️ ⚖️ Computing uniqueness weights for 9018 events... INFO
[2025-12-14 12:49:33.868] ✅ Uniqueness weights computed. Mean: 1.0000, Min: 0.4373, Max: 1.3119 SUCCESS
2025-12-14 12:49:33,869 - System.tprint - INFO - ℹ️ ✅ Uniqueness weights computed. Mean: 1.0000, Min: 0.4373, Max: 1.3119 SUCCESS
[I 2025-12-14 12:49:34,513] Trial 1385 finished with value: -0.007527236184129952 and parameters: {'trail_distance_atr_mult': 1.0463527404449495}. Best is trial 126 with value: -0.000363295272717509.
[2025-12-14 12:49:35.705] ⚖️ Computing uniqueness weights for 9018 events... INFO
2025-12-14 12:49:35,705 - System.tprint - INFO - ℹ️ ⚖️ Computing uniqueness weights for 9018 events... INFO
[2025-12-14 12:49:35.715] ✅ Uniqueness weights computed. Mean: 1.0000, Min: 0.4373, Max: 1.3118 SUCCESS
2025-12-14 12:49:35,715 - System.tprint - INFO - ℹ️ ✅ Uniqueness weights computed. Mean: 1.0000, Min: 0.4373, Max: 1.3118 SUCCESS
[I 2025-12-14 12:49:36,371] Trial 1386 finished with value: -0.006778388426339188 and parameters: {'trail_distance_atr_mult': 0.9305050627704586}. Best is trial 126 with value: -0.000363295272717509.
[2025-12-14 12:49:37.580] ⚖️ Computing uniqueness weights for 9018 events... INFO
2025-12-14 12:49:37,580 - System.tprint - INFO - ℹ️ ⚖️ Computing uniqueness weights for 9018 events... INFO
[2025-12-14 12:49:37.590] ✅ Uniqueness weights computed. Mean: 1.0000, Min: 0.4373, Max: 1.3119 SUCCESS
2025-12-14 12:49:37,590 - System.tprint - INFO - ℹ️ ✅ Uniqueness weights computed. Mean: 1.0000, Min: 0.4373, Max: 1.3119 SUCCESS
[I 2025-12-14 12:49:38,243] Trial 1387 finished with value: -0.006751229367468874 and parameters: {'trail_distance_atr_mult': 1.0008409343552809}. Best is trial 126 with value: -0.000363295272717509.
[2025-12-14 12:49:39.445] ⚖️ Computing uniqueness weights for 9018 events... INFO
2025-12-14 12:49:39,445 - System.tprint - INFO - ℹ️ ⚖️ Computing uniqueness weights for 9018 events... INFO
[2025-12-14 12:49:39.455] ✅ Uniqueness weights computed. Mean: 1.0000, Min: 0.4373, Max: 1.3120 SUCCESS
2025-12-14 12:49:39,455 - System.tprint - INFO - ℹ️ ✅ Uniqueness weights computed. Mean: 1.0000, Min: 0.4373, Max: 1.3120 SUCCESS
[I 2025-12-14 12:49:40,091] Trial 1388 finished with value: -0.007527260161956098 and parameters: {'trail_distance_atr_mult': 1.0661573320644873}. Best is trial 126 with value: -0.000363295272717509.
[2025-12-14 12:49:41.295] ⚖️ Computing uniqueness weights for 9018 events... INFO
2025-12-14 12:49:41,295 - System.tprint - INFO - ℹ️ ⚖️ Computing uniqueness weights for 9018 events... INFO
[2025-12-14 12:49:41.305] ✅ Uniqueness weights computed. Mean: 1.0000, Min: 0.4373, Max: 1.3119 SUCCESS
2025-12-14 12:49:41,305 - System.tprint - INFO - ℹ️ ✅ Uniqueness weights computed. Mean: 1.0000, Min: 0.4373, Max: 1.3119 SUCCESS
[I 2025-12-14 12:49:41,974] Trial 1389 finished with value: -0.007527238741180339 and parameters: {'trail_distance_atr_mult': 1.04855430655855}. Best is trial 126 with value: -0.000363295272717509.
[2025-12-14 12:49:43.179] ⚖️ Computing uniqueness weights for 9018 events... INFO
2025-12-14 12:49:43,180 - System.tprint - INFO - ℹ️ ⚖️ Computing uniqueness weights for 9018 events... INFO
[2025-12-14 12:49:43.189] ✅ Uniqueness weights computed. Mean: 1.0000, Min: 0.4373, Max: 1.3120 SUCCESS
2025-12-14 12:49:43,189 - System.tprint - INFO - ℹ️ ✅ Uniqueness weights computed. Mean: 1.0000, Min: 0.4373, Max: 1.3120 SUCCESS
[I 2025-12-14 12:49:43,826] Trial 1390 finished with value: -0.007527261071507409 and parameters: {'trail_distance_atr_mult': 1.066902627462048}. Best is trial 126 with value: -0.000363295272717509.
[2025-12-14 12:49:45.038] ⚖️ Computing uniqueness weights for 9018 events... INFO
2025-12-14 12:49:45,038 - System.tprint - INFO - ℹ️ ⚖️ Computing uniqueness weights for 9018 events... INFO
[2025-12-14 12:49:45.048] ✅ Uniqueness weights computed. Mean: 1.0000, Min: 0.4373, Max: 1.3120 SUCCESS
2025-12-14 12:49:45,048 - System.tprint - INFO - ℹ️ ✅ Uniqueness weights computed. Mean: 1.0000, Min: 0.4373, Max: 1.3120 SUCCESS
[I 2025-12-14 12:49:45,691] Trial 1391 finished with value: -0.000813861535124176 and parameters: {'trail_distance_atr_mult': 1.0949467920246827}. Best is trial 126 with value: -0.000363295272717509.
[2025-12-14 12:49:46.886] ⚖️ Computing uniqueness weights for 9018 events... INFO
2025-12-14 12:49:46,886 - System.tprint - INFO - ℹ️ ⚖️ Computing uniqueness weights for 9018 events... INFO
[2025-12-14 12:49:46.895] ✅ Uniqueness weights computed. Mean: 1.0000, Min: 0.4373, Max: 1.3118 SUCCESS
2025-12-14 12:49:46,895 - System.tprint - INFO - ℹ️ ✅ Uniqueness weights computed. Mean: 1.0000, Min: 0.4373, Max: 1.3118 SUCCESS
[I 2025-12-14 12:49:47,534] Trial 1392 finished with value: -0.006804524144964415 and parameters: {'trail_distance_atr_mult': 0.8304801094417154}. Best is trial 126 with value: -0.000363295272717509.
[2025-12-14 12:49:48.730] ⚖️ Computing uniqueness weights for 9018 events... INFO
2025-12-14 12:49:48,730 - System.tprint - INFO - ℹ️ ⚖️ Computing uniqueness weights for 9018 events... INFO
[2025-12-14 12:49:48.740] ✅ Uniqueness weights computed. Mean: 1.0000, Min: 0.4373, Max: 1.3120 SUCCESS
2025-12-14 12:49:48,740 - System.tprint - INFO - ℹ️ ✅ Uniqueness weights computed. Mean: 1.0000, Min: 0.4373, Max: 1.3120 SUCCESS
[I 2025-12-14 12:49:49,377] Trial 1393 finished with value: -0.007582018529085918 and parameters: {'trail_distance_atr_mult': 1.0794157832624305}. Best is trial 126 with value: -0.000363295272717509.
[2025-12-14 12:49:50.577] ⚖️ Computing uniqueness weights for 9018 events... INFO
2025-12-14 12:49:50,577 - System.tprint - INFO - ℹ️ ⚖️ Computing uniqueness weights for 9018 events... INFO
[2025-12-14 12:49:50.586] ✅ Uniqueness weights computed. Mean: 1.0000, Min: 0.4373, Max: 1.3118 SUCCESS
2025-12-14 12:49:50,586 - System.tprint - INFO - ℹ️ ✅ Uniqueness weights computed. Mean: 1.0000, Min: 0.4373, Max: 1.3118 SUCCESS
[I 2025-12-14 12:49:51,222] Trial 1394 finished with value: -0.006681078419467572 and parameters: {'trail_distance_atr_mult': 0.892984522255384}. Best is trial 126 with value: -0.000363295272717509.
[2025-12-14 12:49:52.423] ⚖️ Computing uniqueness weights for 9018 events... INFO
2025-12-14 12:49:52,423 - System.tprint - INFO - ℹ️ ⚖️ Computing uniqueness weights for 9018 events... INFO
[2025-12-14 12:49:52.432] ✅ Uniqueness weights computed. Mean: 1.0000, Min: 0.4373, Max: 1.3120 SUCCESS
2025-12-14 12:49:52,432 - System.tprint - INFO - ℹ️ ✅ Uniqueness weights computed. Mean: 1.0000, Min: 0.4373, Max: 1.3120 SUCCESS
[I 2025-12-14 12:49:53,068] Trial 1395 finished with value: -0.007658099808685285 and parameters: {'trail_distance_atr_mult': 1.1080138465756182}. Best is trial 126 with value: -0.000363295272717509.
[2025-12-14 12:49:54.284] ⚖️ Computing uniqueness weights for 9018 events... INFO
2025-12-14 12:49:54,284 - System.tprint - INFO - ℹ️ ⚖️ Computing uniqueness weights for 9018 events... INFO
[2025-12-14 12:49:54.294] ✅ Uniqueness weights computed. Mean: 1.0000, Min: 0.4373, Max: 1.3120 SUCCESS
2025-12-14 12:49:54,294 - System.tprint - INFO - ℹ️ ✅ Uniqueness weights computed. Mean: 1.0000, Min: 0.4373, Max: 1.3120 SUCCESS
[I 2025-12-14 12:49:54,928] Trial 1396 finished with value: -0.0016006571445125774 and parameters: {'trail_distance_atr_mult': 1.0827055659640876}. Best is trial 126 with value: -0.000363295272717509.
[2025-12-14 12:49:56.142] ⚖️ Computing uniqueness weights for 9018 events... INFO
2025-12-14 12:49:56,142 - System.tprint - INFO - ℹ️ ⚖️ Computing uniqueness weights for 9018 events... INFO
[2025-12-14 12:49:56.152] ✅ Uniqueness weights computed. Mean: 1.0000, Min: 0.4373, Max: 1.3118 SUCCESS
2025-12-14 12:49:56,152 - System.tprint - INFO - ℹ️ ✅ Uniqueness weights computed. Mean: 1.0000, Min: 0.4373, Max: 1.3118 SUCCESS
[I 2025-12-14 12:49:56,837] Trial 1397 finished with value: -0.00668113144011157 and parameters: {'trail_distance_atr_mult': 0.8728302758538972}. Best is trial 126 with value: -0.000363295272717509.
[2025-12-14 12:49:58.066] ⚖️ Computing uniqueness weights for 9018 events... INFO
2025-12-14 12:49:58,066 - System.tprint - INFO - ℹ️ ⚖️ Computing uniqueness weights for 9018 events... INFO
[2025-12-14 12:49:58.076] ✅ Uniqueness weights computed. Mean: 1.0000, Min: 0.4373, Max: 1.3119 SUCCESS
2025-12-14 12:49:58,076 - System.tprint - INFO - ℹ️ ✅ Uniqueness weights computed. Mean: 1.0000, Min: 0.4373, Max: 1.3119 SUCCESS
[I 2025-12-14 12:49:58,714] Trial 1398 finished with value: -0.007527246019809928 and parameters: {'trail_distance_atr_mult': 1.0543952625571904}. Best is trial 126 with value: -0.000363295272717509.
[2025-12-14 12:49:59.915] ⚖️ Computing uniqueness weights for 9018 events... INFO
2025-12-14 12:49:59,915 - System.tprint - INFO - ℹ️ ⚖️ Computing uniqueness weights for 9018 events... INFO
[2025-12-14 12:49:59.925] ✅ Uniqueness weights computed. Mean: 1.0000, Min: 0.4373, Max: 1.3120 SUCCESS
2025-12-14 12:49:59,925 - System.tprint - INFO - ℹ️ ✅ Uniqueness weights computed. Mean: 1.0000, Min: 0.4373, Max: 1.3120 SUCCESS
