[I 2025-12-14 12:01:35,122] Trial 174 finished with value: -0.004239075825215682 and parameters: {'trail_distance_atr_mult': 1.6555161919771855}. Best is trial 126 with value: -0.000363295272717509.
[2025-12-14 12:01:36.886] ⚖️ Computing uniqueness weights for 9018 events... INFO
2025-12-14 12:01:36,886 - System.tprint - INFO - ℹ️ ⚖️ Computing uniqueness weights for 9018 events... INFO
[2025-12-14 12:01:36.901] ✅ Uniqueness weights computed. Mean: 1.0000, Min: 0.4375, Max: 1.3126 SUCCESS
2025-12-14 12:01:36,901 - System.tprint - INFO - ℹ️ ✅ Uniqueness weights computed. Mean: 1.0000, Min: 0.4375, Max: 1.3126 SUCCESS
[I 2025-12-14 12:01:38,017] Trial 175 finished with value: -0.002270921135612505 and parameters: {'trail_distance_atr_mult': 1.5655742937814499}. Best is trial 126 with value: -0.000363295272717509.
[2025-12-14 12:01:39.800] ⚖️ Computing uniqueness weights for 9018 events... INFO
2025-12-14 12:01:39,801 - System.tprint - INFO - ℹ️ ⚖️ Computing uniqueness weights for 9018 events... INFO
[2025-12-14 12:01:39.814] ✅ Uniqueness weights computed. Mean: 1.0000, Min: 0.4376, Max: 1.3127 SUCCESS
2025-12-14 12:01:39,814 - System.tprint - INFO - ℹ️ ✅ Uniqueness weights computed. Mean: 1.0000, Min: 0.4376, Max: 1.3127 SUCCESS
[I 2025-12-14 12:01:40,911] Trial 176 finished with value: -0.006464357975392655 and parameters: {'trail_distance_atr_mult': 1.6197694087900323}. Best is trial 126 with value: -0.000363295272717509.
[2025-12-14 12:01:42.711] ⚖️ Computing uniqueness weights for 9018 events... INFO
2025-12-14 12:01:42,712 - System.tprint - INFO - ℹ️ ⚖️ Computing uniqueness weights for 9018 events... INFO
[2025-12-14 12:01:42.726] ✅ Uniqueness weights computed. Mean: 1.0000, Min: 0.4375, Max: 1.3124 SUCCESS
2025-12-14 12:01:42,726 - System.tprint - INFO - ℹ️ ✅ Uniqueness weights computed. Mean: 1.0000, Min: 0.4375, Max: 1.3124 SUCCESS
[I 2025-12-14 12:01:43,875] Trial 177 finished with value: -0.00323736760846796 and parameters: {'trail_distance_atr_mult': 1.3418350083200454}. Best is trial 126 with value: -0.000363295272717509.
[2025-12-14 12:01:47.732] ⚖️ Computing uniqueness weights for 9018 events... INFO
2025-12-14 12:01:47,733 - System.tprint - INFO - ℹ️ ⚖️ Computing uniqueness weights for 9018 events... INFO
[2025-12-14 12:01:47.750] ✅ Uniqueness weights computed. Mean: 1.0000, Min: 0.4377, Max: 1.3130 SUCCESS
2025-12-14 12:01:47,751 - System.tprint - INFO - ℹ️ ✅ Uniqueness weights computed. Mean: 1.0000, Min: 0.4377, Max: 1.3130 SUCCESS
[I 2025-12-14 12:01:48,911] Trial 178 finished with value: -0.0059319282068064 and parameters: {'trail_distance_atr_mult': 1.7678984920151684}. Best is trial 126 with value: -0.000363295272717509.
[2025-12-14 12:01:51.181] ⚖️ Computing uniqueness weights for 9018 events... INFO
2025-12-14 12:01:51,181 - System.tprint - INFO - ℹ️ ⚖️ Computing uniqueness weights for 9018 events... INFO
[2025-12-14 12:01:51.201] ✅ Uniqueness weights computed. Mean: 1.0000, Min: 0.4375, Max: 1.3125 SUCCESS
2025-12-14 12:01:51,201 - System.tprint - INFO - ℹ️ ✅ Uniqueness weights computed. Mean: 1.0000, Min: 0.4375, Max: 1.3125 SUCCESS
[I 2025-12-14 12:01:52,398] Trial 179 finished with value: -0.0029957424333363083 and parameters: {'trail_distance_atr_mult': 1.3757502928119587}. Best is trial 126 with value: -0.000363295272717509.
[2025-12-14 12:01:54.502] ⚖️ Computing uniqueness weights for 9018 events... INFO
2025-12-14 12:01:54,502 - System.tprint - INFO - ℹ️ ⚖️ Computing uniqueness weights for 9018 events... INFO
[2025-12-14 12:01:54.519] ✅ Uniqueness weights computed. Mean: 1.0000, Min: 0.4376, Max: 1.3127 SUCCESS
2025-12-14 12:01:54,519 - System.tprint - INFO - ℹ️ ✅ Uniqueness weights computed. Mean: 1.0000, Min: 0.4376, Max: 1.3127 SUCCESS
[I 2025-12-14 12:01:55,607] Trial 180 finished with value: -0.0022707777274235275 and parameters: {'trail_distance_atr_mult': 1.593709905605709}. Best is trial 126 with value: -0.000363295272717509.
[2025-12-14 12:01:57.773] ⚖️ Computing uniqueness weights for 9018 events... INFO
2025-12-14 12:01:57,773 - System.tprint - INFO - ℹ️ ⚖️ Computing uniqueness weights for 9018 events... INFO
[2025-12-14 12:01:57.788] ✅ Uniqueness weights computed. Mean: 1.0000, Min: 0.4376, Max: 1.3128 SUCCESS
2025-12-14 12:01:57,789 - System.tprint - INFO - ℹ️ ✅ Uniqueness weights computed. Mean: 1.0000, Min: 0.4376, Max: 1.3128 SUCCESS
[I 2025-12-14 12:02:08,709] Trial 181 finished with value: -0.004921825956616152 and parameters: {'trail_distance_atr_mult': 1.6453209954862882}. Best is trial 126 with value: -0.000363295272717509.
[2025-12-14 12:02:11.311] ⚖️ Computing uniqueness weights for 9018 events... INFO
2025-12-14 12:02:11,311 - System.tprint - INFO - ℹ️ ⚖️ Computing uniqueness weights for 9018 events... INFO
[2025-12-14 12:02:11.323] ✅ Uniqueness weights computed. Mean: 1.0000, Min: 0.4375, Max: 1.3126 SUCCESS
2025-12-14 12:02:11,323 - System.tprint - INFO - ℹ️ ✅ Uniqueness weights computed. Mean: 1.0000, Min: 0.4375, Max: 1.3126 SUCCESS
[I 2025-12-14 12:02:20,708] Trial 182 finished with value: -0.003915168237334442 and parameters: {'trail_distance_atr_mult': 1.528268542341883}. Best is trial 126 with value: -0.000363295272717509.
2025-12-14 12:02:22,446 - src.utils.hardware.unified_hardware_manager.HardwarePerformanceMonitor - WARNING - ⚠️ 🚨 ALERT: cpu_usage (100.0) exceeds threshold (95.0)
[2025-12-14 12:02:23.431] ⚖️ Computing uniqueness weights for 9018 events... INFO
2025-12-14 12:02:23,431 - System.tprint - INFO - ℹ️ ⚖️ Computing uniqueness weights for 9018 events... INFO
[2025-12-14 12:02:23.449] ✅ Uniqueness weights computed. Mean: 1.0000, Min: 0.4374, Max: 1.3122 SUCCESS
2025-12-14 12:02:23,449 - System.tprint - INFO - ℹ️ ✅ Uniqueness weights computed. Mean: 1.0000, Min: 0.4374, Max: 1.3122 SUCCESS
[I 2025-12-14 12:02:28,955] Trial 183 finished with value: -0.005810672736967917 and parameters: {'trail_distance_atr_mult': 1.1984644551636174}. Best is trial 126 with value: -0.000363295272717509.
[2025-12-14 12:02:31.431] ⚖️ Computing uniqueness weights for 9018 events... INFO
2025-12-14 12:02:31,431 - System.tprint - INFO - ℹ️ ⚖️ Computing uniqueness weights for 9018 events... INFO
[2025-12-14 12:02:31.449] ✅ Uniqueness weights computed. Mean: 1.0000, Min: 0.4376, Max: 1.3128 SUCCESS
2025-12-14 12:02:31,449 - System.tprint - INFO - ℹ️ ✅ Uniqueness weights computed. Mean: 1.0000, Min: 0.4376, Max: 1.3128 SUCCESS
[I 2025-12-14 12:02:32,544] Trial 184 finished with value: -0.005991635801804723 and parameters: {'trail_distance_atr_mult': 1.6406548482028829}. Best is trial 126 with value: -0.000363295272717509.
[2025-12-14 12:02:34.610] ⚖️ Computing uniqueness weights for 9018 events... INFO
2025-12-14 12:02:34,611 - System.tprint - INFO - ℹ️ ⚖️ Computing uniqueness weights for 9018 events... INFO
[2025-12-14 12:02:34.627] ✅ Uniqueness weights computed. Mean: 1.0000, Min: 0.4375, Max: 1.3125 SUCCESS
2025-12-14 12:02:34,627 - System.tprint - INFO - ℹ️ ✅ Uniqueness weights computed. Mean: 1.0000, Min: 0.4375, Max: 1.3125 SUCCESS
[I 2025-12-14 12:02:35,796] Trial 185 finished with value: -0.0029956666932184437 and parameters: {'trail_distance_atr_mult': 1.3604625018175907}. Best is trial 126 with value: -0.000363295272717509.
[2025-12-14 12:02:38.148] ⚖️ Computing uniqueness weights for 9018 events... INFO
2025-12-14 12:02:38,148 - System.tprint - INFO - ℹ️ ⚖️ Computing uniqueness weights for 9018 events... INFO
[2025-12-14 12:02:38.165] ✅ Uniqueness weights computed. Mean: 1.0000, Min: 0.4377, Max: 1.3131 SUCCESS
2025-12-14 12:02:38,165 - System.tprint - INFO - ℹ️ ✅ Uniqueness weights computed. Mean: 1.0000, Min: 0.4377, Max: 1.3131 SUCCESS
[I 2025-12-14 12:02:39,612] Trial 186 finished with value: -0.006060167051424995 and parameters: {'trail_distance_atr_mult': 1.8684816948582699}. Best is trial 126 with value: -0.000363295272717509.
[2025-12-14 12:02:41.402] ⚖️ Computing uniqueness weights for 9018 events... INFO
2025-12-14 12:02:41,402 - System.tprint - INFO - ℹ️ ⚖️ Computing uniqueness weights for 9018 events... INFO
[2025-12-14 12:02:41.415] ✅ Uniqueness weights computed. Mean: 1.0000, Min: 0.4375, Max: 1.3126 SUCCESS
2025-12-14 12:02:41,415 - System.tprint - INFO - ℹ️ ✅ Uniqueness weights computed. Mean: 1.0000, Min: 0.4375, Max: 1.3126 SUCCESS
[I 2025-12-14 12:02:42,445] Trial 187 finished with value: -0.0022709668036705426 and parameters: {'trail_distance_atr_mult': 1.556036723925039}. Best is trial 126 with value: -0.000363295272717509.
[2025-12-14 12:02:44.377] ⚖️ Computing uniqueness weights for 9018 events... INFO
2025-12-14 12:02:44,378 - System.tprint - INFO - ℹ️ ⚖️ Computing uniqueness weights for 9018 events... INFO
[2025-12-14 12:02:44.390] ✅ Uniqueness weights computed. Mean: 1.0000, Min: 0.4375, Max: 1.3126 SUCCESS
2025-12-14 12:02:44,390 - System.tprint - INFO - ℹ️ ✅ Uniqueness weights computed. Mean: 1.0000, Min: 0.4375, Max: 1.3126 SUCCESS
[I 2025-12-14 12:02:45,397] Trial 188 finished with value: -0.002875565350466122 and parameters: {'trail_distance_atr_mult': 1.5448218449779203}. Best is trial 126 with value: -0.000363295272717509.
[2025-12-14 12:02:47.199] ⚖️ Computing uniqueness weights for 9018 events... INFO
2025-12-14 12:02:47,200 - System.tprint - INFO - ℹ️ ⚖️ Computing uniqueness weights for 9018 events... INFO
[2025-12-14 12:02:47.213] ✅ Uniqueness weights computed. Mean: 1.0000, Min: 0.4376, Max: 1.3127 SUCCESS
2025-12-14 12:02:47,213 - System.tprint - INFO - ℹ️ ✅ Uniqueness weights computed. Mean: 1.0000, Min: 0.4376, Max: 1.3127 SUCCESS
[I 2025-12-14 12:02:48,254] Trial 189 finished with value: -0.00227077959395758 and parameters: {'trail_distance_atr_mult': 1.5933098305608233}. Best is trial 126 with value: -0.000363295272717509.
[2025-12-14 12:02:50.013] ⚖️ Computing uniqueness weights for 9018 events... INFO
2025-12-14 12:02:50,013 - System.tprint - INFO - ℹ️ ⚖️ Computing uniqueness weights for 9018 events... INFO
[2025-12-14 12:02:50.031] ✅ Uniqueness weights computed. Mean: 1.0000, Min: 0.4376, Max: 1.3129 SUCCESS
2025-12-14 12:02:50,031 - System.tprint - INFO - ℹ️ ✅ Uniqueness weights computed. Mean: 1.0000, Min: 0.4376, Max: 1.3129 SUCCESS
[I 2025-12-14 12:02:51,105] Trial 190 finished with value: -0.005157997083692677 and parameters: {'trail_distance_atr_mult': 1.684236911378997}. Best is trial 126 with value: -0.000363295272717509.
[2025-12-14 12:02:52.794] ⚖️ Computing uniqueness weights for 9018 events... INFO
2025-12-14 12:02:52,794 - System.tprint - INFO - ℹ️ ⚖️ Computing uniqueness weights for 9018 events... INFO
[2025-12-14 12:02:52.807] ✅ Uniqueness weights computed. Mean: 1.0000, Min: 0.4377, Max: 1.3130 SUCCESS
2025-12-14 12:02:52,807 - System.tprint - INFO - ℹ️ ✅ Uniqueness weights computed. Mean: 1.0000, Min: 0.4377, Max: 1.3130 SUCCESS
[I 2025-12-14 12:02:53,908] Trial 191 finished with value: -0.006820283853190151 and parameters: {'trail_distance_atr_mult': 1.7167168870983491}. Best is trial 126 with value: -0.000363295272717509.
[2025-12-14 12:02:55.614] ⚖️ Computing uniqueness weights for 9018 events... INFO
2025-12-14 12:02:55,614 - System.tprint - INFO - ℹ️ ⚖️ Computing uniqueness weights for 9018 events... INFO
[2025-12-14 12:02:55.627] ✅ Uniqueness weights computed. Mean: 1.0000, Min: 0.4376, Max: 1.3127 SUCCESS
2025-12-14 12:02:55,627 - System.tprint - INFO - ℹ️ ✅ Uniqueness weights computed. Mean: 1.0000, Min: 0.4376, Max: 1.3127 SUCCESS
[I 2025-12-14 12:02:56,662] Trial 192 finished with value: -0.0031722717254317285 and parameters: {'trail_distance_atr_mult': 1.600140020184654}. Best is trial 126 with value: -0.000363295272717509.
[2025-12-14 12:02:58.330] ⚖️ Computing uniqueness weights for 9018 events... INFO
2025-12-14 12:02:58,330 - System.tprint - INFO - ℹ️ ⚖️ Computing uniqueness weights for 9018 events... INFO
[2025-12-14 12:02:58.343] ✅ Uniqueness weights computed. Mean: 1.0000, Min: 0.4375, Max: 1.3126 SUCCESS
2025-12-14 12:02:58,343 - System.tprint - INFO - ℹ️ ✅ Uniqueness weights computed. Mean: 1.0000, Min: 0.4375, Max: 1.3126 SUCCESS
[I 2025-12-14 12:02:59,725] Trial 193 finished with value: -0.0022709675176503176 and parameters: {'trail_distance_atr_mult': 1.5549928634766448}. Best is trial 126 with value: -0.000363295272717509.
[2025-12-14 12:03:01.493] ⚖️ Computing uniqueness weights for 9018 events... INFO
2025-12-14 12:03:01,493 - System.tprint - INFO - ℹ️ ⚖️ Computing uniqueness weights for 9018 events... INFO
[2025-12-14 12:03:01.507] ✅ Uniqueness weights computed. Mean: 1.0000, Min: 0.4376, Max: 1.3127 SUCCESS
2025-12-14 12:03:01,508 - System.tprint - INFO - ℹ️ ✅ Uniqueness weights computed. Mean: 1.0000, Min: 0.4376, Max: 1.3127 SUCCESS
[I 2025-12-14 12:03:02,547] Trial 194 finished with value: -0.0022707875629221805 and parameters: {'trail_distance_atr_mult': 1.5916335171803808}. Best is trial 126 with value: -0.000363295272717509.
[2025-12-14 12:03:04.632] ⚖️ Computing uniqueness weights for 9018 events... INFO
2025-12-14 12:03:04,632 - System.tprint - INFO - ℹ️ ⚖️ Computing uniqueness weights for 9018 events... INFO
[2025-12-14 12:03:04.654] ✅ Uniqueness weights computed. Mean: 1.0000, Min: 0.4375, Max: 1.3126 SUCCESS
2025-12-14 12:03:04,655 - System.tprint - INFO - ℹ️ ✅ Uniqueness weights computed. Mean: 1.0000, Min: 0.4375, Max: 1.3126 SUCCESS
[I 2025-12-14 12:03:06,559] Trial 195 finished with value: -0.0022697981888453855 and parameters: {'trail_distance_atr_mult': 1.546614121055487}. Best is trial 126 with value: -0.000363295272717509.
[2025-12-14 12:03:08.606] ⚖️ Computing uniqueness weights for 9018 events... INFO
2025-12-14 12:03:08,607 - System.tprint - INFO - ℹ️ ⚖️ Computing uniqueness weights for 9018 events... INFO
[2025-12-14 12:03:08.621] ✅ Uniqueness weights computed. Mean: 1.0000, Min: 0.4375, Max: 1.3126 SUCCESS
2025-12-14 12:03:08,621 - System.tprint - INFO - ℹ️ ✅ Uniqueness weights computed. Mean: 1.0000, Min: 0.4375, Max: 1.3126 SUCCESS
[I 2025-12-14 12:03:09,813] Trial 196 finished with value: -0.003915184794757174 and parameters: {'trail_distance_atr_mult': 1.5385952922744597}. Best is trial 126 with value: -0.000363295272717509.
[2025-12-14 12:03:11.580] ⚖️ Computing uniqueness weights for 9018 events... INFO
2025-12-14 12:03:11,580 - System.tprint - INFO - ℹ️ ⚖️ Computing uniqueness weights for 9018 events... INFO
[2025-12-14 12:03:11.594] ✅ Uniqueness weights computed. Mean: 1.0000, Min: 0.4377, Max: 1.3132 SUCCESS
2025-12-14 12:03:11,594 - System.tprint - INFO - ℹ️ ✅ Uniqueness weights computed. Mean: 1.0000, Min: 0.4377, Max: 1.3132 SUCCESS
[I 2025-12-14 12:03:12,810] Trial 197 finished with value: -0.005986776552259447 and parameters: {'trail_distance_atr_mult': 1.9311533753273022}. Best is trial 126 with value: -0.000363295272717509.
[2025-12-14 12:03:14.726] ⚖️ Computing uniqueness weights for 9018 events... INFO
2025-12-14 12:03:14,726 - System.tprint - INFO - ℹ️ ⚖️ Computing uniqueness weights for 9018 events... INFO
[2025-12-14 12:03:14.741] ✅ Uniqueness weights computed. Mean: 1.0000, Min: 0.4375, Max: 1.3126 SUCCESS
2025-12-14 12:03:14,741 - System.tprint - INFO - ℹ️ ✅ Uniqueness weights computed. Mean: 1.0000, Min: 0.4375, Max: 1.3126 SUCCESS
[I 2025-12-14 12:03:16,356] Trial 198 finished with value: -0.003326827051773083 and parameters: {'trail_distance_atr_mult': 1.5228395574625522}. Best is trial 126 with value: -0.000363295272717509.
[2025-12-14 12:03:17.989] ⚖️ Computing uniqueness weights for 9018 events... INFO
2025-12-14 12:03:17,989 - System.tprint - INFO - ℹ️ ⚖️ Computing uniqueness weights for 9018 events... INFO
[2025-12-14 12:03:18.009] ✅ Uniqueness weights computed. Mean: 1.0000, Min: 0.4375, Max: 1.3125 SUCCESS
2025-12-14 12:03:18,009 - System.tprint - INFO - ℹ️ ✅ Uniqueness weights computed. Mean: 1.0000, Min: 0.4375, Max: 1.3125 SUCCESS
[I 2025-12-14 12:03:19,129] Trial 199 finished with value: -0.004401980180131087 and parameters: {'trail_distance_atr_mult': 1.3980174083188233}. Best is trial 126 with value: -0.000363295272717509.
[2025-12-14 12:03:20.819] ⚖️ Computing uniqueness weights for 9018 events... INFO
2025-12-14 12:03:20,819 - System.tprint - INFO - ℹ️ ⚖️ Computing uniqueness weights for 9018 events... INFO
[2025-12-14 12:03:20.831] ✅ Uniqueness weights computed. Mean: 1.0000, Min: 0.4377, Max: 1.3130 SUCCESS
2025-12-14 12:03:20,831 - System.tprint - INFO - ℹ️ ✅ Uniqueness weights computed. Mean: 1.0000, Min: 0.4377, Max: 1.3130 SUCCESS
[I 2025-12-14 12:03:21,847] Trial 200 finished with value: -0.008482205318573363 and parameters: {'trail_distance_atr_mult': 1.747233883560554}. Best is trial 126 with value: -0.000363295272717509.
[2025-12-14 12:03:23.466] ⚖️ Computing uniqueness weights for 9018 events... INFO
2025-12-14 12:03:23,466 - System.tprint - INFO - ℹ️ ⚖️ Computing uniqueness weights for 9018 events... INFO
[2025-12-14 12:03:23.479] ✅ Uniqueness weights computed. Mean: 1.0000, Min: 0.4375, Max: 1.3126 SUCCESS
2025-12-14 12:03:23,479 - System.tprint - INFO - ℹ️ ✅ Uniqueness weights computed. Mean: 1.0000, Min: 0.4375, Max: 1.3126 SUCCESS
[I 2025-12-14 12:03:24,498] Trial 201 finished with value: -0.002270945958559259 and parameters: {'trail_distance_atr_mult': 1.5611575539920122}. Best is trial 126 with value: -0.000363295272717509.
[2025-12-14 12:03:26.235] ⚖️ Computing uniqueness weights for 9018 events... INFO
2025-12-14 12:03:26,236 - System.tprint - INFO - ℹ️ ⚖️ Computing uniqueness weights for 9018 events... INFO
[2025-12-14 12:03:26.251] ✅ Uniqueness weights computed. Mean: 1.0000, Min: 0.4375, Max: 1.3126 SUCCESS
2025-12-14 12:03:26,251 - System.tprint - INFO - ℹ️ ✅ Uniqueness weights computed. Mean: 1.0000, Min: 0.4375, Max: 1.3126 SUCCESS
[I 2025-12-14 12:03:27,325] Trial 202 finished with value: -0.0022709678321439146 and parameters: {'trail_distance_atr_mult': 1.554579649801605}. Best is trial 126 with value: -0.000363295272717509.
[2025-12-14 12:03:29.065] ⚖️ Computing uniqueness weights for 9018 events... INFO
2025-12-14 12:03:29,066 - System.tprint - INFO - ℹ️ ⚖️ Computing uniqueness weights for 9018 events... INFO
[2025-12-14 12:03:29.080] ✅ Uniqueness weights computed. Mean: 1.0000, Min: 0.4375, Max: 1.3126 SUCCESS
2025-12-14 12:03:29,081 - System.tprint - INFO - ℹ️ ✅ Uniqueness weights computed. Mean: 1.0000, Min: 0.4375, Max: 1.3126 SUCCESS
[I 2025-12-14 12:03:30,252] Trial 203 finished with value: -0.0033266662845822417 and parameters: {'trail_distance_atr_mult': 1.5173646353527286}. Best is trial 126 with value: -0.000363295272717509.
[2025-12-14 12:03:32.312] ⚖️ Computing uniqueness weights for 9018 events... INFO
2025-12-14 12:03:32,313 - System.tprint - INFO - ℹ️ ⚖️ Computing uniqueness weights for 9018 events... INFO
[2025-12-14 12:03:32.334] ✅ Uniqueness weights computed. Mean: 1.0000, Min: 0.4377, Max: 1.3130 SUCCESS
2025-12-14 12:03:32,334 - System.tprint - INFO - ℹ️ ✅ Uniqueness weights computed. Mean: 1.0000, Min: 0.4377, Max: 1.3130 SUCCESS
[I 2025-12-14 12:03:33,459] Trial 204 finished with value: -0.006820287571571886 and parameters: {'trail_distance_atr_mult': 1.7164410570614554}. Best is trial 126 with value: -0.000363295272717509.
[2025-12-14 12:03:35.141] ⚖️ Computing uniqueness weights for 9018 events... INFO
2025-12-14 12:03:35,141 - System.tprint - INFO - ℹ️ ⚖️ Computing uniqueness weights for 9018 events... INFO
[2025-12-14 12:03:35.155] ✅ Uniqueness weights computed. Mean: 1.0000, Min: 0.4375, Max: 1.3124 SUCCESS
2025-12-14 12:03:35,156 - System.tprint - INFO - ℹ️ ✅ Uniqueness weights computed. Mean: 1.0000, Min: 0.4375, Max: 1.3124 SUCCESS
[I 2025-12-14 12:03:36,262] Trial 205 finished with value: -0.0032373545461117995 and parameters: {'trail_distance_atr_mult': 1.3164091544066951}. Best is trial 126 with value: -0.000363295272717509.
[2025-12-14 12:03:38.547] ⚖️ Computing uniqueness weights for 9018 events... INFO
2025-12-14 12:03:38,548 - System.tprint - INFO - ℹ️ ⚖️ Computing uniqueness weights for 9018 events... INFO
[2025-12-14 12:03:38.562] ✅ Uniqueness weights computed. Mean: 1.0000, Min: 0.4375, Max: 1.3126 SUCCESS
2025-12-14 12:03:38,562 - System.tprint - INFO - ℹ️ ✅ Uniqueness weights computed. Mean: 1.0000, Min: 0.4375, Max: 1.3126 SUCCESS
[I 2025-12-14 12:03:39,836] Trial 206 finished with value: -0.0022697980653933946 and parameters: {'trail_distance_atr_mult': 1.5467439641699432}. Best is trial 126 with value: -0.000363295272717509.
[2025-12-14 12:03:41.956] ⚖️ Computing uniqueness weights for 9018 events... INFO
2025-12-14 12:03:41,957 - System.tprint - INFO - ℹ️ ⚖️ Computing uniqueness weights for 9018 events... INFO
[2025-12-14 12:03:41.972] ✅ Uniqueness weights computed. Mean: 1.0000, Min: 0.4376, Max: 1.3127 SUCCESS
2025-12-14 12:03:41,972 - System.tprint - INFO - ℹ️ ✅ Uniqueness weights computed. Mean: 1.0000, Min: 0.4376, Max: 1.3127 SUCCESS
[I 2025-12-14 12:03:42,901] Trial 207 finished with value: -0.006077130888069309 and parameters: {'trail_distance_atr_mult': 1.6176701729403413}. Best is trial 126 with value: -0.000363295272717509.
[2025-12-14 12:03:44.903] ⚖️ Computing uniqueness weights for 9018 events... INFO
2025-12-14 12:03:44,903 - System.tprint - INFO - ℹ️ ⚖️ Computing uniqueness weights for 9018 events... INFO
[2025-12-14 12:03:44.920] ✅ Uniqueness weights computed. Mean: 1.0000, Min: 0.4375, Max: 1.3126 SUCCESS
2025-12-14 12:03:44,920 - System.tprint - INFO - ℹ️ ✅ Uniqueness weights computed. Mean: 1.0000, Min: 0.4375, Max: 1.3126 SUCCESS
[I 2025-12-14 12:03:45,889] Trial 208 finished with value: -0.003326838762220436 and parameters: {'trail_distance_atr_mult': 1.5236945562059179}. Best is trial 126 with value: -0.000363295272717509.
[2025-12-14 12:03:48.597] ⚖️ Computing uniqueness weights for 9018 events... INFO
2025-12-14 12:03:48,597 - System.tprint - INFO - ℹ️ ⚖️ Computing uniqueness weights for 9018 events... INFO
[2025-12-14 12:03:48.614] ✅ Uniqueness weights computed. Mean: 1.0000, Min: 0.4377, Max: 1.3130 SUCCESS
2025-12-14 12:03:48,614 - System.tprint - INFO - ℹ️ ✅ Uniqueness weights computed. Mean: 1.0000, Min: 0.4377, Max: 1.3130 SUCCESS
