[I 2025-12-14 13:04:10,416] Trial 1819 finished with value: -0.0016915056821784934 and parameters: {'trail_distance_atr_mult': 1.1344282721148817}. Best is trial 126 with value: -0.000363295272717509.
[2025-12-14 13:04:11.650] ⚖️ Computing uniqueness weights for 9018 events... INFO
2025-12-14 13:04:11,650 - System.tprint - INFO - ℹ️ ⚖️ Computing uniqueness weights for 9018 events... INFO
[2025-12-14 13:04:11.662] ✅ Uniqueness weights computed. Mean: 1.0000, Min: 0.4375, Max: 1.3124 SUCCESS
2025-12-14 13:04:11,662 - System.tprint - INFO - ℹ️ ✅ Uniqueness weights computed. Mean: 1.0000, Min: 0.4375, Max: 1.3124 SUCCESS
[I 2025-12-14 13:04:12,414] Trial 1820 finished with value: -0.005687454365701795 and parameters: {'trail_distance_atr_mult': 1.2814711664402412}. Best is trial 126 with value: -0.000363295272717509.
[2025-12-14 13:04:13.604] ⚖️ Computing uniqueness weights for 9018 events... INFO
2025-12-14 13:04:13,604 - System.tprint - INFO - ℹ️ ⚖️ Computing uniqueness weights for 9018 events... INFO
[2025-12-14 13:04:13.614] ✅ Uniqueness weights computed. Mean: 1.0000, Min: 0.4373, Max: 1.3119 SUCCESS
2025-12-14 13:04:13,614 - System.tprint - INFO - ℹ️ ✅ Uniqueness weights computed. Mean: 1.0000, Min: 0.4373, Max: 1.3119 SUCCESS
[I 2025-12-14 13:04:14,261] Trial 1821 finished with value: -0.0030846753504930064 and parameters: {'trail_distance_atr_mult': 1.012197264348173}. Best is trial 126 with value: -0.000363295272717509.
[2025-12-14 13:04:15.433] ⚖️ Computing uniqueness weights for 9018 events... INFO
2025-12-14 13:04:15,433 - System.tprint - INFO - ℹ️ ⚖️ Computing uniqueness weights for 9018 events... INFO
[2025-12-14 13:04:15.444] ✅ Uniqueness weights computed. Mean: 1.0000, Min: 0.4374, Max: 1.3121 SUCCESS
2025-12-14 13:04:15,444 - System.tprint - INFO - ℹ️ ✅ Uniqueness weights computed. Mean: 1.0000, Min: 0.4374, Max: 1.3121 SUCCESS
[I 2025-12-14 13:04:16,111] Trial 1822 finished with value: -0.007094656321699582 and parameters: {'trail_distance_atr_mult': 1.179296338842979}. Best is trial 126 with value: -0.000363295272717509.
[2025-12-14 13:04:17.800] ⚖️ Computing uniqueness weights for 9018 events... INFO
2025-12-14 13:04:17,801 - System.tprint - INFO - ℹ️ ⚖️ Computing uniqueness weights for 9018 events... INFO
[2025-12-14 13:04:17.813] ✅ Uniqueness weights computed. Mean: 1.0000, Min: 0.4373, Max: 1.3119 SUCCESS
2025-12-14 13:04:17,813 - System.tprint - INFO - ℹ️ ✅ Uniqueness weights computed. Mean: 1.0000, Min: 0.4373, Max: 1.3119 SUCCESS
[I 2025-12-14 13:04:18,656] Trial 1823 finished with value: -0.006751249611444737 and parameters: {'trail_distance_atr_mult': 1.0071626971167837}. Best is trial 126 with value: -0.000363295272717509.
[2025-12-14 13:04:19.868] ⚖️ Computing uniqueness weights for 9018 events... INFO
2025-12-14 13:04:19,868 - System.tprint - INFO - ℹ️ ⚖️ Computing uniqueness weights for 9018 events... INFO
[2025-12-14 13:04:19.882] ✅ Uniqueness weights computed. Mean: 1.0000, Min: 0.4373, Max: 1.3119 SUCCESS
2025-12-14 13:04:19,882 - System.tprint - INFO - ℹ️ ✅ Uniqueness weights computed. Mean: 1.0000, Min: 0.4373, Max: 1.3119 SUCCESS
[I 2025-12-14 13:04:20,830] Trial 1824 finished with value: -0.006751215362985193 and parameters: {'trail_distance_atr_mult': 0.9964781273931705}. Best is trial 126 with value: -0.000363295272717509.
[2025-12-14 13:04:22.148] ⚖️ Computing uniqueness weights for 9018 events... INFO
2025-12-14 13:04:22,148 - System.tprint - INFO - ℹ️ ⚖️ Computing uniqueness weights for 9018 events... INFO
[2025-12-14 13:04:22.158] ✅ Uniqueness weights computed. Mean: 1.0000, Min: 0.4374, Max: 1.3123 SUCCESS
2025-12-14 13:04:22,158 - System.tprint - INFO - ℹ️ ✅ Uniqueness weights computed. Mean: 1.0000, Min: 0.4374, Max: 1.3123 SUCCESS
[I 2025-12-14 13:04:22,843] Trial 1825 finished with value: -0.004494402993248934 and parameters: {'trail_distance_atr_mult': 1.2396833080895304}. Best is trial 126 with value: -0.000363295272717509.
[2025-12-14 13:04:24.036] ⚖️ Computing uniqueness weights for 9018 events... INFO
2025-12-14 13:04:24,036 - System.tprint - INFO - ℹ️ ⚖️ Computing uniqueness weights for 9018 events... INFO
[2025-12-14 13:04:24.046] ✅ Uniqueness weights computed. Mean: 1.0000, Min: 0.4373, Max: 1.3118 SUCCESS
2025-12-14 13:04:24,046 - System.tprint - INFO - ℹ️ ✅ Uniqueness weights computed. Mean: 1.0000, Min: 0.4373, Max: 1.3118 SUCCESS
[I 2025-12-14 13:04:24,704] Trial 1826 finished with value: -0.006741905531086666 and parameters: {'trail_distance_atr_mult': 0.9858949258851843}. Best is trial 126 with value: -0.000363295272717509.
[2025-12-14 13:04:25.896] ⚖️ Computing uniqueness weights for 9018 events... INFO
2025-12-14 13:04:25,896 - System.tprint - INFO - ℹ️ ⚖️ Computing uniqueness weights for 9018 events... INFO
[2025-12-14 13:04:25.907] ✅ Uniqueness weights computed. Mean: 1.0000, Min: 0.4374, Max: 1.3121 SUCCESS
2025-12-14 13:04:25,907 - System.tprint - INFO - ℹ️ ✅ Uniqueness weights computed. Mean: 1.0000, Min: 0.4374, Max: 1.3121 SUCCESS
[I 2025-12-14 13:04:26,594] Trial 1827 finished with value: -0.004891575753309884 and parameters: {'trail_distance_atr_mult': 1.1877095774371333}. Best is trial 126 with value: -0.000363295272717509.
[2025-12-14 13:04:27.798] ⚖️ Computing uniqueness weights for 9018 events... INFO
2025-12-14 13:04:27,799 - System.tprint - INFO - ℹ️ ⚖️ Computing uniqueness weights for 9018 events... INFO
[2025-12-14 13:04:27.808] ✅ Uniqueness weights computed. Mean: 1.0000, Min: 0.4373, Max: 1.3119 SUCCESS
2025-12-14 13:04:27,808 - System.tprint - INFO - ℹ️ ✅ Uniqueness weights computed. Mean: 1.0000, Min: 0.4373, Max: 1.3119 SUCCESS
[I 2025-12-14 13:04:28,467] Trial 1828 finished with value: -0.0030846755695992916 and parameters: {'trail_distance_atr_mult': 1.0125710785184854}. Best is trial 126 with value: -0.000363295272717509.
[2025-12-14 13:04:29.654] ⚖️ Computing uniqueness weights for 9018 events... INFO
2025-12-14 13:04:29,655 - System.tprint - INFO - ℹ️ ⚖️ Computing uniqueness weights for 9018 events... INFO
[2025-12-14 13:04:29.664] ✅ Uniqueness weights computed. Mean: 1.0000, Min: 0.4375, Max: 1.3124 SUCCESS
2025-12-14 13:04:29,664 - System.tprint - INFO - ℹ️ ✅ Uniqueness weights computed. Mean: 1.0000, Min: 0.4375, Max: 1.3124 SUCCESS
[I 2025-12-14 13:04:30,332] Trial 1829 finished with value: -0.002268536460470178 and parameters: {'trail_distance_atr_mult': 1.2619740149240009}. Best is trial 126 with value: -0.000363295272717509.
[2025-12-14 13:04:31.514] ⚖️ Computing uniqueness weights for 9018 events... INFO
2025-12-14 13:04:31,514 - System.tprint - INFO - ℹ️ ⚖️ Computing uniqueness weights for 9018 events... INFO
[2025-12-14 13:04:31.524] ✅ Uniqueness weights computed. Mean: 1.0000, Min: 0.4373, Max: 1.3119 SUCCESS
2025-12-14 13:04:31,524 - System.tprint - INFO - ℹ️ ✅ Uniqueness weights computed. Mean: 1.0000, Min: 0.4373, Max: 1.3119 SUCCESS
[I 2025-12-14 13:04:32,201] Trial 1830 finished with value: -0.006751219866673272 and parameters: {'trail_distance_atr_mult': 0.9978817539807179}. Best is trial 126 with value: -0.000363295272717509.
[2025-12-14 13:04:33.388] ⚖️ Computing uniqueness weights for 9018 events... INFO
2025-12-14 13:04:33,388 - System.tprint - INFO - ℹ️ ⚖️ Computing uniqueness weights for 9018 events... INFO
[2025-12-14 13:04:33.399] ✅ Uniqueness weights computed. Mean: 1.0000, Min: 0.4375, Max: 1.3124 SUCCESS
2025-12-14 13:04:33,399 - System.tprint - INFO - ℹ️ ✅ Uniqueness weights computed. Mean: 1.0000, Min: 0.4375, Max: 1.3124 SUCCESS
[I 2025-12-14 13:04:34,052] Trial 1831 finished with value: -0.005836673603937384 and parameters: {'trail_distance_atr_mult': 1.2988811501761195}. Best is trial 126 with value: -0.000363295272717509.
[2025-12-14 13:04:35.250] ⚖️ Computing uniqueness weights for 9018 events... INFO
2025-12-14 13:04:35,250 - System.tprint - INFO - ℹ️ ⚖️ Computing uniqueness weights for 9018 events... INFO
[2025-12-14 13:04:35.259] ✅ Uniqueness weights computed. Mean: 1.0000, Min: 0.4374, Max: 1.3121 SUCCESS
2025-12-14 13:04:35,260 - System.tprint - INFO - ℹ️ ✅ Uniqueness weights computed. Mean: 1.0000, Min: 0.4374, Max: 1.3121 SUCCESS
[I 2025-12-14 13:04:35,916] Trial 1832 finished with value: -0.0077012642384294795 and parameters: {'trail_distance_atr_mult': 1.1531670386717425}. Best is trial 126 with value: -0.000363295272717509.
[2025-12-14 13:04:37.642] ⚖️ Computing uniqueness weights for 9018 events... INFO
2025-12-14 13:04:37,643 - System.tprint - INFO - ℹ️ ⚖️ Computing uniqueness weights for 9018 events... INFO
[2025-12-14 13:04:37.661] ✅ Uniqueness weights computed. Mean: 1.0000, Min: 0.4373, Max: 1.3118 SUCCESS
2025-12-14 13:04:37,661 - System.tprint - INFO - ℹ️ ✅ Uniqueness weights computed. Mean: 1.0000, Min: 0.4373, Max: 1.3118 SUCCESS
[I 2025-12-14 13:04:38,671] Trial 1833 finished with value: -0.006758392827075891 and parameters: {'trail_distance_atr_mult': 0.976935267402426}. Best is trial 126 with value: -0.000363295272717509.
[2025-12-14 13:04:40.619] ⚖️ Computing uniqueness weights for 9018 events... INFO
2025-12-14 13:04:40,620 - System.tprint - INFO - ℹ️ ⚖️ Computing uniqueness weights for 9018 events... INFO
[2025-12-14 13:04:40.634] ✅ Uniqueness weights computed. Mean: 1.0000, Min: 0.4374, Max: 1.3121 SUCCESS
2025-12-14 13:04:40,635 - System.tprint - INFO - ℹ️ ✅ Uniqueness weights computed. Mean: 1.0000, Min: 0.4374, Max: 1.3121 SUCCESS
[I 2025-12-14 13:04:41,402] Trial 1834 finished with value: -0.007701257750658551 and parameters: {'trail_distance_atr_mult': 1.154427462752133}. Best is trial 126 with value: -0.000363295272717509.
[2025-12-14 13:04:43.156] ⚖️ Computing uniqueness weights for 9018 events... INFO
2025-12-14 13:04:43,156 - System.tprint - INFO - ℹ️ ⚖️ Computing uniqueness weights for 9018 events... INFO
[2025-12-14 13:04:43.174] ✅ Uniqueness weights computed. Mean: 1.0000, Min: 0.4373, Max: 1.3118 SUCCESS
2025-12-14 13:04:43,174 - System.tprint - INFO - ℹ️ ✅ Uniqueness weights computed. Mean: 1.0000, Min: 0.4373, Max: 1.3118 SUCCESS
[I 2025-12-14 13:04:44,138] Trial 1835 finished with value: -0.006758386163231397 and parameters: {'trail_distance_atr_mult': 0.9758504776144854}. Best is trial 126 with value: -0.000363295272717509.
[2025-12-14 13:04:45.651] ⚖️ Computing uniqueness weights for 9018 events... INFO
2025-12-14 13:04:45,652 - System.tprint - INFO - ℹ️ ⚖️ Computing uniqueness weights for 9018 events... INFO
[2025-12-14 13:04:45.664] ✅ Uniqueness weights computed. Mean: 1.0000, Min: 0.4375, Max: 1.3124 SUCCESS
2025-12-14 13:04:45,664 - System.tprint - INFO - ℹ️ ✅ Uniqueness weights computed. Mean: 1.0000, Min: 0.4375, Max: 1.3124 SUCCESS
[I 2025-12-14 13:04:46,604] Trial 1836 finished with value: -0.004691962498460349 and parameters: {'trail_distance_atr_mult': 1.3087053053303872}. Best is trial 126 with value: -0.000363295272717509.
[2025-12-14 13:04:48.165] ⚖️ Computing uniqueness weights for 9018 events... INFO
2025-12-14 13:04:48,165 - System.tprint - INFO - ℹ️ ⚖️ Computing uniqueness weights for 9018 events... INFO
[2025-12-14 13:04:48.184] ✅ Uniqueness weights computed. Mean: 1.0000, Min: 0.4373, Max: 1.3118 SUCCESS
2025-12-14 13:04:48,184 - System.tprint - INFO - ℹ️ ✅ Uniqueness weights computed. Mean: 1.0000, Min: 0.4373, Max: 1.3118 SUCCESS
[I 2025-12-14 13:04:49,263] Trial 1837 finished with value: -0.006778421426306894 and parameters: {'trail_distance_atr_mult': 0.9530498961020178}. Best is trial 126 with value: -0.000363295272717509.
[2025-12-14 13:04:50.791] ⚖️ Computing uniqueness weights for 9018 events... INFO
2025-12-14 13:04:50,792 - System.tprint - INFO - ℹ️ ⚖️ Computing uniqueness weights for 9018 events... INFO
[2025-12-14 13:04:50.804] ✅ Uniqueness weights computed. Mean: 1.0000, Min: 0.4374, Max: 1.3121 SUCCESS
2025-12-14 13:04:50,804 - System.tprint - INFO - ℹ️ ✅ Uniqueness weights computed. Mean: 1.0000, Min: 0.4374, Max: 1.3121 SUCCESS
[I 2025-12-14 13:04:51,832] Trial 1838 finished with value: -0.001253168463480273 and parameters: {'trail_distance_atr_mult': 1.1819248961411413}. Best is trial 126 with value: -0.000363295272717509.
[2025-12-14 13:04:53.691] ⚖️ Computing uniqueness weights for 9018 events... INFO
2025-12-14 13:04:53,692 - System.tprint - INFO - ℹ️ ⚖️ Computing uniqueness weights for 9018 events... INFO
[2025-12-14 13:04:53.706] ✅ Uniqueness weights computed. Mean: 1.0000, Min: 0.4375, Max: 1.3124 SUCCESS
2025-12-14 13:04:53,706 - System.tprint - INFO - ℹ️ ✅ Uniqueness weights computed. Mean: 1.0000, Min: 0.4375, Max: 1.3124 SUCCESS
[I 2025-12-14 13:04:54,413] Trial 1839 finished with value: -0.005836596617570272 and parameters: {'trail_distance_atr_mult': 1.2991919289100866}. Best is trial 126 with value: -0.000363295272717509.
[2025-12-14 13:04:55.661] ⚖️ Computing uniqueness weights for 9018 events... INFO
2025-12-14 13:04:55,661 - System.tprint - INFO - ℹ️ ⚖️ Computing uniqueness weights for 9018 events... INFO
[2025-12-14 13:04:55.673] ✅ Uniqueness weights computed. Mean: 1.0000, Min: 0.4374, Max: 1.3122 SUCCESS
2025-12-14 13:04:55,673 - System.tprint - INFO - ℹ️ ✅ Uniqueness weights computed. Mean: 1.0000, Min: 0.4374, Max: 1.3122 SUCCESS
[I 2025-12-14 13:04:56,541] Trial 1840 finished with value: -0.003015698498889281 and parameters: {'trail_distance_atr_mult': 1.20342582262062}. Best is trial 126 with value: -0.000363295272717509.
[2025-12-14 13:04:58.008] ⚖️ Computing uniqueness weights for 9018 events... INFO
2025-12-14 13:04:58,009 - System.tprint - INFO - ℹ️ ⚖️ Computing uniqueness weights for 9018 events... INFO
[2025-12-14 13:04:58.018] ✅ Uniqueness weights computed. Mean: 1.0000, Min: 0.4373, Max: 1.3118 SUCCESS
2025-12-14 13:04:58,019 - System.tprint - INFO - ℹ️ ✅ Uniqueness weights computed. Mean: 1.0000, Min: 0.4373, Max: 1.3118 SUCCESS
[I 2025-12-14 13:04:58,868] Trial 1841 finished with value: -0.006758344376402155 and parameters: {'trail_distance_atr_mult': 0.969125688599752}. Best is trial 126 with value: -0.000363295272717509.
[2025-12-14 13:05:00.621] ⚖️ Computing uniqueness weights for 9018 events... INFO
2025-12-14 13:05:00,621 - System.tprint - INFO - ℹ️ ⚖️ Computing uniqueness weights for 9018 events... INFO
[2025-12-14 13:05:00.633] ✅ Uniqueness weights computed. Mean: 1.0000, Min: 0.4374, Max: 1.3121 SUCCESS
2025-12-14 13:05:00,633 - System.tprint - INFO - ℹ️ ✅ Uniqueness weights computed. Mean: 1.0000, Min: 0.4374, Max: 1.3121 SUCCESS
[I 2025-12-14 13:05:01,553] Trial 1842 finished with value: -0.0076917778330573726 and parameters: {'trail_distance_atr_mult': 1.1601944431670173}. Best is trial 126 with value: -0.000363295272717509.
[2025-12-14 13:05:03.070] ⚖️ Computing uniqueness weights for 9018 events... INFO
2025-12-14 13:05:03,070 - System.tprint - INFO - ℹ️ ⚖️ Computing uniqueness weights for 9018 events... INFO
[2025-12-14 13:05:03.080] ✅ Uniqueness weights computed. Mean: 1.0000, Min: 0.4374, Max: 1.3121 SUCCESS
2025-12-14 13:05:03,080 - System.tprint - INFO - ℹ️ ✅ Uniqueness weights computed. Mean: 1.0000, Min: 0.4374, Max: 1.3121 SUCCESS
[I 2025-12-14 13:05:03,955] Trial 1843 finished with value: -0.00770125367286244 and parameters: {'trail_distance_atr_mult': 1.1551800938656034}. Best is trial 126 with value: -0.000363295272717509.
[2025-12-14 13:05:06.132] ⚖️ Computing uniqueness weights for 9018 events... INFO
2025-12-14 13:05:06,133 - System.tprint - INFO - ℹ️ ⚖️ Computing uniqueness weights for 9018 events... INFO
[2025-12-14 13:05:06.145] ✅ Uniqueness weights computed. Mean: 1.0000, Min: 0.4373, Max: 1.3118 SUCCESS
2025-12-14 13:05:06,145 - System.tprint - INFO - ℹ️ ✅ Uniqueness weights computed. Mean: 1.0000, Min: 0.4373, Max: 1.3118 SUCCESS
[I 2025-12-14 13:05:07,041] Trial 1844 finished with value: -0.006840117652890662 and parameters: {'trail_distance_atr_mult': 0.9577553913302945}. Best is trial 126 with value: -0.000363295272717509.
[2025-12-14 13:05:08.678] ⚖️ Computing uniqueness weights for 9018 events... INFO
2025-12-14 13:05:08,679 - System.tprint - INFO - ℹ️ ⚖️ Computing uniqueness weights for 9018 events... INFO
[2025-12-14 13:05:08.688] ✅ Uniqueness weights computed. Mean: 1.0000, Min: 0.4373, Max: 1.3118 SUCCESS
2025-12-14 13:05:08,689 - System.tprint - INFO - ℹ️ ✅ Uniqueness weights computed. Mean: 1.0000, Min: 0.4373, Max: 1.3118 SUCCESS
[I 2025-12-14 13:05:09,397] Trial 1845 finished with value: -0.006758337257860313 and parameters: {'trail_distance_atr_mult': 0.9680079181952665}. Best is trial 126 with value: -0.000363295272717509.
[2025-12-14 13:05:10.592] ⚖️ Computing uniqueness weights for 9018 events... INFO
2025-12-14 13:05:10,592 - System.tprint - INFO - ℹ️ ⚖️ Computing uniqueness weights for 9018 events... INFO
[2025-12-14 13:05:10.602] ✅ Uniqueness weights computed. Mean: 1.0000, Min: 0.4374, Max: 1.3121 SUCCESS
2025-12-14 13:05:10,602 - System.tprint - INFO - ℹ️ ✅ Uniqueness weights computed. Mean: 1.0000, Min: 0.4374, Max: 1.3121 SUCCESS
[I 2025-12-14 13:05:11,264] Trial 1846 finished with value: -0.007094540387198194 and parameters: {'trail_distance_atr_mult': 1.1731982437640875}. Best is trial 126 with value: -0.000363295272717509.
[2025-12-14 13:05:12.446] ⚖️ Computing uniqueness weights for 9018 events... INFO
2025-12-14 13:05:12,447 - System.tprint - INFO - ℹ️ ⚖️ Computing uniqueness weights for 9018 events... INFO
[2025-12-14 13:05:12.456] ✅ Uniqueness weights computed. Mean: 1.0000, Min: 0.4375, Max: 1.3124 SUCCESS
2025-12-14 13:05:12,456 - System.tprint - INFO - ℹ️ ✅ Uniqueness weights computed. Mean: 1.0000, Min: 0.4375, Max: 1.3124 SUCCESS
[I 2025-12-14 13:05:13,124] Trial 1847 finished with value: -0.005836570179136666 and parameters: {'trail_distance_atr_mult': 1.2992989707046716}. Best is trial 126 with value: -0.000363295272717509.
[2025-12-14 13:05:14.348] ⚖️ Computing uniqueness weights for 9018 events... INFO
2025-12-14 13:05:14,349 - System.tprint - INFO - ℹ️ ⚖️ Computing uniqueness weights for 9018 events... INFO
[2025-12-14 13:05:14.360] ✅ Uniqueness weights computed. Mean: 1.0000, Min: 0.4373, Max: 1.3118 SUCCESS
2025-12-14 13:05:14,361 - System.tprint - INFO - ℹ️ ✅ Uniqueness weights computed. Mean: 1.0000, Min: 0.4373, Max: 1.3118 SUCCESS
[I 2025-12-14 13:05:15,106] Trial 1848 finished with value: -0.0067583243490990635 and parameters: {'trail_distance_atr_mult': 0.9659439732757353}. Best is trial 126 with value: -0.000363295272717509.
[2025-12-14 13:05:16.305] ⚖️ Computing uniqueness weights for 9018 events... INFO
2025-12-14 13:05:16,306 - System.tprint - INFO - ℹ️ ⚖️ Computing uniqueness weights for 9018 events... INFO
[2025-12-14 13:05:16.317] ✅ Uniqueness weights computed. Mean: 1.0000, Min: 0.4374, Max: 1.3121 SUCCESS
2025-12-14 13:05:16,317 - System.tprint - INFO - ℹ️ ✅ Uniqueness weights computed. Mean: 1.0000, Min: 0.4374, Max: 1.3121 SUCCESS
[I 2025-12-14 13:05:16,987] Trial 1849 finished with value: -0.00770123573356574 and parameters: {'trail_distance_atr_mult': 1.1584042238100238}. Best is trial 126 with value: -0.000363295272717509.
[2025-12-14 13:05:18.175] ⚖️ Computing uniqueness weights for 9018 events... INFO
2025-12-14 13:05:18,176 - System.tprint - INFO - ℹ️ ⚖️ Computing uniqueness weights for 9018 events... INFO
[2025-12-14 13:05:18.185] ✅ Uniqueness weights computed. Mean: 1.0000, Min: 0.4373, Max: 1.3118 SUCCESS
2025-12-14 13:05:18,185 - System.tprint - INFO - ℹ️ ✅ Uniqueness weights computed. Mean: 1.0000, Min: 0.4373, Max: 1.3118 SUCCESS
[I 2025-12-14 13:05:18,842] Trial 1850 finished with value: -0.006758335000886156 and parameters: {'trail_distance_atr_mult': 0.9676469951821475}. Best is trial 126 with value: -0.000363295272717509.
[2025-12-14 13:05:20.018] ⚖️ Computing uniqueness weights for 9018 events... INFO
2025-12-14 13:05:20,019 - System.tprint - INFO - ℹ️ ⚖️ Computing uniqueness weights for 9018 events... INFO
[2025-12-14 13:05:20.029] ✅ Uniqueness weights computed. Mean: 1.0000, Min: 0.4375, Max: 1.3124 SUCCESS
2025-12-14 13:05:20,029 - System.tprint - INFO - ℹ️ ✅ Uniqueness weights computed. Mean: 1.0000, Min: 0.4375, Max: 1.3124 SUCCESS
[I 2025-12-14 13:05:20,739] Trial 1851 finished with value: -0.003237371852619591 and parameters: {'trail_distance_atr_mult': 1.3269805409615165}. Best is trial 126 with value: -0.000363295272717509.
[2025-12-14 13:05:21.936] ⚖️ Computing uniqueness weights for 9018 events... INFO
2025-12-14 13:05:21,936 - System.tprint - INFO - ℹ️ ⚖️ Computing uniqueness weights for 9018 events... INFO
[2025-12-14 13:05:21.947] ✅ Uniqueness weights computed. Mean: 1.0000, Min: 0.4373, Max: 1.3120 SUCCESS
2025-12-14 13:05:21,947 - System.tprint - INFO - ℹ️ ✅ Uniqueness weights computed. Mean: 1.0000, Min: 0.4373, Max: 1.3120 SUCCESS
[I 2025-12-14 13:05:22,605] Trial 1852 finished with value: -0.007725184738207212 and parameters: {'trail_distance_atr_mult': 1.131420603838921}. Best is trial 126 with value: -0.000363295272717509.
[2025-12-14 13:05:23.843] ⚖️ Computing uniqueness weights for 9018 events... INFO
2025-12-14 13:05:23,844 - System.tprint - INFO - ℹ️ ⚖️ Computing uniqueness weights for 9018 events... INFO
[2025-12-14 13:05:23.853] ✅ Uniqueness weights computed. Mean: 1.0000, Min: 0.4373, Max: 1.3118 SUCCESS
2025-12-14 13:05:23,853 - System.tprint - INFO - ℹ️ ✅ Uniqueness weights computed. Mean: 1.0000, Min: 0.4373, Max: 1.3118 SUCCESS
[I 2025-12-14 13:05:24,522] Trial 1853 finished with value: -0.00677840472335364 and parameters: {'trail_distance_atr_mult': 0.940112919356449}. Best is trial 126 with value: -0.000363295272717509.
[2025-12-14 13:05:25.707] ⚖️ Computing uniqueness weights for 9018 events... INFO
2025-12-14 13:05:25,707 - System.tprint - INFO - ℹ️ ⚖️ Computing uniqueness weights for 9018 events... INFO
[2025-12-14 13:05:25.717] ✅ Uniqueness weights computed. Mean: 1.0000, Min: 0.4374, Max: 1.3121 SUCCESS
2025-12-14 13:05:25,717 - System.tprint - INFO - ℹ️ ✅ Uniqueness weights computed. Mean: 1.0000, Min: 0.4374, Max: 1.3121 SUCCESS
