[I 2025-12-14 12:23:47,663] Trial 699 finished with value: -0.007413973335360749 and parameters: {'trail_distance_atr_mult': 1.8060900757900127}. Best is trial 126 with value: -0.000363295272717509.
[2025-12-14 12:23:49.067] ⚖️ Computing uniqueness weights for 9018 events... INFO
2025-12-14 12:23:49,068 - System.tprint - INFO - ℹ️ ⚖️ Computing uniqueness weights for 9018 events... INFO
[2025-12-14 12:23:49.078] ✅ Uniqueness weights computed. Mean: 1.0000, Min: 0.4375, Max: 1.3125 SUCCESS
2025-12-14 12:23:49,078 - System.tprint - INFO - ℹ️ ✅ Uniqueness weights computed. Mean: 1.0000, Min: 0.4375, Max: 1.3125 SUCCESS
[I 2025-12-14 12:23:50,000] Trial 700 finished with value: -0.006463669887152611 and parameters: {'trail_distance_atr_mult': 1.485866839968357}. Best is trial 126 with value: -0.000363295272717509.
[2025-12-14 12:23:51.426] ⚖️ Computing uniqueness weights for 9018 events... INFO
2025-12-14 12:23:51,426 - System.tprint - INFO - ℹ️ ⚖️ Computing uniqueness weights for 9018 events... INFO
[2025-12-14 12:23:51.438] ✅ Uniqueness weights computed. Mean: 1.0000, Min: 0.4376, Max: 1.3128 SUCCESS
2025-12-14 12:23:51,438 - System.tprint - INFO - ℹ️ ✅ Uniqueness weights computed. Mean: 1.0000, Min: 0.4376, Max: 1.3128 SUCCESS
[I 2025-12-14 12:23:52,413] Trial 701 finished with value: -0.005991376943951139 and parameters: {'trail_distance_atr_mult': 1.6327475993566993}. Best is trial 126 with value: -0.000363295272717509.
[2025-12-14 12:23:53.836] ⚖️ Computing uniqueness weights for 9018 events... INFO
2025-12-14 12:23:53,836 - System.tprint - INFO - ℹ️ ⚖️ Computing uniqueness weights for 9018 events... INFO
[2025-12-14 12:23:53.849] ✅ Uniqueness weights computed. Mean: 1.0000, Min: 0.4375, Max: 1.3125 SUCCESS
2025-12-14 12:23:53,849 - System.tprint - INFO - ℹ️ ✅ Uniqueness weights computed. Mean: 1.0000, Min: 0.4375, Max: 1.3125 SUCCESS
[I 2025-12-14 12:23:54,743] Trial 702 finished with value: -0.0029957469981245124 and parameters: {'trail_distance_atr_mult': 1.380987024678578}. Best is trial 126 with value: -0.000363295272717509.
[2025-12-14 12:23:56.164] ⚖️ Computing uniqueness weights for 9018 events... INFO
2025-12-14 12:23:56,164 - System.tprint - INFO - ℹ️ ⚖️ Computing uniqueness weights for 9018 events... INFO
[2025-12-14 12:23:56.176] ✅ Uniqueness weights computed. Mean: 1.0000, Min: 0.4377, Max: 1.3130 SUCCESS
2025-12-14 12:23:56,176 - System.tprint - INFO - ℹ️ ✅ Uniqueness weights computed. Mean: 1.0000, Min: 0.4377, Max: 1.3130 SUCCESS
[I 2025-12-14 12:23:57,153] Trial 703 finished with value: -0.008482216400589567 and parameters: {'trail_distance_atr_mult': 1.7483616175696872}. Best is trial 126 with value: -0.000363295272717509.
[2025-12-14 12:23:58.549] ⚖️ Computing uniqueness weights for 9018 events... INFO
2025-12-14 12:23:58,549 - System.tprint - INFO - ℹ️ ⚖️ Computing uniqueness weights for 9018 events... INFO
[2025-12-14 12:23:58.560] ✅ Uniqueness weights computed. Mean: 1.0000, Min: 0.4373, Max: 1.3120 SUCCESS
2025-12-14 12:23:58,561 - System.tprint - INFO - ℹ️ ✅ Uniqueness weights computed. Mean: 1.0000, Min: 0.4373, Max: 1.3120 SUCCESS
[I 2025-12-14 12:23:59,747] Trial 704 finished with value: -0.00765810101432373 and parameters: {'trail_distance_atr_mult': 1.1072992352319124}. Best is trial 126 with value: -0.000363295272717509.
[2025-12-14 12:24:01.169] ⚖️ Computing uniqueness weights for 9018 events... INFO
2025-12-14 12:24:01,169 - System.tprint - INFO - ℹ️ ⚖️ Computing uniqueness weights for 9018 events... INFO
[2025-12-14 12:24:01.181] ✅ Uniqueness weights computed. Mean: 1.0000, Min: 0.4375, Max: 1.3125 SUCCESS
2025-12-14 12:24:01,181 - System.tprint - INFO - ℹ️ ✅ Uniqueness weights computed. Mean: 1.0000, Min: 0.4375, Max: 1.3125 SUCCESS
[I 2025-12-14 12:24:02,078] Trial 705 finished with value: -0.004189200393796732 and parameters: {'trail_distance_atr_mult': 1.4420907069074582}. Best is trial 126 with value: -0.000363295272717509.
[2025-12-14 12:24:03.591] ⚖️ Computing uniqueness weights for 9018 events... INFO
2025-12-14 12:24:03,592 - System.tprint - INFO - ℹ️ ⚖️ Computing uniqueness weights for 9018 events... INFO
[2025-12-14 12:24:03.602] ✅ Uniqueness weights computed. Mean: 1.0000, Min: 0.4376, Max: 1.3127 SUCCESS
2025-12-14 12:24:03,602 - System.tprint - INFO - ℹ️ ✅ Uniqueness weights computed. Mean: 1.0000, Min: 0.4376, Max: 1.3127 SUCCESS
[I 2025-12-14 12:24:04,494] Trial 706 finished with value: -0.0022708118816627907 and parameters: {'trail_distance_atr_mult': 1.5865810303902768}. Best is trial 126 with value: -0.000363295272717509.
[2025-12-14 12:24:05.896] ⚖️ Computing uniqueness weights for 9018 events... INFO
2025-12-14 12:24:05,897 - System.tprint - INFO - ℹ️ ⚖️ Computing uniqueness weights for 9018 events... INFO
[2025-12-14 12:24:05.907] ✅ Uniqueness weights computed. Mean: 1.0000, Min: 0.4377, Max: 1.3130 SUCCESS
2025-12-14 12:24:05,908 - System.tprint - INFO - ℹ️ ✅ Uniqueness weights computed. Mean: 1.0000, Min: 0.4377, Max: 1.3130 SUCCESS
[I 2025-12-14 12:24:06,835] Trial 707 finished with value: -0.006837460012317313 and parameters: {'trail_distance_atr_mult': 1.7120289846727508}. Best is trial 126 with value: -0.000363295272717509.
[2025-12-14 12:24:08.253] ⚖️ Computing uniqueness weights for 9018 events... INFO
2025-12-14 12:24:08,253 - System.tprint - INFO - ℹ️ ⚖️ Computing uniqueness weights for 9018 events... INFO
[2025-12-14 12:24:08.267] ✅ Uniqueness weights computed. Mean: 1.0000, Min: 0.4375, Max: 1.3125 SUCCESS
2025-12-14 12:24:08,267 - System.tprint - INFO - ℹ️ ✅ Uniqueness weights computed. Mean: 1.0000, Min: 0.4375, Max: 1.3125 SUCCESS
[I 2025-12-14 12:24:09,221] Trial 708 finished with value: -0.006462833697659371 and parameters: {'trail_distance_atr_mult': 1.4976548288689584}. Best is trial 126 with value: -0.000363295272717509.
[2025-12-14 12:24:10.624] ⚖️ Computing uniqueness weights for 9018 events... INFO
2025-12-14 12:24:10,624 - System.tprint - INFO - ℹ️ ⚖️ Computing uniqueness weights for 9018 events... INFO
[2025-12-14 12:24:10.635] ✅ Uniqueness weights computed. Mean: 1.0000, Min: 0.4375, Max: 1.3124 SUCCESS
2025-12-14 12:24:10,635 - System.tprint - INFO - ℹ️ ✅ Uniqueness weights computed. Mean: 1.0000, Min: 0.4375, Max: 1.3124 SUCCESS
[I 2025-12-14 12:24:11,520] Trial 709 finished with value: -0.0022685253029019166 and parameters: {'trail_distance_atr_mult': 1.2644946219661621}. Best is trial 126 with value: -0.000363295272717509.
[2025-12-14 12:24:12.937] ⚖️ Computing uniqueness weights for 9018 events... INFO
2025-12-14 12:24:12,938 - System.tprint - INFO - ℹ️ ⚖️ Computing uniqueness weights for 9018 events... INFO
[2025-12-14 12:24:12.949] ✅ Uniqueness weights computed. Mean: 1.0000, Min: 0.4374, Max: 1.3121 SUCCESS
2025-12-14 12:24:12,949 - System.tprint - INFO - ℹ️ ✅ Uniqueness weights computed. Mean: 1.0000, Min: 0.4374, Max: 1.3121 SUCCESS
[I 2025-12-14 12:24:13,835] Trial 710 finished with value: -0.0076915570274584105 and parameters: {'trail_distance_atr_mult': 1.1627824130228794}. Best is trial 126 with value: -0.000363295272717509.
[2025-12-14 12:24:15.365] ⚖️ Computing uniqueness weights for 9018 events... INFO
2025-12-14 12:24:15,365 - System.tprint - INFO - ℹ️ ⚖️ Computing uniqueness weights for 9018 events... INFO
[2025-12-14 12:24:15.377] ✅ Uniqueness weights computed. Mean: 1.0000, Min: 0.4374, Max: 1.3121 SUCCESS
2025-12-14 12:24:15,378 - System.tprint - INFO - ℹ️ ✅ Uniqueness weights computed. Mean: 1.0000, Min: 0.4374, Max: 1.3121 SUCCESS
[I 2025-12-14 12:24:16,429] Trial 711 finished with value: -0.001253168947645095 and parameters: {'trail_distance_atr_mult': 1.182923465527314}. Best is trial 126 with value: -0.000363295272717509.
[2025-12-14 12:24:17.949] ⚖️ Computing uniqueness weights for 9018 events... INFO
2025-12-14 12:24:17,949 - System.tprint - INFO - ℹ️ ⚖️ Computing uniqueness weights for 9018 events... INFO
[2025-12-14 12:24:17.960] ✅ Uniqueness weights computed. Mean: 1.0000, Min: 0.4373, Max: 1.3119 SUCCESS
2025-12-14 12:24:17,960 - System.tprint - INFO - ℹ️ ✅ Uniqueness weights computed. Mean: 1.0000, Min: 0.4373, Max: 1.3119 SUCCESS
[I 2025-12-14 12:24:18,861] Trial 712 finished with value: -0.0067512541277543235 and parameters: {'trail_distance_atr_mult': 1.008543979142086}. Best is trial 126 with value: -0.000363295272717509.
[2025-12-14 12:24:20.306] ⚖️ Computing uniqueness weights for 9018 events... INFO
2025-12-14 12:24:20,306 - System.tprint - INFO - ℹ️ ⚖️ Computing uniqueness weights for 9018 events... INFO
[2025-12-14 12:24:20.317] ✅ Uniqueness weights computed. Mean: 1.0000, Min: 0.4373, Max: 1.3120 SUCCESS
2025-12-14 12:24:20,317 - System.tprint - INFO - ℹ️ ✅ Uniqueness weights computed. Mean: 1.0000, Min: 0.4373, Max: 1.3120 SUCCESS
[I 2025-12-14 12:24:21,220] Trial 713 finished with value: -0.007658100846851401 and parameters: {'trail_distance_atr_mult': 1.1073780795114223}. Best is trial 126 with value: -0.000363295272717509.
[2025-12-14 12:24:22.673] ⚖️ Computing uniqueness weights for 9018 events... INFO
2025-12-14 12:24:22,673 - System.tprint - INFO - ℹ️ ⚖️ Computing uniqueness weights for 9018 events... INFO
[2025-12-14 12:24:22.685] ✅ Uniqueness weights computed. Mean: 1.0000, Min: 0.4374, Max: 1.3122 SUCCESS
2025-12-14 12:24:22,685 - System.tprint - INFO - ℹ️ ✅ Uniqueness weights computed. Mean: 1.0000, Min: 0.4374, Max: 1.3122 SUCCESS
[I 2025-12-14 12:24:23,669] Trial 714 finished with value: -0.0030156793521258812 and parameters: {'trail_distance_atr_mult': 1.2012808681429716}. Best is trial 126 with value: -0.000363295272717509.
[2025-12-14 12:24:25.086] ⚖️ Computing uniqueness weights for 9018 events... INFO
2025-12-14 12:24:25,086 - System.tprint - INFO - ℹ️ ⚖️ Computing uniqueness weights for 9018 events... INFO
[2025-12-14 12:24:25.098] ✅ Uniqueness weights computed. Mean: 1.0000, Min: 0.4374, Max: 1.3123 SUCCESS
2025-12-14 12:24:25,098 - System.tprint - INFO - ℹ️ ✅ Uniqueness weights computed. Mean: 1.0000, Min: 0.4374, Max: 1.3123 SUCCESS
[I 2025-12-14 12:24:25,990] Trial 715 finished with value: -0.004487203562470723 and parameters: {'trail_distance_atr_mult': 1.2272441298888714}. Best is trial 126 with value: -0.000363295272717509.
[2025-12-14 12:24:27.460] ⚖️ Computing uniqueness weights for 9018 events... INFO
2025-12-14 12:24:27,461 - System.tprint - INFO - ℹ️ ⚖️ Computing uniqueness weights for 9018 events... INFO
[2025-12-14 12:24:27.472] ✅ Uniqueness weights computed. Mean: 1.0000, Min: 0.4374, Max: 1.3122 SUCCESS
2025-12-14 12:24:27,472 - System.tprint - INFO - ℹ️ ✅ Uniqueness weights computed. Mean: 1.0000, Min: 0.4374, Max: 1.3122 SUCCESS
[I 2025-12-14 12:24:28,574] Trial 716 finished with value: -0.0032227669517218634 and parameters: {'trail_distance_atr_mult': 1.219033781581913}. Best is trial 126 with value: -0.000363295272717509.
[2025-12-14 12:24:30.119] ⚖️ Computing uniqueness weights for 9018 events... INFO
2025-12-14 12:24:30,119 - System.tprint - INFO - ℹ️ ⚖️ Computing uniqueness weights for 9018 events... INFO
[2025-12-14 12:24:30.132] ✅ Uniqueness weights computed. Mean: 1.0000, Min: 0.4373, Max: 1.3118 SUCCESS
2025-12-14 12:24:30,132 - System.tprint - INFO - ℹ️ ✅ Uniqueness weights computed. Mean: 1.0000, Min: 0.4373, Max: 1.3118 SUCCESS
[I 2025-12-14 12:24:31,034] Trial 717 finished with value: -0.006888961454924947 and parameters: {'trail_distance_atr_mult': 0.9235011224756655}. Best is trial 126 with value: -0.000363295272717509.
[2025-12-14 12:24:32.460] ⚖️ Computing uniqueness weights for 9018 events... INFO
2025-12-14 12:24:32,460 - System.tprint - INFO - ℹ️ ⚖️ Computing uniqueness weights for 9018 events... INFO
[2025-12-14 12:24:32.472] ✅ Uniqueness weights computed. Mean: 1.0000, Min: 0.4375, Max: 1.3124 SUCCESS
2025-12-14 12:24:32,472 - System.tprint - INFO - ℹ️ ✅ Uniqueness weights computed. Mean: 1.0000, Min: 0.4375, Max: 1.3124 SUCCESS
[I 2025-12-14 12:24:33,386] Trial 718 finished with value: -0.0022685393248505726 and parameters: {'trail_distance_atr_mult': 1.2583557961611878}. Best is trial 126 with value: -0.000363295272717509.
[2025-12-14 12:24:34.831] ⚖️ Computing uniqueness weights for 9018 events... INFO
2025-12-14 12:24:34,831 - System.tprint - INFO - ℹ️ ⚖️ Computing uniqueness weights for 9018 events... INFO
[2025-12-14 12:24:34.844] ✅ Uniqueness weights computed. Mean: 1.0000, Min: 0.4374, Max: 1.3121 SUCCESS
2025-12-14 12:24:34,844 - System.tprint - INFO - ℹ️ ✅ Uniqueness weights computed. Mean: 1.0000, Min: 0.4374, Max: 1.3121 SUCCESS
[I 2025-12-14 12:24:35,741] Trial 719 finished with value: -0.004891598354702104 and parameters: {'trail_distance_atr_mult': 1.1867943194574653}. Best is trial 126 with value: -0.000363295272717509.
[2025-12-14 12:24:37.159] ⚖️ Computing uniqueness weights for 9018 events... INFO
2025-12-14 12:24:37,159 - System.tprint - INFO - ℹ️ ⚖️ Computing uniqueness weights for 9018 events... INFO
[2025-12-14 12:24:37.170] ✅ Uniqueness weights computed. Mean: 1.0000, Min: 0.4374, Max: 1.3121 SUCCESS
2025-12-14 12:24:37,170 - System.tprint - INFO - ℹ️ ✅ Uniqueness weights computed. Mean: 1.0000, Min: 0.4374, Max: 1.3121 SUCCESS
[I 2025-12-14 12:24:38,072] Trial 720 finished with value: -0.0048915801257221276 and parameters: {'trail_distance_atr_mult': 1.1875348129735992}. Best is trial 126 with value: -0.000363295272717509.
[2025-12-14 12:24:39.479] ⚖️ Computing uniqueness weights for 9018 events... INFO
2025-12-14 12:24:39,479 - System.tprint - INFO - ℹ️ ⚖️ Computing uniqueness weights for 9018 events... INFO
[2025-12-14 12:24:39.491] ✅ Uniqueness weights computed. Mean: 1.0000, Min: 0.4374, Max: 1.3122 SUCCESS
2025-12-14 12:24:39,491 - System.tprint - INFO - ℹ️ ✅ Uniqueness weights computed. Mean: 1.0000, Min: 0.4374, Max: 1.3122 SUCCESS
[I 2025-12-14 12:24:40,388] Trial 721 finished with value: -0.0034757487091135373 and parameters: {'trail_distance_atr_mult': 1.212556332322195}. Best is trial 126 with value: -0.000363295272717509.
[2025-12-14 12:24:41.795] ⚖️ Computing uniqueness weights for 9018 events... INFO
2025-12-14 12:24:41,795 - System.tprint - INFO - ℹ️ ⚖️ Computing uniqueness weights for 9018 events... INFO
[2025-12-14 12:24:41.807] ✅ Uniqueness weights computed. Mean: 1.0000, Min: 0.4374, Max: 1.3122 SUCCESS
2025-12-14 12:24:41,807 - System.tprint - INFO - ℹ️ ✅ Uniqueness weights computed. Mean: 1.0000, Min: 0.4374, Max: 1.3122 SUCCESS
[I 2025-12-14 12:24:42,708] Trial 722 finished with value: -0.003015685725851529 and parameters: {'trail_distance_atr_mult': 1.2110239219238716}. Best is trial 126 with value: -0.000363295272717509.
[2025-12-14 12:24:44.178] ⚖️ Computing uniqueness weights for 9018 events... INFO
2025-12-14 12:24:44,178 - System.tprint - INFO - ℹ️ ⚖️ Computing uniqueness weights for 9018 events... INFO
[2025-12-14 12:24:44.192] ✅ Uniqueness weights computed. Mean: 1.0000, Min: 0.4375, Max: 1.3124 SUCCESS
2025-12-14 12:24:44,192 - System.tprint - INFO - ℹ️ ✅ Uniqueness weights computed. Mean: 1.0000, Min: 0.4375, Max: 1.3124 SUCCESS
[I 2025-12-14 12:24:45,391] Trial 723 finished with value: -0.005837378250240988 and parameters: {'trail_distance_atr_mult': 1.2959911082220128}. Best is trial 126 with value: -0.000363295272717509.
[2025-12-14 12:24:46.828] ⚖️ Computing uniqueness weights for 9018 events... INFO
2025-12-14 12:24:46,829 - System.tprint - INFO - ℹ️ ⚖️ Computing uniqueness weights for 9018 events... INFO
[2025-12-14 12:24:46.841] ✅ Uniqueness weights computed. Mean: 1.0000, Min: 0.4373, Max: 1.3118 SUCCESS
2025-12-14 12:24:46,841 - System.tprint - INFO - ℹ️ ✅ Uniqueness weights computed. Mean: 1.0000, Min: 0.4373, Max: 1.3118 SUCCESS
[I 2025-12-14 12:24:47,728] Trial 724 finished with value: -0.006778397619122548 and parameters: {'trail_distance_atr_mult': 0.9358939296893929}. Best is trial 126 with value: -0.000363295272717509.
[2025-12-14 12:24:49.137] ⚖️ Computing uniqueness weights for 9018 events... INFO
2025-12-14 12:24:49,138 - System.tprint - INFO - ℹ️ ⚖️ Computing uniqueness weights for 9018 events... INFO
[2025-12-14 12:24:49.148] ✅ Uniqueness weights computed. Mean: 1.0000, Min: 0.4375, Max: 1.3125 SUCCESS
2025-12-14 12:24:49,148 - System.tprint - INFO - ℹ️ ✅ Uniqueness weights computed. Mean: 1.0000, Min: 0.4375, Max: 1.3125 SUCCESS
[I 2025-12-14 12:24:50,073] Trial 725 finished with value: -0.0029956667365752454 and parameters: {'trail_distance_atr_mult': 1.3604527126766175}. Best is trial 126 with value: -0.000363295272717509.
[2025-12-14 12:24:51.488] ⚖️ Computing uniqueness weights for 9018 events... INFO
2025-12-14 12:24:51,489 - System.tprint - INFO - ℹ️ ⚖️ Computing uniqueness weights for 9018 events... INFO
[2025-12-14 12:24:51.501] ✅ Uniqueness weights computed. Mean: 1.0000, Min: 0.4375, Max: 1.3124 SUCCESS
2025-12-14 12:24:51,501 - System.tprint - INFO - ℹ️ ✅ Uniqueness weights computed. Mean: 1.0000, Min: 0.4375, Max: 1.3124 SUCCESS
[I 2025-12-14 12:24:52,388] Trial 726 finished with value: -0.005686862693521322 and parameters: {'trail_distance_atr_mult': 1.284176716817178}. Best is trial 126 with value: -0.000363295272717509.
[2025-12-14 12:24:53.800] ⚖️ Computing uniqueness weights for 9018 events... INFO
2025-12-14 12:24:53,800 - System.tprint - INFO - ℹ️ ⚖️ Computing uniqueness weights for 9018 events... INFO
[2025-12-14 12:24:53.812] ✅ Uniqueness weights computed. Mean: 1.0000, Min: 0.4375, Max: 1.3124 SUCCESS
2025-12-14 12:24:53,812 - System.tprint - INFO - ℹ️ ✅ Uniqueness weights computed. Mean: 1.0000, Min: 0.4375, Max: 1.3124 SUCCESS
[I 2025-12-14 12:24:54,841] Trial 727 finished with value: -0.003237355503412659 and parameters: {'trail_distance_atr_mult': 1.3154422435091417}. Best is trial 126 with value: -0.000363295272717509.
[2025-12-14 12:24:56.290] ⚖️ Computing uniqueness weights for 9018 events... INFO
2025-12-14 12:24:56,290 - System.tprint - INFO - ℹ️ ⚖️ Computing uniqueness weights for 9018 events... INFO
[2025-12-14 12:24:56.302] ✅ Uniqueness weights computed. Mean: 1.0000, Min: 0.4375, Max: 1.3124 SUCCESS
2025-12-14 12:24:56,302 - System.tprint - INFO - ℹ️ ✅ Uniqueness weights computed. Mean: 1.0000, Min: 0.4375, Max: 1.3124 SUCCESS
[I 2025-12-14 12:24:57,284] Trial 728 finished with value: -0.003237372758672597 and parameters: {'trail_distance_atr_mult': 1.3253969613017447}. Best is trial 126 with value: -0.000363295272717509.
[2025-12-14 12:24:58.726] ⚖️ Computing uniqueness weights for 9018 events... INFO
2025-12-14 12:24:58,726 - System.tprint - INFO - ℹ️ ⚖️ Computing uniqueness weights for 9018 events... INFO
[2025-12-14 12:24:58.741] ✅ Uniqueness weights computed. Mean: 1.0000, Min: 0.4373, Max: 1.3120 SUCCESS
2025-12-14 12:24:58,741 - System.tprint - INFO - ℹ️ ✅ Uniqueness weights computed. Mean: 1.0000, Min: 0.4373, Max: 1.3120 SUCCESS
[I 2025-12-14 12:24:59,949] Trial 729 finished with value: -0.007527263653545021 and parameters: {'trail_distance_atr_mult': 1.0689882665102177}. Best is trial 126 with value: -0.000363295272717509.
[2025-12-14 12:25:01.371] ⚖️ Computing uniqueness weights for 9018 events... INFO
2025-12-14 12:25:01,372 - System.tprint - INFO - ℹ️ ⚖️ Computing uniqueness weights for 9018 events... INFO
[2025-12-14 12:25:01.383] ✅ Uniqueness weights computed. Mean: 1.0000, Min: 0.4377, Max: 1.3132 SUCCESS
2025-12-14 12:25:01,383 - System.tprint - INFO - ℹ️ ✅ Uniqueness weights computed. Mean: 1.0000, Min: 0.4377, Max: 1.3132 SUCCESS
[I 2025-12-14 12:25:02,315] Trial 730 finished with value: -0.004555780432985556 and parameters: {'trail_distance_atr_mult': 1.8882460721087668}. Best is trial 126 with value: -0.000363295272717509.
[2025-12-14 12:25:03.716] ⚖️ Computing uniqueness weights for 9018 events... INFO
2025-12-14 12:25:03,716 - System.tprint - INFO - ℹ️ ⚖️ Computing uniqueness weights for 9018 events... INFO
[2025-12-14 12:25:03.727] ✅ Uniqueness weights computed. Mean: 1.0000, Min: 0.4375, Max: 1.3125 SUCCESS
2025-12-14 12:25:03,727 - System.tprint - INFO - ℹ️ ✅ Uniqueness weights computed. Mean: 1.0000, Min: 0.4375, Max: 1.3125 SUCCESS
[I 2025-12-14 12:25:04,624] Trial 731 finished with value: -0.004187399398377178 and parameters: {'trail_distance_atr_mult': 1.4527849125140258}. Best is trial 126 with value: -0.000363295272717509.
[2025-12-14 12:25:06.087] ⚖️ Computing uniqueness weights for 9018 events... INFO
2025-12-14 12:25:06,087 - System.tprint - INFO - ℹ️ ⚖️ Computing uniqueness weights for 9018 events... INFO
[2025-12-14 12:25:06.097] ✅ Uniqueness weights computed. Mean: 1.0000, Min: 0.4375, Max: 1.3125 SUCCESS
2025-12-14 12:25:06,098 - System.tprint - INFO - ℹ️ ✅ Uniqueness weights computed. Mean: 1.0000, Min: 0.4375, Max: 1.3125 SUCCESS
[I 2025-12-14 12:25:07,014] Trial 732 finished with value: -0.0031811722862775172 and parameters: {'trail_distance_atr_mult': 1.3710602589599865}. Best is trial 126 with value: -0.000363295272717509.
[2025-12-14 12:25:08.674] ⚖️ Computing uniqueness weights for 9018 events... INFO
2025-12-14 12:25:08,674 - System.tprint - INFO - ℹ️ ⚖️ Computing uniqueness weights for 9018 events... INFO
[2025-12-14 12:25:08.685] ✅ Uniqueness weights computed. Mean: 1.0000, Min: 0.4377, Max: 1.3130 SUCCESS
2025-12-14 12:25:08,685 - System.tprint - INFO - ℹ️ ✅ Uniqueness weights computed. Mean: 1.0000, Min: 0.4377, Max: 1.3130 SUCCESS
[I 2025-12-14 12:25:09,569] Trial 733 finished with value: -0.008196052525295447 and parameters: {'trail_distance_atr_mult': 1.7454879955906701}. Best is trial 126 with value: -0.000363295272717509.
[2025-12-14 12:25:10.973] ⚖️ Computing uniqueness weights for 9018 events... INFO
2025-12-14 12:25:10,973 - System.tprint - INFO - ℹ️ ⚖️ Computing uniqueness weights for 9018 events... INFO
[2025-12-14 12:25:10.984] ✅ Uniqueness weights computed. Mean: 1.0000, Min: 0.4375, Max: 1.3125 SUCCESS
2025-12-14 12:25:10,984 - System.tprint - INFO - ℹ️ ✅ Uniqueness weights computed. Mean: 1.0000, Min: 0.4375, Max: 1.3125 SUCCESS
