[I 2025-12-14 13:06:34,999] Trial 1889 finished with value: -0.007702307204384528 and parameters: {'trail_distance_atr_mult': 1.1465908135280871}. Best is trial 126 with value: -0.000363295272717509.
[2025-12-14 13:06:36.193] ⚖️ Computing uniqueness weights for 9018 events... INFO
2025-12-14 13:06:36,194 - System.tprint - INFO - ℹ️ ⚖️ Computing uniqueness weights for 9018 events... INFO
[2025-12-14 13:06:36.203] ✅ Uniqueness weights computed. Mean: 1.0000, Min: 0.4375, Max: 1.3124 SUCCESS
2025-12-14 13:06:36,203 - System.tprint - INFO - ℹ️ ✅ Uniqueness weights computed. Mean: 1.0000, Min: 0.4375, Max: 1.3124 SUCCESS
[I 2025-12-14 13:06:36,869] Trial 1890 finished with value: -0.003237371155534821 and parameters: {'trail_distance_atr_mult': 1.3287080206160535}. Best is trial 126 with value: -0.000363295272717509.
[2025-12-14 13:06:38.072] ⚖️ Computing uniqueness weights for 9018 events... INFO
2025-12-14 13:06:38,073 - System.tprint - INFO - ℹ️ ⚖️ Computing uniqueness weights for 9018 events... INFO
[2025-12-14 13:06:38.083] ✅ Uniqueness weights computed. Mean: 1.0000, Min: 0.4373, Max: 1.3118 SUCCESS
2025-12-14 13:06:38,083 - System.tprint - INFO - ℹ️ ✅ Uniqueness weights computed. Mean: 1.0000, Min: 0.4373, Max: 1.3118 SUCCESS
[I 2025-12-14 13:06:38,745] Trial 1891 finished with value: -0.006758367010543174 and parameters: {'trail_distance_atr_mult': 0.9727756210015628}. Best is trial 126 with value: -0.000363295272717509.
[2025-12-14 13:06:39.961] ⚖️ Computing uniqueness weights for 9018 events... INFO
2025-12-14 13:06:39,961 - System.tprint - INFO - ℹ️ ⚖️ Computing uniqueness weights for 9018 events... INFO
[2025-12-14 13:06:39.971] ✅ Uniqueness weights computed. Mean: 1.0000, Min: 0.4374, Max: 1.3121 SUCCESS
2025-12-14 13:06:39,971 - System.tprint - INFO - ℹ️ ✅ Uniqueness weights computed. Mean: 1.0000, Min: 0.4374, Max: 1.3121 SUCCESS
[I 2025-12-14 13:06:40,662] Trial 1892 finished with value: -0.0077023207688923625 and parameters: {'trail_distance_atr_mult': 1.1442600432687502}. Best is trial 126 with value: -0.000363295272717509.
[2025-12-14 13:06:41.883] ⚖️ Computing uniqueness weights for 9018 events... INFO
2025-12-14 13:06:41,883 - System.tprint - INFO - ℹ️ ⚖️ Computing uniqueness weights for 9018 events... INFO
[2025-12-14 13:06:41.893] ✅ Uniqueness weights computed. Mean: 1.0000, Min: 0.4372, Max: 1.3117 SUCCESS
2025-12-14 13:06:41,893 - System.tprint - INFO - ℹ️ ✅ Uniqueness weights computed. Mean: 1.0000, Min: 0.4372, Max: 1.3117 SUCCESS
[I 2025-12-14 13:06:42,571] Trial 1893 finished with value: -0.006747766220458651 and parameters: {'trail_distance_atr_mult': 0.7621911536127586}. Best is trial 126 with value: -0.000363295272717509.
[2025-12-14 13:06:43.770] ⚖️ Computing uniqueness weights for 9018 events... INFO
2025-12-14 13:06:43,770 - System.tprint - INFO - ℹ️ ⚖️ Computing uniqueness weights for 9018 events... INFO
[2025-12-14 13:06:43.780] ✅ Uniqueness weights computed. Mean: 1.0000, Min: 0.4373, Max: 1.3120 SUCCESS
2025-12-14 13:06:43,780 - System.tprint - INFO - ℹ️ ✅ Uniqueness weights computed. Mean: 1.0000, Min: 0.4373, Max: 1.3120 SUCCESS
[I 2025-12-14 13:06:44,448] Trial 1894 finished with value: -0.007816488178430087 and parameters: {'trail_distance_atr_mult': 1.1252351990273237}. Best is trial 126 with value: -0.000363295272717509.
[2025-12-14 13:06:45.632] ⚖️ Computing uniqueness weights for 9018 events... INFO
2025-12-14 13:06:45,632 - System.tprint - INFO - ℹ️ ⚖️ Computing uniqueness weights for 9018 events... INFO
[2025-12-14 13:06:45.642] ✅ Uniqueness weights computed. Mean: 1.0000, Min: 0.4373, Max: 1.3118 SUCCESS
2025-12-14 13:06:45,642 - System.tprint - INFO - ℹ️ ✅ Uniqueness weights computed. Mean: 1.0000, Min: 0.4373, Max: 1.3118 SUCCESS
[I 2025-12-14 13:06:46,390] Trial 1895 finished with value: -0.007291707368770132 and parameters: {'trail_distance_atr_mult': 0.9617070538934495}. Best is trial 126 with value: -0.000363295272717509.
[2025-12-14 13:06:47.756] ⚖️ Computing uniqueness weights for 9018 events... INFO
2025-12-14 13:06:47,756 - System.tprint - INFO - ℹ️ ⚖️ Computing uniqueness weights for 9018 events... INFO
[2025-12-14 13:06:47.767] ✅ Uniqueness weights computed. Mean: 1.0000, Min: 0.4375, Max: 1.3124 SUCCESS
2025-12-14 13:06:47,767 - System.tprint - INFO - ℹ️ ✅ Uniqueness weights computed. Mean: 1.0000, Min: 0.4375, Max: 1.3124 SUCCESS
[I 2025-12-14 13:06:48,688] Trial 1896 finished with value: -0.003237374145937911 and parameters: {'trail_distance_atr_mult': 1.323311534189887}. Best is trial 126 with value: -0.000363295272717509.
[2025-12-14 13:06:50.251] ⚖️ Computing uniqueness weights for 9018 events... INFO
2025-12-14 13:06:50,252 - System.tprint - INFO - ℹ️ ⚖️ Computing uniqueness weights for 9018 events... INFO
[2025-12-14 13:06:50.263] ✅ Uniqueness weights computed. Mean: 1.0000, Min: 0.4372, Max: 1.3117 SUCCESS
2025-12-14 13:06:50,263 - System.tprint - INFO - ℹ️ ✅ Uniqueness weights computed. Mean: 1.0000, Min: 0.4372, Max: 1.3117 SUCCESS
[I 2025-12-14 13:06:50,944] Trial 1897 finished with value: -0.006728052547546265 and parameters: {'trail_distance_atr_mult': 0.7943606894065562}. Best is trial 126 with value: -0.000363295272717509.
[2025-12-14 13:06:52.162] ⚖️ Computing uniqueness weights for 9018 events... INFO
2025-12-14 13:06:52,162 - System.tprint - INFO - ℹ️ ⚖️ Computing uniqueness weights for 9018 events... INFO
[2025-12-14 13:06:52.172] ✅ Uniqueness weights computed. Mean: 1.0000, Min: 0.4373, Max: 1.3120 SUCCESS
2025-12-14 13:06:52,172 - System.tprint - INFO - ℹ️ ✅ Uniqueness weights computed. Mean: 1.0000, Min: 0.4373, Max: 1.3120 SUCCESS
[I 2025-12-14 13:06:52,949] Trial 1898 finished with value: -0.007816488170481419 and parameters: {'trail_distance_atr_mult': 1.1244688140820074}. Best is trial 126 with value: -0.000363295272717509.
[2025-12-14 13:06:55.555] ⚖️ Computing uniqueness weights for 9018 events... INFO
2025-12-14 13:06:55,555 - System.tprint - INFO - ℹ️ ⚖️ Computing uniqueness weights for 9018 events... INFO
[2025-12-14 13:06:55.573] ✅ Uniqueness weights computed. Mean: 1.0000, Min: 0.4373, Max: 1.3119 SUCCESS
2025-12-14 13:06:55,573 - System.tprint - INFO - ℹ️ ✅ Uniqueness weights computed. Mean: 1.0000, Min: 0.4373, Max: 1.3119 SUCCESS
[I 2025-12-14 13:06:56,769] Trial 1899 finished with value: -0.0067512359410586515 and parameters: {'trail_distance_atr_mult': 1.0029227156739318}. Best is trial 126 with value: -0.000363295272717509.
[2025-12-14 13:06:58.650] ⚖️ Computing uniqueness weights for 9018 events... INFO
2025-12-14 13:06:58,651 - System.tprint - INFO - ℹ️ ⚖️ Computing uniqueness weights for 9018 events... INFO
[2025-12-14 13:06:58.663] ✅ Uniqueness weights computed. Mean: 1.0000, Min: 0.4375, Max: 1.3124 SUCCESS
2025-12-14 13:06:58,663 - System.tprint - INFO - ℹ️ ✅ Uniqueness weights computed. Mean: 1.0000, Min: 0.4375, Max: 1.3124 SUCCESS
[I 2025-12-14 13:06:59,661] Trial 1900 finished with value: -0.0032373742508403727 and parameters: {'trail_distance_atr_mult': 1.3230439961131983}. Best is trial 126 with value: -0.000363295272717509.
[2025-12-14 13:07:01.271] ⚖️ Computing uniqueness weights for 9018 events... INFO
2025-12-14 13:07:01,271 - System.tprint - INFO - ℹ️ ⚖️ Computing uniqueness weights for 9018 events... INFO
[2025-12-14 13:07:01.284] ✅ Uniqueness weights computed. Mean: 1.0000, Min: 0.4373, Max: 1.3118 SUCCESS
2025-12-14 13:07:01,284 - System.tprint - INFO - ℹ️ ✅ Uniqueness weights computed. Mean: 1.0000, Min: 0.4373, Max: 1.3118 SUCCESS
[I 2025-12-14 13:07:02,231] Trial 1901 finished with value: -0.0067418882664602425 and parameters: {'trail_distance_atr_mult': 0.9836835426812507}. Best is trial 126 with value: -0.000363295272717509.
[2025-12-14 13:07:03.720] ⚖️ Computing uniqueness weights for 9018 events... INFO
2025-12-14 13:07:03,720 - System.tprint - INFO - ℹ️ ⚖️ Computing uniqueness weights for 9018 events... INFO
[2025-12-14 13:07:03.734] ✅ Uniqueness weights computed. Mean: 1.0000, Min: 0.4374, Max: 1.3121 SUCCESS
2025-12-14 13:07:03,734 - System.tprint - INFO - ℹ️ ✅ Uniqueness weights computed. Mean: 1.0000, Min: 0.4374, Max: 1.3121 SUCCESS
[I 2025-12-14 13:07:04,672] Trial 1902 finished with value: -0.007701276855252782 and parameters: {'trail_distance_atr_mult': 1.1509783481760179}. Best is trial 126 with value: -0.000363295272717509.
[2025-12-14 13:07:06.150] ⚖️ Computing uniqueness weights for 9018 events... INFO
2025-12-14 13:07:06,150 - System.tprint - INFO - ℹ️ ⚖️ Computing uniqueness weights for 9018 events... INFO
[2025-12-14 13:07:06.163] ✅ Uniqueness weights computed. Mean: 1.0000, Min: 0.4372, Max: 1.3117 SUCCESS
2025-12-14 13:07:06,163 - System.tprint - INFO - ℹ️ ✅ Uniqueness weights computed. Mean: 1.0000, Min: 0.4372, Max: 1.3117 SUCCESS
[I 2025-12-14 13:07:07,073] Trial 1903 finished with value: -0.006747540469056397 and parameters: {'trail_distance_atr_mult': 0.7662291210688768}. Best is trial 126 with value: -0.000363295272717509.
[2025-12-14 13:07:08.465] ⚖️ Computing uniqueness weights for 9018 events... INFO
2025-12-14 13:07:08,465 - System.tprint - INFO - ℹ️ ⚖️ Computing uniqueness weights for 9018 events... INFO
[2025-12-14 13:07:08.476] ✅ Uniqueness weights computed. Mean: 1.0000, Min: 0.4374, Max: 1.3121 SUCCESS
2025-12-14 13:07:08,476 - System.tprint - INFO - ℹ️ ✅ Uniqueness weights computed. Mean: 1.0000, Min: 0.4374, Max: 1.3121 SUCCESS
[I 2025-12-14 13:07:09,608] Trial 1904 finished with value: -0.007701242554250651 and parameters: {'trail_distance_atr_mult': 1.1572401800403191}. Best is trial 126 with value: -0.000363295272717509.
[2025-12-14 13:07:10.992] ⚖️ Computing uniqueness weights for 9018 events... INFO
2025-12-14 13:07:10,992 - System.tprint - INFO - ℹ️ ⚖️ Computing uniqueness weights for 9018 events... INFO
[2025-12-14 13:07:11.001] ✅ Uniqueness weights computed. Mean: 1.0000, Min: 0.4373, Max: 1.3118 SUCCESS
2025-12-14 13:07:11,002 - System.tprint - INFO - ℹ️ ✅ Uniqueness weights computed. Mean: 1.0000, Min: 0.4373, Max: 1.3118 SUCCESS
[I 2025-12-14 13:07:11,645] Trial 1905 finished with value: -0.006778425172093261 and parameters: {'trail_distance_atr_mult': 0.9552965870694023}. Best is trial 126 with value: -0.000363295272717509.
[2025-12-14 13:07:12.859] ⚖️ Computing uniqueness weights for 9018 events... INFO
2025-12-14 13:07:12,860 - System.tprint - INFO - ℹ️ ⚖️ Computing uniqueness weights for 9018 events... INFO
[2025-12-14 13:07:12.870] ✅ Uniqueness weights computed. Mean: 1.0000, Min: 0.4375, Max: 1.3124 SUCCESS
2025-12-14 13:07:12,870 - System.tprint - INFO - ℹ️ ✅ Uniqueness weights computed. Mean: 1.0000, Min: 0.4375, Max: 1.3124 SUCCESS
[I 2025-12-14 13:07:13,536] Trial 1906 finished with value: -0.0032373534258749873 and parameters: {'trail_distance_atr_mult': 1.3180145633474396}. Best is trial 126 with value: -0.000363295272717509.
[2025-12-14 13:07:14.842] ⚖️ Computing uniqueness weights for 9018 events... INFO
2025-12-14 13:07:14,843 - System.tprint - INFO - ℹ️ ⚖️ Computing uniqueness weights for 9018 events... INFO
[2025-12-14 13:07:14.852] ✅ Uniqueness weights computed. Mean: 1.0000, Min: 0.4372, Max: 1.3117 SUCCESS
2025-12-14 13:07:14,852 - System.tprint - INFO - ℹ️ ✅ Uniqueness weights computed. Mean: 1.0000, Min: 0.4372, Max: 1.3117 SUCCESS
[I 2025-12-14 13:07:15,511] Trial 1907 finished with value: -0.006747772695085248 and parameters: {'trail_distance_atr_mult': 0.759698664687341}. Best is trial 126 with value: -0.000363295272717509.
[2025-12-14 13:07:16.734] ⚖️ Computing uniqueness weights for 9018 events... INFO
2025-12-14 13:07:16,735 - System.tprint - INFO - ℹ️ ⚖️ Computing uniqueness weights for 9018 events... INFO
[2025-12-14 13:07:16.745] ✅ Uniqueness weights computed. Mean: 1.0000, Min: 0.4374, Max: 1.3121 SUCCESS
2025-12-14 13:07:16,745 - System.tprint - INFO - ℹ️ ✅ Uniqueness weights computed. Mean: 1.0000, Min: 0.4374, Max: 1.3121 SUCCESS
[I 2025-12-14 13:07:17,383] Trial 1908 finished with value: -0.007702334778722982 and parameters: {'trail_distance_atr_mult': 1.1416200983932177}. Best is trial 126 with value: -0.000363295272717509.
[2025-12-14 13:07:18.564] ⚖️ Computing uniqueness weights for 9018 events... INFO
2025-12-14 13:07:18,565 - System.tprint - INFO - ℹ️ ⚖️ Computing uniqueness weights for 9018 events... INFO
[2025-12-14 13:07:18.575] ✅ Uniqueness weights computed. Mean: 1.0000, Min: 0.4372, Max: 1.3117 SUCCESS
2025-12-14 13:07:18,575 - System.tprint - INFO - ℹ️ ✅ Uniqueness weights computed. Mean: 1.0000, Min: 0.4372, Max: 1.3117 SUCCESS
[I 2025-12-14 13:07:19,236] Trial 1909 finished with value: -0.007321828937469562 and parameters: {'trail_distance_atr_mult': 0.5017006530858072}. Best is trial 126 with value: -0.000363295272717509.
[2025-12-14 13:07:20.726] ⚖️ Computing uniqueness weights for 9018 events... INFO
2025-12-14 13:07:20,726 - System.tprint - INFO - ℹ️ ⚖️ Computing uniqueness weights for 9018 events... INFO
[2025-12-14 13:07:20.738] ✅ Uniqueness weights computed. Mean: 1.0000, Min: 0.4373, Max: 1.3118 SUCCESS
2025-12-14 13:07:20,738 - System.tprint - INFO - ℹ️ ✅ Uniqueness weights computed. Mean: 1.0000, Min: 0.4373, Max: 1.3118 SUCCESS
[I 2025-12-14 13:07:21,392] Trial 1910 finished with value: -0.006758397175113669 and parameters: {'trail_distance_atr_mult': 0.9776343868953237}. Best is trial 126 with value: -0.000363295272717509.
[2025-12-14 13:07:22.596] ⚖️ Computing uniqueness weights for 9018 events... INFO
2025-12-14 13:07:22,596 - System.tprint - INFO - ℹ️ ⚖️ Computing uniqueness weights for 9018 events... INFO
[2025-12-14 13:07:22.606] ✅ Uniqueness weights computed. Mean: 1.0000, Min: 0.4374, Max: 1.3121 SUCCESS
2025-12-14 13:07:22,606 - System.tprint - INFO - ℹ️ ✅ Uniqueness weights computed. Mean: 1.0000, Min: 0.4374, Max: 1.3121 SUCCESS
[I 2025-12-14 13:07:23,338] Trial 1911 finished with value: -0.007701258880281269 and parameters: {'trail_distance_atr_mult': 1.154213447238978}. Best is trial 126 with value: -0.000363295272717509.
[2025-12-14 13:07:24.582] ⚖️ Computing uniqueness weights for 9018 events... INFO
2025-12-14 13:07:24,582 - System.tprint - INFO - ℹ️ ⚖️ Computing uniqueness weights for 9018 events... INFO
[2025-12-14 13:07:24.592] ✅ Uniqueness weights computed. Mean: 1.0000, Min: 0.4373, Max: 1.3118 SUCCESS
2025-12-14 13:07:24,592 - System.tprint - INFO - ℹ️ ✅ Uniqueness weights computed. Mean: 1.0000, Min: 0.4373, Max: 1.3118 SUCCESS
[I 2025-12-14 13:07:25,243] Trial 1912 finished with value: -0.006654652034533329 and parameters: {'trail_distance_atr_mult': 0.8234524850751286}. Best is trial 126 with value: -0.000363295272717509.
[2025-12-14 13:07:26.452] ⚖️ Computing uniqueness weights for 9018 events... INFO
2025-12-14 13:07:26,452 - System.tprint - INFO - ℹ️ ⚖️ Computing uniqueness weights for 9018 events... INFO
[2025-12-14 13:07:26.462] ✅ Uniqueness weights computed. Mean: 1.0000, Min: 0.4373, Max: 1.3118 SUCCESS
2025-12-14 13:07:26,462 - System.tprint - INFO - ℹ️ ✅ Uniqueness weights computed. Mean: 1.0000, Min: 0.4373, Max: 1.3118 SUCCESS
[I 2025-12-14 13:07:27,099] Trial 1913 finished with value: -0.006741923305543793 and parameters: {'trail_distance_atr_mult': 0.9881881006522264}. Best is trial 126 with value: -0.000363295272717509.
[2025-12-14 13:07:28.309] ⚖️ Computing uniqueness weights for 9018 events... INFO
2025-12-14 13:07:28,309 - System.tprint - INFO - ℹ️ ⚖️ Computing uniqueness weights for 9018 events... INFO
[2025-12-14 13:07:28.319] ✅ Uniqueness weights computed. Mean: 1.0000, Min: 0.4375, Max: 1.3124 SUCCESS
2025-12-14 13:07:28,319 - System.tprint - INFO - ℹ️ ✅ Uniqueness weights computed. Mean: 1.0000, Min: 0.4375, Max: 1.3124 SUCCESS
[I 2025-12-14 13:07:28,975] Trial 1914 finished with value: -0.0032373542457365683 and parameters: {'trail_distance_atr_mult': 1.3168742661010413}. Best is trial 126 with value: -0.000363295272717509.
[2025-12-14 13:07:30.178] ⚖️ Computing uniqueness weights for 9018 events... INFO
2025-12-14 13:07:30,178 - System.tprint - INFO - ℹ️ ⚖️ Computing uniqueness weights for 9018 events... INFO
[2025-12-14 13:07:30.188] ✅ Uniqueness weights computed. Mean: 1.0000, Min: 0.4373, Max: 1.3120 SUCCESS
2025-12-14 13:07:30,188 - System.tprint - INFO - ℹ️ ✅ Uniqueness weights computed. Mean: 1.0000, Min: 0.4373, Max: 1.3120 SUCCESS
[I 2025-12-14 13:07:30,824] Trial 1915 finished with value: -0.007816488210187485 and parameters: {'trail_distance_atr_mult': 1.1219933078674158}. Best is trial 126 with value: -0.000363295272717509.
[2025-12-14 13:07:32.025] ⚖️ Computing uniqueness weights for 9018 events... INFO
2025-12-14 13:07:32,025 - System.tprint - INFO - ℹ️ ⚖️ Computing uniqueness weights for 9018 events... INFO
[2025-12-14 13:07:32.035] ✅ Uniqueness weights computed. Mean: 1.0000, Min: 0.4372, Max: 1.3117 SUCCESS
2025-12-14 13:07:32,035 - System.tprint - INFO - ℹ️ ✅ Uniqueness weights computed. Mean: 1.0000, Min: 0.4372, Max: 1.3117 SUCCESS
[I 2025-12-14 13:07:32,673] Trial 1916 finished with value: -0.006728209085292791 and parameters: {'trail_distance_atr_mult': 0.7785355081307196}. Best is trial 126 with value: -0.000363295272717509.
[2025-12-14 13:07:33.877] ⚖️ Computing uniqueness weights for 9018 events... INFO
2025-12-14 13:07:33,877 - System.tprint - INFO - ℹ️ ⚖️ Computing uniqueness weights for 9018 events... INFO
[2025-12-14 13:07:33.886] ✅ Uniqueness weights computed. Mean: 1.0000, Min: 0.4373, Max: 1.3118 SUCCESS
2025-12-14 13:07:33,886 - System.tprint - INFO - ℹ️ ✅ Uniqueness weights computed. Mean: 1.0000, Min: 0.4373, Max: 1.3118 SUCCESS
[I 2025-12-14 13:07:34,527] Trial 1917 finished with value: -0.006758406989937636 and parameters: {'trail_distance_atr_mult': 0.979210185345234}. Best is trial 126 with value: -0.000363295272717509.
[2025-12-14 13:07:35.745] ⚖️ Computing uniqueness weights for 9018 events... INFO
2025-12-14 13:07:35,745 - System.tprint - INFO - ℹ️ ⚖️ Computing uniqueness weights for 9018 events... INFO
[2025-12-14 13:07:35.755] ✅ Uniqueness weights computed. Mean: 1.0000, Min: 0.4380, Max: 1.3140 SUCCESS
2025-12-14 13:07:35,755 - System.tprint - INFO - ℹ️ ✅ Uniqueness weights computed. Mean: 1.0000, Min: 0.4380, Max: 1.3140 SUCCESS
[I 2025-12-14 13:07:36,391] Trial 1918 finished with value: -0.00789310825763974 and parameters: {'trail_distance_atr_mult': 2.2202014588711734}. Best is trial 126 with value: -0.000363295272717509.
[2025-12-14 13:07:37.589] ⚖️ Computing uniqueness weights for 9018 events... INFO
2025-12-14 13:07:37,589 - System.tprint - INFO - ℹ️ ⚖️ Computing uniqueness weights for 9018 events... INFO
[2025-12-14 13:07:37.599] ✅ Uniqueness weights computed. Mean: 1.0000, Min: 0.4375, Max: 1.3124 SUCCESS
2025-12-14 13:07:37,599 - System.tprint - INFO - ℹ️ ✅ Uniqueness weights computed. Mean: 1.0000, Min: 0.4375, Max: 1.3124 SUCCESS
[I 2025-12-14 13:07:38,235] Trial 1919 finished with value: -0.003237355375736597 and parameters: {'trail_distance_atr_mult': 1.31556689739568}. Best is trial 126 with value: -0.000363295272717509.
[2025-12-14 13:07:39.431] ⚖️ Computing uniqueness weights for 9018 events... INFO
2025-12-14 13:07:39,431 - System.tprint - INFO - ℹ️ ⚖️ Computing uniqueness weights for 9018 events... INFO
[2025-12-14 13:07:39.441] ✅ Uniqueness weights computed. Mean: 1.0000, Min: 0.4374, Max: 1.3121 SUCCESS
2025-12-14 13:07:39,441 - System.tprint - INFO - ℹ️ ✅ Uniqueness weights computed. Mean: 1.0000, Min: 0.4374, Max: 1.3121 SUCCESS
[I 2025-12-14 13:07:40,077] Trial 1920 finished with value: -0.007445840401182885 and parameters: {'trail_distance_atr_mult': 1.1701388924691154}. Best is trial 126 with value: -0.000363295272717509.
[2025-12-14 13:07:41.275] ⚖️ Computing uniqueness weights for 9018 events... INFO
2025-12-14 13:07:41,275 - System.tprint - INFO - ℹ️ ⚖️ Computing uniqueness weights for 9018 events... INFO
[2025-12-14 13:07:41.285] ✅ Uniqueness weights computed. Mean: 1.0000, Min: 0.4373, Max: 1.3118 SUCCESS
2025-12-14 13:07:41,285 - System.tprint - INFO - ℹ️ ✅ Uniqueness weights computed. Mean: 1.0000, Min: 0.4373, Max: 1.3118 SUCCESS
[I 2025-12-14 13:07:41,923] Trial 1921 finished with value: -0.006741882090274511 and parameters: {'trail_distance_atr_mult': 0.9828802716984552}. Best is trial 126 with value: -0.000363295272717509.
[2025-12-14 13:07:43.144] ⚖️ Computing uniqueness weights for 9018 events... INFO
2025-12-14 13:07:43,144 - System.tprint - INFO - ℹ️ ⚖️ Computing uniqueness weights for 9018 events... INFO
[2025-12-14 13:07:43.154] ✅ Uniqueness weights computed. Mean: 1.0000, Min: 0.4372, Max: 1.3117 SUCCESS
2025-12-14 13:07:43,154 - System.tprint - INFO - ℹ️ ✅ Uniqueness weights computed. Mean: 1.0000, Min: 0.4372, Max: 1.3117 SUCCESS
[I 2025-12-14 13:07:43,789] Trial 1922 finished with value: -0.006747738536599947 and parameters: {'trail_distance_atr_mult': 0.7721106503489588}. Best is trial 126 with value: -0.000363295272717509.
[2025-12-14 13:07:44.990] ⚖️ Computing uniqueness weights for 9018 events... INFO
2025-12-14 13:07:44,990 - System.tprint - INFO - ℹ️ ⚖️ Computing uniqueness weights for 9018 events... INFO
[2025-12-14 13:07:45.000] ✅ Uniqueness weights computed. Mean: 1.0000, Min: 0.4374, Max: 1.3121 SUCCESS
2025-12-14 13:07:45,000 - System.tprint - INFO - ℹ️ ✅ Uniqueness weights computed. Mean: 1.0000, Min: 0.4374, Max: 1.3121 SUCCESS
[I 2025-12-14 13:07:45,633] Trial 1923 finished with value: -0.007702310447482945 and parameters: {'trail_distance_atr_mult': 1.146099687099713}. Best is trial 126 with value: -0.000363295272717509.
[2025-12-14 13:07:46.837] ⚖️ Computing uniqueness weights for 9018 events... INFO
2025-12-14 13:07:46,837 - System.tprint - INFO - ℹ️ ⚖️ Computing uniqueness weights for 9018 events... INFO
[2025-12-14 13:07:46.847] ✅ Uniqueness weights computed. Mean: 1.0000, Min: 0.4373, Max: 1.3118 SUCCESS
2025-12-14 13:07:46,847 - System.tprint - INFO - ℹ️ ✅ Uniqueness weights computed. Mean: 1.0000, Min: 0.4373, Max: 1.3118 SUCCESS
