[I 2025-12-14 12:30:04,129] Trial 839 finished with value: -0.007224089025626046 and parameters: {'trail_distance_atr_mult': 0.9600407502407557}. Best is trial 126 with value: -0.000363295272717509.
[2025-12-14 12:30:05.539] ⚖️ Computing uniqueness weights for 9018 events... INFO
2025-12-14 12:30:05,539 - System.tprint - INFO - ℹ️ ⚖️ Computing uniqueness weights for 9018 events... INFO
[2025-12-14 12:30:05.549] ✅ Uniqueness weights computed. Mean: 1.0000, Min: 0.4375, Max: 1.3124 SUCCESS
2025-12-14 12:30:05,549 - System.tprint - INFO - ℹ️ ✅ Uniqueness weights computed. Mean: 1.0000, Min: 0.4375, Max: 1.3124 SUCCESS
[I 2025-12-14 12:30:06,426] Trial 840 finished with value: -0.0032373674336892496 and parameters: {'trail_distance_atr_mult': 1.342965318203904}. Best is trial 126 with value: -0.000363295272717509.
[2025-12-14 12:30:07.829] ⚖️ Computing uniqueness weights for 9018 events... INFO
2025-12-14 12:30:07,829 - System.tprint - INFO - ℹ️ ⚖️ Computing uniqueness weights for 9018 events... INFO
[2025-12-14 12:30:07.841] ✅ Uniqueness weights computed. Mean: 1.0000, Min: 0.4373, Max: 1.3120 SUCCESS
2025-12-14 12:30:07,841 - System.tprint - INFO - ℹ️ ✅ Uniqueness weights computed. Mean: 1.0000, Min: 0.4373, Max: 1.3120 SUCCESS
[I 2025-12-14 12:30:08,716] Trial 841 finished with value: -0.00758201960426341 and parameters: {'trail_distance_atr_mult': 1.0771895872164474}. Best is trial 126 with value: -0.000363295272717509.
[2025-12-14 12:30:10.213] ⚖️ Computing uniqueness weights for 9018 events... INFO
2025-12-14 12:30:10,214 - System.tprint - INFO - ℹ️ ⚖️ Computing uniqueness weights for 9018 events... INFO
[2025-12-14 12:30:10.228] ✅ Uniqueness weights computed. Mean: 1.0000, Min: 0.4375, Max: 1.3125 SUCCESS
2025-12-14 12:30:10,229 - System.tprint - INFO - ℹ️ ✅ Uniqueness weights computed. Mean: 1.0000, Min: 0.4375, Max: 1.3125 SUCCESS
[I 2025-12-14 12:30:11,174] Trial 842 finished with value: -0.004401915456974209 and parameters: {'trail_distance_atr_mult': 1.3870939080779499}. Best is trial 126 with value: -0.000363295272717509.
[2025-12-14 12:30:12.651] ⚖️ Computing uniqueness weights for 9018 events... INFO
2025-12-14 12:30:12,651 - System.tprint - INFO - ℹ️ ⚖️ Computing uniqueness weights for 9018 events... INFO
[2025-12-14 12:30:12.665] ✅ Uniqueness weights computed. Mean: 1.0000, Min: 0.4375, Max: 1.3124 SUCCESS
2025-12-14 12:30:12,665 - System.tprint - INFO - ℹ️ ✅ Uniqueness weights computed. Mean: 1.0000, Min: 0.4375, Max: 1.3124 SUCCESS
[I 2025-12-14 12:30:13,661] Trial 843 finished with value: -0.0046952819531454046 and parameters: {'trail_distance_atr_mult': 1.3073685146247542}. Best is trial 126 with value: -0.000363295272717509.
[2025-12-14 12:30:15.446] ⚖️ Computing uniqueness weights for 9018 events... INFO
2025-12-14 12:30:15,446 - System.tprint - INFO - ℹ️ ⚖️ Computing uniqueness weights for 9018 events... INFO
[2025-12-14 12:30:15.459] ✅ Uniqueness weights computed. Mean: 1.0000, Min: 0.4373, Max: 1.3120 SUCCESS
2025-12-14 12:30:15,459 - System.tprint - INFO - ℹ️ ✅ Uniqueness weights computed. Mean: 1.0000, Min: 0.4373, Max: 1.3120 SUCCESS
[I 2025-12-14 12:30:16,473] Trial 844 finished with value: -0.007527267623533616 and parameters: {'trail_distance_atr_mult': 1.0765454085554906}. Best is trial 126 with value: -0.000363295272717509.
[2025-12-14 12:30:18.440] ⚖️ Computing uniqueness weights for 9018 events... INFO
2025-12-14 12:30:18,440 - System.tprint - INFO - ℹ️ ⚖️ Computing uniqueness weights for 9018 events... INFO
[2025-12-14 12:30:18.456] ✅ Uniqueness weights computed. Mean: 1.0000, Min: 0.4377, Max: 1.3131 SUCCESS
2025-12-14 12:30:18,456 - System.tprint - INFO - ℹ️ ✅ Uniqueness weights computed. Mean: 1.0000, Min: 0.4377, Max: 1.3131 SUCCESS
[I 2025-12-14 12:30:19,369] Trial 845 finished with value: -0.006955416342349029 and parameters: {'trail_distance_atr_mult': 1.8538397611282609}. Best is trial 126 with value: -0.000363295272717509.
[2025-12-14 12:30:21.109] ⚖️ Computing uniqueness weights for 9018 events... INFO
2025-12-14 12:30:21,109 - System.tprint - INFO - ℹ️ ⚖️ Computing uniqueness weights for 9018 events... INFO
[2025-12-14 12:30:21.121] ✅ Uniqueness weights computed. Mean: 1.0000, Min: 0.4375, Max: 1.3125 SUCCESS
2025-12-14 12:30:21,121 - System.tprint - INFO - ℹ️ ✅ Uniqueness weights computed. Mean: 1.0000, Min: 0.4375, Max: 1.3125 SUCCESS
[I 2025-12-14 12:30:22,267] Trial 846 finished with value: -0.004401998404104376 and parameters: {'trail_distance_atr_mult': 1.4016735321670006}. Best is trial 126 with value: -0.000363295272717509.
[2025-12-14 12:30:23.911] ⚖️ Computing uniqueness weights for 9018 events... INFO
2025-12-14 12:30:23,911 - System.tprint - INFO - ℹ️ ⚖️ Computing uniqueness weights for 9018 events... INFO
[2025-12-14 12:30:23.924] ✅ Uniqueness weights computed. Mean: 1.0000, Min: 0.4373, Max: 1.3120 SUCCESS
2025-12-14 12:30:23,925 - System.tprint - INFO - ℹ️ ✅ Uniqueness weights computed. Mean: 1.0000, Min: 0.4373, Max: 1.3120 SUCCESS
[I 2025-12-14 12:30:25,134] Trial 847 finished with value: -0.0008138610131997059 and parameters: {'trail_distance_atr_mult': 1.1024164065285837}. Best is trial 126 with value: -0.000363295272717509.
[2025-12-14 12:30:27.059] ⚖️ Computing uniqueness weights for 9018 events... INFO
2025-12-14 12:30:27,059 - System.tprint - INFO - ℹ️ ⚖️ Computing uniqueness weights for 9018 events... INFO
[2025-12-14 12:30:27.074] ✅ Uniqueness weights computed. Mean: 1.0000, Min: 0.4372, Max: 1.3117 SUCCESS
2025-12-14 12:30:27,074 - System.tprint - INFO - ℹ️ ✅ Uniqueness weights computed. Mean: 1.0000, Min: 0.4372, Max: 1.3117 SUCCESS
[I 2025-12-14 12:30:28,213] Trial 848 finished with value: -0.006727942909390456 and parameters: {'trail_distance_atr_mult': 0.8050081854843443}. Best is trial 126 with value: -0.000363295272717509.
[2025-12-14 12:30:29.689] ⚖️ Computing uniqueness weights for 9018 events... INFO
2025-12-14 12:30:29,689 - System.tprint - INFO - ℹ️ ⚖️ Computing uniqueness weights for 9018 events... INFO
[2025-12-14 12:30:29.700] ✅ Uniqueness weights computed. Mean: 1.0000, Min: 0.4373, Max: 1.3120 SUCCESS
2025-12-14 12:30:29,700 - System.tprint - INFO - ℹ️ ✅ Uniqueness weights computed. Mean: 1.0000, Min: 0.4373, Max: 1.3120 SUCCESS
[I 2025-12-14 12:30:30,588] Trial 849 finished with value: -0.00752725608639237 and parameters: {'trail_distance_atr_mult': 1.0627424195230963}. Best is trial 126 with value: -0.000363295272717509.
[2025-12-14 12:30:31.997] ⚖️ Computing uniqueness weights for 9018 events... INFO
2025-12-14 12:30:31,998 - System.tprint - INFO - ℹ️ ⚖️ Computing uniqueness weights for 9018 events... INFO
[2025-12-14 12:30:32.009] ✅ Uniqueness weights computed. Mean: 1.0000, Min: 0.4373, Max: 1.3119 SUCCESS
2025-12-14 12:30:32,009 - System.tprint - INFO - ℹ️ ✅ Uniqueness weights computed. Mean: 1.0000, Min: 0.4373, Max: 1.3119 SUCCESS
[I 2025-12-14 12:30:32,881] Trial 850 finished with value: -0.007527231608957863 and parameters: {'trail_distance_atr_mult': 1.0425963805327403}. Best is trial 126 with value: -0.000363295272717509.
[2025-12-14 12:30:34.443] ⚖️ Computing uniqueness weights for 9018 events... INFO
2025-12-14 12:30:34,444 - System.tprint - INFO - ℹ️ ⚖️ Computing uniqueness weights for 9018 events... INFO
[2025-12-14 12:30:34.454] ✅ Uniqueness weights computed. Mean: 1.0000, Min: 0.4373, Max: 1.3120 SUCCESS
2025-12-14 12:30:34,455 - System.tprint - INFO - ℹ️ ✅ Uniqueness weights computed. Mean: 1.0000, Min: 0.4373, Max: 1.3120 SUCCESS
[I 2025-12-14 12:30:35,361] Trial 851 finished with value: -0.0008138610191961805 and parameters: {'trail_distance_atr_mult': 1.1023018730956684}. Best is trial 126 with value: -0.000363295272717509.
[2025-12-14 12:30:36.764] ⚖️ Computing uniqueness weights for 9018 events... INFO
2025-12-14 12:30:36,764 - System.tprint - INFO - ℹ️ ⚖️ Computing uniqueness weights for 9018 events... INFO
[2025-12-14 12:30:36.776] ✅ Uniqueness weights computed. Mean: 1.0000, Min: 0.4373, Max: 1.3119 SUCCESS
2025-12-14 12:30:36,776 - System.tprint - INFO - ℹ️ ✅ Uniqueness weights computed. Mean: 1.0000, Min: 0.4373, Max: 1.3119 SUCCESS
[I 2025-12-14 12:30:37,658] Trial 852 finished with value: -0.0030846855872562365 and parameters: {'trail_distance_atr_mult': 1.0261683384041822}. Best is trial 126 with value: -0.000363295272717509.
[2025-12-14 12:30:39.179] ⚖️ Computing uniqueness weights for 9018 events... INFO
2025-12-14 12:30:39,179 - System.tprint - INFO - ℹ️ ⚖️ Computing uniqueness weights for 9018 events... INFO
[2025-12-14 12:30:39.193] ✅ Uniqueness weights computed. Mean: 1.0000, Min: 0.4373, Max: 1.3120 SUCCESS
2025-12-14 12:30:39,193 - System.tprint - INFO - ℹ️ ✅ Uniqueness weights computed. Mean: 1.0000, Min: 0.4373, Max: 1.3120 SUCCESS
[I 2025-12-14 12:30:40,129] Trial 853 finished with value: -0.007527267522154205 and parameters: {'trail_distance_atr_mult': 1.076847585042217}. Best is trial 126 with value: -0.000363295272717509.
[2025-12-14 12:30:41.705] ⚖️ Computing uniqueness weights for 9018 events... INFO
2025-12-14 12:30:41,705 - System.tprint - INFO - ℹ️ ⚖️ Computing uniqueness weights for 9018 events... INFO
[2025-12-14 12:30:41.718] ✅ Uniqueness weights computed. Mean: 1.0000, Min: 0.4373, Max: 1.3120 SUCCESS
2025-12-14 12:30:41,718 - System.tprint - INFO - ℹ️ ✅ Uniqueness weights computed. Mean: 1.0000, Min: 0.4373, Max: 1.3120 SUCCESS
[I 2025-12-14 12:30:42,631] Trial 854 finished with value: -0.0008138614401325059 and parameters: {'trail_distance_atr_mult': 1.0963556271237864}. Best is trial 126 with value: -0.000363295272717509.
[2025-12-14 12:30:44.234] ⚖️ Computing uniqueness weights for 9018 events... INFO
2025-12-14 12:30:44,235 - System.tprint - INFO - ℹ️ ⚖️ Computing uniqueness weights for 9018 events... INFO
[2025-12-14 12:30:44.247] ✅ Uniqueness weights computed. Mean: 1.0000, Min: 0.4373, Max: 1.3118 SUCCESS
2025-12-14 12:30:44,247 - System.tprint - INFO - ℹ️ ✅ Uniqueness weights computed. Mean: 1.0000, Min: 0.4373, Max: 1.3118 SUCCESS
[I 2025-12-14 12:30:45,194] Trial 855 finished with value: -0.006804535093875688 and parameters: {'trail_distance_atr_mult': 0.8357569099170072}. Best is trial 126 with value: -0.000363295272717509.
[2025-12-14 12:30:46.654] ⚖️ Computing uniqueness weights for 9018 events... INFO
2025-12-14 12:30:46,654 - System.tprint - INFO - ℹ️ ⚖️ Computing uniqueness weights for 9018 events... INFO
[2025-12-14 12:30:46.666] ✅ Uniqueness weights computed. Mean: 1.0000, Min: 0.4374, Max: 1.3121 SUCCESS
2025-12-14 12:30:46,666 - System.tprint - INFO - ℹ️ ✅ Uniqueness weights computed. Mean: 1.0000, Min: 0.4374, Max: 1.3121 SUCCESS
[I 2025-12-14 12:30:47,582] Trial 856 finished with value: -0.007701231794275661 and parameters: {'trail_distance_atr_mult': 1.1591478567684819}. Best is trial 126 with value: -0.000363295272717509.
[2025-12-14 12:30:48.974] ⚖️ Computing uniqueness weights for 9018 events... INFO
2025-12-14 12:30:48,975 - System.tprint - INFO - ℹ️ ⚖️ Computing uniqueness weights for 9018 events... INFO
[2025-12-14 12:30:48.986] ✅ Uniqueness weights computed. Mean: 1.0000, Min: 0.4373, Max: 1.3120 SUCCESS
2025-12-14 12:30:48,986 - System.tprint - INFO - ℹ️ ✅ Uniqueness weights computed. Mean: 1.0000, Min: 0.4373, Max: 1.3120 SUCCESS
[I 2025-12-14 12:30:49,949] Trial 857 finished with value: -0.007527248017915474 and parameters: {'trail_distance_atr_mult': 1.0560514134101784}. Best is trial 126 with value: -0.000363295272717509.
[2025-12-14 12:30:51.411] ⚖️ Computing uniqueness weights for 9018 events... INFO
2025-12-14 12:30:51,411 - System.tprint - INFO - ℹ️ ⚖️ Computing uniqueness weights for 9018 events... INFO
[2025-12-14 12:30:51.425] ✅ Uniqueness weights computed. Mean: 1.0000, Min: 0.4373, Max: 1.3120 SUCCESS
2025-12-14 12:30:51,425 - System.tprint - INFO - ℹ️ ✅ Uniqueness weights computed. Mean: 1.0000, Min: 0.4373, Max: 1.3120 SUCCESS
[I 2025-12-14 12:30:52,324] Trial 858 finished with value: -0.007527250065623381 and parameters: {'trail_distance_atr_mult': 1.0577590878689584}. Best is trial 126 with value: -0.000363295272717509.
[2025-12-14 12:30:53.722] ⚖️ Computing uniqueness weights for 9018 events... INFO
2025-12-14 12:30:53,722 - System.tprint - INFO - ℹ️ ⚖️ Computing uniqueness weights for 9018 events... INFO
[2025-12-14 12:30:53.733] ✅ Uniqueness weights computed. Mean: 1.0000, Min: 0.4373, Max: 1.3118 SUCCESS
2025-12-14 12:30:53,733 - System.tprint - INFO - ℹ️ ✅ Uniqueness weights computed. Mean: 1.0000, Min: 0.4373, Max: 1.3118 SUCCESS
[I 2025-12-14 12:30:54,611] Trial 859 finished with value: -0.00675835305557884 and parameters: {'trail_distance_atr_mult': 0.9705369303664093}. Best is trial 126 with value: -0.000363295272717509.
[2025-12-14 12:30:56.006] ⚖️ Computing uniqueness weights for 9018 events... INFO
2025-12-14 12:30:56,006 - System.tprint - INFO - ℹ️ ⚖️ Computing uniqueness weights for 9018 events... INFO
[2025-12-14 12:30:56.017] ✅ Uniqueness weights computed. Mean: 1.0000, Min: 0.4374, Max: 1.3121 SUCCESS
2025-12-14 12:30:56,017 - System.tprint - INFO - ℹ️ ✅ Uniqueness weights computed. Mean: 1.0000, Min: 0.4374, Max: 1.3121 SUCCESS
[I 2025-12-14 12:30:56,892] Trial 860 finished with value: -0.0077023006533102545 and parameters: {'trail_distance_atr_mult': 1.1478851221727573}. Best is trial 126 with value: -0.000363295272717509.
[2025-12-14 12:30:58.292] ⚖️ Computing uniqueness weights for 9018 events... INFO
2025-12-14 12:30:58,292 - System.tprint - INFO - ℹ️ ⚖️ Computing uniqueness weights for 9018 events... INFO
[2025-12-14 12:30:58.304] ✅ Uniqueness weights computed. Mean: 1.0000, Min: 0.4373, Max: 1.3120 SUCCESS
2025-12-14 12:30:58,304 - System.tprint - INFO - ℹ️ ✅ Uniqueness weights computed. Mean: 1.0000, Min: 0.4373, Max: 1.3120 SUCCESS
[I 2025-12-14 12:30:59,277] Trial 861 finished with value: -0.007816488343875508 and parameters: {'trail_distance_atr_mult': 1.1278138540132354}. Best is trial 126 with value: -0.000363295272717509.
[2025-12-14 12:31:00.697] ⚖️ Computing uniqueness weights for 9018 events... INFO
2025-12-14 12:31:00,697 - System.tprint - INFO - ℹ️ ⚖️ Computing uniqueness weights for 9018 events... INFO
[2025-12-14 12:31:00.709] ✅ Uniqueness weights computed. Mean: 1.0000, Min: 0.4374, Max: 1.3121 SUCCESS
2025-12-14 12:31:00,709 - System.tprint - INFO - ℹ️ ✅ Uniqueness weights computed. Mean: 1.0000, Min: 0.4374, Max: 1.3121 SUCCESS
[I 2025-12-14 12:31:01,602] Trial 862 finished with value: -0.007701248306989984 and parameters: {'trail_distance_atr_mult': 1.1562076601578875}. Best is trial 126 with value: -0.000363295272717509.
[2025-12-14 12:31:02.983] ⚖️ Computing uniqueness weights for 9018 events... INFO
2025-12-14 12:31:02,984 - System.tprint - INFO - ℹ️ ⚖️ Computing uniqueness weights for 9018 events... INFO
[2025-12-14 12:31:02.994] ✅ Uniqueness weights computed. Mean: 1.0000, Min: 0.4373, Max: 1.3118 SUCCESS
2025-12-14 12:31:02,994 - System.tprint - INFO - ℹ️ ✅ Uniqueness weights computed. Mean: 1.0000, Min: 0.4373, Max: 1.3118 SUCCESS
[I 2025-12-14 12:31:03,868] Trial 863 finished with value: -0.006654653255181921 and parameters: {'trail_distance_atr_mult': 0.822080453337166}. Best is trial 126 with value: -0.000363295272717509.
[2025-12-14 12:31:05.253] ⚖️ Computing uniqueness weights for 9018 events... INFO
2025-12-14 12:31:05,253 - System.tprint - INFO - ℹ️ ⚖️ Computing uniqueness weights for 9018 events... INFO
[2025-12-14 12:31:05.264] ✅ Uniqueness weights computed. Mean: 1.0000, Min: 0.4373, Max: 1.3120 SUCCESS
2025-12-14 12:31:05,264 - System.tprint - INFO - ℹ️ ✅ Uniqueness weights computed. Mean: 1.0000, Min: 0.4373, Max: 1.3120 SUCCESS
[I 2025-12-14 12:31:06,140] Trial 864 finished with value: -0.007816488244939194 and parameters: {'trail_distance_atr_mult': 1.1256219939632}. Best is trial 126 with value: -0.000363295272717509.
[2025-12-14 12:31:07.533] ⚖️ Computing uniqueness weights for 9018 events... INFO
2025-12-14 12:31:07,534 - System.tprint - INFO - ℹ️ ⚖️ Computing uniqueness weights for 9018 events... INFO
[2025-12-14 12:31:07.546] ✅ Uniqueness weights computed. Mean: 1.0000, Min: 0.4374, Max: 1.3121 SUCCESS
2025-12-14 12:31:07,546 - System.tprint - INFO - ℹ️ ✅ Uniqueness weights computed. Mean: 1.0000, Min: 0.4374, Max: 1.3121 SUCCESS
[I 2025-12-14 12:31:08,464] Trial 865 finished with value: -0.0012531687512644992 and parameters: {'trail_distance_atr_mult': 1.1825438275919575}. Best is trial 126 with value: -0.000363295272717509.
[2025-12-14 12:31:09.859] ⚖️ Computing uniqueness weights for 9018 events... INFO
2025-12-14 12:31:09,859 - System.tprint - INFO - ℹ️ ⚖️ Computing uniqueness weights for 9018 events... INFO
[2025-12-14 12:31:09.872] ✅ Uniqueness weights computed. Mean: 1.0000, Min: 0.4374, Max: 1.3121 SUCCESS
2025-12-14 12:31:09,872 - System.tprint - INFO - ℹ️ ✅ Uniqueness weights computed. Mean: 1.0000, Min: 0.4374, Max: 1.3121 SUCCESS
[I 2025-12-14 12:31:10,745] Trial 866 finished with value: -0.00769146125536847 and parameters: {'trail_distance_atr_mult': 1.1636468894886898}. Best is trial 126 with value: -0.000363295272717509.
[2025-12-14 12:31:12.130] ⚖️ Computing uniqueness weights for 9018 events... INFO
2025-12-14 12:31:12,130 - System.tprint - INFO - ℹ️ ⚖️ Computing uniqueness weights for 9018 events... INFO
[2025-12-14 12:31:12.141] ✅ Uniqueness weights computed. Mean: 1.0000, Min: 0.4373, Max: 1.3120 SUCCESS
2025-12-14 12:31:12,142 - System.tprint - INFO - ℹ️ ✅ Uniqueness weights computed. Mean: 1.0000, Min: 0.4373, Max: 1.3120 SUCCESS
[I 2025-12-14 12:31:13,113] Trial 867 finished with value: -0.007816488609583408 and parameters: {'trail_distance_atr_mult': 1.1296978145823888}. Best is trial 126 with value: -0.000363295272717509.
[2025-12-14 12:31:14.514] ⚖️ Computing uniqueness weights for 9018 events... INFO
2025-12-14 12:31:14,514 - System.tprint - INFO - ℹ️ ⚖️ Computing uniqueness weights for 9018 events... INFO
[2025-12-14 12:31:14.525] ✅ Uniqueness weights computed. Mean: 1.0000, Min: 0.4374, Max: 1.3121 SUCCESS
2025-12-14 12:31:14,525 - System.tprint - INFO - ℹ️ ✅ Uniqueness weights computed. Mean: 1.0000, Min: 0.4374, Max: 1.3121 SUCCESS
[I 2025-12-14 12:31:15,410] Trial 868 finished with value: -0.007701241909999018 and parameters: {'trail_distance_atr_mult': 1.1573597063688348}. Best is trial 126 with value: -0.000363295272717509.
[2025-12-14 12:31:16.835] ⚖️ Computing uniqueness weights for 9018 events... INFO
2025-12-14 12:31:16,835 - System.tprint - INFO - ℹ️ ⚖️ Computing uniqueness weights for 9018 events... INFO
[2025-12-14 12:31:16.849] ✅ Uniqueness weights computed. Mean: 1.0000, Min: 0.4374, Max: 1.3121 SUCCESS
2025-12-14 12:31:16,850 - System.tprint - INFO - ℹ️ ✅ Uniqueness weights computed. Mean: 1.0000, Min: 0.4374, Max: 1.3121 SUCCESS
[I 2025-12-14 12:31:17,797] Trial 869 finished with value: -0.007094534911291713 and parameters: {'trail_distance_atr_mult': 1.1729010058354923}. Best is trial 126 with value: -0.000363295272717509.
[2025-12-14 12:31:19.196] ⚖️ Computing uniqueness weights for 9018 events... INFO
2025-12-14 12:31:19,196 - System.tprint - INFO - ℹ️ ⚖️ Computing uniqueness weights for 9018 events... INFO
[2025-12-14 12:31:19.207] ✅ Uniqueness weights computed. Mean: 1.0000, Min: 0.4373, Max: 1.3118 SUCCESS
2025-12-14 12:31:19,207 - System.tprint - INFO - ℹ️ ✅ Uniqueness weights computed. Mean: 1.0000, Min: 0.4373, Max: 1.3118 SUCCESS
[I 2025-12-14 12:31:20,100] Trial 870 finished with value: -0.006778421721736829 and parameters: {'trail_distance_atr_mult': 0.9531970315620288}. Best is trial 126 with value: -0.000363295272717509.
[2025-12-14 12:31:21.494] ⚖️ Computing uniqueness weights for 9018 events... INFO
2025-12-14 12:31:21,495 - System.tprint - INFO - ℹ️ ⚖️ Computing uniqueness weights for 9018 events... INFO
[2025-12-14 12:31:21.505] ✅ Uniqueness weights computed. Mean: 1.0000, Min: 0.4374, Max: 1.3122 SUCCESS
2025-12-14 12:31:21,505 - System.tprint - INFO - ℹ️ ✅ Uniqueness weights computed. Mean: 1.0000, Min: 0.4374, Max: 1.3122 SUCCESS
[I 2025-12-14 12:31:22,384] Trial 871 finished with value: -0.003222775557727805 and parameters: {'trail_distance_atr_mult': 1.217757985214452}. Best is trial 126 with value: -0.000363295272717509.
[2025-12-14 12:31:23.844] ⚖️ Computing uniqueness weights for 9018 events... INFO
2025-12-14 12:31:23,844 - System.tprint - INFO - ℹ️ ⚖️ Computing uniqueness weights for 9018 events... INFO
[2025-12-14 12:31:23.855] ✅ Uniqueness weights computed. Mean: 1.0000, Min: 0.4373, Max: 1.3118 SUCCESS
2025-12-14 12:31:23,855 - System.tprint - INFO - ℹ️ ✅ Uniqueness weights computed. Mean: 1.0000, Min: 0.4373, Max: 1.3118 SUCCESS
[I 2025-12-14 12:31:24,730] Trial 872 finished with value: -0.006778410491733378 and parameters: {'trail_distance_atr_mult': 0.9435145640842378}. Best is trial 126 with value: -0.000363295272717509.
[2025-12-14 12:31:26.107] ⚖️ Computing uniqueness weights for 9018 events... INFO
2025-12-14 12:31:26,107 - System.tprint - INFO - ℹ️ ⚖️ Computing uniqueness weights for 9018 events... INFO
[2025-12-14 12:31:26.118] ✅ Uniqueness weights computed. Mean: 1.0000, Min: 0.4374, Max: 1.3123 SUCCESS
2025-12-14 12:31:26,118 - System.tprint - INFO - ℹ️ ✅ Uniqueness weights computed. Mean: 1.0000, Min: 0.4374, Max: 1.3123 SUCCESS
[I 2025-12-14 12:31:27,025] Trial 873 finished with value: -0.0044944029835196474 and parameters: {'trail_distance_atr_mult': 1.2396849308439635}. Best is trial 126 with value: -0.000363295272717509.
[2025-12-14 12:31:28.450] ⚖️ Computing uniqueness weights for 9018 events... INFO
2025-12-14 12:31:28,450 - System.tprint - INFO - ℹ️ ⚖️ Computing uniqueness weights for 9018 events... INFO
[2025-12-14 12:31:28.461] ✅ Uniqueness weights computed. Mean: 1.0000, Min: 0.4374, Max: 1.3123 SUCCESS
2025-12-14 12:31:28,461 - System.tprint - INFO - ℹ️ ✅ Uniqueness weights computed. Mean: 1.0000, Min: 0.4374, Max: 1.3123 SUCCESS
