[I 2025-12-14 13:29:52,029] Trial 2554 finished with value: -0.007527242959899117 and parameters: {'trail_distance_atr_mult': 1.0519821426526932}. Best is trial 126 with value: -0.000363295272717509.
[2025-12-14 13:29:53.249] ⚖️ Computing uniqueness weights for 9018 events... INFO
2025-12-14 13:29:53,249 - System.tprint - INFO - ℹ️ ⚖️ Computing uniqueness weights for 9018 events... INFO
[2025-12-14 13:29:53.261] ✅ Uniqueness weights computed. Mean: 1.0000, Min: 0.4375, Max: 1.3124 SUCCESS
2025-12-14 13:29:53,261 - System.tprint - INFO - ℹ️ ✅ Uniqueness weights computed. Mean: 1.0000, Min: 0.4375, Max: 1.3124 SUCCESS
[I 2025-12-14 13:29:54,143] Trial 2555 finished with value: -0.0029957622219774663 and parameters: {'trail_distance_atr_mult': 1.3559627099829807}. Best is trial 126 with value: -0.000363295272717509.
[2025-12-14 13:29:55.526] ⚖️ Computing uniqueness weights for 9018 events... INFO
2025-12-14 13:29:55,526 - System.tprint - INFO - ℹ️ ⚖️ Computing uniqueness weights for 9018 events... INFO
[2025-12-14 13:29:55.536] ✅ Uniqueness weights computed. Mean: 1.0000, Min: 0.4373, Max: 1.3118 SUCCESS
2025-12-14 13:29:55,537 - System.tprint - INFO - ℹ️ ✅ Uniqueness weights computed. Mean: 1.0000, Min: 0.4373, Max: 1.3118 SUCCESS
[I 2025-12-14 13:29:56,426] Trial 2556 finished with value: -0.006681130387150893 and parameters: {'trail_distance_atr_mult': 0.8730398765540098}. Best is trial 126 with value: -0.000363295272717509.
[2025-12-14 13:29:58.028] ⚖️ Computing uniqueness weights for 9018 events... INFO
2025-12-14 13:29:58,028 - System.tprint - INFO - ℹ️ ⚖️ Computing uniqueness weights for 9018 events... INFO
[2025-12-14 13:29:58.041] ✅ Uniqueness weights computed. Mean: 1.0000, Min: 0.4374, Max: 1.3122 SUCCESS
2025-12-14 13:29:58,042 - System.tprint - INFO - ℹ️ ✅ Uniqueness weights computed. Mean: 1.0000, Min: 0.4374, Max: 1.3122 SUCCESS
[I 2025-12-14 13:29:58,944] Trial 2557 finished with value: -0.0032650216326531706 and parameters: {'trail_distance_atr_mult': 1.2142468225306084}. Best is trial 126 with value: -0.000363295272717509.
[2025-12-14 13:30:00.450] ⚖️ Computing uniqueness weights for 9018 events... INFO
2025-12-14 13:30:00,451 - System.tprint - INFO - ℹ️ ⚖️ Computing uniqueness weights for 9018 events... INFO
[2025-12-14 13:30:00.462] ✅ Uniqueness weights computed. Mean: 1.0000, Min: 0.4373, Max: 1.3120 SUCCESS
2025-12-14 13:30:00,462 - System.tprint - INFO - ℹ️ ✅ Uniqueness weights computed. Mean: 1.0000, Min: 0.4373, Max: 1.3120 SUCCESS
[I 2025-12-14 13:30:01,384] Trial 2558 finished with value: -0.007527250462006477 and parameters: {'trail_distance_atr_mult': 1.0581292183780577}. Best is trial 126 with value: -0.000363295272717509.
[2025-12-14 13:30:02.643] ⚖️ Computing uniqueness weights for 9018 events... INFO
2025-12-14 13:30:02,643 - System.tprint - INFO - ℹ️ ⚖️ Computing uniqueness weights for 9018 events... INFO
[2025-12-14 13:30:02.654] ✅ Uniqueness weights computed. Mean: 1.0000, Min: 0.4372, Max: 1.3117 SUCCESS
2025-12-14 13:30:02,654 - System.tprint - INFO - ℹ️ ✅ Uniqueness weights computed. Mean: 1.0000, Min: 0.4372, Max: 1.3117 SUCCESS
[I 2025-12-14 13:30:03,353] Trial 2559 finished with value: -0.0010604202967472182 and parameters: {'trail_distance_atr_mult': 0.7348354229473886}. Best is trial 126 with value: -0.000363295272717509.
[2025-12-14 13:30:04.716] ⚖️ Computing uniqueness weights for 9018 events... INFO
2025-12-14 13:30:04,716 - System.tprint - INFO - ℹ️ ⚖️ Computing uniqueness weights for 9018 events... INFO
[2025-12-14 13:30:04.725] ✅ Uniqueness weights computed. Mean: 1.0000, Min: 0.4372, Max: 1.3117 SUCCESS
2025-12-14 13:30:04,725 - System.tprint - INFO - ℹ️ ✅ Uniqueness weights computed. Mean: 1.0000, Min: 0.4372, Max: 1.3117 SUCCESS
[I 2025-12-14 13:30:05,382] Trial 2560 finished with value: -0.007479331783459741 and parameters: {'trail_distance_atr_mult': 0.6681086214777964}. Best is trial 126 with value: -0.000363295272717509.
[2025-12-14 13:30:06.609] ⚖️ Computing uniqueness weights for 9018 events... INFO
2025-12-14 13:30:06,609 - System.tprint - INFO - ℹ️ ⚖️ Computing uniqueness weights for 9018 events... INFO
[2025-12-14 13:30:06.618] ✅ Uniqueness weights computed. Mean: 1.0000, Min: 0.4372, Max: 1.3117 SUCCESS
2025-12-14 13:30:06,618 - System.tprint - INFO - ℹ️ ✅ Uniqueness weights computed. Mean: 1.0000, Min: 0.4372, Max: 1.3117 SUCCESS
[I 2025-12-14 13:30:07,249] Trial 2561 finished with value: -0.007321828937469562 and parameters: {'trail_distance_atr_mult': 0.5522086699304027}. Best is trial 126 with value: -0.000363295272717509.
[2025-12-14 13:30:08.442] ⚖️ Computing uniqueness weights for 9018 events... INFO
2025-12-14 13:30:08,442 - System.tprint - INFO - ℹ️ ⚖️ Computing uniqueness weights for 9018 events... INFO
[2025-12-14 13:30:08.452] ✅ Uniqueness weights computed. Mean: 1.0000, Min: 0.4372, Max: 1.3117 SUCCESS
2025-12-14 13:30:08,452 - System.tprint - INFO - ℹ️ ✅ Uniqueness weights computed. Mean: 1.0000, Min: 0.4372, Max: 1.3117 SUCCESS
[I 2025-12-14 13:30:09,087] Trial 2562 finished with value: -0.007546852514577222 and parameters: {'trail_distance_atr_mult': 0.639224038863522}. Best is trial 126 with value: -0.000363295272717509.
[2025-12-14 13:30:10.300] ⚖️ Computing uniqueness weights for 9018 events... INFO
2025-12-14 13:30:10,300 - System.tprint - INFO - ℹ️ ⚖️ Computing uniqueness weights for 9018 events... INFO
[2025-12-14 13:30:10.309] ✅ Uniqueness weights computed. Mean: 1.0000, Min: 0.4372, Max: 1.3117 SUCCESS
2025-12-14 13:30:10,309 - System.tprint - INFO - ℹ️ ✅ Uniqueness weights computed. Mean: 1.0000, Min: 0.4372, Max: 1.3117 SUCCESS
[I 2025-12-14 13:30:10,949] Trial 2563 finished with value: -0.007479331783459741 and parameters: {'trail_distance_atr_mult': 0.6970087423978399}. Best is trial 126 with value: -0.000363295272717509.
[2025-12-14 13:30:12.167] ⚖️ Computing uniqueness weights for 9018 events... INFO
2025-12-14 13:30:12,168 - System.tprint - INFO - ℹ️ ⚖️ Computing uniqueness weights for 9018 events... INFO
[2025-12-14 13:30:12.178] ✅ Uniqueness weights computed. Mean: 1.0000, Min: 0.4372, Max: 1.3117 SUCCESS
2025-12-14 13:30:12,178 - System.tprint - INFO - ℹ️ ✅ Uniqueness weights computed. Mean: 1.0000, Min: 0.4372, Max: 1.3117 SUCCESS
[I 2025-12-14 13:30:12,814] Trial 2564 finished with value: -0.007479331783459741 and parameters: {'trail_distance_atr_mult': 0.6952960750151612}. Best is trial 126 with value: -0.000363295272717509.
[2025-12-14 13:30:14.033] ⚖️ Computing uniqueness weights for 9018 events... INFO
2025-12-14 13:30:14,033 - System.tprint - INFO - ℹ️ ⚖️ Computing uniqueness weights for 9018 events... INFO
[2025-12-14 13:30:14.043] ✅ Uniqueness weights computed. Mean: 1.0000, Min: 0.4372, Max: 1.3117 SUCCESS
2025-12-14 13:30:14,043 - System.tprint - INFO - ℹ️ ✅ Uniqueness weights computed. Mean: 1.0000, Min: 0.4372, Max: 1.3117 SUCCESS
[I 2025-12-14 13:30:14,684] Trial 2565 finished with value: -0.007321828937469562 and parameters: {'trail_distance_atr_mult': 0.5038264965332759}. Best is trial 126 with value: -0.000363295272717509.
[2025-12-14 13:30:15.892] ⚖️ Computing uniqueness weights for 9018 events... INFO
2025-12-14 13:30:15,892 - System.tprint - INFO - ℹ️ ⚖️ Computing uniqueness weights for 9018 events... INFO
[2025-12-14 13:30:15.901] ✅ Uniqueness weights computed. Mean: 1.0000, Min: 0.4372, Max: 1.3117 SUCCESS
2025-12-14 13:30:15,902 - System.tprint - INFO - ℹ️ ✅ Uniqueness weights computed. Mean: 1.0000, Min: 0.4372, Max: 1.3117 SUCCESS
[I 2025-12-14 13:30:16,537] Trial 2566 finished with value: -0.007479331783459741 and parameters: {'trail_distance_atr_mult': 0.7136260688367813}. Best is trial 126 with value: -0.000363295272717509.
[2025-12-14 13:30:17.751] ⚖️ Computing uniqueness weights for 9018 events... INFO
2025-12-14 13:30:17,752 - System.tprint - INFO - ℹ️ ⚖️ Computing uniqueness weights for 9018 events... INFO
[2025-12-14 13:30:17.762] ✅ Uniqueness weights computed. Mean: 1.0000, Min: 0.4372, Max: 1.3117 SUCCESS
2025-12-14 13:30:17,762 - System.tprint - INFO - ℹ️ ✅ Uniqueness weights computed. Mean: 1.0000, Min: 0.4372, Max: 1.3117 SUCCESS
[I 2025-12-14 13:30:18,398] Trial 2567 finished with value: -0.006747537117645602 and parameters: {'trail_distance_atr_mult': 0.7674642398331057}. Best is trial 126 with value: -0.000363295272717509.
[2025-12-14 13:30:19.615] ⚖️ Computing uniqueness weights for 9018 events... INFO
2025-12-14 13:30:19,615 - System.tprint - INFO - ℹ️ ⚖️ Computing uniqueness weights for 9018 events... INFO
[2025-12-14 13:30:19.624] ✅ Uniqueness weights computed. Mean: 1.0000, Min: 0.4373, Max: 1.3118 SUCCESS
2025-12-14 13:30:19,624 - System.tprint - INFO - ℹ️ ✅ Uniqueness weights computed. Mean: 1.0000, Min: 0.4373, Max: 1.3118 SUCCESS
[I 2025-12-14 13:30:20,267] Trial 2568 finished with value: -0.0065844441112038795 and parameters: {'trail_distance_atr_mult': 0.8531226764804374}. Best is trial 126 with value: -0.000363295272717509.
[2025-12-14 13:30:21.472] ⚖️ Computing uniqueness weights for 9018 events... INFO
2025-12-14 13:30:21,472 - System.tprint - INFO - ℹ️ ⚖️ Computing uniqueness weights for 9018 events... INFO
[2025-12-14 13:30:21.483] ✅ Uniqueness weights computed. Mean: 1.0000, Min: 0.4372, Max: 1.3117 SUCCESS
2025-12-14 13:30:21,483 - System.tprint - INFO - ℹ️ ✅ Uniqueness weights computed. Mean: 1.0000, Min: 0.4372, Max: 1.3117 SUCCESS
[I 2025-12-14 13:30:22,163] Trial 2569 finished with value: -0.006747538343771037 and parameters: {'trail_distance_atr_mult': 0.7670067865628148}. Best is trial 126 with value: -0.000363295272717509.
[2025-12-14 13:30:23.373] ⚖️ Computing uniqueness weights for 9018 events... INFO
2025-12-14 13:30:23,373 - System.tprint - INFO - ℹ️ ⚖️ Computing uniqueness weights for 9018 events... INFO
[2025-12-14 13:30:23.383] ✅ Uniqueness weights computed. Mean: 1.0000, Min: 0.4372, Max: 1.3117 SUCCESS
2025-12-14 13:30:23,383 - System.tprint - INFO - ℹ️ ✅ Uniqueness weights computed. Mean: 1.0000, Min: 0.4372, Max: 1.3117 SUCCESS
[I 2025-12-14 13:30:24,022] Trial 2570 finished with value: -0.006747545853844443 and parameters: {'trail_distance_atr_mult': 0.7642573957424925}. Best is trial 126 with value: -0.000363295272717509.
[2025-12-14 13:30:25.234] ⚖️ Computing uniqueness weights for 9018 events... INFO
2025-12-14 13:30:25,234 - System.tprint - INFO - ℹ️ ⚖️ Computing uniqueness weights for 9018 events... INFO
[2025-12-14 13:30:25.243] ✅ Uniqueness weights computed. Mean: 1.0000, Min: 0.4372, Max: 1.3117 SUCCESS
2025-12-14 13:30:25,243 - System.tprint - INFO - ℹ️ ✅ Uniqueness weights computed. Mean: 1.0000, Min: 0.4372, Max: 1.3117 SUCCESS
[I 2025-12-14 13:30:25,885] Trial 2571 finished with value: -0.007321828937469562 and parameters: {'trail_distance_atr_mult': 0.5104983362874231}. Best is trial 126 with value: -0.000363295272717509.
[2025-12-14 13:30:27.077] ⚖️ Computing uniqueness weights for 9018 events... INFO
2025-12-14 13:30:27,077 - System.tprint - INFO - ℹ️ ⚖️ Computing uniqueness weights for 9018 events... INFO
[2025-12-14 13:30:27.087] ✅ Uniqueness weights computed. Mean: 1.0000, Min: 0.4372, Max: 1.3117 SUCCESS
2025-12-14 13:30:27,087 - System.tprint - INFO - ℹ️ ✅ Uniqueness weights computed. Mean: 1.0000, Min: 0.4372, Max: 1.3117 SUCCESS
[I 2025-12-14 13:30:27,720] Trial 2572 finished with value: -0.006728054293102392 and parameters: {'trail_distance_atr_mult': 0.7941947281186882}. Best is trial 126 with value: -0.000363295272717509.
[2025-12-14 13:30:28.918] ⚖️ Computing uniqueness weights for 9018 events... INFO
2025-12-14 13:30:28,918 - System.tprint - INFO - ℹ️ ⚖️ Computing uniqueness weights for 9018 events... INFO
[2025-12-14 13:30:28.928] ✅ Uniqueness weights computed. Mean: 1.0000, Min: 0.4372, Max: 1.3117 SUCCESS
2025-12-14 13:30:28,929 - System.tprint - INFO - ℹ️ ✅ Uniqueness weights computed. Mean: 1.0000, Min: 0.4372, Max: 1.3117 SUCCESS
[I 2025-12-14 13:30:29,564] Trial 2573 finished with value: -0.006727833461237317 and parameters: {'trail_distance_atr_mult': 0.8152022607609006}. Best is trial 126 with value: -0.000363295272717509.
[2025-12-14 13:30:30.843] ⚖️ Computing uniqueness weights for 9018 events... INFO
2025-12-14 13:30:30,843 - System.tprint - INFO - ℹ️ ⚖️ Computing uniqueness weights for 9018 events... INFO
[2025-12-14 13:30:30.853] ✅ Uniqueness weights computed. Mean: 1.0000, Min: 0.4372, Max: 1.3117 SUCCESS
2025-12-14 13:30:30,853 - System.tprint - INFO - ℹ️ ✅ Uniqueness weights computed. Mean: 1.0000, Min: 0.4372, Max: 1.3117 SUCCESS
[I 2025-12-14 13:30:31,538] Trial 2574 finished with value: -0.006727948063183512 and parameters: {'trail_distance_atr_mult': 0.8045171428223278}. Best is trial 126 with value: -0.000363295272717509.
[2025-12-14 13:30:32.710] ⚖️ Computing uniqueness weights for 9018 events... INFO
2025-12-14 13:30:32,710 - System.tprint - INFO - ℹ️ ⚖️ Computing uniqueness weights for 9018 events... INFO
[2025-12-14 13:30:32.719] ✅ Uniqueness weights computed. Mean: 1.0000, Min: 0.4372, Max: 1.3117 SUCCESS
2025-12-14 13:30:32,719 - System.tprint - INFO - ℹ️ ✅ Uniqueness weights computed. Mean: 1.0000, Min: 0.4372, Max: 1.3117 SUCCESS
[I 2025-12-14 13:30:33,454] Trial 2575 finished with value: -0.0034849037732859996 and parameters: {'trail_distance_atr_mult': 0.6482561053493181}. Best is trial 126 with value: -0.000363295272717509.
[2025-12-14 13:30:34.633] ⚖️ Computing uniqueness weights for 9018 events... INFO
2025-12-14 13:30:34,633 - System.tprint - INFO - ℹ️ ⚖️ Computing uniqueness weights for 9018 events... INFO
[2025-12-14 13:30:34.643] ✅ Uniqueness weights computed. Mean: 1.0000, Min: 0.4373, Max: 1.3118 SUCCESS
2025-12-14 13:30:34,643 - System.tprint - INFO - ℹ️ ✅ Uniqueness weights computed. Mean: 1.0000, Min: 0.4373, Max: 1.3118 SUCCESS
[I 2025-12-14 13:30:35,290] Trial 2576 finished with value: -0.006804536526597824 and parameters: {'trail_distance_atr_mult': 0.8366233804420139}. Best is trial 126 with value: -0.000363295272717509.
[2025-12-14 13:30:36.476] ⚖️ Computing uniqueness weights for 9018 events... INFO
2025-12-14 13:30:36,477 - System.tprint - INFO - ℹ️ ⚖️ Computing uniqueness weights for 9018 events... INFO
[2025-12-14 13:30:36.487] ✅ Uniqueness weights computed. Mean: 1.0000, Min: 0.4373, Max: 1.3118 SUCCESS
2025-12-14 13:30:36,487 - System.tprint - INFO - ℹ️ ✅ Uniqueness weights computed. Mean: 1.0000, Min: 0.4373, Max: 1.3118 SUCCESS
[I 2025-12-14 13:30:37,410] Trial 2577 finished with value: -0.0066811593829749555 and parameters: {'trail_distance_atr_mult': 0.8670822839786}. Best is trial 126 with value: -0.000363295272717509.
[2025-12-14 13:30:38.619] ⚖️ Computing uniqueness weights for 9018 events... INFO
2025-12-14 13:30:38,619 - System.tprint - INFO - ℹ️ ⚖️ Computing uniqueness weights for 9018 events... INFO
[2025-12-14 13:30:38.629] ✅ Uniqueness weights computed. Mean: 1.0000, Min: 0.4373, Max: 1.3118 SUCCESS
2025-12-14 13:30:38,629 - System.tprint - INFO - ℹ️ ✅ Uniqueness weights computed. Mean: 1.0000, Min: 0.4373, Max: 1.3118 SUCCESS
[I 2025-12-14 13:30:39,286] Trial 2578 finished with value: -0.006721217708084831 and parameters: {'trail_distance_atr_mult': 0.9071664907705989}. Best is trial 126 with value: -0.000363295272717509.
[2025-12-14 13:30:40.506] ⚖️ Computing uniqueness weights for 9018 events... INFO
2025-12-14 13:30:40,506 - System.tprint - INFO - ℹ️ ⚖️ Computing uniqueness weights for 9018 events... INFO
[2025-12-14 13:30:40.516] ✅ Uniqueness weights computed. Mean: 1.0000, Min: 0.4372, Max: 1.3117 SUCCESS
2025-12-14 13:30:40,516 - System.tprint - INFO - ℹ️ ✅ Uniqueness weights computed. Mean: 1.0000, Min: 0.4372, Max: 1.3117 SUCCESS
[I 2025-12-14 13:30:41,157] Trial 2579 finished with value: -0.007479331783459741 and parameters: {'trail_distance_atr_mult': 0.6856513221659073}. Best is trial 126 with value: -0.000363295272717509.
[2025-12-14 13:30:42.351] ⚖️ Computing uniqueness weights for 9018 events... INFO
2025-12-14 13:30:42,351 - System.tprint - INFO - ℹ️ ⚖️ Computing uniqueness weights for 9018 events... INFO
[2025-12-14 13:30:42.361] ✅ Uniqueness weights computed. Mean: 1.0000, Min: 0.4373, Max: 1.3118 SUCCESS
2025-12-14 13:30:42,361 - System.tprint - INFO - ℹ️ ✅ Uniqueness weights computed. Mean: 1.0000, Min: 0.4373, Max: 1.3118 SUCCESS
[I 2025-12-14 13:30:43,004] Trial 2580 finished with value: -0.00677838313355757 and parameters: {'trail_distance_atr_mult': 0.9274232133686935}. Best is trial 126 with value: -0.000363295272717509.
[2025-12-14 13:30:44.205] ⚖️ Computing uniqueness weights for 9018 events... INFO
2025-12-14 13:30:44,205 - System.tprint - INFO - ℹ️ ⚖️ Computing uniqueness weights for 9018 events... INFO
[2025-12-14 13:30:44.215] ✅ Uniqueness weights computed. Mean: 1.0000, Min: 0.4372, Max: 1.3117 SUCCESS
2025-12-14 13:30:44,215 - System.tprint - INFO - ℹ️ ✅ Uniqueness weights computed. Mean: 1.0000, Min: 0.4372, Max: 1.3117 SUCCESS
[I 2025-12-14 13:30:44,919] Trial 2581 finished with value: -0.007546852514577222 and parameters: {'trail_distance_atr_mult': 0.6388144601764731}. Best is trial 126 with value: -0.000363295272717509.
[2025-12-14 13:30:46.244] ⚖️ Computing uniqueness weights for 9018 events... INFO
2025-12-14 13:30:46,245 - System.tprint - INFO - ℹ️ ⚖️ Computing uniqueness weights for 9018 events... INFO
[2025-12-14 13:30:46.257] ✅ Uniqueness weights computed. Mean: 1.0000, Min: 0.4373, Max: 1.3118 SUCCESS
2025-12-14 13:30:46,257 - System.tprint - INFO - ℹ️ ✅ Uniqueness weights computed. Mean: 1.0000, Min: 0.4373, Max: 1.3118 SUCCESS
[I 2025-12-14 13:30:47,076] Trial 2582 finished with value: -0.00688896560622457 and parameters: {'trail_distance_atr_mult': 0.9258930595624365}. Best is trial 126 with value: -0.000363295272717509.
[2025-12-14 13:30:48.282] ⚖️ Computing uniqueness weights for 9018 events... INFO
2025-12-14 13:30:48,282 - System.tprint - INFO - ℹ️ ⚖️ Computing uniqueness weights for 9018 events... INFO
[2025-12-14 13:30:48.292] ✅ Uniqueness weights computed. Mean: 1.0000, Min: 0.4373, Max: 1.3118 SUCCESS
2025-12-14 13:30:48,292 - System.tprint - INFO - ℹ️ ✅ Uniqueness weights computed. Mean: 1.0000, Min: 0.4373, Max: 1.3118 SUCCESS
[I 2025-12-14 13:30:48,936] Trial 2583 finished with value: -0.00672123301544228 and parameters: {'trail_distance_atr_mult': 0.9088661244969637}. Best is trial 126 with value: -0.000363295272717509.
[2025-12-14 13:30:50.141] ⚖️ Computing uniqueness weights for 9018 events... INFO
2025-12-14 13:30:50,141 - System.tprint - INFO - ℹ️ ⚖️ Computing uniqueness weights for 9018 events... INFO
[2025-12-14 13:30:50.151] ✅ Uniqueness weights computed. Mean: 1.0000, Min: 0.4372, Max: 1.3117 SUCCESS
2025-12-14 13:30:50,151 - System.tprint - INFO - ℹ️ ✅ Uniqueness weights computed. Mean: 1.0000, Min: 0.4372, Max: 1.3117 SUCCESS
[I 2025-12-14 13:30:50,799] Trial 2584 finished with value: -0.007588366690945606 and parameters: {'trail_distance_atr_mult': 0.7518836410720248}. Best is trial 126 with value: -0.000363295272717509.
[2025-12-14 13:30:52.020] ⚖️ Computing uniqueness weights for 9018 events... INFO
2025-12-14 13:30:52,021 - System.tprint - INFO - ℹ️ ⚖️ Computing uniqueness weights for 9018 events... INFO
[2025-12-14 13:30:52.030] ✅ Uniqueness weights computed. Mean: 1.0000, Min: 0.4372, Max: 1.3117 SUCCESS
2025-12-14 13:30:52,030 - System.tprint - INFO - ℹ️ ✅ Uniqueness weights computed. Mean: 1.0000, Min: 0.4372, Max: 1.3117 SUCCESS
[I 2025-12-14 13:30:52,669] Trial 2585 finished with value: -0.007321828937469562 and parameters: {'trail_distance_atr_mult': 0.516405902166183}. Best is trial 126 with value: -0.000363295272717509.
[2025-12-14 13:30:53.883] ⚖️ Computing uniqueness weights for 9018 events... INFO
2025-12-14 13:30:53,883 - System.tprint - INFO - ℹ️ ⚖️ Computing uniqueness weights for 9018 events... INFO
[2025-12-14 13:30:53.895] ✅ Uniqueness weights computed. Mean: 1.0000, Min: 0.4373, Max: 1.3119 SUCCESS
2025-12-14 13:30:53,895 - System.tprint - INFO - ℹ️ ✅ Uniqueness weights computed. Mean: 1.0000, Min: 0.4373, Max: 1.3119 SUCCESS
[I 2025-12-14 13:30:54,543] Trial 2586 finished with value: -0.006751227451678574 and parameters: {'trail_distance_atr_mult': 1.0002533948379382}. Best is trial 126 with value: -0.000363295272717509.
[2025-12-14 13:30:55.844] ⚖️ Computing uniqueness weights for 9018 events... INFO
2025-12-14 13:30:55,844 - System.tprint - INFO - ℹ️ ⚖️ Computing uniqueness weights for 9018 events... INFO
[2025-12-14 13:30:55.856] ✅ Uniqueness weights computed. Mean: 1.0000, Min: 0.4373, Max: 1.3118 SUCCESS
2025-12-14 13:30:55,856 - System.tprint - INFO - ℹ️ ✅ Uniqueness weights computed. Mean: 1.0000, Min: 0.4373, Max: 1.3118 SUCCESS
[I 2025-12-14 13:30:56,554] Trial 2587 finished with value: -0.006758363255577475 and parameters: {'trail_distance_atr_mult': 0.9721712840995272}. Best is trial 126 with value: -0.000363295272717509.
[2025-12-14 13:30:57.769] ⚖️ Computing uniqueness weights for 9018 events... INFO
2025-12-14 13:30:57,769 - System.tprint - INFO - ℹ️ ⚖️ Computing uniqueness weights for 9018 events... INFO
[2025-12-14 13:30:57.779] ✅ Uniqueness weights computed. Mean: 1.0000, Min: 0.4372, Max: 1.3117 SUCCESS
2025-12-14 13:30:57,779 - System.tprint - INFO - ℹ️ ✅ Uniqueness weights computed. Mean: 1.0000, Min: 0.4372, Max: 1.3117 SUCCESS
[I 2025-12-14 13:30:58,415] Trial 2588 finished with value: -0.006747736963119532 and parameters: {'trail_distance_atr_mult': 0.7726341597812884}. Best is trial 126 with value: -0.000363295272717509.
[2025-12-14 13:30:59.661] ⚖️ Computing uniqueness weights for 9018 events... INFO
2025-12-14 13:30:59,661 - System.tprint - INFO - ℹ️ ⚖️ Computing uniqueness weights for 9018 events... INFO
[2025-12-14 13:30:59.675] ✅ Uniqueness weights computed. Mean: 1.0000, Min: 0.4373, Max: 1.3119 SUCCESS
2025-12-14 13:30:59,675 - System.tprint - INFO - ℹ️ ✅ Uniqueness weights computed. Mean: 1.0000, Min: 0.4373, Max: 1.3119 SUCCESS
