[I 2025-12-14 13:35:37,280] Trial 2729 finished with value: -0.0034849037542104768 and parameters: {'trail_distance_atr_mult': 0.6570798287817502}. Best is trial 126 with value: -0.000363295272717509.
[2025-12-14 13:35:38.476] ⚖️ Computing uniqueness weights for 9018 events... INFO
2025-12-14 13:35:38,476 - System.tprint - INFO - ℹ️ ⚖️ Computing uniqueness weights for 9018 events... INFO
[2025-12-14 13:35:38.487] ✅ Uniqueness weights computed. Mean: 1.0000, Min: 0.4373, Max: 1.3119 SUCCESS
2025-12-14 13:35:38,487 - System.tprint - INFO - ℹ️ ✅ Uniqueness weights computed. Mean: 1.0000, Min: 0.4373, Max: 1.3119 SUCCESS
[I 2025-12-14 13:35:39,169] Trial 2730 finished with value: -0.007527230078043021 and parameters: {'trail_distance_atr_mult': 1.0284986681374932}. Best is trial 126 with value: -0.000363295272717509.
[2025-12-14 13:35:40.401] ⚖️ Computing uniqueness weights for 9018 events... INFO
2025-12-14 13:35:40,401 - System.tprint - INFO - ℹ️ ⚖️ Computing uniqueness weights for 9018 events... INFO
[2025-12-14 13:35:40.411] ✅ Uniqueness weights computed. Mean: 1.0000, Min: 0.4374, Max: 1.3123 SUCCESS
2025-12-14 13:35:40,411 - System.tprint - INFO - ℹ️ ✅ Uniqueness weights computed. Mean: 1.0000, Min: 0.4374, Max: 1.3123 SUCCESS
[I 2025-12-14 13:35:41,049] Trial 2731 finished with value: -0.0044872171610276105 and parameters: {'trail_distance_atr_mult': 1.2261117523313332}. Best is trial 126 with value: -0.000363295272717509.
[2025-12-14 13:35:42.251] ⚖️ Computing uniqueness weights for 9018 events... INFO
2025-12-14 13:35:42,252 - System.tprint - INFO - ℹ️ ⚖️ Computing uniqueness weights for 9018 events... INFO
[2025-12-14 13:35:42.262] ✅ Uniqueness weights computed. Mean: 1.0000, Min: 0.4373, Max: 1.3118 SUCCESS
2025-12-14 13:35:42,262 - System.tprint - INFO - ℹ️ ✅ Uniqueness weights computed. Mean: 1.0000, Min: 0.4373, Max: 1.3118 SUCCESS
[I 2025-12-14 13:35:42,903] Trial 2732 finished with value: -0.0066810791369439505 and parameters: {'trail_distance_atr_mult': 0.8925959169317472}. Best is trial 126 with value: -0.000363295272717509.
[2025-12-14 13:35:44.083] ⚖️ Computing uniqueness weights for 9018 events... INFO
2025-12-14 13:35:44,083 - System.tprint - INFO - ℹ️ ⚖️ Computing uniqueness weights for 9018 events... INFO
[2025-12-14 13:35:44.093] ✅ Uniqueness weights computed. Mean: 1.0000, Min: 0.4373, Max: 1.3119 SUCCESS
2025-12-14 13:35:44,093 - System.tprint - INFO - ℹ️ ✅ Uniqueness weights computed. Mean: 1.0000, Min: 0.4373, Max: 1.3119 SUCCESS
[I 2025-12-14 13:35:44,941] Trial 2733 finished with value: -0.007527229523853634 and parameters: {'trail_distance_atr_mult': 1.0408631458321582}. Best is trial 126 with value: -0.000363295272717509.
[2025-12-14 13:35:46.459] ⚖️ Computing uniqueness weights for 9018 events... INFO
2025-12-14 13:35:46,459 - System.tprint - INFO - ℹ️ ⚖️ Computing uniqueness weights for 9018 events... INFO
[2025-12-14 13:35:46.471] ✅ Uniqueness weights computed. Mean: 1.0000, Min: 0.4372, Max: 1.3117 SUCCESS
2025-12-14 13:35:46,471 - System.tprint - INFO - ℹ️ ✅ Uniqueness weights computed. Mean: 1.0000, Min: 0.4372, Max: 1.3117 SUCCESS
[I 2025-12-14 13:35:47,169] Trial 2734 finished with value: -0.007479331783459741 and parameters: {'trail_distance_atr_mult': 0.6793477750609025}. Best is trial 126 with value: -0.000363295272717509.
[2025-12-14 13:35:48.385] ⚖️ Computing uniqueness weights for 9018 events... INFO
2025-12-14 13:35:48,385 - System.tprint - INFO - ℹ️ ⚖️ Computing uniqueness weights for 9018 events... INFO
[2025-12-14 13:35:48.394] ✅ Uniqueness weights computed. Mean: 1.0000, Min: 0.4374, Max: 1.3123 SUCCESS
2025-12-14 13:35:48,394 - System.tprint - INFO - ℹ️ ✅ Uniqueness weights computed. Mean: 1.0000, Min: 0.4374, Max: 1.3123 SUCCESS
[I 2025-12-14 13:35:49,030] Trial 2735 finished with value: -0.0044944089324663455 and parameters: {'trail_distance_atr_mult': 1.2385883105758175}. Best is trial 126 with value: -0.000363295272717509.
[2025-12-14 13:35:50.236] ⚖️ Computing uniqueness weights for 9018 events... INFO
2025-12-14 13:35:50,236 - System.tprint - INFO - ℹ️ ⚖️ Computing uniqueness weights for 9018 events... INFO
[2025-12-14 13:35:50.246] ✅ Uniqueness weights computed. Mean: 1.0000, Min: 0.4373, Max: 1.3118 SUCCESS
2025-12-14 13:35:50,246 - System.tprint - INFO - ℹ️ ✅ Uniqueness weights computed. Mean: 1.0000, Min: 0.4373, Max: 1.3118 SUCCESS
[I 2025-12-14 13:35:50,881] Trial 2736 finished with value: -0.0067784118536838075 and parameters: {'trail_distance_atr_mult': 0.94427165886842}. Best is trial 126 with value: -0.000363295272717509.
[2025-12-14 13:35:52.083] ⚖️ Computing uniqueness weights for 9018 events... INFO
2025-12-14 13:35:52,083 - System.tprint - INFO - ℹ️ ⚖️ Computing uniqueness weights for 9018 events... INFO
[2025-12-14 13:35:52.093] ✅ Uniqueness weights computed. Mean: 1.0000, Min: 0.4374, Max: 1.3121 SUCCESS
2025-12-14 13:35:52,093 - System.tprint - INFO - ℹ️ ✅ Uniqueness weights computed. Mean: 1.0000, Min: 0.4374, Max: 1.3121 SUCCESS
[I 2025-12-14 13:35:52,734] Trial 2737 finished with value: -0.007701259440096677 and parameters: {'trail_distance_atr_mult': 1.1541290432590032}. Best is trial 126 with value: -0.000363295272717509.
[2025-12-14 13:35:53.922] ⚖️ Computing uniqueness weights for 9018 events... INFO
2025-12-14 13:35:53,922 - System.tprint - INFO - ℹ️ ⚖️ Computing uniqueness weights for 9018 events... INFO
[2025-12-14 13:35:53.931] ✅ Uniqueness weights computed. Mean: 1.0000, Min: 0.4372, Max: 1.3117 SUCCESS
2025-12-14 13:35:53,931 - System.tprint - INFO - ℹ️ ✅ Uniqueness weights computed. Mean: 1.0000, Min: 0.4372, Max: 1.3117 SUCCESS
[I 2025-12-14 13:35:54,564] Trial 2738 finished with value: -0.006728055297373733 and parameters: {'trail_distance_atr_mult': 0.7940943498570578}. Best is trial 126 with value: -0.000363295272717509.
[2025-12-14 13:35:55.705] ⚖️ Computing uniqueness weights for 9018 events... INFO
2025-12-14 13:35:55,705 - System.tprint - INFO - ℹ️ ⚖️ Computing uniqueness weights for 9018 events... INFO
[2025-12-14 13:35:55.715] ✅ Uniqueness weights computed. Mean: 1.0000, Min: 0.4375, Max: 1.3125 SUCCESS
2025-12-14 13:35:55,716 - System.tprint - INFO - ℹ️ ✅ Uniqueness weights computed. Mean: 1.0000, Min: 0.4375, Max: 1.3125 SUCCESS
[I 2025-12-14 13:35:56,365] Trial 2739 finished with value: -0.0029957426669032002 and parameters: {'trail_distance_atr_mult': 1.3761775398621992}. Best is trial 126 with value: -0.000363295272717509.
[2025-12-14 13:35:57.538] ⚖️ Computing uniqueness weights for 9018 events... INFO
2025-12-14 13:35:57,538 - System.tprint - INFO - ℹ️ ⚖️ Computing uniqueness weights for 9018 events... INFO
[2025-12-14 13:35:57.548] ✅ Uniqueness weights computed. Mean: 1.0000, Min: 0.4373, Max: 1.3120 SUCCESS
2025-12-14 13:35:57,548 - System.tprint - INFO - ℹ️ ✅ Uniqueness weights computed. Mean: 1.0000, Min: 0.4373, Max: 1.3120 SUCCESS
[I 2025-12-14 13:35:58,215] Trial 2740 finished with value: -0.007527267526709691 and parameters: {'trail_distance_atr_mult': 1.0767534222353594}. Best is trial 126 with value: -0.000363295272717509.
[2025-12-14 13:35:59.430] ⚖️ Computing uniqueness weights for 9018 events... INFO
2025-12-14 13:35:59,430 - System.tprint - INFO - ℹ️ ⚖️ Computing uniqueness weights for 9018 events... INFO
[2025-12-14 13:35:59.443] ✅ Uniqueness weights computed. Mean: 1.0000, Min: 0.4372, Max: 1.3117 SUCCESS
2025-12-14 13:35:59,443 - System.tprint - INFO - ℹ️ ✅ Uniqueness weights computed. Mean: 1.0000, Min: 0.4372, Max: 1.3117 SUCCESS
[I 2025-12-14 13:36:00,256] Trial 2741 finished with value: -0.007546852514577222 and parameters: {'trail_distance_atr_mult': 0.6302520378290196}. Best is trial 126 with value: -0.000363295272717509.
[2025-12-14 13:36:01.442] ⚖️ Computing uniqueness weights for 9018 events... INFO
2025-12-14 13:36:01,443 - System.tprint - INFO - ℹ️ ⚖️ Computing uniqueness weights for 9018 events... INFO
[2025-12-14 13:36:01.454] ✅ Uniqueness weights computed. Mean: 1.0000, Min: 0.4373, Max: 1.3118 SUCCESS
2025-12-14 13:36:01,454 - System.tprint - INFO - ℹ️ ✅ Uniqueness weights computed. Mean: 1.0000, Min: 0.4373, Max: 1.3118 SUCCESS
[I 2025-12-14 13:36:02,110] Trial 2742 finished with value: -0.006681087777404158 and parameters: {'trail_distance_atr_mult': 0.8878892732738427}. Best is trial 126 with value: -0.000363295272717509.
[2025-12-14 13:36:03.310] ⚖️ Computing uniqueness weights for 9018 events... INFO
2025-12-14 13:36:03,310 - System.tprint - INFO - ℹ️ ⚖️ Computing uniqueness weights for 9018 events... INFO
[2025-12-14 13:36:03.320] ✅ Uniqueness weights computed. Mean: 1.0000, Min: 0.4373, Max: 1.3120 SUCCESS
2025-12-14 13:36:03,320 - System.tprint - INFO - ℹ️ ✅ Uniqueness weights computed. Mean: 1.0000, Min: 0.4373, Max: 1.3120 SUCCESS
[I 2025-12-14 13:36:03,956] Trial 2743 finished with value: -0.007527258521636058 and parameters: {'trail_distance_atr_mult': 1.0647783406177158}. Best is trial 126 with value: -0.000363295272717509.
[2025-12-14 13:36:05.174] ⚖️ Computing uniqueness weights for 9018 events... INFO
2025-12-14 13:36:05,174 - System.tprint - INFO - ℹ️ ⚖️ Computing uniqueness weights for 9018 events... INFO
[2025-12-14 13:36:05.184] ✅ Uniqueness weights computed. Mean: 1.0000, Min: 0.4374, Max: 1.3123 SUCCESS
2025-12-14 13:36:05,184 - System.tprint - INFO - ℹ️ ✅ Uniqueness weights computed. Mean: 1.0000, Min: 0.4374, Max: 1.3123 SUCCESS
[I 2025-12-14 13:36:05,830] Trial 2744 finished with value: -0.004487216887249716 and parameters: {'trail_distance_atr_mult': 1.2261382223481174}. Best is trial 126 with value: -0.000363295272717509.
[2025-12-14 13:36:07.026] ⚖️ Computing uniqueness weights for 9018 events... INFO
2025-12-14 13:36:07,027 - System.tprint - INFO - ℹ️ ⚖️ Computing uniqueness weights for 9018 events... INFO
[2025-12-14 13:36:07.038] ✅ Uniqueness weights computed. Mean: 1.0000, Min: 0.4373, Max: 1.3118 SUCCESS
2025-12-14 13:36:07,039 - System.tprint - INFO - ℹ️ ✅ Uniqueness weights computed. Mean: 1.0000, Min: 0.4373, Max: 1.3118 SUCCESS
[I 2025-12-14 13:36:07,704] Trial 2745 finished with value: -0.00673484175482955 and parameters: {'trail_distance_atr_mult': 0.8590072107819586}. Best is trial 126 with value: -0.000363295272717509.
[2025-12-14 13:36:08.914] ⚖️ Computing uniqueness weights for 9018 events... INFO
2025-12-14 13:36:08,914 - System.tprint - INFO - ℹ️ ⚖️ Computing uniqueness weights for 9018 events... INFO
[2025-12-14 13:36:08.923] ✅ Uniqueness weights computed. Mean: 1.0000, Min: 0.4373, Max: 1.3119 SUCCESS
2025-12-14 13:36:08,923 - System.tprint - INFO - ℹ️ ✅ Uniqueness weights computed. Mean: 1.0000, Min: 0.4373, Max: 1.3119 SUCCESS
[I 2025-12-14 13:36:09,571] Trial 2746 finished with value: -0.0075272338023350295 and parameters: {'trail_distance_atr_mult': 1.0443344932768832}. Best is trial 126 with value: -0.000363295272717509.
[2025-12-14 13:36:10.773] ⚖️ Computing uniqueness weights for 9018 events... INFO
2025-12-14 13:36:10,773 - System.tprint - INFO - ℹ️ ⚖️ Computing uniqueness weights for 9018 events... INFO
[2025-12-14 13:36:10.782] ✅ Uniqueness weights computed. Mean: 1.0000, Min: 0.4372, Max: 1.3117 SUCCESS
2025-12-14 13:36:10,783 - System.tprint - INFO - ℹ️ ✅ Uniqueness weights computed. Mean: 1.0000, Min: 0.4372, Max: 1.3117 SUCCESS
[I 2025-12-14 13:36:11,419] Trial 2747 finished with value: -0.0034849037732859996 and parameters: {'trail_distance_atr_mult': 0.6470618726612618}. Best is trial 126 with value: -0.000363295272717509.
[2025-12-14 13:36:12.632] ⚖️ Computing uniqueness weights for 9018 events... INFO
2025-12-14 13:36:12,632 - System.tprint - INFO - ℹ️ ⚖️ Computing uniqueness weights for 9018 events... INFO
[2025-12-14 13:36:12.642] ✅ Uniqueness weights computed. Mean: 1.0000, Min: 0.4374, Max: 1.3122 SUCCESS
2025-12-14 13:36:12,642 - System.tprint - INFO - ℹ️ ✅ Uniqueness weights computed. Mean: 1.0000, Min: 0.4374, Max: 1.3122 SUCCESS
[I 2025-12-14 13:36:13,295] Trial 2748 finished with value: -0.003015681148460308 and parameters: {'trail_distance_atr_mult': 1.2002338198428502}. Best is trial 126 with value: -0.000363295272717509.
[2025-12-14 13:36:14.507] ⚖️ Computing uniqueness weights for 9018 events... INFO
2025-12-14 13:36:14,508 - System.tprint - INFO - ℹ️ ⚖️ Computing uniqueness weights for 9018 events... INFO
[2025-12-14 13:36:14.519] ✅ Uniqueness weights computed. Mean: 1.0000, Min: 0.4373, Max: 1.3118 SUCCESS
2025-12-14 13:36:14,519 - System.tprint - INFO - ℹ️ ✅ Uniqueness weights computed. Mean: 1.0000, Min: 0.4373, Max: 1.3118 SUCCESS
[I 2025-12-14 13:36:15,156] Trial 2749 finished with value: -0.0067784128491511905 and parameters: {'trail_distance_atr_mult': 0.9448655625578767}. Best is trial 126 with value: -0.000363295272717509.
[2025-12-14 13:36:16.363] ⚖️ Computing uniqueness weights for 9018 events... INFO
2025-12-14 13:36:16,363 - System.tprint - INFO - ℹ️ ⚖️ Computing uniqueness weights for 9018 events... INFO
[2025-12-14 13:36:16.373] ✅ Uniqueness weights computed. Mean: 1.0000, Min: 0.4372, Max: 1.3117 SUCCESS
2025-12-14 13:36:16,373 - System.tprint - INFO - ℹ️ ✅ Uniqueness weights computed. Mean: 1.0000, Min: 0.4372, Max: 1.3117 SUCCESS
[I 2025-12-14 13:36:17,013] Trial 2750 finished with value: -0.0067280457148411535 and parameters: {'trail_distance_atr_mult': 0.7950379430336223}. Best is trial 126 with value: -0.000363295272717509.
[2025-12-14 13:36:18.224] ⚖️ Computing uniqueness weights for 9018 events... INFO
2025-12-14 13:36:18,224 - System.tprint - INFO - ℹ️ ⚖️ Computing uniqueness weights for 9018 events... INFO
[2025-12-14 13:36:18.233] ✅ Uniqueness weights computed. Mean: 1.0000, Min: 0.4375, Max: 1.3125 SUCCESS
2025-12-14 13:36:18,233 - System.tprint - INFO - ℹ️ ✅ Uniqueness weights computed. Mean: 1.0000, Min: 0.4375, Max: 1.3125 SUCCESS
[I 2025-12-14 13:36:18,872] Trial 2751 finished with value: -0.0029957401936689582 and parameters: {'trail_distance_atr_mult': 1.37270713449338}. Best is trial 126 with value: -0.000363295272717509.
[2025-12-14 13:36:20.080] ⚖️ Computing uniqueness weights for 9018 events... INFO
2025-12-14 13:36:20,080 - System.tprint - INFO - ℹ️ ⚖️ Computing uniqueness weights for 9018 events... INFO
[2025-12-14 13:36:20.090] ✅ Uniqueness weights computed. Mean: 1.0000, Min: 0.4373, Max: 1.3120 SUCCESS
2025-12-14 13:36:20,090 - System.tprint - INFO - ℹ️ ✅ Uniqueness weights computed. Mean: 1.0000, Min: 0.4373, Max: 1.3120 SUCCESS
[I 2025-12-14 13:36:20,729] Trial 2752 finished with value: -0.007527267745532581 and parameters: {'trail_distance_atr_mult': 1.0755921249745204}. Best is trial 126 with value: -0.000363295272717509.
[2025-12-14 13:36:21.933] ⚖️ Computing uniqueness weights for 9018 events... INFO
2025-12-14 13:36:21,934 - System.tprint - INFO - ℹ️ ⚖️ Computing uniqueness weights for 9018 events... INFO
[2025-12-14 13:36:21.943] ✅ Uniqueness weights computed. Mean: 1.0000, Min: 0.4372, Max: 1.3117 SUCCESS
2025-12-14 13:36:21,943 - System.tprint - INFO - ℹ️ ✅ Uniqueness weights computed. Mean: 1.0000, Min: 0.4372, Max: 1.3117 SUCCESS
[I 2025-12-14 13:36:22,582] Trial 2753 finished with value: -0.007321828937469562 and parameters: {'trail_distance_atr_mult': 0.5232259900800765}. Best is trial 126 with value: -0.000363295272717509.
[2025-12-14 13:36:23.803] ⚖️ Computing uniqueness weights for 9018 events... INFO
2025-12-14 13:36:23,803 - System.tprint - INFO - ℹ️ ⚖️ Computing uniqueness weights for 9018 events... INFO
[2025-12-14 13:36:23.812] ✅ Uniqueness weights computed. Mean: 1.0000, Min: 0.4374, Max: 1.3122 SUCCESS
2025-12-14 13:36:23,812 - System.tprint - INFO - ℹ️ ✅ Uniqueness weights computed. Mean: 1.0000, Min: 0.4374, Max: 1.3122 SUCCESS
[I 2025-12-14 13:36:24,450] Trial 2754 finished with value: -0.0030156792430626822 and parameters: {'trail_distance_atr_mult': 1.2013333921898883}. Best is trial 126 with value: -0.000363295272717509.
[2025-12-14 13:36:25.665] ⚖️ Computing uniqueness weights for 9018 events... INFO
2025-12-14 13:36:25,665 - System.tprint - INFO - ℹ️ ⚖️ Computing uniqueness weights for 9018 events... INFO
[2025-12-14 13:36:25.675] ✅ Uniqueness weights computed. Mean: 1.0000, Min: 0.4373, Max: 1.3118 SUCCESS
2025-12-14 13:36:25,675 - System.tprint - INFO - ℹ️ ✅ Uniqueness weights computed. Mean: 1.0000, Min: 0.4373, Max: 1.3118 SUCCESS
[I 2025-12-14 13:36:26,309] Trial 2755 finished with value: -0.006888959281019187 and parameters: {'trail_distance_atr_mult': 0.9222708783842581}. Best is trial 126 with value: -0.000363295272717509.
[2025-12-14 13:36:27.540] ⚖️ Computing uniqueness weights for 9018 events... INFO
2025-12-14 13:36:27,541 - System.tprint - INFO - ℹ️ ⚖️ Computing uniqueness weights for 9018 events... INFO
[2025-12-14 13:36:27.551] ✅ Uniqueness weights computed. Mean: 1.0000, Min: 0.4372, Max: 1.3117 SUCCESS
2025-12-14 13:36:27,551 - System.tprint - INFO - ℹ️ ✅ Uniqueness weights computed. Mean: 1.0000, Min: 0.4372, Max: 1.3117 SUCCESS
[I 2025-12-14 13:36:28,188] Trial 2756 finished with value: -0.007588358462937341 and parameters: {'trail_distance_atr_mult': 0.742559149806796}. Best is trial 126 with value: -0.000363295272717509.
[2025-12-14 13:36:29.402] ⚖️ Computing uniqueness weights for 9018 events... INFO
2025-12-14 13:36:29,403 - System.tprint - INFO - ℹ️ ⚖️ Computing uniqueness weights for 9018 events... INFO
[2025-12-14 13:36:29.413] ✅ Uniqueness weights computed. Mean: 1.0000, Min: 0.4373, Max: 1.3119 SUCCESS
2025-12-14 13:36:29,413 - System.tprint - INFO - ℹ️ ✅ Uniqueness weights computed. Mean: 1.0000, Min: 0.4373, Max: 1.3119 SUCCESS
[I 2025-12-14 13:36:30,049] Trial 2757 finished with value: -0.007527236697132166 and parameters: {'trail_distance_atr_mult': 1.0467462775564422}. Best is trial 126 with value: -0.000363295272717509.
[2025-12-14 13:36:31.272] ⚖️ Computing uniqueness weights for 9018 events... INFO
2025-12-14 13:36:31,272 - System.tprint - INFO - ℹ️ ⚖️ Computing uniqueness weights for 9018 events... INFO
[2025-12-14 13:36:31.282] ✅ Uniqueness weights computed. Mean: 1.0000, Min: 0.4374, Max: 1.3121 SUCCESS
2025-12-14 13:36:31,282 - System.tprint - INFO - ℹ️ ✅ Uniqueness weights computed. Mean: 1.0000, Min: 0.4374, Max: 1.3121 SUCCESS
[I 2025-12-14 13:36:31,921] Trial 2758 finished with value: -0.0070946679309828835 and parameters: {'trail_distance_atr_mult': 1.1798901392299508}. Best is trial 126 with value: -0.000363295272717509.
[2025-12-14 13:36:33.141] ⚖️ Computing uniqueness weights for 9018 events... INFO
2025-12-14 13:36:33,141 - System.tprint - INFO - ℹ️ ⚖️ Computing uniqueness weights for 9018 events... INFO
[2025-12-14 13:36:33.151] ✅ Uniqueness weights computed. Mean: 1.0000, Min: 0.4373, Max: 1.3118 SUCCESS
2025-12-14 13:36:33,151 - System.tprint - INFO - ℹ️ ✅ Uniqueness weights computed. Mean: 1.0000, Min: 0.4373, Max: 1.3118 SUCCESS
[I 2025-12-14 13:36:33,786] Trial 2759 finished with value: -0.0068889585251536364 and parameters: {'trail_distance_atr_mult': 0.9218369250726475}. Best is trial 126 with value: -0.000363295272717509.
[2025-12-14 13:36:35.005] ⚖️ Computing uniqueness weights for 9018 events... INFO
2025-12-14 13:36:35,005 - System.tprint - INFO - ℹ️ ⚖️ Computing uniqueness weights for 9018 events... INFO
[2025-12-14 13:36:35.014] ✅ Uniqueness weights computed. Mean: 1.0000, Min: 0.4375, Max: 1.3125 SUCCESS
2025-12-14 13:36:35,015 - System.tprint - INFO - ℹ️ ✅ Uniqueness weights computed. Mean: 1.0000, Min: 0.4375, Max: 1.3125 SUCCESS
[I 2025-12-14 13:36:35,651] Trial 2760 finished with value: -0.004401969682400625 and parameters: {'trail_distance_atr_mult': 1.395988247839957}. Best is trial 126 with value: -0.000363295272717509.
[2025-12-14 13:36:36.865] ⚖️ Computing uniqueness weights for 9018 events... INFO
2025-12-14 13:36:36,865 - System.tprint - INFO - ℹ️ ⚖️ Computing uniqueness weights for 9018 events... INFO
[2025-12-14 13:36:36.875] ✅ Uniqueness weights computed. Mean: 1.0000, Min: 0.4372, Max: 1.3117 SUCCESS
2025-12-14 13:36:36,875 - System.tprint - INFO - ℹ️ ✅ Uniqueness weights computed. Mean: 1.0000, Min: 0.4372, Max: 1.3117 SUCCESS
[I 2025-12-14 13:36:37,507] Trial 2761 finished with value: -0.006728169294464373 and parameters: {'trail_distance_atr_mult': 0.7826245221717416}. Best is trial 126 with value: -0.000363295272717509.
[2025-12-14 13:36:38.733] ⚖️ Computing uniqueness weights for 9018 events... INFO
2025-12-14 13:36:38,734 - System.tprint - INFO - ℹ️ ⚖️ Computing uniqueness weights for 9018 events... INFO
[2025-12-14 13:36:38.745] ✅ Uniqueness weights computed. Mean: 1.0000, Min: 0.4373, Max: 1.3120 SUCCESS
2025-12-14 13:36:38,745 - System.tprint - INFO - ℹ️ ✅ Uniqueness weights computed. Mean: 1.0000, Min: 0.4373, Max: 1.3120 SUCCESS
[I 2025-12-14 13:36:39,392] Trial 2762 finished with value: -0.0075272677912418305 and parameters: {'trail_distance_atr_mult': 1.076030286140112}. Best is trial 126 with value: -0.000363295272717509.
[2025-12-14 13:36:40.609] ⚖️ Computing uniqueness weights for 9018 events... INFO
2025-12-14 13:36:40,609 - System.tprint - INFO - ℹ️ ⚖️ Computing uniqueness weights for 9018 events... INFO
[2025-12-14 13:36:40.618] ✅ Uniqueness weights computed. Mean: 1.0000, Min: 0.4374, Max: 1.3121 SUCCESS
2025-12-14 13:36:40,619 - System.tprint - INFO - ℹ️ ✅ Uniqueness weights computed. Mean: 1.0000, Min: 0.4374, Max: 1.3121 SUCCESS
[I 2025-12-14 13:36:41,256] Trial 2763 finished with value: -0.0048914565629437365 and parameters: {'trail_distance_atr_mult': 1.1925604905451046}. Best is trial 126 with value: -0.000363295272717509.
[2025-12-14 13:36:42.476] ⚖️ Computing uniqueness weights for 9018 events... INFO
2025-12-14 13:36:42,476 - System.tprint - INFO - ℹ️ ⚖️ Computing uniqueness weights for 9018 events... INFO
[2025-12-14 13:36:42.486] ✅ Uniqueness weights computed. Mean: 1.0000, Min: 0.4373, Max: 1.3118 SUCCESS
2025-12-14 13:36:42,486 - System.tprint - INFO - ℹ️ ✅ Uniqueness weights computed. Mean: 1.0000, Min: 0.4373, Max: 1.3118 SUCCESS
