[I 2025-12-14 12:43:02,626] Trial 1189 finished with value: -0.0008138615884468178 and parameters: {'trail_distance_atr_mult': 1.094405901674837}. Best is trial 126 with value: -0.000363295272717509.
[2025-12-14 12:43:03.919] ⚖️ Computing uniqueness weights for 9018 events... INFO
2025-12-14 12:43:03,919 - System.tprint - INFO - ℹ️ ⚖️ Computing uniqueness weights for 9018 events... INFO
[2025-12-14 12:43:03.929] ✅ Uniqueness weights computed. Mean: 1.0000, Min: 0.4373, Max: 1.3118 SUCCESS
2025-12-14 12:43:03,929 - System.tprint - INFO - ℹ️ ✅ Uniqueness weights computed. Mean: 1.0000, Min: 0.4373, Max: 1.3118 SUCCESS
[I 2025-12-14 12:43:04,636] Trial 1190 finished with value: -0.0068889592777917385 and parameters: {'trail_distance_atr_mult': 0.9222699500688778}. Best is trial 126 with value: -0.000363295272717509.
[2025-12-14 12:43:05.827] ⚖️ Computing uniqueness weights for 9018 events... INFO
2025-12-14 12:43:05,827 - System.tprint - INFO - ℹ️ ⚖️ Computing uniqueness weights for 9018 events... INFO
[2025-12-14 12:43:05.837] ✅ Uniqueness weights computed. Mean: 1.0000, Min: 0.4373, Max: 1.3119 SUCCESS
2025-12-14 12:43:05,837 - System.tprint - INFO - ℹ️ ✅ Uniqueness weights computed. Mean: 1.0000, Min: 0.4373, Max: 1.3119 SUCCESS
[I 2025-12-14 12:43:06,485] Trial 1191 finished with value: -0.0030846767905624442 and parameters: {'trail_distance_atr_mult': 1.014219714542864}. Best is trial 126 with value: -0.000363295272717509.
[2025-12-14 12:43:07.679] ⚖️ Computing uniqueness weights for 9018 events... INFO
2025-12-14 12:43:07,679 - System.tprint - INFO - ℹ️ ⚖️ Computing uniqueness weights for 9018 events... INFO
[2025-12-14 12:43:07.689] ✅ Uniqueness weights computed. Mean: 1.0000, Min: 0.4373, Max: 1.3120 SUCCESS
2025-12-14 12:43:07,689 - System.tprint - INFO - ℹ️ ✅ Uniqueness weights computed. Mean: 1.0000, Min: 0.4373, Max: 1.3120 SUCCESS
[I 2025-12-14 12:43:08,347] Trial 1192 finished with value: -0.007527267671988424 and parameters: {'trail_distance_atr_mult': 1.0763645326814564}. Best is trial 126 with value: -0.000363295272717509.
[2025-12-14 12:43:09.549] ⚖️ Computing uniqueness weights for 9018 events... INFO
2025-12-14 12:43:09,549 - System.tprint - INFO - ℹ️ ⚖️ Computing uniqueness weights for 9018 events... INFO
[2025-12-14 12:43:09.559] ✅ Uniqueness weights computed. Mean: 1.0000, Min: 0.4373, Max: 1.3120 SUCCESS
2025-12-14 12:43:09,559 - System.tprint - INFO - ℹ️ ✅ Uniqueness weights computed. Mean: 1.0000, Min: 0.4373, Max: 1.3120 SUCCESS
[I 2025-12-14 12:43:10,219] Trial 1193 finished with value: -0.007527267784039771 and parameters: {'trail_distance_atr_mult': 1.0758995112095482}. Best is trial 126 with value: -0.000363295272717509.
[2025-12-14 12:43:11.409] ⚖️ Computing uniqueness weights for 9018 events... INFO
2025-12-14 12:43:11,409 - System.tprint - INFO - ℹ️ ⚖️ Computing uniqueness weights for 9018 events... INFO
[2025-12-14 12:43:11.419] ✅ Uniqueness weights computed. Mean: 1.0000, Min: 0.4373, Max: 1.3120 SUCCESS
2025-12-14 12:43:11,419 - System.tprint - INFO - ℹ️ ✅ Uniqueness weights computed. Mean: 1.0000, Min: 0.4373, Max: 1.3120 SUCCESS
[I 2025-12-14 12:43:12,073] Trial 1194 finished with value: -0.007527267764182043 and parameters: {'trail_distance_atr_mult': 1.0754305524405048}. Best is trial 126 with value: -0.000363295272717509.
[2025-12-14 12:43:13.277] ⚖️ Computing uniqueness weights for 9018 events... INFO
2025-12-14 12:43:13,277 - System.tprint - INFO - ℹ️ ⚖️ Computing uniqueness weights for 9018 events... INFO
[2025-12-14 12:43:13.286] ✅ Uniqueness weights computed. Mean: 1.0000, Min: 0.4373, Max: 1.3120 SUCCESS
2025-12-14 12:43:13,286 - System.tprint - INFO - ℹ️ ✅ Uniqueness weights computed. Mean: 1.0000, Min: 0.4373, Max: 1.3120 SUCCESS
[I 2025-12-14 12:43:13,940] Trial 1195 finished with value: -0.0008138612424789742 and parameters: {'trail_distance_atr_mult': 1.099259423339773}. Best is trial 126 with value: -0.000363295272717509.
[2025-12-14 12:43:15.156] ⚖️ Computing uniqueness weights for 9018 events... INFO
2025-12-14 12:43:15,156 - System.tprint - INFO - ℹ️ ⚖️ Computing uniqueness weights for 9018 events... INFO
[2025-12-14 12:43:15.167] ✅ Uniqueness weights computed. Mean: 1.0000, Min: 0.4373, Max: 1.3118 SUCCESS
2025-12-14 12:43:15,168 - System.tprint - INFO - ℹ️ ✅ Uniqueness weights computed. Mean: 1.0000, Min: 0.4373, Max: 1.3118 SUCCESS
[I 2025-12-14 12:43:15,847] Trial 1196 finished with value: -0.0066811189626918704 and parameters: {'trail_distance_atr_mult': 0.8754241693979351}. Best is trial 126 with value: -0.000363295272717509.
[2025-12-14 12:43:17.075] ⚖️ Computing uniqueness weights for 9018 events... INFO
2025-12-14 12:43:17,075 - System.tprint - INFO - ℹ️ ⚖️ Computing uniqueness weights for 9018 events... INFO
[2025-12-14 12:43:17.085] ✅ Uniqueness weights computed. Mean: 1.0000, Min: 0.4373, Max: 1.3118 SUCCESS
2025-12-14 12:43:17,086 - System.tprint - INFO - ℹ️ ✅ Uniqueness weights computed. Mean: 1.0000, Min: 0.4373, Max: 1.3118 SUCCESS
[I 2025-12-14 12:43:17,730] Trial 1197 finished with value: -0.006778390466212233 and parameters: {'trail_distance_atr_mult': 0.9316857616538763}. Best is trial 126 with value: -0.000363295272717509.
[2025-12-14 12:43:18.907] ⚖️ Computing uniqueness weights for 9018 events... INFO
2025-12-14 12:43:18,907 - System.tprint - INFO - ℹ️ ⚖️ Computing uniqueness weights for 9018 events... INFO
[2025-12-14 12:43:18.916] ✅ Uniqueness weights computed. Mean: 1.0000, Min: 0.4373, Max: 1.3120 SUCCESS
2025-12-14 12:43:18,916 - System.tprint - INFO - ℹ️ ✅ Uniqueness weights computed. Mean: 1.0000, Min: 0.4373, Max: 1.3120 SUCCESS
[I 2025-12-14 12:43:19,595] Trial 1198 finished with value: -0.007527261928242175 and parameters: {'trail_distance_atr_mult': 1.0675768039723064}. Best is trial 126 with value: -0.000363295272717509.
[2025-12-14 12:43:20.807] ⚖️ Computing uniqueness weights for 9018 events... INFO
2025-12-14 12:43:20,808 - System.tprint - INFO - ℹ️ ⚖️ Computing uniqueness weights for 9018 events... INFO
[2025-12-14 12:43:20.819] ✅ Uniqueness weights computed. Mean: 1.0000, Min: 0.4373, Max: 1.3120 SUCCESS
2025-12-14 12:43:20,819 - System.tprint - INFO - ℹ️ ✅ Uniqueness weights computed. Mean: 1.0000, Min: 0.4373, Max: 1.3120 SUCCESS
[I 2025-12-14 12:43:21,553] Trial 1199 finished with value: -0.0075272678180677705 and parameters: {'trail_distance_atr_mult': 1.075361512424635}. Best is trial 126 with value: -0.000363295272717509.
[2025-12-14 12:43:22.771] ⚖️ Computing uniqueness weights for 9018 events... INFO
2025-12-14 12:43:22,771 - System.tprint - INFO - ℹ️ ⚖️ Computing uniqueness weights for 9018 events... INFO
[2025-12-14 12:43:22.781] ✅ Uniqueness weights computed. Mean: 1.0000, Min: 0.4373, Max: 1.3120 SUCCESS
2025-12-14 12:43:22,781 - System.tprint - INFO - ℹ️ ✅ Uniqueness weights computed. Mean: 1.0000, Min: 0.4373, Max: 1.3120 SUCCESS
[I 2025-12-14 12:43:23,433] Trial 1200 finished with value: -0.0008138613879099552 and parameters: {'trail_distance_atr_mult': 1.097409606098357}. Best is trial 126 with value: -0.000363295272717509.
[2025-12-14 12:43:24.626] ⚖️ Computing uniqueness weights for 9018 events... INFO
2025-12-14 12:43:24,626 - System.tprint - INFO - ℹ️ ⚖️ Computing uniqueness weights for 9018 events... INFO
[2025-12-14 12:43:24.636] ✅ Uniqueness weights computed. Mean: 1.0000, Min: 0.4373, Max: 1.3118 SUCCESS
2025-12-14 12:43:24,636 - System.tprint - INFO - ℹ️ ✅ Uniqueness weights computed. Mean: 1.0000, Min: 0.4373, Max: 1.3118 SUCCESS
[I 2025-12-14 12:43:25,333] Trial 1201 finished with value: -0.006681081182542232 and parameters: {'trail_distance_atr_mult': 0.8914789616538457}. Best is trial 126 with value: -0.000363295272717509.
[2025-12-14 12:43:26.547] ⚖️ Computing uniqueness weights for 9018 events... INFO
2025-12-14 12:43:26,547 - System.tprint - INFO - ℹ️ ⚖️ Computing uniqueness weights for 9018 events... INFO
[2025-12-14 12:43:26.557] ✅ Uniqueness weights computed. Mean: 1.0000, Min: 0.4373, Max: 1.3119 SUCCESS
2025-12-14 12:43:26,557 - System.tprint - INFO - ℹ️ ✅ Uniqueness weights computed. Mean: 1.0000, Min: 0.4373, Max: 1.3119 SUCCESS
[I 2025-12-14 12:43:27,211] Trial 1202 finished with value: -0.007527227685100661 and parameters: {'trail_distance_atr_mult': 1.0361096490895287}. Best is trial 126 with value: -0.000363295272717509.
[2025-12-14 12:43:28.415] ⚖️ Computing uniqueness weights for 9018 events... INFO
2025-12-14 12:43:28,416 - System.tprint - INFO - ℹ️ ⚖️ Computing uniqueness weights for 9018 events... INFO
[2025-12-14 12:43:28.426] ✅ Uniqueness weights computed. Mean: 1.0000, Min: 0.4373, Max: 1.3119 SUCCESS
2025-12-14 12:43:28,426 - System.tprint - INFO - ℹ️ ✅ Uniqueness weights computed. Mean: 1.0000, Min: 0.4373, Max: 1.3119 SUCCESS
[I 2025-12-14 12:43:29,461] Trial 1203 finished with value: -0.006751235854027308 and parameters: {'trail_distance_atr_mult': 1.0028907828866152}. Best is trial 126 with value: -0.000363295272717509.
[2025-12-14 12:43:30.696] ⚖️ Computing uniqueness weights for 9018 events... INFO
2025-12-14 12:43:30,696 - System.tprint - INFO - ℹ️ ⚖️ Computing uniqueness weights for 9018 events... INFO
[2025-12-14 12:43:30.706] ✅ Uniqueness weights computed. Mean: 1.0000, Min: 0.4373, Max: 1.3120 SUCCESS
2025-12-14 12:43:30,706 - System.tprint - INFO - ℹ️ ✅ Uniqueness weights computed. Mean: 1.0000, Min: 0.4373, Max: 1.3120 SUCCESS
[I 2025-12-14 12:43:31,387] Trial 1204 finished with value: -0.007527261764369334 and parameters: {'trail_distance_atr_mult': 1.0674092458122315}. Best is trial 126 with value: -0.000363295272717509.
[2025-12-14 12:43:32.596] ⚖️ Computing uniqueness weights for 9018 events... INFO
2025-12-14 12:43:32,597 - System.tprint - INFO - ℹ️ ⚖️ Computing uniqueness weights for 9018 events... INFO
[2025-12-14 12:43:32.606] ✅ Uniqueness weights computed. Mean: 1.0000, Min: 0.4373, Max: 1.3120 SUCCESS
2025-12-14 12:43:32,607 - System.tprint - INFO - ℹ️ ✅ Uniqueness weights computed. Mean: 1.0000, Min: 0.4373, Max: 1.3120 SUCCESS
[I 2025-12-14 12:43:33,263] Trial 1205 finished with value: -0.0008138620366595412 and parameters: {'trail_distance_atr_mult': 1.0882093426603265}. Best is trial 126 with value: -0.000363295272717509.
[2025-12-14 12:43:34.473] ⚖️ Computing uniqueness weights for 9018 events... INFO
2025-12-14 12:43:34,474 - System.tprint - INFO - ℹ️ ⚖️ Computing uniqueness weights for 9018 events... INFO
[2025-12-14 12:43:34.483] ✅ Uniqueness weights computed. Mean: 1.0000, Min: 0.4372, Max: 1.3117 SUCCESS
2025-12-14 12:43:34,483 - System.tprint - INFO - ℹ️ ✅ Uniqueness weights computed. Mean: 1.0000, Min: 0.4372, Max: 1.3117 SUCCESS
[I 2025-12-14 12:43:35,142] Trial 1206 finished with value: -0.006728178255176161 and parameters: {'trail_distance_atr_mult': 0.7817100518579193}. Best is trial 126 with value: -0.000363295272717509.
[2025-12-14 12:43:36.336] ⚖️ Computing uniqueness weights for 9018 events... INFO
2025-12-14 12:43:36,336 - System.tprint - INFO - ℹ️ ⚖️ Computing uniqueness weights for 9018 events... INFO
[2025-12-14 12:43:36.345] ✅ Uniqueness weights computed. Mean: 1.0000, Min: 0.4373, Max: 1.3118 SUCCESS
2025-12-14 12:43:36,346 - System.tprint - INFO - ℹ️ ✅ Uniqueness weights computed. Mean: 1.0000, Min: 0.4373, Max: 1.3118 SUCCESS
[I 2025-12-14 12:43:36,997] Trial 1207 finished with value: -0.006758330245548112 and parameters: {'trail_distance_atr_mult': 0.9668796942329745}. Best is trial 126 with value: -0.000363295272717509.
[2025-12-14 12:43:38.176] ⚖️ Computing uniqueness weights for 9018 events... INFO
2025-12-14 12:43:38,177 - System.tprint - INFO - ℹ️ ⚖️ Computing uniqueness weights for 9018 events... INFO
[2025-12-14 12:43:38.186] ✅ Uniqueness weights computed. Mean: 1.0000, Min: 0.4373, Max: 1.3119 SUCCESS
2025-12-14 12:43:38,186 - System.tprint - INFO - ℹ️ ✅ Uniqueness weights computed. Mean: 1.0000, Min: 0.4373, Max: 1.3119 SUCCESS
[I 2025-12-14 12:43:38,839] Trial 1208 finished with value: -0.007527234076534455 and parameters: {'trail_distance_atr_mult': 1.0446179297427658}. Best is trial 126 with value: -0.000363295272717509.
[2025-12-14 12:43:40.037] ⚖️ Computing uniqueness weights for 9018 events... INFO
2025-12-14 12:43:40,037 - System.tprint - INFO - ℹ️ ⚖️ Computing uniqueness weights for 9018 events... INFO
[2025-12-14 12:43:40.047] ✅ Uniqueness weights computed. Mean: 1.0000, Min: 0.4373, Max: 1.3120 SUCCESS
2025-12-14 12:43:40,047 - System.tprint - INFO - ℹ️ ✅ Uniqueness weights computed. Mean: 1.0000, Min: 0.4373, Max: 1.3120 SUCCESS
[I 2025-12-14 12:43:40,703] Trial 1209 finished with value: -0.007527247642204785 and parameters: {'trail_distance_atr_mult': 1.0557349301328425}. Best is trial 126 with value: -0.000363295272717509.
[2025-12-14 12:43:41.892] ⚖️ Computing uniqueness weights for 9018 events... INFO
2025-12-14 12:43:41,892 - System.tprint - INFO - ℹ️ ⚖️ Computing uniqueness weights for 9018 events... INFO
[2025-12-14 12:43:41.902] ✅ Uniqueness weights computed. Mean: 1.0000, Min: 0.4373, Max: 1.3118 SUCCESS
2025-12-14 12:43:41,902 - System.tprint - INFO - ℹ️ ✅ Uniqueness weights computed. Mean: 1.0000, Min: 0.4373, Max: 1.3118 SUCCESS
[I 2025-12-14 12:43:42,550] Trial 1210 finished with value: -0.006721232596210311 and parameters: {'trail_distance_atr_mult': 0.908812542314565}. Best is trial 126 with value: -0.000363295272717509.
[2025-12-14 12:43:43.747] ⚖️ Computing uniqueness weights for 9018 events... INFO
2025-12-14 12:43:43,747 - System.tprint - INFO - ℹ️ ⚖️ Computing uniqueness weights for 9018 events... INFO
[2025-12-14 12:43:43.756] ✅ Uniqueness weights computed. Mean: 1.0000, Min: 0.4373, Max: 1.3120 SUCCESS
2025-12-14 12:43:43,756 - System.tprint - INFO - ℹ️ ✅ Uniqueness weights computed. Mean: 1.0000, Min: 0.4373, Max: 1.3120 SUCCESS
[I 2025-12-14 12:43:44,409] Trial 1211 finished with value: -0.001600657203867155 and parameters: {'trail_distance_atr_mult': 1.0824680566111629}. Best is trial 126 with value: -0.000363295272717509.
[2025-12-14 12:43:45.605] ⚖️ Computing uniqueness weights for 9018 events... INFO
2025-12-14 12:43:45,605 - System.tprint - INFO - ℹ️ ⚖️ Computing uniqueness weights for 9018 events... INFO
[2025-12-14 12:43:45.616] ✅ Uniqueness weights computed. Mean: 1.0000, Min: 0.4373, Max: 1.3118 SUCCESS
2025-12-14 12:43:45,616 - System.tprint - INFO - ℹ️ ✅ Uniqueness weights computed. Mean: 1.0000, Min: 0.4373, Max: 1.3118 SUCCESS
[I 2025-12-14 12:43:46,341] Trial 1212 finished with value: -0.006721262072565818 and parameters: {'trail_distance_atr_mult': 0.9117184026355053}. Best is trial 126 with value: -0.000363295272717509.
[2025-12-14 12:43:47.553] ⚖️ Computing uniqueness weights for 9018 events... INFO
2025-12-14 12:43:47,553 - System.tprint - INFO - ℹ️ ⚖️ Computing uniqueness weights for 9018 events... INFO
[2025-12-14 12:43:47.565] ✅ Uniqueness weights computed. Mean: 1.0000, Min: 0.4373, Max: 1.3119 SUCCESS
2025-12-14 12:43:47,565 - System.tprint - INFO - ℹ️ ✅ Uniqueness weights computed. Mean: 1.0000, Min: 0.4373, Max: 1.3119 SUCCESS
[I 2025-12-14 12:43:48,216] Trial 1213 finished with value: -0.007527243528275648 and parameters: {'trail_distance_atr_mult': 1.0523299218970188}. Best is trial 126 with value: -0.000363295272717509.
[2025-12-14 12:43:49.437] ⚖️ Computing uniqueness weights for 9018 events... INFO
2025-12-14 12:43:49,437 - System.tprint - INFO - ℹ️ ⚖️ Computing uniqueness weights for 9018 events... INFO
[2025-12-14 12:43:49.446] ✅ Uniqueness weights computed. Mean: 1.0000, Min: 0.4373, Max: 1.3120 SUCCESS
2025-12-14 12:43:49,446 - System.tprint - INFO - ℹ️ ✅ Uniqueness weights computed. Mean: 1.0000, Min: 0.4373, Max: 1.3120 SUCCESS
[I 2025-12-14 12:43:50,728] Trial 1214 finished with value: -0.007527264166273037 and parameters: {'trail_distance_atr_mult': 1.06941409863815}. Best is trial 126 with value: -0.000363295272717509.
[2025-12-14 12:43:52.943] ⚖️ Computing uniqueness weights for 9018 events... INFO
2025-12-14 12:43:52,944 - System.tprint - INFO - ℹ️ ⚖️ Computing uniqueness weights for 9018 events... INFO
[2025-12-14 12:43:52.960] ✅ Uniqueness weights computed. Mean: 1.0000, Min: 0.4373, Max: 1.3120 SUCCESS
2025-12-14 12:43:52,960 - System.tprint - INFO - ℹ️ ✅ Uniqueness weights computed. Mean: 1.0000, Min: 0.4373, Max: 1.3120 SUCCESS
[I 2025-12-14 12:43:54,067] Trial 1215 finished with value: -0.00765809597805606 and parameters: {'trail_distance_atr_mult': 1.1102626320142654}. Best is trial 126 with value: -0.000363295272717509.
[2025-12-14 12:43:57.835] ⚖️ Computing uniqueness weights for 9018 events... INFO
2025-12-14 12:43:57,836 - System.tprint - INFO - ℹ️ ⚖️ Computing uniqueness weights for 9018 events... INFO
[2025-12-14 12:43:57.862] ✅ Uniqueness weights computed. Mean: 1.0000, Min: 0.4373, Max: 1.3120 SUCCESS
2025-12-14 12:43:57,862 - System.tprint - INFO - ℹ️ ✅ Uniqueness weights computed. Mean: 1.0000, Min: 0.4373, Max: 1.3120 SUCCESS
[I 2025-12-14 12:43:59,519] Trial 1216 finished with value: -0.0075272679465091365 and parameters: {'trail_distance_atr_mult': 1.0746901031810099}. Best is trial 126 with value: -0.000363295272717509.
[2025-12-14 12:44:02.669] ⚖️ Computing uniqueness weights for 9018 events... INFO
2025-12-14 12:44:02,670 - System.tprint - INFO - ℹ️ ⚖️ Computing uniqueness weights for 9018 events... INFO
[2025-12-14 12:44:02.684] ✅ Uniqueness weights computed. Mean: 1.0000, Min: 0.4373, Max: 1.3118 SUCCESS
2025-12-14 12:44:02,684 - System.tprint - INFO - ℹ️ ✅ Uniqueness weights computed. Mean: 1.0000, Min: 0.4373, Max: 1.3118 SUCCESS
[I 2025-12-14 12:44:03,785] Trial 1217 finished with value: -0.00658442983946602 and parameters: {'trail_distance_atr_mult': 0.8475768855055221}. Best is trial 126 with value: -0.000363295272717509.
[2025-12-14 12:44:05.957] ⚖️ Computing uniqueness weights for 9018 events... INFO
2025-12-14 12:44:05,957 - System.tprint - INFO - ℹ️ ⚖️ Computing uniqueness weights for 9018 events... INFO
[2025-12-14 12:44:05.976] ✅ Uniqueness weights computed. Mean: 1.0000, Min: 0.4373, Max: 1.3120 SUCCESS
2025-12-14 12:44:05,977 - System.tprint - INFO - ℹ️ ✅ Uniqueness weights computed. Mean: 1.0000, Min: 0.4373, Max: 1.3120 SUCCESS
[I 2025-12-14 12:44:07,266] Trial 1218 finished with value: -0.007816488584194184 and parameters: {'trail_distance_atr_mult': 1.129642039318753}. Best is trial 126 with value: -0.000363295272717509.
[2025-12-14 12:44:09.214] ⚖️ Computing uniqueness weights for 9018 events... INFO
2025-12-14 12:44:09,214 - System.tprint - INFO - ℹ️ ⚖️ Computing uniqueness weights for 9018 events... INFO
[2025-12-14 12:44:09.228] ✅ Uniqueness weights computed. Mean: 1.0000, Min: 0.4373, Max: 1.3120 SUCCESS
2025-12-14 12:44:09,228 - System.tprint - INFO - ℹ️ ✅ Uniqueness weights computed. Mean: 1.0000, Min: 0.4373, Max: 1.3120 SUCCESS
[I 2025-12-14 12:44:10,341] Trial 1219 finished with value: -0.0008138609641954829 and parameters: {'trail_distance_atr_mult': 1.103059575161464}. Best is trial 126 with value: -0.000363295272717509.
[2025-12-14 12:44:11.716] ⚖️ Computing uniqueness weights for 9018 events... INFO
2025-12-14 12:44:11,716 - System.tprint - INFO - ℹ️ ⚖️ Computing uniqueness weights for 9018 events... INFO
[2025-12-14 12:44:11.728] ✅ Uniqueness weights computed. Mean: 1.0000, Min: 0.4373, Max: 1.3118 SUCCESS
2025-12-14 12:44:11,728 - System.tprint - INFO - ℹ️ ✅ Uniqueness weights computed. Mean: 1.0000, Min: 0.4373, Max: 1.3118 SUCCESS
[I 2025-12-14 12:44:12,632] Trial 1220 finished with value: -0.006584445400372958 and parameters: {'trail_distance_atr_mult': 0.8536311728228219}. Best is trial 126 with value: -0.000363295272717509.
[2025-12-14 12:44:14.013] ⚖️ Computing uniqueness weights for 9018 events... INFO
2025-12-14 12:44:14,013 - System.tprint - INFO - ℹ️ ⚖️ Computing uniqueness weights for 9018 events... INFO
[2025-12-14 12:44:14.025] ✅ Uniqueness weights computed. Mean: 1.0000, Min: 0.4373, Max: 1.3120 SUCCESS
2025-12-14 12:44:14,026 - System.tprint - INFO - ℹ️ ✅ Uniqueness weights computed. Mean: 1.0000, Min: 0.4373, Max: 1.3120 SUCCESS
[I 2025-12-14 12:44:14,879] Trial 1221 finished with value: -0.007582019063412037 and parameters: {'trail_distance_atr_mult': 1.078413740928339}. Best is trial 126 with value: -0.000363295272717509.
[2025-12-14 12:44:16.078] ⚖️ Computing uniqueness weights for 9018 events... INFO
2025-12-14 12:44:16,078 - System.tprint - INFO - ℹ️ ⚖️ Computing uniqueness weights for 9018 events... INFO
[2025-12-14 12:44:16.087] ✅ Uniqueness weights computed. Mean: 1.0000, Min: 0.4373, Max: 1.3119 SUCCESS
2025-12-14 12:44:16,087 - System.tprint - INFO - ℹ️ ✅ Uniqueness weights computed. Mean: 1.0000, Min: 0.4373, Max: 1.3119 SUCCESS
[I 2025-12-14 12:44:16,722] Trial 1222 finished with value: -0.007527243031608961 and parameters: {'trail_distance_atr_mult': 1.0520364950961987}. Best is trial 126 with value: -0.000363295272717509.
[2025-12-14 12:44:17.920] ⚖️ Computing uniqueness weights for 9018 events... INFO
2025-12-14 12:44:17,920 - System.tprint - INFO - ℹ️ ⚖️ Computing uniqueness weights for 9018 events... INFO
[2025-12-14 12:44:17.931] ✅ Uniqueness weights computed. Mean: 1.0000, Min: 0.4373, Max: 1.3120 SUCCESS
2025-12-14 12:44:17,931 - System.tprint - INFO - ℹ️ ✅ Uniqueness weights computed. Mean: 1.0000, Min: 0.4373, Max: 1.3120 SUCCESS
[I 2025-12-14 12:44:18,592] Trial 1223 finished with value: -0.007527267755491064 and parameters: {'trail_distance_atr_mult': 1.0758286775530184}. Best is trial 126 with value: -0.000363295272717509.
[2025-12-14 12:44:19.812] ⚖️ Computing uniqueness weights for 9018 events... INFO
2025-12-14 12:44:19,812 - System.tprint - INFO - ℹ️ ⚖️ Computing uniqueness weights for 9018 events... INFO
[2025-12-14 12:44:19.822] ✅ Uniqueness weights computed. Mean: 1.0000, Min: 0.4373, Max: 1.3118 SUCCESS
2025-12-14 12:44:19,822 - System.tprint - INFO - ℹ️ ✅ Uniqueness weights computed. Mean: 1.0000, Min: 0.4373, Max: 1.3118 SUCCESS
