[I 2025-12-14 11:53:01,707] Trial 0 finished with value: -0.003947433690497285 and parameters: {'trail_distance_atr_mult': 1.4363502971184063}. Best is trial 0 with value: -0.003947433690497285.
[2025-12-14 11:53:03.066] ⚖️ Computing uniqueness weights for 9018 events... INFO
2025-12-14 11:53:03,066 - System.tprint - INFO - ℹ️ ⚖️ Computing uniqueness weights for 9018 events... INFO
[2025-12-14 11:53:03.077] ✅ Uniqueness weights computed. Mean: 1.0000, Min: 0.4385, Max: 1.3154 SUCCESS
2025-12-14 11:53:03,077 - System.tprint - INFO - ℹ️ ✅ Uniqueness weights computed. Mean: 1.0000, Min: 0.4385, Max: 1.3154 SUCCESS
[I 2025-12-14 11:53:03,936] Trial 1 finished with value: -0.008046011158276519 and parameters: {'trail_distance_atr_mult': 2.87678576602479}. Best is trial 0 with value: -0.003947433690497285.
[2025-12-14 11:53:05.341] ⚖️ Computing uniqueness weights for 9018 events... INFO
2025-12-14 11:53:05,341 - System.tprint - INFO - ℹ️ ⚖️ Computing uniqueness weights for 9018 events... INFO
[2025-12-14 11:53:05.353] ✅ Uniqueness weights computed. Mean: 1.0000, Min: 0.4381, Max: 1.3144 SUCCESS
2025-12-14 11:53:05,353 - System.tprint - INFO - ℹ️ ✅ Uniqueness weights computed. Mean: 1.0000, Min: 0.4381, Max: 1.3144 SUCCESS
[I 2025-12-14 11:53:06,216] Trial 2 finished with value: -0.004878584303333711 and parameters: {'trail_distance_atr_mult': 2.3299848545285125}. Best is trial 0 with value: -0.003947433690497285.
[2025-12-14 11:53:07.636] ⚖️ Computing uniqueness weights for 9018 events... INFO
2025-12-14 11:53:07,636 - System.tprint - INFO - ℹ️ ⚖️ Computing uniqueness weights for 9018 events... INFO
[2025-12-14 11:53:07.647] ✅ Uniqueness weights computed. Mean: 1.0000, Min: 0.4378, Max: 1.3134 SUCCESS
2025-12-14 11:53:07,647 - System.tprint - INFO - ℹ️ ✅ Uniqueness weights computed. Mean: 1.0000, Min: 0.4378, Max: 1.3134 SUCCESS
[I 2025-12-14 11:53:08,503] Trial 3 finished with value: -0.006747186542881954 and parameters: {'trail_distance_atr_mult': 1.9966462104925915}. Best is trial 0 with value: -0.003947433690497285.
[2025-12-14 11:53:09.899] ⚖️ Computing uniqueness weights for 9018 events... INFO
2025-12-14 11:53:09,900 - System.tprint - INFO - ℹ️ ⚖️ Computing uniqueness weights for 9018 events... INFO
[2025-12-14 11:53:09.911] ✅ Uniqueness weights computed. Mean: 1.0000, Min: 0.4373, Max: 1.3118 SUCCESS
2025-12-14 11:53:09,911 - System.tprint - INFO - ℹ️ ✅ Uniqueness weights computed. Mean: 1.0000, Min: 0.4373, Max: 1.3118 SUCCESS
[I 2025-12-14 11:53:11,007] Trial 4 finished with value: -0.00668108378495937 and parameters: {'trail_distance_atr_mult': 0.8900466011060912}. Best is trial 0 with value: -0.003947433690497285.
[2025-12-14 11:53:12.429] ⚖️ Computing uniqueness weights for 9018 events... INFO
2025-12-14 11:53:12,430 - System.tprint - INFO - ℹ️ ⚖️ Computing uniqueness weights for 9018 events... INFO
[2025-12-14 11:53:12.442] ✅ Uniqueness weights computed. Mean: 1.0000, Min: 0.4373, Max: 1.3118 SUCCESS
2025-12-14 11:53:12,442 - System.tprint - INFO - ℹ️ ✅ Uniqueness weights computed. Mean: 1.0000, Min: 0.4373, Max: 1.3118 SUCCESS
[I 2025-12-14 11:53:13,311] Trial 5 finished with value: -0.006681083933548888 and parameters: {'trail_distance_atr_mult': 0.8899863008405067}. Best is trial 0 with value: -0.003947433690497285.
[2025-12-14 11:53:14.667] ⚖️ Computing uniqueness weights for 9018 events... INFO
2025-12-14 11:53:14,667 - System.tprint - INFO - ℹ️ ⚖️ Computing uniqueness weights for 9018 events... INFO
[2025-12-14 11:53:14.678] ✅ Uniqueness weights computed. Mean: 1.0000, Min: 0.4372, Max: 1.3117 SUCCESS
2025-12-14 11:53:14,678 - System.tprint - INFO - ℹ️ ✅ Uniqueness weights computed. Mean: 1.0000, Min: 0.4372, Max: 1.3117 SUCCESS
[I 2025-12-14 11:53:15,532] Trial 6 finished with value: -0.0034849037732859996 and parameters: {'trail_distance_atr_mult': 0.6452090304204987}. Best is trial 6 with value: -0.0034849037732859996.
[2025-12-14 11:53:16.890] ⚖️ Computing uniqueness weights for 9018 events... INFO
2025-12-14 11:53:16,890 - System.tprint - INFO - ℹ️ ⚖️ Computing uniqueness weights for 9018 events... INFO
[2025-12-14 11:53:16.900] ✅ Uniqueness weights computed. Mean: 1.0000, Min: 0.4384, Max: 1.3151 SUCCESS
2025-12-14 11:53:16,900 - System.tprint - INFO - ℹ️ ✅ Uniqueness weights computed. Mean: 1.0000, Min: 0.4384, Max: 1.3151 SUCCESS
[I 2025-12-14 11:53:17,802] Trial 7 finished with value: -0.006107772507708825 and parameters: {'trail_distance_atr_mult': 2.665440364437338}. Best is trial 6 with value: -0.0034849037732859996.
[2025-12-14 11:53:19.222] ⚖️ Computing uniqueness weights for 9018 events... INFO
2025-12-14 11:53:19,222 - System.tprint - INFO - ℹ️ ⚖️ Computing uniqueness weights for 9018 events... INFO
[2025-12-14 11:53:19.233] ✅ Uniqueness weights computed. Mean: 1.0000, Min: 0.4378, Max: 1.3134 SUCCESS
2025-12-14 11:53:19,233 - System.tprint - INFO - ℹ️ ✅ Uniqueness weights computed. Mean: 1.0000, Min: 0.4378, Max: 1.3134 SUCCESS
[I 2025-12-14 11:53:20,084] Trial 8 finished with value: -0.006747156815720976 and parameters: {'trail_distance_atr_mult': 2.002787529358022}. Best is trial 6 with value: -0.0034849037732859996.
[2025-12-14 11:53:21.534] ⚖️ Computing uniqueness weights for 9018 events... INFO
2025-12-14 11:53:21,534 - System.tprint - INFO - ℹ️ ⚖️ Computing uniqueness weights for 9018 events... INFO
[2025-12-14 11:53:21.545] ✅ Uniqueness weights computed. Mean: 1.0000, Min: 0.4381, Max: 1.3142 SUCCESS
2025-12-14 11:53:21,545 - System.tprint - INFO - ℹ️ ✅ Uniqueness weights computed. Mean: 1.0000, Min: 0.4381, Max: 1.3142 SUCCESS
[I 2025-12-14 11:53:22,396] Trial 9 finished with value: -0.006306250579178131 and parameters: {'trail_distance_atr_mult': 2.2701814444901136}. Best is trial 6 with value: -0.0034849037732859996.
[2025-12-14 11:53:23.822] ⚖️ Computing uniqueness weights for 9018 events... INFO
2025-12-14 11:53:23,822 - System.tprint - INFO - ℹ️ ⚖️ Computing uniqueness weights for 9018 events... INFO
[2025-12-14 11:53:23.836] ✅ Uniqueness weights computed. Mean: 1.0000, Min: 0.4372, Max: 1.3117 SUCCESS
2025-12-14 11:53:23,836 - System.tprint - INFO - ℹ️ ✅ Uniqueness weights computed. Mean: 1.0000, Min: 0.4372, Max: 1.3117 SUCCESS
[I 2025-12-14 11:53:24,740] Trial 10 finished with value: -0.007321828937469562 and parameters: {'trail_distance_atr_mult': 0.5514612357395061}. Best is trial 6 with value: -0.0034849037732859996.
[2025-12-14 11:53:26.109] ⚖️ Computing uniqueness weights for 9018 events... INFO
2025-12-14 11:53:26,109 - System.tprint - INFO - ℹ️ ⚖️ Computing uniqueness weights for 9018 events... INFO
[2025-12-14 11:53:26.122] ✅ Uniqueness weights computed. Mean: 1.0000, Min: 0.4385, Max: 1.3154 SUCCESS
2025-12-14 11:53:26,122 - System.tprint - INFO - ℹ️ ✅ Uniqueness weights computed. Mean: 1.0000, Min: 0.4385, Max: 1.3154 SUCCESS
[I 2025-12-14 11:53:26,993] Trial 11 finished with value: -0.008536151649294672 and parameters: {'trail_distance_atr_mult': 2.9247746304049858}. Best is trial 6 with value: -0.0034849037732859996.
[2025-12-14 11:53:28.426] ⚖️ Computing uniqueness weights for 9018 events... INFO
2025-12-14 11:53:28,426 - System.tprint - INFO - ℹ️ ⚖️ Computing uniqueness weights for 9018 events... INFO
[2025-12-14 11:53:28.438] ✅ Uniqueness weights computed. Mean: 1.0000, Min: 0.4383, Max: 1.3149 SUCCESS
2025-12-14 11:53:28,438 - System.tprint - INFO - ℹ️ ✅ Uniqueness weights computed. Mean: 1.0000, Min: 0.4383, Max: 1.3149 SUCCESS
[I 2025-12-14 11:53:29,302] Trial 12 finished with value: -0.00745853879486699 and parameters: {'trail_distance_atr_mult': 2.5811066020010545}. Best is trial 6 with value: -0.0034849037732859996.
[2025-12-14 11:53:30.789] ⚖️ Computing uniqueness weights for 9018 events... INFO
2025-12-14 11:53:30,790 - System.tprint - INFO - ℹ️ ⚖️ Computing uniqueness weights for 9018 events... INFO
[2025-12-14 11:53:30.801] ✅ Uniqueness weights computed. Mean: 1.0000, Min: 0.4373, Max: 1.3119 SUCCESS
2025-12-14 11:53:30,801 - System.tprint - INFO - ℹ️ ✅ Uniqueness weights computed. Mean: 1.0000, Min: 0.4373, Max: 1.3119 SUCCESS
[I 2025-12-14 11:53:31,676] Trial 13 finished with value: -0.0075272292597779785 and parameters: {'trail_distance_atr_mult': 1.0308477766956905}. Best is trial 6 with value: -0.0034849037732859996.
[2025-12-14 11:53:33.449] ⚖️ Computing uniqueness weights for 9018 events... INFO
2025-12-14 11:53:33,449 - System.tprint - INFO - ℹ️ ⚖️ Computing uniqueness weights for 9018 events... INFO
[2025-12-14 11:53:33.464] ✅ Uniqueness weights computed. Mean: 1.0000, Min: 0.4373, Max: 1.3118 SUCCESS
2025-12-14 11:53:33,464 - System.tprint - INFO - ℹ️ ✅ Uniqueness weights computed. Mean: 1.0000, Min: 0.4373, Max: 1.3118 SUCCESS
[I 2025-12-14 11:53:34,483] Trial 14 finished with value: -0.006778423952811806 and parameters: {'trail_distance_atr_mult': 0.9545624180177515}. Best is trial 6 with value: -0.0034849037732859996.
[2025-12-14 11:53:35.947] ⚖️ Computing uniqueness weights for 9018 events... INFO
2025-12-14 11:53:35,947 - System.tprint - INFO - ℹ️ ⚖️ Computing uniqueness weights for 9018 events... INFO
[2025-12-14 11:53:35.959] ✅ Uniqueness weights computed. Mean: 1.0000, Min: 0.4373, Max: 1.3118 SUCCESS
2025-12-14 11:53:35,960 - System.tprint - INFO - ℹ️ ✅ Uniqueness weights computed. Mean: 1.0000, Min: 0.4373, Max: 1.3118 SUCCESS
[I 2025-12-14 11:53:36,829] Trial 15 finished with value: -0.0069441867946306805 and parameters: {'trail_distance_atr_mult': 0.9585112746335845}. Best is trial 6 with value: -0.0034849037732859996.
[2025-12-14 11:53:38.218] ⚖️ Computing uniqueness weights for 9018 events... INFO
2025-12-14 11:53:38,218 - System.tprint - INFO - ℹ️ ⚖️ Computing uniqueness weights for 9018 events... INFO
[2025-12-14 11:53:38.228] ✅ Uniqueness weights computed. Mean: 1.0000, Min: 0.4375, Max: 1.3124 SUCCESS
2025-12-14 11:53:38,228 - System.tprint - INFO - ℹ️ ✅ Uniqueness weights computed. Mean: 1.0000, Min: 0.4375, Max: 1.3124 SUCCESS
[I 2025-12-14 11:53:39,139] Trial 16 finished with value: -0.0022685425508630337 and parameters: {'trail_distance_atr_mult': 1.2606056073988443}. Best is trial 16 with value: -0.0022685425508630337.
[2025-12-14 11:53:40.516] ⚖️ Computing uniqueness weights for 9018 events... INFO
2025-12-14 11:53:40,517 - System.tprint - INFO - ℹ️ ⚖️ Computing uniqueness weights for 9018 events... INFO
[2025-12-14 11:53:40.527] ✅ Uniqueness weights computed. Mean: 1.0000, Min: 0.4377, Max: 1.3131 SUCCESS
2025-12-14 11:53:40,528 - System.tprint - INFO - ℹ️ ✅ Uniqueness weights computed. Mean: 1.0000, Min: 0.4377, Max: 1.3131 SUCCESS
[I 2025-12-14 11:53:41,454] Trial 17 finished with value: -0.007398844235489203 and parameters: {'trail_distance_atr_mult': 1.8118910790805947}. Best is trial 16 with value: -0.0022685425508630337.
[2025-12-14 11:53:42.885] ⚖️ Computing uniqueness weights for 9018 events... INFO
2025-12-14 11:53:42,885 - System.tprint - INFO - ℹ️ ⚖️ Computing uniqueness weights for 9018 events... INFO
[2025-12-14 11:53:42.896] ✅ Uniqueness weights computed. Mean: 1.0000, Min: 0.4376, Max: 1.3127 SUCCESS
2025-12-14 11:53:42,896 - System.tprint - INFO - ℹ️ ✅ Uniqueness weights computed. Mean: 1.0000, Min: 0.4376, Max: 1.3127 SUCCESS
[I 2025-12-14 11:53:43,753] Trial 18 finished with value: -0.0022708452747835627 and parameters: {'trail_distance_atr_mult': 1.5798625466052894}. Best is trial 16 with value: -0.0022685425508630337.
[2025-12-14 11:53:45.138] ⚖️ Computing uniqueness weights for 9018 events... INFO
2025-12-14 11:53:45,139 - System.tprint - INFO - ℹ️ ⚖️ Computing uniqueness weights for 9018 events... INFO
[2025-12-14 11:53:45.150] ✅ Uniqueness weights computed. Mean: 1.0000, Min: 0.4374, Max: 1.3123 SUCCESS
2025-12-14 11:53:45,150 - System.tprint - INFO - ℹ️ ✅ Uniqueness weights computed. Mean: 1.0000, Min: 0.4374, Max: 1.3123 SUCCESS
[I 2025-12-14 11:53:46,000] Trial 19 finished with value: -0.0044871936454239526 and parameters: {'trail_distance_atr_mult': 1.2280728504951048}. Best is trial 16 with value: -0.0022685425508630337.
[2025-12-14 11:53:47.791] ⚖️ Computing uniqueness weights for 9018 events... INFO
2025-12-14 11:53:47,791 - System.tprint - INFO - ℹ️ ⚖️ Computing uniqueness weights for 9018 events... INFO
[2025-12-14 11:53:47.807] ✅ Uniqueness weights computed. Mean: 1.0000, Min: 0.4378, Max: 1.3134 SUCCESS
2025-12-14 11:53:47,807 - System.tprint - INFO - ℹ️ ✅ Uniqueness weights computed. Mean: 1.0000, Min: 0.4378, Max: 1.3134 SUCCESS
[I 2025-12-14 11:53:48,683] Trial 20 finished with value: -0.0028701385247967112 and parameters: {'trail_distance_atr_mult': 2.0296322368059485}. Best is trial 16 with value: -0.0022685425508630337.
[2025-12-14 11:53:50.059] ⚖️ Computing uniqueness weights for 9018 events... INFO
2025-12-14 11:53:50,059 - System.tprint - INFO - ℹ️ ⚖️ Computing uniqueness weights for 9018 events... INFO
[2025-12-14 11:53:50.070] ✅ Uniqueness weights computed. Mean: 1.0000, Min: 0.4373, Max: 1.3118 SUCCESS
2025-12-14 11:53:50,070 - System.tprint - INFO - ℹ️ ✅ Uniqueness weights computed. Mean: 1.0000, Min: 0.4373, Max: 1.3118 SUCCESS
[I 2025-12-14 11:53:50,932] Trial 21 finished with value: -0.006584432769789737 and parameters: {'trail_distance_atr_mult': 0.8487346516301046}. Best is trial 16 with value: -0.0022685425508630337.
[2025-12-14 11:53:52.307] ⚖️ Computing uniqueness weights for 9018 events... INFO
2025-12-14 11:53:52,307 - System.tprint - INFO - ℹ️ ⚖️ Computing uniqueness weights for 9018 events... INFO
[2025-12-14 11:53:52.320] ✅ Uniqueness weights computed. Mean: 1.0000, Min: 0.4374, Max: 1.3123 SUCCESS
2025-12-14 11:53:52,320 - System.tprint - INFO - ℹ️ ✅ Uniqueness weights computed. Mean: 1.0000, Min: 0.4374, Max: 1.3123 SUCCESS
[I 2025-12-14 11:53:53,336] Trial 22 finished with value: -0.004225083481601447 and parameters: {'trail_distance_atr_mult': 1.2303616213380453}. Best is trial 16 with value: -0.0022685425508630337.
[2025-12-14 11:53:54.886] ⚖️ Computing uniqueness weights for 9018 events... INFO
2025-12-14 11:53:54,886 - System.tprint - INFO - ℹ️ ⚖️ Computing uniqueness weights for 9018 events... INFO
[2025-12-14 11:53:54.927] ✅ Uniqueness weights computed. Mean: 1.0000, Min: 0.4375, Max: 1.3125 SUCCESS
2025-12-14 11:53:54,928 - System.tprint - INFO - ℹ️ ✅ Uniqueness weights computed. Mean: 1.0000, Min: 0.4375, Max: 1.3125 SUCCESS
[I 2025-12-14 11:53:55,920] Trial 23 finished with value: -0.004014199977690836 and parameters: {'trail_distance_atr_mult': 1.4159046082342293}. Best is trial 16 with value: -0.0022685425508630337.
[2025-12-14 11:53:57.433] ⚖️ Computing uniqueness weights for 9018 events... INFO
2025-12-14 11:53:57,433 - System.tprint - INFO - ℹ️ ⚖️ Computing uniqueness weights for 9018 events... INFO
[2025-12-14 11:53:57.445] ✅ Uniqueness weights computed. Mean: 1.0000, Min: 0.4376, Max: 1.3128 SUCCESS
2025-12-14 11:53:57,446 - System.tprint - INFO - ℹ️ ✅ Uniqueness weights computed. Mean: 1.0000, Min: 0.4376, Max: 1.3128 SUCCESS
[I 2025-12-14 11:53:58,581] Trial 24 finished with value: -0.0059916198831385945 and parameters: {'trail_distance_atr_mult': 1.64017496054259}. Best is trial 16 with value: -0.0022685425508630337.
[2025-12-14 11:54:00.475] ⚖️ Computing uniqueness weights for 9018 events... INFO
2025-12-14 11:54:00,475 - System.tprint - INFO - ℹ️ ⚖️ Computing uniqueness weights for 9018 events... INFO
[2025-12-14 11:54:00.487] ✅ Uniqueness weights computed. Mean: 1.0000, Min: 0.4383, Max: 1.3148 SUCCESS
2025-12-14 11:54:00,487 - System.tprint - INFO - ℹ️ ✅ Uniqueness weights computed. Mean: 1.0000, Min: 0.4383, Max: 1.3148 SUCCESS
[I 2025-12-14 11:54:01,418] Trial 25 finished with value: -0.004313589734416526 and parameters: {'trail_distance_atr_mult': 2.462939903482534}. Best is trial 16 with value: -0.0022685425508630337.
[2025-12-14 11:54:02.821] ⚖️ Computing uniqueness weights for 9018 events... INFO
2025-12-14 11:54:02,821 - System.tprint - INFO - ℹ️ ⚖️ Computing uniqueness weights for 9018 events... INFO
[2025-12-14 11:54:02.833] ✅ Uniqueness weights computed. Mean: 1.0000, Min: 0.4373, Max: 1.3119 SUCCESS
2025-12-14 11:54:02,833 - System.tprint - INFO - ℹ️ ✅ Uniqueness weights computed. Mean: 1.0000, Min: 0.4373, Max: 1.3119 SUCCESS
[I 2025-12-14 11:54:03,734] Trial 26 finished with value: -0.006751223994947285 and parameters: {'trail_distance_atr_mult': 0.9991844553958993}. Best is trial 16 with value: -0.0022685425508630337.
[2025-12-14 11:54:05.122] ⚖️ Computing uniqueness weights for 9018 events... INFO
2025-12-14 11:54:05,122 - System.tprint - INFO - ℹ️ ⚖️ Computing uniqueness weights for 9018 events... INFO
[2025-12-14 11:54:05.139] ✅ Uniqueness weights computed. Mean: 1.0000, Min: 0.4377, Max: 1.3130 SUCCESS
2025-12-14 11:54:05,139 - System.tprint - INFO - ℹ️ ✅ Uniqueness weights computed. Mean: 1.0000, Min: 0.4377, Max: 1.3130 SUCCESS
[I 2025-12-14 11:54:06,061] Trial 27 finished with value: -0.0071276538851467695 and parameters: {'trail_distance_atr_mult': 1.785586096034029}. Best is trial 16 with value: -0.0022685425508630337.
[2025-12-14 11:54:07.518] ⚖️ Computing uniqueness weights for 9018 events... INFO
2025-12-14 11:54:07,518 - System.tprint - INFO - ℹ️ ⚖️ Computing uniqueness weights for 9018 events... INFO
[2025-12-14 11:54:07.529] ✅ Uniqueness weights computed. Mean: 1.0000, Min: 0.4378, Max: 1.3134 SUCCESS
2025-12-14 11:54:07,529 - System.tprint - INFO - ℹ️ ✅ Uniqueness weights computed. Mean: 1.0000, Min: 0.4378, Max: 1.3134 SUCCESS
[I 2025-12-14 11:54:08,674] Trial 28 finished with value: -0.006954348032828429 and parameters: {'trail_distance_atr_mult': 1.9810364221551062}. Best is trial 16 with value: -0.0022685425508630337.
[2025-12-14 11:54:10.274] ⚖️ Computing uniqueness weights for 9018 events... INFO
2025-12-14 11:54:10,274 - System.tprint - INFO - ℹ️ ⚖️ Computing uniqueness weights for 9018 events... INFO
[2025-12-14 11:54:10.286] ✅ Uniqueness weights computed. Mean: 1.0000, Min: 0.4372, Max: 1.3117 SUCCESS
2025-12-14 11:54:10,286 - System.tprint - INFO - ℹ️ ✅ Uniqueness weights computed. Mean: 1.0000, Min: 0.4372, Max: 1.3117 SUCCESS
[I 2025-12-14 11:54:11,180] Trial 29 finished with value: -0.007546852514577222 and parameters: {'trail_distance_atr_mult': 0.6161260317999944}. Best is trial 16 with value: -0.0022685425508630337.
[2025-12-14 11:54:12.636] ⚖️ Computing uniqueness weights for 9018 events... INFO
2025-12-14 11:54:12,637 - System.tprint - INFO - ℹ️ ⚖️ Computing uniqueness weights for 9018 events... INFO
[2025-12-14 11:54:12.648] ✅ Uniqueness weights computed. Mean: 1.0000, Min: 0.4378, Max: 1.3134 SUCCESS
2025-12-14 11:54:12,648 - System.tprint - INFO - ℹ️ ✅ Uniqueness weights computed. Mean: 1.0000, Min: 0.4378, Max: 1.3134 SUCCESS
[I 2025-12-14 11:54:13,539] Trial 30 finished with value: -0.0074460958482941006 and parameters: {'trail_distance_atr_mult': 2.018862129753596}. Best is trial 16 with value: -0.0022685425508630337.
[2025-12-14 11:54:14.998] ⚖️ Computing uniqueness weights for 9018 events... INFO
2025-12-14 11:54:14,999 - System.tprint - INFO - ℹ️ ⚖️ Computing uniqueness weights for 9018 events... INFO
[2025-12-14 11:54:15.014] ✅ Uniqueness weights computed. Mean: 1.0000, Min: 0.4373, Max: 1.3118 SUCCESS
2025-12-14 11:54:15,014 - System.tprint - INFO - ℹ️ ✅ Uniqueness weights computed. Mean: 1.0000, Min: 0.4373, Max: 1.3118 SUCCESS
[I 2025-12-14 11:54:15,908] Trial 31 finished with value: -0.00688896626449369 and parameters: {'trail_distance_atr_mult': 0.9263103092182288}. Best is trial 16 with value: -0.0022685425508630337.
[2025-12-14 11:54:17.293] ⚖️ Computing uniqueness weights for 9018 events... INFO
2025-12-14 11:54:17,293 - System.tprint - INFO - ℹ️ ⚖️ Computing uniqueness weights for 9018 events... INFO
[2025-12-14 11:54:17.304] ✅ Uniqueness weights computed. Mean: 1.0000, Min: 0.4372, Max: 1.3117 SUCCESS
2025-12-14 11:54:17,304 - System.tprint - INFO - ℹ️ ✅ Uniqueness weights computed. Mean: 1.0000, Min: 0.4372, Max: 1.3117 SUCCESS
[I 2025-12-14 11:54:18,245] Trial 32 finished with value: -0.0034849037542104768 and parameters: {'trail_distance_atr_mult': 0.6626289824631988}. Best is trial 16 with value: -0.0022685425508630337.
[2025-12-14 11:54:19.906] ⚖️ Computing uniqueness weights for 9018 events... INFO
2025-12-14 11:54:19,906 - System.tprint - INFO - ℹ️ ⚖️ Computing uniqueness weights for 9018 events... INFO
[2025-12-14 11:54:19.922] ✅ Uniqueness weights computed. Mean: 1.0000, Min: 0.4385, Max: 1.3154 SUCCESS
2025-12-14 11:54:19,922 - System.tprint - INFO - ℹ️ ✅ Uniqueness weights computed. Mean: 1.0000, Min: 0.4385, Max: 1.3154 SUCCESS
[I 2025-12-14 11:54:20,920] Trial 33 finished with value: -0.008045425889696093 and parameters: {'trail_distance_atr_mult': 2.8722138431333333}. Best is trial 16 with value: -0.0022685425508630337.
[2025-12-14 11:54:22.311] ⚖️ Computing uniqueness weights for 9018 events... INFO
2025-12-14 11:54:22,311 - System.tprint - INFO - ℹ️ ⚖️ Computing uniqueness weights for 9018 events... INFO
[2025-12-14 11:54:22.324] ✅ Uniqueness weights computed. Mean: 1.0000, Min: 0.4385, Max: 1.3154 SUCCESS
2025-12-14 11:54:22,324 - System.tprint - INFO - ℹ️ ✅ Uniqueness weights computed. Mean: 1.0000, Min: 0.4385, Max: 1.3154 SUCCESS
[I 2025-12-14 11:54:23,208] Trial 34 finished with value: -0.007614067539852622 and parameters: {'trail_distance_atr_mult': 2.9140800826863984}. Best is trial 16 with value: -0.0022685425508630337.
[2025-12-14 11:54:24.595] ⚖️ Computing uniqueness weights for 9018 events... INFO
2025-12-14 11:54:24,596 - System.tprint - INFO - ℹ️ ⚖️ Computing uniqueness weights for 9018 events... INFO
[2025-12-14 11:54:24.608] ✅ Uniqueness weights computed. Mean: 1.0000, Min: 0.4383, Max: 1.3148 SUCCESS
2025-12-14 11:54:24,608 - System.tprint - INFO - ℹ️ ✅ Uniqueness weights computed. Mean: 1.0000, Min: 0.4383, Max: 1.3148 SUCCESS
