[I 2025-12-14 12:50:00,702] Trial 1399 finished with value: -0.007527246903917799 and parameters: {'trail_distance_atr_mult': 1.0550780821749957}. Best is trial 126 with value: -0.000363295272717509.
[2025-12-14 12:50:01.919] ⚖️ Computing uniqueness weights for 9018 events... INFO
2025-12-14 12:50:01,919 - System.tprint - INFO - ℹ️ ⚖️ Computing uniqueness weights for 9018 events... INFO
[2025-12-14 12:50:01.930] ✅ Uniqueness weights computed. Mean: 1.0000, Min: 0.4373, Max: 1.3118 SUCCESS
2025-12-14 12:50:01,930 - System.tprint - INFO - ℹ️ ✅ Uniqueness weights computed. Mean: 1.0000, Min: 0.4373, Max: 1.3118 SUCCESS
[I 2025-12-14 12:50:02,602] Trial 1400 finished with value: -0.006721282244423206 and parameters: {'trail_distance_atr_mult': 0.9137354317915052}. Best is trial 126 with value: -0.000363295272717509.
[2025-12-14 12:50:03.816] ⚖️ Computing uniqueness weights for 9018 events... INFO
2025-12-14 12:50:03,816 - System.tprint - INFO - ℹ️ ⚖️ Computing uniqueness weights for 9018 events... INFO
[2025-12-14 12:50:03.826] ✅ Uniqueness weights computed. Mean: 1.0000, Min: 0.4373, Max: 1.3120 SUCCESS
2025-12-14 12:50:03,826 - System.tprint - INFO - ℹ️ ✅ Uniqueness weights computed. Mean: 1.0000, Min: 0.4373, Max: 1.3120 SUCCESS
[I 2025-12-14 12:50:04,463] Trial 1401 finished with value: -0.007527268198690458 and parameters: {'trail_distance_atr_mult': 1.0736878433882806}. Best is trial 126 with value: -0.000363295272717509.
[2025-12-14 12:50:05.662] ⚖️ Computing uniqueness weights for 9018 events... INFO
2025-12-14 12:50:05,663 - System.tprint - INFO - ℹ️ ⚖️ Computing uniqueness weights for 9018 events... INFO
[2025-12-14 12:50:05.671] ✅ Uniqueness weights computed. Mean: 1.0000, Min: 0.4373, Max: 1.3119 SUCCESS
2025-12-14 12:50:05,672 - System.tprint - INFO - ℹ️ ✅ Uniqueness weights computed. Mean: 1.0000, Min: 0.4373, Max: 1.3119 SUCCESS
[I 2025-12-14 12:50:06,309] Trial 1402 finished with value: -0.007527228443949037 and parameters: {'trail_distance_atr_mult': 1.0332659606116865}. Best is trial 126 with value: -0.000363295272717509.
[2025-12-14 12:50:07.503] ⚖️ Computing uniqueness weights for 9018 events... INFO
2025-12-14 12:50:07,503 - System.tprint - INFO - ℹ️ ⚖️ Computing uniqueness weights for 9018 events... INFO
[2025-12-14 12:50:07.512] ✅ Uniqueness weights computed. Mean: 1.0000, Min: 0.4373, Max: 1.3120 SUCCESS
2025-12-14 12:50:07,513 - System.tprint - INFO - ℹ️ ✅ Uniqueness weights computed. Mean: 1.0000, Min: 0.4373, Max: 1.3120 SUCCESS
[I 2025-12-14 12:50:08,176] Trial 1403 finished with value: -0.0008138620597390516 and parameters: {'trail_distance_atr_mult': 1.0878405585831064}. Best is trial 126 with value: -0.000363295272717509.
[2025-12-14 12:50:09.382] ⚖️ Computing uniqueness weights for 9018 events... INFO
2025-12-14 12:50:09,382 - System.tprint - INFO - ℹ️ ⚖️ Computing uniqueness weights for 9018 events... INFO
[2025-12-14 12:50:09.392] ✅ Uniqueness weights computed. Mean: 1.0000, Min: 0.4372, Max: 1.3117 SUCCESS
2025-12-14 12:50:09,392 - System.tprint - INFO - ℹ️ ✅ Uniqueness weights computed. Mean: 1.0000, Min: 0.4372, Max: 1.3117 SUCCESS
[I 2025-12-14 12:50:10,026] Trial 1404 finished with value: -0.007479132166017314 and parameters: {'trail_distance_atr_mult': 0.7222246537370043}. Best is trial 126 with value: -0.000363295272717509.
[2025-12-14 12:50:11.228] ⚖️ Computing uniqueness weights for 9018 events... INFO
2025-12-14 12:50:11,228 - System.tprint - INFO - ℹ️ ⚖️ Computing uniqueness weights for 9018 events... INFO
[2025-12-14 12:50:11.238] ✅ Uniqueness weights computed. Mean: 1.0000, Min: 0.4373, Max: 1.3118 SUCCESS
2025-12-14 12:50:11,238 - System.tprint - INFO - ℹ️ ✅ Uniqueness weights computed. Mean: 1.0000, Min: 0.4373, Max: 1.3118 SUCCESS
[I 2025-12-14 12:50:11,874] Trial 1405 finished with value: -0.006778384775959264 and parameters: {'trail_distance_atr_mult': 0.928399281698538}. Best is trial 126 with value: -0.000363295272717509.
[2025-12-14 12:50:13.065] ⚖️ Computing uniqueness weights for 9018 events... INFO
2025-12-14 12:50:13,065 - System.tprint - INFO - ℹ️ ⚖️ Computing uniqueness weights for 9018 events... INFO
[2025-12-14 12:50:13.074] ✅ Uniqueness weights computed. Mean: 1.0000, Min: 0.4373, Max: 1.3120 SUCCESS
2025-12-14 12:50:13,074 - System.tprint - INFO - ℹ️ ✅ Uniqueness weights computed. Mean: 1.0000, Min: 0.4373, Max: 1.3120 SUCCESS
[I 2025-12-14 12:50:13,717] Trial 1406 finished with value: -0.00752726771685011 and parameters: {'trail_distance_atr_mult': 1.0762037852097435}. Best is trial 126 with value: -0.000363295272717509.
[2025-12-14 12:50:14.919] ⚖️ Computing uniqueness weights for 9018 events... INFO
2025-12-14 12:50:14,919 - System.tprint - INFO - ℹ️ ⚖️ Computing uniqueness weights for 9018 events... INFO
[2025-12-14 12:50:14.929] ✅ Uniqueness weights computed. Mean: 1.0000, Min: 0.4373, Max: 1.3120 SUCCESS
2025-12-14 12:50:14,929 - System.tprint - INFO - ℹ️ ✅ Uniqueness weights computed. Mean: 1.0000, Min: 0.4373, Max: 1.3120 SUCCESS
[I 2025-12-14 12:50:15,569] Trial 1407 finished with value: -0.007527267620494229 and parameters: {'trail_distance_atr_mult': 1.0765325217610038}. Best is trial 126 with value: -0.000363295272717509.
[2025-12-14 12:50:16.771] ⚖️ Computing uniqueness weights for 9018 events... INFO
2025-12-14 12:50:16,771 - System.tprint - INFO - ℹ️ ⚖️ Computing uniqueness weights for 9018 events... INFO
[2025-12-14 12:50:16.782] ✅ Uniqueness weights computed. Mean: 1.0000, Min: 0.4373, Max: 1.3118 SUCCESS
2025-12-14 12:50:16,782 - System.tprint - INFO - ℹ️ ✅ Uniqueness weights computed. Mean: 1.0000, Min: 0.4373, Max: 1.3118 SUCCESS
[I 2025-12-14 12:50:17,415] Trial 1408 finished with value: -0.006778388870124349 and parameters: {'trail_distance_atr_mult': 0.930798195332037}. Best is trial 126 with value: -0.000363295272717509.
[2025-12-14 12:50:18.625] ⚖️ Computing uniqueness weights for 9018 events... INFO
2025-12-14 12:50:18,625 - System.tprint - INFO - ℹ️ ⚖️ Computing uniqueness weights for 9018 events... INFO
[2025-12-14 12:50:18.635] ✅ Uniqueness weights computed. Mean: 1.0000, Min: 0.4373, Max: 1.3120 SUCCESS
2025-12-14 12:50:18,635 - System.tprint - INFO - ℹ️ ✅ Uniqueness weights computed. Mean: 1.0000, Min: 0.4373, Max: 1.3120 SUCCESS
[I 2025-12-14 12:50:19,271] Trial 1409 finished with value: -0.0008138614569199078 and parameters: {'trail_distance_atr_mult': 1.0962018033762144}. Best is trial 126 with value: -0.000363295272717509.
[2025-12-14 12:50:20.464] ⚖️ Computing uniqueness weights for 9018 events... INFO
2025-12-14 12:50:20,464 - System.tprint - INFO - ℹ️ ⚖️ Computing uniqueness weights for 9018 events... INFO
[2025-12-14 12:50:20.474] ✅ Uniqueness weights computed. Mean: 1.0000, Min: 0.4373, Max: 1.3118 SUCCESS
2025-12-14 12:50:20,474 - System.tprint - INFO - ℹ️ ✅ Uniqueness weights computed. Mean: 1.0000, Min: 0.4373, Max: 1.3118 SUCCESS
[I 2025-12-14 12:50:21,109] Trial 1410 finished with value: -0.006721050535538565 and parameters: {'trail_distance_atr_mult': 0.9156137020672748}. Best is trial 126 with value: -0.000363295272717509.
[2025-12-14 12:50:22.314] ⚖️ Computing uniqueness weights for 9018 events... INFO
2025-12-14 12:50:22,315 - System.tprint - INFO - ℹ️ ⚖️ Computing uniqueness weights for 9018 events... INFO
[2025-12-14 12:50:22.324] ✅ Uniqueness weights computed. Mean: 1.0000, Min: 0.4373, Max: 1.3120 SUCCESS
2025-12-14 12:50:22,324 - System.tprint - INFO - ℹ️ ✅ Uniqueness weights computed. Mean: 1.0000, Min: 0.4373, Max: 1.3120 SUCCESS
[I 2025-12-14 12:50:22,964] Trial 1411 finished with value: -0.0075272678170026615 and parameters: {'trail_distance_atr_mult': 1.0749685461118912}. Best is trial 126 with value: -0.000363295272717509.
[2025-12-14 12:50:24.181] ⚖️ Computing uniqueness weights for 9018 events... INFO
2025-12-14 12:50:24,181 - System.tprint - INFO - ℹ️ ⚖️ Computing uniqueness weights for 9018 events... INFO
[2025-12-14 12:50:24.191] ✅ Uniqueness weights computed. Mean: 1.0000, Min: 0.4373, Max: 1.3120 SUCCESS
2025-12-14 12:50:24,191 - System.tprint - INFO - ℹ️ ✅ Uniqueness weights computed. Mean: 1.0000, Min: 0.4373, Max: 1.3120 SUCCESS
[I 2025-12-14 12:50:24,829] Trial 1412 finished with value: -0.007527257091718253 and parameters: {'trail_distance_atr_mult': 1.0636006066078894}. Best is trial 126 with value: -0.000363295272717509.
[2025-12-14 12:50:26.031] ⚖️ Computing uniqueness weights for 9018 events... INFO
2025-12-14 12:50:26,032 - System.tprint - INFO - ℹ️ ⚖️ Computing uniqueness weights for 9018 events... INFO
[2025-12-14 12:50:26.041] ✅ Uniqueness weights computed. Mean: 1.0000, Min: 0.4373, Max: 1.3118 SUCCESS
2025-12-14 12:50:26,041 - System.tprint - INFO - ℹ️ ✅ Uniqueness weights computed. Mean: 1.0000, Min: 0.4373, Max: 1.3118 SUCCESS
[I 2025-12-14 12:50:26,774] Trial 1413 finished with value: -0.006734838535544621 and parameters: {'trail_distance_atr_mult': 0.8601669306737063}. Best is trial 126 with value: -0.000363295272717509.
[2025-12-14 12:50:27.967] ⚖️ Computing uniqueness weights for 9018 events... INFO
2025-12-14 12:50:27,967 - System.tprint - INFO - ℹ️ ⚖️ Computing uniqueness weights for 9018 events... INFO
[2025-12-14 12:50:27.976] ✅ Uniqueness weights computed. Mean: 1.0000, Min: 0.4373, Max: 1.3120 SUCCESS
2025-12-14 12:50:27,976 - System.tprint - INFO - ℹ️ ✅ Uniqueness weights computed. Mean: 1.0000, Min: 0.4373, Max: 1.3120 SUCCESS
[I 2025-12-14 12:50:28,844] Trial 1414 finished with value: -0.0016006569009501075 and parameters: {'trail_distance_atr_mult': 1.0840556803480126}. Best is trial 126 with value: -0.000363295272717509.
[2025-12-14 12:50:31.128] ⚖️ Computing uniqueness weights for 9018 events... INFO
2025-12-14 12:50:31,128 - System.tprint - INFO - ℹ️ ⚖️ Computing uniqueness weights for 9018 events... INFO
[2025-12-14 12:50:31.144] ✅ Uniqueness weights computed. Mean: 1.0000, Min: 0.4373, Max: 1.3120 SUCCESS
2025-12-14 12:50:31,144 - System.tprint - INFO - ℹ️ ✅ Uniqueness weights computed. Mean: 1.0000, Min: 0.4373, Max: 1.3120 SUCCESS
[I 2025-12-14 12:50:32,090] Trial 1415 finished with value: -0.000813861839762589 and parameters: {'trail_distance_atr_mult': 1.0908898075093512}. Best is trial 126 with value: -0.000363295272717509.
[2025-12-14 12:50:33.998] ⚖️ Computing uniqueness weights for 9018 events... INFO
2025-12-14 12:50:33,998 - System.tprint - INFO - ℹ️ ⚖️ Computing uniqueness weights for 9018 events... INFO
[2025-12-14 12:50:34.010] ✅ Uniqueness weights computed. Mean: 1.0000, Min: 0.4373, Max: 1.3120 SUCCESS
2025-12-14 12:50:34,010 - System.tprint - INFO - ℹ️ ✅ Uniqueness weights computed. Mean: 1.0000, Min: 0.4373, Max: 1.3120 SUCCESS
[I 2025-12-14 12:50:35,100] Trial 1416 finished with value: -0.007582018487462311 and parameters: {'trail_distance_atr_mult': 1.0795563582708798}. Best is trial 126 with value: -0.000363295272717509.
[2025-12-14 12:50:36.869] ⚖️ Computing uniqueness weights for 9018 events... INFO
2025-12-14 12:50:36,869 - System.tprint - INFO - ℹ️ ⚖️ Computing uniqueness weights for 9018 events... INFO
[2025-12-14 12:50:36.881] ✅ Uniqueness weights computed. Mean: 1.0000, Min: 0.4372, Max: 1.3117 SUCCESS
2025-12-14 12:50:36,881 - System.tprint - INFO - ℹ️ ✅ Uniqueness weights computed. Mean: 1.0000, Min: 0.4372, Max: 1.3117 SUCCESS
[I 2025-12-14 12:50:37,939] Trial 1417 finished with value: -0.007479124174524133 and parameters: {'trail_distance_atr_mult': 0.7247924028043403}. Best is trial 126 with value: -0.000363295272717509.
[2025-12-14 12:50:39.328] ⚖️ Computing uniqueness weights for 9018 events... INFO
2025-12-14 12:50:39,328 - System.tprint - INFO - ℹ️ ⚖️ Computing uniqueness weights for 9018 events... INFO
[2025-12-14 12:50:39.339] ✅ Uniqueness weights computed. Mean: 1.0000, Min: 0.4373, Max: 1.3120 SUCCESS
2025-12-14 12:50:39,339 - System.tprint - INFO - ℹ️ ✅ Uniqueness weights computed. Mean: 1.0000, Min: 0.4373, Max: 1.3120 SUCCESS
[I 2025-12-14 12:50:40,234] Trial 1418 finished with value: -0.0008138611073702565 and parameters: {'trail_distance_atr_mult': 1.1010623257260217}. Best is trial 126 with value: -0.000363295272717509.
[2025-12-14 12:50:41.605] ⚖️ Computing uniqueness weights for 9018 events... INFO
2025-12-14 12:50:41,606 - System.tprint - INFO - ℹ️ ⚖️ Computing uniqueness weights for 9018 events... INFO
[2025-12-14 12:50:41.617] ✅ Uniqueness weights computed. Mean: 1.0000, Min: 0.4373, Max: 1.3120 SUCCESS
2025-12-14 12:50:41,617 - System.tprint - INFO - ℹ️ ✅ Uniqueness weights computed. Mean: 1.0000, Min: 0.4373, Max: 1.3120 SUCCESS
[I 2025-12-14 12:50:42,507] Trial 1419 finished with value: -0.007527255395039496 and parameters: {'trail_distance_atr_mult': 1.0622588638060735}. Best is trial 126 with value: -0.000363295272717509.
[2025-12-14 12:50:43.732] ⚖️ Computing uniqueness weights for 9018 events... INFO
2025-12-14 12:50:43,732 - System.tprint - INFO - ℹ️ ⚖️ Computing uniqueness weights for 9018 events... INFO
[2025-12-14 12:50:43.741] ✅ Uniqueness weights computed. Mean: 1.0000, Min: 0.4373, Max: 1.3120 SUCCESS
2025-12-14 12:50:43,741 - System.tprint - INFO - ℹ️ ✅ Uniqueness weights computed. Mean: 1.0000, Min: 0.4373, Max: 1.3120 SUCCESS
[I 2025-12-14 12:50:44,417] Trial 1420 finished with value: -0.0008138621690170257 and parameters: {'trail_distance_atr_mult': 1.086618383332314}. Best is trial 126 with value: -0.000363295272717509.
[2025-12-14 12:50:45.630] ⚖️ Computing uniqueness weights for 9018 events... INFO
2025-12-14 12:50:45,630 - System.tprint - INFO - ℹ️ ⚖️ Computing uniqueness weights for 9018 events... INFO
[2025-12-14 12:50:45.640] ✅ Uniqueness weights computed. Mean: 1.0000, Min: 0.4373, Max: 1.3118 SUCCESS
2025-12-14 12:50:45,640 - System.tprint - INFO - ℹ️ ✅ Uniqueness weights computed. Mean: 1.0000, Min: 0.4373, Max: 1.3118 SUCCESS
[I 2025-12-14 12:50:46,302] Trial 1421 finished with value: -0.0068889557766697385 and parameters: {'trail_distance_atr_mult': 0.9202435543961276}. Best is trial 126 with value: -0.000363295272717509.
[2025-12-14 12:50:47.504] ⚖️ Computing uniqueness weights for 9018 events... INFO
2025-12-14 12:50:47,504 - System.tprint - INFO - ℹ️ ⚖️ Computing uniqueness weights for 9018 events... INFO
[2025-12-14 12:50:47.514] ✅ Uniqueness weights computed. Mean: 1.0000, Min: 0.4373, Max: 1.3120 SUCCESS
2025-12-14 12:50:47,514 - System.tprint - INFO - ℹ️ ✅ Uniqueness weights computed. Mean: 1.0000, Min: 0.4373, Max: 1.3120 SUCCESS
[I 2025-12-14 12:50:48,156] Trial 1422 finished with value: -0.007658097683356596 and parameters: {'trail_distance_atr_mult': 1.1092948482156426}. Best is trial 126 with value: -0.000363295272717509.
[2025-12-14 12:50:49.354] ⚖️ Computing uniqueness weights for 9018 events... INFO
2025-12-14 12:50:49,355 - System.tprint - INFO - ℹ️ ⚖️ Computing uniqueness weights for 9018 events... INFO
[2025-12-14 12:50:49.364] ✅ Uniqueness weights computed. Mean: 1.0000, Min: 0.4373, Max: 1.3120 SUCCESS
2025-12-14 12:50:49,364 - System.tprint - INFO - ℹ️ ✅ Uniqueness weights computed. Mean: 1.0000, Min: 0.4373, Max: 1.3120 SUCCESS
[I 2025-12-14 12:50:50,006] Trial 1423 finished with value: -0.007658102944843626 and parameters: {'trail_distance_atr_mult': 1.1061914749825206}. Best is trial 126 with value: -0.000363295272717509.
[2025-12-14 12:50:51.214] ⚖️ Computing uniqueness weights for 9018 events... INFO
2025-12-14 12:50:51,214 - System.tprint - INFO - ℹ️ ⚖️ Computing uniqueness weights for 9018 events... INFO
[2025-12-14 12:50:51.225] ✅ Uniqueness weights computed. Mean: 1.0000, Min: 0.4373, Max: 1.3118 SUCCESS
2025-12-14 12:50:51,225 - System.tprint - INFO - ℹ️ ✅ Uniqueness weights computed. Mean: 1.0000, Min: 0.4373, Max: 1.3118 SUCCESS
[I 2025-12-14 12:50:51,867] Trial 1424 finished with value: -0.006584435718239059 and parameters: {'trail_distance_atr_mult': 0.8498736494787963}. Best is trial 126 with value: -0.000363295272717509.
[2025-12-14 12:50:53.063] ⚖️ Computing uniqueness weights for 9018 events... INFO
2025-12-14 12:50:53,063 - System.tprint - INFO - ℹ️ ⚖️ Computing uniqueness weights for 9018 events... INFO
[2025-12-14 12:50:53.072] ✅ Uniqueness weights computed. Mean: 1.0000, Min: 0.4373, Max: 1.3120 SUCCESS
2025-12-14 12:50:53,073 - System.tprint - INFO - ℹ️ ✅ Uniqueness weights computed. Mean: 1.0000, Min: 0.4373, Max: 1.3120 SUCCESS
[I 2025-12-14 12:50:53,705] Trial 1425 finished with value: -0.007816488210388804 and parameters: {'trail_distance_atr_mult': 1.1240166777622789}. Best is trial 126 with value: -0.000363295272717509.
[2025-12-14 12:50:54.915] ⚖️ Computing uniqueness weights for 9018 events... INFO
2025-12-14 12:50:54,915 - System.tprint - INFO - ℹ️ ⚖️ Computing uniqueness weights for 9018 events... INFO
[2025-12-14 12:50:54.925] ✅ Uniqueness weights computed. Mean: 1.0000, Min: 0.4373, Max: 1.3120 SUCCESS
2025-12-14 12:50:54,925 - System.tprint - INFO - ℹ️ ✅ Uniqueness weights computed. Mean: 1.0000, Min: 0.4373, Max: 1.3120 SUCCESS
[I 2025-12-14 12:50:55,567] Trial 1426 finished with value: -0.007658095551697405 and parameters: {'trail_distance_atr_mult': 1.1104850983355796}. Best is trial 126 with value: -0.000363295272717509.
[2025-12-14 12:50:56.773] ⚖️ Computing uniqueness weights for 9018 events... INFO
2025-12-14 12:50:56,773 - System.tprint - INFO - ℹ️ ⚖️ Computing uniqueness weights for 9018 events... INFO
[2025-12-14 12:50:56.782] ✅ Uniqueness weights computed. Mean: 1.0000, Min: 0.4373, Max: 1.3118 SUCCESS
2025-12-14 12:50:56,782 - System.tprint - INFO - ℹ️ ✅ Uniqueness weights computed. Mean: 1.0000, Min: 0.4373, Max: 1.3118 SUCCESS
[I 2025-12-14 12:50:57,420] Trial 1427 finished with value: -0.00658444193069446 and parameters: {'trail_distance_atr_mult': 0.8522878550415991}. Best is trial 126 with value: -0.000363295272717509.
[2025-12-14 12:50:58.612] ⚖️ Computing uniqueness weights for 9018 events... INFO
2025-12-14 12:50:58,612 - System.tprint - INFO - ℹ️ ⚖️ Computing uniqueness weights for 9018 events... INFO
[2025-12-14 12:50:58.622] ✅ Uniqueness weights computed. Mean: 1.0000, Min: 0.4373, Max: 1.3120 SUCCESS
2025-12-14 12:50:58,622 - System.tprint - INFO - ℹ️ ✅ Uniqueness weights computed. Mean: 1.0000, Min: 0.4373, Max: 1.3120 SUCCESS
[I 2025-12-14 12:50:59,283] Trial 1428 finished with value: -0.007658097453117598 and parameters: {'trail_distance_atr_mult': 1.109414283178462}. Best is trial 126 with value: -0.000363295272717509.
[2025-12-14 12:51:00.462] ⚖️ Computing uniqueness weights for 9018 events... INFO
2025-12-14 12:51:00,463 - System.tprint - INFO - ℹ️ ⚖️ Computing uniqueness weights for 9018 events... INFO
[2025-12-14 12:51:00.473] ✅ Uniqueness weights computed. Mean: 1.0000, Min: 0.4373, Max: 1.3120 SUCCESS
2025-12-14 12:51:00,473 - System.tprint - INFO - ℹ️ ✅ Uniqueness weights computed. Mean: 1.0000, Min: 0.4373, Max: 1.3120 SUCCESS
[I 2025-12-14 12:51:01,113] Trial 1429 finished with value: -0.0008138614865098846 and parameters: {'trail_distance_atr_mult': 1.0957508472070265}. Best is trial 126 with value: -0.000363295272717509.
[2025-12-14 12:51:02.665] ⚖️ Computing uniqueness weights for 9018 events... INFO
2025-12-14 12:51:02,665 - System.tprint - INFO - ℹ️ ⚖️ Computing uniqueness weights for 9018 events... INFO
[2025-12-14 12:51:02.677] ✅ Uniqueness weights computed. Mean: 1.0000, Min: 0.4373, Max: 1.3118 SUCCESS
2025-12-14 12:51:02,677 - System.tprint - INFO - ℹ️ ✅ Uniqueness weights computed. Mean: 1.0000, Min: 0.4373, Max: 1.3118 SUCCESS
[I 2025-12-14 12:51:03,535] Trial 1430 finished with value: -0.006721057057247623 and parameters: {'trail_distance_atr_mult': 0.9161947503920224}. Best is trial 126 with value: -0.000363295272717509.
[2025-12-14 12:51:04.749] ⚖️ Computing uniqueness weights for 9018 events... INFO
2025-12-14 12:51:04,749 - System.tprint - INFO - ℹ️ ⚖️ Computing uniqueness weights for 9018 events... INFO
[2025-12-14 12:51:04.759] ✅ Uniqueness weights computed. Mean: 1.0000, Min: 0.4373, Max: 1.3120 SUCCESS
2025-12-14 12:51:04,759 - System.tprint - INFO - ℹ️ ✅ Uniqueness weights computed. Mean: 1.0000, Min: 0.4373, Max: 1.3120 SUCCESS
[I 2025-12-14 12:51:05,426] Trial 1431 finished with value: -0.007658100889187358 and parameters: {'trail_distance_atr_mult': 1.1073591199612307}. Best is trial 126 with value: -0.000363295272717509.
[2025-12-14 12:51:06.653] ⚖️ Computing uniqueness weights for 9018 events... INFO
2025-12-14 12:51:06,653 - System.tprint - INFO - ℹ️ ⚖️ Computing uniqueness weights for 9018 events... INFO
[2025-12-14 12:51:06.664] ✅ Uniqueness weights computed. Mean: 1.0000, Min: 0.4373, Max: 1.3120 SUCCESS
2025-12-14 12:51:06,664 - System.tprint - INFO - ℹ️ ✅ Uniqueness weights computed. Mean: 1.0000, Min: 0.4373, Max: 1.3120 SUCCESS
[I 2025-12-14 12:51:07,314] Trial 1432 finished with value: -0.007658097906951501 and parameters: {'trail_distance_atr_mult': 1.1091584066090117}. Best is trial 126 with value: -0.000363295272717509.
[2025-12-14 12:51:08.635] ⚖️ Computing uniqueness weights for 9018 events... INFO
2025-12-14 12:51:08,636 - System.tprint - INFO - ℹ️ ⚖️ Computing uniqueness weights for 9018 events... INFO
[2025-12-14 12:51:08.646] ✅ Uniqueness weights computed. Mean: 1.0000, Min: 0.4373, Max: 1.3120 SUCCESS
2025-12-14 12:51:08,646 - System.tprint - INFO - ℹ️ ✅ Uniqueness weights computed. Mean: 1.0000, Min: 0.4373, Max: 1.3120 SUCCESS
[I 2025-12-14 12:51:09,700] Trial 1433 finished with value: -0.007816487746285338 and parameters: {'trail_distance_atr_mult': 1.1145029157279458}. Best is trial 126 with value: -0.000363295272717509.
[2025-12-14 12:51:11.403] ⚖️ Computing uniqueness weights for 9018 events... INFO
2025-12-14 12:51:11,403 - System.tprint - INFO - ℹ️ ⚖️ Computing uniqueness weights for 9018 events... INFO
[2025-12-14 12:51:11.414] ✅ Uniqueness weights computed. Mean: 1.0000, Min: 0.4373, Max: 1.3118 SUCCESS
2025-12-14 12:51:11,415 - System.tprint - INFO - ℹ️ ✅ Uniqueness weights computed. Mean: 1.0000, Min: 0.4373, Max: 1.3118 SUCCESS
