[I 2025-12-14 12:26:44,711] Trial 769 finished with value: -0.00747912178907892 and parameters: {'trail_distance_atr_mult': 0.7255390769891911}. Best is trial 126 with value: -0.000363295272717509.
[2025-12-14 12:26:46.254] ⚖️ Computing uniqueness weights for 9018 events... INFO
2025-12-14 12:26:46,254 - System.tprint - INFO - ℹ️ ⚖️ Computing uniqueness weights for 9018 events... INFO
[2025-12-14 12:26:46.266] ✅ Uniqueness weights computed. Mean: 1.0000, Min: 0.4373, Max: 1.3120 SUCCESS
2025-12-14 12:26:46,266 - System.tprint - INFO - ℹ️ ✅ Uniqueness weights computed. Mean: 1.0000, Min: 0.4373, Max: 1.3120 SUCCESS
[I 2025-12-14 12:26:47,245] Trial 770 finished with value: -0.007658103131108166 and parameters: {'trail_distance_atr_mult': 1.1060641963901934}. Best is trial 126 with value: -0.000363295272717509.
[2025-12-14 12:26:48.870] ⚖️ Computing uniqueness weights for 9018 events... INFO
2025-12-14 12:26:48,871 - System.tprint - INFO - ℹ️ ⚖️ Computing uniqueness weights for 9018 events... INFO
[2025-12-14 12:26:48.887] ✅ Uniqueness weights computed. Mean: 1.0000, Min: 0.4373, Max: 1.3120 SUCCESS
2025-12-14 12:26:48,887 - System.tprint - INFO - ℹ️ ✅ Uniqueness weights computed. Mean: 1.0000, Min: 0.4373, Max: 1.3120 SUCCESS
[I 2025-12-14 12:26:50,105] Trial 771 finished with value: -0.007527256996684644 and parameters: {'trail_distance_atr_mult': 1.0635087038646485}. Best is trial 126 with value: -0.000363295272717509.
[2025-12-14 12:26:52.579] ⚖️ Computing uniqueness weights for 9018 events... INFO
2025-12-14 12:26:52,580 - System.tprint - INFO - ℹ️ ⚖️ Computing uniqueness weights for 9018 events... INFO
[2025-12-14 12:26:52.598] ✅ Uniqueness weights computed. Mean: 1.0000, Min: 0.4373, Max: 1.3120 SUCCESS
2025-12-14 12:26:52,598 - System.tprint - INFO - ℹ️ ✅ Uniqueness weights computed. Mean: 1.0000, Min: 0.4373, Max: 1.3120 SUCCESS
[I 2025-12-14 12:26:53,743] Trial 772 finished with value: -0.0076581080791994684 and parameters: {'trail_distance_atr_mult': 1.103219415640945}. Best is trial 126 with value: -0.000363295272717509.
[2025-12-14 12:26:56.136] ⚖️ Computing uniqueness weights for 9018 events... INFO
2025-12-14 12:26:56,137 - System.tprint - INFO - ℹ️ ⚖️ Computing uniqueness weights for 9018 events... INFO
[2025-12-14 12:26:56.151] ✅ Uniqueness weights computed. Mean: 1.0000, Min: 0.4373, Max: 1.3119 SUCCESS
2025-12-14 12:26:56,151 - System.tprint - INFO - ℹ️ ✅ Uniqueness weights computed. Mean: 1.0000, Min: 0.4373, Max: 1.3119 SUCCESS
[I 2025-12-14 12:26:57,328] Trial 773 finished with value: -0.006751223534520076 and parameters: {'trail_distance_atr_mult': 0.999041840547453}. Best is trial 126 with value: -0.000363295272717509.
[2025-12-14 12:26:59.536] ⚖️ Computing uniqueness weights for 9018 events... INFO
2025-12-14 12:26:59,536 - System.tprint - INFO - ℹ️ ⚖️ Computing uniqueness weights for 9018 events... INFO
[2025-12-14 12:26:59.554] ✅ Uniqueness weights computed. Mean: 1.0000, Min: 0.4373, Max: 1.3120 SUCCESS
2025-12-14 12:26:59,555 - System.tprint - INFO - ℹ️ ✅ Uniqueness weights computed. Mean: 1.0000, Min: 0.4373, Max: 1.3120 SUCCESS
[I 2025-12-14 12:27:00,811] Trial 774 finished with value: -0.007816488185232812 and parameters: {'trail_distance_atr_mult': 1.1247996053483689}. Best is trial 126 with value: -0.000363295272717509.
[2025-12-14 12:27:03.488] ⚖️ Computing uniqueness weights for 9018 events... INFO
2025-12-14 12:27:03,489 - System.tprint - INFO - ℹ️ ⚖️ Computing uniqueness weights for 9018 events... INFO
[2025-12-14 12:27:03.505] ✅ Uniqueness weights computed. Mean: 1.0000, Min: 0.4373, Max: 1.3120 SUCCESS
2025-12-14 12:27:03,506 - System.tprint - INFO - ℹ️ ✅ Uniqueness weights computed. Mean: 1.0000, Min: 0.4373, Max: 1.3120 SUCCESS
[I 2025-12-14 12:27:04,752] Trial 775 finished with value: -0.007527259159143487 and parameters: {'trail_distance_atr_mult': 1.0652543597214514}. Best is trial 126 with value: -0.000363295272717509.
[2025-12-14 12:27:07.149] ⚖️ Computing uniqueness weights for 9018 events... INFO
2025-12-14 12:27:07,149 - System.tprint - INFO - ℹ️ ⚖️ Computing uniqueness weights for 9018 events... INFO
[2025-12-14 12:27:07.164] ✅ Uniqueness weights computed. Mean: 1.0000, Min: 0.4373, Max: 1.3120 SUCCESS
2025-12-14 12:27:07,165 - System.tprint - INFO - ℹ️ ✅ Uniqueness weights computed. Mean: 1.0000, Min: 0.4373, Max: 1.3120 SUCCESS
[I 2025-12-14 12:27:08,904] Trial 776 finished with value: -0.007816488486604132 and parameters: {'trail_distance_atr_mult': 1.129236389303329}. Best is trial 126 with value: -0.000363295272717509.
[2025-12-14 12:27:10.934] ⚖️ Computing uniqueness weights for 9018 events... INFO
2025-12-14 12:27:10,936 - System.tprint - INFO - ℹ️ ⚖️ Computing uniqueness weights for 9018 events... INFO
[2025-12-14 12:27:10.948] ✅ Uniqueness weights computed. Mean: 1.0000, Min: 0.4374, Max: 1.3121 SUCCESS
2025-12-14 12:27:10,948 - System.tprint - INFO - ℹ️ ✅ Uniqueness weights computed. Mean: 1.0000, Min: 0.4374, Max: 1.3121 SUCCESS
[I 2025-12-14 12:27:12,021] Trial 777 finished with value: -0.0012531687499056344 and parameters: {'trail_distance_atr_mult': 1.1825354338784235}. Best is trial 126 with value: -0.000363295272717509.
[2025-12-14 12:27:13.869] ⚖️ Computing uniqueness weights for 9018 events... INFO
2025-12-14 12:27:13,869 - System.tprint - INFO - ℹ️ ⚖️ Computing uniqueness weights for 9018 events... INFO
[2025-12-14 12:27:13.884] ✅ Uniqueness weights computed. Mean: 1.0000, Min: 0.4373, Max: 1.3120 SUCCESS
2025-12-14 12:27:13,884 - System.tprint - INFO - ℹ️ ✅ Uniqueness weights computed. Mean: 1.0000, Min: 0.4373, Max: 1.3120 SUCCESS
[I 2025-12-14 12:27:15,054] Trial 778 finished with value: -0.00781648815222859 and parameters: {'trail_distance_atr_mult': 1.1216711882259742}. Best is trial 126 with value: -0.000363295272717509.
[2025-12-14 12:27:17.051] ⚖️ Computing uniqueness weights for 9018 events... INFO
2025-12-14 12:27:17,061 - System.tprint - INFO - ℹ️ ⚖️ Computing uniqueness weights for 9018 events... INFO
[2025-12-14 12:27:17.148] ✅ Uniqueness weights computed. Mean: 1.0000, Min: 0.4372, Max: 1.3117 SUCCESS
2025-12-14 12:27:17,148 - System.tprint - INFO - ℹ️ ✅ Uniqueness weights computed. Mean: 1.0000, Min: 0.4372, Max: 1.3117 SUCCESS
[I 2025-12-14 12:27:18,416] Trial 779 finished with value: -0.0067278943912273265 and parameters: {'trail_distance_atr_mult': 0.8095889105584964}. Best is trial 126 with value: -0.000363295272717509.
[2025-12-14 12:27:20.122] ⚖️ Computing uniqueness weights for 9018 events... INFO
2025-12-14 12:27:20,123 - System.tprint - INFO - ℹ️ ⚖️ Computing uniqueness weights for 9018 events... INFO
[2025-12-14 12:27:20.139] ✅ Uniqueness weights computed. Mean: 1.0000, Min: 0.4374, Max: 1.3121 SUCCESS
2025-12-14 12:27:20,139 - System.tprint - INFO - ℹ️ ✅ Uniqueness weights computed. Mean: 1.0000, Min: 0.4374, Max: 1.3121 SUCCESS
[I 2025-12-14 12:27:21,129] Trial 780 finished with value: -0.007701278361763498 and parameters: {'trail_distance_atr_mult': 1.1507118082182433}. Best is trial 126 with value: -0.000363295272717509.
[2025-12-14 12:27:22.859] ⚖️ Computing uniqueness weights for 9018 events... INFO
2025-12-14 12:27:22,859 - System.tprint - INFO - ℹ️ ⚖️ Computing uniqueness weights for 9018 events... INFO
[2025-12-14 12:27:22.873] ✅ Uniqueness weights computed. Mean: 1.0000, Min: 0.4374, Max: 1.3121 SUCCESS
2025-12-14 12:27:22,873 - System.tprint - INFO - ℹ️ ✅ Uniqueness weights computed. Mean: 1.0000, Min: 0.4374, Max: 1.3121 SUCCESS
[I 2025-12-14 12:27:23,981] Trial 781 finished with value: -0.007702202307211258 and parameters: {'trail_distance_atr_mult': 1.1393769184310962}. Best is trial 126 with value: -0.000363295272717509.
[2025-12-14 12:27:25.597] ⚖️ Computing uniqueness weights for 9018 events... INFO
2025-12-14 12:27:25,597 - System.tprint - INFO - ℹ️ ⚖️ Computing uniqueness weights for 9018 events... INFO
[2025-12-14 12:27:25.610] ✅ Uniqueness weights computed. Mean: 1.0000, Min: 0.4374, Max: 1.3121 SUCCESS
2025-12-14 12:27:25,610 - System.tprint - INFO - ℹ️ ✅ Uniqueness weights computed. Mean: 1.0000, Min: 0.4374, Max: 1.3121 SUCCESS
[I 2025-12-14 12:27:26,594] Trial 782 finished with value: -0.007702331903961013 and parameters: {'trail_distance_atr_mult': 1.1421863830208914}. Best is trial 126 with value: -0.000363295272717509.
[2025-12-14 12:27:28.325] ⚖️ Computing uniqueness weights for 9018 events... INFO
2025-12-14 12:27:28,325 - System.tprint - INFO - ℹ️ ⚖️ Computing uniqueness weights for 9018 events... INFO
[2025-12-14 12:27:28.339] ✅ Uniqueness weights computed. Mean: 1.0000, Min: 0.4374, Max: 1.3122 SUCCESS
2025-12-14 12:27:28,340 - System.tprint - INFO - ℹ️ ✅ Uniqueness weights computed. Mean: 1.0000, Min: 0.4374, Max: 1.3122 SUCCESS
[I 2025-12-14 12:27:29,623] Trial 783 finished with value: -0.0030156910132337978 and parameters: {'trail_distance_atr_mult': 1.2078863345475852}. Best is trial 126 with value: -0.000363295272717509.
[2025-12-14 12:27:31.224] ⚖️ Computing uniqueness weights for 9018 events... INFO
2025-12-14 12:27:31,224 - System.tprint - INFO - ℹ️ ⚖️ Computing uniqueness weights for 9018 events... INFO
[2025-12-14 12:27:31.236] ✅ Uniqueness weights computed. Mean: 1.0000, Min: 0.4374, Max: 1.3121 SUCCESS
2025-12-14 12:27:31,236 - System.tprint - INFO - ℹ️ ✅ Uniqueness weights computed. Mean: 1.0000, Min: 0.4374, Max: 1.3121 SUCCESS
[I 2025-12-14 12:27:32,268] Trial 784 finished with value: -0.007702321756807302 and parameters: {'trail_distance_atr_mult': 1.1439874643003942}. Best is trial 126 with value: -0.000363295272717509.
[2025-12-14 12:27:34.523] ⚖️ Computing uniqueness weights for 9018 events... INFO
2025-12-14 12:27:34,523 - System.tprint - INFO - ℹ️ ⚖️ Computing uniqueness weights for 9018 events... INFO
[2025-12-14 12:27:34.538] ✅ Uniqueness weights computed. Mean: 1.0000, Min: 0.4374, Max: 1.3121 SUCCESS
2025-12-14 12:27:34,539 - System.tprint - INFO - ℹ️ ✅ Uniqueness weights computed. Mean: 1.0000, Min: 0.4374, Max: 1.3121 SUCCESS
[I 2025-12-14 12:27:35,540] Trial 785 finished with value: -0.007691661695692827 and parameters: {'trail_distance_atr_mult': 1.1618216522763563}. Best is trial 126 with value: -0.000363295272717509.
[2025-12-14 12:27:37.156] ⚖️ Computing uniqueness weights for 9018 events... INFO
2025-12-14 12:27:37,156 - System.tprint - INFO - ℹ️ ⚖️ Computing uniqueness weights for 9018 events... INFO
[2025-12-14 12:27:37.169] ✅ Uniqueness weights computed. Mean: 1.0000, Min: 0.4372, Max: 1.3117 SUCCESS
2025-12-14 12:27:37,169 - System.tprint - INFO - ℹ️ ✅ Uniqueness weights computed. Mean: 1.0000, Min: 0.4372, Max: 1.3117 SUCCESS
[I 2025-12-14 12:27:38,128] Trial 786 finished with value: -0.006728166574430264 and parameters: {'trail_distance_atr_mult': 0.7829071636141273}. Best is trial 126 with value: -0.000363295272717509.
[2025-12-14 12:27:39.656] ⚖️ Computing uniqueness weights for 9018 events... INFO
2025-12-14 12:27:39,656 - System.tprint - INFO - ℹ️ ⚖️ Computing uniqueness weights for 9018 events... INFO
[2025-12-14 12:27:39.669] ✅ Uniqueness weights computed. Mean: 1.0000, Min: 0.4374, Max: 1.3121 SUCCESS
2025-12-14 12:27:39,669 - System.tprint - INFO - ℹ️ ✅ Uniqueness weights computed. Mean: 1.0000, Min: 0.4374, Max: 1.3121 SUCCESS
[I 2025-12-14 12:27:40,627] Trial 787 finished with value: -0.007701263464076555 and parameters: {'trail_distance_atr_mult': 1.1533791988387494}. Best is trial 126 with value: -0.000363295272717509.
[2025-12-14 12:27:42.202] ⚖️ Computing uniqueness weights for 9018 events... INFO
2025-12-14 12:27:42,203 - System.tprint - INFO - ℹ️ ⚖️ Computing uniqueness weights for 9018 events... INFO
[2025-12-14 12:27:42.215] ✅ Uniqueness weights computed. Mean: 1.0000, Min: 0.4374, Max: 1.3121 SUCCESS
2025-12-14 12:27:42,215 - System.tprint - INFO - ℹ️ ✅ Uniqueness weights computed. Mean: 1.0000, Min: 0.4374, Max: 1.3121 SUCCESS
[I 2025-12-14 12:27:43,258] Trial 788 finished with value: -0.007094673204333562 and parameters: {'trail_distance_atr_mult': 1.1801659116632102}. Best is trial 126 with value: -0.000363295272717509.
[2025-12-14 12:27:44.981] ⚖️ Computing uniqueness weights for 9018 events... INFO
2025-12-14 12:27:44,981 - System.tprint - INFO - ℹ️ ⚖️ Computing uniqueness weights for 9018 events... INFO
[2025-12-14 12:27:44.993] ✅ Uniqueness weights computed. Mean: 1.0000, Min: 0.4373, Max: 1.3118 SUCCESS
2025-12-14 12:27:44,994 - System.tprint - INFO - ℹ️ ✅ Uniqueness weights computed. Mean: 1.0000, Min: 0.4373, Max: 1.3118 SUCCESS
[I 2025-12-14 12:27:45,979] Trial 789 finished with value: -0.0068889631941864695 and parameters: {'trail_distance_atr_mult': 0.9244774007962022}. Best is trial 126 with value: -0.000363295272717509.
[2025-12-14 12:27:47.549] ⚖️ Computing uniqueness weights for 9018 events... INFO
2025-12-14 12:27:47,549 - System.tprint - INFO - ℹ️ ⚖️ Computing uniqueness weights for 9018 events... INFO
[2025-12-14 12:27:47.562] ✅ Uniqueness weights computed. Mean: 1.0000, Min: 0.4374, Max: 1.3121 SUCCESS
2025-12-14 12:27:47,562 - System.tprint - INFO - ℹ️ ✅ Uniqueness weights computed. Mean: 1.0000, Min: 0.4374, Max: 1.3121 SUCCESS
[I 2025-12-14 12:27:48,533] Trial 790 finished with value: -0.0012531681254470588 and parameters: {'trail_distance_atr_mult': 1.1812656348593018}. Best is trial 126 with value: -0.000363295272717509.
[2025-12-14 12:27:50.157] ⚖️ Computing uniqueness weights for 9018 events... INFO
2025-12-14 12:27:50,157 - System.tprint - INFO - ℹ️ ⚖️ Computing uniqueness weights for 9018 events... INFO
[2025-12-14 12:27:50.171] ✅ Uniqueness weights computed. Mean: 1.0000, Min: 0.4374, Max: 1.3121 SUCCESS
2025-12-14 12:27:50,171 - System.tprint - INFO - ℹ️ ✅ Uniqueness weights computed. Mean: 1.0000, Min: 0.4374, Max: 1.3121 SUCCESS
[I 2025-12-14 12:27:51,152] Trial 791 finished with value: -0.007701276621259017 and parameters: {'trail_distance_atr_mult': 1.151029187237273}. Best is trial 126 with value: -0.000363295272717509.
[2025-12-14 12:27:52.700] ⚖️ Computing uniqueness weights for 9018 events... INFO
2025-12-14 12:27:52,701 - System.tprint - INFO - ℹ️ ⚖️ Computing uniqueness weights for 9018 events... INFO
[2025-12-14 12:27:52.714] ✅ Uniqueness weights computed. Mean: 1.0000, Min: 0.4374, Max: 1.3121 SUCCESS
2025-12-14 12:27:52,714 - System.tprint - INFO - ℹ️ ✅ Uniqueness weights computed. Mean: 1.0000, Min: 0.4374, Max: 1.3121 SUCCESS
[I 2025-12-14 12:27:53,680] Trial 792 finished with value: -0.007094598146324377 and parameters: {'trail_distance_atr_mult': 1.17625450304924}. Best is trial 126 with value: -0.000363295272717509.
[2025-12-14 12:27:55.252] ⚖️ Computing uniqueness weights for 9018 events... INFO
2025-12-14 12:27:55,252 - System.tprint - INFO - ℹ️ ⚖️ Computing uniqueness weights for 9018 events... INFO
[2025-12-14 12:27:55.264] ✅ Uniqueness weights computed. Mean: 1.0000, Min: 0.4374, Max: 1.3121 SUCCESS
2025-12-14 12:27:55,264 - System.tprint - INFO - ℹ️ ✅ Uniqueness weights computed. Mean: 1.0000, Min: 0.4374, Max: 1.3121 SUCCESS
[I 2025-12-14 12:27:56,262] Trial 793 finished with value: -0.007691621201489465 and parameters: {'trail_distance_atr_mult': 1.1621960450753281}. Best is trial 126 with value: -0.000363295272717509.
[2025-12-14 12:27:57.815] ⚖️ Computing uniqueness weights for 9018 events... INFO
2025-12-14 12:27:57,816 - System.tprint - INFO - ℹ️ ⚖️ Computing uniqueness weights for 9018 events... INFO
[2025-12-14 12:27:57.829] ✅ Uniqueness weights computed. Mean: 1.0000, Min: 0.4374, Max: 1.3121 SUCCESS
2025-12-14 12:27:57,830 - System.tprint - INFO - ℹ️ ✅ Uniqueness weights computed. Mean: 1.0000, Min: 0.4374, Max: 1.3121 SUCCESS
[I 2025-12-14 12:27:58,896] Trial 794 finished with value: -0.007701235733935255 and parameters: {'trail_distance_atr_mult': 1.1584047614241824}. Best is trial 126 with value: -0.000363295272717509.
[2025-12-14 12:28:01.102] ⚖️ Computing uniqueness weights for 9018 events... INFO
2025-12-14 12:28:01,103 - System.tprint - INFO - ℹ️ ⚖️ Computing uniqueness weights for 9018 events... INFO
[2025-12-14 12:28:01.119] ✅ Uniqueness weights computed. Mean: 1.0000, Min: 0.4373, Max: 1.3118 SUCCESS
2025-12-14 12:28:01,120 - System.tprint - INFO - ℹ️ ✅ Uniqueness weights computed. Mean: 1.0000, Min: 0.4373, Max: 1.3118 SUCCESS
[I 2025-12-14 12:28:02,271] Trial 795 finished with value: -0.0067783950497798855 and parameters: {'trail_distance_atr_mult': 0.9343979732736406}. Best is trial 126 with value: -0.000363295272717509.
[2025-12-14 12:28:03.937] ⚖️ Computing uniqueness weights for 9018 events... INFO
2025-12-14 12:28:03,937 - System.tprint - INFO - ℹ️ ⚖️ Computing uniqueness weights for 9018 events... INFO
[2025-12-14 12:28:03.952] ✅ Uniqueness weights computed. Mean: 1.0000, Min: 0.4374, Max: 1.3122 SUCCESS
2025-12-14 12:28:03,952 - System.tprint - INFO - ℹ️ ✅ Uniqueness weights computed. Mean: 1.0000, Min: 0.4374, Max: 1.3122 SUCCESS
[I 2025-12-14 12:28:04,937] Trial 796 finished with value: -0.003015697501526279 and parameters: {'trail_distance_atr_mult': 1.203997654289671}. Best is trial 126 with value: -0.000363295272717509.
[2025-12-14 12:28:06.493] ⚖️ Computing uniqueness weights for 9018 events... INFO
2025-12-14 12:28:06,494 - System.tprint - INFO - ℹ️ ⚖️ Computing uniqueness weights for 9018 events... INFO
[2025-12-14 12:28:06.506] ✅ Uniqueness weights computed. Mean: 1.0000, Min: 0.4374, Max: 1.3121 SUCCESS
2025-12-14 12:28:06,507 - System.tprint - INFO - ℹ️ ✅ Uniqueness weights computed. Mean: 1.0000, Min: 0.4374, Max: 1.3121 SUCCESS
[I 2025-12-14 12:28:07,478] Trial 797 finished with value: -0.004891583848957363 and parameters: {'trail_distance_atr_mult': 1.187377931260541}. Best is trial 126 with value: -0.000363295272717509.
[2025-12-14 12:28:09.073] ⚖️ Computing uniqueness weights for 9018 events... INFO
2025-12-14 12:28:09,073 - System.tprint - INFO - ℹ️ ⚖️ Computing uniqueness weights for 9018 events... INFO
[2025-12-14 12:28:09.086] ✅ Uniqueness weights computed. Mean: 1.0000, Min: 0.4374, Max: 1.3122 SUCCESS
2025-12-14 12:28:09,086 - System.tprint - INFO - ℹ️ ✅ Uniqueness weights computed. Mean: 1.0000, Min: 0.4374, Max: 1.3122 SUCCESS
[I 2025-12-14 12:28:10,554] Trial 798 finished with value: -0.003015688890419521 and parameters: {'trail_distance_atr_mult': 1.209152325360817}. Best is trial 126 with value: -0.000363295272717509.
[2025-12-14 12:28:12.090] ⚖️ Computing uniqueness weights for 9018 events... INFO
2025-12-14 12:28:12,090 - System.tprint - INFO - ℹ️ ⚖️ Computing uniqueness weights for 9018 events... INFO
[2025-12-14 12:28:12.102] ✅ Uniqueness weights computed. Mean: 1.0000, Min: 0.4373, Max: 1.3118 SUCCESS
2025-12-14 12:28:12,102 - System.tprint - INFO - ℹ️ ✅ Uniqueness weights computed. Mean: 1.0000, Min: 0.4373, Max: 1.3118 SUCCESS
[I 2025-12-14 12:28:13,072] Trial 799 finished with value: -0.006721058250722031 and parameters: {'trail_distance_atr_mult': 0.9163254475953541}. Best is trial 126 with value: -0.000363295272717509.
[2025-12-14 12:28:14.684] ⚖️ Computing uniqueness weights for 9018 events... INFO
2025-12-14 12:28:14,684 - System.tprint - INFO - ℹ️ ⚖️ Computing uniqueness weights for 9018 events... INFO
[2025-12-14 12:28:14.697] ✅ Uniqueness weights computed. Mean: 1.0000, Min: 0.4374, Max: 1.3122 SUCCESS
2025-12-14 12:28:14,698 - System.tprint - INFO - ℹ️ ✅ Uniqueness weights computed. Mean: 1.0000, Min: 0.4374, Max: 1.3122 SUCCESS
[I 2025-12-14 12:28:15,660] Trial 800 finished with value: -0.0030156962608452907 and parameters: {'trail_distance_atr_mult': 1.2047472641890566}. Best is trial 126 with value: -0.000363295272717509.
[2025-12-14 12:28:17.214] ⚖️ Computing uniqueness weights for 9018 events... INFO
2025-12-14 12:28:17,214 - System.tprint - INFO - ℹ️ ⚖️ Computing uniqueness weights for 9018 events... INFO
[2025-12-14 12:28:17.227] ✅ Uniqueness weights computed. Mean: 1.0000, Min: 0.4374, Max: 1.3122 SUCCESS
2025-12-14 12:28:17,228 - System.tprint - INFO - ℹ️ ✅ Uniqueness weights computed. Mean: 1.0000, Min: 0.4374, Max: 1.3122 SUCCESS
[I 2025-12-14 12:28:18,203] Trial 801 finished with value: -0.0058106727275842 and parameters: {'trail_distance_atr_mult': 1.1984583575646504}. Best is trial 126 with value: -0.000363295272717509.
[2025-12-14 12:28:19.737] ⚖️ Computing uniqueness weights for 9018 events... INFO
2025-12-14 12:28:19,737 - System.tprint - INFO - ℹ️ ⚖️ Computing uniqueness weights for 9018 events... INFO
[2025-12-14 12:28:19.748] ✅ Uniqueness weights computed. Mean: 1.0000, Min: 0.4373, Max: 1.3118 SUCCESS
2025-12-14 12:28:19,749 - System.tprint - INFO - ℹ️ ✅ Uniqueness weights computed. Mean: 1.0000, Min: 0.4373, Max: 1.3118 SUCCESS
[I 2025-12-14 12:28:20,782] Trial 802 finished with value: -0.0068889579277477105 and parameters: {'trail_distance_atr_mult': 0.921460607137016}. Best is trial 126 with value: -0.000363295272717509.
[2025-12-14 12:28:22.610] ⚖️ Computing uniqueness weights for 9018 events... INFO
2025-12-14 12:28:22,610 - System.tprint - INFO - ℹ️ ⚖️ Computing uniqueness weights for 9018 events... INFO
[2025-12-14 12:28:22.628] ✅ Uniqueness weights computed. Mean: 1.0000, Min: 0.4374, Max: 1.3122 SUCCESS
2025-12-14 12:28:22,628 - System.tprint - INFO - ℹ️ ✅ Uniqueness weights computed. Mean: 1.0000, Min: 0.4374, Max: 1.3122 SUCCESS
[I 2025-12-14 12:28:24,001] Trial 803 finished with value: -0.0032650193202247 and parameters: {'trail_distance_atr_mult': 1.2145724879825766}. Best is trial 126 with value: -0.000363295272717509.
[2025-12-14 12:28:26.302] ⚖️ Computing uniqueness weights for 9018 events... INFO
2025-12-14 12:28:26,302 - System.tprint - INFO - ℹ️ ⚖️ Computing uniqueness weights for 9018 events... INFO
[2025-12-14 12:28:26.319] ✅ Uniqueness weights computed. Mean: 1.0000, Min: 0.4374, Max: 1.3123 SUCCESS
2025-12-14 12:28:26,319 - System.tprint - INFO - ℹ️ ✅ Uniqueness weights computed. Mean: 1.0000, Min: 0.4374, Max: 1.3123 SUCCESS
