[I 2025-12-14 12:15:26,794] Trial 489 finished with value: -0.007658096760314777 and parameters: {'trail_distance_atr_mult': 1.109762705278739}. Best is trial 126 with value: -0.000363295272717509.
[2025-12-14 12:15:28.173] ⚖️ Computing uniqueness weights for 9018 events... INFO
2025-12-14 12:15:28,174 - System.tprint - INFO - ℹ️ ⚖️ Computing uniqueness weights for 9018 events... INFO
[2025-12-14 12:15:28.184] ✅ Uniqueness weights computed. Mean: 1.0000, Min: 0.4374, Max: 1.3122 SUCCESS
2025-12-14 12:15:28,184 - System.tprint - INFO - ℹ️ ✅ Uniqueness weights computed. Mean: 1.0000, Min: 0.4374, Max: 1.3122 SUCCESS
[I 2025-12-14 12:15:29,154] Trial 490 finished with value: -0.005810672846097018 and parameters: {'trail_distance_atr_mult': 1.1987291283895902}. Best is trial 126 with value: -0.000363295272717509.
[2025-12-14 12:15:30.543] ⚖️ Computing uniqueness weights for 9018 events... INFO
2025-12-14 12:15:30,543 - System.tprint - INFO - ℹ️ ⚖️ Computing uniqueness weights for 9018 events... INFO
[2025-12-14 12:15:30.554] ✅ Uniqueness weights computed. Mean: 1.0000, Min: 0.4374, Max: 1.3121 SUCCESS
2025-12-14 12:15:30,554 - System.tprint - INFO - ℹ️ ✅ Uniqueness weights computed. Mean: 1.0000, Min: 0.4374, Max: 1.3121 SUCCESS
[I 2025-12-14 12:15:31,441] Trial 491 finished with value: -0.00770233697376145 and parameters: {'trail_distance_atr_mult': 1.1411979308472728}. Best is trial 126 with value: -0.000363295272717509.
[2025-12-14 12:15:32.813] ⚖️ Computing uniqueness weights for 9018 events... INFO
2025-12-14 12:15:32,813 - System.tprint - INFO - ℹ️ ⚖️ Computing uniqueness weights for 9018 events... INFO
[2025-12-14 12:15:32.824] ✅ Uniqueness weights computed. Mean: 1.0000, Min: 0.4375, Max: 1.3125 SUCCESS
2025-12-14 12:15:32,824 - System.tprint - INFO - ℹ️ ✅ Uniqueness weights computed. Mean: 1.0000, Min: 0.4375, Max: 1.3125 SUCCESS
[I 2025-12-14 12:15:33,698] Trial 492 finished with value: -0.006463624487738508 and parameters: {'trail_distance_atr_mult': 1.4865004144113014}. Best is trial 126 with value: -0.000363295272717509.
[2025-12-14 12:15:35.138] ⚖️ Computing uniqueness weights for 9018 events... INFO
2025-12-14 12:15:35,138 - System.tprint - INFO - ℹ️ ⚖️ Computing uniqueness weights for 9018 events... INFO
[2025-12-14 12:15:35.151] ✅ Uniqueness weights computed. Mean: 1.0000, Min: 0.4375, Max: 1.3126 SUCCESS
2025-12-14 12:15:35,151 - System.tprint - INFO - ℹ️ ✅ Uniqueness weights computed. Mean: 1.0000, Min: 0.4375, Max: 1.3126 SUCCESS
[I 2025-12-14 12:15:36,027] Trial 493 finished with value: -0.00227087623951325 and parameters: {'trail_distance_atr_mult': 1.5738803751836936}. Best is trial 126 with value: -0.000363295272717509.
[2025-12-14 12:15:37.424] ⚖️ Computing uniqueness weights for 9018 events... INFO
2025-12-14 12:15:37,424 - System.tprint - INFO - ℹ️ ⚖️ Computing uniqueness weights for 9018 events... INFO
[2025-12-14 12:15:37.435] ✅ Uniqueness weights computed. Mean: 1.0000, Min: 0.4376, Max: 1.3129 SUCCESS
2025-12-14 12:15:37,435 - System.tprint - INFO - ℹ️ ✅ Uniqueness weights computed. Mean: 1.0000, Min: 0.4376, Max: 1.3129 SUCCESS
[I 2025-12-14 12:15:38,310] Trial 494 finished with value: -0.004239079146772293 and parameters: {'trail_distance_atr_mult': 1.656939331751032}. Best is trial 126 with value: -0.000363295272717509.
[2025-12-14 12:15:39.689] ⚖️ Computing uniqueness weights for 9018 events... INFO
2025-12-14 12:15:39,690 - System.tprint - INFO - ℹ️ ⚖️ Computing uniqueness weights for 9018 events... INFO
[2025-12-14 12:15:39.701] ✅ Uniqueness weights computed. Mean: 1.0000, Min: 0.4375, Max: 1.3125 SUCCESS
2025-12-14 12:15:39,701 - System.tprint - INFO - ℹ️ ✅ Uniqueness weights computed. Mean: 1.0000, Min: 0.4375, Max: 1.3125 SUCCESS
[I 2025-12-14 12:15:40,637] Trial 495 finished with value: -0.006463760736636806 and parameters: {'trail_distance_atr_mult': 1.484603604063686}. Best is trial 126 with value: -0.000363295272717509.
[2025-12-14 12:15:42.011] ⚖️ Computing uniqueness weights for 9018 events... INFO
2025-12-14 12:15:42,011 - System.tprint - INFO - ℹ️ ⚖️ Computing uniqueness weights for 9018 events... INFO
[2025-12-14 12:15:42.022] ✅ Uniqueness weights computed. Mean: 1.0000, Min: 0.4377, Max: 1.3130 SUCCESS
2025-12-14 12:15:42,022 - System.tprint - INFO - ℹ️ ✅ Uniqueness weights computed. Mean: 1.0000, Min: 0.4377, Max: 1.3130 SUCCESS
[I 2025-12-14 12:15:42,899] Trial 496 finished with value: -0.004907871804464063 and parameters: {'trail_distance_atr_mult': 1.70297569510321}. Best is trial 126 with value: -0.000363295272717509.
[2025-12-14 12:15:44.287] ⚖️ Computing uniqueness weights for 9018 events... INFO
2025-12-14 12:15:44,287 - System.tprint - INFO - ℹ️ ⚖️ Computing uniqueness weights for 9018 events... INFO
[2025-12-14 12:15:44.298] ✅ Uniqueness weights computed. Mean: 1.0000, Min: 0.4375, Max: 1.3125 SUCCESS
2025-12-14 12:15:44,298 - System.tprint - INFO - ℹ️ ✅ Uniqueness weights computed. Mean: 1.0000, Min: 0.4375, Max: 1.3125 SUCCESS
[I 2025-12-14 12:15:45,189] Trial 497 finished with value: -0.003950318829363002 and parameters: {'trail_distance_atr_mult': 1.4234954662985173}. Best is trial 126 with value: -0.000363295272717509.
[2025-12-14 12:15:46.622] ⚖️ Computing uniqueness weights for 9018 events... INFO
2025-12-14 12:15:46,622 - System.tprint - INFO - ℹ️ ⚖️ Computing uniqueness weights for 9018 events... INFO
[2025-12-14 12:15:46.633] ✅ Uniqueness weights computed. Mean: 1.0000, Min: 0.4376, Max: 1.3127 SUCCESS
2025-12-14 12:15:46,634 - System.tprint - INFO - ℹ️ ✅ Uniqueness weights computed. Mean: 1.0000, Min: 0.4376, Max: 1.3127 SUCCESS
[I 2025-12-14 12:15:47,513] Trial 498 finished with value: -0.006212078128926128 and parameters: {'trail_distance_atr_mult': 1.6209520579137775}. Best is trial 126 with value: -0.000363295272717509.
[2025-12-14 12:15:48.911] ⚖️ Computing uniqueness weights for 9018 events... INFO
2025-12-14 12:15:48,911 - System.tprint - INFO - ℹ️ ⚖️ Computing uniqueness weights for 9018 events... INFO
[2025-12-14 12:15:48.922] ✅ Uniqueness weights computed. Mean: 1.0000, Min: 0.4375, Max: 1.3124 SUCCESS
2025-12-14 12:15:48,922 - System.tprint - INFO - ℹ️ ✅ Uniqueness weights computed. Mean: 1.0000, Min: 0.4375, Max: 1.3124 SUCCESS
[I 2025-12-14 12:15:49,812] Trial 499 finished with value: -0.002251509915564379 and parameters: {'trail_distance_atr_mult': 1.2496610707206797}. Best is trial 126 with value: -0.000363295272717509.
[2025-12-14 12:15:51.218] ⚖️ Computing uniqueness weights for 9018 events... INFO
2025-12-14 12:15:51,218 - System.tprint - INFO - ℹ️ ⚖️ Computing uniqueness weights for 9018 events... INFO
[2025-12-14 12:15:51.230] ✅ Uniqueness weights computed. Mean: 1.0000, Min: 0.4373, Max: 1.3120 SUCCESS
2025-12-14 12:15:51,230 - System.tprint - INFO - ℹ️ ✅ Uniqueness weights computed. Mean: 1.0000, Min: 0.4373, Max: 1.3120 SUCCESS
[I 2025-12-14 12:15:52,103] Trial 500 finished with value: -0.007816487845563786 and parameters: {'trail_distance_atr_mult': 1.1147907220751736}. Best is trial 126 with value: -0.000363295272717509.
[2025-12-14 12:15:53.497] ⚖️ Computing uniqueness weights for 9018 events... INFO
2025-12-14 12:15:53,497 - System.tprint - INFO - ℹ️ ⚖️ Computing uniqueness weights for 9018 events... INFO
[2025-12-14 12:15:53.508] ✅ Uniqueness weights computed. Mean: 1.0000, Min: 0.4374, Max: 1.3123 SUCCESS
2025-12-14 12:15:53,509 - System.tprint - INFO - ℹ️ ✅ Uniqueness weights computed. Mean: 1.0000, Min: 0.4374, Max: 1.3123 SUCCESS
[I 2025-12-14 12:15:54,382] Trial 501 finished with value: -0.0044871895674587015 and parameters: {'trail_distance_atr_mult': 1.2284114059085125}. Best is trial 126 with value: -0.000363295272717509.
[2025-12-14 12:15:55.755] ⚖️ Computing uniqueness weights for 9018 events... INFO
2025-12-14 12:15:55,755 - System.tprint - INFO - ℹ️ ⚖️ Computing uniqueness weights for 9018 events... INFO
[2025-12-14 12:15:55.766] ✅ Uniqueness weights computed. Mean: 1.0000, Min: 0.4375, Max: 1.3124 SUCCESS
2025-12-14 12:15:55,766 - System.tprint - INFO - ℹ️ ✅ Uniqueness weights computed. Mean: 1.0000, Min: 0.4375, Max: 1.3124 SUCCESS
[I 2025-12-14 12:15:56,642] Trial 502 finished with value: -0.004695283259371464 and parameters: {'trail_distance_atr_mult': 1.3058837374570371}. Best is trial 126 with value: -0.000363295272717509.
[2025-12-14 12:15:58.022] ⚖️ Computing uniqueness weights for 9018 events... INFO
2025-12-14 12:15:58,022 - System.tprint - INFO - ℹ️ ⚖️ Computing uniqueness weights for 9018 events... INFO
[2025-12-14 12:15:58.033] ✅ Uniqueness weights computed. Mean: 1.0000, Min: 0.4373, Max: 1.3118 SUCCESS
2025-12-14 12:15:58,033 - System.tprint - INFO - ℹ️ ✅ Uniqueness weights computed. Mean: 1.0000, Min: 0.4373, Max: 1.3118 SUCCESS
[I 2025-12-14 12:15:59,017] Trial 503 finished with value: -0.0067419673361733936 and parameters: {'trail_distance_atr_mult': 0.9938928135600993}. Best is trial 126 with value: -0.000363295272717509.
[2025-12-14 12:16:00.475] ⚖️ Computing uniqueness weights for 9018 events... INFO
2025-12-14 12:16:00,476 - System.tprint - INFO - ℹ️ ⚖️ Computing uniqueness weights for 9018 events... INFO
[2025-12-14 12:16:00.488] ✅ Uniqueness weights computed. Mean: 1.0000, Min: 0.4375, Max: 1.3125 SUCCESS
2025-12-14 12:16:00,488 - System.tprint - INFO - ℹ️ ✅ Uniqueness weights computed. Mean: 1.0000, Min: 0.4375, Max: 1.3125 SUCCESS
[I 2025-12-14 12:16:01,384] Trial 504 finished with value: -0.002995743481889183 and parameters: {'trail_distance_atr_mult': 1.377064136126357}. Best is trial 126 with value: -0.000363295272717509.
[2025-12-14 12:16:02.766] ⚖️ Computing uniqueness weights for 9018 events... INFO
2025-12-14 12:16:02,766 - System.tprint - INFO - ℹ️ ⚖️ Computing uniqueness weights for 9018 events... INFO
[2025-12-14 12:16:02.776] ✅ Uniqueness weights computed. Mean: 1.0000, Min: 0.4375, Max: 1.3126 SUCCESS
2025-12-14 12:16:02,776 - System.tprint - INFO - ℹ️ ✅ Uniqueness weights computed. Mean: 1.0000, Min: 0.4375, Max: 1.3126 SUCCESS
[I 2025-12-14 12:16:03,650] Trial 505 finished with value: -0.0022709663245820957 and parameters: {'trail_distance_atr_mult': 1.5567139917603123}. Best is trial 126 with value: -0.000363295272717509.
[2025-12-14 12:16:05.022] ⚖️ Computing uniqueness weights for 9018 events... INFO
2025-12-14 12:16:05,022 - System.tprint - INFO - ℹ️ ⚖️ Computing uniqueness weights for 9018 events... INFO
[2025-12-14 12:16:05.032] ✅ Uniqueness weights computed. Mean: 1.0000, Min: 0.4375, Max: 1.3124 SUCCESS
2025-12-14 12:16:05,032 - System.tprint - INFO - ℹ️ ✅ Uniqueness weights computed. Mean: 1.0000, Min: 0.4375, Max: 1.3124 SUCCESS
[I 2025-12-14 12:16:05,980] Trial 506 finished with value: -0.0022685304705865796 and parameters: {'trail_distance_atr_mult': 1.2633266282015132}. Best is trial 126 with value: -0.000363295272717509.
[2025-12-14 12:16:07.406] ⚖️ Computing uniqueness weights for 9018 events... INFO
2025-12-14 12:16:07,406 - System.tprint - INFO - ℹ️ ⚖️ Computing uniqueness weights for 9018 events... INFO
[2025-12-14 12:16:07.420] ✅ Uniqueness weights computed. Mean: 1.0000, Min: 0.4374, Max: 1.3122 SUCCESS
2025-12-14 12:16:07,421 - System.tprint - INFO - ℹ️ ✅ Uniqueness weights computed. Mean: 1.0000, Min: 0.4374, Max: 1.3122 SUCCESS
[I 2025-12-14 12:16:08,319] Trial 507 finished with value: -0.0032650032788497474 and parameters: {'trail_distance_atr_mult': 1.2168192657140173}. Best is trial 126 with value: -0.000363295272717509.
[2025-12-14 12:16:09.715] ⚖️ Computing uniqueness weights for 9018 events... INFO
2025-12-14 12:16:09,715 - System.tprint - INFO - ℹ️ ⚖️ Computing uniqueness weights for 9018 events... INFO
[2025-12-14 12:16:09.726] ✅ Uniqueness weights computed. Mean: 1.0000, Min: 0.4374, Max: 1.3122 SUCCESS
2025-12-14 12:16:09,726 - System.tprint - INFO - ℹ️ ✅ Uniqueness weights computed. Mean: 1.0000, Min: 0.4374, Max: 1.3122 SUCCESS
[I 2025-12-14 12:16:10,603] Trial 508 finished with value: -0.003015691483337336 and parameters: {'trail_distance_atr_mult': 1.2076102776787967}. Best is trial 126 with value: -0.000363295272717509.
[2025-12-14 12:16:12.041] ⚖️ Computing uniqueness weights for 9018 events... INFO
2025-12-14 12:16:12,041 - System.tprint - INFO - ℹ️ ⚖️ Computing uniqueness weights for 9018 events... INFO
[2025-12-14 12:16:12.052] ✅ Uniqueness weights computed. Mean: 1.0000, Min: 0.4375, Max: 1.3124 SUCCESS
2025-12-14 12:16:12,053 - System.tprint - INFO - ℹ️ ✅ Uniqueness weights computed. Mean: 1.0000, Min: 0.4375, Max: 1.3124 SUCCESS
[I 2025-12-14 12:16:12,933] Trial 509 finished with value: -0.0032373676552938254 and parameters: {'trail_distance_atr_mult': 1.342213510320539}. Best is trial 126 with value: -0.000363295272717509.
[2025-12-14 12:16:14.329] ⚖️ Computing uniqueness weights for 9018 events... INFO
2025-12-14 12:16:14,329 - System.tprint - INFO - ℹ️ ⚖️ Computing uniqueness weights for 9018 events... INFO
[2025-12-14 12:16:14.340] ✅ Uniqueness weights computed. Mean: 1.0000, Min: 0.4373, Max: 1.3119 SUCCESS
2025-12-14 12:16:14,340 - System.tprint - INFO - ℹ️ ✅ Uniqueness weights computed. Mean: 1.0000, Min: 0.4373, Max: 1.3119 SUCCESS
[I 2025-12-14 12:16:15,243] Trial 510 finished with value: -0.00752723038904815 and parameters: {'trail_distance_atr_mult': 1.0271843623264587}. Best is trial 126 with value: -0.000363295272717509.
[2025-12-14 12:16:16.632] ⚖️ Computing uniqueness weights for 9018 events... INFO
2025-12-14 12:16:16,632 - System.tprint - INFO - ℹ️ ⚖️ Computing uniqueness weights for 9018 events... INFO
[2025-12-14 12:16:16.643] ✅ Uniqueness weights computed. Mean: 1.0000, Min: 0.4379, Max: 1.3138 SUCCESS
2025-12-14 12:16:16,643 - System.tprint - INFO - ℹ️ ✅ Uniqueness weights computed. Mean: 1.0000, Min: 0.4379, Max: 1.3138 SUCCESS
[I 2025-12-14 12:16:17,513] Trial 511 finished with value: -0.004569054801308502 and parameters: {'trail_distance_atr_mult': 2.1528625878398704}. Best is trial 126 with value: -0.000363295272717509.
[2025-12-14 12:16:18.899] ⚖️ Computing uniqueness weights for 9018 events... INFO
2025-12-14 12:16:18,899 - System.tprint - INFO - ℹ️ ⚖️ Computing uniqueness weights for 9018 events... INFO
[2025-12-14 12:16:18.910] ✅ Uniqueness weights computed. Mean: 1.0000, Min: 0.4375, Max: 1.3125 SUCCESS
2025-12-14 12:16:18,910 - System.tprint - INFO - ℹ️ ✅ Uniqueness weights computed. Mean: 1.0000, Min: 0.4375, Max: 1.3125 SUCCESS
[I 2025-12-14 12:16:19,791] Trial 512 finished with value: -0.003948606307206632 and parameters: {'trail_distance_atr_mult': 1.4318128245717767}. Best is trial 126 with value: -0.000363295272717509.
[2025-12-14 12:16:21.207] ⚖️ Computing uniqueness weights for 9018 events... INFO
2025-12-14 12:16:21,207 - System.tprint - INFO - ℹ️ ⚖️ Computing uniqueness weights for 9018 events... INFO
[2025-12-14 12:16:21.219] ✅ Uniqueness weights computed. Mean: 1.0000, Min: 0.4376, Max: 1.3129 SUCCESS
2025-12-14 12:16:21,219 - System.tprint - INFO - ℹ️ ✅ Uniqueness weights computed. Mean: 1.0000, Min: 0.4376, Max: 1.3129 SUCCESS
[I 2025-12-14 12:16:22,098] Trial 513 finished with value: -0.005158003583534455 and parameters: {'trail_distance_atr_mult': 1.695050115795409}. Best is trial 126 with value: -0.000363295272717509.
[2025-12-14 12:16:23.478] ⚖️ Computing uniqueness weights for 9018 events... INFO
2025-12-14 12:16:23,478 - System.tprint - INFO - ℹ️ ⚖️ Computing uniqueness weights for 9018 events... INFO
[2025-12-14 12:16:23.490] ✅ Uniqueness weights computed. Mean: 1.0000, Min: 0.4375, Max: 1.3126 SUCCESS
2025-12-14 12:16:23,490 - System.tprint - INFO - ℹ️ ✅ Uniqueness weights computed. Mean: 1.0000, Min: 0.4375, Max: 1.3126 SUCCESS
[I 2025-12-14 12:16:24,378] Trial 514 finished with value: -0.004314437156092536 and parameters: {'trail_distance_atr_mult': 1.5124923164309487}. Best is trial 126 with value: -0.000363295272717509.
[2025-12-14 12:16:25.875] ⚖️ Computing uniqueness weights for 9018 events... INFO
2025-12-14 12:16:25,875 - System.tprint - INFO - ℹ️ ⚖️ Computing uniqueness weights for 9018 events... INFO
[2025-12-14 12:16:25.889] ✅ Uniqueness weights computed. Mean: 1.0000, Min: 0.4375, Max: 1.3126 SUCCESS
2025-12-14 12:16:25,889 - System.tprint - INFO - ℹ️ ✅ Uniqueness weights computed. Mean: 1.0000, Min: 0.4375, Max: 1.3126 SUCCESS
[I 2025-12-14 12:16:26,825] Trial 515 finished with value: -0.0022697971008797755 and parameters: {'trail_distance_atr_mult': 1.548110093944963}. Best is trial 126 with value: -0.000363295272717509.
[2025-12-14 12:16:28.207] ⚖️ Computing uniqueness weights for 9018 events... INFO
2025-12-14 12:16:28,208 - System.tprint - INFO - ℹ️ ⚖️ Computing uniqueness weights for 9018 events... INFO
[2025-12-14 12:16:28.218] ✅ Uniqueness weights computed. Mean: 1.0000, Min: 0.4375, Max: 1.3125 SUCCESS
2025-12-14 12:16:28,218 - System.tprint - INFO - ℹ️ ✅ Uniqueness weights computed. Mean: 1.0000, Min: 0.4375, Max: 1.3125 SUCCESS
[I 2025-12-14 12:16:29,103] Trial 516 finished with value: -0.004187324523975344 and parameters: {'trail_distance_atr_mult': 1.4630520109098806}. Best is trial 126 with value: -0.000363295272717509.
[2025-12-14 12:16:30.486] ⚖️ Computing uniqueness weights for 9018 events... INFO
2025-12-14 12:16:30,487 - System.tprint - INFO - ℹ️ ⚖️ Computing uniqueness weights for 9018 events... INFO
[2025-12-14 12:16:30.498] ✅ Uniqueness weights computed. Mean: 1.0000, Min: 0.4377, Max: 1.3130 SUCCESS
2025-12-14 12:16:30,498 - System.tprint - INFO - ℹ️ ✅ Uniqueness weights computed. Mean: 1.0000, Min: 0.4377, Max: 1.3130 SUCCESS
[I 2025-12-14 12:16:31,414] Trial 517 finished with value: -0.006899422148498798 and parameters: {'trail_distance_atr_mult': 1.7106323345324252}. Best is trial 126 with value: -0.000363295272717509.
[2025-12-14 12:16:32.851] ⚖️ Computing uniqueness weights for 9018 events... INFO
2025-12-14 12:16:32,851 - System.tprint - INFO - ℹ️ ⚖️ Computing uniqueness weights for 9018 events... INFO
[2025-12-14 12:16:32.863] ✅ Uniqueness weights computed. Mean: 1.0000, Min: 0.4374, Max: 1.3123 SUCCESS
2025-12-14 12:16:32,863 - System.tprint - INFO - ℹ️ ✅ Uniqueness weights computed. Mean: 1.0000, Min: 0.4374, Max: 1.3123 SUCCESS
[I 2025-12-14 12:16:33,741] Trial 518 finished with value: -0.004494442678808985 and parameters: {'trail_distance_atr_mult': 1.2322245806175374}. Best is trial 126 with value: -0.000363295272717509.
[2025-12-14 12:16:35.127] ⚖️ Computing uniqueness weights for 9018 events... INFO
2025-12-14 12:16:35,127 - System.tprint - INFO - ℹ️ ⚖️ Computing uniqueness weights for 9018 events... INFO
[2025-12-14 12:16:35.138] ✅ Uniqueness weights computed. Mean: 1.0000, Min: 0.4375, Max: 1.3126 SUCCESS
2025-12-14 12:16:35,138 - System.tprint - INFO - ℹ️ ✅ Uniqueness weights computed. Mean: 1.0000, Min: 0.4375, Max: 1.3126 SUCCESS
[I 2025-12-14 12:16:36,141] Trial 519 finished with value: -0.0039151742806645485 and parameters: {'trail_distance_atr_mult': 1.532199098480355}. Best is trial 126 with value: -0.000363295272717509.
[2025-12-14 12:16:37.647] ⚖️ Computing uniqueness weights for 9018 events... INFO
2025-12-14 12:16:37,647 - System.tprint - INFO - ℹ️ ⚖️ Computing uniqueness weights for 9018 events... INFO
[2025-12-14 12:16:37.664] ✅ Uniqueness weights computed. Mean: 1.0000, Min: 0.4375, Max: 1.3125 SUCCESS
2025-12-14 12:16:37,665 - System.tprint - INFO - ℹ️ ✅ Uniqueness weights computed. Mean: 1.0000, Min: 0.4375, Max: 1.3125 SUCCESS
[I 2025-12-14 12:16:38,563] Trial 520 finished with value: -0.004401926311773947 and parameters: {'trail_distance_atr_mult': 1.3893049869438299}. Best is trial 126 with value: -0.000363295272717509.
[2025-12-14 12:16:39.952] ⚖️ Computing uniqueness weights for 9018 events... INFO
2025-12-14 12:16:39,952 - System.tprint - INFO - ℹ️ ⚖️ Computing uniqueness weights for 9018 events... INFO
[2025-12-14 12:16:39.963] ✅ Uniqueness weights computed. Mean: 1.0000, Min: 0.4376, Max: 1.3129 SUCCESS
2025-12-14 12:16:39,963 - System.tprint - INFO - ℹ️ ✅ Uniqueness weights computed. Mean: 1.0000, Min: 0.4376, Max: 1.3129 SUCCESS
[I 2025-12-14 12:16:40,843] Trial 521 finished with value: -0.00513580832492482 and parameters: {'trail_distance_atr_mult': 1.678661955603586}. Best is trial 126 with value: -0.000363295272717509.
[2025-12-14 12:16:42.230] ⚖️ Computing uniqueness weights for 9018 events... INFO
2025-12-14 12:16:42,230 - System.tprint - INFO - ℹ️ ⚖️ Computing uniqueness weights for 9018 events... INFO
[2025-12-14 12:16:42.242] ✅ Uniqueness weights computed. Mean: 1.0000, Min: 0.4375, Max: 1.3126 SUCCESS
2025-12-14 12:16:42,242 - System.tprint - INFO - ℹ️ ✅ Uniqueness weights computed. Mean: 1.0000, Min: 0.4375, Max: 1.3126 SUCCESS
[I 2025-12-14 12:16:43,190] Trial 522 finished with value: -0.002270901750919414 and parameters: {'trail_distance_atr_mult': 1.5691086286477145}. Best is trial 126 with value: -0.000363295272717509.
[2025-12-14 12:16:44.568] ⚖️ Computing uniqueness weights for 9018 events... INFO
2025-12-14 12:16:44,568 - System.tprint - INFO - ℹ️ ⚖️ Computing uniqueness weights for 9018 events... INFO
[2025-12-14 12:16:44.579] ✅ Uniqueness weights computed. Mean: 1.0000, Min: 0.4376, Max: 1.3127 SUCCESS
2025-12-14 12:16:44,579 - System.tprint - INFO - ℹ️ ✅ Uniqueness weights computed. Mean: 1.0000, Min: 0.4376, Max: 1.3127 SUCCESS
[I 2025-12-14 12:16:45,467] Trial 523 finished with value: -0.0031722712079134286 and parameters: {'trail_distance_atr_mult': 1.6026053577577493}. Best is trial 126 with value: -0.000363295272717509.
[2025-12-14 12:16:46.898] ⚖️ Computing uniqueness weights for 9018 events... INFO
2025-12-14 12:16:46,898 - System.tprint - INFO - ℹ️ ⚖️ Computing uniqueness weights for 9018 events... INFO
[2025-12-14 12:16:46.910] ✅ Uniqueness weights computed. Mean: 1.0000, Min: 0.4375, Max: 1.3125 SUCCESS
2025-12-14 12:16:46,910 - System.tprint - INFO - ℹ️ ✅ Uniqueness weights computed. Mean: 1.0000, Min: 0.4375, Max: 1.3125 SUCCESS
