[I 2025-12-14 13:22:19,276] Trial 2344 finished with value: -0.007529600992205158 and parameters: {'trail_distance_atr_mult': 1.165781772289302}. Best is trial 126 with value: -0.000363295272717509.
[2025-12-14 13:22:20.837] ⚖️ Computing uniqueness weights for 9018 events... INFO
2025-12-14 13:22:20,837 - System.tprint - INFO - ℹ️ ⚖️ Computing uniqueness weights for 9018 events... INFO
[2025-12-14 13:22:20.853] ✅ Uniqueness weights computed. Mean: 1.0000, Min: 0.4373, Max: 1.3118 SUCCESS
2025-12-14 13:22:20,853 - System.tprint - INFO - ℹ️ ✅ Uniqueness weights computed. Mean: 1.0000, Min: 0.4373, Max: 1.3118 SUCCESS
[I 2025-12-14 13:22:21,863] Trial 2345 finished with value: -0.006681154485379024 and parameters: {'trail_distance_atr_mult': 0.8680878728359874}. Best is trial 126 with value: -0.000363295272717509.
[2025-12-14 13:22:23.498] ⚖️ Computing uniqueness weights for 9018 events... INFO
2025-12-14 13:22:23,498 - System.tprint - INFO - ℹ️ ⚖️ Computing uniqueness weights for 9018 events... INFO
[2025-12-14 13:22:23.512] ✅ Uniqueness weights computed. Mean: 1.0000, Min: 0.4372, Max: 1.3117 SUCCESS
2025-12-14 13:22:23,512 - System.tprint - INFO - ℹ️ ✅ Uniqueness weights computed. Mean: 1.0000, Min: 0.4372, Max: 1.3117 SUCCESS
[I 2025-12-14 13:22:24,504] Trial 2346 finished with value: -0.0034849037732859996 and parameters: {'trail_distance_atr_mult': 0.6469520825590604}. Best is trial 126 with value: -0.000363295272717509.
[2025-12-14 13:22:26.094] ⚖️ Computing uniqueness weights for 9018 events... INFO
2025-12-14 13:22:26,094 - System.tprint - INFO - ℹ️ ⚖️ Computing uniqueness weights for 9018 events... INFO
[2025-12-14 13:22:26.108] ✅ Uniqueness weights computed. Mean: 1.0000, Min: 0.4375, Max: 1.3124 SUCCESS
2025-12-14 13:22:26,108 - System.tprint - INFO - ℹ️ ✅ Uniqueness weights computed. Mean: 1.0000, Min: 0.4375, Max: 1.3124 SUCCESS
[I 2025-12-14 13:22:27,094] Trial 2347 finished with value: -0.003237366501441551 and parameters: {'trail_distance_atr_mult': 1.3533461183490623}. Best is trial 126 with value: -0.000363295272717509.
[2025-12-14 13:22:28.930] ⚖️ Computing uniqueness weights for 9018 events... INFO
2025-12-14 13:22:28,930 - System.tprint - INFO - ℹ️ ⚖️ Computing uniqueness weights for 9018 events... INFO
[2025-12-14 13:22:28.944] ✅ Uniqueness weights computed. Mean: 1.0000, Min: 0.4373, Max: 1.3119 SUCCESS
2025-12-14 13:22:28,944 - System.tprint - INFO - ℹ️ ✅ Uniqueness weights computed. Mean: 1.0000, Min: 0.4373, Max: 1.3119 SUCCESS
[I 2025-12-14 13:22:30,174] Trial 2348 finished with value: -0.00752722855425734 and parameters: {'trail_distance_atr_mult': 1.0330852913260646}. Best is trial 126 with value: -0.000363295272717509.
[2025-12-14 13:22:32.068] ⚖️ Computing uniqueness weights for 9018 events... INFO
2025-12-14 13:22:32,069 - System.tprint - INFO - ℹ️ ⚖️ Computing uniqueness weights for 9018 events... INFO
[2025-12-14 13:22:32.085] ✅ Uniqueness weights computed. Mean: 1.0000, Min: 0.4374, Max: 1.3121 SUCCESS
2025-12-14 13:22:32,086 - System.tprint - INFO - ℹ️ ✅ Uniqueness weights computed. Mean: 1.0000, Min: 0.4374, Max: 1.3121 SUCCESS
[I 2025-12-14 13:22:33,069] Trial 2349 finished with value: -0.00744584070228241 and parameters: {'trail_distance_atr_mult': 1.1693587262871983}. Best is trial 126 with value: -0.000363295272717509.
[2025-12-14 13:22:34.288] ⚖️ Computing uniqueness weights for 9018 events... INFO
2025-12-14 13:22:34,288 - System.tprint - INFO - ℹ️ ⚖️ Computing uniqueness weights for 9018 events... INFO
[2025-12-14 13:22:34.298] ✅ Uniqueness weights computed. Mean: 1.0000, Min: 0.4373, Max: 1.3118 SUCCESS
2025-12-14 13:22:34,298 - System.tprint - INFO - ℹ️ ✅ Uniqueness weights computed. Mean: 1.0000, Min: 0.4373, Max: 1.3118 SUCCESS
[I 2025-12-14 13:22:35,007] Trial 2350 finished with value: -0.006681101210382023 and parameters: {'trail_distance_atr_mult': 0.8808802824665886}. Best is trial 126 with value: -0.000363295272717509.
[2025-12-14 13:22:36.236] ⚖️ Computing uniqueness weights for 9018 events... INFO
2025-12-14 13:22:36,237 - System.tprint - INFO - ℹ️ ⚖️ Computing uniqueness weights for 9018 events... INFO
[2025-12-14 13:22:36.251] ✅ Uniqueness weights computed. Mean: 1.0000, Min: 0.4373, Max: 1.3118 SUCCESS
2025-12-14 13:22:36,251 - System.tprint - INFO - ℹ️ ✅ Uniqueness weights computed. Mean: 1.0000, Min: 0.4373, Max: 1.3118 SUCCESS
[I 2025-12-14 13:22:37,639] Trial 2351 finished with value: -0.006741957607872228 and parameters: {'trail_distance_atr_mult': 0.99261352534252}. Best is trial 126 with value: -0.000363295272717509.
[2025-12-14 13:22:39.031] ⚖️ Computing uniqueness weights for 9018 events... INFO
2025-12-14 13:22:39,031 - System.tprint - INFO - ℹ️ ⚖️ Computing uniqueness weights for 9018 events... INFO
[2025-12-14 13:22:39.040] ✅ Uniqueness weights computed. Mean: 1.0000, Min: 0.4375, Max: 1.3124 SUCCESS
2025-12-14 13:22:39,040 - System.tprint - INFO - ℹ️ ✅ Uniqueness weights computed. Mean: 1.0000, Min: 0.4375, Max: 1.3124 SUCCESS
[I 2025-12-14 13:22:39,822] Trial 2352 finished with value: -0.0032373731298824273 and parameters: {'trail_distance_atr_mult': 1.3248328240756244}. Best is trial 126 with value: -0.000363295272717509.
[2025-12-14 13:22:41.201] ⚖️ Computing uniqueness weights for 9018 events... INFO
2025-12-14 13:22:41,202 - System.tprint - INFO - ℹ️ ⚖️ Computing uniqueness weights for 9018 events... INFO
[2025-12-14 13:22:41.213] ✅ Uniqueness weights computed. Mean: 1.0000, Min: 0.4372, Max: 1.3117 SUCCESS
2025-12-14 13:22:41,213 - System.tprint - INFO - ℹ️ ✅ Uniqueness weights computed. Mean: 1.0000, Min: 0.4372, Max: 1.3117 SUCCESS
[I 2025-12-14 13:22:42,051] Trial 2353 finished with value: -0.007588356579597874 and parameters: {'trail_distance_atr_mult': 0.7396754479591255}. Best is trial 126 with value: -0.000363295272717509.
[2025-12-14 13:22:43.269] ⚖️ Computing uniqueness weights for 9018 events... INFO
2025-12-14 13:22:43,269 - System.tprint - INFO - ℹ️ ⚖️ Computing uniqueness weights for 9018 events... INFO
[2025-12-14 13:22:43.279] ✅ Uniqueness weights computed. Mean: 1.0000, Min: 0.4374, Max: 1.3121 SUCCESS
2025-12-14 13:22:43,279 - System.tprint - INFO - ℹ️ ✅ Uniqueness weights computed. Mean: 1.0000, Min: 0.4374, Max: 1.3121 SUCCESS
[I 2025-12-14 13:22:44,155] Trial 2354 finished with value: -0.00770128500028601 and parameters: {'trail_distance_atr_mult': 1.1493603945559825}. Best is trial 126 with value: -0.000363295272717509.
[2025-12-14 13:22:45.622] ⚖️ Computing uniqueness weights for 9018 events... INFO
2025-12-14 13:22:45,622 - System.tprint - INFO - ℹ️ ⚖️ Computing uniqueness weights for 9018 events... INFO
[2025-12-14 13:22:45.634] ✅ Uniqueness weights computed. Mean: 1.0000, Min: 0.4373, Max: 1.3118 SUCCESS
2025-12-14 13:22:45,634 - System.tprint - INFO - ℹ️ ✅ Uniqueness weights computed. Mean: 1.0000, Min: 0.4373, Max: 1.3118 SUCCESS
[I 2025-12-14 13:22:46,348] Trial 2355 finished with value: -0.006741889189807363 and parameters: {'trail_distance_atr_mult': 0.9838052562373103}. Best is trial 126 with value: -0.000363295272717509.
[2025-12-14 13:22:47.572] ⚖️ Computing uniqueness weights for 9018 events... INFO
2025-12-14 13:22:47,572 - System.tprint - INFO - ℹ️ ⚖️ Computing uniqueness weights for 9018 events... INFO
[2025-12-14 13:22:47.582] ✅ Uniqueness weights computed. Mean: 1.0000, Min: 0.4372, Max: 1.3117 SUCCESS
2025-12-14 13:22:47,582 - System.tprint - INFO - ℹ️ ✅ Uniqueness weights computed. Mean: 1.0000, Min: 0.4372, Max: 1.3117 SUCCESS
[I 2025-12-14 13:22:48,538] Trial 2356 finished with value: -0.0034849037542104768 and parameters: {'trail_distance_atr_mult': 0.6616347665272706}. Best is trial 126 with value: -0.000363295272717509.
[2025-12-14 13:22:50.105] ⚖️ Computing uniqueness weights for 9018 events... INFO
2025-12-14 13:22:50,105 - System.tprint - INFO - ℹ️ ⚖️ Computing uniqueness weights for 9018 events... INFO
[2025-12-14 13:22:50.118] ✅ Uniqueness weights computed. Mean: 1.0000, Min: 0.4374, Max: 1.3121 SUCCESS
2025-12-14 13:22:50,119 - System.tprint - INFO - ℹ️ ✅ Uniqueness weights computed. Mean: 1.0000, Min: 0.4374, Max: 1.3121 SUCCESS
[I 2025-12-14 13:22:50,971] Trial 2357 finished with value: -0.007445873478565571 and parameters: {'trail_distance_atr_mult': 1.1672208333860585}. Best is trial 126 with value: -0.000363295272717509.
[2025-12-14 13:22:52.189] ⚖️ Computing uniqueness weights for 9018 events... INFO
2025-12-14 13:22:52,189 - System.tprint - INFO - ℹ️ ⚖️ Computing uniqueness weights for 9018 events... INFO
[2025-12-14 13:22:52.198] ✅ Uniqueness weights computed. Mean: 1.0000, Min: 0.4372, Max: 1.3117 SUCCESS
2025-12-14 13:22:52,198 - System.tprint - INFO - ℹ️ ✅ Uniqueness weights computed. Mean: 1.0000, Min: 0.4372, Max: 1.3117 SUCCESS
[I 2025-12-14 13:22:53,583] Trial 2358 finished with value: -0.007321828937469562 and parameters: {'trail_distance_atr_mult': 0.5049191953555869}. Best is trial 126 with value: -0.000363295272717509.
[2025-12-14 13:22:55.877] ⚖️ Computing uniqueness weights for 9018 events... INFO
2025-12-14 13:22:55,877 - System.tprint - INFO - ℹ️ ⚖️ Computing uniqueness weights for 9018 events... INFO
[2025-12-14 13:22:55.894] ✅ Uniqueness weights computed. Mean: 1.0000, Min: 0.4373, Max: 1.3118 SUCCESS
2025-12-14 13:22:55,894 - System.tprint - INFO - ℹ️ ✅ Uniqueness weights computed. Mean: 1.0000, Min: 0.4373, Max: 1.3118 SUCCESS
[I 2025-12-14 13:22:56,962] Trial 2359 finished with value: -0.006681124958395874 and parameters: {'trail_distance_atr_mult': 0.8741561707670594}. Best is trial 126 with value: -0.000363295272717509.
[2025-12-14 13:22:58.159] ⚖️ Computing uniqueness weights for 9018 events... INFO
2025-12-14 13:22:58,159 - System.tprint - INFO - ℹ️ ⚖️ Computing uniqueness weights for 9018 events... INFO
[2025-12-14 13:22:58.169] ✅ Uniqueness weights computed. Mean: 1.0000, Min: 0.4373, Max: 1.3119 SUCCESS
2025-12-14 13:22:58,169 - System.tprint - INFO - ℹ️ ✅ Uniqueness weights computed. Mean: 1.0000, Min: 0.4373, Max: 1.3119 SUCCESS
[I 2025-12-14 13:22:59,309] Trial 2360 finished with value: -0.003084675653291593 and parameters: {'trail_distance_atr_mult': 1.012741035731925}. Best is trial 126 with value: -0.000363295272717509.
[2025-12-14 13:23:01.176] ⚖️ Computing uniqueness weights for 9018 events... INFO
2025-12-14 13:23:01,176 - System.tprint - INFO - ℹ️ ⚖️ Computing uniqueness weights for 9018 events... INFO
[2025-12-14 13:23:01.189] ✅ Uniqueness weights computed. Mean: 1.0000, Min: 0.4375, Max: 1.3124 SUCCESS
2025-12-14 13:23:01,189 - System.tprint - INFO - ℹ️ ✅ Uniqueness weights computed. Mean: 1.0000, Min: 0.4375, Max: 1.3124 SUCCESS
[I 2025-12-14 13:23:02,263] Trial 2361 finished with value: -0.0032373707758193925 and parameters: {'trail_distance_atr_mult': 1.3295752050762848}. Best is trial 126 with value: -0.000363295272717509.
[2025-12-14 13:23:03.982] ⚖️ Computing uniqueness weights for 9018 events... INFO
2025-12-14 13:23:03,983 - System.tprint - INFO - ℹ️ ⚖️ Computing uniqueness weights for 9018 events... INFO
[2025-12-14 13:23:03.997] ✅ Uniqueness weights computed. Mean: 1.0000, Min: 0.4374, Max: 1.3121 SUCCESS
2025-12-14 13:23:03,997 - System.tprint - INFO - ℹ️ ✅ Uniqueness weights computed. Mean: 1.0000, Min: 0.4374, Max: 1.3121 SUCCESS
[I 2025-12-14 13:23:04,984] Trial 2362 finished with value: -0.007701247690907064 and parameters: {'trail_distance_atr_mult': 1.1563232296033858}. Best is trial 126 with value: -0.000363295272717509.
[2025-12-14 13:23:06.566] ⚖️ Computing uniqueness weights for 9018 events... INFO
2025-12-14 13:23:06,566 - System.tprint - INFO - ℹ️ ⚖️ Computing uniqueness weights for 9018 events... INFO
[2025-12-14 13:23:06.581] ✅ Uniqueness weights computed. Mean: 1.0000, Min: 0.4372, Max: 1.3117 SUCCESS
2025-12-14 13:23:06,581 - System.tprint - INFO - ℹ️ ✅ Uniqueness weights computed. Mean: 1.0000, Min: 0.4372, Max: 1.3117 SUCCESS
[I 2025-12-14 13:23:07,572] Trial 2363 finished with value: -0.006727822984419979 and parameters: {'trail_distance_atr_mult': 0.8161582082723221}. Best is trial 126 with value: -0.000363295272717509.
[2025-12-14 13:23:09.161] ⚖️ Computing uniqueness weights for 9018 events... INFO
2025-12-14 13:23:09,161 - System.tprint - INFO - ℹ️ ⚖️ Computing uniqueness weights for 9018 events... INFO
[2025-12-14 13:23:09.177] ✅ Uniqueness weights computed. Mean: 1.0000, Min: 0.4373, Max: 1.3119 SUCCESS
2025-12-14 13:23:09,177 - System.tprint - INFO - ℹ️ ✅ Uniqueness weights computed. Mean: 1.0000, Min: 0.4373, Max: 1.3119 SUCCESS
[I 2025-12-14 13:23:10,065] Trial 2364 finished with value: -0.007527229736615404 and parameters: {'trail_distance_atr_mult': 1.0295814390963716}. Best is trial 126 with value: -0.000363295272717509.
[2025-12-14 13:23:11.286] ⚖️ Computing uniqueness weights for 9018 events... INFO
2025-12-14 13:23:11,286 - System.tprint - INFO - ℹ️ ⚖️ Computing uniqueness weights for 9018 events... INFO
[2025-12-14 13:23:11.295] ✅ Uniqueness weights computed. Mean: 1.0000, Min: 0.4374, Max: 1.3121 SUCCESS
2025-12-14 13:23:11,295 - System.tprint - INFO - ℹ️ ✅ Uniqueness weights computed. Mean: 1.0000, Min: 0.4374, Max: 1.3121 SUCCESS
[I 2025-12-14 13:23:12,013] Trial 2365 finished with value: -0.007529594298018569 and parameters: {'trail_distance_atr_mult': 1.1660246374826098}. Best is trial 126 with value: -0.000363295272717509.
[2025-12-14 13:23:13.231] ⚖️ Computing uniqueness weights for 9018 events... INFO
2025-12-14 13:23:13,232 - System.tprint - INFO - ℹ️ ⚖️ Computing uniqueness weights for 9018 events... INFO
[2025-12-14 13:23:13.242] ✅ Uniqueness weights computed. Mean: 1.0000, Min: 0.4372, Max: 1.3117 SUCCESS
2025-12-14 13:23:13,242 - System.tprint - INFO - ℹ️ ✅ Uniqueness weights computed. Mean: 1.0000, Min: 0.4372, Max: 1.3117 SUCCESS
[I 2025-12-14 13:23:13,980] Trial 2366 finished with value: -0.006727952347040977 and parameters: {'trail_distance_atr_mult': 0.8041009061683921}. Best is trial 126 with value: -0.000363295272717509.
[2025-12-14 13:23:15.190] ⚖️ Computing uniqueness weights for 9018 events... INFO
2025-12-14 13:23:15,190 - System.tprint - INFO - ℹ️ ⚖️ Computing uniqueness weights for 9018 events... INFO
[2025-12-14 13:23:15.199] ✅ Uniqueness weights computed. Mean: 1.0000, Min: 0.4373, Max: 1.3118 SUCCESS
2025-12-14 13:23:15,199 - System.tprint - INFO - ℹ️ ✅ Uniqueness weights computed. Mean: 1.0000, Min: 0.4373, Max: 1.3118 SUCCESS
[I 2025-12-14 13:23:15,898] Trial 2367 finished with value: -0.006741962714444325 and parameters: {'trail_distance_atr_mult': 0.9932844587035431}. Best is trial 126 with value: -0.000363295272717509.
[2025-12-14 13:23:17.115] ⚖️ Computing uniqueness weights for 9018 events... INFO
2025-12-14 13:23:17,115 - System.tprint - INFO - ℹ️ ⚖️ Computing uniqueness weights for 9018 events... INFO
[2025-12-14 13:23:17.125] ✅ Uniqueness weights computed. Mean: 1.0000, Min: 0.4375, Max: 1.3124 SUCCESS
2025-12-14 13:23:17,125 - System.tprint - INFO - ℹ️ ✅ Uniqueness weights computed. Mean: 1.0000, Min: 0.4375, Max: 1.3124 SUCCESS
[I 2025-12-14 13:23:17,844] Trial 2368 finished with value: -0.0032373667363173224 and parameters: {'trail_distance_atr_mult': 1.3514054386147896}. Best is trial 126 with value: -0.000363295272717509.
[2025-12-14 13:23:19.056] ⚖️ Computing uniqueness weights for 9018 events... INFO
2025-12-14 13:23:19,056 - System.tprint - INFO - ℹ️ ⚖️ Computing uniqueness weights for 9018 events... INFO
[2025-12-14 13:23:19.066] ✅ Uniqueness weights computed. Mean: 1.0000, Min: 0.4374, Max: 1.3121 SUCCESS
2025-12-14 13:23:19,066 - System.tprint - INFO - ℹ️ ✅ Uniqueness weights computed. Mean: 1.0000, Min: 0.4374, Max: 1.3121 SUCCESS
[I 2025-12-14 13:23:19,826] Trial 2369 finished with value: -0.0076914692504497185 and parameters: {'trail_distance_atr_mult': 1.1635763118032603}. Best is trial 126 with value: -0.000363295272717509.
[2025-12-14 13:23:21.067] ⚖️ Computing uniqueness weights for 9018 events... INFO
2025-12-14 13:23:21,067 - System.tprint - INFO - ℹ️ ⚖️ Computing uniqueness weights for 9018 events... INFO
[2025-12-14 13:23:21.077] ✅ Uniqueness weights computed. Mean: 1.0000, Min: 0.4373, Max: 1.3118 SUCCESS
2025-12-14 13:23:21,077 - System.tprint - INFO - ℹ️ ✅ Uniqueness weights computed. Mean: 1.0000, Min: 0.4373, Max: 1.3118 SUCCESS
[I 2025-12-14 13:23:21,816] Trial 2370 finished with value: -0.006804525399661803 and parameters: {'trail_distance_atr_mult': 0.8309818526443924}. Best is trial 126 with value: -0.000363295272717509.
[2025-12-14 13:23:23.018] ⚖️ Computing uniqueness weights for 9018 events... INFO
2025-12-14 13:23:23,018 - System.tprint - INFO - ℹ️ ⚖️ Computing uniqueness weights for 9018 events... INFO
[2025-12-14 13:23:23.028] ✅ Uniqueness weights computed. Mean: 1.0000, Min: 0.4373, Max: 1.3119 SUCCESS
2025-12-14 13:23:23,028 - System.tprint - INFO - ℹ️ ✅ Uniqueness weights computed. Mean: 1.0000, Min: 0.4373, Max: 1.3119 SUCCESS
[I 2025-12-14 13:23:23,812] Trial 2371 finished with value: -0.007527230730901908 and parameters: {'trail_distance_atr_mult': 1.0419485500445842}. Best is trial 126 with value: -0.000363295272717509.
[2025-12-14 13:23:25.186] ⚖️ Computing uniqueness weights for 9018 events... INFO
2025-12-14 13:23:25,186 - System.tprint - INFO - ℹ️ ⚖️ Computing uniqueness weights for 9018 events... INFO
[2025-12-14 13:23:25.205] ✅ Uniqueness weights computed. Mean: 1.0000, Min: 0.4372, Max: 1.3117 SUCCESS
2025-12-14 13:23:25,205 - System.tprint - INFO - ℹ️ ✅ Uniqueness weights computed. Mean: 1.0000, Min: 0.4372, Max: 1.3117 SUCCESS
[I 2025-12-14 13:23:26,410] Trial 2372 finished with value: -0.007479331783459741 and parameters: {'trail_distance_atr_mult': 0.6758207745119766}. Best is trial 126 with value: -0.000363295272717509.
[2025-12-14 13:23:28.686] ⚖️ Computing uniqueness weights for 9018 events... INFO
2025-12-14 13:23:28,687 - System.tprint - INFO - ℹ️ ⚖️ Computing uniqueness weights for 9018 events... INFO
[2025-12-14 13:23:28.704] ✅ Uniqueness weights computed. Mean: 1.0000, Min: 0.4374, Max: 1.3121 SUCCESS
2025-12-14 13:23:28,705 - System.tprint - INFO - ℹ️ ✅ Uniqueness weights computed. Mean: 1.0000, Min: 0.4374, Max: 1.3121 SUCCESS
[I 2025-12-14 13:23:29,888] Trial 2373 finished with value: -0.007530712362596485 and parameters: {'trail_distance_atr_mult': 1.1648253883797077}. Best is trial 126 with value: -0.000363295272717509.
[2025-12-14 13:23:31.154] ⚖️ Computing uniqueness weights for 9018 events... INFO
2025-12-14 13:23:31,154 - System.tprint - INFO - ℹ️ ⚖️ Computing uniqueness weights for 9018 events... INFO
[2025-12-14 13:23:31.163] ✅ Uniqueness weights computed. Mean: 1.0000, Min: 0.4373, Max: 1.3118 SUCCESS
2025-12-14 13:23:31,163 - System.tprint - INFO - ℹ️ ✅ Uniqueness weights computed. Mean: 1.0000, Min: 0.4373, Max: 1.3118 SUCCESS
[I 2025-12-14 13:23:32,096] Trial 2374 finished with value: -0.006778411991340385 and parameters: {'trail_distance_atr_mult': 0.9443624569773259}. Best is trial 126 with value: -0.000363295272717509.
[2025-12-14 13:23:33.737] ⚖️ Computing uniqueness weights for 9018 events... INFO
2025-12-14 13:23:33,737 - System.tprint - INFO - ℹ️ ⚖️ Computing uniqueness weights for 9018 events... INFO
[2025-12-14 13:23:33.754] ✅ Uniqueness weights computed. Mean: 1.0000, Min: 0.4374, Max: 1.3121 SUCCESS
2025-12-14 13:23:33,755 - System.tprint - INFO - ℹ️ ✅ Uniqueness weights computed. Mean: 1.0000, Min: 0.4374, Max: 1.3121 SUCCESS
[I 2025-12-14 13:23:34,762] Trial 2375 finished with value: -0.0012531701378218473 and parameters: {'trail_distance_atr_mult': 1.1857230214616987}. Best is trial 126 with value: -0.000363295272717509.
[2025-12-14 13:23:36.329] ⚖️ Computing uniqueness weights for 9018 events... INFO
2025-12-14 13:23:36,329 - System.tprint - INFO - ℹ️ ⚖️ Computing uniqueness weights for 9018 events... INFO
[2025-12-14 13:23:36.343] ✅ Uniqueness weights computed. Mean: 1.0000, Min: 0.4373, Max: 1.3118 SUCCESS
2025-12-14 13:23:36,344 - System.tprint - INFO - ℹ️ ✅ Uniqueness weights computed. Mean: 1.0000, Min: 0.4373, Max: 1.3118 SUCCESS
[I 2025-12-14 13:23:37,343] Trial 2376 finished with value: -0.006584439934974045 and parameters: {'trail_distance_atr_mult': 0.8515361667303182}. Best is trial 126 with value: -0.000363295272717509.
[2025-12-14 13:23:38.930] ⚖️ Computing uniqueness weights for 9018 events... INFO
2025-12-14 13:23:38,930 - System.tprint - INFO - ℹ️ ⚖️ Computing uniqueness weights for 9018 events... INFO
[2025-12-14 13:23:38.943] ✅ Uniqueness weights computed. Mean: 1.0000, Min: 0.4373, Max: 1.3119 SUCCESS
2025-12-14 13:23:38,943 - System.tprint - INFO - ℹ️ ✅ Uniqueness weights computed. Mean: 1.0000, Min: 0.4373, Max: 1.3119 SUCCESS
[I 2025-12-14 13:23:39,929] Trial 2377 finished with value: -0.003084682447163445 and parameters: {'trail_distance_atr_mult': 1.0219368202612258}. Best is trial 126 with value: -0.000363295272717509.
[2025-12-14 13:23:41.567] ⚖️ Computing uniqueness weights for 9018 events... INFO
2025-12-14 13:23:41,567 - System.tprint - INFO - ℹ️ ⚖️ Computing uniqueness weights for 9018 events... INFO
[2025-12-14 13:23:41.579] ✅ Uniqueness weights computed. Mean: 1.0000, Min: 0.4372, Max: 1.3117 SUCCESS
2025-12-14 13:23:41,579 - System.tprint - INFO - ℹ️ ✅ Uniqueness weights computed. Mean: 1.0000, Min: 0.4372, Max: 1.3117 SUCCESS
[I 2025-12-14 13:23:42,341] Trial 2378 finished with value: -0.007479331783459741 and parameters: {'trail_distance_atr_mult': 0.6934223507292806}. Best is trial 126 with value: -0.000363295272717509.
[2025-12-14 13:23:43.522] ⚖️ Computing uniqueness weights for 9018 events... INFO
2025-12-14 13:23:43,522 - System.tprint - INFO - ℹ️ ⚖️ Computing uniqueness weights for 9018 events... INFO
[2025-12-14 13:23:43.532] ✅ Uniqueness weights computed. Mean: 1.0000, Min: 0.4375, Max: 1.3125 SUCCESS
2025-12-14 13:23:43,532 - System.tprint - INFO - ℹ️ ✅ Uniqueness weights computed. Mean: 1.0000, Min: 0.4375, Max: 1.3125 SUCCESS
