[I 2025-12-14 12:11:21,502] Trial 384 finished with value: -0.004845404554623529 and parameters: {'trail_distance_atr_mult': 1.672210438911641}. Best is trial 126 with value: -0.000363295272717509.
[2025-12-14 12:11:22.963] ⚖️ Computing uniqueness weights for 9018 events... INFO
2025-12-14 12:11:22,963 - System.tprint - INFO - ℹ️ ⚖️ Computing uniqueness weights for 9018 events... INFO
[2025-12-14 12:11:22.976] ✅ Uniqueness weights computed. Mean: 1.0000, Min: 0.4375, Max: 1.3125 SUCCESS
2025-12-14 12:11:22,976 - System.tprint - INFO - ℹ️ ✅ Uniqueness weights computed. Mean: 1.0000, Min: 0.4375, Max: 1.3125 SUCCESS
[I 2025-12-14 12:11:23,992] Trial 385 finished with value: -0.006658987085299709 and parameters: {'trail_distance_atr_mult': 1.503813920063497}. Best is trial 126 with value: -0.000363295272717509.
[2025-12-14 12:11:25.792] ⚖️ Computing uniqueness weights for 9018 events... INFO
2025-12-14 12:11:25,793 - System.tprint - INFO - ℹ️ ⚖️ Computing uniqueness weights for 9018 events... INFO
[2025-12-14 12:11:25.814] ✅ Uniqueness weights computed. Mean: 1.0000, Min: 0.4376, Max: 1.3129 SUCCESS
2025-12-14 12:11:25,814 - System.tprint - INFO - ℹ️ ✅ Uniqueness weights computed. Mean: 1.0000, Min: 0.4376, Max: 1.3129 SUCCESS
[I 2025-12-14 12:11:26,854] Trial 386 finished with value: -0.005135807881447255 and parameters: {'trail_distance_atr_mult': 1.6779098404442419}. Best is trial 126 with value: -0.000363295272717509.
[2025-12-14 12:11:28.366] ⚖️ Computing uniqueness weights for 9018 events... INFO
2025-12-14 12:11:28,366 - System.tprint - INFO - ℹ️ ⚖️ Computing uniqueness weights for 9018 events... INFO
[2025-12-14 12:11:28.378] ✅ Uniqueness weights computed. Mean: 1.0000, Min: 0.4385, Max: 1.3155 SUCCESS
2025-12-14 12:11:28,378 - System.tprint - INFO - ℹ️ ✅ Uniqueness weights computed. Mean: 1.0000, Min: 0.4385, Max: 1.3155 SUCCESS
[I 2025-12-14 12:11:29,389] Trial 387 finished with value: -0.004512715254345135 and parameters: {'trail_distance_atr_mult': 2.947500113240895}. Best is trial 126 with value: -0.000363295272717509.
[2025-12-14 12:11:30.869] ⚖️ Computing uniqueness weights for 9018 events... INFO
2025-12-14 12:11:30,869 - System.tprint - INFO - ℹ️ ⚖️ Computing uniqueness weights for 9018 events... INFO
[2025-12-14 12:11:30.882] ✅ Uniqueness weights computed. Mean: 1.0000, Min: 0.4375, Max: 1.3124 SUCCESS
2025-12-14 12:11:30,882 - System.tprint - INFO - ℹ️ ✅ Uniqueness weights computed. Mean: 1.0000, Min: 0.4375, Max: 1.3124 SUCCESS
[I 2025-12-14 12:11:31,871] Trial 388 finished with value: -0.00225150998885784 and parameters: {'trail_distance_atr_mult': 1.2496496706252644}. Best is trial 126 with value: -0.000363295272717509.
[2025-12-14 12:11:33.410] ⚖️ Computing uniqueness weights for 9018 events... INFO
2025-12-14 12:11:33,411 - System.tprint - INFO - ℹ️ ⚖️ Computing uniqueness weights for 9018 events... INFO
[2025-12-14 12:11:33.424] ✅ Uniqueness weights computed. Mean: 1.0000, Min: 0.4373, Max: 1.3120 SUCCESS
2025-12-14 12:11:33,424 - System.tprint - INFO - ℹ️ ✅ Uniqueness weights computed. Mean: 1.0000, Min: 0.4373, Max: 1.3120 SUCCESS
[I 2025-12-14 12:11:34,429] Trial 389 finished with value: -0.0008138616869762492 and parameters: {'trail_distance_atr_mult': 1.0930344086800416}. Best is trial 126 with value: -0.000363295272717509.
[2025-12-14 12:11:35.961] ⚖️ Computing uniqueness weights for 9018 events... INFO
2025-12-14 12:11:35,961 - System.tprint - INFO - ℹ️ ⚖️ Computing uniqueness weights for 9018 events... INFO
[2025-12-14 12:11:35.975] ✅ Uniqueness weights computed. Mean: 1.0000, Min: 0.4373, Max: 1.3119 SUCCESS
2025-12-14 12:11:35,975 - System.tprint - INFO - ℹ️ ✅ Uniqueness weights computed. Mean: 1.0000, Min: 0.4373, Max: 1.3119 SUCCESS
[I 2025-12-14 12:11:36,878] Trial 390 finished with value: -0.003084677487392783 and parameters: {'trail_distance_atr_mult': 1.0151128252274328}. Best is trial 126 with value: -0.000363295272717509.
[2025-12-14 12:11:38.271] ⚖️ Computing uniqueness weights for 9018 events... INFO
2025-12-14 12:11:38,271 - System.tprint - INFO - ℹ️ ⚖️ Computing uniqueness weights for 9018 events... INFO
[2025-12-14 12:11:38.283] ✅ Uniqueness weights computed. Mean: 1.0000, Min: 0.4373, Max: 1.3118 SUCCESS
2025-12-14 12:11:38,283 - System.tprint - INFO - ℹ️ ✅ Uniqueness weights computed. Mean: 1.0000, Min: 0.4373, Max: 1.3118 SUCCESS
[I 2025-12-14 12:11:39,150] Trial 391 finished with value: -0.006681080120259716 and parameters: {'trail_distance_atr_mult': 0.8920696389104639}. Best is trial 126 with value: -0.000363295272717509.
[2025-12-14 12:11:40.539] ⚖️ Computing uniqueness weights for 9018 events... INFO
2025-12-14 12:11:40,539 - System.tprint - INFO - ℹ️ ⚖️ Computing uniqueness weights for 9018 events... INFO
[2025-12-14 12:11:40.551] ✅ Uniqueness weights computed. Mean: 1.0000, Min: 0.4373, Max: 1.3120 SUCCESS
2025-12-14 12:11:40,551 - System.tprint - INFO - ℹ️ ✅ Uniqueness weights computed. Mean: 1.0000, Min: 0.4373, Max: 1.3120 SUCCESS
[I 2025-12-14 12:11:41,453] Trial 392 finished with value: -0.0008138611079170409 and parameters: {'trail_distance_atr_mult': 1.1010457729799206}. Best is trial 126 with value: -0.000363295272717509.
[2025-12-14 12:11:42.824] ⚖️ Computing uniqueness weights for 9018 events... INFO
2025-12-14 12:11:42,824 - System.tprint - INFO - ℹ️ ⚖️ Computing uniqueness weights for 9018 events... INFO
[2025-12-14 12:11:42.835] ✅ Uniqueness weights computed. Mean: 1.0000, Min: 0.4374, Max: 1.3121 SUCCESS
2025-12-14 12:11:42,835 - System.tprint - INFO - ℹ️ ✅ Uniqueness weights computed. Mean: 1.0000, Min: 0.4374, Max: 1.3121 SUCCESS
[I 2025-12-14 12:11:43,711] Trial 393 finished with value: -0.007701278201268282 and parameters: {'trail_distance_atr_mult': 1.1507572023182455}. Best is trial 126 with value: -0.000363295272717509.
[2025-12-14 12:11:45.091] ⚖️ Computing uniqueness weights for 9018 events... INFO
2025-12-14 12:11:45,091 - System.tprint - INFO - ℹ️ ⚖️ Computing uniqueness weights for 9018 events... INFO
[2025-12-14 12:11:45.102] ✅ Uniqueness weights computed. Mean: 1.0000, Min: 0.4373, Max: 1.3118 SUCCESS
2025-12-14 12:11:45,102 - System.tprint - INFO - ℹ️ ✅ Uniqueness weights computed. Mean: 1.0000, Min: 0.4373, Max: 1.3118 SUCCESS
[I 2025-12-14 12:11:45,979] Trial 394 finished with value: -0.006721250563199711 and parameters: {'trail_distance_atr_mult': 0.9107123129888599}. Best is trial 126 with value: -0.000363295272717509.
[2025-12-14 12:11:47.365] ⚖️ Computing uniqueness weights for 9018 events... INFO
2025-12-14 12:11:47,366 - System.tprint - INFO - ℹ️ ⚖️ Computing uniqueness weights for 9018 events... INFO
[2025-12-14 12:11:47.376] ✅ Uniqueness weights computed. Mean: 1.0000, Min: 0.4374, Max: 1.3121 SUCCESS
2025-12-14 12:11:47,376 - System.tprint - INFO - ℹ️ ✅ Uniqueness weights computed. Mean: 1.0000, Min: 0.4374, Max: 1.3121 SUCCESS
[I 2025-12-14 12:11:48,263] Trial 395 finished with value: -0.0048915176138909396 and parameters: {'trail_distance_atr_mult': 1.190073230211797}. Best is trial 126 with value: -0.000363295272717509.
[2025-12-14 12:11:49.728] ⚖️ Computing uniqueness weights for 9018 events... INFO
2025-12-14 12:11:49,728 - System.tprint - INFO - ℹ️ ⚖️ Computing uniqueness weights for 9018 events... INFO
[2025-12-14 12:11:49.741] ✅ Uniqueness weights computed. Mean: 1.0000, Min: 0.4373, Max: 1.3120 SUCCESS
2025-12-14 12:11:49,741 - System.tprint - INFO - ℹ️ ✅ Uniqueness weights computed. Mean: 1.0000, Min: 0.4373, Max: 1.3120 SUCCESS
[I 2025-12-14 12:11:50,655] Trial 396 finished with value: -0.0008138618745646819 and parameters: {'trail_distance_atr_mult': 1.0903288312684274}. Best is trial 126 with value: -0.000363295272717509.
[2025-12-14 12:11:52.040] ⚖️ Computing uniqueness weights for 9018 events... INFO
2025-12-14 12:11:52,040 - System.tprint - INFO - ℹ️ ⚖️ Computing uniqueness weights for 9018 events... INFO
[2025-12-14 12:11:52.051] ✅ Uniqueness weights computed. Mean: 1.0000, Min: 0.4374, Max: 1.3121 SUCCESS
2025-12-14 12:11:52,052 - System.tprint - INFO - ℹ️ ✅ Uniqueness weights computed. Mean: 1.0000, Min: 0.4374, Max: 1.3121 SUCCESS
[I 2025-12-14 12:11:52,942] Trial 397 finished with value: -0.0077023191542858254 and parameters: {'trail_distance_atr_mult': 1.1445415155274299}. Best is trial 126 with value: -0.000363295272717509.
[2025-12-14 12:11:54.394] ⚖️ Computing uniqueness weights for 9018 events... INFO
2025-12-14 12:11:54,394 - System.tprint - INFO - ℹ️ ⚖️ Computing uniqueness weights for 9018 events... INFO
[2025-12-14 12:11:54.407] ✅ Uniqueness weights computed. Mean: 1.0000, Min: 0.4373, Max: 1.3119 SUCCESS
2025-12-14 12:11:54,407 - System.tprint - INFO - ℹ️ ✅ Uniqueness weights computed. Mean: 1.0000, Min: 0.4373, Max: 1.3119 SUCCESS
[I 2025-12-14 12:11:55,275] Trial 398 finished with value: -0.007527227827979046 and parameters: {'trail_distance_atr_mult': 1.0395267620181983}. Best is trial 126 with value: -0.000363295272717509.
[2025-12-14 12:11:56.678] ⚖️ Computing uniqueness weights for 9018 events... INFO
2025-12-14 12:11:56,679 - System.tprint - INFO - ℹ️ ⚖️ Computing uniqueness weights for 9018 events... INFO
[2025-12-14 12:11:56.690] ✅ Uniqueness weights computed. Mean: 1.0000, Min: 0.4373, Max: 1.3119 SUCCESS
2025-12-14 12:11:56,690 - System.tprint - INFO - ℹ️ ✅ Uniqueness weights computed. Mean: 1.0000, Min: 0.4373, Max: 1.3119 SUCCESS
[I 2025-12-14 12:11:57,573] Trial 399 finished with value: -0.003084680139845522 and parameters: {'trail_distance_atr_mult': 1.01872229125525}. Best is trial 126 with value: -0.000363295272717509.
[2025-12-14 12:11:59.084] ⚖️ Computing uniqueness weights for 9018 events... INFO
2025-12-14 12:11:59,084 - System.tprint - INFO - ℹ️ ⚖️ Computing uniqueness weights for 9018 events... INFO
[2025-12-14 12:11:59.095] ✅ Uniqueness weights computed. Mean: 1.0000, Min: 0.4373, Max: 1.3120 SUCCESS
2025-12-14 12:11:59,095 - System.tprint - INFO - ℹ️ ✅ Uniqueness weights computed. Mean: 1.0000, Min: 0.4373, Max: 1.3120 SUCCESS
[I 2025-12-14 12:12:00,027] Trial 400 finished with value: -0.007816488118248149 and parameters: {'trail_distance_atr_mult': 1.1189607869077425}. Best is trial 126 with value: -0.000363295272717509.
[2025-12-14 12:12:01.522] ⚖️ Computing uniqueness weights for 9018 events... INFO
2025-12-14 12:12:01,523 - System.tprint - INFO - ℹ️ ⚖️ Computing uniqueness weights for 9018 events... INFO
[2025-12-14 12:12:01.535] ✅ Uniqueness weights computed. Mean: 1.0000, Min: 0.4373, Max: 1.3120 SUCCESS
2025-12-14 12:12:01,535 - System.tprint - INFO - ℹ️ ✅ Uniqueness weights computed. Mean: 1.0000, Min: 0.4373, Max: 1.3120 SUCCESS
[I 2025-12-14 12:12:02,414] Trial 401 finished with value: -0.0008138617411972332 and parameters: {'trail_distance_atr_mult': 1.0923318078465367}. Best is trial 126 with value: -0.000363295272717509.
[2025-12-14 12:12:03.808] ⚖️ Computing uniqueness weights for 9018 events... INFO
2025-12-14 12:12:03,808 - System.tprint - INFO - ℹ️ ⚖️ Computing uniqueness weights for 9018 events... INFO
[2025-12-14 12:12:03.818] ✅ Uniqueness weights computed. Mean: 1.0000, Min: 0.4373, Max: 1.3118 SUCCESS
2025-12-14 12:12:03,818 - System.tprint - INFO - ℹ️ ✅ Uniqueness weights computed. Mean: 1.0000, Min: 0.4373, Max: 1.3118 SUCCESS
[I 2025-12-14 12:12:04,695] Trial 402 finished with value: -0.006778408044577148 and parameters: {'trail_distance_atr_mult': 0.9420453597103349}. Best is trial 126 with value: -0.000363295272717509.
[2025-12-14 12:12:06.093] ⚖️ Computing uniqueness weights for 9018 events... INFO
2025-12-14 12:12:06,093 - System.tprint - INFO - ℹ️ ⚖️ Computing uniqueness weights for 9018 events... INFO
[2025-12-14 12:12:06.106] ✅ Uniqueness weights computed. Mean: 1.0000, Min: 0.4373, Max: 1.3119 SUCCESS
2025-12-14 12:12:06,106 - System.tprint - INFO - ℹ️ ✅ Uniqueness weights computed. Mean: 1.0000, Min: 0.4373, Max: 1.3119 SUCCESS
[I 2025-12-14 12:12:07,059] Trial 403 finished with value: -0.003084677014101431 and parameters: {'trail_distance_atr_mult': 1.014507259157852}. Best is trial 126 with value: -0.000363295272717509.
[2025-12-14 12:12:08.447] ⚖️ Computing uniqueness weights for 9018 events... INFO
2025-12-14 12:12:08,447 - System.tprint - INFO - ℹ️ ⚖️ Computing uniqueness weights for 9018 events... INFO
[2025-12-14 12:12:08.458] ✅ Uniqueness weights computed. Mean: 1.0000, Min: 0.4373, Max: 1.3120 SUCCESS
2025-12-14 12:12:08,458 - System.tprint - INFO - ℹ️ ✅ Uniqueness weights computed. Mean: 1.0000, Min: 0.4373, Max: 1.3120 SUCCESS
[I 2025-12-14 12:12:09,344] Trial 404 finished with value: -0.007816488150347484 and parameters: {'trail_distance_atr_mult': 1.1218345396946128}. Best is trial 126 with value: -0.000363295272717509.
[2025-12-14 12:12:10.753] ⚖️ Computing uniqueness weights for 9018 events... INFO
2025-12-14 12:12:10,753 - System.tprint - INFO - ℹ️ ⚖️ Computing uniqueness weights for 9018 events... INFO
[2025-12-14 12:12:10.763] ✅ Uniqueness weights computed. Mean: 1.0000, Min: 0.4373, Max: 1.3120 SUCCESS
2025-12-14 12:12:10,763 - System.tprint - INFO - ℹ️ ✅ Uniqueness weights computed. Mean: 1.0000, Min: 0.4373, Max: 1.3120 SUCCESS
[I 2025-12-14 12:12:11,644] Trial 405 finished with value: -0.00772518342176721 and parameters: {'trail_distance_atr_mult': 1.1318550429333367}. Best is trial 126 with value: -0.000363295272717509.
[2025-12-14 12:12:13.032] ⚖️ Computing uniqueness weights for 9018 events... INFO
2025-12-14 12:12:13,032 - System.tprint - INFO - ℹ️ ⚖️ Computing uniqueness weights for 9018 events... INFO
[2025-12-14 12:12:13.043] ✅ Uniqueness weights computed. Mean: 1.0000, Min: 0.4374, Max: 1.3121 SUCCESS
2025-12-14 12:12:13,043 - System.tprint - INFO - ℹ️ ✅ Uniqueness weights computed. Mean: 1.0000, Min: 0.4374, Max: 1.3121 SUCCESS
[I 2025-12-14 12:12:13,925] Trial 406 finished with value: -0.0070945260324104115 and parameters: {'trail_distance_atr_mult': 1.172427972146023}. Best is trial 126 with value: -0.000363295272717509.
[2025-12-14 12:12:15.309] ⚖️ Computing uniqueness weights for 9018 events... INFO
2025-12-14 12:12:15,309 - System.tprint - INFO - ℹ️ ⚖️ Computing uniqueness weights for 9018 events... INFO
[2025-12-14 12:12:15.321] ✅ Uniqueness weights computed. Mean: 1.0000, Min: 0.4375, Max: 1.3124 SUCCESS
2025-12-14 12:12:15,321 - System.tprint - INFO - ℹ️ ✅ Uniqueness weights computed. Mean: 1.0000, Min: 0.4375, Max: 1.3124 SUCCESS
[I 2025-12-14 12:12:16,197] Trial 407 finished with value: -0.005687976587267489 and parameters: {'trail_distance_atr_mult': 1.2790505539438688}. Best is trial 126 with value: -0.000363295272717509.
[2025-12-14 12:12:17.595] ⚖️ Computing uniqueness weights for 9018 events... INFO
2025-12-14 12:12:17,595 - System.tprint - INFO - ℹ️ ⚖️ Computing uniqueness weights for 9018 events... INFO
[2025-12-14 12:12:17.606] ✅ Uniqueness weights computed. Mean: 1.0000, Min: 0.4374, Max: 1.3123 SUCCESS
2025-12-14 12:12:17,607 - System.tprint - INFO - ℹ️ ✅ Uniqueness weights computed. Mean: 1.0000, Min: 0.4374, Max: 1.3123 SUCCESS
[I 2025-12-14 12:12:18,479] Trial 408 finished with value: -0.004494404840422179 and parameters: {'trail_distance_atr_mult': 1.2393462420238566}. Best is trial 126 with value: -0.000363295272717509.
[2025-12-14 12:12:19.875] ⚖️ Computing uniqueness weights for 9018 events... INFO
2025-12-14 12:12:19,875 - System.tprint - INFO - ℹ️ ⚖️ Computing uniqueness weights for 9018 events... INFO
[2025-12-14 12:12:19.885] ✅ Uniqueness weights computed. Mean: 1.0000, Min: 0.4375, Max: 1.3124 SUCCESS
2025-12-14 12:12:19,885 - System.tprint - INFO - ℹ️ ✅ Uniqueness weights computed. Mean: 1.0000, Min: 0.4375, Max: 1.3124 SUCCESS
[I 2025-12-14 12:12:20,860] Trial 409 finished with value: -0.002268537251917237 and parameters: {'trail_distance_atr_mult': 1.258823037864367}. Best is trial 126 with value: -0.000363295272717509.
[2025-12-14 12:12:22.271] ⚖️ Computing uniqueness weights for 9018 events... INFO
2025-12-14 12:12:22,271 - System.tprint - INFO - ℹ️ ⚖️ Computing uniqueness weights for 9018 events... INFO
[2025-12-14 12:12:22.283] ✅ Uniqueness weights computed. Mean: 1.0000, Min: 0.4374, Max: 1.3121 SUCCESS
2025-12-14 12:12:22,283 - System.tprint - INFO - ℹ️ ✅ Uniqueness weights computed. Mean: 1.0000, Min: 0.4374, Max: 1.3121 SUCCESS
[I 2025-12-14 12:12:23,170] Trial 410 finished with value: -0.007702208092714389 and parameters: {'trail_distance_atr_mult': 1.1382647416684875}. Best is trial 126 with value: -0.000363295272717509.
[2025-12-14 12:12:24.562] ⚖️ Computing uniqueness weights for 9018 events... INFO
2025-12-14 12:12:24,562 - System.tprint - INFO - ℹ️ ⚖️ Computing uniqueness weights for 9018 events... INFO
[2025-12-14 12:12:24.574] ✅ Uniqueness weights computed. Mean: 1.0000, Min: 0.4374, Max: 1.3122 SUCCESS
2025-12-14 12:12:24,574 - System.tprint - INFO - ℹ️ ✅ Uniqueness weights computed. Mean: 1.0000, Min: 0.4374, Max: 1.3122 SUCCESS
[I 2025-12-14 12:12:25,456] Trial 411 finished with value: -0.003687423310802339 and parameters: {'trail_distance_atr_mult': 1.2206075079081473}. Best is trial 126 with value: -0.000363295272717509.
[2025-12-14 12:12:26.905] ⚖️ Computing uniqueness weights for 9018 events... INFO
2025-12-14 12:12:26,906 - System.tprint - INFO - ℹ️ ⚖️ Computing uniqueness weights for 9018 events... INFO
[2025-12-14 12:12:26.918] ✅ Uniqueness weights computed. Mean: 1.0000, Min: 0.4374, Max: 1.3123 SUCCESS
2025-12-14 12:12:26,918 - System.tprint - INFO - ℹ️ ✅ Uniqueness weights computed. Mean: 1.0000, Min: 0.4374, Max: 1.3123 SUCCESS
[I 2025-12-14 12:12:27,795] Trial 412 finished with value: -0.004494424503893985 and parameters: {'trail_distance_atr_mult': 1.2356647198326254}. Best is trial 126 with value: -0.000363295272717509.
[2025-12-14 12:12:29.182] ⚖️ Computing uniqueness weights for 9018 events... INFO
2025-12-14 12:12:29,182 - System.tprint - INFO - ℹ️ ⚖️ Computing uniqueness weights for 9018 events... INFO
[2025-12-14 12:12:29.193] ✅ Uniqueness weights computed. Mean: 1.0000, Min: 0.4372, Max: 1.3117 SUCCESS
2025-12-14 12:12:29,193 - System.tprint - INFO - ℹ️ ✅ Uniqueness weights computed. Mean: 1.0000, Min: 0.4372, Max: 1.3117 SUCCESS
[I 2025-12-14 12:12:30,060] Trial 413 finished with value: -0.006747770741796807 and parameters: {'trail_distance_atr_mult': 0.7604882491194791}. Best is trial 126 with value: -0.000363295272717509.
[2025-12-14 12:12:31.454] ⚖️ Computing uniqueness weights for 9018 events... INFO
2025-12-14 12:12:31,455 - System.tprint - INFO - ℹ️ ⚖️ Computing uniqueness weights for 9018 events... INFO
[2025-12-14 12:12:31.466] ✅ Uniqueness weights computed. Mean: 1.0000, Min: 0.4375, Max: 1.3124 SUCCESS
2025-12-14 12:12:31,466 - System.tprint - INFO - ℹ️ ✅ Uniqueness weights computed. Mean: 1.0000, Min: 0.4375, Max: 1.3124 SUCCESS
[I 2025-12-14 12:12:32,414] Trial 414 finished with value: -0.005687320838358446 and parameters: {'trail_distance_atr_mult': 1.2820852223642958}. Best is trial 126 with value: -0.000363295272717509.
[2025-12-14 12:12:33.793] ⚖️ Computing uniqueness weights for 9018 events... INFO
2025-12-14 12:12:33,794 - System.tprint - INFO - ℹ️ ⚖️ Computing uniqueness weights for 9018 events... INFO
[2025-12-14 12:12:33.805] ✅ Uniqueness weights computed. Mean: 1.0000, Min: 0.4375, Max: 1.3124 SUCCESS
2025-12-14 12:12:33,805 - System.tprint - INFO - ℹ️ ✅ Uniqueness weights computed. Mean: 1.0000, Min: 0.4375, Max: 1.3124 SUCCESS
[I 2025-12-14 12:12:34,682] Trial 415 finished with value: -0.00323735613476089 and parameters: {'trail_distance_atr_mult': 1.3147343869257737}. Best is trial 126 with value: -0.000363295272717509.
[2025-12-14 12:12:36.079] ⚖️ Computing uniqueness weights for 9018 events... INFO
2025-12-14 12:12:36,079 - System.tprint - INFO - ℹ️ ⚖️ Computing uniqueness weights for 9018 events... INFO
[2025-12-14 12:12:36.090] ✅ Uniqueness weights computed. Mean: 1.0000, Min: 0.4375, Max: 1.3124 SUCCESS
2025-12-14 12:12:36,090 - System.tprint - INFO - ℹ️ ✅ Uniqueness weights computed. Mean: 1.0000, Min: 0.4375, Max: 1.3124 SUCCESS
[I 2025-12-14 12:12:36,982] Trial 416 finished with value: -0.00323737094683398 and parameters: {'trail_distance_atr_mult': 1.3296991089708459}. Best is trial 126 with value: -0.000363295272717509.
[2025-12-14 12:12:38.414] ⚖️ Computing uniqueness weights for 9018 events... INFO
2025-12-14 12:12:38,415 - System.tprint - INFO - ℹ️ ⚖️ Computing uniqueness weights for 9018 events... INFO
[2025-12-14 12:12:38.426] ✅ Uniqueness weights computed. Mean: 1.0000, Min: 0.4375, Max: 1.3125 SUCCESS
2025-12-14 12:12:38,426 - System.tprint - INFO - ℹ️ ✅ Uniqueness weights computed. Mean: 1.0000, Min: 0.4375, Max: 1.3125 SUCCESS
[I 2025-12-14 12:12:39,319] Trial 417 finished with value: -0.0029956655735105045 and parameters: {'trail_distance_atr_mult': 1.3589002833702246}. Best is trial 126 with value: -0.000363295272717509.
[2025-12-14 12:12:40.710] ⚖️ Computing uniqueness weights for 9018 events... INFO
2025-12-14 12:12:40,710 - System.tprint - INFO - ℹ️ ⚖️ Computing uniqueness weights for 9018 events... INFO
[2025-12-14 12:12:40.721] ✅ Uniqueness weights computed. Mean: 1.0000, Min: 0.4375, Max: 1.3125 SUCCESS
2025-12-14 12:12:40,721 - System.tprint - INFO - ℹ️ ✅ Uniqueness weights computed. Mean: 1.0000, Min: 0.4375, Max: 1.3125 SUCCESS
[I 2025-12-14 12:12:41,605] Trial 418 finished with value: -0.003947782244324836 and parameters: {'trail_distance_atr_mult': 1.4350467537553286}. Best is trial 126 with value: -0.000363295272717509.
[2025-12-14 12:12:42.991] ⚖️ Computing uniqueness weights for 9018 events... INFO
2025-12-14 12:12:42,991 - System.tprint - INFO - ℹ️ ⚖️ Computing uniqueness weights for 9018 events... INFO
[2025-12-14 12:12:43.003] ✅ Uniqueness weights computed. Mean: 1.0000, Min: 0.4373, Max: 1.3119 SUCCESS
2025-12-14 12:12:43,003 - System.tprint - INFO - ℹ️ ✅ Uniqueness weights computed. Mean: 1.0000, Min: 0.4373, Max: 1.3119 SUCCESS
