[I 2025-12-14 13:05:26,383] Trial 1854 finished with value: -0.0016915053009129268 and parameters: {'trail_distance_atr_mult': 1.1349311925747525}. Best is trial 126 with value: -0.000363295272717509.
[2025-12-14 13:05:27.587] ⚖️ Computing uniqueness weights for 9018 events... INFO
2025-12-14 13:05:27,587 - System.tprint - INFO - ℹ️ ⚖️ Computing uniqueness weights for 9018 events... INFO
[2025-12-14 13:05:27.597] ✅ Uniqueness weights computed. Mean: 1.0000, Min: 0.4373, Max: 1.3118 SUCCESS
2025-12-14 13:05:27,597 - System.tprint - INFO - ℹ️ ✅ Uniqueness weights computed. Mean: 1.0000, Min: 0.4373, Max: 1.3118 SUCCESS
[I 2025-12-14 13:05:28,281] Trial 1855 finished with value: -0.006778403057657201 and parameters: {'trail_distance_atr_mult': 0.9390859150014355}. Best is trial 126 with value: -0.000363295272717509.
[2025-12-14 13:05:29.468] ⚖️ Computing uniqueness weights for 9018 events... INFO
2025-12-14 13:05:29,468 - System.tprint - INFO - ℹ️ ⚖️ Computing uniqueness weights for 9018 events... INFO
[2025-12-14 13:05:29.478] ✅ Uniqueness weights computed. Mean: 1.0000, Min: 0.4374, Max: 1.3121 SUCCESS
2025-12-14 13:05:29,478 - System.tprint - INFO - ℹ️ ✅ Uniqueness weights computed. Mean: 1.0000, Min: 0.4374, Max: 1.3121 SUCCESS
[I 2025-12-14 13:05:30,135] Trial 1856 finished with value: -0.00744586929514088 and parameters: {'trail_distance_atr_mult': 1.1673537440681123}. Best is trial 126 with value: -0.000363295272717509.
[2025-12-14 13:05:31.317] ⚖️ Computing uniqueness weights for 9018 events... INFO
2025-12-14 13:05:31,317 - System.tprint - INFO - ℹ️ ⚖️ Computing uniqueness weights for 9018 events... INFO
[2025-12-14 13:05:31.326] ✅ Uniqueness weights computed. Mean: 1.0000, Min: 0.4373, Max: 1.3118 SUCCESS
2025-12-14 13:05:31,327 - System.tprint - INFO - ℹ️ ✅ Uniqueness weights computed. Mean: 1.0000, Min: 0.4373, Max: 1.3118 SUCCESS
[I 2025-12-14 13:05:31,990] Trial 1857 finished with value: -0.006778399876992926 and parameters: {'trail_distance_atr_mult': 0.9372094870416416}. Best is trial 126 with value: -0.000363295272717509.
[2025-12-14 13:05:33.180] ⚖️ Computing uniqueness weights for 9018 events... INFO
2025-12-14 13:05:33,180 - System.tprint - INFO - ℹ️ ⚖️ Computing uniqueness weights for 9018 events... INFO
[2025-12-14 13:05:33.190] ✅ Uniqueness weights computed. Mean: 1.0000, Min: 0.4374, Max: 1.3121 SUCCESS
2025-12-14 13:05:33,190 - System.tprint - INFO - ℹ️ ✅ Uniqueness weights computed. Mean: 1.0000, Min: 0.4374, Max: 1.3121 SUCCESS
[I 2025-12-14 13:05:33,854] Trial 1858 finished with value: -0.0077012727274056135 and parameters: {'trail_distance_atr_mult': 1.1517441209737336}. Best is trial 126 with value: -0.000363295272717509.
[2025-12-14 13:05:35.057] ⚖️ Computing uniqueness weights for 9018 events... INFO
2025-12-14 13:05:35,057 - System.tprint - INFO - ℹ️ ⚖️ Computing uniqueness weights for 9018 events... INFO
[2025-12-14 13:05:35.067] ✅ Uniqueness weights computed. Mean: 1.0000, Min: 0.4375, Max: 1.3124 SUCCESS
2025-12-14 13:05:35,067 - System.tprint - INFO - ℹ️ ✅ Uniqueness weights computed. Mean: 1.0000, Min: 0.4375, Max: 1.3124 SUCCESS
[I 2025-12-14 13:05:35,726] Trial 1859 finished with value: -0.005688500615882052 and parameters: {'trail_distance_atr_mult': 1.2765903530578986}. Best is trial 126 with value: -0.000363295272717509.
[2025-12-14 13:05:36.921] ⚖️ Computing uniqueness weights for 9018 events... INFO
2025-12-14 13:05:36,921 - System.tprint - INFO - ℹ️ ⚖️ Computing uniqueness weights for 9018 events... INFO
[2025-12-14 13:05:36.931] ✅ Uniqueness weights computed. Mean: 1.0000, Min: 0.4373, Max: 1.3118 SUCCESS
2025-12-14 13:05:36,931 - System.tprint - INFO - ℹ️ ✅ Uniqueness weights computed. Mean: 1.0000, Min: 0.4373, Max: 1.3118 SUCCESS
[I 2025-12-14 13:05:37,594] Trial 1860 finished with value: -0.007247618266787334 and parameters: {'trail_distance_atr_mult': 0.9592999001571793}. Best is trial 126 with value: -0.000363295272717509.
[2025-12-14 13:05:38.786] ⚖️ Computing uniqueness weights for 9018 events... INFO
2025-12-14 13:05:38,786 - System.tprint - INFO - ℹ️ ⚖️ Computing uniqueness weights for 9018 events... INFO
[2025-12-14 13:05:38.796] ✅ Uniqueness weights computed. Mean: 1.0000, Min: 0.4374, Max: 1.3121 SUCCESS
2025-12-14 13:05:38,796 - System.tprint - INFO - ℹ️ ✅ Uniqueness weights computed. Mean: 1.0000, Min: 0.4374, Max: 1.3121 SUCCESS
[I 2025-12-14 13:05:39,526] Trial 1861 finished with value: -0.007701255151915835 and parameters: {'trail_distance_atr_mult': 1.154900105365013}. Best is trial 126 with value: -0.000363295272717509.
[2025-12-14 13:05:40.724] ⚖️ Computing uniqueness weights for 9018 events... INFO
2025-12-14 13:05:40,725 - System.tprint - INFO - ℹ️ ⚖️ Computing uniqueness weights for 9018 events... INFO
[2025-12-14 13:05:40.735] ✅ Uniqueness weights computed. Mean: 1.0000, Min: 0.4373, Max: 1.3118 SUCCESS
2025-12-14 13:05:40,735 - System.tprint - INFO - ℹ️ ✅ Uniqueness weights computed. Mean: 1.0000, Min: 0.4373, Max: 1.3118 SUCCESS
[I 2025-12-14 13:05:41,398] Trial 1862 finished with value: -0.006778383784394668 and parameters: {'trail_distance_atr_mult': 0.9278067537179414}. Best is trial 126 with value: -0.000363295272717509.
[2025-12-14 13:05:42.588] ⚖️ Computing uniqueness weights for 9018 events... INFO
2025-12-14 13:05:42,588 - System.tprint - INFO - ℹ️ ⚖️ Computing uniqueness weights for 9018 events... INFO
[2025-12-14 13:05:42.598] ✅ Uniqueness weights computed. Mean: 1.0000, Min: 0.4375, Max: 1.3124 SUCCESS
2025-12-14 13:05:42,598 - System.tprint - INFO - ℹ️ ✅ Uniqueness weights computed. Mean: 1.0000, Min: 0.4375, Max: 1.3124 SUCCESS
[I 2025-12-14 13:05:43,396] Trial 1863 finished with value: -0.0032373665539936224 and parameters: {'trail_distance_atr_mult': 1.350899072024982}. Best is trial 126 with value: -0.000363295272717509.
[2025-12-14 13:05:44.777] ⚖️ Computing uniqueness weights for 9018 events... INFO
2025-12-14 13:05:44,777 - System.tprint - INFO - ℹ️ ⚖️ Computing uniqueness weights for 9018 events... INFO
[2025-12-14 13:05:44.788] ✅ Uniqueness weights computed. Mean: 1.0000, Min: 0.4374, Max: 1.3121 SUCCESS
2025-12-14 13:05:44,788 - System.tprint - INFO - ℹ️ ✅ Uniqueness weights computed. Mean: 1.0000, Min: 0.4374, Max: 1.3121 SUCCESS
[I 2025-12-14 13:05:46,175] Trial 1864 finished with value: -0.0016915055727733468 and parameters: {'trail_distance_atr_mult': 1.1345589941145984}. Best is trial 126 with value: -0.000363295272717509.
[2025-12-14 13:05:47.733] ⚖️ Computing uniqueness weights for 9018 events... INFO
2025-12-14 13:05:47,733 - System.tprint - INFO - ℹ️ ⚖️ Computing uniqueness weights for 9018 events... INFO
[2025-12-14 13:05:47.744] ✅ Uniqueness weights computed. Mean: 1.0000, Min: 0.4373, Max: 1.3118 SUCCESS
2025-12-14 13:05:47,744 - System.tprint - INFO - ℹ️ ✅ Uniqueness weights computed. Mean: 1.0000, Min: 0.4373, Max: 1.3118 SUCCESS
[I 2025-12-14 13:05:48,385] Trial 1865 finished with value: -0.006888955671500963 and parameters: {'trail_distance_atr_mult': 0.920174317994233}. Best is trial 126 with value: -0.000363295272717509.
[2025-12-14 13:05:49.609] ⚖️ Computing uniqueness weights for 9018 events... INFO
2025-12-14 13:05:49,609 - System.tprint - INFO - ℹ️ ⚖️ Computing uniqueness weights for 9018 events... INFO
[2025-12-14 13:05:49.619] ✅ Uniqueness weights computed. Mean: 1.0000, Min: 0.4373, Max: 1.3120 SUCCESS
2025-12-14 13:05:49,620 - System.tprint - INFO - ℹ️ ✅ Uniqueness weights computed. Mean: 1.0000, Min: 0.4373, Max: 1.3120 SUCCESS
[I 2025-12-14 13:05:50,332] Trial 1866 finished with value: -0.007816488210040476 and parameters: {'trail_distance_atr_mult': 1.12403129029472}. Best is trial 126 with value: -0.000363295272717509.
[2025-12-14 13:05:51.538] ⚖️ Computing uniqueness weights for 9018 events... INFO
2025-12-14 13:05:51,538 - System.tprint - INFO - ℹ️ ⚖️ Computing uniqueness weights for 9018 events... INFO
[2025-12-14 13:05:51.547] ✅ Uniqueness weights computed. Mean: 1.0000, Min: 0.4375, Max: 1.3124 SUCCESS
2025-12-14 13:05:51,548 - System.tprint - INFO - ℹ️ ✅ Uniqueness weights computed. Mean: 1.0000, Min: 0.4375, Max: 1.3124 SUCCESS
[I 2025-12-14 13:05:52,207] Trial 1867 finished with value: -0.003237370414667884 and parameters: {'trail_distance_atr_mult': 1.3308820382891065}. Best is trial 126 with value: -0.000363295272717509.
[2025-12-14 13:05:53.402] ⚖️ Computing uniqueness weights for 9018 events... INFO
2025-12-14 13:05:53,402 - System.tprint - INFO - ℹ️ ⚖️ Computing uniqueness weights for 9018 events... INFO
[2025-12-14 13:05:53.411] ✅ Uniqueness weights computed. Mean: 1.0000, Min: 0.4373, Max: 1.3118 SUCCESS
2025-12-14 13:05:53,411 - System.tprint - INFO - ℹ️ ✅ Uniqueness weights computed. Mean: 1.0000, Min: 0.4373, Max: 1.3118 SUCCESS
[I 2025-12-14 13:05:54,088] Trial 1868 finished with value: -0.006778388457922084 and parameters: {'trail_distance_atr_mult': 0.9305209876262228}. Best is trial 126 with value: -0.000363295272717509.
[2025-12-14 13:05:55.333] ⚖️ Computing uniqueness weights for 9018 events... INFO
2025-12-14 13:05:55,333 - System.tprint - INFO - ℹ️ ⚖️ Computing uniqueness weights for 9018 events... INFO
[2025-12-14 13:05:55.343] ✅ Uniqueness weights computed. Mean: 1.0000, Min: 0.4374, Max: 1.3121 SUCCESS
2025-12-14 13:05:55,343 - System.tprint - INFO - ℹ️ ✅ Uniqueness weights computed. Mean: 1.0000, Min: 0.4374, Max: 1.3121 SUCCESS
[I 2025-12-14 13:05:56,017] Trial 1869 finished with value: -0.0077023283285919605 and parameters: {'trail_distance_atr_mult': 1.14281857283976}. Best is trial 126 with value: -0.000363295272717509.
[2025-12-14 13:05:57.217] ⚖️ Computing uniqueness weights for 9018 events... INFO
2025-12-14 13:05:57,218 - System.tprint - INFO - ℹ️ ⚖️ Computing uniqueness weights for 9018 events... INFO
[2025-12-14 13:05:57.227] ✅ Uniqueness weights computed. Mean: 1.0000, Min: 0.4373, Max: 1.3118 SUCCESS
2025-12-14 13:05:57,227 - System.tprint - INFO - ℹ️ ✅ Uniqueness weights computed. Mean: 1.0000, Min: 0.4373, Max: 1.3118 SUCCESS
[I 2025-12-14 13:05:57,889] Trial 1870 finished with value: -0.00673483528728179 and parameters: {'trail_distance_atr_mult': 0.8613651556703924}. Best is trial 126 with value: -0.000363295272717509.
[2025-12-14 13:05:59.132] ⚖️ Computing uniqueness weights for 9018 events... INFO
2025-12-14 13:05:59,132 - System.tprint - INFO - ℹ️ ⚖️ Computing uniqueness weights for 9018 events... INFO
[2025-12-14 13:05:59.143] ✅ Uniqueness weights computed. Mean: 1.0000, Min: 0.4375, Max: 1.3124 SUCCESS
2025-12-14 13:05:59,143 - System.tprint - INFO - ℹ️ ✅ Uniqueness weights computed. Mean: 1.0000, Min: 0.4375, Max: 1.3124 SUCCESS
[I 2025-12-14 13:05:59,927] Trial 1871 finished with value: -0.0032373763890425084 and parameters: {'trail_distance_atr_mult': 1.3199905830151946}. Best is trial 126 with value: -0.000363295272717509.
[2025-12-14 13:06:01.237] ⚖️ Computing uniqueness weights for 9018 events... INFO
2025-12-14 13:06:01,237 - System.tprint - INFO - ℹ️ ⚖️ Computing uniqueness weights for 9018 events... INFO
[2025-12-14 13:06:01.248] ✅ Uniqueness weights computed. Mean: 1.0000, Min: 0.4373, Max: 1.3120 SUCCESS
2025-12-14 13:06:01,248 - System.tprint - INFO - ℹ️ ✅ Uniqueness weights computed. Mean: 1.0000, Min: 0.4373, Max: 1.3120 SUCCESS
[I 2025-12-14 13:06:01,948] Trial 1872 finished with value: -0.007582018936514589 and parameters: {'trail_distance_atr_mult': 1.0788324531461504}. Best is trial 126 with value: -0.000363295272717509.
[2025-12-14 13:06:03.151] ⚖️ Computing uniqueness weights for 9018 events... INFO
2025-12-14 13:06:03,151 - System.tprint - INFO - ℹ️ ⚖️ Computing uniqueness weights for 9018 events... INFO
[2025-12-14 13:06:03.160] ✅ Uniqueness weights computed. Mean: 1.0000, Min: 0.4373, Max: 1.3118 SUCCESS
2025-12-14 13:06:03,160 - System.tprint - INFO - ℹ️ ✅ Uniqueness weights computed. Mean: 1.0000, Min: 0.4373, Max: 1.3118 SUCCESS
[I 2025-12-14 13:06:03,808] Trial 1873 finished with value: -0.006721209823579366 and parameters: {'trail_distance_atr_mult': 0.906241436670065}. Best is trial 126 with value: -0.000363295272717509.
[2025-12-14 13:06:05.007] ⚖️ Computing uniqueness weights for 9018 events... INFO
2025-12-14 13:06:05,007 - System.tprint - INFO - ℹ️ ⚖️ Computing uniqueness weights for 9018 events... INFO
[2025-12-14 13:06:05.018] ✅ Uniqueness weights computed. Mean: 1.0000, Min: 0.4374, Max: 1.3121 SUCCESS
2025-12-14 13:06:05,018 - System.tprint - INFO - ℹ️ ✅ Uniqueness weights computed. Mean: 1.0000, Min: 0.4374, Max: 1.3121 SUCCESS
[I 2025-12-14 13:06:05,668] Trial 1874 finished with value: -0.007702341256552159 and parameters: {'trail_distance_atr_mult': 1.1403985673053376}. Best is trial 126 with value: -0.000363295272717509.
[2025-12-14 13:06:06.853] ⚖️ Computing uniqueness weights for 9018 events... INFO
2025-12-14 13:06:06,853 - System.tprint - INFO - ℹ️ ⚖️ Computing uniqueness weights for 9018 events... INFO
[2025-12-14 13:06:06.861] ✅ Uniqueness weights computed. Mean: 1.0000, Min: 0.4375, Max: 1.3124 SUCCESS
2025-12-14 13:06:06,861 - System.tprint - INFO - ℹ️ ✅ Uniqueness weights computed. Mean: 1.0000, Min: 0.4375, Max: 1.3124 SUCCESS
[I 2025-12-14 13:06:07,525] Trial 1875 finished with value: -0.003237370875293151 and parameters: {'trail_distance_atr_mult': 1.3297918985715236}. Best is trial 126 with value: -0.000363295272717509.
[2025-12-14 13:06:08.726] ⚖️ Computing uniqueness weights for 9018 events... INFO
2025-12-14 13:06:08,727 - System.tprint - INFO - ℹ️ ⚖️ Computing uniqueness weights for 9018 events... INFO
[2025-12-14 13:06:08.736] ✅ Uniqueness weights computed. Mean: 1.0000, Min: 0.4373, Max: 1.3118 SUCCESS
2025-12-14 13:06:08,736 - System.tprint - INFO - ℹ️ ✅ Uniqueness weights computed. Mean: 1.0000, Min: 0.4373, Max: 1.3118 SUCCESS
[I 2025-12-14 13:06:09,393] Trial 1876 finished with value: -0.006758317879439762 and parameters: {'trail_distance_atr_mult': 0.9649091216261639}. Best is trial 126 with value: -0.000363295272717509.
[2025-12-14 13:06:10.632] ⚖️ Computing uniqueness weights for 9018 events... INFO
2025-12-14 13:06:10,633 - System.tprint - INFO - ℹ️ ⚖️ Computing uniqueness weights for 9018 events... INFO
[2025-12-14 13:06:10.644] ✅ Uniqueness weights computed. Mean: 1.0000, Min: 0.4373, Max: 1.3120 SUCCESS
2025-12-14 13:06:10,644 - System.tprint - INFO - ℹ️ ✅ Uniqueness weights computed. Mean: 1.0000, Min: 0.4373, Max: 1.3120 SUCCESS
[I 2025-12-14 13:06:11,374] Trial 1877 finished with value: -0.0078164879928027 and parameters: {'trail_distance_atr_mult': 1.1178917247411895}. Best is trial 126 with value: -0.000363295272717509.
[2025-12-14 13:06:12.588] ⚖️ Computing uniqueness weights for 9018 events... INFO
2025-12-14 13:06:12,589 - System.tprint - INFO - ℹ️ ⚖️ Computing uniqueness weights for 9018 events... INFO
[2025-12-14 13:06:12.599] ✅ Uniqueness weights computed. Mean: 1.0000, Min: 0.4373, Max: 1.3118 SUCCESS
2025-12-14 13:06:12,599 - System.tprint - INFO - ℹ️ ✅ Uniqueness weights computed. Mean: 1.0000, Min: 0.4373, Max: 1.3118 SUCCESS
[I 2025-12-14 13:06:13,263] Trial 1878 finished with value: -0.006804524011638693 and parameters: {'trail_distance_atr_mult': 0.8303878782495309}. Best is trial 126 with value: -0.000363295272717509.
[2025-12-14 13:06:14.464] ⚖️ Computing uniqueness weights for 9018 events... INFO
2025-12-14 13:06:14,465 - System.tprint - INFO - ℹ️ ⚖️ Computing uniqueness weights for 9018 events... INFO
[2025-12-14 13:06:14.474] ✅ Uniqueness weights computed. Mean: 1.0000, Min: 0.4373, Max: 1.3120 SUCCESS
2025-12-14 13:06:14,474 - System.tprint - INFO - ℹ️ ✅ Uniqueness weights computed. Mean: 1.0000, Min: 0.4373, Max: 1.3120 SUCCESS
[I 2025-12-14 13:06:15,133] Trial 1879 finished with value: -0.007658092195446364 and parameters: {'trail_distance_atr_mult': 1.1125033437691616}. Best is trial 126 with value: -0.000363295272717509.
[2025-12-14 13:06:16.321] ⚖️ Computing uniqueness weights for 9018 events... INFO
2025-12-14 13:06:16,321 - System.tprint - INFO - ℹ️ ⚖️ Computing uniqueness weights for 9018 events... INFO
[2025-12-14 13:06:16.331] ✅ Uniqueness weights computed. Mean: 1.0000, Min: 0.4373, Max: 1.3118 SUCCESS
2025-12-14 13:06:16,331 - System.tprint - INFO - ℹ️ ✅ Uniqueness weights computed. Mean: 1.0000, Min: 0.4373, Max: 1.3118 SUCCESS
[I 2025-12-14 13:06:16,989] Trial 1880 finished with value: -0.006681160824546181 and parameters: {'trail_distance_atr_mult': 0.8667795880262419}. Best is trial 126 with value: -0.000363295272717509.
[2025-12-14 13:06:18.608] ⚖️ Computing uniqueness weights for 9018 events... INFO
2025-12-14 13:06:18,608 - System.tprint - INFO - ℹ️ ⚖️ Computing uniqueness weights for 9018 events... INFO
[2025-12-14 13:06:18.621] ✅ Uniqueness weights computed. Mean: 1.0000, Min: 0.4375, Max: 1.3124 SUCCESS
2025-12-14 13:06:18,621 - System.tprint - INFO - ℹ️ ✅ Uniqueness weights computed. Mean: 1.0000, Min: 0.4375, Max: 1.3124 SUCCESS
[I 2025-12-14 13:06:19,649] Trial 1881 finished with value: -0.003237353253210068 and parameters: {'trail_distance_atr_mult': 1.3181314245258877}. Best is trial 126 with value: -0.000363295272717509.
[2025-12-14 13:06:20.862] ⚖️ Computing uniqueness weights for 9018 events... INFO
2025-12-14 13:06:20,862 - System.tprint - INFO - ℹ️ ⚖️ Computing uniqueness weights for 9018 events... INFO
[2025-12-14 13:06:20.872] ✅ Uniqueness weights computed. Mean: 1.0000, Min: 0.4373, Max: 1.3120 SUCCESS
2025-12-14 13:06:20,872 - System.tprint - INFO - ℹ️ ✅ Uniqueness weights computed. Mean: 1.0000, Min: 0.4373, Max: 1.3120 SUCCESS
[I 2025-12-14 13:06:21,575] Trial 1882 finished with value: -0.007816488091068318 and parameters: {'trail_distance_atr_mult': 1.1205144261119382}. Best is trial 126 with value: -0.000363295272717509.
[2025-12-14 13:06:22.773] ⚖️ Computing uniqueness weights for 9018 events... INFO
2025-12-14 13:06:22,773 - System.tprint - INFO - ℹ️ ⚖️ Computing uniqueness weights for 9018 events... INFO
[2025-12-14 13:06:22.783] ✅ Uniqueness weights computed. Mean: 1.0000, Min: 0.4373, Max: 1.3119 SUCCESS
2025-12-14 13:06:22,783 - System.tprint - INFO - ℹ️ ✅ Uniqueness weights computed. Mean: 1.0000, Min: 0.4373, Max: 1.3119 SUCCESS
[I 2025-12-14 13:06:23,441] Trial 1883 finished with value: -0.006751238785207261 and parameters: {'trail_distance_atr_mult': 1.0037549953473888}. Best is trial 126 with value: -0.000363295272717509.
[2025-12-14 13:06:24.633] ⚖️ Computing uniqueness weights for 9018 events... INFO
2025-12-14 13:06:24,633 - System.tprint - INFO - ℹ️ ⚖️ Computing uniqueness weights for 9018 events... INFO
[2025-12-14 13:06:24.642] ✅ Uniqueness weights computed. Mean: 1.0000, Min: 0.4372, Max: 1.3117 SUCCESS
2025-12-14 13:06:24,642 - System.tprint - INFO - ℹ️ ✅ Uniqueness weights computed. Mean: 1.0000, Min: 0.4372, Max: 1.3117 SUCCESS
[I 2025-12-14 13:06:25,316] Trial 1884 finished with value: -0.006727828046289401 and parameters: {'trail_distance_atr_mult': 0.8156925652473377}. Best is trial 126 with value: -0.000363295272717509.
[2025-12-14 13:06:26.557] ⚖️ Computing uniqueness weights for 9018 events... INFO
2025-12-14 13:06:26,558 - System.tprint - INFO - ℹ️ ⚖️ Computing uniqueness weights for 9018 events... INFO
[2025-12-14 13:06:26.567] ✅ Uniqueness weights computed. Mean: 1.0000, Min: 0.4375, Max: 1.3124 SUCCESS
2025-12-14 13:06:26,567 - System.tprint - INFO - ℹ️ ✅ Uniqueness weights computed. Mean: 1.0000, Min: 0.4375, Max: 1.3124 SUCCESS
[I 2025-12-14 13:06:27,231] Trial 1885 finished with value: -0.003237368605881659 and parameters: {'trail_distance_atr_mult': 1.3370561206911484}. Best is trial 126 with value: -0.000363295272717509.
[2025-12-14 13:06:28.422] ⚖️ Computing uniqueness weights for 9018 events... INFO
2025-12-14 13:06:28,423 - System.tprint - INFO - ℹ️ ⚖️ Computing uniqueness weights for 9018 events... INFO
[2025-12-14 13:06:28.432] ✅ Uniqueness weights computed. Mean: 1.0000, Min: 0.4373, Max: 1.3120 SUCCESS
2025-12-14 13:06:28,432 - System.tprint - INFO - ℹ️ ✅ Uniqueness weights computed. Mean: 1.0000, Min: 0.4373, Max: 1.3120 SUCCESS
[I 2025-12-14 13:06:29,453] Trial 1886 finished with value: -0.00781648818021562 and parameters: {'trail_distance_atr_mult': 1.1247948839845978}. Best is trial 126 with value: -0.000363295272717509.
[2025-12-14 13:06:30.637] ⚖️ Computing uniqueness weights for 9018 events... INFO
2025-12-14 13:06:30,638 - System.tprint - INFO - ℹ️ ⚖️ Computing uniqueness weights for 9018 events... INFO
[2025-12-14 13:06:30.647] ✅ Uniqueness weights computed. Mean: 1.0000, Min: 0.4373, Max: 1.3118 SUCCESS
2025-12-14 13:06:30,648 - System.tprint - INFO - ℹ️ ✅ Uniqueness weights computed. Mean: 1.0000, Min: 0.4373, Max: 1.3118 SUCCESS
[I 2025-12-14 13:06:31,288] Trial 1887 finished with value: -0.006741912125990299 and parameters: {'trail_distance_atr_mult': 0.9867523732742922}. Best is trial 126 with value: -0.000363295272717509.
[2025-12-14 13:06:32.477] ⚖️ Computing uniqueness weights for 9018 events... INFO
2025-12-14 13:06:32,477 - System.tprint - INFO - ℹ️ ⚖️ Computing uniqueness weights for 9018 events... INFO
[2025-12-14 13:06:32.486] ✅ Uniqueness weights computed. Mean: 1.0000, Min: 0.4372, Max: 1.3117 SUCCESS
2025-12-14 13:06:32,486 - System.tprint - INFO - ℹ️ ✅ Uniqueness weights computed. Mean: 1.0000, Min: 0.4372, Max: 1.3117 SUCCESS
[I 2025-12-14 13:06:33,135] Trial 1888 finished with value: -0.006727891905084257 and parameters: {'trail_distance_atr_mult': 0.8098069724726107}. Best is trial 126 with value: -0.000363295272717509.
[2025-12-14 13:06:34.323] ⚖️ Computing uniqueness weights for 9018 events... INFO
2025-12-14 13:06:34,323 - System.tprint - INFO - ℹ️ ⚖️ Computing uniqueness weights for 9018 events... INFO
[2025-12-14 13:06:34.332] ✅ Uniqueness weights computed. Mean: 1.0000, Min: 0.4374, Max: 1.3121 SUCCESS
2025-12-14 13:06:34,332 - System.tprint - INFO - ℹ️ ✅ Uniqueness weights computed. Mean: 1.0000, Min: 0.4374, Max: 1.3121 SUCCESS
