[I 2025-12-14 12:16:47,809] Trial 524 finished with value: -0.006659016727448687 and parameters: {'trail_distance_atr_mult': 1.498842356560737}. Best is trial 126 with value: -0.000363295272717509.
[2025-12-14 12:16:49.191] ⚖️ Computing uniqueness weights for 9018 events... INFO
2025-12-14 12:16:49,191 - System.tprint - INFO - ℹ️ ⚖️ Computing uniqueness weights for 9018 events... INFO
[2025-12-14 12:16:49.202] ✅ Uniqueness weights computed. Mean: 1.0000, Min: 0.4377, Max: 1.3131 SUCCESS
2025-12-14 12:16:49,202 - System.tprint - INFO - ℹ️ ✅ Uniqueness weights computed. Mean: 1.0000, Min: 0.4377, Max: 1.3131 SUCCESS
[I 2025-12-14 12:16:50,103] Trial 525 finished with value: -0.005800670540011654 and parameters: {'trail_distance_atr_mult': 1.8226943973579193}. Best is trial 126 with value: -0.000363295272717509.
[2025-12-14 12:16:51.495] ⚖️ Computing uniqueness weights for 9018 events... INFO
2025-12-14 12:16:51,495 - System.tprint - INFO - ℹ️ ⚖️ Computing uniqueness weights for 9018 events... INFO
[2025-12-14 12:16:51.506] ✅ Uniqueness weights computed. Mean: 1.0000, Min: 0.4374, Max: 1.3122 SUCCESS
2025-12-14 12:16:51,506 - System.tprint - INFO - ℹ️ ✅ Uniqueness weights computed. Mean: 1.0000, Min: 0.4374, Max: 1.3122 SUCCESS
[I 2025-12-14 12:16:52,393] Trial 526 finished with value: -0.0048913384140200486 and parameters: {'trail_distance_atr_mult': 1.1973682426597023}. Best is trial 126 with value: -0.000363295272717509.
[2025-12-14 12:16:53.780] ⚖️ Computing uniqueness weights for 9018 events... INFO
2025-12-14 12:16:53,781 - System.tprint - INFO - ℹ️ ⚖️ Computing uniqueness weights for 9018 events... INFO
[2025-12-14 12:16:53.792] ✅ Uniqueness weights computed. Mean: 1.0000, Min: 0.4375, Max: 1.3126 SUCCESS
2025-12-14 12:16:53,792 - System.tprint - INFO - ℹ️ ✅ Uniqueness weights computed. Mean: 1.0000, Min: 0.4375, Max: 1.3126 SUCCESS
[I 2025-12-14 12:16:54,673] Trial 527 finished with value: -0.0022709124967173156 and parameters: {'trail_distance_atr_mult': 1.5671291469661657}. Best is trial 126 with value: -0.000363295272717509.
[2025-12-14 12:16:56.061] ⚖️ Computing uniqueness weights for 9018 events... INFO
2025-12-14 12:16:56,061 - System.tprint - INFO - ℹ️ ⚖️ Computing uniqueness weights for 9018 events... INFO
[2025-12-14 12:16:56.073] ✅ Uniqueness weights computed. Mean: 1.0000, Min: 0.4376, Max: 1.3129 SUCCESS
2025-12-14 12:16:56,073 - System.tprint - INFO - ℹ️ ✅ Uniqueness weights computed. Mean: 1.0000, Min: 0.4376, Max: 1.3129 SUCCESS
[I 2025-12-14 12:16:56,953] Trial 528 finished with value: -0.004845442437497606 and parameters: {'trail_distance_atr_mult': 1.6684449494329114}. Best is trial 126 with value: -0.000363295272717509.
[2025-12-14 12:16:58.324] ⚖️ Computing uniqueness weights for 9018 events... INFO
2025-12-14 12:16:58,324 - System.tprint - INFO - ℹ️ ⚖️ Computing uniqueness weights for 9018 events... INFO
[2025-12-14 12:16:58.334] ✅ Uniqueness weights computed. Mean: 1.0000, Min: 0.4375, Max: 1.3126 SUCCESS
2025-12-14 12:16:58,334 - System.tprint - INFO - ℹ️ ✅ Uniqueness weights computed. Mean: 1.0000, Min: 0.4375, Max: 1.3126 SUCCESS
[I 2025-12-14 12:16:59,319] Trial 529 finished with value: -0.004314432484429352 and parameters: {'trail_distance_atr_mult': 1.511834412779869}. Best is trial 126 with value: -0.000363295272717509.
[2025-12-14 12:17:00.778] ⚖️ Computing uniqueness weights for 9018 events... INFO
2025-12-14 12:17:00,779 - System.tprint - INFO - ℹ️ ⚖️ Computing uniqueness weights for 9018 events... INFO
[2025-12-14 12:17:00.793] ✅ Uniqueness weights computed. Mean: 1.0000, Min: 0.4375, Max: 1.3126 SUCCESS
2025-12-14 12:17:00,793 - System.tprint - INFO - ℹ️ ✅ Uniqueness weights computed. Mean: 1.0000, Min: 0.4375, Max: 1.3126 SUCCESS
[I 2025-12-14 12:17:01,966] Trial 530 finished with value: -0.003915168161224641 and parameters: {'trail_distance_atr_mult': 1.5282045086647496}. Best is trial 126 with value: -0.000363295272717509.
[2025-12-14 12:17:03.425] ⚖️ Computing uniqueness weights for 9018 events... INFO
2025-12-14 12:17:03,426 - System.tprint - INFO - ℹ️ ⚖️ Computing uniqueness weights for 9018 events... INFO
[2025-12-14 12:17:03.437] ✅ Uniqueness weights computed. Mean: 1.0000, Min: 0.4375, Max: 1.3125 SUCCESS
2025-12-14 12:17:03,437 - System.tprint - INFO - ℹ️ ✅ Uniqueness weights computed. Mean: 1.0000, Min: 0.4375, Max: 1.3125 SUCCESS
[I 2025-12-14 12:17:04,317] Trial 531 finished with value: -0.006463440300519767 and parameters: {'trail_distance_atr_mult': 1.4890737018052902}. Best is trial 126 with value: -0.000363295272717509.
[2025-12-14 12:17:05.704] ⚖️ Computing uniqueness weights for 9018 events... INFO
2025-12-14 12:17:05,704 - System.tprint - INFO - ℹ️ ⚖️ Computing uniqueness weights for 9018 events... INFO
[2025-12-14 12:17:05.715] ✅ Uniqueness weights computed. Mean: 1.0000, Min: 0.4373, Max: 1.3118 SUCCESS
2025-12-14 12:17:05,715 - System.tprint - INFO - ℹ️ ✅ Uniqueness weights computed. Mean: 1.0000, Min: 0.4373, Max: 1.3118 SUCCESS
[I 2025-12-14 12:17:06,582] Trial 532 finished with value: -0.006681091586086887 and parameters: {'trail_distance_atr_mult': 0.8858492552074082}. Best is trial 126 with value: -0.000363295272717509.
[2025-12-14 12:17:07.989] ⚖️ Computing uniqueness weights for 9018 events... INFO
2025-12-14 12:17:07,991 - System.tprint - INFO - ℹ️ ⚖️ Computing uniqueness weights for 9018 events... INFO
[2025-12-14 12:17:08.002] ✅ Uniqueness weights computed. Mean: 1.0000, Min: 0.4376, Max: 1.3129 SUCCESS
2025-12-14 12:17:08,003 - System.tprint - INFO - ℹ️ ✅ Uniqueness weights computed. Mean: 1.0000, Min: 0.4376, Max: 1.3129 SUCCESS
[I 2025-12-14 12:17:08,963] Trial 533 finished with value: -0.004845414768714302 and parameters: {'trail_distance_atr_mult': 1.6712093932442553}. Best is trial 126 with value: -0.000363295272717509.
[2025-12-14 12:17:10.357] ⚖️ Computing uniqueness weights for 9018 events... INFO
2025-12-14 12:17:10,357 - System.tprint - INFO - ℹ️ ⚖️ Computing uniqueness weights for 9018 events... INFO
[2025-12-14 12:17:10.368] ✅ Uniqueness weights computed. Mean: 1.0000, Min: 0.4375, Max: 1.3126 SUCCESS
2025-12-14 12:17:10,368 - System.tprint - INFO - ℹ️ ✅ Uniqueness weights computed. Mean: 1.0000, Min: 0.4375, Max: 1.3126 SUCCESS
[I 2025-12-14 12:17:11,238] Trial 534 finished with value: -0.0022697941322493485 and parameters: {'trail_distance_atr_mult': 1.5522197142589318}. Best is trial 126 with value: -0.000363295272717509.
[2025-12-14 12:17:12.649] ⚖️ Computing uniqueness weights for 9018 events... INFO
2025-12-14 12:17:12,649 - System.tprint - INFO - ℹ️ ⚖️ Computing uniqueness weights for 9018 events... INFO
[2025-12-14 12:17:12.660] ✅ Uniqueness weights computed. Mean: 1.0000, Min: 0.4375, Max: 1.3125 SUCCESS
2025-12-14 12:17:12,660 - System.tprint - INFO - ℹ️ ✅ Uniqueness weights computed. Mean: 1.0000, Min: 0.4375, Max: 1.3125 SUCCESS
[I 2025-12-14 12:17:13,563] Trial 535 finished with value: -0.004187403678282777 and parameters: {'trail_distance_atr_mult': 1.4517988255234093}. Best is trial 126 with value: -0.000363295272717509.
[2025-12-14 12:17:14.986] ⚖️ Computing uniqueness weights for 9018 events... INFO
2025-12-14 12:17:14,986 - System.tprint - INFO - ℹ️ ⚖️ Computing uniqueness weights for 9018 events... INFO
[2025-12-14 12:17:14.997] ✅ Uniqueness weights computed. Mean: 1.0000, Min: 0.4376, Max: 1.3129 SUCCESS
2025-12-14 12:17:14,997 - System.tprint - INFO - ℹ️ ✅ Uniqueness weights computed. Mean: 1.0000, Min: 0.4376, Max: 1.3129 SUCCESS
[I 2025-12-14 12:17:15,875] Trial 536 finished with value: -0.005158001777500688 and parameters: {'trail_distance_atr_mult': 1.6920293327339726}. Best is trial 126 with value: -0.000363295272717509.
[2025-12-14 12:17:17.272] ⚖️ Computing uniqueness weights for 9018 events... INFO
2025-12-14 12:17:17,272 - System.tprint - INFO - ℹ️ ⚖️ Computing uniqueness weights for 9018 events... INFO
[2025-12-14 12:17:17.282] ✅ Uniqueness weights computed. Mean: 1.0000, Min: 0.4375, Max: 1.3124 SUCCESS
2025-12-14 12:17:17,283 - System.tprint - INFO - ℹ️ ✅ Uniqueness weights computed. Mean: 1.0000, Min: 0.4375, Max: 1.3124 SUCCESS
[I 2025-12-14 12:17:18,159] Trial 537 finished with value: -0.003237371199315529 and parameters: {'trail_distance_atr_mult': 1.328812510243569}. Best is trial 126 with value: -0.000363295272717509.
[2025-12-14 12:17:19.561] ⚖️ Computing uniqueness weights for 9018 events... INFO
2025-12-14 12:17:19,562 - System.tprint - INFO - ℹ️ ⚖️ Computing uniqueness weights for 9018 events... INFO
[2025-12-14 12:17:19.573] ✅ Uniqueness weights computed. Mean: 1.0000, Min: 0.4376, Max: 1.3127 SUCCESS
2025-12-14 12:17:19,573 - System.tprint - INFO - ℹ️ ✅ Uniqueness weights computed. Mean: 1.0000, Min: 0.4376, Max: 1.3127 SUCCESS
[I 2025-12-14 12:17:20,470] Trial 538 finished with value: -0.0022708097953903607 and parameters: {'trail_distance_atr_mult': 1.5870021240873826}. Best is trial 126 with value: -0.000363295272717509.
[2025-12-14 12:17:21.857] ⚖️ Computing uniqueness weights for 9018 events... INFO
2025-12-14 12:17:21,857 - System.tprint - INFO - ℹ️ ⚖️ Computing uniqueness weights for 9018 events... INFO
[2025-12-14 12:17:21.868] ✅ Uniqueness weights computed. Mean: 1.0000, Min: 0.4377, Max: 1.3130 SUCCESS
2025-12-14 12:17:21,868 - System.tprint - INFO - ℹ️ ✅ Uniqueness weights computed. Mean: 1.0000, Min: 0.4377, Max: 1.3130 SUCCESS
[I 2025-12-14 12:17:22,741] Trial 539 finished with value: -0.005931888009245611 and parameters: {'trail_distance_atr_mult': 1.7635025335436496}. Best is trial 126 with value: -0.000363295272717509.
[2025-12-14 12:17:24.126] ⚖️ Computing uniqueness weights for 9018 events... INFO
2025-12-14 12:17:24,126 - System.tprint - INFO - ℹ️ ⚖️ Computing uniqueness weights for 9018 events... INFO
[2025-12-14 12:17:24.137] ✅ Uniqueness weights computed. Mean: 1.0000, Min: 0.4374, Max: 1.3121 SUCCESS
2025-12-14 12:17:24,137 - System.tprint - INFO - ℹ️ ✅ Uniqueness weights computed. Mean: 1.0000, Min: 0.4374, Max: 1.3121 SUCCESS
[I 2025-12-14 12:17:25,021] Trial 540 finished with value: -0.007529606601682936 and parameters: {'trail_distance_atr_mult': 1.165572540190472}. Best is trial 126 with value: -0.000363295272717509.
[2025-12-14 12:17:26.397] ⚖️ Computing uniqueness weights for 9018 events... INFO
2025-12-14 12:17:26,398 - System.tprint - INFO - ℹ️ ⚖️ Computing uniqueness weights for 9018 events... INFO
[2025-12-14 12:17:26.408] ✅ Uniqueness weights computed. Mean: 1.0000, Min: 0.4375, Max: 1.3126 SUCCESS
2025-12-14 12:17:26,409 - System.tprint - INFO - ℹ️ ✅ Uniqueness weights computed. Mean: 1.0000, Min: 0.4375, Max: 1.3126 SUCCESS
[I 2025-12-14 12:17:27,311] Trial 541 finished with value: -0.0022709657732342507 and parameters: {'trail_distance_atr_mult': 1.5574325553303208}. Best is trial 126 with value: -0.000363295272717509.
[2025-12-14 12:17:28.684] ⚖️ Computing uniqueness weights for 9018 events... INFO
2025-12-14 12:17:28,684 - System.tprint - INFO - ℹ️ ⚖️ Computing uniqueness weights for 9018 events... INFO
[2025-12-14 12:17:28.695] ✅ Uniqueness weights computed. Mean: 1.0000, Min: 0.4375, Max: 1.3126 SUCCESS
2025-12-14 12:17:28,695 - System.tprint - INFO - ℹ️ ✅ Uniqueness weights computed. Mean: 1.0000, Min: 0.4375, Max: 1.3126 SUCCESS
[I 2025-12-14 12:17:29,574] Trial 542 finished with value: -0.0022709147789522367 and parameters: {'trail_distance_atr_mult': 1.5667048055577797}. Best is trial 126 with value: -0.000363295272717509.
[2025-12-14 12:17:30.949] ⚖️ Computing uniqueness weights for 9018 events... INFO
2025-12-14 12:17:30,949 - System.tprint - INFO - ℹ️ ⚖️ Computing uniqueness weights for 9018 events... INFO
[2025-12-14 12:17:30.960] ✅ Uniqueness weights computed. Mean: 1.0000, Min: 0.4376, Max: 1.3127 SUCCESS
2025-12-14 12:17:30,960 - System.tprint - INFO - ℹ️ ✅ Uniqueness weights computed. Mean: 1.0000, Min: 0.4376, Max: 1.3127 SUCCESS
[I 2025-12-14 12:17:31,838] Trial 543 finished with value: -0.0054518558915653435 and parameters: {'trail_distance_atr_mult': 1.614446143482264}. Best is trial 126 with value: -0.000363295272717509.
[2025-12-14 12:17:33.220] ⚖️ Computing uniqueness weights for 9018 events... INFO
2025-12-14 12:17:33,220 - System.tprint - INFO - ℹ️ ⚖️ Computing uniqueness weights for 9018 events... INFO
[2025-12-14 12:17:33.232] ✅ Uniqueness weights computed. Mean: 1.0000, Min: 0.4375, Max: 1.3125 SUCCESS
2025-12-14 12:17:33,232 - System.tprint - INFO - ℹ️ ✅ Uniqueness weights computed. Mean: 1.0000, Min: 0.4375, Max: 1.3125 SUCCESS
[I 2025-12-14 12:17:34,114] Trial 544 finished with value: -0.004187315882623498 and parameters: {'trail_distance_atr_mult': 1.4653699484444418}. Best is trial 126 with value: -0.000363295272717509.
[2025-12-14 12:17:35.572] ⚖️ Computing uniqueness weights for 9018 events... INFO
2025-12-14 12:17:35,572 - System.tprint - INFO - ℹ️ ⚖️ Computing uniqueness weights for 9018 events... INFO
[2025-12-14 12:17:35.584] ✅ Uniqueness weights computed. Mean: 1.0000, Min: 0.4376, Max: 1.3129 SUCCESS
2025-12-14 12:17:35,584 - System.tprint - INFO - ℹ️ ✅ Uniqueness weights computed. Mean: 1.0000, Min: 0.4376, Max: 1.3129 SUCCESS
[I 2025-12-14 12:17:36,467] Trial 545 finished with value: -0.006364069899005387 and parameters: {'trail_distance_atr_mult': 1.6534422459506999}. Best is trial 126 with value: -0.000363295272717509.
[2025-12-14 12:17:37.844] ⚖️ Computing uniqueness weights for 9018 events... INFO
2025-12-14 12:17:37,844 - System.tprint - INFO - ℹ️ ⚖️ Computing uniqueness weights for 9018 events... INFO
[2025-12-14 12:17:37.856] ✅ Uniqueness weights computed. Mean: 1.0000, Min: 0.4375, Max: 1.3124 SUCCESS
2025-12-14 12:17:37,856 - System.tprint - INFO - ℹ️ ✅ Uniqueness weights computed. Mean: 1.0000, Min: 0.4375, Max: 1.3124 SUCCESS
[I 2025-12-14 12:17:38,739] Trial 546 finished with value: -0.003237366801429137 and parameters: {'trail_distance_atr_mult': 1.3475496753749068}. Best is trial 126 with value: -0.000363295272717509.
[2025-12-14 12:17:40.181] ⚖️ Computing uniqueness weights for 9018 events... INFO
2025-12-14 12:17:40,181 - System.tprint - INFO - ℹ️ ⚖️ Computing uniqueness weights for 9018 events... INFO
[2025-12-14 12:17:40.192] ✅ Uniqueness weights computed. Mean: 1.0000, Min: 0.4376, Max: 1.3128 SUCCESS
2025-12-14 12:17:40,192 - System.tprint - INFO - ℹ️ ✅ Uniqueness weights computed. Mean: 1.0000, Min: 0.4376, Max: 1.3128 SUCCESS
[I 2025-12-14 12:17:41,068] Trial 547 finished with value: -0.006464479855166831 and parameters: {'trail_distance_atr_mult': 1.625346415182067}. Best is trial 126 with value: -0.000363295272717509.
[2025-12-14 12:17:42.456] ⚖️ Computing uniqueness weights for 9018 events... INFO
2025-12-14 12:17:42,457 - System.tprint - INFO - ℹ️ ⚖️ Computing uniqueness weights for 9018 events... INFO
[2025-12-14 12:17:42.468] ✅ Uniqueness weights computed. Mean: 1.0000, Min: 0.4375, Max: 1.3126 SUCCESS
2025-12-14 12:17:42,468 - System.tprint - INFO - ℹ️ ✅ Uniqueness weights computed. Mean: 1.0000, Min: 0.4375, Max: 1.3126 SUCCESS
[I 2025-12-14 12:17:43,338] Trial 548 finished with value: -0.003915176521397818 and parameters: {'trail_distance_atr_mult': 1.533433675716012}. Best is trial 126 with value: -0.000363295272717509.
[2025-12-14 12:17:44.720] ⚖️ Computing uniqueness weights for 9018 events... INFO
2025-12-14 12:17:44,721 - System.tprint - INFO - ℹ️ ⚖️ Computing uniqueness weights for 9018 events... INFO
[2025-12-14 12:17:44.732] ✅ Uniqueness weights computed. Mean: 1.0000, Min: 0.4375, Max: 1.3126 SUCCESS
2025-12-14 12:17:44,732 - System.tprint - INFO - ℹ️ ✅ Uniqueness weights computed. Mean: 1.0000, Min: 0.4375, Max: 1.3126 SUCCESS
[I 2025-12-14 12:17:45,640] Trial 549 finished with value: -0.004314427026694146 and parameters: {'trail_distance_atr_mult': 1.511071026594194}. Best is trial 126 with value: -0.000363295272717509.
[2025-12-14 12:17:47.101] ⚖️ Computing uniqueness weights for 9018 events... INFO
2025-12-14 12:17:47,101 - System.tprint - INFO - ℹ️ ⚖️ Computing uniqueness weights for 9018 events... INFO
[2025-12-14 12:17:47.112] ✅ Uniqueness weights computed. Mean: 1.0000, Min: 0.4377, Max: 1.3131 SUCCESS
2025-12-14 12:17:47,112 - System.tprint - INFO - ℹ️ ✅ Uniqueness weights computed. Mean: 1.0000, Min: 0.4377, Max: 1.3131 SUCCESS
[I 2025-12-14 12:17:47,992] Trial 550 finished with value: -0.004971349197234428 and parameters: {'trail_distance_atr_mult': 1.8565780156747467}. Best is trial 126 with value: -0.000363295272717509.
[2025-12-14 12:17:49.386] ⚖️ Computing uniqueness weights for 9018 events... INFO
2025-12-14 12:17:49,386 - System.tprint - INFO - ℹ️ ⚖️ Computing uniqueness weights for 9018 events... INFO
[2025-12-14 12:17:49.397] ✅ Uniqueness weights computed. Mean: 1.0000, Min: 0.4375, Max: 1.3126 SUCCESS
2025-12-14 12:17:49,397 - System.tprint - INFO - ℹ️ ✅ Uniqueness weights computed. Mean: 1.0000, Min: 0.4375, Max: 1.3126 SUCCESS
[I 2025-12-14 12:17:50,302] Trial 551 finished with value: -0.003915179556816779 and parameters: {'trail_distance_atr_mult': 1.5353719376491928}. Best is trial 126 with value: -0.000363295272717509.
[2025-12-14 12:17:51.686] ⚖️ Computing uniqueness weights for 9018 events... INFO
2025-12-14 12:17:51,686 - System.tprint - INFO - ℹ️ ⚖️ Computing uniqueness weights for 9018 events... INFO
[2025-12-14 12:17:51.697] ✅ Uniqueness weights computed. Mean: 1.0000, Min: 0.4374, Max: 1.3121 SUCCESS
2025-12-14 12:17:51,697 - System.tprint - INFO - ℹ️ ✅ Uniqueness weights computed. Mean: 1.0000, Min: 0.4374, Max: 1.3121 SUCCESS
[I 2025-12-14 12:17:52,567] Trial 552 finished with value: -0.007702202314078351 and parameters: {'trail_distance_atr_mult': 1.1393789020410074}. Best is trial 126 with value: -0.000363295272717509.
[2025-12-14 12:17:53.957] ⚖️ Computing uniqueness weights for 9018 events... INFO
2025-12-14 12:17:53,957 - System.tprint - INFO - ℹ️ ⚖️ Computing uniqueness weights for 9018 events... INFO
[2025-12-14 12:17:53.969] ✅ Uniqueness weights computed. Mean: 1.0000, Min: 0.4376, Max: 1.3129 SUCCESS
2025-12-14 12:17:53,969 - System.tprint - INFO - ℹ️ ✅ Uniqueness weights computed. Mean: 1.0000, Min: 0.4376, Max: 1.3129 SUCCESS
[I 2025-12-14 12:17:54,854] Trial 553 finished with value: -0.0037497533984112677 and parameters: {'trail_distance_atr_mult': 1.6654599347438797}. Best is trial 126 with value: -0.000363295272717509.
[2025-12-14 12:17:56.234] ⚖️ Computing uniqueness weights for 9018 events... INFO
2025-12-14 12:17:56,234 - System.tprint - INFO - ℹ️ ⚖️ Computing uniqueness weights for 9018 events... INFO
[2025-12-14 12:17:56.246] ✅ Uniqueness weights computed. Mean: 1.0000, Min: 0.4375, Max: 1.3125 SUCCESS
2025-12-14 12:17:56,246 - System.tprint - INFO - ℹ️ ✅ Uniqueness weights computed. Mean: 1.0000, Min: 0.4375, Max: 1.3125 SUCCESS
[I 2025-12-14 12:17:57,121] Trial 554 finished with value: -0.004187372618277822 and parameters: {'trail_distance_atr_mult': 1.4591848156073866}. Best is trial 126 with value: -0.000363295272717509.
[2025-12-14 12:17:58.507] ⚖️ Computing uniqueness weights for 9018 events... INFO
2025-12-14 12:17:58,507 - System.tprint - INFO - ℹ️ ⚖️ Computing uniqueness weights for 9018 events... INFO
[2025-12-14 12:17:58.520] ✅ Uniqueness weights computed. Mean: 1.0000, Min: 0.4376, Max: 1.3127 SUCCESS
2025-12-14 12:17:58,520 - System.tprint - INFO - ℹ️ ✅ Uniqueness weights computed. Mean: 1.0000, Min: 0.4376, Max: 1.3127 SUCCESS
[I 2025-12-14 12:17:59,514] Trial 555 finished with value: -0.004195653491178772 and parameters: {'trail_distance_atr_mult': 1.6110092231319237}. Best is trial 126 with value: -0.000363295272717509.
[2025-12-14 12:18:00.905] ⚖️ Computing uniqueness weights for 9018 events... INFO
2025-12-14 12:18:00,905 - System.tprint - INFO - ℹ️ ⚖️ Computing uniqueness weights for 9018 events... INFO
[2025-12-14 12:18:00.916] ✅ Uniqueness weights computed. Mean: 1.0000, Min: 0.4375, Max: 1.3125 SUCCESS
2025-12-14 12:18:00,916 - System.tprint - INFO - ℹ️ ✅ Uniqueness weights computed. Mean: 1.0000, Min: 0.4375, Max: 1.3125 SUCCESS
[I 2025-12-14 12:18:01,802] Trial 556 finished with value: -0.0029957403767066505 and parameters: {'trail_distance_atr_mult': 1.3729638198403409}. Best is trial 126 with value: -0.000363295272717509.
[2025-12-14 12:18:03.179] ⚖️ Computing uniqueness weights for 9018 events... INFO
2025-12-14 12:18:03,179 - System.tprint - INFO - ℹ️ ⚖️ Computing uniqueness weights for 9018 events... INFO
[2025-12-14 12:18:03.191] ✅ Uniqueness weights computed. Mean: 1.0000, Min: 0.4376, Max: 1.3129 SUCCESS
2025-12-14 12:18:03,191 - System.tprint - INFO - ℹ️ ✅ Uniqueness weights computed. Mean: 1.0000, Min: 0.4376, Max: 1.3129 SUCCESS
[I 2025-12-14 12:18:04,067] Trial 557 finished with value: -0.005157999380149697 and parameters: {'trail_distance_atr_mult': 1.6880884290689406}. Best is trial 126 with value: -0.000363295272717509.
[2025-12-14 12:18:05.445] ⚖️ Computing uniqueness weights for 9018 events... INFO
2025-12-14 12:18:05,446 - System.tprint - INFO - ℹ️ ⚖️ Computing uniqueness weights for 9018 events... INFO
[2025-12-14 12:18:05.457] ✅ Uniqueness weights computed. Mean: 1.0000, Min: 0.4375, Max: 1.3125 SUCCESS
2025-12-14 12:18:05,457 - System.tprint - INFO - ℹ️ ✅ Uniqueness weights computed. Mean: 1.0000, Min: 0.4375, Max: 1.3125 SUCCESS
[I 2025-12-14 12:18:06,417] Trial 558 finished with value: -0.0039504675639643475 and parameters: {'trail_distance_atr_mult': 1.4226860448175855}. Best is trial 126 with value: -0.000363295272717509.
[2025-12-14 12:18:07.870] ⚖️ Computing uniqueness weights for 9018 events... INFO
2025-12-14 12:18:07,870 - System.tprint - INFO - ℹ️ ⚖️ Computing uniqueness weights for 9018 events... INFO
[2025-12-14 12:18:07.883] ✅ Uniqueness weights computed. Mean: 1.0000, Min: 0.4373, Max: 1.3119 SUCCESS
2025-12-14 12:18:07,884 - System.tprint - INFO - ℹ️ ✅ Uniqueness weights computed. Mean: 1.0000, Min: 0.4373, Max: 1.3119 SUCCESS
