[I 2025-12-14 13:08:52,923] Trial 1959 finished with value: -0.007445872469807292 and parameters: {'trail_distance_atr_mult': 1.16724971565401}. Best is trial 126 with value: -0.000363295272717509.
[2025-12-14 13:08:54.153] ⚖️ Computing uniqueness weights for 9018 events... INFO
2025-12-14 13:08:54,153 - System.tprint - INFO - ℹ️ ⚖️ Computing uniqueness weights for 9018 events... INFO
[2025-12-14 13:08:54.165] ✅ Uniqueness weights computed. Mean: 1.0000, Min: 0.4373, Max: 1.3118 SUCCESS
2025-12-14 13:08:54,165 - System.tprint - INFO - ℹ️ ✅ Uniqueness weights computed. Mean: 1.0000, Min: 0.4373, Max: 1.3118 SUCCESS
[I 2025-12-14 13:08:54,829] Trial 1960 finished with value: -0.006741938691007988 and parameters: {'trail_distance_atr_mult': 0.9901791670772961}. Best is trial 126 with value: -0.000363295272717509.
[2025-12-14 13:08:56.046] ⚖️ Computing uniqueness weights for 9018 events... INFO
2025-12-14 13:08:56,046 - System.tprint - INFO - ℹ️ ⚖️ Computing uniqueness weights for 9018 events... INFO
[2025-12-14 13:08:56.056] ✅ Uniqueness weights computed. Mean: 1.0000, Min: 0.4372, Max: 1.3117 SUCCESS
2025-12-14 13:08:56,056 - System.tprint - INFO - ℹ️ ✅ Uniqueness weights computed. Mean: 1.0000, Min: 0.4372, Max: 1.3117 SUCCESS
[I 2025-12-14 13:08:56,696] Trial 1961 finished with value: -0.007479331783459741 and parameters: {'trail_distance_atr_mult': 0.6789003839008536}. Best is trial 126 with value: -0.000363295272717509.
[2025-12-14 13:08:57.920] ⚖️ Computing uniqueness weights for 9018 events... INFO
2025-12-14 13:08:57,920 - System.tprint - INFO - ℹ️ ⚖️ Computing uniqueness weights for 9018 events... INFO
[2025-12-14 13:08:57.929] ✅ Uniqueness weights computed. Mean: 1.0000, Min: 0.4374, Max: 1.3121 SUCCESS
2025-12-14 13:08:57,929 - System.tprint - INFO - ℹ️ ✅ Uniqueness weights computed. Mean: 1.0000, Min: 0.4374, Max: 1.3121 SUCCESS
[I 2025-12-14 13:08:58,580] Trial 1962 finished with value: -0.0016915043022039948 and parameters: {'trail_distance_atr_mult': 1.136364662953085}. Best is trial 126 with value: -0.000363295272717509.
[2025-12-14 13:08:59.784] ⚖️ Computing uniqueness weights for 9018 events... INFO
2025-12-14 13:08:59,784 - System.tprint - INFO - ℹ️ ⚖️ Computing uniqueness weights for 9018 events... INFO
[2025-12-14 13:08:59.794] ✅ Uniqueness weights computed. Mean: 1.0000, Min: 0.4373, Max: 1.3118 SUCCESS
2025-12-14 13:08:59,794 - System.tprint - INFO - ℹ️ ✅ Uniqueness weights computed. Mean: 1.0000, Min: 0.4373, Max: 1.3118 SUCCESS
[I 2025-12-14 13:09:00,492] Trial 1963 finished with value: -0.006681091243282462 and parameters: {'trail_distance_atr_mult': 0.8860832154279581}. Best is trial 126 with value: -0.000363295272717509.
[2025-12-14 13:09:02.492] ⚖️ Computing uniqueness weights for 9018 events... INFO
2025-12-14 13:09:02,493 - System.tprint - INFO - ℹ️ ⚖️ Computing uniqueness weights for 9018 events... INFO
[2025-12-14 13:09:02.508] ✅ Uniqueness weights computed. Mean: 1.0000, Min: 0.4375, Max: 1.3124 SUCCESS
2025-12-14 13:09:02,508 - System.tprint - INFO - ℹ️ ✅ Uniqueness weights computed. Mean: 1.0000, Min: 0.4375, Max: 1.3124 SUCCESS
[I 2025-12-14 13:09:03,568] Trial 1964 finished with value: -0.0061556752323406886 and parameters: {'trail_distance_atr_mult': 1.3038726701244494}. Best is trial 126 with value: -0.000363295272717509.
[2025-12-14 13:09:04.778] ⚖️ Computing uniqueness weights for 9018 events... INFO
2025-12-14 13:09:04,778 - System.tprint - INFO - ℹ️ ⚖️ Computing uniqueness weights for 9018 events... INFO
[2025-12-14 13:09:04.789] ✅ Uniqueness weights computed. Mean: 1.0000, Min: 0.4373, Max: 1.3118 SUCCESS
2025-12-14 13:09:04,789 - System.tprint - INFO - ℹ️ ✅ Uniqueness weights computed. Mean: 1.0000, Min: 0.4373, Max: 1.3118 SUCCESS
[I 2025-12-14 13:09:05,698] Trial 1965 finished with value: -0.006758402668564913 and parameters: {'trail_distance_atr_mult': 0.9785174470396978}. Best is trial 126 with value: -0.000363295272717509.
[2025-12-14 13:09:07.073] ⚖️ Computing uniqueness weights for 9018 events... INFO
2025-12-14 13:09:07,073 - System.tprint - INFO - ℹ️ ⚖️ Computing uniqueness weights for 9018 events... INFO
[2025-12-14 13:09:07.084] ✅ Uniqueness weights computed. Mean: 1.0000, Min: 0.4374, Max: 1.3121 SUCCESS
2025-12-14 13:09:07,084 - System.tprint - INFO - ℹ️ ✅ Uniqueness weights computed. Mean: 1.0000, Min: 0.4374, Max: 1.3121 SUCCESS
[I 2025-12-14 13:09:07,973] Trial 1966 finished with value: -0.00709461125386513 and parameters: {'trail_distance_atr_mult': 1.176939884750948}. Best is trial 126 with value: -0.000363295272717509.
[2025-12-14 13:09:09.376] ⚖️ Computing uniqueness weights for 9018 events... INFO
2025-12-14 13:09:09,376 - System.tprint - INFO - ℹ️ ⚖️ Computing uniqueness weights for 9018 events... INFO
[2025-12-14 13:09:09.388] ✅ Uniqueness weights computed. Mean: 1.0000, Min: 0.4372, Max: 1.3117 SUCCESS
2025-12-14 13:09:09,388 - System.tprint - INFO - ℹ️ ✅ Uniqueness weights computed. Mean: 1.0000, Min: 0.4372, Max: 1.3117 SUCCESS
[I 2025-12-14 13:09:10,482] Trial 1967 finished with value: -0.007479331783459741 and parameters: {'trail_distance_atr_mult': 0.7147333412952004}. Best is trial 126 with value: -0.000363295272717509.
[2025-12-14 13:09:11.954] ⚖️ Computing uniqueness weights for 9018 events... INFO
2025-12-14 13:09:11,954 - System.tprint - INFO - ℹ️ ⚖️ Computing uniqueness weights for 9018 events... INFO
[2025-12-14 13:09:11.965] ✅ Uniqueness weights computed. Mean: 1.0000, Min: 0.4373, Max: 1.3118 SUCCESS
2025-12-14 13:09:11,965 - System.tprint - INFO - ℹ️ ✅ Uniqueness weights computed. Mean: 1.0000, Min: 0.4373, Max: 1.3118 SUCCESS
[I 2025-12-14 13:09:12,864] Trial 1968 finished with value: -0.006758340114362801 and parameters: {'trail_distance_atr_mult': 0.9684682885443063}. Best is trial 126 with value: -0.000363295272717509.
[2025-12-14 13:09:14.239] ⚖️ Computing uniqueness weights for 9018 events... INFO
2025-12-14 13:09:14,239 - System.tprint - INFO - ℹ️ ⚖️ Computing uniqueness weights for 9018 events... INFO
[2025-12-14 13:09:14.251] ✅ Uniqueness weights computed. Mean: 1.0000, Min: 0.4374, Max: 1.3121 SUCCESS
2025-12-14 13:09:14,251 - System.tprint - INFO - ℹ️ ✅ Uniqueness weights computed. Mean: 1.0000, Min: 0.4374, Max: 1.3121 SUCCESS
[I 2025-12-14 13:09:15,135] Trial 1969 finished with value: -0.007701272695894493 and parameters: {'trail_distance_atr_mult': 1.1517752098702425}. Best is trial 126 with value: -0.000363295272717509.
[2025-12-14 13:09:16.450] ⚖️ Computing uniqueness weights for 9018 events... INFO
2025-12-14 13:09:16,450 - System.tprint - INFO - ℹ️ ⚖️ Computing uniqueness weights for 9018 events... INFO
[2025-12-14 13:09:16.461] ✅ Uniqueness weights computed. Mean: 1.0000, Min: 0.4372, Max: 1.3117 SUCCESS
2025-12-14 13:09:16,461 - System.tprint - INFO - ℹ️ ✅ Uniqueness weights computed. Mean: 1.0000, Min: 0.4372, Max: 1.3117 SUCCESS
[I 2025-12-14 13:09:17,101] Trial 1970 finished with value: -0.007321828937469562 and parameters: {'trail_distance_atr_mult': 0.5151696730701554}. Best is trial 126 with value: -0.000363295272717509.
[2025-12-14 13:09:18.320] ⚖️ Computing uniqueness weights for 9018 events... INFO
2025-12-14 13:09:18,320 - System.tprint - INFO - ℹ️ ⚖️ Computing uniqueness weights for 9018 events... INFO
[2025-12-14 13:09:18.329] ✅ Uniqueness weights computed. Mean: 1.0000, Min: 0.4375, Max: 1.3124 SUCCESS
2025-12-14 13:09:18,329 - System.tprint - INFO - ℹ️ ✅ Uniqueness weights computed. Mean: 1.0000, Min: 0.4375, Max: 1.3124 SUCCESS
[I 2025-12-14 13:09:18,963] Trial 1971 finished with value: -0.0032373764007900476 and parameters: {'trail_distance_atr_mult': 1.3200099472999183}. Best is trial 126 with value: -0.000363295272717509.
[2025-12-14 13:09:20.158] ⚖️ Computing uniqueness weights for 9018 events... INFO
2025-12-14 13:09:20,158 - System.tprint - INFO - ℹ️ ⚖️ Computing uniqueness weights for 9018 events... INFO
[2025-12-14 13:09:20.167] ✅ Uniqueness weights computed. Mean: 1.0000, Min: 0.4373, Max: 1.3118 SUCCESS
2025-12-14 13:09:20,167 - System.tprint - INFO - ℹ️ ✅ Uniqueness weights computed. Mean: 1.0000, Min: 0.4373, Max: 1.3118 SUCCESS
[I 2025-12-14 13:09:20,808] Trial 1972 finished with value: -0.0067211875599398185 and parameters: {'trail_distance_atr_mult': 0.903534460337835}. Best is trial 126 with value: -0.000363295272717509.
[2025-12-14 13:09:22.020] ⚖️ Computing uniqueness weights for 9018 events... INFO
2025-12-14 13:09:22,020 - System.tprint - INFO - ℹ️ ⚖️ Computing uniqueness weights for 9018 events... INFO
[2025-12-14 13:09:22.029] ✅ Uniqueness weights computed. Mean: 1.0000, Min: 0.4373, Max: 1.3120 SUCCESS
2025-12-14 13:09:22,030 - System.tprint - INFO - ℹ️ ✅ Uniqueness weights computed. Mean: 1.0000, Min: 0.4373, Max: 1.3120 SUCCESS
[I 2025-12-14 13:09:22,668] Trial 1973 finished with value: -0.007658094339053322 and parameters: {'trail_distance_atr_mult': 1.1111938922529077}. Best is trial 126 with value: -0.000363295272717509.
[2025-12-14 13:09:23.885] ⚖️ Computing uniqueness weights for 9018 events... INFO
2025-12-14 13:09:23,886 - System.tprint - INFO - ℹ️ ⚖️ Computing uniqueness weights for 9018 events... INFO
[2025-12-14 13:09:23.895] ✅ Uniqueness weights computed. Mean: 1.0000, Min: 0.4373, Max: 1.3118 SUCCESS
2025-12-14 13:09:23,895 - System.tprint - INFO - ℹ️ ✅ Uniqueness weights computed. Mean: 1.0000, Min: 0.4373, Max: 1.3118 SUCCESS
[I 2025-12-14 13:09:24,625] Trial 1974 finished with value: -0.006654654176246567 and parameters: {'trail_distance_atr_mult': 0.8209983568118909}. Best is trial 126 with value: -0.000363295272717509.
[2025-12-14 13:09:25.806] ⚖️ Computing uniqueness weights for 9018 events... INFO
2025-12-14 13:09:25,806 - System.tprint - INFO - ℹ️ ⚖️ Computing uniqueness weights for 9018 events... INFO
[2025-12-14 13:09:25.817] ✅ Uniqueness weights computed. Mean: 1.0000, Min: 0.4373, Max: 1.3120 SUCCESS
2025-12-14 13:09:25,817 - System.tprint - INFO - ℹ️ ✅ Uniqueness weights computed. Mean: 1.0000, Min: 0.4373, Max: 1.3120 SUCCESS
[I 2025-12-14 13:09:26,511] Trial 1975 finished with value: -0.007658105418136803 and parameters: {'trail_distance_atr_mult': 1.1046941068119673}. Best is trial 126 with value: -0.000363295272717509.
[2025-12-14 13:09:27.740] ⚖️ Computing uniqueness weights for 9018 events... INFO
2025-12-14 13:09:27,740 - System.tprint - INFO - ℹ️ ⚖️ Computing uniqueness weights for 9018 events... INFO
[2025-12-14 13:09:27.750] ✅ Uniqueness weights computed. Mean: 1.0000, Min: 0.4375, Max: 1.3124 SUCCESS
2025-12-14 13:09:27,750 - System.tprint - INFO - ℹ️ ✅ Uniqueness weights computed. Mean: 1.0000, Min: 0.4375, Max: 1.3124 SUCCESS
[I 2025-12-14 13:09:28,394] Trial 1976 finished with value: -0.003237368190267642 and parameters: {'trail_distance_atr_mult': 1.3382822223710777}. Best is trial 126 with value: -0.000363295272717509.
[2025-12-14 13:09:29.594] ⚖️ Computing uniqueness weights for 9018 events... INFO
2025-12-14 13:09:29,594 - System.tprint - INFO - ℹ️ ⚖️ Computing uniqueness weights for 9018 events... INFO
[2025-12-14 13:09:29.604] ✅ Uniqueness weights computed. Mean: 1.0000, Min: 0.4373, Max: 1.3119 SUCCESS
2025-12-14 13:09:29,605 - System.tprint - INFO - ℹ️ ✅ Uniqueness weights computed. Mean: 1.0000, Min: 0.4373, Max: 1.3119 SUCCESS
[I 2025-12-14 13:09:30,240] Trial 1977 finished with value: -0.006751241995181098 and parameters: {'trail_distance_atr_mult': 1.004792542022958}. Best is trial 126 with value: -0.000363295272717509.
[2025-12-14 13:09:31.443] ⚖️ Computing uniqueness weights for 9018 events... INFO
2025-12-14 13:09:31,443 - System.tprint - INFO - ℹ️ ⚖️ Computing uniqueness weights for 9018 events... INFO
[2025-12-14 13:09:31.453] ✅ Uniqueness weights computed. Mean: 1.0000, Min: 0.4372, Max: 1.3117 SUCCESS
2025-12-14 13:09:31,454 - System.tprint - INFO - ℹ️ ✅ Uniqueness weights computed. Mean: 1.0000, Min: 0.4372, Max: 1.3117 SUCCESS
[I 2025-12-14 13:09:32,092] Trial 1978 finished with value: -0.007588365480589655 and parameters: {'trail_distance_atr_mult': 0.7505456873961783}. Best is trial 126 with value: -0.000363295272717509.
[2025-12-14 13:09:33.309] ⚖️ Computing uniqueness weights for 9018 events... INFO
2025-12-14 13:09:33,309 - System.tprint - INFO - ℹ️ ⚖️ Computing uniqueness weights for 9018 events... INFO
[2025-12-14 13:09:33.318] ✅ Uniqueness weights computed. Mean: 1.0000, Min: 0.4373, Max: 1.3120 SUCCESS
2025-12-14 13:09:33,319 - System.tprint - INFO - ℹ️ ✅ Uniqueness weights computed. Mean: 1.0000, Min: 0.4373, Max: 1.3120 SUCCESS
[I 2025-12-14 13:09:33,982] Trial 1979 finished with value: -0.007816488274472524 and parameters: {'trail_distance_atr_mult': 1.1273744298561355}. Best is trial 126 with value: -0.000363295272717509.
[2025-12-14 13:09:35.192] ⚖️ Computing uniqueness weights for 9018 events... INFO
2025-12-14 13:09:35,192 - System.tprint - INFO - ℹ️ ⚖️ Computing uniqueness weights for 9018 events... INFO
[2025-12-14 13:09:35.203] ✅ Uniqueness weights computed. Mean: 1.0000, Min: 0.4373, Max: 1.3118 SUCCESS
2025-12-14 13:09:35,203 - System.tprint - INFO - ℹ️ ✅ Uniqueness weights computed. Mean: 1.0000, Min: 0.4373, Max: 1.3118 SUCCESS
[I 2025-12-14 13:09:35,842] Trial 1980 finished with value: -0.006778398104670105 and parameters: {'trail_distance_atr_mult': 0.9362142171320011}. Best is trial 126 with value: -0.000363295272717509.
[2025-12-14 13:09:37.031] ⚖️ Computing uniqueness weights for 9018 events... INFO
2025-12-14 13:09:37,031 - System.tprint - INFO - ℹ️ ⚖️ Computing uniqueness weights for 9018 events... INFO
[2025-12-14 13:09:37.040] ✅ Uniqueness weights computed. Mean: 1.0000, Min: 0.4375, Max: 1.3124 SUCCESS
2025-12-14 13:09:37,040 - System.tprint - INFO - ℹ️ ✅ Uniqueness weights computed. Mean: 1.0000, Min: 0.4375, Max: 1.3124 SUCCESS
[I 2025-12-14 13:09:37,680] Trial 1981 finished with value: -0.0032373743006033815 and parameters: {'trail_distance_atr_mult': 1.3228856168187717}. Best is trial 126 with value: -0.000363295272717509.
[2025-12-14 13:09:38.892] ⚖️ Computing uniqueness weights for 9018 events... INFO
2025-12-14 13:09:38,893 - System.tprint - INFO - ℹ️ ⚖️ Computing uniqueness weights for 9018 events... INFO
[2025-12-14 13:09:38.902] ✅ Uniqueness weights computed. Mean: 1.0000, Min: 0.4373, Max: 1.3120 SUCCESS
2025-12-14 13:09:38,902 - System.tprint - INFO - ℹ️ ✅ Uniqueness weights computed. Mean: 1.0000, Min: 0.4373, Max: 1.3120 SUCCESS
[I 2025-12-14 13:09:39,558] Trial 1982 finished with value: -0.00781648830831838 and parameters: {'trail_distance_atr_mult': 1.1237744624690205}. Best is trial 126 with value: -0.000363295272717509.
[2025-12-14 13:09:40.756] ⚖️ Computing uniqueness weights for 9018 events... INFO
2025-12-14 13:09:40,756 - System.tprint - INFO - ℹ️ ⚖️ Computing uniqueness weights for 9018 events... INFO
[2025-12-14 13:09:40.765] ✅ Uniqueness weights computed. Mean: 1.0000, Min: 0.4372, Max: 1.3117 SUCCESS
2025-12-14 13:09:40,766 - System.tprint - INFO - ℹ️ ✅ Uniqueness weights computed. Mean: 1.0000, Min: 0.4372, Max: 1.3117 SUCCESS
[I 2025-12-14 13:09:41,397] Trial 1983 finished with value: -0.007479331783459741 and parameters: {'trail_distance_atr_mult': 0.6708367532250255}. Best is trial 126 with value: -0.000363295272717509.
[2025-12-14 13:09:42.597] ⚖️ Computing uniqueness weights for 9018 events... INFO
2025-12-14 13:09:42,597 - System.tprint - INFO - ℹ️ ⚖️ Computing uniqueness weights for 9018 events... INFO
[2025-12-14 13:09:42.607] ✅ Uniqueness weights computed. Mean: 1.0000, Min: 0.4373, Max: 1.3118 SUCCESS
2025-12-14 13:09:42,607 - System.tprint - INFO - ℹ️ ✅ Uniqueness weights computed. Mean: 1.0000, Min: 0.4373, Max: 1.3118 SUCCESS
[I 2025-12-14 13:09:43,239] Trial 1984 finished with value: -0.006741929282750862 and parameters: {'trail_distance_atr_mult': 0.9889703031626649}. Best is trial 126 with value: -0.000363295272717509.
[2025-12-14 13:09:44.459] ⚖️ Computing uniqueness weights for 9018 events... INFO
2025-12-14 13:09:44,459 - System.tprint - INFO - ℹ️ ⚖️ Computing uniqueness weights for 9018 events... INFO
[2025-12-14 13:09:44.468] ✅ Uniqueness weights computed. Mean: 1.0000, Min: 0.4374, Max: 1.3121 SUCCESS
2025-12-14 13:09:44,469 - System.tprint - INFO - ℹ️ ✅ Uniqueness weights computed. Mean: 1.0000, Min: 0.4374, Max: 1.3121 SUCCESS
[I 2025-12-14 13:09:45,109] Trial 1985 finished with value: -0.00770127511659882 and parameters: {'trail_distance_atr_mult': 1.151354506720499}. Best is trial 126 with value: -0.000363295272717509.
[2025-12-14 13:09:46.322] ⚖️ Computing uniqueness weights for 9018 events... INFO
2025-12-14 13:09:46,322 - System.tprint - INFO - ℹ️ ⚖️ Computing uniqueness weights for 9018 events... INFO
[2025-12-14 13:09:46.333] ✅ Uniqueness weights computed. Mean: 1.0000, Min: 0.4372, Max: 1.3117 SUCCESS
2025-12-14 13:09:46,333 - System.tprint - INFO - ℹ️ ✅ Uniqueness weights computed. Mean: 1.0000, Min: 0.4372, Max: 1.3117 SUCCESS
[I 2025-12-14 13:09:46,972] Trial 1986 finished with value: -0.006727955964518386 and parameters: {'trail_distance_atr_mult': 0.8037551737524541}. Best is trial 126 with value: -0.000363295272717509.
[2025-12-14 13:09:48.176] ⚖️ Computing uniqueness weights for 9018 events... INFO
2025-12-14 13:09:48,176 - System.tprint - INFO - ℹ️ ⚖️ Computing uniqueness weights for 9018 events... INFO
[2025-12-14 13:09:48.186] ✅ Uniqueness weights computed. Mean: 1.0000, Min: 0.4373, Max: 1.3118 SUCCESS
2025-12-14 13:09:48,186 - System.tprint - INFO - ℹ️ ✅ Uniqueness weights computed. Mean: 1.0000, Min: 0.4373, Max: 1.3118 SUCCESS
[I 2025-12-14 13:09:48,822] Trial 1987 finished with value: -0.006758320305270125 and parameters: {'trail_distance_atr_mult': 0.9652919558242383}. Best is trial 126 with value: -0.000363295272717509.
[2025-12-14 13:09:50.020] ⚖️ Computing uniqueness weights for 9018 events... INFO
2025-12-14 13:09:50,020 - System.tprint - INFO - ℹ️ ⚖️ Computing uniqueness weights for 9018 events... INFO
[2025-12-14 13:09:50.030] ✅ Uniqueness weights computed. Mean: 1.0000, Min: 0.4375, Max: 1.3124 SUCCESS
2025-12-14 13:09:50,030 - System.tprint - INFO - ℹ️ ✅ Uniqueness weights computed. Mean: 1.0000, Min: 0.4375, Max: 1.3124 SUCCESS
[I 2025-12-14 13:09:50,672] Trial 1988 finished with value: -0.0032373759584121004 and parameters: {'trail_distance_atr_mult': 1.3203124702855906}. Best is trial 126 with value: -0.000363295272717509.
[2025-12-14 13:09:51.879] ⚖️ Computing uniqueness weights for 9018 events... INFO
2025-12-14 13:09:51,879 - System.tprint - INFO - ℹ️ ⚖️ Computing uniqueness weights for 9018 events... INFO
[2025-12-14 13:09:51.889] ✅ Uniqueness weights computed. Mean: 1.0000, Min: 0.4374, Max: 1.3121 SUCCESS
2025-12-14 13:09:51,889 - System.tprint - INFO - ℹ️ ✅ Uniqueness weights computed. Mean: 1.0000, Min: 0.4374, Max: 1.3121 SUCCESS
[I 2025-12-14 13:09:52,521] Trial 1989 finished with value: -0.007701253187235141 and parameters: {'trail_distance_atr_mult': 1.1552792623589434}. Best is trial 126 with value: -0.000363295272717509.
[2025-12-14 13:09:53.743] ⚖️ Computing uniqueness weights for 9018 events... INFO
2025-12-14 13:09:53,744 - System.tprint - INFO - ℹ️ ⚖️ Computing uniqueness weights for 9018 events... INFO
[2025-12-14 13:09:53.754] ✅ Uniqueness weights computed. Mean: 1.0000, Min: 0.4372, Max: 1.3117 SUCCESS
2025-12-14 13:09:53,754 - System.tprint - INFO - ℹ️ ✅ Uniqueness weights computed. Mean: 1.0000, Min: 0.4372, Max: 1.3117 SUCCESS
[I 2025-12-14 13:09:54,387] Trial 1990 finished with value: -0.006728017804989829 and parameters: {'trail_distance_atr_mult': 0.797778786346121}. Best is trial 126 with value: -0.000363295272717509.
[2025-12-14 13:09:55.590] ⚖️ Computing uniqueness weights for 9018 events... INFO
2025-12-14 13:09:55,590 - System.tprint - INFO - ℹ️ ⚖️ Computing uniqueness weights for 9018 events... INFO
[2025-12-14 13:09:55.599] ✅ Uniqueness weights computed. Mean: 1.0000, Min: 0.4373, Max: 1.3118 SUCCESS
2025-12-14 13:09:55,600 - System.tprint - INFO - ℹ️ ✅ Uniqueness weights computed. Mean: 1.0000, Min: 0.4373, Max: 1.3118 SUCCESS
[I 2025-12-14 13:09:56,233] Trial 1991 finished with value: -0.006741869174412414 and parameters: {'trail_distance_atr_mult': 0.9812164147326434}. Best is trial 126 with value: -0.000363295272717509.
[2025-12-14 13:09:57.532] ⚖️ Computing uniqueness weights for 9018 events... INFO
2025-12-14 13:09:57,533 - System.tprint - INFO - ℹ️ ⚖️ Computing uniqueness weights for 9018 events... INFO
[2025-12-14 13:09:57.544] ✅ Uniqueness weights computed. Mean: 1.0000, Min: 0.4372, Max: 1.3117 SUCCESS
2025-12-14 13:09:57,544 - System.tprint - INFO - ℹ️ ✅ Uniqueness weights computed. Mean: 1.0000, Min: 0.4372, Max: 1.3117 SUCCESS
[I 2025-12-14 13:09:58,189] Trial 1992 finished with value: -0.007321828937469562 and parameters: {'trail_distance_atr_mult': 0.5062072274974486}. Best is trial 126 with value: -0.000363295272717509.
[2025-12-14 13:09:59.402] ⚖️ Computing uniqueness weights for 9018 events... INFO
2025-12-14 13:09:59,402 - System.tprint - INFO - ℹ️ ⚖️ Computing uniqueness weights for 9018 events... INFO
[2025-12-14 13:09:59.412] ✅ Uniqueness weights computed. Mean: 1.0000, Min: 0.4374, Max: 1.3121 SUCCESS
2025-12-14 13:09:59,412 - System.tprint - INFO - ℹ️ ✅ Uniqueness weights computed. Mean: 1.0000, Min: 0.4374, Max: 1.3121 SUCCESS
[I 2025-12-14 13:10:00,068] Trial 1993 finished with value: -0.007701256246169032 and parameters: {'trail_distance_atr_mult': 1.1546492514788387}. Best is trial 126 with value: -0.000363295272717509.
[2025-12-14 13:10:01.258] ⚖️ Computing uniqueness weights for 9018 events... INFO
2025-12-14 13:10:01,258 - System.tprint - INFO - ℹ️ ⚖️ Computing uniqueness weights for 9018 events... INFO
[2025-12-14 13:10:01.268] ✅ Uniqueness weights computed. Mean: 1.0000, Min: 0.4373, Max: 1.3118 SUCCESS
2025-12-14 13:10:01,268 - System.tprint - INFO - ℹ️ ✅ Uniqueness weights computed. Mean: 1.0000, Min: 0.4373, Max: 1.3118 SUCCESS
