[I 2025-12-14 13:13:57,407] Trial 2099 finished with value: -0.0067279564314966555 and parameters: {'trail_distance_atr_mult': 0.8037114320772729}. Best is trial 126 with value: -0.000363295272717509.
[2025-12-14 13:13:58.609] ⚖️ Computing uniqueness weights for 9018 events... INFO
2025-12-14 13:13:58,609 - System.tprint - INFO - ℹ️ ⚖️ Computing uniqueness weights for 9018 events... INFO
[2025-12-14 13:13:58.619] ✅ Uniqueness weights computed. Mean: 1.0000, Min: 0.4372, Max: 1.3117 SUCCESS
2025-12-14 13:13:58,620 - System.tprint - INFO - ℹ️ ✅ Uniqueness weights computed. Mean: 1.0000, Min: 0.4372, Max: 1.3117 SUCCESS
[I 2025-12-14 13:13:59,353] Trial 2100 finished with value: -0.006727877357646202 and parameters: {'trail_distance_atr_mult': 0.8111660314886178}. Best is trial 126 with value: -0.000363295272717509.
[2025-12-14 13:14:00.599] ⚖️ Computing uniqueness weights for 9018 events... INFO
2025-12-14 13:14:00,600 - System.tprint - INFO - ℹ️ ⚖️ Computing uniqueness weights for 9018 events... INFO
[2025-12-14 13:14:00.609] ✅ Uniqueness weights computed. Mean: 1.0000, Min: 0.4372, Max: 1.3117 SUCCESS
2025-12-14 13:14:00,609 - System.tprint - INFO - ℹ️ ✅ Uniqueness weights computed. Mean: 1.0000, Min: 0.4372, Max: 1.3117 SUCCESS
[I 2025-12-14 13:14:01,322] Trial 2101 finished with value: -0.006728075927093781 and parameters: {'trail_distance_atr_mult': 0.7920535243442121}. Best is trial 126 with value: -0.000363295272717509.
[2025-12-14 13:14:02.550] ⚖️ Computing uniqueness weights for 9018 events... INFO
2025-12-14 13:14:02,550 - System.tprint - INFO - ℹ️ ⚖️ Computing uniqueness weights for 9018 events... INFO
[2025-12-14 13:14:02.560] ✅ Uniqueness weights computed. Mean: 1.0000, Min: 0.4372, Max: 1.3117 SUCCESS
2025-12-14 13:14:02,560 - System.tprint - INFO - ℹ️ ✅ Uniqueness weights computed. Mean: 1.0000, Min: 0.4372, Max: 1.3117 SUCCESS
[I 2025-12-14 13:14:03,203] Trial 2102 finished with value: -0.006728038933619903 and parameters: {'trail_distance_atr_mult': 0.7957111304374034}. Best is trial 126 with value: -0.000363295272717509.
[2025-12-14 13:14:04.411] ⚖️ Computing uniqueness weights for 9018 events... INFO
2025-12-14 13:14:04,411 - System.tprint - INFO - ℹ️ ⚖️ Computing uniqueness weights for 9018 events... INFO
[2025-12-14 13:14:04.421] ✅ Uniqueness weights computed. Mean: 1.0000, Min: 0.4373, Max: 1.3118 SUCCESS
2025-12-14 13:14:04,421 - System.tprint - INFO - ℹ️ ✅ Uniqueness weights computed. Mean: 1.0000, Min: 0.4373, Max: 1.3118 SUCCESS
[I 2025-12-14 13:14:05,059] Trial 2103 finished with value: -0.006734841427504758 and parameters: {'trail_distance_atr_mult': 0.8591449166256251}. Best is trial 126 with value: -0.000363295272717509.
[2025-12-14 13:14:06.222] ⚖️ Computing uniqueness weights for 9018 events... INFO
2025-12-14 13:14:06,222 - System.tprint - INFO - ℹ️ ⚖️ Computing uniqueness weights for 9018 events... INFO
[2025-12-14 13:14:06.232] ✅ Uniqueness weights computed. Mean: 1.0000, Min: 0.4372, Max: 1.3117 SUCCESS
2025-12-14 13:14:06,232 - System.tprint - INFO - ℹ️ ✅ Uniqueness weights computed. Mean: 1.0000, Min: 0.4372, Max: 1.3117 SUCCESS
[I 2025-12-14 13:14:06,870] Trial 2104 finished with value: -0.00758835735007538 and parameters: {'trail_distance_atr_mult': 0.7413000084447636}. Best is trial 126 with value: -0.000363295272717509.
[2025-12-14 13:14:08.096] ⚖️ Computing uniqueness weights for 9018 events... INFO
2025-12-14 13:14:08,096 - System.tprint - INFO - ℹ️ ⚖️ Computing uniqueness weights for 9018 events... INFO
[2025-12-14 13:14:08.106] ✅ Uniqueness weights computed. Mean: 1.0000, Min: 0.4373, Max: 1.3118 SUCCESS
2025-12-14 13:14:08,106 - System.tprint - INFO - ℹ️ ✅ Uniqueness weights computed. Mean: 1.0000, Min: 0.4373, Max: 1.3118 SUCCESS
[I 2025-12-14 13:14:08,800] Trial 2105 finished with value: -0.006654653369130075 and parameters: {'trail_distance_atr_mult': 0.8219822468555055}. Best is trial 126 with value: -0.000363295272717509.
[2025-12-14 13:14:10.025] ⚖️ Computing uniqueness weights for 9018 events... INFO
2025-12-14 13:14:10,025 - System.tprint - INFO - ℹ️ ⚖️ Computing uniqueness weights for 9018 events... INFO
[2025-12-14 13:14:10.035] ✅ Uniqueness weights computed. Mean: 1.0000, Min: 0.4372, Max: 1.3117 SUCCESS
2025-12-14 13:14:10,035 - System.tprint - INFO - ℹ️ ✅ Uniqueness weights computed. Mean: 1.0000, Min: 0.4372, Max: 1.3117 SUCCESS
[I 2025-12-14 13:14:10,670] Trial 2106 finished with value: -0.006727875172936413 and parameters: {'trail_distance_atr_mult': 0.8113640529304829}. Best is trial 126 with value: -0.000363295272717509.
[2025-12-14 13:14:11.872] ⚖️ Computing uniqueness weights for 9018 events... INFO
2025-12-14 13:14:11,873 - System.tprint - INFO - ℹ️ ⚖️ Computing uniqueness weights for 9018 events... INFO
[2025-12-14 13:14:11.882] ✅ Uniqueness weights computed. Mean: 1.0000, Min: 0.4372, Max: 1.3117 SUCCESS
2025-12-14 13:14:11,882 - System.tprint - INFO - ℹ️ ✅ Uniqueness weights computed. Mean: 1.0000, Min: 0.4372, Max: 1.3117 SUCCESS
[I 2025-12-14 13:14:12,594] Trial 2107 finished with value: -0.007321828937469562 and parameters: {'trail_distance_atr_mult': 0.5105970658868486}. Best is trial 126 with value: -0.000363295272717509.
[2025-12-14 13:14:13.811] ⚖️ Computing uniqueness weights for 9018 events... INFO
2025-12-14 13:14:13,811 - System.tprint - INFO - ℹ️ ⚖️ Computing uniqueness weights for 9018 events... INFO
[2025-12-14 13:14:13.821] ✅ Uniqueness weights computed. Mean: 1.0000, Min: 0.4373, Max: 1.3118 SUCCESS
2025-12-14 13:14:13,822 - System.tprint - INFO - ℹ️ ✅ Uniqueness weights computed. Mean: 1.0000, Min: 0.4373, Max: 1.3118 SUCCESS
[I 2025-12-14 13:14:14,456] Trial 2108 finished with value: -0.006584432693249275 and parameters: {'trail_distance_atr_mult': 0.8487083451692785}. Best is trial 126 with value: -0.000363295272717509.
[2025-12-14 13:14:15.690] ⚖️ Computing uniqueness weights for 9018 events... INFO
2025-12-14 13:14:15,690 - System.tprint - INFO - ℹ️ ⚖️ Computing uniqueness weights for 9018 events... INFO
[2025-12-14 13:14:15.700] ✅ Uniqueness weights computed. Mean: 1.0000, Min: 0.4372, Max: 1.3117 SUCCESS
2025-12-14 13:14:15,700 - System.tprint - INFO - ℹ️ ✅ Uniqueness weights computed. Mean: 1.0000, Min: 0.4372, Max: 1.3117 SUCCESS
[I 2025-12-14 13:14:16,370] Trial 2109 finished with value: -0.007546852514577222 and parameters: {'trail_distance_atr_mult': 0.6405162278258362}. Best is trial 126 with value: -0.000363295272717509.
[2025-12-14 13:14:17.586] ⚖️ Computing uniqueness weights for 9018 events... INFO
2025-12-14 13:14:17,586 - System.tprint - INFO - ℹ️ ⚖️ Computing uniqueness weights for 9018 events... INFO
[2025-12-14 13:14:17.595] ✅ Uniqueness weights computed. Mean: 1.0000, Min: 0.4373, Max: 1.3118 SUCCESS
2025-12-14 13:14:17,596 - System.tprint - INFO - ℹ️ ✅ Uniqueness weights computed. Mean: 1.0000, Min: 0.4373, Max: 1.3118 SUCCESS
[I 2025-12-14 13:14:18,231] Trial 2110 finished with value: -0.0065844469834675685 and parameters: {'trail_distance_atr_mult': 0.8542219789230671}. Best is trial 126 with value: -0.000363295272717509.
[2025-12-14 13:14:19.449] ⚖️ Computing uniqueness weights for 9018 events... INFO
2025-12-14 13:14:19,449 - System.tprint - INFO - ℹ️ ⚖️ Computing uniqueness weights for 9018 events... INFO
[2025-12-14 13:14:19.459] ✅ Uniqueness weights computed. Mean: 1.0000, Min: 0.4373, Max: 1.3118 SUCCESS
2025-12-14 13:14:19,459 - System.tprint - INFO - ℹ️ ✅ Uniqueness weights computed. Mean: 1.0000, Min: 0.4373, Max: 1.3118 SUCCESS
[I 2025-12-14 13:14:20,097] Trial 2111 finished with value: -0.006584449385617768 and parameters: {'trail_distance_atr_mult': 0.8551770761843509}. Best is trial 126 with value: -0.000363295272717509.
[2025-12-14 13:14:21.309] ⚖️ Computing uniqueness weights for 9018 events... INFO
2025-12-14 13:14:21,309 - System.tprint - INFO - ℹ️ ⚖️ Computing uniqueness weights for 9018 events... INFO
[2025-12-14 13:14:21.318] ✅ Uniqueness weights computed. Mean: 1.0000, Min: 0.4373, Max: 1.3118 SUCCESS
2025-12-14 13:14:21,319 - System.tprint - INFO - ℹ️ ✅ Uniqueness weights computed. Mean: 1.0000, Min: 0.4373, Max: 1.3118 SUCCESS
[I 2025-12-14 13:14:21,950] Trial 2112 finished with value: -0.0067211832817140665 and parameters: {'trail_distance_atr_mult': 0.9030288876718755}. Best is trial 126 with value: -0.000363295272717509.
[2025-12-14 13:14:23.148] ⚖️ Computing uniqueness weights for 9018 events... INFO
2025-12-14 13:14:23,148 - System.tprint - INFO - ℹ️ ⚖️ Computing uniqueness weights for 9018 events... INFO
[2025-12-14 13:14:23.157] ✅ Uniqueness weights computed. Mean: 1.0000, Min: 0.4372, Max: 1.3117 SUCCESS
2025-12-14 13:14:23,158 - System.tprint - INFO - ℹ️ ✅ Uniqueness weights computed. Mean: 1.0000, Min: 0.4372, Max: 1.3117 SUCCESS
[I 2025-12-14 13:14:23,794] Trial 2113 finished with value: -0.0034849037542104768 and parameters: {'trail_distance_atr_mult': 0.6604166016232245}. Best is trial 126 with value: -0.000363295272717509.
[2025-12-14 13:14:24.995] ⚖️ Computing uniqueness weights for 9018 events... INFO
2025-12-14 13:14:24,995 - System.tprint - INFO - ℹ️ ⚖️ Computing uniqueness weights for 9018 events... INFO
[2025-12-14 13:14:25.006] ✅ Uniqueness weights computed. Mean: 1.0000, Min: 0.4373, Max: 1.3118 SUCCESS
2025-12-14 13:14:25,006 - System.tprint - INFO - ℹ️ ✅ Uniqueness weights computed. Mean: 1.0000, Min: 0.4373, Max: 1.3118 SUCCESS
[I 2025-12-14 13:14:25,659] Trial 2114 finished with value: -0.00688895479696245 and parameters: {'trail_distance_atr_mult': 0.9196510023243838}. Best is trial 126 with value: -0.000363295272717509.
[2025-12-14 13:14:26.857] ⚖️ Computing uniqueness weights for 9018 events... INFO
2025-12-14 13:14:26,857 - System.tprint - INFO - ℹ️ ⚖️ Computing uniqueness weights for 9018 events... INFO
[2025-12-14 13:14:26.867] ✅ Uniqueness weights computed. Mean: 1.0000, Min: 0.4373, Max: 1.3118 SUCCESS
2025-12-14 13:14:26,867 - System.tprint - INFO - ℹ️ ✅ Uniqueness weights computed. Mean: 1.0000, Min: 0.4373, Max: 1.3118 SUCCESS
[I 2025-12-14 13:14:27,742] Trial 2115 finished with value: -0.006888959021606123 and parameters: {'trail_distance_atr_mult': 0.9220987083697104}. Best is trial 126 with value: -0.000363295272717509.
[2025-12-14 13:14:28.958] ⚖️ Computing uniqueness weights for 9018 events... INFO
2025-12-14 13:14:28,958 - System.tprint - INFO - ℹ️ ⚖️ Computing uniqueness weights for 9018 events... INFO
[2025-12-14 13:14:28.969] ✅ Uniqueness weights computed. Mean: 1.0000, Min: 0.4373, Max: 1.3118 SUCCESS
2025-12-14 13:14:28,969 - System.tprint - INFO - ℹ️ ✅ Uniqueness weights computed. Mean: 1.0000, Min: 0.4373, Max: 1.3118 SUCCESS
[I 2025-12-14 13:14:29,604] Trial 2116 finished with value: -0.0068889514424144765 and parameters: {'trail_distance_atr_mult': 0.9177747301333185}. Best is trial 126 with value: -0.000363295272717509.
[2025-12-14 13:14:30.824] ⚖️ Computing uniqueness weights for 9018 events... INFO
2025-12-14 13:14:30,824 - System.tprint - INFO - ℹ️ ⚖️ Computing uniqueness weights for 9018 events... INFO
[2025-12-14 13:14:30.834] ✅ Uniqueness weights computed. Mean: 1.0000, Min: 0.4372, Max: 1.3117 SUCCESS
2025-12-14 13:14:30,834 - System.tprint - INFO - ℹ️ ✅ Uniqueness weights computed. Mean: 1.0000, Min: 0.4372, Max: 1.3117 SUCCESS
[I 2025-12-14 13:14:31,473] Trial 2117 finished with value: -0.007546852514577222 and parameters: {'trail_distance_atr_mult': 0.6397761567601659}. Best is trial 126 with value: -0.000363295272717509.
[2025-12-14 13:14:32.626] ⚖️ Computing uniqueness weights for 9018 events... INFO
2025-12-14 13:14:32,626 - System.tprint - INFO - ℹ️ ⚖️ Computing uniqueness weights for 9018 events... INFO
[2025-12-14 13:14:32.636] ✅ Uniqueness weights computed. Mean: 1.0000, Min: 0.4373, Max: 1.3118 SUCCESS
2025-12-14 13:14:32,636 - System.tprint - INFO - ℹ️ ✅ Uniqueness weights computed. Mean: 1.0000, Min: 0.4373, Max: 1.3118 SUCCESS
[I 2025-12-14 13:14:33,283] Trial 2118 finished with value: -0.006778422134186858 and parameters: {'trail_distance_atr_mult': 0.9534767418394157}. Best is trial 126 with value: -0.000363295272717509.
[2025-12-14 13:14:34.444] ⚖️ Computing uniqueness weights for 9018 events... INFO
2025-12-14 13:14:34,444 - System.tprint - INFO - ℹ️ ⚖️ Computing uniqueness weights for 9018 events... INFO
[2025-12-14 13:14:34.455] ✅ Uniqueness weights computed. Mean: 1.0000, Min: 0.4372, Max: 1.3117 SUCCESS
2025-12-14 13:14:34,455 - System.tprint - INFO - ℹ️ ✅ Uniqueness weights computed. Mean: 1.0000, Min: 0.4372, Max: 1.3117 SUCCESS
[I 2025-12-14 13:14:35,112] Trial 2119 finished with value: -0.006727809341358839 and parameters: {'trail_distance_atr_mult': 0.817389162706881}. Best is trial 126 with value: -0.000363295272717509.
[2025-12-14 13:14:36.324] ⚖️ Computing uniqueness weights for 9018 events... INFO
2025-12-14 13:14:36,324 - System.tprint - INFO - ℹ️ ⚖️ Computing uniqueness weights for 9018 events... INFO
[2025-12-14 13:14:36.333] ✅ Uniqueness weights computed. Mean: 1.0000, Min: 0.4373, Max: 1.3119 SUCCESS
2025-12-14 13:14:36,334 - System.tprint - INFO - ℹ️ ✅ Uniqueness weights computed. Mean: 1.0000, Min: 0.4373, Max: 1.3119 SUCCESS
[I 2025-12-14 13:14:36,973] Trial 2120 finished with value: -0.006751257717044147 and parameters: {'trail_distance_atr_mult': 1.0096928871622513}. Best is trial 126 with value: -0.000363295272717509.
[2025-12-14 13:14:38.174] ⚖️ Computing uniqueness weights for 9018 events... INFO
2025-12-14 13:14:38,174 - System.tprint - INFO - ℹ️ ⚖️ Computing uniqueness weights for 9018 events... INFO
[2025-12-14 13:14:38.184] ✅ Uniqueness weights computed. Mean: 1.0000, Min: 0.4372, Max: 1.3117 SUCCESS
2025-12-14 13:14:38,184 - System.tprint - INFO - ℹ️ ✅ Uniqueness weights computed. Mean: 1.0000, Min: 0.4372, Max: 1.3117 SUCCESS
[I 2025-12-14 13:14:38,825] Trial 2121 finished with value: -0.007479331783459741 and parameters: {'trail_distance_atr_mult': 0.6712249346903214}. Best is trial 126 with value: -0.000363295272717509.
[2025-12-14 13:14:40.045] ⚖️ Computing uniqueness weights for 9018 events... INFO
2025-12-14 13:14:40,046 - System.tprint - INFO - ℹ️ ⚖️ Computing uniqueness weights for 9018 events... INFO
[2025-12-14 13:14:40.057] ✅ Uniqueness weights computed. Mean: 1.0000, Min: 0.4373, Max: 1.3118 SUCCESS
2025-12-14 13:14:40,057 - System.tprint - INFO - ℹ️ ✅ Uniqueness weights computed. Mean: 1.0000, Min: 0.4373, Max: 1.3118 SUCCESS
[I 2025-12-14 13:14:40,700] Trial 2122 finished with value: -0.00675836055118063 and parameters: {'trail_distance_atr_mult': 0.9717478754147396}. Best is trial 126 with value: -0.000363295272717509.
[2025-12-14 13:14:41.901] ⚖️ Computing uniqueness weights for 9018 events... INFO
2025-12-14 13:14:41,901 - System.tprint - INFO - ℹ️ ⚖️ Computing uniqueness weights for 9018 events... INFO
[2025-12-14 13:14:41.910] ✅ Uniqueness weights computed. Mean: 1.0000, Min: 0.4383, Max: 1.3148 SUCCESS
2025-12-14 13:14:41,910 - System.tprint - INFO - ℹ️ ✅ Uniqueness weights computed. Mean: 1.0000, Min: 0.4383, Max: 1.3148 SUCCESS
[I 2025-12-14 13:14:42,589] Trial 2123 finished with value: -0.008408358297567444 and parameters: {'trail_distance_atr_mult': 2.51904139807234}. Best is trial 126 with value: -0.000363295272717509.
[2025-12-14 13:14:43.789] ⚖️ Computing uniqueness weights for 9018 events... INFO
2025-12-14 13:14:43,789 - System.tprint - INFO - ℹ️ ⚖️ Computing uniqueness weights for 9018 events... INFO
[2025-12-14 13:14:43.799] ✅ Uniqueness weights computed. Mean: 1.0000, Min: 0.4373, Max: 1.3119 SUCCESS
2025-12-14 13:14:43,799 - System.tprint - INFO - ℹ️ ✅ Uniqueness weights computed. Mean: 1.0000, Min: 0.4373, Max: 1.3119 SUCCESS
[I 2025-12-14 13:14:44,699] Trial 2124 finished with value: -0.006751237761534902 and parameters: {'trail_distance_atr_mult': 1.0034542654515688}. Best is trial 126 with value: -0.000363295272717509.
[2025-12-14 13:14:46.839] ⚖️ Computing uniqueness weights for 9018 events... INFO
2025-12-14 13:14:46,840 - System.tprint - INFO - ℹ️ ⚖️ Computing uniqueness weights for 9018 events... INFO
[2025-12-14 13:14:46.855] ✅ Uniqueness weights computed. Mean: 1.0000, Min: 0.4372, Max: 1.3117 SUCCESS
2025-12-14 13:14:46,855 - System.tprint - INFO - ℹ️ ✅ Uniqueness weights computed. Mean: 1.0000, Min: 0.4372, Max: 1.3117 SUCCESS
[I 2025-12-14 13:14:47,856] Trial 2125 finished with value: -0.006728090697257068 and parameters: {'trail_distance_atr_mult': 0.7905669359483432}. Best is trial 126 with value: -0.000363295272717509.
[2025-12-14 13:14:49.105] ⚖️ Computing uniqueness weights for 9018 events... INFO
2025-12-14 13:14:49,106 - System.tprint - INFO - ℹ️ ⚖️ Computing uniqueness weights for 9018 events... INFO
[2025-12-14 13:14:49.115] ✅ Uniqueness weights computed. Mean: 1.0000, Min: 0.4373, Max: 1.3119 SUCCESS
2025-12-14 13:14:49,115 - System.tprint - INFO - ℹ️ ✅ Uniqueness weights computed. Mean: 1.0000, Min: 0.4373, Max: 1.3119 SUCCESS
[I 2025-12-14 13:14:49,886] Trial 2126 finished with value: -0.006751221231069214 and parameters: {'trail_distance_atr_mult': 0.9983207878801512}. Best is trial 126 with value: -0.000363295272717509.
[2025-12-14 13:14:51.328] ⚖️ Computing uniqueness weights for 9018 events... INFO
2025-12-14 13:14:51,328 - System.tprint - INFO - ℹ️ ⚖️ Computing uniqueness weights for 9018 events... INFO
[2025-12-14 13:14:51.340] ✅ Uniqueness weights computed. Mean: 1.0000, Min: 0.4372, Max: 1.3117 SUCCESS
2025-12-14 13:14:51,340 - System.tprint - INFO - ℹ️ ✅ Uniqueness weights computed. Mean: 1.0000, Min: 0.4372, Max: 1.3117 SUCCESS
[I 2025-12-14 13:14:52,245] Trial 2127 finished with value: -0.007479331783459741 and parameters: {'trail_distance_atr_mult': 0.711723407781367}. Best is trial 126 with value: -0.000363295272717509.
[2025-12-14 13:14:53.625] ⚖️ Computing uniqueness weights for 9018 events... INFO
2025-12-14 13:14:53,625 - System.tprint - INFO - ℹ️ ⚖️ Computing uniqueness weights for 9018 events... INFO
[2025-12-14 13:14:53.637] ✅ Uniqueness weights computed. Mean: 1.0000, Min: 0.4373, Max: 1.3119 SUCCESS
2025-12-14 13:14:53,637 - System.tprint - INFO - ℹ️ ✅ Uniqueness weights computed. Mean: 1.0000, Min: 0.4373, Max: 1.3119 SUCCESS
[I 2025-12-14 13:14:54,529] Trial 2128 finished with value: -0.0075272272365663 and parameters: {'trail_distance_atr_mult': 1.0376304294096914}. Best is trial 126 with value: -0.000363295272717509.
[2025-12-14 13:14:55.911] ⚖️ Computing uniqueness weights for 9018 events... INFO
2025-12-14 13:14:55,911 - System.tprint - INFO - ℹ️ ⚖️ Computing uniqueness weights for 9018 events... INFO
[2025-12-14 13:14:55.922] ✅ Uniqueness weights computed. Mean: 1.0000, Min: 0.4372, Max: 1.3117 SUCCESS
2025-12-14 13:14:55,922 - System.tprint - INFO - ℹ️ ✅ Uniqueness weights computed. Mean: 1.0000, Min: 0.4372, Max: 1.3117 SUCCESS
[I 2025-12-14 13:14:56,811] Trial 2129 finished with value: -0.007321828937469562 and parameters: {'trail_distance_atr_mult': 0.502656757407667}. Best is trial 126 with value: -0.000363295272717509.
[2025-12-14 13:14:58.288] ⚖️ Computing uniqueness weights for 9018 events... INFO
2025-12-14 13:14:58,288 - System.tprint - INFO - ℹ️ ⚖️ Computing uniqueness weights for 9018 events... INFO
[2025-12-14 13:14:58.299] ✅ Uniqueness weights computed. Mean: 1.0000, Min: 0.4373, Max: 1.3118 SUCCESS
2025-12-14 13:14:58,299 - System.tprint - INFO - ℹ️ ✅ Uniqueness weights computed. Mean: 1.0000, Min: 0.4373, Max: 1.3118 SUCCESS
[I 2025-12-14 13:14:59,256] Trial 2130 finished with value: -0.006741922683874679 and parameters: {'trail_distance_atr_mult': 0.9881088219274727}. Best is trial 126 with value: -0.000363295272717509.
[2025-12-14 13:15:00.966] ⚖️ Computing uniqueness weights for 9018 events... INFO
2025-12-14 13:15:00,966 - System.tprint - INFO - ℹ️ ⚖️ Computing uniqueness weights for 9018 events... INFO
[2025-12-14 13:15:00.977] ✅ Uniqueness weights computed. Mean: 1.0000, Min: 0.4373, Max: 1.3118 SUCCESS
2025-12-14 13:15:00,977 - System.tprint - INFO - ℹ️ ✅ Uniqueness weights computed. Mean: 1.0000, Min: 0.4373, Max: 1.3118 SUCCESS
[I 2025-12-14 13:15:01,875] Trial 2131 finished with value: -0.0065844281508266 and parameters: {'trail_distance_atr_mult': 0.8469225905424728}. Best is trial 126 with value: -0.000363295272717509.
[2025-12-14 13:15:03.113] ⚖️ Computing uniqueness weights for 9018 events... INFO
2025-12-14 13:15:03,113 - System.tprint - INFO - ℹ️ ⚖️ Computing uniqueness weights for 9018 events... INFO
[2025-12-14 13:15:03.123] ✅ Uniqueness weights computed. Mean: 1.0000, Min: 0.4373, Max: 1.3120 SUCCESS
2025-12-14 13:15:03,123 - System.tprint - INFO - ℹ️ ✅ Uniqueness weights computed. Mean: 1.0000, Min: 0.4373, Max: 1.3120 SUCCESS
[I 2025-12-14 13:15:03,809] Trial 2132 finished with value: -0.00160065736949795 and parameters: {'trail_distance_atr_mult': 1.0817668549212378}. Best is trial 126 with value: -0.000363295272717509.
[2025-12-14 13:15:05.015] ⚖️ Computing uniqueness weights for 9018 events... INFO
2025-12-14 13:15:05,015 - System.tprint - INFO - ℹ️ ⚖️ Computing uniqueness weights for 9018 events... INFO
[2025-12-14 13:15:05.025] ✅ Uniqueness weights computed. Mean: 1.0000, Min: 0.4372, Max: 1.3117 SUCCESS
2025-12-14 13:15:05,025 - System.tprint - INFO - ℹ️ ✅ Uniqueness weights computed. Mean: 1.0000, Min: 0.4372, Max: 1.3117 SUCCESS
[I 2025-12-14 13:15:05,791] Trial 2133 finished with value: -0.006728167996360411 and parameters: {'trail_distance_atr_mult': 0.7827522949044579}. Best is trial 126 with value: -0.000363295272717509.
[2025-12-14 13:15:06.990] ⚖️ Computing uniqueness weights for 9018 events... INFO
2025-12-14 13:15:06,990 - System.tprint - INFO - ℹ️ ⚖️ Computing uniqueness weights for 9018 events... INFO
[2025-12-14 13:15:07.000] ✅ Uniqueness weights computed. Mean: 1.0000, Min: 0.4373, Max: 1.3120 SUCCESS
2025-12-14 13:15:07,001 - System.tprint - INFO - ℹ️ ✅ Uniqueness weights computed. Mean: 1.0000, Min: 0.4373, Max: 1.3120 SUCCESS
