[I 2025-12-14 11:54:25,536] Trial 35 finished with value: -0.008408339901898503 and parameters: {'trail_distance_atr_mult': 2.5209933702911527}. Best is trial 16 with value: -0.0022685425508630337.
[2025-12-14 11:54:27.008] ⚖️ Computing uniqueness weights for 9018 events... INFO
2025-12-14 11:54:27,009 - System.tprint - INFO - ℹ️ ⚖️ Computing uniqueness weights for 9018 events... INFO
[2025-12-14 11:54:27.021] ✅ Uniqueness weights computed. Mean: 1.0000, Min: 0.4375, Max: 1.3124 SUCCESS
2025-12-14 11:54:27,021 - System.tprint - INFO - ℹ️ ✅ Uniqueness weights computed. Mean: 1.0000, Min: 0.4375, Max: 1.3124 SUCCESS
[I 2025-12-14 11:54:27,934] Trial 36 finished with value: -0.0022685384463840925 and parameters: {'trail_distance_atr_mult': 1.2615344229334267}. Best is trial 36 with value: -0.0022685384463840925.
[2025-12-14 11:54:29.420] ⚖️ Computing uniqueness weights for 9018 events... INFO
2025-12-14 11:54:29,420 - System.tprint - INFO - ℹ️ ⚖️ Computing uniqueness weights for 9018 events... INFO
[2025-12-14 11:54:29.432] ✅ Uniqueness weights computed. Mean: 1.0000, Min: 0.4372, Max: 1.3117 SUCCESS
2025-12-14 11:54:29,432 - System.tprint - INFO - ℹ️ ✅ Uniqueness weights computed. Mean: 1.0000, Min: 0.4372, Max: 1.3117 SUCCESS
[I 2025-12-14 11:54:30,301] Trial 37 finished with value: -0.007588359891089341 and parameters: {'trail_distance_atr_mult': 0.7441802850159597}. Best is trial 36 with value: -0.0022685384463840925.
[2025-12-14 11:54:32.035] ⚖️ Computing uniqueness weights for 9018 events... INFO
2025-12-14 11:54:32,035 - System.tprint - INFO - ℹ️ ⚖️ Computing uniqueness weights for 9018 events... INFO
[2025-12-14 11:54:32.047] ✅ Uniqueness weights computed. Mean: 1.0000, Min: 0.4379, Max: 1.3138 SUCCESS
2025-12-14 11:54:32,047 - System.tprint - INFO - ℹ️ ✅ Uniqueness weights computed. Mean: 1.0000, Min: 0.4379, Max: 1.3138 SUCCESS
[I 2025-12-14 11:54:32,937] Trial 38 finished with value: -0.004492433041666683 and parameters: {'trail_distance_atr_mult': 2.210582566280392}. Best is trial 36 with value: -0.0022685384463840925.
[2025-12-14 11:54:34.296] ⚖️ Computing uniqueness weights for 9018 events... INFO
2025-12-14 11:54:34,296 - System.tprint - INFO - ℹ️ ⚖️ Computing uniqueness weights for 9018 events... INFO
[2025-12-14 11:54:34.308] ✅ Uniqueness weights computed. Mean: 1.0000, Min: 0.4376, Max: 1.3127 SUCCESS
2025-12-14 11:54:34,308 - System.tprint - INFO - ℹ️ ✅ Uniqueness weights computed. Mean: 1.0000, Min: 0.4376, Max: 1.3127 SUCCESS
[I 2025-12-14 11:54:35,164] Trial 39 finished with value: -0.003172271672319441 and parameters: {'trail_distance_atr_mult': 1.6003812343490034}. Best is trial 36 with value: -0.0022685384463840925.
[2025-12-14 11:54:36.590] ⚖️ Computing uniqueness weights for 9018 events... INFO
2025-12-14 11:54:36,591 - System.tprint - INFO - ℹ️ ⚖️ Computing uniqueness weights for 9018 events... INFO
[2025-12-14 11:54:36.603] ✅ Uniqueness weights computed. Mean: 1.0000, Min: 0.4372, Max: 1.3117 SUCCESS
2025-12-14 11:54:36,603 - System.tprint - INFO - ℹ️ ✅ Uniqueness weights computed. Mean: 1.0000, Min: 0.4372, Max: 1.3117 SUCCESS
[I 2025-12-14 11:54:37,461] Trial 40 finished with value: -0.006727941997307048 and parameters: {'trail_distance_atr_mult': 0.8050955871119471}. Best is trial 36 with value: -0.0022685384463840925.
[2025-12-14 11:54:38.875] ⚖️ Computing uniqueness weights for 9018 events... INFO
2025-12-14 11:54:38,875 - System.tprint - INFO - ℹ️ ⚖️ Computing uniqueness weights for 9018 events... INFO
[2025-12-14 11:54:38.886] ✅ Uniqueness weights computed. Mean: 1.0000, Min: 0.4377, Max: 1.3130 SUCCESS
2025-12-14 11:54:38,886 - System.tprint - INFO - ℹ️ ✅ Uniqueness weights computed. Mean: 1.0000, Min: 0.4377, Max: 1.3130 SUCCESS
[I 2025-12-14 11:54:39,780] Trial 41 finished with value: -0.008195404633815039 and parameters: {'trail_distance_atr_mult': 1.7379422752781755}. Best is trial 36 with value: -0.0022685384463840925.
[2025-12-14 11:54:41.131] ⚖️ Computing uniqueness weights for 9018 events... INFO
2025-12-14 11:54:41,131 - System.tprint - INFO - ℹ️ ⚖️ Computing uniqueness weights for 9018 events... INFO
[2025-12-14 11:54:41.142] ✅ Uniqueness weights computed. Mean: 1.0000, Min: 0.4372, Max: 1.3117 SUCCESS
2025-12-14 11:54:41,142 - System.tprint - INFO - ℹ️ ✅ Uniqueness weights computed. Mean: 1.0000, Min: 0.4372, Max: 1.3117 SUCCESS
[I 2025-12-14 11:54:42,171] Trial 42 finished with value: -0.007546852514577222 and parameters: {'trail_distance_atr_mult': 0.585971302788046}. Best is trial 36 with value: -0.0022685384463840925.
[2025-12-14 11:54:43.810] ⚖️ Computing uniqueness weights for 9018 events... INFO
2025-12-14 11:54:43,810 - System.tprint - INFO - ℹ️ ⚖️ Computing uniqueness weights for 9018 events... INFO
[2025-12-14 11:54:43.821] ✅ Uniqueness weights computed. Mean: 1.0000, Min: 0.4384, Max: 1.3153 SUCCESS
2025-12-14 11:54:43,822 - System.tprint - INFO - ℹ️ ✅ Uniqueness weights computed. Mean: 1.0000, Min: 0.4384, Max: 1.3153 SUCCESS
[I 2025-12-14 11:54:44,660] Trial 43 finished with value: -0.0077356553305285135 and parameters: {'trail_distance_atr_mult': 2.7733010051969553}. Best is trial 36 with value: -0.0022685384463840925.
[2025-12-14 11:54:46.008] ⚖️ Computing uniqueness weights for 9018 events... INFO
2025-12-14 11:54:46,009 - System.tprint - INFO - ℹ️ ⚖️ Computing uniqueness weights for 9018 events... INFO
[2025-12-14 11:54:46.020] ✅ Uniqueness weights computed. Mean: 1.0000, Min: 0.4374, Max: 1.3121 SUCCESS
2025-12-14 11:54:46,020 - System.tprint - INFO - ℹ️ ✅ Uniqueness weights computed. Mean: 1.0000, Min: 0.4374, Max: 1.3121 SUCCESS
[I 2025-12-14 11:54:46,937] Trial 44 finished with value: -0.007702305682382282 and parameters: {'trail_distance_atr_mult': 1.1469499540000423}. Best is trial 36 with value: -0.0022685384463840925.
[2025-12-14 11:54:48.828] ⚖️ Computing uniqueness weights for 9018 events... INFO
2025-12-14 11:54:48,828 - System.tprint - INFO - ℹ️ ⚖️ Computing uniqueness weights for 9018 events... INFO
[2025-12-14 11:54:48.840] ✅ Uniqueness weights computed. Mean: 1.0000, Min: 0.4379, Max: 1.3138 SUCCESS
2025-12-14 11:54:48,840 - System.tprint - INFO - ℹ️ ✅ Uniqueness weights computed. Mean: 1.0000, Min: 0.4379, Max: 1.3138 SUCCESS
[I 2025-12-14 11:54:49,684] Trial 45 finished with value: -0.004569121451685527 and parameters: {'trail_distance_atr_mult': 2.156305710884955}. Best is trial 36 with value: -0.0022685384463840925.
[2025-12-14 11:54:51.046] ⚖️ Computing uniqueness weights for 9018 events... INFO
2025-12-14 11:54:51,047 - System.tprint - INFO - ℹ️ ⚖️ Computing uniqueness weights for 9018 events... INFO
[2025-12-14 11:54:51.057] ✅ Uniqueness weights computed. Mean: 1.0000, Min: 0.4375, Max: 1.3124 SUCCESS
2025-12-14 11:54:51,057 - System.tprint - INFO - ℹ️ ✅ Uniqueness weights computed. Mean: 1.0000, Min: 0.4375, Max: 1.3124 SUCCESS
[I 2025-12-14 11:54:51,923] Trial 46 finished with value: -0.005687927773443288 and parameters: {'trail_distance_atr_mult': 1.2792776902235274}. Best is trial 36 with value: -0.0022685384463840925.
[2025-12-14 11:54:53.277] ⚖️ Computing uniqueness weights for 9018 events... INFO
2025-12-14 11:54:53,277 - System.tprint - INFO - ℹ️ ⚖️ Computing uniqueness weights for 9018 events... INFO
[2025-12-14 11:54:53.296] ✅ Uniqueness weights computed. Mean: 1.0000, Min: 0.4377, Max: 1.3131 SUCCESS
2025-12-14 11:54:53,296 - System.tprint - INFO - ℹ️ ✅ Uniqueness weights computed. Mean: 1.0000, Min: 0.4377, Max: 1.3131 SUCCESS
[I 2025-12-14 11:54:54,152] Trial 47 finished with value: -0.008182189622493658 and parameters: {'trail_distance_atr_mult': 1.800170052944527}. Best is trial 36 with value: -0.0022685384463840925.
[2025-12-14 11:54:55.529] ⚖️ Computing uniqueness weights for 9018 events... INFO
2025-12-14 11:54:55,529 - System.tprint - INFO - ℹ️ ⚖️ Computing uniqueness weights for 9018 events... INFO
[2025-12-14 11:54:55.539] ✅ Uniqueness weights computed. Mean: 1.0000, Min: 0.4377, Max: 1.3131 SUCCESS
2025-12-14 11:54:55,540 - System.tprint - INFO - ℹ️ ✅ Uniqueness weights computed. Mean: 1.0000, Min: 0.4377, Max: 1.3131 SUCCESS
[I 2025-12-14 11:54:56,401] Trial 48 finished with value: -0.004951373614772947 and parameters: {'trail_distance_atr_mult': 1.8667756983581991}. Best is trial 36 with value: -0.0022685384463840925.
[2025-12-14 11:54:58.005] ⚖️ Computing uniqueness weights for 9018 events... INFO
2025-12-14 11:54:58,005 - System.tprint - INFO - ℹ️ ⚖️ Computing uniqueness weights for 9018 events... INFO
[2025-12-14 11:54:58.022] ✅ Uniqueness weights computed. Mean: 1.0000, Min: 0.4373, Max: 1.3118 SUCCESS
2025-12-14 11:54:58,023 - System.tprint - INFO - ℹ️ ✅ Uniqueness weights computed. Mean: 1.0000, Min: 0.4373, Max: 1.3118 SUCCESS
[I 2025-12-14 11:54:59,055] Trial 49 finished with value: -0.006758337585026084 and parameters: {'trail_distance_atr_mult': 0.9621361388138177}. Best is trial 36 with value: -0.0022685384463840925.
[2025-12-14 11:55:00.475] ⚖️ Computing uniqueness weights for 9018 events... INFO
2025-12-14 11:55:00,475 - System.tprint - INFO - ℹ️ ⚖️ Computing uniqueness weights for 9018 events... INFO
[2025-12-14 11:55:00.485] ✅ Uniqueness weights computed. Mean: 1.0000, Min: 0.4375, Max: 1.3125 SUCCESS
2025-12-14 11:55:00,485 - System.tprint - INFO - ℹ️ ✅ Uniqueness weights computed. Mean: 1.0000, Min: 0.4375, Max: 1.3125 SUCCESS
[I 2025-12-14 11:55:01,360] Trial 50 finished with value: -0.003948552225365676 and parameters: {'trail_distance_atr_mult': 1.4320314088182422}. Best is trial 36 with value: -0.0022685384463840925.
[2025-12-14 11:55:02.743] ⚖️ Computing uniqueness weights for 9018 events... INFO
2025-12-14 11:55:02,743 - System.tprint - INFO - ℹ️ ⚖️ Computing uniqueness weights for 9018 events... INFO
[2025-12-14 11:55:02.754] ✅ Uniqueness weights computed. Mean: 1.0000, Min: 0.4375, Max: 1.3125 SUCCESS
2025-12-14 11:55:02,754 - System.tprint - INFO - ℹ️ ✅ Uniqueness weights computed. Mean: 1.0000, Min: 0.4375, Max: 1.3125 SUCCESS
[I 2025-12-14 11:55:03,610] Trial 51 finished with value: -0.004818487901456139 and parameters: {'trail_distance_atr_mult': 1.465534553441112}. Best is trial 36 with value: -0.0022685384463840925.
[2025-12-14 11:55:04.978] ⚖️ Computing uniqueness weights for 9018 events... INFO
2025-12-14 11:55:04,978 - System.tprint - INFO - ℹ️ ⚖️ Computing uniqueness weights for 9018 events... INFO
[2025-12-14 11:55:04.990] ✅ Uniqueness weights computed. Mean: 1.0000, Min: 0.4375, Max: 1.3126 SUCCESS
2025-12-14 11:55:04,990 - System.tprint - INFO - ℹ️ ✅ Uniqueness weights computed. Mean: 1.0000, Min: 0.4375, Max: 1.3126 SUCCESS
[I 2025-12-14 11:55:05,849] Trial 52 finished with value: -0.004314429151219079 and parameters: {'trail_distance_atr_mult': 1.5113346796549219}. Best is trial 36 with value: -0.0022685384463840925.
[2025-12-14 11:55:07.226] ⚖️ Computing uniqueness weights for 9018 events... INFO
2025-12-14 11:55:07,226 - System.tprint - INFO - ℹ️ ⚖️ Computing uniqueness weights for 9018 events... INFO
[2025-12-14 11:55:07.237] ✅ Uniqueness weights computed. Mean: 1.0000, Min: 0.4375, Max: 1.3125 SUCCESS
2025-12-14 11:55:07,237 - System.tprint - INFO - ℹ️ ✅ Uniqueness weights computed. Mean: 1.0000, Min: 0.4375, Max: 1.3125 SUCCESS
[I 2025-12-14 11:55:08,103] Trial 53 finished with value: -0.004187462584818394 and parameters: {'trail_distance_atr_mult': 1.4472656981240564}. Best is trial 36 with value: -0.0022685384463840925.
[2025-12-14 11:55:09.482] ⚖️ Computing uniqueness weights for 9018 events... INFO
2025-12-14 11:55:09,483 - System.tprint - INFO - ℹ️ ⚖️ Computing uniqueness weights for 9018 events... INFO
[2025-12-14 11:55:09.493] ✅ Uniqueness weights computed. Mean: 1.0000, Min: 0.4375, Max: 1.3125 SUCCESS
2025-12-14 11:55:09,493 - System.tprint - INFO - ℹ️ ✅ Uniqueness weights computed. Mean: 1.0000, Min: 0.4375, Max: 1.3125 SUCCESS
[I 2025-12-14 11:55:10,426] Trial 54 finished with value: -0.004187393632121523 and parameters: {'trail_distance_atr_mult': 1.4540960778623364}. Best is trial 36 with value: -0.0022685384463840925.
[2025-12-14 11:55:11.807] ⚖️ Computing uniqueness weights for 9018 events... INFO
2025-12-14 11:55:11,807 - System.tprint - INFO - ℹ️ ⚖️ Computing uniqueness weights for 9018 events... INFO
[2025-12-14 11:55:11.819] ✅ Uniqueness weights computed. Mean: 1.0000, Min: 0.4375, Max: 1.3124 SUCCESS
2025-12-14 11:55:11,819 - System.tprint - INFO - ℹ️ ✅ Uniqueness weights computed. Mean: 1.0000, Min: 0.4375, Max: 1.3124 SUCCESS
[I 2025-12-14 11:55:12,681] Trial 55 finished with value: -0.0032373713931029926 and parameters: {'trail_distance_atr_mult': 1.3283130366897387}. Best is trial 36 with value: -0.0022685384463840925.
[2025-12-14 11:55:14.071] ⚖️ Computing uniqueness weights for 9018 events... INFO
2025-12-14 11:55:14,071 - System.tprint - INFO - ℹ️ ⚖️ Computing uniqueness weights for 9018 events... INFO
[2025-12-14 11:55:14.082] ✅ Uniqueness weights computed. Mean: 1.0000, Min: 0.4375, Max: 1.3125 SUCCESS
2025-12-14 11:55:14,082 - System.tprint - INFO - ℹ️ ✅ Uniqueness weights computed. Mean: 1.0000, Min: 0.4375, Max: 1.3125 SUCCESS
[I 2025-12-14 11:55:14,972] Trial 56 finished with value: -0.004401976362149328 and parameters: {'trail_distance_atr_mult': 1.397311829058834}. Best is trial 36 with value: -0.0022685384463840925.
[2025-12-14 11:55:16.390] ⚖️ Computing uniqueness weights for 9018 events... INFO
2025-12-14 11:55:16,390 - System.tprint - INFO - ℹ️ ⚖️ Computing uniqueness weights for 9018 events... INFO
[2025-12-14 11:55:16.402] ✅ Uniqueness weights computed. Mean: 1.0000, Min: 0.4372, Max: 1.3117 SUCCESS
2025-12-14 11:55:16,402 - System.tprint - INFO - ℹ️ ✅ Uniqueness weights computed. Mean: 1.0000, Min: 0.4372, Max: 1.3117 SUCCESS
[I 2025-12-14 11:55:17,259] Trial 57 finished with value: -0.007321828937469562 and parameters: {'trail_distance_atr_mult': 0.5138883207795827}. Best is trial 36 with value: -0.0022685384463840925.
[2025-12-14 11:55:18.631] ⚖️ Computing uniqueness weights for 9018 events... INFO
2025-12-14 11:55:18,631 - System.tprint - INFO - ℹ️ ⚖️ Computing uniqueness weights for 9018 events... INFO
[2025-12-14 11:55:18.643] ✅ Uniqueness weights computed. Mean: 1.0000, Min: 0.4375, Max: 1.3125 SUCCESS
2025-12-14 11:55:18,643 - System.tprint - INFO - ℹ️ ✅ Uniqueness weights computed. Mean: 1.0000, Min: 0.4375, Max: 1.3125 SUCCESS
[I 2025-12-14 11:55:19,508] Trial 58 finished with value: -0.004401928616041705 and parameters: {'trail_distance_atr_mult': 1.3897412066066333}. Best is trial 36 with value: -0.0022685384463840925.
[2025-12-14 11:55:20.892] ⚖️ Computing uniqueness weights for 9018 events... INFO
2025-12-14 11:55:20,892 - System.tprint - INFO - ℹ️ ⚖️ Computing uniqueness weights for 9018 events... INFO
[2025-12-14 11:55:20.904] ✅ Uniqueness weights computed. Mean: 1.0000, Min: 0.4375, Max: 1.3124 SUCCESS
2025-12-14 11:55:20,904 - System.tprint - INFO - ℹ️ ✅ Uniqueness weights computed. Mean: 1.0000, Min: 0.4375, Max: 1.3124 SUCCESS
[I 2025-12-14 11:55:21,758] Trial 59 finished with value: -0.005835790287550513 and parameters: {'trail_distance_atr_mult': 1.302415942820861}. Best is trial 36 with value: -0.0022685384463840925.
[2025-12-14 11:55:23.136] ⚖️ Computing uniqueness weights for 9018 events... INFO
2025-12-14 11:55:23,136 - System.tprint - INFO - ℹ️ ⚖️ Computing uniqueness weights for 9018 events... INFO
[2025-12-14 11:55:23.147] ✅ Uniqueness weights computed. Mean: 1.0000, Min: 0.4375, Max: 1.3126 SUCCESS
2025-12-14 11:55:23,147 - System.tprint - INFO - ℹ️ ✅ Uniqueness weights computed. Mean: 1.0000, Min: 0.4375, Max: 1.3126 SUCCESS
[I 2025-12-14 11:55:24,015] Trial 60 finished with value: -0.0022709434799882897 and parameters: {'trail_distance_atr_mult': 1.5615870842765314}. Best is trial 36 with value: -0.0022685384463840925.
[2025-12-14 11:55:25.393] ⚖️ Computing uniqueness weights for 9018 events... INFO
2025-12-14 11:55:25,394 - System.tprint - INFO - ℹ️ ⚖️ Computing uniqueness weights for 9018 events... INFO
[2025-12-14 11:55:25.405] ✅ Uniqueness weights computed. Mean: 1.0000, Min: 0.4376, Max: 1.3127 SUCCESS
2025-12-14 11:55:25,405 - System.tprint - INFO - ℹ️ ✅ Uniqueness weights computed. Mean: 1.0000, Min: 0.4376, Max: 1.3127 SUCCESS
[I 2025-12-14 11:55:26,259] Trial 61 finished with value: -0.004195634091865837 and parameters: {'trail_distance_atr_mult': 1.610098329416311}. Best is trial 36 with value: -0.0022685384463840925.
[2025-12-14 11:55:27.633] ⚖️ Computing uniqueness weights for 9018 events... INFO
2025-12-14 11:55:27,633 - System.tprint - INFO - ℹ️ ⚖️ Computing uniqueness weights for 9018 events... INFO
[2025-12-14 11:55:27.644] ✅ Uniqueness weights computed. Mean: 1.0000, Min: 0.4375, Max: 1.3125 SUCCESS
2025-12-14 11:55:27,644 - System.tprint - INFO - ℹ️ ✅ Uniqueness weights computed. Mean: 1.0000, Min: 0.4375, Max: 1.3125 SUCCESS
[I 2025-12-14 11:55:28,496] Trial 62 finished with value: -0.004818486992106752 and parameters: {'trail_distance_atr_mult': 1.4705341179408462}. Best is trial 36 with value: -0.0022685384463840925.
[2025-12-14 11:55:29.944] ⚖️ Computing uniqueness weights for 9018 events... INFO
2025-12-14 11:55:29,945 - System.tprint - INFO - ℹ️ ⚖️ Computing uniqueness weights for 9018 events... INFO
[2025-12-14 11:55:29.957] ✅ Uniqueness weights computed. Mean: 1.0000, Min: 0.4375, Max: 1.3124 SUCCESS
2025-12-14 11:55:29,957 - System.tprint - INFO - ℹ️ ✅ Uniqueness weights computed. Mean: 1.0000, Min: 0.4375, Max: 1.3124 SUCCESS
[I 2025-12-14 11:55:30,821] Trial 63 finished with value: -0.0022685449948484596 and parameters: {'trail_distance_atr_mult': 1.257083956406138}. Best is trial 36 with value: -0.0022685384463840925.
[2025-12-14 11:55:32.212] ⚖️ Computing uniqueness weights for 9018 events... INFO
2025-12-14 11:55:32,212 - System.tprint - INFO - ℹ️ ⚖️ Computing uniqueness weights for 9018 events... INFO
[2025-12-14 11:55:32.223] ✅ Uniqueness weights computed. Mean: 1.0000, Min: 0.4374, Max: 1.3121 SUCCESS
2025-12-14 11:55:32,224 - System.tprint - INFO - ℹ️ ✅ Uniqueness weights computed. Mean: 1.0000, Min: 0.4374, Max: 1.3121 SUCCESS
[I 2025-12-14 11:55:33,093] Trial 64 finished with value: -0.0012531696027358891 and parameters: {'trail_distance_atr_mult': 1.1842840886675416}. Best is trial 64 with value: -0.0012531696027358891.
[2025-12-14 11:55:34.476] ⚖️ Computing uniqueness weights for 9018 events... INFO
2025-12-14 11:55:34,476 - System.tprint - INFO - ℹ️ ⚖️ Computing uniqueness weights for 9018 events... INFO
[2025-12-14 11:55:34.486] ✅ Uniqueness weights computed. Mean: 1.0000, Min: 0.4374, Max: 1.3122 SUCCESS
2025-12-14 11:55:34,487 - System.tprint - INFO - ℹ️ ✅ Uniqueness weights computed. Mean: 1.0000, Min: 0.4374, Max: 1.3122 SUCCESS
[I 2025-12-14 11:55:35,336] Trial 65 finished with value: -0.0030156963708638483 and parameters: {'trail_distance_atr_mult': 1.2046803881765467}. Best is trial 64 with value: -0.0012531696027358891.
[2025-12-14 11:55:36.703] ⚖️ Computing uniqueness weights for 9018 events... INFO
2025-12-14 11:55:36,704 - System.tprint - INFO - ℹ️ ⚖️ Computing uniqueness weights for 9018 events... INFO
[2025-12-14 11:55:36.716] ✅ Uniqueness weights computed. Mean: 1.0000, Min: 0.4374, Max: 1.3122 SUCCESS
2025-12-14 11:55:36,717 - System.tprint - INFO - ℹ️ ✅ Uniqueness weights computed. Mean: 1.0000, Min: 0.4374, Max: 1.3122 SUCCESS
[I 2025-12-14 11:55:37,574] Trial 66 finished with value: -0.003015680659808696 and parameters: {'trail_distance_atr_mult': 1.2005210029465145}. Best is trial 64 with value: -0.0012531696027358891.
[2025-12-14 11:55:38.939] ⚖️ Computing uniqueness weights for 9018 events... INFO
2025-12-14 11:55:38,939 - System.tprint - INFO - ℹ️ ⚖️ Computing uniqueness weights for 9018 events... INFO
[2025-12-14 11:55:38.951] ✅ Uniqueness weights computed. Mean: 1.0000, Min: 0.4374, Max: 1.3122 SUCCESS
2025-12-14 11:55:38,951 - System.tprint - INFO - ℹ️ ✅ Uniqueness weights computed. Mean: 1.0000, Min: 0.4374, Max: 1.3122 SUCCESS
[I 2025-12-14 11:55:39,812] Trial 67 finished with value: -0.00326502253389398 and parameters: {'trail_distance_atr_mult': 1.2141207491468535}. Best is trial 64 with value: -0.0012531696027358891.
[2025-12-14 11:55:41.182] ⚖️ Computing uniqueness weights for 9018 events... INFO
2025-12-14 11:55:41,182 - System.tprint - INFO - ℹ️ ⚖️ Computing uniqueness weights for 9018 events... INFO
[2025-12-14 11:55:41.196] ✅ Uniqueness weights computed. Mean: 1.0000, Min: 0.4374, Max: 1.3122 SUCCESS
2025-12-14 11:55:41,196 - System.tprint - INFO - ℹ️ ✅ Uniqueness weights computed. Mean: 1.0000, Min: 0.4374, Max: 1.3122 SUCCESS
[I 2025-12-14 11:55:42,102] Trial 68 finished with value: -0.003015699150457295 and parameters: {'trail_distance_atr_mult': 1.2030262243981023}. Best is trial 64 with value: -0.0012531696027358891.
[2025-12-14 11:55:43.477] ⚖️ Computing uniqueness weights for 9018 events... INFO
2025-12-14 11:55:43,477 - System.tprint - INFO - ℹ️ ⚖️ Computing uniqueness weights for 9018 events... INFO
[2025-12-14 11:55:43.488] ✅ Uniqueness weights computed. Mean: 1.0000, Min: 0.4373, Max: 1.3120 SUCCESS
2025-12-14 11:55:43,488 - System.tprint - INFO - ℹ️ ✅ Uniqueness weights computed. Mean: 1.0000, Min: 0.4373, Max: 1.3120 SUCCESS
[I 2025-12-14 11:55:44,348] Trial 69 finished with value: -0.007816487872409648 and parameters: {'trail_distance_atr_mult': 1.116789952856062}. Best is trial 64 with value: -0.0012531696027358891.
[2025-12-14 11:55:45.719] ⚖️ Computing uniqueness weights for 9018 events... INFO
2025-12-14 11:55:45,719 - System.tprint - INFO - ℹ️ ⚖️ Computing uniqueness weights for 9018 events... INFO
[2025-12-14 11:55:45.731] ✅ Uniqueness weights computed. Mean: 1.0000, Min: 0.4374, Max: 1.3121 SUCCESS
2025-12-14 11:55:45,731 - System.tprint - INFO - ℹ️ ✅ Uniqueness weights computed. Mean: 1.0000, Min: 0.4374, Max: 1.3121 SUCCESS
