[I 2025-12-14 13:33:14,973] Trial 2659 finished with value: -0.006681092514365027 and parameters: {'trail_distance_atr_mult': 0.8854122451432038}. Best is trial 126 with value: -0.000363295272717509.
[2025-12-14 13:33:16.198] ⚖️ Computing uniqueness weights for 9018 events... INFO
2025-12-14 13:33:16,198 - System.tprint - INFO - ℹ️ ⚖️ Computing uniqueness weights for 9018 events... INFO
[2025-12-14 13:33:16.208] ✅ Uniqueness weights computed. Mean: 1.0000, Min: 0.4372, Max: 1.3117 SUCCESS
2025-12-14 13:33:16,208 - System.tprint - INFO - ℹ️ ✅ Uniqueness weights computed. Mean: 1.0000, Min: 0.4372, Max: 1.3117 SUCCESS
[I 2025-12-14 13:33:16,842] Trial 2660 finished with value: -0.007546852514577222 and parameters: {'trail_distance_atr_mult': 0.628704184643385}. Best is trial 126 with value: -0.000363295272717509.
[2025-12-14 13:33:18.055] ⚖️ Computing uniqueness weights for 9018 events... INFO
2025-12-14 13:33:18,055 - System.tprint - INFO - ℹ️ ⚖️ Computing uniqueness weights for 9018 events... INFO
[2025-12-14 13:33:18.065] ✅ Uniqueness weights computed. Mean: 1.0000, Min: 0.4373, Max: 1.3120 SUCCESS
2025-12-14 13:33:18,066 - System.tprint - INFO - ℹ️ ✅ Uniqueness weights computed. Mean: 1.0000, Min: 0.4373, Max: 1.3120 SUCCESS
[I 2025-12-14 13:33:18,706] Trial 2661 finished with value: -0.007658100463918024 and parameters: {'trail_distance_atr_mult': 1.1076004856192405}. Best is trial 126 with value: -0.000363295272717509.
[2025-12-14 13:33:19.922] ⚖️ Computing uniqueness weights for 9018 events... INFO
2025-12-14 13:33:19,922 - System.tprint - INFO - ℹ️ ⚖️ Computing uniqueness weights for 9018 events... INFO
[2025-12-14 13:33:19.932] ✅ Uniqueness weights computed. Mean: 1.0000, Min: 0.4373, Max: 1.3118 SUCCESS
2025-12-14 13:33:19,932 - System.tprint - INFO - ℹ️ ✅ Uniqueness weights computed. Mean: 1.0000, Min: 0.4373, Max: 1.3118 SUCCESS
[I 2025-12-14 13:33:20,573] Trial 2662 finished with value: -0.0067784021286801605 and parameters: {'trail_distance_atr_mult': 0.938530409614115}. Best is trial 126 with value: -0.000363295272717509.
[2025-12-14 13:33:21.777] ⚖️ Computing uniqueness weights for 9018 events... INFO
2025-12-14 13:33:21,777 - System.tprint - INFO - ℹ️ ⚖️ Computing uniqueness weights for 9018 events... INFO
[2025-12-14 13:33:21.787] ✅ Uniqueness weights computed. Mean: 1.0000, Min: 0.4374, Max: 1.3123 SUCCESS
2025-12-14 13:33:21,787 - System.tprint - INFO - ℹ️ ✅ Uniqueness weights computed. Mean: 1.0000, Min: 0.4374, Max: 1.3123 SUCCESS
[I 2025-12-14 13:33:22,424] Trial 2663 finished with value: -0.004487251628136778 and parameters: {'trail_distance_atr_mult': 1.2232383011403445}. Best is trial 126 with value: -0.000363295272717509.
[2025-12-14 13:33:23.635] ⚖️ Computing uniqueness weights for 9018 events... INFO
2025-12-14 13:33:23,635 - System.tprint - INFO - ℹ️ ⚖️ Computing uniqueness weights for 9018 events... INFO
[2025-12-14 13:33:23.645] ✅ Uniqueness weights computed. Mean: 1.0000, Min: 0.4372, Max: 1.3117 SUCCESS
2025-12-14 13:33:23,645 - System.tprint - INFO - ℹ️ ✅ Uniqueness weights computed. Mean: 1.0000, Min: 0.4372, Max: 1.3117 SUCCESS
[I 2025-12-14 13:33:24,293] Trial 2664 finished with value: -0.006728233562249328 and parameters: {'trail_distance_atr_mult': 0.7760054767560645}. Best is trial 126 with value: -0.000363295272717509.
[2025-12-14 13:33:25.507] ⚖️ Computing uniqueness weights for 9018 events... INFO
2025-12-14 13:33:25,507 - System.tprint - INFO - ℹ️ ⚖️ Computing uniqueness weights for 9018 events... INFO
[2025-12-14 13:33:25.517] ✅ Uniqueness weights computed. Mean: 1.0000, Min: 0.4373, Max: 1.3119 SUCCESS
2025-12-14 13:33:25,517 - System.tprint - INFO - ℹ️ ✅ Uniqueness weights computed. Mean: 1.0000, Min: 0.4373, Max: 1.3119 SUCCESS
[I 2025-12-14 13:33:26,154] Trial 2665 finished with value: -0.00752724523653774 and parameters: {'trail_distance_atr_mult': 1.053764727706342}. Best is trial 126 with value: -0.000363295272717509.
[2025-12-14 13:33:27.365] ⚖️ Computing uniqueness weights for 9018 events... INFO
2025-12-14 13:33:27,365 - System.tprint - INFO - ℹ️ ⚖️ Computing uniqueness weights for 9018 events... INFO
[2025-12-14 13:33:27.374] ✅ Uniqueness weights computed. Mean: 1.0000, Min: 0.4373, Max: 1.3119 SUCCESS
2025-12-14 13:33:27,375 - System.tprint - INFO - ℹ️ ✅ Uniqueness weights computed. Mean: 1.0000, Min: 0.4373, Max: 1.3119 SUCCESS
[I 2025-12-14 13:33:28,013] Trial 2666 finished with value: -0.007527230279009355 and parameters: {'trail_distance_atr_mult': 1.027613184115684}. Best is trial 126 with value: -0.000363295272717509.
[2025-12-14 13:33:29.286] ⚖️ Computing uniqueness weights for 9018 events... INFO
2025-12-14 13:33:29,286 - System.tprint - INFO - ℹ️ ⚖️ Computing uniqueness weights for 9018 events... INFO
[2025-12-14 13:33:29.296] ✅ Uniqueness weights computed. Mean: 1.0000, Min: 0.4372, Max: 1.3117 SUCCESS
2025-12-14 13:33:29,296 - System.tprint - INFO - ℹ️ ✅ Uniqueness weights computed. Mean: 1.0000, Min: 0.4372, Max: 1.3117 SUCCESS
[I 2025-12-14 13:33:29,956] Trial 2667 finished with value: -0.007546852514577222 and parameters: {'trail_distance_atr_mult': 0.627523836721576}. Best is trial 126 with value: -0.000363295272717509.
[2025-12-14 13:33:31.121] ⚖️ Computing uniqueness weights for 9018 events... INFO
2025-12-14 13:33:31,121 - System.tprint - INFO - ℹ️ ⚖️ Computing uniqueness weights for 9018 events... INFO
[2025-12-14 13:33:31.132] ✅ Uniqueness weights computed. Mean: 1.0000, Min: 0.4374, Max: 1.3122 SUCCESS
2025-12-14 13:33:31,132 - System.tprint - INFO - ℹ️ ✅ Uniqueness weights computed. Mean: 1.0000, Min: 0.4374, Max: 1.3122 SUCCESS
[I 2025-12-14 13:33:31,793] Trial 2668 finished with value: -0.003475749166862873 and parameters: {'trail_distance_atr_mult': 1.2121606400395284}. Best is trial 126 with value: -0.000363295272717509.
[2025-12-14 13:33:32.965] ⚖️ Computing uniqueness weights for 9018 events... INFO
2025-12-14 13:33:32,965 - System.tprint - INFO - ℹ️ ⚖️ Computing uniqueness weights for 9018 events... INFO
[2025-12-14 13:33:32.975] ✅ Uniqueness weights computed. Mean: 1.0000, Min: 0.4373, Max: 1.3118 SUCCESS
2025-12-14 13:33:32,975 - System.tprint - INFO - ℹ️ ✅ Uniqueness weights computed. Mean: 1.0000, Min: 0.4373, Max: 1.3118 SUCCESS
[I 2025-12-14 13:33:33,689] Trial 2669 finished with value: -0.006716225757353732 and parameters: {'trail_distance_atr_mult': 0.8944866281229489}. Best is trial 126 with value: -0.000363295272717509.
[2025-12-14 13:33:34.899] ⚖️ Computing uniqueness weights for 9018 events... INFO
2025-12-14 13:33:34,899 - System.tprint - INFO - ℹ️ ⚖️ Computing uniqueness weights for 9018 events... INFO
[2025-12-14 13:33:34.908] ✅ Uniqueness weights computed. Mean: 1.0000, Min: 0.4373, Max: 1.3120 SUCCESS
2025-12-14 13:33:34,909 - System.tprint - INFO - ℹ️ ✅ Uniqueness weights computed. Mean: 1.0000, Min: 0.4373, Max: 1.3120 SUCCESS
[I 2025-12-14 13:33:35,584] Trial 2670 finished with value: -0.007527264147969993 and parameters: {'trail_distance_atr_mult': 1.0694265201126414}. Best is trial 126 with value: -0.000363295272717509.
[2025-12-14 13:33:37.281] ⚖️ Computing uniqueness weights for 9018 events... INFO
2025-12-14 13:33:37,281 - System.tprint - INFO - ℹ️ ⚖️ Computing uniqueness weights for 9018 events... INFO
[2025-12-14 13:33:37.295] ✅ Uniqueness weights computed. Mean: 1.0000, Min: 0.4372, Max: 1.3117 SUCCESS
2025-12-14 13:33:37,295 - System.tprint - INFO - ℹ️ ✅ Uniqueness weights computed. Mean: 1.0000, Min: 0.4372, Max: 1.3117 SUCCESS
[I 2025-12-14 13:33:38,353] Trial 2671 finished with value: -0.006727939635086706 and parameters: {'trail_distance_atr_mult': 0.8053191304604076}. Best is trial 126 with value: -0.000363295272717509.
[2025-12-14 13:33:39.855] ⚖️ Computing uniqueness weights for 9018 events... INFO
2025-12-14 13:33:39,855 - System.tprint - INFO - ℹ️ ⚖️ Computing uniqueness weights for 9018 events... INFO
[2025-12-14 13:33:39.866] ✅ Uniqueness weights computed. Mean: 1.0000, Min: 0.4375, Max: 1.3124 SUCCESS
2025-12-14 13:33:39,866 - System.tprint - INFO - ℹ️ ✅ Uniqueness weights computed. Mean: 1.0000, Min: 0.4375, Max: 1.3124 SUCCESS
[I 2025-12-14 13:33:40,519] Trial 2672 finished with value: -0.0032373666633875283 and parameters: {'trail_distance_atr_mult': 1.3516743158454239}. Best is trial 126 with value: -0.000363295272717509.
[2025-12-14 13:33:41.728] ⚖️ Computing uniqueness weights for 9018 events... INFO
2025-12-14 13:33:41,728 - System.tprint - INFO - ℹ️ ⚖️ Computing uniqueness weights for 9018 events... INFO
[2025-12-14 13:33:41.738] ✅ Uniqueness weights computed. Mean: 1.0000, Min: 0.4373, Max: 1.3120 SUCCESS
2025-12-14 13:33:41,738 - System.tprint - INFO - ℹ️ ✅ Uniqueness weights computed. Mean: 1.0000, Min: 0.4373, Max: 1.3120 SUCCESS
[I 2025-12-14 13:33:42,607] Trial 2673 finished with value: -0.007527247413941674 and parameters: {'trail_distance_atr_mult': 1.0556136819763497}. Best is trial 126 with value: -0.000363295272717509.
[2025-12-14 13:33:44.183] ⚖️ Computing uniqueness weights for 9018 events... INFO
2025-12-14 13:33:44,183 - System.tprint - INFO - ℹ️ ⚖️ Computing uniqueness weights for 9018 events... INFO
[2025-12-14 13:33:44.195] ✅ Uniqueness weights computed. Mean: 1.0000, Min: 0.4372, Max: 1.3117 SUCCESS
2025-12-14 13:33:44,195 - System.tprint - INFO - ℹ️ ✅ Uniqueness weights computed. Mean: 1.0000, Min: 0.4372, Max: 1.3117 SUCCESS
[I 2025-12-14 13:33:45,088] Trial 2674 finished with value: -0.0034849037542104768 and parameters: {'trail_distance_atr_mult': 0.6537830857811071}. Best is trial 126 with value: -0.000363295272717509.
[2025-12-14 13:33:46.629] ⚖️ Computing uniqueness weights for 9018 events... INFO
2025-12-14 13:33:46,629 - System.tprint - INFO - ℹ️ ⚖️ Computing uniqueness weights for 9018 events... INFO
[2025-12-14 13:33:46.641] ✅ Uniqueness weights computed. Mean: 1.0000, Min: 0.4374, Max: 1.3123 SUCCESS
2025-12-14 13:33:46,642 - System.tprint - INFO - ℹ️ ✅ Uniqueness weights computed. Mean: 1.0000, Min: 0.4374, Max: 1.3123 SUCCESS
[I 2025-12-14 13:33:47,536] Trial 2675 finished with value: -0.0044872007929749585 and parameters: {'trail_distance_atr_mult': 1.2274778706879625}. Best is trial 126 with value: -0.000363295272717509.
[2025-12-14 13:33:48.948] ⚖️ Computing uniqueness weights for 9018 events... INFO
2025-12-14 13:33:48,948 - System.tprint - INFO - ℹ️ ⚖️ Computing uniqueness weights for 9018 events... INFO
[2025-12-14 13:33:48.961] ✅ Uniqueness weights computed. Mean: 1.0000, Min: 0.4373, Max: 1.3118 SUCCESS
2025-12-14 13:33:48,961 - System.tprint - INFO - ℹ️ ✅ Uniqueness weights computed. Mean: 1.0000, Min: 0.4373, Max: 1.3118 SUCCESS
[I 2025-12-14 13:33:49,856] Trial 2676 finished with value: -0.006721208013147558 and parameters: {'trail_distance_atr_mult': 0.9060401432549949}. Best is trial 126 with value: -0.000363295272717509.
[2025-12-14 13:33:51.216] ⚖️ Computing uniqueness weights for 9018 events... INFO
2025-12-14 13:33:51,216 - System.tprint - INFO - ℹ️ ⚖️ Computing uniqueness weights for 9018 events... INFO
[2025-12-14 13:33:51.226] ✅ Uniqueness weights computed. Mean: 1.0000, Min: 0.4373, Max: 1.3120 SUCCESS
2025-12-14 13:33:51,226 - System.tprint - INFO - ℹ️ ✅ Uniqueness weights computed. Mean: 1.0000, Min: 0.4373, Max: 1.3120 SUCCESS
[I 2025-12-14 13:33:51,937] Trial 2677 finished with value: -0.00752726831894571 and parameters: {'trail_distance_atr_mult': 1.0729375855343015}. Best is trial 126 with value: -0.000363295272717509.
[2025-12-14 13:33:53.104] ⚖️ Computing uniqueness weights for 9018 events... INFO
2025-12-14 13:33:53,105 - System.tprint - INFO - ℹ️ ⚖️ Computing uniqueness weights for 9018 events... INFO
[2025-12-14 13:33:53.114] ✅ Uniqueness weights computed. Mean: 1.0000, Min: 0.4372, Max: 1.3117 SUCCESS
2025-12-14 13:33:53,114 - System.tprint - INFO - ℹ️ ✅ Uniqueness weights computed. Mean: 1.0000, Min: 0.4372, Max: 1.3117 SUCCESS
[I 2025-12-14 13:33:53,815] Trial 2678 finished with value: -0.0067477726170059975 and parameters: {'trail_distance_atr_mult': 0.7597375123372183}. Best is trial 126 with value: -0.000363295272717509.
[2025-12-14 13:33:55.036] ⚖️ Computing uniqueness weights for 9018 events... INFO
2025-12-14 13:33:55,036 - System.tprint - INFO - ℹ️ ⚖️ Computing uniqueness weights for 9018 events... INFO
[2025-12-14 13:33:55.046] ✅ Uniqueness weights computed. Mean: 1.0000, Min: 0.4374, Max: 1.3123 SUCCESS
2025-12-14 13:33:55,046 - System.tprint - INFO - ℹ️ ✅ Uniqueness weights computed. Mean: 1.0000, Min: 0.4374, Max: 1.3123 SUCCESS
[I 2025-12-14 13:33:55,691] Trial 2679 finished with value: -0.004225079506850136 and parameters: {'trail_distance_atr_mult': 1.2306899686413337}. Best is trial 126 with value: -0.000363295272717509.
[2025-12-14 13:33:57.000] ⚖️ Computing uniqueness weights for 9018 events... INFO
2025-12-14 13:33:57,001 - System.tprint - INFO - ℹ️ ⚖️ Computing uniqueness weights for 9018 events... INFO
[2025-12-14 13:33:57.010] ✅ Uniqueness weights computed. Mean: 1.0000, Min: 0.4373, Max: 1.3118 SUCCESS
2025-12-14 13:33:57,011 - System.tprint - INFO - ℹ️ ✅ Uniqueness weights computed. Mean: 1.0000, Min: 0.4373, Max: 1.3118 SUCCESS
[I 2025-12-14 13:33:57,672] Trial 2680 finished with value: -0.006721261855432025 and parameters: {'trail_distance_atr_mult': 0.9116963301118256}. Best is trial 126 with value: -0.000363295272717509.
[2025-12-14 13:33:58.870] ⚖️ Computing uniqueness weights for 9018 events... INFO
2025-12-14 13:33:58,870 - System.tprint - INFO - ℹ️ ⚖️ Computing uniqueness weights for 9018 events... INFO
[2025-12-14 13:33:58.880] ✅ Uniqueness weights computed. Mean: 1.0000, Min: 0.4372, Max: 1.3117 SUCCESS
2025-12-14 13:33:58,880 - System.tprint - INFO - ℹ️ ✅ Uniqueness weights computed. Mean: 1.0000, Min: 0.4372, Max: 1.3117 SUCCESS
[I 2025-12-14 13:33:59,607] Trial 2681 finished with value: -0.007321828937469562 and parameters: {'trail_distance_atr_mult': 0.5064789586395109}. Best is trial 126 with value: -0.000363295272717509.
[2025-12-14 13:34:00.833] ⚖️ Computing uniqueness weights for 9018 events... INFO
2025-12-14 13:34:00,833 - System.tprint - INFO - ℹ️ ⚖️ Computing uniqueness weights for 9018 events... INFO
[2025-12-14 13:34:00.843] ✅ Uniqueness weights computed. Mean: 1.0000, Min: 0.4373, Max: 1.3120 SUCCESS
2025-12-14 13:34:00,843 - System.tprint - INFO - ℹ️ ✅ Uniqueness weights computed. Mean: 1.0000, Min: 0.4373, Max: 1.3120 SUCCESS
[I 2025-12-14 13:34:01,553] Trial 2682 finished with value: -0.007816488455116188 and parameters: {'trail_distance_atr_mult': 1.12869927586381}. Best is trial 126 with value: -0.000363295272717509.
[2025-12-14 13:34:02.809] ⚖️ Computing uniqueness weights for 9018 events... INFO
2025-12-14 13:34:02,809 - System.tprint - INFO - ℹ️ ⚖️ Computing uniqueness weights for 9018 events... INFO
[2025-12-14 13:34:02.820] ✅ Uniqueness weights computed. Mean: 1.0000, Min: 0.4373, Max: 1.3118 SUCCESS
2025-12-14 13:34:02,820 - System.tprint - INFO - ℹ️ ✅ Uniqueness weights computed. Mean: 1.0000, Min: 0.4373, Max: 1.3118 SUCCESS
[I 2025-12-14 13:34:03,508] Trial 2683 finished with value: -0.006721255705588021 and parameters: {'trail_distance_atr_mult': 0.911146426997256}. Best is trial 126 with value: -0.000363295272717509.
[2025-12-14 13:34:04.723] ⚖️ Computing uniqueness weights for 9018 events... INFO
2025-12-14 13:34:04,724 - System.tprint - INFO - ℹ️ ⚖️ Computing uniqueness weights for 9018 events... INFO
[2025-12-14 13:34:04.734] ✅ Uniqueness weights computed. Mean: 1.0000, Min: 0.4374, Max: 1.3123 SUCCESS
2025-12-14 13:34:04,734 - System.tprint - INFO - ℹ️ ✅ Uniqueness weights computed. Mean: 1.0000, Min: 0.4374, Max: 1.3123 SUCCESS
[I 2025-12-14 13:34:05,405] Trial 2684 finished with value: -0.0044944288382047426 and parameters: {'trail_distance_atr_mult': 1.2348343903113583}. Best is trial 126 with value: -0.000363295272717509.
[2025-12-14 13:34:06.658] ⚖️ Computing uniqueness weights for 9018 events... INFO
2025-12-14 13:34:06,658 - System.tprint - INFO - ℹ️ ⚖️ Computing uniqueness weights for 9018 events... INFO
[2025-12-14 13:34:06.669] ✅ Uniqueness weights computed. Mean: 1.0000, Min: 0.4373, Max: 1.3119 SUCCESS
2025-12-14 13:34:06,669 - System.tprint - INFO - ℹ️ ✅ Uniqueness weights computed. Mean: 1.0000, Min: 0.4373, Max: 1.3119 SUCCESS
[I 2025-12-14 13:34:07,493] Trial 2685 finished with value: -0.007527228985644399 and parameters: {'trail_distance_atr_mult': 1.0319463831056277}. Best is trial 126 with value: -0.000363295272717509.
[2025-12-14 13:34:08.870] ⚖️ Computing uniqueness weights for 9018 events... INFO
2025-12-14 13:34:08,870 - System.tprint - INFO - ℹ️ ⚖️ Computing uniqueness weights for 9018 events... INFO
[2025-12-14 13:34:08.880] ✅ Uniqueness weights computed. Mean: 1.0000, Min: 0.4372, Max: 1.3117 SUCCESS
2025-12-14 13:34:08,880 - System.tprint - INFO - ℹ️ ✅ Uniqueness weights computed. Mean: 1.0000, Min: 0.4372, Max: 1.3117 SUCCESS
[I 2025-12-14 13:34:09,522] Trial 2686 finished with value: -0.007588363497180691 and parameters: {'trail_distance_atr_mult': 0.7481543840933014}. Best is trial 126 with value: -0.000363295272717509.
[2025-12-14 13:34:10.736] ⚖️ Computing uniqueness weights for 9018 events... INFO
2025-12-14 13:34:10,736 - System.tprint - INFO - ℹ️ ⚖️ Computing uniqueness weights for 9018 events... INFO
[2025-12-14 13:34:10.747] ✅ Uniqueness weights computed. Mean: 1.0000, Min: 0.4373, Max: 1.3119 SUCCESS
2025-12-14 13:34:10,747 - System.tprint - INFO - ℹ️ ✅ Uniqueness weights computed. Mean: 1.0000, Min: 0.4373, Max: 1.3119 SUCCESS
[I 2025-12-14 13:34:11,384] Trial 2687 finished with value: -0.007527229093609447 and parameters: {'trail_distance_atr_mult': 1.0313740605357575}. Best is trial 126 with value: -0.000363295272717509.
[2025-12-14 13:34:12.595] ⚖️ Computing uniqueness weights for 9018 events... INFO
2025-12-14 13:34:12,595 - System.tprint - INFO - ℹ️ ⚖️ Computing uniqueness weights for 9018 events... INFO
[2025-12-14 13:34:12.605] ✅ Uniqueness weights computed. Mean: 1.0000, Min: 0.4375, Max: 1.3125 SUCCESS
2025-12-14 13:34:12,605 - System.tprint - INFO - ℹ️ ✅ Uniqueness weights computed. Mean: 1.0000, Min: 0.4375, Max: 1.3125 SUCCESS
[I 2025-12-14 13:34:13,244] Trial 2688 finished with value: -0.0029956657786073893 and parameters: {'trail_distance_atr_mult': 1.3591398238056236}. Best is trial 126 with value: -0.000363295272717509.
[2025-12-14 13:34:14.468] ⚖️ Computing uniqueness weights for 9018 events... INFO
2025-12-14 13:34:14,468 - System.tprint - INFO - ℹ️ ⚖️ Computing uniqueness weights for 9018 events... INFO
[2025-12-14 13:34:14.478] ✅ Uniqueness weights computed. Mean: 1.0000, Min: 0.4373, Max: 1.3118 SUCCESS
2025-12-14 13:34:14,478 - System.tprint - INFO - ℹ️ ✅ Uniqueness weights computed. Mean: 1.0000, Min: 0.4373, Max: 1.3118 SUCCESS
[I 2025-12-14 13:34:15,116] Trial 2689 finished with value: -0.006584426546895373 and parameters: {'trail_distance_atr_mult': 0.8462921171842083}. Best is trial 126 with value: -0.000363295272717509.
[2025-12-14 13:34:16.328] ⚖️ Computing uniqueness weights for 9018 events... INFO
2025-12-14 13:34:16,328 - System.tprint - INFO - ℹ️ ⚖️ Computing uniqueness weights for 9018 events... INFO
[2025-12-14 13:34:16.339] ✅ Uniqueness weights computed. Mean: 1.0000, Min: 0.4374, Max: 1.3121 SUCCESS
2025-12-14 13:34:16,339 - System.tprint - INFO - ℹ️ ✅ Uniqueness weights computed. Mean: 1.0000, Min: 0.4374, Max: 1.3121 SUCCESS
[I 2025-12-14 13:34:16,973] Trial 2690 finished with value: -0.007702211150265099 and parameters: {'trail_distance_atr_mult': 1.137761788147636}. Best is trial 126 with value: -0.000363295272717509.
[2025-12-14 13:34:18.198] ⚖️ Computing uniqueness weights for 9018 events... INFO
2025-12-14 13:34:18,198 - System.tprint - INFO - ℹ️ ⚖️ Computing uniqueness weights for 9018 events... INFO
[2025-12-14 13:34:18.207] ✅ Uniqueness weights computed. Mean: 1.0000, Min: 0.4372, Max: 1.3117 SUCCESS
2025-12-14 13:34:18,208 - System.tprint - INFO - ℹ️ ✅ Uniqueness weights computed. Mean: 1.0000, Min: 0.4372, Max: 1.3117 SUCCESS
[I 2025-12-14 13:34:18,851] Trial 2691 finished with value: -0.007546852514577222 and parameters: {'trail_distance_atr_mult': 0.638772971675484}. Best is trial 126 with value: -0.000363295272717509.
[2025-12-14 13:34:20.060] ⚖️ Computing uniqueness weights for 9018 events... INFO
2025-12-14 13:34:20,060 - System.tprint - INFO - ℹ️ ⚖️ Computing uniqueness weights for 9018 events... INFO
[2025-12-14 13:34:20.070] ✅ Uniqueness weights computed. Mean: 1.0000, Min: 0.4373, Max: 1.3118 SUCCESS
2025-12-14 13:34:20,070 - System.tprint - INFO - ℹ️ ✅ Uniqueness weights computed. Mean: 1.0000, Min: 0.4373, Max: 1.3118 SUCCESS
[I 2025-12-14 13:34:20,705] Trial 2692 finished with value: -0.006721062266404968 and parameters: {'trail_distance_atr_mult': 0.9166072297823765}. Best is trial 126 with value: -0.000363295272717509.
[2025-12-14 13:34:21.940] ⚖️ Computing uniqueness weights for 9018 events... INFO
2025-12-14 13:34:21,940 - System.tprint - INFO - ℹ️ ⚖️ Computing uniqueness weights for 9018 events... INFO
[2025-12-14 13:34:21.950] ✅ Uniqueness weights computed. Mean: 1.0000, Min: 0.4374, Max: 1.3121 SUCCESS
2025-12-14 13:34:21,951 - System.tprint - INFO - ℹ️ ✅ Uniqueness weights computed. Mean: 1.0000, Min: 0.4374, Max: 1.3121 SUCCESS
[I 2025-12-14 13:34:22,590] Trial 2693 finished with value: -0.0012531679565343787 and parameters: {'trail_distance_atr_mult': 1.1808796018447123}. Best is trial 126 with value: -0.000363295272717509.
[2025-12-14 13:34:23.819] ⚖️ Computing uniqueness weights for 9018 events... INFO
2025-12-14 13:34:23,819 - System.tprint - INFO - ℹ️ ⚖️ Computing uniqueness weights for 9018 events... INFO
[2025-12-14 13:34:23.828] ✅ Uniqueness weights computed. Mean: 1.0000, Min: 0.4374, Max: 1.3123 SUCCESS
2025-12-14 13:34:23,829 - System.tprint - INFO - ℹ️ ✅ Uniqueness weights computed. Mean: 1.0000, Min: 0.4374, Max: 1.3123 SUCCESS
