[I 2025-12-14 12:28:28,083] Trial 804 finished with value: -0.0044944096192623606 and parameters: {'trail_distance_atr_mult': 1.2384733469825915}. Best is trial 126 with value: -0.000363295272717509.
[2025-12-14 12:28:30.072] ⚖️ Computing uniqueness weights for 9018 events... INFO
2025-12-14 12:28:30,072 - System.tprint - INFO - ℹ️ ⚖️ Computing uniqueness weights for 9018 events... INFO
[2025-12-14 12:28:30.088] ✅ Uniqueness weights computed. Mean: 1.0000, Min: 0.4374, Max: 1.3123 SUCCESS
2025-12-14 12:28:30,088 - System.tprint - INFO - ℹ️ ✅ Uniqueness weights computed. Mean: 1.0000, Min: 0.4374, Max: 1.3123 SUCCESS
[I 2025-12-14 12:28:31,253] Trial 805 finished with value: -0.004225085289602559 and parameters: {'trail_distance_atr_mult': 1.23021650585185}. Best is trial 126 with value: -0.000363295272717509.
[2025-12-14 12:28:33.103] ⚖️ Computing uniqueness weights for 9018 events... INFO
2025-12-14 12:28:33,103 - System.tprint - INFO - ℹ️ ⚖️ Computing uniqueness weights for 9018 events... INFO
[2025-12-14 12:28:33.117] ✅ Uniqueness weights computed. Mean: 1.0000, Min: 0.4374, Max: 1.3123 SUCCESS
2025-12-14 12:28:33,118 - System.tprint - INFO - ℹ️ ✅ Uniqueness weights computed. Mean: 1.0000, Min: 0.4374, Max: 1.3123 SUCCESS
[I 2025-12-14 12:28:34,276] Trial 806 finished with value: -0.004494393236667664 and parameters: {'trail_distance_atr_mult': 1.241525028362986}. Best is trial 126 with value: -0.000363295272717509.
[2025-12-14 12:28:35.965] ⚖️ Computing uniqueness weights for 9018 events... INFO
2025-12-14 12:28:35,966 - System.tprint - INFO - ℹ️ ⚖️ Computing uniqueness weights for 9018 events... INFO
[2025-12-14 12:28:35.981] ✅ Uniqueness weights computed. Mean: 1.0000, Min: 0.4373, Max: 1.3118 SUCCESS
2025-12-14 12:28:35,981 - System.tprint - INFO - ℹ️ ✅ Uniqueness weights computed. Mean: 1.0000, Min: 0.4373, Max: 1.3118 SUCCESS
[I 2025-12-14 12:28:36,967] Trial 807 finished with value: -0.00677839891126899 and parameters: {'trail_distance_atr_mult': 0.9366614543227625}. Best is trial 126 with value: -0.000363295272717509.
[2025-12-14 12:28:38.512] ⚖️ Computing uniqueness weights for 9018 events... INFO
2025-12-14 12:28:38,513 - System.tprint - INFO - ℹ️ ⚖️ Computing uniqueness weights for 9018 events... INFO
[2025-12-14 12:28:38.526] ✅ Uniqueness weights computed. Mean: 1.0000, Min: 0.4375, Max: 1.3124 SUCCESS
2025-12-14 12:28:38,526 - System.tprint - INFO - ℹ️ ✅ Uniqueness weights computed. Mean: 1.0000, Min: 0.4375, Max: 1.3124 SUCCESS
[I 2025-12-14 12:28:39,499] Trial 808 finished with value: -0.002522389991846096 and parameters: {'trail_distance_atr_mult': 1.2692979752998885}. Best is trial 126 with value: -0.000363295272717509.
[2025-12-14 12:28:41.098] ⚖️ Computing uniqueness weights for 9018 events... INFO
2025-12-14 12:28:41,098 - System.tprint - INFO - ℹ️ ⚖️ Computing uniqueness weights for 9018 events... INFO
[2025-12-14 12:28:41.111] ✅ Uniqueness weights computed. Mean: 1.0000, Min: 0.4374, Max: 1.3123 SUCCESS
2025-12-14 12:28:41,111 - System.tprint - INFO - ℹ️ ✅ Uniqueness weights computed. Mean: 1.0000, Min: 0.4374, Max: 1.3123 SUCCESS
[I 2025-12-14 12:28:42,080] Trial 809 finished with value: -0.003704536682090868 and parameters: {'trail_distance_atr_mult': 1.2458229599745094}. Best is trial 126 with value: -0.000363295272717509.
[2025-12-14 12:28:43.618] ⚖️ Computing uniqueness weights for 9018 events... INFO
2025-12-14 12:28:43,618 - System.tprint - INFO - ℹ️ ⚖️ Computing uniqueness weights for 9018 events... INFO
[2025-12-14 12:28:43.628] ✅ Uniqueness weights computed. Mean: 1.0000, Min: 0.4373, Max: 1.3118 SUCCESS
2025-12-14 12:28:43,629 - System.tprint - INFO - ℹ️ ✅ Uniqueness weights computed. Mean: 1.0000, Min: 0.4373, Max: 1.3118 SUCCESS
[I 2025-12-14 12:28:44,596] Trial 810 finished with value: -0.006840116296788556 and parameters: {'trail_distance_atr_mult': 0.9573744623409777}. Best is trial 126 with value: -0.000363295272717509.
[2025-12-14 12:28:46.413] ⚖️ Computing uniqueness weights for 9018 events... INFO
2025-12-14 12:28:46,414 - System.tprint - INFO - ℹ️ ⚖️ Computing uniqueness weights for 9018 events... INFO
[2025-12-14 12:28:46.427] ✅ Uniqueness weights computed. Mean: 1.0000, Min: 0.4374, Max: 1.3122 SUCCESS
2025-12-14 12:28:46,428 - System.tprint - INFO - ℹ️ ✅ Uniqueness weights computed. Mean: 1.0000, Min: 0.4374, Max: 1.3122 SUCCESS
[I 2025-12-14 12:28:47,399] Trial 811 finished with value: -0.005810672414040353 and parameters: {'trail_distance_atr_mult': 1.1977865335282505}. Best is trial 126 with value: -0.000363295272717509.
[2025-12-14 12:28:48.935] ⚖️ Computing uniqueness weights for 9018 events... INFO
2025-12-14 12:28:48,935 - System.tprint - INFO - ℹ️ ⚖️ Computing uniqueness weights for 9018 events... INFO
[2025-12-14 12:28:48.948] ✅ Uniqueness weights computed. Mean: 1.0000, Min: 0.4375, Max: 1.3124 SUCCESS
2025-12-14 12:28:48,948 - System.tprint - INFO - ℹ️ ✅ Uniqueness weights computed. Mean: 1.0000, Min: 0.4375, Max: 1.3124 SUCCESS
[I 2025-12-14 12:28:50,003] Trial 812 finished with value: -0.004871019089167114 and parameters: {'trail_distance_atr_mult': 1.2746153368296704}. Best is trial 126 with value: -0.000363295272717509.
[2025-12-14 12:28:51.608] ⚖️ Computing uniqueness weights for 9018 events... INFO
2025-12-14 12:28:51,608 - System.tprint - INFO - ℹ️ ⚖️ Computing uniqueness weights for 9018 events... INFO
[2025-12-14 12:28:51.621] ✅ Uniqueness weights computed. Mean: 1.0000, Min: 0.4373, Max: 1.3119 SUCCESS
2025-12-14 12:28:51,621 - System.tprint - INFO - ℹ️ ✅ Uniqueness weights computed. Mean: 1.0000, Min: 0.4373, Max: 1.3119 SUCCESS
[I 2025-12-14 12:28:52,594] Trial 813 finished with value: -0.006751216648774097 and parameters: {'trail_distance_atr_mult': 0.9968639451133716}. Best is trial 126 with value: -0.000363295272717509.
[2025-12-14 12:28:54.131] ⚖️ Computing uniqueness weights for 9018 events... INFO
2025-12-14 12:28:54,131 - System.tprint - INFO - ℹ️ ⚖️ Computing uniqueness weights for 9018 events... INFO
[2025-12-14 12:28:54.144] ✅ Uniqueness weights computed. Mean: 1.0000, Min: 0.4375, Max: 1.3124 SUCCESS
2025-12-14 12:28:54,144 - System.tprint - INFO - ℹ️ ✅ Uniqueness weights computed. Mean: 1.0000, Min: 0.4375, Max: 1.3124 SUCCESS
[I 2025-12-14 12:28:55,111] Trial 814 finished with value: -0.004684348613436775 and parameters: {'trail_distance_atr_mult': 1.2893282148293042}. Best is trial 126 with value: -0.000363295272717509.
[2025-12-14 12:28:56.865] ⚖️ Computing uniqueness weights for 9018 events... INFO
2025-12-14 12:28:56,865 - System.tprint - INFO - ℹ️ ⚖️ Computing uniqueness weights for 9018 events... INFO
[2025-12-14 12:28:56.879] ✅ Uniqueness weights computed. Mean: 1.0000, Min: 0.4375, Max: 1.3124 SUCCESS
2025-12-14 12:28:56,879 - System.tprint - INFO - ℹ️ ✅ Uniqueness weights computed. Mean: 1.0000, Min: 0.4375, Max: 1.3124 SUCCESS
[I 2025-12-14 12:28:57,838] Trial 815 finished with value: -0.005836920825048358 and parameters: {'trail_distance_atr_mult': 1.297873738218255}. Best is trial 126 with value: -0.000363295272717509.
[2025-12-14 12:28:59.724] ⚖️ Computing uniqueness weights for 9018 events... INFO
2025-12-14 12:28:59,724 - System.tprint - INFO - ℹ️ ⚖️ Computing uniqueness weights for 9018 events... INFO
[2025-12-14 12:28:59.735] ✅ Uniqueness weights computed. Mean: 1.0000, Min: 0.4373, Max: 1.3118 SUCCESS
2025-12-14 12:28:59,735 - System.tprint - INFO - ℹ️ ✅ Uniqueness weights computed. Mean: 1.0000, Min: 0.4373, Max: 1.3118 SUCCESS
[I 2025-12-14 12:29:00,756] Trial 816 finished with value: -0.006741936033282858 and parameters: {'trail_distance_atr_mult': 0.9898421642287434}. Best is trial 126 with value: -0.000363295272717509.
[2025-12-14 12:29:02.910] ⚖️ Computing uniqueness weights for 9018 events... INFO
2025-12-14 12:29:02,910 - System.tprint - INFO - ℹ️ ⚖️ Computing uniqueness weights for 9018 events... INFO
[2025-12-14 12:29:02.924] ✅ Uniqueness weights computed. Mean: 1.0000, Min: 0.4375, Max: 1.3124 SUCCESS
2025-12-14 12:29:02,924 - System.tprint - INFO - ℹ️ ✅ Uniqueness weights computed. Mean: 1.0000, Min: 0.4375, Max: 1.3124 SUCCESS
[I 2025-12-14 12:29:03,892] Trial 817 finished with value: -0.005835600238015702 and parameters: {'trail_distance_atr_mult': 1.3031672327378798}. Best is trial 126 with value: -0.000363295272717509.
[2025-12-14 12:29:05.436] ⚖️ Computing uniqueness weights for 9018 events... INFO
2025-12-14 12:29:05,437 - System.tprint - INFO - ℹ️ ⚖️ Computing uniqueness weights for 9018 events... INFO
[2025-12-14 12:29:05.447] ✅ Uniqueness weights computed. Mean: 1.0000, Min: 0.4375, Max: 1.3124 SUCCESS
2025-12-14 12:29:05,447 - System.tprint - INFO - ℹ️ ✅ Uniqueness weights computed. Mean: 1.0000, Min: 0.4375, Max: 1.3124 SUCCESS
[I 2025-12-14 12:29:06,410] Trial 818 finished with value: -0.005687711118282358 and parameters: {'trail_distance_atr_mult': 1.280284360276743}. Best is trial 126 with value: -0.000363295272717509.
[2025-12-14 12:29:08.370] ⚖️ Computing uniqueness weights for 9018 events... INFO
2025-12-14 12:29:08,371 - System.tprint - INFO - ℹ️ ⚖️ Computing uniqueness weights for 9018 events... INFO
[2025-12-14 12:29:08.386] ✅ Uniqueness weights computed. Mean: 1.0000, Min: 0.4373, Max: 1.3119 SUCCESS
2025-12-14 12:29:08,386 - System.tprint - INFO - ℹ️ ✅ Uniqueness weights computed. Mean: 1.0000, Min: 0.4373, Max: 1.3119 SUCCESS
[I 2025-12-14 12:29:09,560] Trial 819 finished with value: -0.003084683219063615 and parameters: {'trail_distance_atr_mult': 1.022986814383232}. Best is trial 126 with value: -0.000363295272717509.
[2025-12-14 12:29:11.914] ⚖️ Computing uniqueness weights for 9018 events... INFO
2025-12-14 12:29:11,915 - System.tprint - INFO - ℹ️ ⚖️ Computing uniqueness weights for 9018 events... INFO
[2025-12-14 12:29:11.934] ✅ Uniqueness weights computed. Mean: 1.0000, Min: 0.4375, Max: 1.3124 SUCCESS
2025-12-14 12:29:11,935 - System.tprint - INFO - ℹ️ ✅ Uniqueness weights computed. Mean: 1.0000, Min: 0.4375, Max: 1.3124 SUCCESS
[I 2025-12-14 12:29:13,073] Trial 820 finished with value: -0.004691736834043057 and parameters: {'trail_distance_atr_mult': 1.31002978179301}. Best is trial 126 with value: -0.000363295272717509.
[2025-12-14 12:29:15.285] ⚖️ Computing uniqueness weights for 9018 events... INFO
2025-12-14 12:29:15,285 - System.tprint - INFO - ℹ️ ⚖️ Computing uniqueness weights for 9018 events... INFO
[2025-12-14 12:29:15.298] ✅ Uniqueness weights computed. Mean: 1.0000, Min: 0.4373, Max: 1.3119 SUCCESS
2025-12-14 12:29:15,298 - System.tprint - INFO - ℹ️ ✅ Uniqueness weights computed. Mean: 1.0000, Min: 0.4373, Max: 1.3119 SUCCESS
[I 2025-12-14 12:29:16,448] Trial 821 finished with value: -0.007527228966273778 and parameters: {'trail_distance_atr_mult': 1.040378997369488}. Best is trial 126 with value: -0.000363295272717509.
[2025-12-14 12:29:18.555] ⚖️ Computing uniqueness weights for 9018 events... INFO
2025-12-14 12:29:18,556 - System.tprint - INFO - ℹ️ ⚖️ Computing uniqueness weights for 9018 events... INFO
[2025-12-14 12:29:18.576] ✅ Uniqueness weights computed. Mean: 1.0000, Min: 0.4375, Max: 1.3124 SUCCESS
2025-12-14 12:29:18,576 - System.tprint - INFO - ℹ️ ✅ Uniqueness weights computed. Mean: 1.0000, Min: 0.4375, Max: 1.3124 SUCCESS
[I 2025-12-14 12:29:19,768] Trial 822 finished with value: -0.004683405494991236 and parameters: {'trail_distance_atr_mult': 1.294052917731436}. Best is trial 126 with value: -0.000363295272717509.
[2025-12-14 12:29:21.680] ⚖️ Computing uniqueness weights for 9018 events... INFO
2025-12-14 12:29:21,680 - System.tprint - INFO - ℹ️ ⚖️ Computing uniqueness weights for 9018 events... INFO
[2025-12-14 12:29:21.694] ✅ Uniqueness weights computed. Mean: 1.0000, Min: 0.4375, Max: 1.3124 SUCCESS
2025-12-14 12:29:21,694 - System.tprint - INFO - ℹ️ ✅ Uniqueness weights computed. Mean: 1.0000, Min: 0.4375, Max: 1.3124 SUCCESS
[I 2025-12-14 12:29:22,786] Trial 823 finished with value: -0.0022515179385672736 and parameters: {'trail_distance_atr_mult': 1.2480800203310654}. Best is trial 126 with value: -0.000363295272717509.
[2025-12-14 12:29:24.453] ⚖️ Computing uniqueness weights for 9018 events... INFO
2025-12-14 12:29:24,453 - System.tprint - INFO - ℹ️ ⚖️ Computing uniqueness weights for 9018 events... INFO
[2025-12-14 12:29:24.464] ✅ Uniqueness weights computed. Mean: 1.0000, Min: 0.4374, Max: 1.3123 SUCCESS
2025-12-14 12:29:24,464 - System.tprint - INFO - ℹ️ ✅ Uniqueness weights computed. Mean: 1.0000, Min: 0.4374, Max: 1.3123 SUCCESS
[I 2025-12-14 12:29:25,431] Trial 824 finished with value: -0.004487202175608055 and parameters: {'trail_distance_atr_mult': 1.2273620227659916}. Best is trial 126 with value: -0.000363295272717509.
[2025-12-14 12:29:27.705] ⚖️ Computing uniqueness weights for 9018 events... INFO
2025-12-14 12:29:27,706 - System.tprint - INFO - ℹ️ ⚖️ Computing uniqueness weights for 9018 events... INFO
[2025-12-14 12:29:27.721] ✅ Uniqueness weights computed. Mean: 1.0000, Min: 0.4375, Max: 1.3124 SUCCESS
2025-12-14 12:29:27,721 - System.tprint - INFO - ℹ️ ✅ Uniqueness weights computed. Mean: 1.0000, Min: 0.4375, Max: 1.3124 SUCCESS
[I 2025-12-14 12:29:28,827] Trial 825 finished with value: -0.002522392502693082 and parameters: {'trail_distance_atr_mult': 1.2688589589794597}. Best is trial 126 with value: -0.000363295272717509.
[2025-12-14 12:29:30.897] ⚖️ Computing uniqueness weights for 9018 events... INFO
2025-12-14 12:29:30,897 - System.tprint - INFO - ℹ️ ⚖️ Computing uniqueness weights for 9018 events... INFO
[2025-12-14 12:29:30.910] ✅ Uniqueness weights computed. Mean: 1.0000, Min: 0.4373, Max: 1.3119 SUCCESS
2025-12-14 12:29:30,910 - System.tprint - INFO - ℹ️ ✅ Uniqueness weights computed. Mean: 1.0000, Min: 0.4373, Max: 1.3119 SUCCESS
[I 2025-12-14 12:29:32,037] Trial 826 finished with value: -0.006751239811984242 and parameters: {'trail_distance_atr_mult': 1.004092098878126}. Best is trial 126 with value: -0.000363295272717509.
[2025-12-14 12:29:33.616] ⚖️ Computing uniqueness weights for 9018 events... INFO
2025-12-14 12:29:33,617 - System.tprint - INFO - ℹ️ ⚖️ Computing uniqueness weights for 9018 events... INFO
[2025-12-14 12:29:33.630] ✅ Uniqueness weights computed. Mean: 1.0000, Min: 0.4379, Max: 1.3138 SUCCESS
2025-12-14 12:29:33,630 - System.tprint - INFO - ℹ️ ✅ Uniqueness weights computed. Mean: 1.0000, Min: 0.4379, Max: 1.3138 SUCCESS
[I 2025-12-14 12:29:34,650] Trial 827 finished with value: -0.0058994168447629915 and parameters: {'trail_distance_atr_mult': 2.137712869791417}. Best is trial 126 with value: -0.000363295272717509.
[2025-12-14 12:29:36.513] ⚖️ Computing uniqueness weights for 9018 events... INFO
2025-12-14 12:29:36,514 - System.tprint - INFO - ℹ️ ⚖️ Computing uniqueness weights for 9018 events... INFO
[2025-12-14 12:29:36.530] ✅ Uniqueness weights computed. Mean: 1.0000, Min: 0.4374, Max: 1.3123 SUCCESS
2025-12-14 12:29:36,531 - System.tprint - INFO - ℹ️ ✅ Uniqueness weights computed. Mean: 1.0000, Min: 0.4374, Max: 1.3123 SUCCESS
[I 2025-12-14 12:29:37,608] Trial 828 finished with value: -0.004494425129685343 and parameters: {'trail_distance_atr_mult': 1.2355501699108469}. Best is trial 126 with value: -0.000363295272717509.
[2025-12-14 12:29:39.360] ⚖️ Computing uniqueness weights for 9018 events... INFO
2025-12-14 12:29:39,361 - System.tprint - INFO - ℹ️ ⚖️ Computing uniqueness weights for 9018 events... INFO
[2025-12-14 12:29:39.377] ✅ Uniqueness weights computed. Mean: 1.0000, Min: 0.4375, Max: 1.3124 SUCCESS
2025-12-14 12:29:39,377 - System.tprint - INFO - ℹ️ ✅ Uniqueness weights computed. Mean: 1.0000, Min: 0.4375, Max: 1.3124 SUCCESS
[I 2025-12-14 12:29:40,377] Trial 829 finished with value: -0.005837458881672932 and parameters: {'trail_distance_atr_mult': 1.2956572474532884}. Best is trial 126 with value: -0.000363295272717509.
[2025-12-14 12:29:41.802] ⚖️ Computing uniqueness weights for 9018 events... INFO
2025-12-14 12:29:41,802 - System.tprint - INFO - ℹ️ ⚖️ Computing uniqueness weights for 9018 events... INFO
[2025-12-14 12:29:41.813] ✅ Uniqueness weights computed. Mean: 1.0000, Min: 0.4373, Max: 1.3120 SUCCESS
2025-12-14 12:29:41,813 - System.tprint - INFO - ℹ️ ✅ Uniqueness weights computed. Mean: 1.0000, Min: 0.4373, Max: 1.3120 SUCCESS
[I 2025-12-14 12:29:42,758] Trial 830 finished with value: -0.007527267819182805 and parameters: {'trail_distance_atr_mult': 1.0753091951424634}. Best is trial 126 with value: -0.000363295272717509.
[2025-12-14 12:29:44.172] ⚖️ Computing uniqueness weights for 9018 events... INFO
2025-12-14 12:29:44,172 - System.tprint - INFO - ℹ️ ⚖️ Computing uniqueness weights for 9018 events... INFO
[2025-12-14 12:29:44.182] ✅ Uniqueness weights computed. Mean: 1.0000, Min: 0.4375, Max: 1.3124 SUCCESS
2025-12-14 12:29:44,183 - System.tprint - INFO - ℹ️ ✅ Uniqueness weights computed. Mean: 1.0000, Min: 0.4375, Max: 1.3124 SUCCESS
[I 2025-12-14 12:29:45,058] Trial 831 finished with value: -0.004640263750316402 and parameters: {'trail_distance_atr_mult': 1.2868698491637327}. Best is trial 126 with value: -0.000363295272717509.
[2025-12-14 12:29:46.456] ⚖️ Computing uniqueness weights for 9018 events... INFO
2025-12-14 12:29:46,456 - System.tprint - INFO - ℹ️ ⚖️ Computing uniqueness weights for 9018 events... INFO
[2025-12-14 12:29:46.467] ✅ Uniqueness weights computed. Mean: 1.0000, Min: 0.4373, Max: 1.3119 SUCCESS
2025-12-14 12:29:46,467 - System.tprint - INFO - ℹ️ ✅ Uniqueness weights computed. Mean: 1.0000, Min: 0.4373, Max: 1.3119 SUCCESS
[I 2025-12-14 12:29:47,353] Trial 832 finished with value: -0.007527240873091616 and parameters: {'trail_distance_atr_mult': 1.0502046953212032}. Best is trial 126 with value: -0.000363295272717509.
[2025-12-14 12:29:48.815] ⚖️ Computing uniqueness weights for 9018 events... INFO
2025-12-14 12:29:48,815 - System.tprint - INFO - ℹ️ ⚖️ Computing uniqueness weights for 9018 events... INFO
[2025-12-14 12:29:48.826] ✅ Uniqueness weights computed. Mean: 1.0000, Min: 0.4375, Max: 1.3124 SUCCESS
2025-12-14 12:29:48,827 - System.tprint - INFO - ℹ️ ✅ Uniqueness weights computed. Mean: 1.0000, Min: 0.4375, Max: 1.3124 SUCCESS
[I 2025-12-14 12:29:49,701] Trial 833 finished with value: -0.0032373669461517986 and parameters: {'trail_distance_atr_mult': 1.3459437700043502}. Best is trial 126 with value: -0.000363295272717509.
[2025-12-14 12:29:51.115] ⚖️ Computing uniqueness weights for 9018 events... INFO
2025-12-14 12:29:51,115 - System.tprint - INFO - ℹ️ ⚖️ Computing uniqueness weights for 9018 events... INFO
[2025-12-14 12:29:51.126] ✅ Uniqueness weights computed. Mean: 1.0000, Min: 0.4375, Max: 1.3124 SUCCESS
2025-12-14 12:29:51,126 - System.tprint - INFO - ℹ️ ✅ Uniqueness weights computed. Mean: 1.0000, Min: 0.4375, Max: 1.3124 SUCCESS
[I 2025-12-14 12:29:52,010] Trial 834 finished with value: -0.003237368596896896 and parameters: {'trail_distance_atr_mult': 1.337040033736806}. Best is trial 126 with value: -0.000363295272717509.
[2025-12-14 12:29:53.398] ⚖️ Computing uniqueness weights for 9018 events... INFO
2025-12-14 12:29:53,399 - System.tprint - INFO - ℹ️ ⚖️ Computing uniqueness weights for 9018 events... INFO
[2025-12-14 12:29:53.409] ✅ Uniqueness weights computed. Mean: 1.0000, Min: 0.4373, Max: 1.3119 SUCCESS
2025-12-14 12:29:53,409 - System.tprint - INFO - ℹ️ ✅ Uniqueness weights computed. Mean: 1.0000, Min: 0.4373, Max: 1.3119 SUCCESS
[I 2025-12-14 12:29:54,288] Trial 835 finished with value: -0.0075272352429711425 and parameters: {'trail_distance_atr_mult': 1.0455160614832153}. Best is trial 126 with value: -0.000363295272717509.
[2025-12-14 12:29:55.696] ⚖️ Computing uniqueness weights for 9018 events... INFO
2025-12-14 12:29:55,696 - System.tprint - INFO - ℹ️ ⚖️ Computing uniqueness weights for 9018 events... INFO
[2025-12-14 12:29:55.707] ✅ Uniqueness weights computed. Mean: 1.0000, Min: 0.4375, Max: 1.3125 SUCCESS
2025-12-14 12:29:55,707 - System.tprint - INFO - ℹ️ ✅ Uniqueness weights computed. Mean: 1.0000, Min: 0.4375, Max: 1.3125 SUCCESS
[I 2025-12-14 12:29:56,597] Trial 836 finished with value: -0.0029957401105379622 and parameters: {'trail_distance_atr_mult': 1.3725197872434198}. Best is trial 126 with value: -0.000363295272717509.
[2025-12-14 12:29:58.271] ⚖️ Computing uniqueness weights for 9018 events... INFO
2025-12-14 12:29:58,271 - System.tprint - INFO - ℹ️ ⚖️ Computing uniqueness weights for 9018 events... INFO
[2025-12-14 12:29:58.282] ✅ Uniqueness weights computed. Mean: 1.0000, Min: 0.4377, Max: 1.3132 SUCCESS
2025-12-14 12:29:58,282 - System.tprint - INFO - ℹ️ ✅ Uniqueness weights computed. Mean: 1.0000, Min: 0.4377, Max: 1.3132 SUCCESS
[I 2025-12-14 12:29:59,354] Trial 837 finished with value: -0.005986806943926876 and parameters: {'trail_distance_atr_mult': 1.9199821326820479}. Best is trial 126 with value: -0.000363295272717509.
[2025-12-14 12:30:00.873] ⚖️ Computing uniqueness weights for 9018 events... INFO
2025-12-14 12:30:00,873 - System.tprint - INFO - ℹ️ ⚖️ Computing uniqueness weights for 9018 events... INFO
[2025-12-14 12:30:00.884] ✅ Uniqueness weights computed. Mean: 1.0000, Min: 0.4375, Max: 1.3124 SUCCESS
2025-12-14 12:30:00,884 - System.tprint - INFO - ℹ️ ✅ Uniqueness weights computed. Mean: 1.0000, Min: 0.4375, Max: 1.3124 SUCCESS
[I 2025-12-14 12:30:01,793] Trial 838 finished with value: -0.0032373727019975895 and parameters: {'trail_distance_atr_mult': 1.3255859181483283}. Best is trial 126 with value: -0.000363295272717509.
[2025-12-14 12:30:03.223] ⚖️ Computing uniqueness weights for 9018 events... INFO
2025-12-14 12:30:03,224 - System.tprint - INFO - ℹ️ ⚖️ Computing uniqueness weights for 9018 events... INFO
[2025-12-14 12:30:03.234] ✅ Uniqueness weights computed. Mean: 1.0000, Min: 0.4373, Max: 1.3118 SUCCESS
2025-12-14 12:30:03,235 - System.tprint - INFO - ℹ️ ✅ Uniqueness weights computed. Mean: 1.0000, Min: 0.4373, Max: 1.3118 SUCCESS
