[I 2025-12-14 12:53:32,720] Trial 1504 finished with value: -0.007094650921260774 and parameters: {'trail_distance_atr_mult': 1.1790093825611665}. Best is trial 126 with value: -0.000363295272717509.
[2025-12-14 12:53:33.926] ⚖️ Computing uniqueness weights for 9018 events... INFO
2025-12-14 12:53:33,927 - System.tprint - INFO - ℹ️ ⚖️ Computing uniqueness weights for 9018 events... INFO
[2025-12-14 12:53:33.936] ✅ Uniqueness weights computed. Mean: 1.0000, Min: 0.4373, Max: 1.3118 SUCCESS
2025-12-14 12:53:33,937 - System.tprint - INFO - ℹ️ ✅ Uniqueness weights computed. Mean: 1.0000, Min: 0.4373, Max: 1.3118 SUCCESS
[I 2025-12-14 12:53:34,571] Trial 1505 finished with value: -0.006778450646031873 and parameters: {'trail_distance_atr_mult': 0.95705822967303}. Best is trial 126 with value: -0.000363295272717509.
[2025-12-14 12:53:35.777] ⚖️ Computing uniqueness weights for 9018 events... INFO
2025-12-14 12:53:35,777 - System.tprint - INFO - ℹ️ ⚖️ Computing uniqueness weights for 9018 events... INFO
[2025-12-14 12:53:35.787] ✅ Uniqueness weights computed. Mean: 1.0000, Min: 0.4374, Max: 1.3121 SUCCESS
2025-12-14 12:53:35,787 - System.tprint - INFO - ℹ️ ✅ Uniqueness weights computed. Mean: 1.0000, Min: 0.4374, Max: 1.3121 SUCCESS
[I 2025-12-14 12:53:36,420] Trial 1506 finished with value: -0.007094602144945074 and parameters: {'trail_distance_atr_mult': 1.176459704404795}. Best is trial 126 with value: -0.000363295272717509.
[2025-12-14 12:53:37.607] ⚖️ Computing uniqueness weights for 9018 events... INFO
2025-12-14 12:53:37,607 - System.tprint - INFO - ℹ️ ⚖️ Computing uniqueness weights for 9018 events... INFO
[2025-12-14 12:53:37.617] ✅ Uniqueness weights computed. Mean: 1.0000, Min: 0.4373, Max: 1.3118 SUCCESS
2025-12-14 12:53:37,617 - System.tprint - INFO - ℹ️ ✅ Uniqueness weights computed. Mean: 1.0000, Min: 0.4373, Max: 1.3118 SUCCESS
[I 2025-12-14 12:53:38,251] Trial 1507 finished with value: -0.006778407067171122 and parameters: {'trail_distance_atr_mult': 0.9414765745955703}. Best is trial 126 with value: -0.000363295272717509.
[2025-12-14 12:53:39.470] ⚖️ Computing uniqueness weights for 9018 events... INFO
2025-12-14 12:53:39,470 - System.tprint - INFO - ℹ️ ⚖️ Computing uniqueness weights for 9018 events... INFO
[2025-12-14 12:53:39.479] ✅ Uniqueness weights computed. Mean: 1.0000, Min: 0.4374, Max: 1.3121 SUCCESS
2025-12-14 12:53:39,479 - System.tprint - INFO - ℹ️ ✅ Uniqueness weights computed. Mean: 1.0000, Min: 0.4374, Max: 1.3121 SUCCESS
[I 2025-12-14 12:53:40,123] Trial 1508 finished with value: -0.0012531690837997548 and parameters: {'trail_distance_atr_mult': 1.1831930693113608}. Best is trial 126 with value: -0.000363295272717509.
[2025-12-14 12:53:41.355] ⚖️ Computing uniqueness weights for 9018 events... INFO
2025-12-14 12:53:41,355 - System.tprint - INFO - ℹ️ ⚖️ Computing uniqueness weights for 9018 events... INFO
[2025-12-14 12:53:41.364] ✅ Uniqueness weights computed. Mean: 1.0000, Min: 0.4374, Max: 1.3122 SUCCESS
2025-12-14 12:53:41,364 - System.tprint - INFO - ℹ️ ✅ Uniqueness weights computed. Mean: 1.0000, Min: 0.4374, Max: 1.3122 SUCCESS
[I 2025-12-14 12:53:42,330] Trial 1509 finished with value: -0.005810672421571912 and parameters: {'trail_distance_atr_mult': 1.1977950605736947}. Best is trial 126 with value: -0.000363295272717509.
[2025-12-14 12:53:44.186] ⚖️ Computing uniqueness weights for 9018 events... INFO
2025-12-14 12:53:44,187 - System.tprint - INFO - ℹ️ ⚖️ Computing uniqueness weights for 9018 events... INFO
[2025-12-14 12:53:44.199] ✅ Uniqueness weights computed. Mean: 1.0000, Min: 0.4374, Max: 1.3121 SUCCESS
2025-12-14 12:53:44,199 - System.tprint - INFO - ℹ️ ✅ Uniqueness weights computed. Mean: 1.0000, Min: 0.4374, Max: 1.3121 SUCCESS
[I 2025-12-14 12:53:45,085] Trial 1510 finished with value: -0.004891414477512543 and parameters: {'trail_distance_atr_mult': 1.1942745844710183}. Best is trial 126 with value: -0.000363295272717509.
[2025-12-14 12:53:46.507] ⚖️ Computing uniqueness weights for 9018 events... INFO
2025-12-14 12:53:46,507 - System.tprint - INFO - ℹ️ ⚖️ Computing uniqueness weights for 9018 events... INFO
[2025-12-14 12:53:46.521] ✅ Uniqueness weights computed. Mean: 1.0000, Min: 0.4374, Max: 1.3122 SUCCESS
2025-12-14 12:53:46,522 - System.tprint - INFO - ℹ️ ✅ Uniqueness weights computed. Mean: 1.0000, Min: 0.4374, Max: 1.3122 SUCCESS
[I 2025-12-14 12:53:47,425] Trial 1511 finished with value: -0.003222776669713866 and parameters: {'trail_distance_atr_mult': 1.2175917347593663}. Best is trial 126 with value: -0.000363295272717509.
[2025-12-14 12:53:48.805] ⚖️ Computing uniqueness weights for 9018 events... INFO
2025-12-14 12:53:48,806 - System.tprint - INFO - ℹ️ ⚖️ Computing uniqueness weights for 9018 events... INFO
[2025-12-14 12:53:48.817] ✅ Uniqueness weights computed. Mean: 1.0000, Min: 0.4374, Max: 1.3121 SUCCESS
2025-12-14 12:53:48,817 - System.tprint - INFO - ℹ️ ✅ Uniqueness weights computed. Mean: 1.0000, Min: 0.4374, Max: 1.3121 SUCCESS
[I 2025-12-14 12:53:49,713] Trial 1512 finished with value: -0.004891358161258724 and parameters: {'trail_distance_atr_mult': 1.1965631984250575}. Best is trial 126 with value: -0.000363295272717509.
[2025-12-14 12:53:51.085] ⚖️ Computing uniqueness weights for 9018 events... INFO
2025-12-14 12:53:51,086 - System.tprint - INFO - ℹ️ ⚖️ Computing uniqueness weights for 9018 events... INFO
[2025-12-14 12:53:51.097] ✅ Uniqueness weights computed. Mean: 1.0000, Min: 0.4373, Max: 1.3118 SUCCESS
2025-12-14 12:53:51,097 - System.tprint - INFO - ℹ️ ✅ Uniqueness weights computed. Mean: 1.0000, Min: 0.4373, Max: 1.3118 SUCCESS
[I 2025-12-14 12:53:51,984] Trial 1513 finished with value: -0.006741903218412696 and parameters: {'trail_distance_atr_mult': 0.985601757653608}. Best is trial 126 with value: -0.000363295272717509.
[2025-12-14 12:53:53.429] ⚖️ Computing uniqueness weights for 9018 events... INFO
2025-12-14 12:53:53,429 - System.tprint - INFO - ℹ️ ⚖️ Computing uniqueness weights for 9018 events... INFO
[2025-12-14 12:53:53.441] ✅ Uniqueness weights computed. Mean: 1.0000, Min: 0.4374, Max: 1.3122 SUCCESS
2025-12-14 12:53:53,442 - System.tprint - INFO - ℹ️ ✅ Uniqueness weights computed. Mean: 1.0000, Min: 0.4374, Max: 1.3122 SUCCESS
[I 2025-12-14 12:53:54,215] Trial 1514 finished with value: -0.0030156972889930074 and parameters: {'trail_distance_atr_mult': 1.204116577267259}. Best is trial 126 with value: -0.000363295272717509.
[2025-12-14 12:53:55.412] ⚖️ Computing uniqueness weights for 9018 events... INFO
2025-12-14 12:53:55,412 - System.tprint - INFO - ℹ️ ⚖️ Computing uniqueness weights for 9018 events... INFO
[2025-12-14 12:53:55.422] ✅ Uniqueness weights computed. Mean: 1.0000, Min: 0.4373, Max: 1.3118 SUCCESS
2025-12-14 12:53:55,422 - System.tprint - INFO - ℹ️ ✅ Uniqueness weights computed. Mean: 1.0000, Min: 0.4373, Max: 1.3118 SUCCESS
[I 2025-12-14 12:53:56,062] Trial 1515 finished with value: -0.007224089942824108 and parameters: {'trail_distance_atr_mult': 0.9600150262282019}. Best is trial 126 with value: -0.000363295272717509.
[2025-12-14 12:53:57.268] ⚖️ Computing uniqueness weights for 9018 events... INFO
2025-12-14 12:53:57,268 - System.tprint - INFO - ℹ️ ⚖️ Computing uniqueness weights for 9018 events... INFO
[2025-12-14 12:53:57.278] ✅ Uniqueness weights computed. Mean: 1.0000, Min: 0.4374, Max: 1.3121 SUCCESS
2025-12-14 12:53:57,278 - System.tprint - INFO - ℹ️ ✅ Uniqueness weights computed. Mean: 1.0000, Min: 0.4374, Max: 1.3121 SUCCESS
[I 2025-12-14 12:53:57,916] Trial 1516 finished with value: -0.007094621953044044 and parameters: {'trail_distance_atr_mult': 1.1775065369541717}. Best is trial 126 with value: -0.000363295272717509.
[2025-12-14 12:53:59.141] ⚖️ Computing uniqueness weights for 9018 events... INFO
2025-12-14 12:53:59,141 - System.tprint - INFO - ℹ️ ⚖️ Computing uniqueness weights for 9018 events... INFO
[2025-12-14 12:53:59.150] ✅ Uniqueness weights computed. Mean: 1.0000, Min: 0.4374, Max: 1.3121 SUCCESS
2025-12-14 12:53:59,150 - System.tprint - INFO - ℹ️ ✅ Uniqueness weights computed. Mean: 1.0000, Min: 0.4374, Max: 1.3121 SUCCESS
[I 2025-12-14 12:53:59,833] Trial 1517 finished with value: -0.0070946238645672 and parameters: {'trail_distance_atr_mult': 1.1776007577610288}. Best is trial 126 with value: -0.000363295272717509.
[2025-12-14 12:54:00.988] ⚖️ Computing uniqueness weights for 9018 events... INFO
2025-12-14 12:54:00,988 - System.tprint - INFO - ℹ️ ⚖️ Computing uniqueness weights for 9018 events... INFO
[2025-12-14 12:54:00.998] ✅ Uniqueness weights computed. Mean: 1.0000, Min: 0.4373, Max: 1.3118 SUCCESS
2025-12-14 12:54:00,998 - System.tprint - INFO - ℹ️ ✅ Uniqueness weights computed. Mean: 1.0000, Min: 0.4373, Max: 1.3118 SUCCESS
[I 2025-12-14 12:54:01,681] Trial 1518 finished with value: -0.006778415182216792 and parameters: {'trail_distance_atr_mult': 0.9493877080563558}. Best is trial 126 with value: -0.000363295272717509.
[2025-12-14 12:54:02.886] ⚖️ Computing uniqueness weights for 9018 events... INFO
2025-12-14 12:54:02,887 - System.tprint - INFO - ℹ️ ⚖️ Computing uniqueness weights for 9018 events... INFO
[2025-12-14 12:54:02.896] ✅ Uniqueness weights computed. Mean: 1.0000, Min: 0.4374, Max: 1.3121 SUCCESS
2025-12-14 12:54:02,897 - System.tprint - INFO - ℹ️ ✅ Uniqueness weights computed. Mean: 1.0000, Min: 0.4374, Max: 1.3121 SUCCESS
[I 2025-12-14 12:54:03,556] Trial 1519 finished with value: -0.004891442066126957 and parameters: {'trail_distance_atr_mult': 1.1931521727436478}. Best is trial 126 with value: -0.000363295272717509.
[2025-12-14 12:54:04.746] ⚖️ Computing uniqueness weights for 9018 events... INFO
2025-12-14 12:54:04,746 - System.tprint - INFO - ℹ️ ⚖️ Computing uniqueness weights for 9018 events... INFO
[2025-12-14 12:54:04.756] ✅ Uniqueness weights computed. Mean: 1.0000, Min: 0.4373, Max: 1.3118 SUCCESS
2025-12-14 12:54:04,756 - System.tprint - INFO - ℹ️ ✅ Uniqueness weights computed. Mean: 1.0000, Min: 0.4373, Max: 1.3118 SUCCESS
[I 2025-12-14 12:54:05,397] Trial 1520 finished with value: -0.006741907199352688 and parameters: {'trail_distance_atr_mult': 0.9861177606317215}. Best is trial 126 with value: -0.000363295272717509.
[2025-12-14 12:54:06.602] ⚖️ Computing uniqueness weights for 9018 events... INFO
2025-12-14 12:54:06,602 - System.tprint - INFO - ℹ️ ⚖️ Computing uniqueness weights for 9018 events... INFO
[2025-12-14 12:54:06.612] ✅ Uniqueness weights computed. Mean: 1.0000, Min: 0.4374, Max: 1.3121 SUCCESS
2025-12-14 12:54:06,613 - System.tprint - INFO - ℹ️ ✅ Uniqueness weights computed. Mean: 1.0000, Min: 0.4374, Max: 1.3121 SUCCESS
[I 2025-12-14 12:54:07,246] Trial 1521 finished with value: -0.007691645945673204 and parameters: {'trail_distance_atr_mult': 1.1619691940249155}. Best is trial 126 with value: -0.000363295272717509.
[2025-12-14 12:54:08.445] ⚖️ Computing uniqueness weights for 9018 events... INFO
2025-12-14 12:54:08,445 - System.tprint - INFO - ℹ️ ⚖️ Computing uniqueness weights for 9018 events... INFO
[2025-12-14 12:54:08.455] ✅ Uniqueness weights computed. Mean: 1.0000, Min: 0.4373, Max: 1.3119 SUCCESS
2025-12-14 12:54:08,455 - System.tprint - INFO - ℹ️ ✅ Uniqueness weights computed. Mean: 1.0000, Min: 0.4373, Max: 1.3119 SUCCESS
[I 2025-12-14 12:54:09,122] Trial 1522 finished with value: -0.006751212487533659 and parameters: {'trail_distance_atr_mult': 0.9955895797586333}. Best is trial 126 with value: -0.000363295272717509.
[2025-12-14 12:54:10.320] ⚖️ Computing uniqueness weights for 9018 events... INFO
2025-12-14 12:54:10,320 - System.tprint - INFO - ℹ️ ⚖️ Computing uniqueness weights for 9018 events... INFO
[2025-12-14 12:54:10.330] ✅ Uniqueness weights computed. Mean: 1.0000, Min: 0.4372, Max: 1.3117 SUCCESS
2025-12-14 12:54:10,331 - System.tprint - INFO - ℹ️ ✅ Uniqueness weights computed. Mean: 1.0000, Min: 0.4372, Max: 1.3117 SUCCESS
[I 2025-12-14 12:54:11,125] Trial 1523 finished with value: -0.0015566787679928075 and parameters: {'trail_distance_atr_mult': 0.7547887198858145}. Best is trial 126 with value: -0.000363295272717509.
[2025-12-14 12:54:12.330] ⚖️ Computing uniqueness weights for 9018 events... INFO
2025-12-14 12:54:12,330 - System.tprint - INFO - ℹ️ ⚖️ Computing uniqueness weights for 9018 events... INFO
[2025-12-14 12:54:12.341] ✅ Uniqueness weights computed. Mean: 1.0000, Min: 0.4372, Max: 1.3117 SUCCESS
2025-12-14 12:54:12,341 - System.tprint - INFO - ℹ️ ✅ Uniqueness weights computed. Mean: 1.0000, Min: 0.4372, Max: 1.3117 SUCCESS
[I 2025-12-14 12:54:12,982] Trial 1524 finished with value: -0.007546852514577222 and parameters: {'trail_distance_atr_mult': 0.6256352686940304}. Best is trial 126 with value: -0.000363295272717509.
[2025-12-14 12:54:14.201] ⚖️ Computing uniqueness weights for 9018 events... INFO
2025-12-14 12:54:14,201 - System.tprint - INFO - ℹ️ ⚖️ Computing uniqueness weights for 9018 events... INFO
[2025-12-14 12:54:14.212] ✅ Uniqueness weights computed. Mean: 1.0000, Min: 0.4372, Max: 1.3117 SUCCESS
2025-12-14 12:54:14,212 - System.tprint - INFO - ℹ️ ✅ Uniqueness weights computed. Mean: 1.0000, Min: 0.4372, Max: 1.3117 SUCCESS
[I 2025-12-14 12:54:14,865] Trial 1525 finished with value: -0.001060420269505417 and parameters: {'trail_distance_atr_mult': 0.7356948243036272}. Best is trial 126 with value: -0.000363295272717509.
[2025-12-14 12:54:16.059] ⚖️ Computing uniqueness weights for 9018 events... INFO
2025-12-14 12:54:16,060 - System.tprint - INFO - ℹ️ ⚖️ Computing uniqueness weights for 9018 events... INFO
[2025-12-14 12:54:16.071] ✅ Uniqueness weights computed. Mean: 1.0000, Min: 0.4372, Max: 1.3117 SUCCESS
2025-12-14 12:54:16,071 - System.tprint - INFO - ℹ️ ✅ Uniqueness weights computed. Mean: 1.0000, Min: 0.4372, Max: 1.3117 SUCCESS
[I 2025-12-14 12:54:16,850] Trial 1526 finished with value: -0.007321828937469562 and parameters: {'trail_distance_atr_mult': 0.5702996176813958}. Best is trial 126 with value: -0.000363295272717509.
[2025-12-14 12:54:18.061] ⚖️ Computing uniqueness weights for 9018 events... INFO
2025-12-14 12:54:18,061 - System.tprint - INFO - ℹ️ ⚖️ Computing uniqueness weights for 9018 events... INFO
[2025-12-14 12:54:18.070] ✅ Uniqueness weights computed. Mean: 1.0000, Min: 0.4372, Max: 1.3117 SUCCESS
2025-12-14 12:54:18,070 - System.tprint - INFO - ℹ️ ✅ Uniqueness weights computed. Mean: 1.0000, Min: 0.4372, Max: 1.3117 SUCCESS
[I 2025-12-14 12:54:18,741] Trial 1527 finished with value: -0.006747742464917565 and parameters: {'trail_distance_atr_mult': 0.7707081239634958}. Best is trial 126 with value: -0.000363295272717509.
[2025-12-14 12:54:19.953] ⚖️ Computing uniqueness weights for 9018 events... INFO
2025-12-14 12:54:19,953 - System.tprint - INFO - ℹ️ ⚖️ Computing uniqueness weights for 9018 events... INFO
[2025-12-14 12:54:19.962] ✅ Uniqueness weights computed. Mean: 1.0000, Min: 0.4373, Max: 1.3118 SUCCESS
2025-12-14 12:54:19,963 - System.tprint - INFO - ℹ️ ✅ Uniqueness weights computed. Mean: 1.0000, Min: 0.4373, Max: 1.3118 SUCCESS
[I 2025-12-14 12:54:20,596] Trial 1528 finished with value: -0.006584428867611646 and parameters: {'trail_distance_atr_mult': 0.8472047575993157}. Best is trial 126 with value: -0.000363295272717509.
[2025-12-14 12:54:21.805] ⚖️ Computing uniqueness weights for 9018 events... INFO
2025-12-14 12:54:21,805 - System.tprint - INFO - ℹ️ ⚖️ Computing uniqueness weights for 9018 events... INFO
[2025-12-14 12:54:21.815] ✅ Uniqueness weights computed. Mean: 1.0000, Min: 0.4372, Max: 1.3117 SUCCESS
2025-12-14 12:54:21,815 - System.tprint - INFO - ℹ️ ✅ Uniqueness weights computed. Mean: 1.0000, Min: 0.4372, Max: 1.3117 SUCCESS
[I 2025-12-14 12:54:22,464] Trial 1529 finished with value: -0.007321828937469562 and parameters: {'trail_distance_atr_mult': 0.5597134588412629}. Best is trial 126 with value: -0.000363295272717509.
[2025-12-14 12:54:23.791] ⚖️ Computing uniqueness weights for 9018 events... INFO
2025-12-14 12:54:23,791 - System.tprint - INFO - ℹ️ ⚖️ Computing uniqueness weights for 9018 events... INFO
[2025-12-14 12:54:23.802] ✅ Uniqueness weights computed. Mean: 1.0000, Min: 0.4372, Max: 1.3117 SUCCESS
2025-12-14 12:54:23,802 - System.tprint - INFO - ℹ️ ✅ Uniqueness weights computed. Mean: 1.0000, Min: 0.4372, Max: 1.3117 SUCCESS
[I 2025-12-14 12:54:24,548] Trial 1530 finished with value: -0.001060420315721392 and parameters: {'trail_distance_atr_mult': 0.7347763411508501}. Best is trial 126 with value: -0.000363295272717509.
[2025-12-14 12:54:25.753] ⚖️ Computing uniqueness weights for 9018 events... INFO
2025-12-14 12:54:25,753 - System.tprint - INFO - ℹ️ ⚖️ Computing uniqueness weights for 9018 events... INFO
[2025-12-14 12:54:25.763] ✅ Uniqueness weights computed. Mean: 1.0000, Min: 0.4372, Max: 1.3117 SUCCESS
2025-12-14 12:54:25,763 - System.tprint - INFO - ℹ️ ✅ Uniqueness weights computed. Mean: 1.0000, Min: 0.4372, Max: 1.3117 SUCCESS
[I 2025-12-14 12:54:26,430] Trial 1531 finished with value: -0.0010604196425070445 and parameters: {'trail_distance_atr_mult': 0.7285065260879724}. Best is trial 126 with value: -0.000363295272717509.
[2025-12-14 12:54:27.689] ⚖️ Computing uniqueness weights for 9018 events... INFO
2025-12-14 12:54:27,689 - System.tprint - INFO - ℹ️ ⚖️ Computing uniqueness weights for 9018 events... INFO
[2025-12-14 12:54:27.700] ✅ Uniqueness weights computed. Mean: 1.0000, Min: 0.4372, Max: 1.3117 SUCCESS
2025-12-14 12:54:27,701 - System.tprint - INFO - ℹ️ ✅ Uniqueness weights computed. Mean: 1.0000, Min: 0.4372, Max: 1.3117 SUCCESS
[I 2025-12-14 12:54:28,848] Trial 1532 finished with value: -0.007321828937469562 and parameters: {'trail_distance_atr_mult': 0.5521610026891539}. Best is trial 126 with value: -0.000363295272717509.
[2025-12-14 12:54:30.643] ⚖️ Computing uniqueness weights for 9018 events... INFO
2025-12-14 12:54:30,644 - System.tprint - INFO - ℹ️ ⚖️ Computing uniqueness weights for 9018 events... INFO
[2025-12-14 12:54:30.656] ✅ Uniqueness weights computed. Mean: 1.0000, Min: 0.4372, Max: 1.3117 SUCCESS
2025-12-14 12:54:30,656 - System.tprint - INFO - ℹ️ ✅ Uniqueness weights computed. Mean: 1.0000, Min: 0.4372, Max: 1.3117 SUCCESS
[I 2025-12-14 12:54:31,483] Trial 1533 finished with value: -0.0034849037732859996 and parameters: {'trail_distance_atr_mult': 0.6494760250995111}. Best is trial 126 with value: -0.000363295272717509.
[2025-12-14 12:54:33.075] ⚖️ Computing uniqueness weights for 9018 events... INFO
2025-12-14 12:54:33,075 - System.tprint - INFO - ℹ️ ⚖️ Computing uniqueness weights for 9018 events... INFO
[2025-12-14 12:54:33.087] ✅ Uniqueness weights computed. Mean: 1.0000, Min: 0.4372, Max: 1.3117 SUCCESS
2025-12-14 12:54:33,088 - System.tprint - INFO - ℹ️ ✅ Uniqueness weights computed. Mean: 1.0000, Min: 0.4372, Max: 1.3117 SUCCESS
[I 2025-12-14 12:54:33,977] Trial 1534 finished with value: -0.007546852514577222 and parameters: {'trail_distance_atr_mult': 0.617032860204457}. Best is trial 126 with value: -0.000363295272717509.
[2025-12-14 12:54:35.343] ⚖️ Computing uniqueness weights for 9018 events... INFO
2025-12-14 12:54:35,343 - System.tprint - INFO - ℹ️ ⚖️ Computing uniqueness weights for 9018 events... INFO
[2025-12-14 12:54:35.354] ✅ Uniqueness weights computed. Mean: 1.0000, Min: 0.4372, Max: 1.3117 SUCCESS
2025-12-14 12:54:35,354 - System.tprint - INFO - ℹ️ ✅ Uniqueness weights computed. Mean: 1.0000, Min: 0.4372, Max: 1.3117 SUCCESS
[I 2025-12-14 12:54:36,247] Trial 1535 finished with value: -0.006728072498104995 and parameters: {'trail_distance_atr_mult': 0.7923906592139764}. Best is trial 126 with value: -0.000363295272717509.
[2025-12-14 12:54:37.635] ⚖️ Computing uniqueness weights for 9018 events... INFO
2025-12-14 12:54:37,635 - System.tprint - INFO - ℹ️ ⚖️ Computing uniqueness weights for 9018 events... INFO
[2025-12-14 12:54:37.645] ✅ Uniqueness weights computed. Mean: 1.0000, Min: 0.4372, Max: 1.3117 SUCCESS
2025-12-14 12:54:37,646 - System.tprint - INFO - ℹ️ ✅ Uniqueness weights computed. Mean: 1.0000, Min: 0.4372, Max: 1.3117 SUCCESS
[I 2025-12-14 12:54:38,542] Trial 1536 finished with value: -0.007479131975568756 and parameters: {'trail_distance_atr_mult': 0.7222828538195107}. Best is trial 126 with value: -0.000363295272717509.
[2025-12-14 12:54:39.924] ⚖️ Computing uniqueness weights for 9018 events... INFO
2025-12-14 12:54:39,924 - System.tprint - INFO - ℹ️ ⚖️ Computing uniqueness weights for 9018 events... INFO
[2025-12-14 12:54:39.935] ✅ Uniqueness weights computed. Mean: 1.0000, Min: 0.4372, Max: 1.3117 SUCCESS
2025-12-14 12:54:39,935 - System.tprint - INFO - ℹ️ ✅ Uniqueness weights computed. Mean: 1.0000, Min: 0.4372, Max: 1.3117 SUCCESS
[I 2025-12-14 12:54:40,831] Trial 1537 finished with value: -0.001556677420861924 and parameters: {'trail_distance_atr_mult': 0.7538884190766185}. Best is trial 126 with value: -0.000363295272717509.
[2025-12-14 12:54:42.068] ⚖️ Computing uniqueness weights for 9018 events... INFO
2025-12-14 12:54:42,069 - System.tprint - INFO - ℹ️ ⚖️ Computing uniqueness weights for 9018 events... INFO
[2025-12-14 12:54:42.078] ✅ Uniqueness weights computed. Mean: 1.0000, Min: 0.4372, Max: 1.3117 SUCCESS
2025-12-14 12:54:42,078 - System.tprint - INFO - ℹ️ ✅ Uniqueness weights computed. Mean: 1.0000, Min: 0.4372, Max: 1.3117 SUCCESS
[I 2025-12-14 12:54:42,713] Trial 1538 finished with value: -0.007546852514577222 and parameters: {'trail_distance_atr_mult': 0.5879345948297648}. Best is trial 126 with value: -0.000363295272717509.
[2025-12-14 12:54:43.918] ⚖️ Computing uniqueness weights for 9018 events... INFO
2025-12-14 12:54:43,918 - System.tprint - INFO - ℹ️ ⚖️ Computing uniqueness weights for 9018 events... INFO
[2025-12-14 12:54:43.928] ✅ Uniqueness weights computed. Mean: 1.0000, Min: 0.4372, Max: 1.3117 SUCCESS
2025-12-14 12:54:43,928 - System.tprint - INFO - ℹ️ ✅ Uniqueness weights computed. Mean: 1.0000, Min: 0.4372, Max: 1.3117 SUCCESS
