[I 2025-12-14 13:01:40,091] Trial 1749 finished with value: -0.002251478178058529 and parameters: {'trail_distance_atr_mult': 1.2559438303306143}. Best is trial 126 with value: -0.000363295272717509.
[2025-12-14 13:01:41.431] ⚖️ Computing uniqueness weights for 9018 events... INFO
2025-12-14 13:01:41,431 - System.tprint - INFO - ℹ️ ⚖️ Computing uniqueness weights for 9018 events... INFO
[2025-12-14 13:01:41.444] ✅ Uniqueness weights computed. Mean: 1.0000, Min: 0.4373, Max: 1.3118 SUCCESS
2025-12-14 13:01:41,444 - System.tprint - INFO - ℹ️ ✅ Uniqueness weights computed. Mean: 1.0000, Min: 0.4373, Max: 1.3118 SUCCESS
[I 2025-12-14 13:01:42,512] Trial 1750 finished with value: -0.006758306280344286 and parameters: {'trail_distance_atr_mult': 0.963043764751795}. Best is trial 126 with value: -0.000363295272717509.
[2025-12-14 13:01:44.016] ⚖️ Computing uniqueness weights for 9018 events... INFO
2025-12-14 13:01:44,017 - System.tprint - INFO - ℹ️ ⚖️ Computing uniqueness weights for 9018 events... INFO
[2025-12-14 13:01:44.026] ✅ Uniqueness weights computed. Mean: 1.0000, Min: 0.4372, Max: 1.3117 SUCCESS
2025-12-14 13:01:44,026 - System.tprint - INFO - ℹ️ ✅ Uniqueness weights computed. Mean: 1.0000, Min: 0.4372, Max: 1.3117 SUCCESS
[I 2025-12-14 13:01:45,115] Trial 1751 finished with value: -0.007479331783459741 and parameters: {'trail_distance_atr_mult': 0.7137224515322973}. Best is trial 126 with value: -0.000363295272717509.
[2025-12-14 13:01:46.569] ⚖️ Computing uniqueness weights for 9018 events... INFO
2025-12-14 13:01:46,569 - System.tprint - INFO - ℹ️ ⚖️ Computing uniqueness weights for 9018 events... INFO
[2025-12-14 13:01:46.584] ✅ Uniqueness weights computed. Mean: 1.0000, Min: 0.4375, Max: 1.3124 SUCCESS
2025-12-14 13:01:46,584 - System.tprint - INFO - ℹ️ ✅ Uniqueness weights computed. Mean: 1.0000, Min: 0.4375, Max: 1.3124 SUCCESS
[I 2025-12-14 13:01:47,577] Trial 1752 finished with value: -0.0022685271418716115 and parameters: {'trail_distance_atr_mult': 1.2640915781432323}. Best is trial 126 with value: -0.000363295272717509.
[2025-12-14 13:01:48.961] ⚖️ Computing uniqueness weights for 9018 events... INFO
2025-12-14 13:01:48,961 - System.tprint - INFO - ℹ️ ⚖️ Computing uniqueness weights for 9018 events... INFO
[2025-12-14 13:01:48.973] ✅ Uniqueness weights computed. Mean: 1.0000, Min: 0.4373, Max: 1.3119 SUCCESS
2025-12-14 13:01:48,974 - System.tprint - INFO - ℹ️ ✅ Uniqueness weights computed. Mean: 1.0000, Min: 0.4373, Max: 1.3119 SUCCESS
[I 2025-12-14 13:01:49,851] Trial 1753 finished with value: -0.006751224153144175 and parameters: {'trail_distance_atr_mult': 0.999244613748193}. Best is trial 126 with value: -0.000363295272717509.
[2025-12-14 13:01:51.232] ⚖️ Computing uniqueness weights for 9018 events... INFO
2025-12-14 13:01:51,232 - System.tprint - INFO - ℹ️ ⚖️ Computing uniqueness weights for 9018 events... INFO
[2025-12-14 13:01:51.244] ✅ Uniqueness weights computed. Mean: 1.0000, Min: 0.4373, Max: 1.3118 SUCCESS
2025-12-14 13:01:51,245 - System.tprint - INFO - ℹ️ ✅ Uniqueness weights computed. Mean: 1.0000, Min: 0.4373, Max: 1.3118 SUCCESS
[I 2025-12-14 13:01:52,129] Trial 1754 finished with value: -0.0072917301562669505 and parameters: {'trail_distance_atr_mult': 0.9613808120305514}. Best is trial 126 with value: -0.000363295272717509.
[2025-12-14 13:01:53.518] ⚖️ Computing uniqueness weights for 9018 events... INFO
2025-12-14 13:01:53,518 - System.tprint - INFO - ℹ️ ⚖️ Computing uniqueness weights for 9018 events... INFO
[2025-12-14 13:01:53.530] ✅ Uniqueness weights computed. Mean: 1.0000, Min: 0.4375, Max: 1.3124 SUCCESS
2025-12-14 13:01:53,530 - System.tprint - INFO - ℹ️ ✅ Uniqueness weights computed. Mean: 1.0000, Min: 0.4375, Max: 1.3124 SUCCESS
[I 2025-12-14 13:01:54,430] Trial 1755 finished with value: -0.005687403129992764 and parameters: {'trail_distance_atr_mult': 1.2817074613075206}. Best is trial 126 with value: -0.000363295272717509.
[2025-12-14 13:01:55.707] ⚖️ Computing uniqueness weights for 9018 events... INFO
2025-12-14 13:01:55,707 - System.tprint - INFO - ℹ️ ⚖️ Computing uniqueness weights for 9018 events... INFO
[2025-12-14 13:01:55.718] ✅ Uniqueness weights computed. Mean: 1.0000, Min: 0.4372, Max: 1.3117 SUCCESS
2025-12-14 13:01:55,718 - System.tprint - INFO - ℹ️ ✅ Uniqueness weights computed. Mean: 1.0000, Min: 0.4372, Max: 1.3117 SUCCESS
[I 2025-12-14 13:01:56,405] Trial 1756 finished with value: -0.007479331783459741 and parameters: {'trail_distance_atr_mult': 0.7032017442537394}. Best is trial 126 with value: -0.000363295272717509.
[2025-12-14 13:01:57.616] ⚖️ Computing uniqueness weights for 9018 events... INFO
2025-12-14 13:01:57,616 - System.tprint - INFO - ℹ️ ⚖️ Computing uniqueness weights for 9018 events... INFO
[2025-12-14 13:01:57.626] ✅ Uniqueness weights computed. Mean: 1.0000, Min: 0.4373, Max: 1.3118 SUCCESS
2025-12-14 13:01:57,626 - System.tprint - INFO - ℹ️ ✅ Uniqueness weights computed. Mean: 1.0000, Min: 0.4373, Max: 1.3118 SUCCESS
[I 2025-12-14 13:01:58,267] Trial 1757 finished with value: -0.006778405444223458 and parameters: {'trail_distance_atr_mult': 0.9404874081290292}. Best is trial 126 with value: -0.000363295272717509.
[2025-12-14 13:01:59.584] ⚖️ Computing uniqueness weights for 9018 events... INFO
2025-12-14 13:01:59,584 - System.tprint - INFO - ℹ️ ⚖️ Computing uniqueness weights for 9018 events... INFO
[2025-12-14 13:01:59.595] ✅ Uniqueness weights computed. Mean: 1.0000, Min: 0.4374, Max: 1.3122 SUCCESS
2025-12-14 13:01:59,595 - System.tprint - INFO - ℹ️ ✅ Uniqueness weights computed. Mean: 1.0000, Min: 0.4374, Max: 1.3122 SUCCESS
[I 2025-12-14 13:02:00,563] Trial 1758 finished with value: -0.0030156866797002246 and parameters: {'trail_distance_atr_mult': 1.210470562970868}. Best is trial 126 with value: -0.000363295272717509.
[2025-12-14 13:02:01.900] ⚖️ Computing uniqueness weights for 9018 events... INFO
2025-12-14 13:02:01,901 - System.tprint - INFO - ℹ️ ⚖️ Computing uniqueness weights for 9018 events... INFO
[2025-12-14 13:02:01.910] ✅ Uniqueness weights computed. Mean: 1.0000, Min: 0.4373, Max: 1.3119 SUCCESS
2025-12-14 13:02:01,910 - System.tprint - INFO - ℹ️ ✅ Uniqueness weights computed. Mean: 1.0000, Min: 0.4373, Max: 1.3119 SUCCESS
[I 2025-12-14 13:02:02,612] Trial 1759 finished with value: -0.006751212073090045 and parameters: {'trail_distance_atr_mult': 0.9954668063817883}. Best is trial 126 with value: -0.000363295272717509.
[2025-12-14 13:02:03.843] ⚖️ Computing uniqueness weights for 9018 events... INFO
2025-12-14 13:02:03,843 - System.tprint - INFO - ℹ️ ⚖️ Computing uniqueness weights for 9018 events... INFO
[2025-12-14 13:02:03.854] ✅ Uniqueness weights computed. Mean: 1.0000, Min: 0.4372, Max: 1.3117 SUCCESS
2025-12-14 13:02:03,854 - System.tprint - INFO - ℹ️ ✅ Uniqueness weights computed. Mean: 1.0000, Min: 0.4372, Max: 1.3117 SUCCESS
[I 2025-12-14 13:02:04,561] Trial 1760 finished with value: -0.007479331783459741 and parameters: {'trail_distance_atr_mult': 0.6903343461900517}. Best is trial 126 with value: -0.000363295272717509.
[2025-12-14 13:02:05.755] ⚖️ Computing uniqueness weights for 9018 events... INFO
2025-12-14 13:02:05,755 - System.tprint - INFO - ℹ️ ⚖️ Computing uniqueness weights for 9018 events... INFO
[2025-12-14 13:02:05.765] ✅ Uniqueness weights computed. Mean: 1.0000, Min: 0.4374, Max: 1.3123 SUCCESS
2025-12-14 13:02:05,765 - System.tprint - INFO - ℹ️ ✅ Uniqueness weights computed. Mean: 1.0000, Min: 0.4374, Max: 1.3123 SUCCESS
[I 2025-12-14 13:02:06,448] Trial 1761 finished with value: -0.004494426847316502 and parameters: {'trail_distance_atr_mult': 1.235206735630467}. Best is trial 126 with value: -0.000363295272717509.
[2025-12-14 13:02:07.612] ⚖️ Computing uniqueness weights for 9018 events... INFO
2025-12-14 13:02:07,612 - System.tprint - INFO - ℹ️ ⚖️ Computing uniqueness weights for 9018 events... INFO
[2025-12-14 13:02:07.623] ✅ Uniqueness weights computed. Mean: 1.0000, Min: 0.4373, Max: 1.3118 SUCCESS
2025-12-14 13:02:07,623 - System.tprint - INFO - ℹ️ ✅ Uniqueness weights computed. Mean: 1.0000, Min: 0.4373, Max: 1.3118 SUCCESS
[I 2025-12-14 13:02:08,324] Trial 1762 finished with value: -0.006741921730346885 and parameters: {'trail_distance_atr_mult': 0.9879883656699816}. Best is trial 126 with value: -0.000363295272717509.
[2025-12-14 13:02:09.516] ⚖️ Computing uniqueness weights for 9018 events... INFO
2025-12-14 13:02:09,516 - System.tprint - INFO - ℹ️ ⚖️ Computing uniqueness weights for 9018 events... INFO
[2025-12-14 13:02:09.527] ✅ Uniqueness weights computed. Mean: 1.0000, Min: 0.4373, Max: 1.3118 SUCCESS
2025-12-14 13:02:09,527 - System.tprint - INFO - ℹ️ ✅ Uniqueness weights computed. Mean: 1.0000, Min: 0.4373, Max: 1.3118 SUCCESS
[I 2025-12-14 13:02:10,279] Trial 1763 finished with value: -0.006758372873290029 and parameters: {'trail_distance_atr_mult': 0.9737179661965988}. Best is trial 126 with value: -0.000363295272717509.
[2025-12-14 13:02:11.629] ⚖️ Computing uniqueness weights for 9018 events... INFO
2025-12-14 13:02:11,629 - System.tprint - INFO - ℹ️ ⚖️ Computing uniqueness weights for 9018 events... INFO
[2025-12-14 13:02:11.639] ✅ Uniqueness weights computed. Mean: 1.0000, Min: 0.4375, Max: 1.3124 SUCCESS
2025-12-14 13:02:11,639 - System.tprint - INFO - ℹ️ ✅ Uniqueness weights computed. Mean: 1.0000, Min: 0.4375, Max: 1.3124 SUCCESS
[I 2025-12-14 13:02:12,323] Trial 1764 finished with value: -0.002522396830591469 and parameters: {'trail_distance_atr_mult': 1.2680611103988262}. Best is trial 126 with value: -0.000363295272717509.
[2025-12-14 13:02:13.519] ⚖️ Computing uniqueness weights for 9018 events... INFO
2025-12-14 13:02:13,519 - System.tprint - INFO - ℹ️ ⚖️ Computing uniqueness weights for 9018 events... INFO
[2025-12-14 13:02:13.529] ✅ Uniqueness weights computed. Mean: 1.0000, Min: 0.4372, Max: 1.3117 SUCCESS
2025-12-14 13:02:13,529 - System.tprint - INFO - ℹ️ ✅ Uniqueness weights computed. Mean: 1.0000, Min: 0.4372, Max: 1.3117 SUCCESS
[I 2025-12-14 13:02:14,210] Trial 1765 finished with value: -0.007479123998748166 and parameters: {'trail_distance_atr_mult': 0.7248442265517048}. Best is trial 126 with value: -0.000363295272717509.
[2025-12-14 13:02:15.476] ⚖️ Computing uniqueness weights for 9018 events... INFO
2025-12-14 13:02:15,476 - System.tprint - INFO - ℹ️ ⚖️ Computing uniqueness weights for 9018 events... INFO
[2025-12-14 13:02:15.487] ✅ Uniqueness weights computed. Mean: 1.0000, Min: 0.4373, Max: 1.3118 SUCCESS
2025-12-14 13:02:15,487 - System.tprint - INFO - ℹ️ ✅ Uniqueness weights computed. Mean: 1.0000, Min: 0.4373, Max: 1.3118 SUCCESS
[I 2025-12-14 13:02:16,129] Trial 1766 finished with value: -0.006758337411492656 and parameters: {'trail_distance_atr_mult': 0.9680363800938985}. Best is trial 126 with value: -0.000363295272717509.
[2025-12-14 13:02:17.344] ⚖️ Computing uniqueness weights for 9018 events... INFO
2025-12-14 13:02:17,344 - System.tprint - INFO - ℹ️ ⚖️ Computing uniqueness weights for 9018 events... INFO
[2025-12-14 13:02:17.354] ✅ Uniqueness weights computed. Mean: 1.0000, Min: 0.4372, Max: 1.3117 SUCCESS
2025-12-14 13:02:17,354 - System.tprint - INFO - ℹ️ ✅ Uniqueness weights computed. Mean: 1.0000, Min: 0.4372, Max: 1.3117 SUCCESS
[I 2025-12-14 13:02:17,993] Trial 1767 finished with value: -0.007321828937469562 and parameters: {'trail_distance_atr_mult': 0.503953287783389}. Best is trial 126 with value: -0.000363295272717509.
[2025-12-14 13:02:19.204] ⚖️ Computing uniqueness weights for 9018 events... INFO
2025-12-14 13:02:19,204 - System.tprint - INFO - ℹ️ ⚖️ Computing uniqueness weights for 9018 events... INFO
[2025-12-14 13:02:19.214] ✅ Uniqueness weights computed. Mean: 1.0000, Min: 0.4374, Max: 1.3121 SUCCESS
2025-12-14 13:02:19,215 - System.tprint - INFO - ℹ️ ✅ Uniqueness weights computed. Mean: 1.0000, Min: 0.4374, Max: 1.3121 SUCCESS
[I 2025-12-14 13:02:19,850] Trial 1768 finished with value: -0.001253168954578349 and parameters: {'trail_distance_atr_mult': 1.18294894736726}. Best is trial 126 with value: -0.000363295272717509.
[2025-12-14 13:02:21.053] ⚖️ Computing uniqueness weights for 9018 events... INFO
2025-12-14 13:02:21,053 - System.tprint - INFO - ℹ️ ⚖️ Computing uniqueness weights for 9018 events... INFO
[2025-12-14 13:02:21.063] ✅ Uniqueness weights computed. Mean: 1.0000, Min: 0.4375, Max: 1.3124 SUCCESS
2025-12-14 13:02:21,063 - System.tprint - INFO - ℹ️ ✅ Uniqueness weights computed. Mean: 1.0000, Min: 0.4375, Max: 1.3124 SUCCESS
[I 2025-12-14 13:02:21,699] Trial 1769 finished with value: -0.004683954290955023 and parameters: {'trail_distance_atr_mult': 1.291318468498126}. Best is trial 126 with value: -0.000363295272717509.
[2025-12-14 13:02:22.925] ⚖️ Computing uniqueness weights for 9018 events... INFO
2025-12-14 13:02:22,925 - System.tprint - INFO - ℹ️ ⚖️ Computing uniqueness weights for 9018 events... INFO
[2025-12-14 13:02:22.934] ✅ Uniqueness weights computed. Mean: 1.0000, Min: 0.4374, Max: 1.3121 SUCCESS
2025-12-14 13:02:22,935 - System.tprint - INFO - ℹ️ ✅ Uniqueness weights computed. Mean: 1.0000, Min: 0.4374, Max: 1.3121 SUCCESS
[I 2025-12-14 13:02:23,570] Trial 1770 finished with value: -0.007691621288995631 and parameters: {'trail_distance_atr_mult': 1.1621952986187989}. Best is trial 126 with value: -0.000363295272717509.
[2025-12-14 13:02:24.795] ⚖️ Computing uniqueness weights for 9018 events... INFO
2025-12-14 13:02:24,795 - System.tprint - INFO - ℹ️ ⚖️ Computing uniqueness weights for 9018 events... INFO
[2025-12-14 13:02:24.804] ✅ Uniqueness weights computed. Mean: 1.0000, Min: 0.4375, Max: 1.3124 SUCCESS
2025-12-14 13:02:24,804 - System.tprint - INFO - ℹ️ ✅ Uniqueness weights computed. Mean: 1.0000, Min: 0.4375, Max: 1.3124 SUCCESS
[I 2025-12-14 13:02:25,445] Trial 1771 finished with value: -0.004640556554035113 and parameters: {'trail_distance_atr_mult': 1.2852876782900386}. Best is trial 126 with value: -0.000363295272717509.
[2025-12-14 13:02:26.648] ⚖️ Computing uniqueness weights for 9018 events... INFO
2025-12-14 13:02:26,648 - System.tprint - INFO - ℹ️ ⚖️ Computing uniqueness weights for 9018 events... INFO
[2025-12-14 13:02:26.659] ✅ Uniqueness weights computed. Mean: 1.0000, Min: 0.4374, Max: 1.3123 SUCCESS
2025-12-14 13:02:26,659 - System.tprint - INFO - ℹ️ ✅ Uniqueness weights computed. Mean: 1.0000, Min: 0.4374, Max: 1.3123 SUCCESS
[I 2025-12-14 13:02:27,294] Trial 1772 finished with value: -0.00449438167230622 and parameters: {'trail_distance_atr_mult': 1.2436600390965609}. Best is trial 126 with value: -0.000363295272717509.
[2025-12-14 13:02:28.506] ⚖️ Computing uniqueness weights for 9018 events... INFO
2025-12-14 13:02:28,506 - System.tprint - INFO - ℹ️ ⚖️ Computing uniqueness weights for 9018 events... INFO
[2025-12-14 13:02:28.515] ✅ Uniqueness weights computed. Mean: 1.0000, Min: 0.4374, Max: 1.3121 SUCCESS
2025-12-14 13:02:28,516 - System.tprint - INFO - ℹ️ ✅ Uniqueness weights computed. Mean: 1.0000, Min: 0.4374, Max: 1.3121 SUCCESS
[I 2025-12-14 13:02:29,154] Trial 1773 finished with value: -0.0012531680728489988 and parameters: {'trail_distance_atr_mult': 1.1811093947465139}. Best is trial 126 with value: -0.000363295272717509.
[2025-12-14 13:02:30.357] ⚖️ Computing uniqueness weights for 9018 events... INFO
2025-12-14 13:02:30,357 - System.tprint - INFO - ℹ️ ⚖️ Computing uniqueness weights for 9018 events... INFO
[2025-12-14 13:02:30.367] ✅ Uniqueness weights computed. Mean: 1.0000, Min: 0.4375, Max: 1.3124 SUCCESS
2025-12-14 13:02:30,367 - System.tprint - INFO - ℹ️ ✅ Uniqueness weights computed. Mean: 1.0000, Min: 0.4375, Max: 1.3124 SUCCESS
[I 2025-12-14 13:02:31,004] Trial 1774 finished with value: -0.0022685367345038035 and parameters: {'trail_distance_atr_mult': 1.258947747018351}. Best is trial 126 with value: -0.000363295272717509.
[2025-12-14 13:02:32.223] ⚖️ Computing uniqueness weights for 9018 events... INFO
2025-12-14 13:02:32,223 - System.tprint - INFO - ℹ️ ⚖️ Computing uniqueness weights for 9018 events... INFO
[2025-12-14 13:02:32.233] ✅ Uniqueness weights computed. Mean: 1.0000, Min: 0.4375, Max: 1.3124 SUCCESS
2025-12-14 13:02:32,233 - System.tprint - INFO - ℹ️ ✅ Uniqueness weights computed. Mean: 1.0000, Min: 0.4375, Max: 1.3124 SUCCESS
[I 2025-12-14 13:02:32,870] Trial 1775 finished with value: -0.0058375075378354945 and parameters: {'trail_distance_atr_mult': 1.295456087058422}. Best is trial 126 with value: -0.000363295272717509.
[2025-12-14 13:02:34.073] ⚖️ Computing uniqueness weights for 9018 events... INFO
2025-12-14 13:02:34,073 - System.tprint - INFO - ℹ️ ⚖️ Computing uniqueness weights for 9018 events... INFO
[2025-12-14 13:02:34.083] ✅ Uniqueness weights computed. Mean: 1.0000, Min: 0.4375, Max: 1.3124 SUCCESS
2025-12-14 13:02:34,083 - System.tprint - INFO - ℹ️ ✅ Uniqueness weights computed. Mean: 1.0000, Min: 0.4375, Max: 1.3124 SUCCESS
[I 2025-12-14 13:02:34,723] Trial 1776 finished with value: -0.004684315213386201 and parameters: {'trail_distance_atr_mult': 1.2894976690700446}. Best is trial 126 with value: -0.000363295272717509.
[2025-12-14 13:02:35.942] ⚖️ Computing uniqueness weights for 9018 events... INFO
2025-12-14 13:02:35,942 - System.tprint - INFO - ℹ️ ⚖️ Computing uniqueness weights for 9018 events... INFO
[2025-12-14 13:02:35.954] ✅ Uniqueness weights computed. Mean: 1.0000, Min: 0.4374, Max: 1.3122 SUCCESS
2025-12-14 13:02:35,954 - System.tprint - INFO - ℹ️ ✅ Uniqueness weights computed. Mean: 1.0000, Min: 0.4374, Max: 1.3122 SUCCESS
[I 2025-12-14 13:02:36,600] Trial 1777 finished with value: -0.003222775728578354 and parameters: {'trail_distance_atr_mult': 1.2177325899778357}. Best is trial 126 with value: -0.000363295272717509.
[2025-12-14 13:02:37.810] ⚖️ Computing uniqueness weights for 9018 events... INFO
2025-12-14 13:02:37,811 - System.tprint - INFO - ℹ️ ⚖️ Computing uniqueness weights for 9018 events... INFO
[2025-12-14 13:02:37.820] ✅ Uniqueness weights computed. Mean: 1.0000, Min: 0.4374, Max: 1.3121 SUCCESS
2025-12-14 13:02:37,821 - System.tprint - INFO - ℹ️ ✅ Uniqueness weights computed. Mean: 1.0000, Min: 0.4374, Max: 1.3121 SUCCESS
[I 2025-12-14 13:02:38,460] Trial 1778 finished with value: -0.004891468708859404 and parameters: {'trail_distance_atr_mult': 1.192065039393835}. Best is trial 126 with value: -0.000363295272717509.
[2025-12-14 13:02:39.680] ⚖️ Computing uniqueness weights for 9018 events... INFO
2025-12-14 13:02:39,680 - System.tprint - INFO - ℹ️ ⚖️ Computing uniqueness weights for 9018 events... INFO
[2025-12-14 13:02:39.690] ✅ Uniqueness weights computed. Mean: 1.0000, Min: 0.4374, Max: 1.3121 SUCCESS
2025-12-14 13:02:39,690 - System.tprint - INFO - ℹ️ ✅ Uniqueness weights computed. Mean: 1.0000, Min: 0.4374, Max: 1.3121 SUCCESS
[I 2025-12-14 13:02:40,328] Trial 1779 finished with value: -0.007702311667330179 and parameters: {'trail_distance_atr_mult': 1.1458515489886918}. Best is trial 126 with value: -0.000363295272717509.
[2025-12-14 13:02:41.521] ⚖️ Computing uniqueness weights for 9018 events... INFO
2025-12-14 13:02:41,522 - System.tprint - INFO - ℹ️ ⚖️ Computing uniqueness weights for 9018 events... INFO
[2025-12-14 13:02:41.531] ✅ Uniqueness weights computed. Mean: 1.0000, Min: 0.4374, Max: 1.3121 SUCCESS
2025-12-14 13:02:41,531 - System.tprint - INFO - ℹ️ ✅ Uniqueness weights computed. Mean: 1.0000, Min: 0.4374, Max: 1.3121 SUCCESS
[I 2025-12-14 13:02:42,167] Trial 1780 finished with value: -0.007701241228169973 and parameters: {'trail_distance_atr_mult': 1.157470170232515}. Best is trial 126 with value: -0.000363295272717509.
[2025-12-14 13:02:43.378] ⚖️ Computing uniqueness weights for 9018 events... INFO
2025-12-14 13:02:43,378 - System.tprint - INFO - ℹ️ ⚖️ Computing uniqueness weights for 9018 events... INFO
[2025-12-14 13:02:43.388] ✅ Uniqueness weights computed. Mean: 1.0000, Min: 0.4374, Max: 1.3121 SUCCESS
2025-12-14 13:02:43,388 - System.tprint - INFO - ℹ️ ✅ Uniqueness weights computed. Mean: 1.0000, Min: 0.4374, Max: 1.3121 SUCCESS
[I 2025-12-14 13:02:44,063] Trial 1781 finished with value: -0.007702328107283374 and parameters: {'trail_distance_atr_mult': 1.1429008031977572}. Best is trial 126 with value: -0.000363295272717509.
[2025-12-14 13:02:45.294] ⚖️ Computing uniqueness weights for 9018 events... INFO
2025-12-14 13:02:45,294 - System.tprint - INFO - ℹ️ ⚖️ Computing uniqueness weights for 9018 events... INFO
[2025-12-14 13:02:45.304] ✅ Uniqueness weights computed. Mean: 1.0000, Min: 0.4375, Max: 1.3124 SUCCESS
2025-12-14 13:02:45,304 - System.tprint - INFO - ℹ️ ✅ Uniqueness weights computed. Mean: 1.0000, Min: 0.4375, Max: 1.3124 SUCCESS
[I 2025-12-14 13:02:46,283] Trial 1782 finished with value: -0.005836735887475993 and parameters: {'trail_distance_atr_mult': 1.2986290899220487}. Best is trial 126 with value: -0.000363295272717509.
[2025-12-14 13:02:47.582] ⚖️ Computing uniqueness weights for 9018 events... INFO
2025-12-14 13:02:47,583 - System.tprint - INFO - ℹ️ ⚖️ Computing uniqueness weights for 9018 events... INFO
[2025-12-14 13:02:47.591] ✅ Uniqueness weights computed. Mean: 1.0000, Min: 0.4374, Max: 1.3121 SUCCESS
2025-12-14 13:02:47,591 - System.tprint - INFO - ℹ️ ✅ Uniqueness weights computed. Mean: 1.0000, Min: 0.4374, Max: 1.3121 SUCCESS
[I 2025-12-14 13:02:48,295] Trial 1783 finished with value: -0.001691505081797485 and parameters: {'trail_distance_atr_mult': 1.1352774549449627}. Best is trial 126 with value: -0.000363295272717509.
[2025-12-14 13:02:49.517] ⚖️ Computing uniqueness weights for 9018 events... INFO
2025-12-14 13:02:49,517 - System.tprint - INFO - ℹ️ ⚖️ Computing uniqueness weights for 9018 events... INFO
[2025-12-14 13:02:49.525] ✅ Uniqueness weights computed. Mean: 1.0000, Min: 0.4373, Max: 1.3120 SUCCESS
2025-12-14 13:02:49,525 - System.tprint - INFO - ℹ️ ✅ Uniqueness weights computed. Mean: 1.0000, Min: 0.4373, Max: 1.3120 SUCCESS
