[I 2025-12-14 12:33:06,294] Trial 909 finished with value: -0.0022514812017152947 and parameters: {'trail_distance_atr_mult': 1.2553454674755635}. Best is trial 126 with value: -0.000363295272717509.
[2025-12-14 12:33:07.724] ⚖️ Computing uniqueness weights for 9018 events... INFO
2025-12-14 12:33:07,724 - System.tprint - INFO - ℹ️ ⚖️ Computing uniqueness weights for 9018 events... INFO
[2025-12-14 12:33:07.736] ✅ Uniqueness weights computed. Mean: 1.0000, Min: 0.4374, Max: 1.3123 SUCCESS
2025-12-14 12:33:07,736 - System.tprint - INFO - ℹ️ ✅ Uniqueness weights computed. Mean: 1.0000, Min: 0.4374, Max: 1.3123 SUCCESS
[I 2025-12-14 12:33:08,849] Trial 910 finished with value: -0.004494420824227602 and parameters: {'trail_distance_atr_mult': 1.2363553321845617}. Best is trial 126 with value: -0.000363295272717509.
[2025-12-14 12:33:10.845] ⚖️ Computing uniqueness weights for 9018 events... INFO
2025-12-14 12:33:10,845 - System.tprint - INFO - ℹ️ ⚖️ Computing uniqueness weights for 9018 events... INFO
[2025-12-14 12:33:10.859] ✅ Uniqueness weights computed. Mean: 1.0000, Min: 0.4374, Max: 1.3123 SUCCESS
2025-12-14 12:33:10,860 - System.tprint - INFO - ℹ️ ✅ Uniqueness weights computed. Mean: 1.0000, Min: 0.4374, Max: 1.3123 SUCCESS
[I 2025-12-14 12:33:11,820] Trial 911 finished with value: -0.004494432654780269 and parameters: {'trail_distance_atr_mult': 1.2341061041511914}. Best is trial 126 with value: -0.000363295272717509.
[2025-12-14 12:33:13.404] ⚖️ Computing uniqueness weights for 9018 events... INFO
2025-12-14 12:33:13,404 - System.tprint - INFO - ℹ️ ⚖️ Computing uniqueness weights for 9018 events... INFO
[2025-12-14 12:33:13.417] ✅ Uniqueness weights computed. Mean: 1.0000, Min: 0.4374, Max: 1.3122 SUCCESS
2025-12-14 12:33:13,417 - System.tprint - INFO - ℹ️ ✅ Uniqueness weights computed. Mean: 1.0000, Min: 0.4374, Max: 1.3122 SUCCESS
[I 2025-12-14 12:33:14,395] Trial 912 finished with value: -0.003015686420406073 and parameters: {'trail_distance_atr_mult': 1.2106104115042127}. Best is trial 126 with value: -0.000363295272717509.
[2025-12-14 12:33:15.950] ⚖️ Computing uniqueness weights for 9018 events... INFO
2025-12-14 12:33:15,950 - System.tprint - INFO - ℹ️ ⚖️ Computing uniqueness weights for 9018 events... INFO
[2025-12-14 12:33:15.964] ✅ Uniqueness weights computed. Mean: 1.0000, Min: 0.4374, Max: 1.3122 SUCCESS
2025-12-14 12:33:15,964 - System.tprint - INFO - ℹ️ ✅ Uniqueness weights computed. Mean: 1.0000, Min: 0.4374, Max: 1.3122 SUCCESS
[I 2025-12-14 12:33:17,262] Trial 913 finished with value: -0.0036874175171624085 and parameters: {'trail_distance_atr_mult': 1.2215133777225675}. Best is trial 126 with value: -0.000363295272717509.
[2025-12-14 12:33:19.816] ⚖️ Computing uniqueness weights for 9018 events... INFO
2025-12-14 12:33:19,816 - System.tprint - INFO - ℹ️ ⚖️ Computing uniqueness weights for 9018 events... INFO
[2025-12-14 12:33:19.840] ✅ Uniqueness weights computed. Mean: 1.0000, Min: 0.4373, Max: 1.3118 SUCCESS
2025-12-14 12:33:19,840 - System.tprint - INFO - ℹ️ ✅ Uniqueness weights computed. Mean: 1.0000, Min: 0.4373, Max: 1.3118 SUCCESS
[I 2025-12-14 12:33:21,072] Trial 914 finished with value: -0.006778421882809113 and parameters: {'trail_distance_atr_mult': 0.9532888683451235}. Best is trial 126 with value: -0.000363295272717509.
[2025-12-14 12:33:23.410] ⚖️ Computing uniqueness weights for 9018 events... INFO
2025-12-14 12:33:23,410 - System.tprint - INFO - ℹ️ ⚖️ Computing uniqueness weights for 9018 events... INFO
[2025-12-14 12:33:23.425] ✅ Uniqueness weights computed. Mean: 1.0000, Min: 0.4375, Max: 1.3124 SUCCESS
2025-12-14 12:33:23,425 - System.tprint - INFO - ℹ️ ✅ Uniqueness weights computed. Mean: 1.0000, Min: 0.4375, Max: 1.3124 SUCCESS
[I 2025-12-14 12:33:24,500] Trial 915 finished with value: -0.0022515008259725126 and parameters: {'trail_distance_atr_mult': 1.2514574591366412}. Best is trial 126 with value: -0.000363295272717509.
[2025-12-14 12:33:26.232] ⚖️ Computing uniqueness weights for 9018 events... INFO
2025-12-14 12:33:26,232 - System.tprint - INFO - ℹ️ ⚖️ Computing uniqueness weights for 9018 events... INFO
[2025-12-14 12:33:26.250] ✅ Uniqueness weights computed. Mean: 1.0000, Min: 0.4375, Max: 1.3124 SUCCESS
2025-12-14 12:33:26,250 - System.tprint - INFO - ℹ️ ✅ Uniqueness weights computed. Mean: 1.0000, Min: 0.4375, Max: 1.3124 SUCCESS
[I 2025-12-14 12:33:27,399] Trial 916 finished with value: -0.0022685377204571273 and parameters: {'trail_distance_atr_mult': 1.2616950745635929}. Best is trial 126 with value: -0.000363295272717509.
[2025-12-14 12:33:29.660] ⚖️ Computing uniqueness weights for 9018 events... INFO
2025-12-14 12:33:29,660 - System.tprint - INFO - ℹ️ ⚖️ Computing uniqueness weights for 9018 events... INFO
[2025-12-14 12:33:29.677] ✅ Uniqueness weights computed. Mean: 1.0000, Min: 0.4374, Max: 1.3123 SUCCESS
2025-12-14 12:33:29,677 - System.tprint - INFO - ℹ️ ✅ Uniqueness weights computed. Mean: 1.0000, Min: 0.4374, Max: 1.3123 SUCCESS
[I 2025-12-14 12:33:30,758] Trial 917 finished with value: -0.004487211934001243 and parameters: {'trail_distance_atr_mult': 1.2265517615705939}. Best is trial 126 with value: -0.000363295272717509.
[2025-12-14 12:33:32.694] ⚖️ Computing uniqueness weights for 9018 events... INFO
2025-12-14 12:33:32,694 - System.tprint - INFO - ℹ️ ⚖️ Computing uniqueness weights for 9018 events... INFO
[2025-12-14 12:33:32.709] ✅ Uniqueness weights computed. Mean: 1.0000, Min: 0.4374, Max: 1.3123 SUCCESS
2025-12-14 12:33:32,709 - System.tprint - INFO - ℹ️ ✅ Uniqueness weights computed. Mean: 1.0000, Min: 0.4374, Max: 1.3123 SUCCESS
[I 2025-12-14 12:33:33,792] Trial 918 finished with value: -0.00448725298331296 and parameters: {'trail_distance_atr_mult': 1.2231277032255503}. Best is trial 126 with value: -0.000363295272717509.
[2025-12-14 12:33:35.674] ⚖️ Computing uniqueness weights for 9018 events... INFO
2025-12-14 12:33:35,674 - System.tprint - INFO - ℹ️ ⚖️ Computing uniqueness weights for 9018 events... INFO
[2025-12-14 12:33:35.688] ✅ Uniqueness weights computed. Mean: 1.0000, Min: 0.4374, Max: 1.3123 SUCCESS
2025-12-14 12:33:35,689 - System.tprint - INFO - ℹ️ ✅ Uniqueness weights computed. Mean: 1.0000, Min: 0.4374, Max: 1.3123 SUCCESS
[I 2025-12-14 12:33:36,765] Trial 919 finished with value: -0.0044872066008564025 and parameters: {'trail_distance_atr_mult': 1.226995421978853}. Best is trial 126 with value: -0.000363295272717509.
[2025-12-14 12:33:39.133] ⚖️ Computing uniqueness weights for 9018 events... INFO
2025-12-14 12:33:39,135 - System.tprint - INFO - ℹ️ ⚖️ Computing uniqueness weights for 9018 events... INFO
[2025-12-14 12:33:39.149] ✅ Uniqueness weights computed. Mean: 1.0000, Min: 0.4373, Max: 1.3120 SUCCESS
2025-12-14 12:33:39,149 - System.tprint - INFO - ℹ️ ✅ Uniqueness weights computed. Mean: 1.0000, Min: 0.4373, Max: 1.3120 SUCCESS
[I 2025-12-14 12:33:40,133] Trial 920 finished with value: -0.0008138619991209359 and parameters: {'trail_distance_atr_mult': 1.0887632458888072}. Best is trial 126 with value: -0.000363295272717509.
[2025-12-14 12:33:41.864] ⚖️ Computing uniqueness weights for 9018 events... INFO
2025-12-14 12:33:41,865 - System.tprint - INFO - ℹ️ ⚖️ Computing uniqueness weights for 9018 events... INFO
[2025-12-14 12:33:41.882] ✅ Uniqueness weights computed. Mean: 1.0000, Min: 0.4373, Max: 1.3118 SUCCESS
2025-12-14 12:33:41,882 - System.tprint - INFO - ℹ️ ✅ Uniqueness weights computed. Mean: 1.0000, Min: 0.4373, Max: 1.3118 SUCCESS
[I 2025-12-14 12:33:43,016] Trial 921 finished with value: -0.006758392654043321 and parameters: {'trail_distance_atr_mult': 0.9769052753861941}. Best is trial 126 with value: -0.000363295272717509.
[2025-12-14 12:33:44.808] ⚖️ Computing uniqueness weights for 9018 events... INFO
2025-12-14 12:33:44,808 - System.tprint - INFO - ℹ️ ⚖️ Computing uniqueness weights for 9018 events... INFO
[2025-12-14 12:33:44.821] ✅ Uniqueness weights computed. Mean: 1.0000, Min: 0.4373, Max: 1.3119 SUCCESS
2025-12-14 12:33:44,821 - System.tprint - INFO - ℹ️ ✅ Uniqueness weights computed. Mean: 1.0000, Min: 0.4373, Max: 1.3119 SUCCESS
[I 2025-12-14 12:33:45,800] Trial 922 finished with value: -0.007527227451516056 and parameters: {'trail_distance_atr_mult': 1.0366372494005156}. Best is trial 126 with value: -0.000363295272717509.
[2025-12-14 12:33:47.178] ⚖️ Computing uniqueness weights for 9018 events... INFO
2025-12-14 12:33:47,179 - System.tprint - INFO - ℹ️ ⚖️ Computing uniqueness weights for 9018 events... INFO
[2025-12-14 12:33:47.188] ✅ Uniqueness weights computed. Mean: 1.0000, Min: 0.4373, Max: 1.3120 SUCCESS
2025-12-14 12:33:47,188 - System.tprint - INFO - ℹ️ ✅ Uniqueness weights computed. Mean: 1.0000, Min: 0.4373, Max: 1.3120 SUCCESS
[I 2025-12-14 12:33:47,887] Trial 923 finished with value: -0.007658090760968189 and parameters: {'trail_distance_atr_mult': 1.1133583992462122}. Best is trial 126 with value: -0.000363295272717509.
[2025-12-14 12:33:49.075] ⚖️ Computing uniqueness weights for 9018 events... INFO
2025-12-14 12:33:49,076 - System.tprint - INFO - ℹ️ ⚖️ Computing uniqueness weights for 9018 events... INFO
[2025-12-14 12:33:49.085] ✅ Uniqueness weights computed. Mean: 1.0000, Min: 0.4374, Max: 1.3122 SUCCESS
2025-12-14 12:33:49,085 - System.tprint - INFO - ℹ️ ✅ Uniqueness weights computed. Mean: 1.0000, Min: 0.4374, Max: 1.3122 SUCCESS
[I 2025-12-14 12:33:49,765] Trial 924 finished with value: -0.0032650100612273514 and parameters: {'trail_distance_atr_mult': 1.2158723280221042}. Best is trial 126 with value: -0.000363295272717509.
[2025-12-14 12:33:51.091] ⚖️ Computing uniqueness weights for 9018 events... INFO
2025-12-14 12:33:51,091 - System.tprint - INFO - ℹ️ ⚖️ Computing uniqueness weights for 9018 events... INFO
[2025-12-14 12:33:51.103] ✅ Uniqueness weights computed. Mean: 1.0000, Min: 0.4373, Max: 1.3119 SUCCESS
2025-12-14 12:33:51,103 - System.tprint - INFO - ℹ️ ✅ Uniqueness weights computed. Mean: 1.0000, Min: 0.4373, Max: 1.3119 SUCCESS
[I 2025-12-14 12:33:51,790] Trial 925 finished with value: -0.0075272340026204445 and parameters: {'trail_distance_atr_mult': 1.044518467359185}. Best is trial 126 with value: -0.000363295272717509.
[2025-12-14 12:33:52.992] ⚖️ Computing uniqueness weights for 9018 events... INFO
2025-12-14 12:33:52,992 - System.tprint - INFO - ℹ️ ⚖️ Computing uniqueness weights for 9018 events... INFO
[2025-12-14 12:33:53.002] ✅ Uniqueness weights computed. Mean: 1.0000, Min: 0.4374, Max: 1.3123 SUCCESS
2025-12-14 12:33:53,002 - System.tprint - INFO - ℹ️ ✅ Uniqueness weights computed. Mean: 1.0000, Min: 0.4374, Max: 1.3123 SUCCESS
[I 2025-12-14 12:33:53,689] Trial 926 finished with value: -0.0044944402329175955 and parameters: {'trail_distance_atr_mult': 1.2326871163238327}. Best is trial 126 with value: -0.000363295272717509.
[2025-12-14 12:33:54.866] ⚖️ Computing uniqueness weights for 9018 events... INFO
2025-12-14 12:33:54,866 - System.tprint - INFO - ℹ️ ⚖️ Computing uniqueness weights for 9018 events... INFO
[2025-12-14 12:33:54.876] ✅ Uniqueness weights computed. Mean: 1.0000, Min: 0.4373, Max: 1.3119 SUCCESS
2025-12-14 12:33:54,876 - System.tprint - INFO - ℹ️ ✅ Uniqueness weights computed. Mean: 1.0000, Min: 0.4373, Max: 1.3119 SUCCESS
[I 2025-12-14 12:33:55,567] Trial 927 finished with value: -0.006751264912485649 and parameters: {'trail_distance_atr_mult': 1.0119136672843634}. Best is trial 126 with value: -0.000363295272717509.
[2025-12-14 12:33:56.756] ⚖️ Computing uniqueness weights for 9018 events... INFO
2025-12-14 12:33:56,756 - System.tprint - INFO - ℹ️ ⚖️ Computing uniqueness weights for 9018 events... INFO
[2025-12-14 12:33:56.765] ✅ Uniqueness weights computed. Mean: 1.0000, Min: 0.4374, Max: 1.3122 SUCCESS
2025-12-14 12:33:56,765 - System.tprint - INFO - ℹ️ ✅ Uniqueness weights computed. Mean: 1.0000, Min: 0.4374, Max: 1.3122 SUCCESS
[I 2025-12-14 12:33:57,455] Trial 928 finished with value: -0.0030156851582667774 and parameters: {'trail_distance_atr_mult': 1.2113441214731486}. Best is trial 126 with value: -0.000363295272717509.
[2025-12-14 12:33:58.654] ⚖️ Computing uniqueness weights for 9018 events... INFO
2025-12-14 12:33:58,656 - System.tprint - INFO - ℹ️ ⚖️ Computing uniqueness weights for 9018 events... INFO
[2025-12-14 12:33:58.680] ✅ Uniqueness weights computed. Mean: 1.0000, Min: 0.4374, Max: 1.3123 SUCCESS
2025-12-14 12:33:58,681 - System.tprint - INFO - ℹ️ ✅ Uniqueness weights computed. Mean: 1.0000, Min: 0.4374, Max: 1.3123 SUCCESS
[I 2025-12-14 12:33:59,826] Trial 929 finished with value: -0.004225079675019178 and parameters: {'trail_distance_atr_mult': 1.2306784146744358}. Best is trial 126 with value: -0.000363295272717509.
[2025-12-14 12:34:01.226] ⚖️ Computing uniqueness weights for 9018 events... INFO
2025-12-14 12:34:01,227 - System.tprint - INFO - ℹ️ ⚖️ Computing uniqueness weights for 9018 events... INFO
[2025-12-14 12:34:01.237] ✅ Uniqueness weights computed. Mean: 1.0000, Min: 0.4373, Max: 1.3118 SUCCESS
2025-12-14 12:34:01,238 - System.tprint - INFO - ℹ️ ✅ Uniqueness weights computed. Mean: 1.0000, Min: 0.4373, Max: 1.3118 SUCCESS
[I 2025-12-14 12:34:01,974] Trial 930 finished with value: -0.00668110957558315 and parameters: {'trail_distance_atr_mult': 0.8773822124938139}. Best is trial 126 with value: -0.000363295272717509.
[2025-12-14 12:34:03.148] ⚖️ Computing uniqueness weights for 9018 events... INFO
2025-12-14 12:34:03,148 - System.tprint - INFO - ℹ️ ⚖️ Computing uniqueness weights for 9018 events... INFO
[2025-12-14 12:34:03.158] ✅ Uniqueness weights computed. Mean: 1.0000, Min: 0.4375, Max: 1.3124 SUCCESS
2025-12-14 12:34:03,158 - System.tprint - INFO - ℹ️ ✅ Uniqueness weights computed. Mean: 1.0000, Min: 0.4375, Max: 1.3124 SUCCESS
[I 2025-12-14 12:34:03,841] Trial 931 finished with value: -0.002251509333945316 and parameters: {'trail_distance_atr_mult': 1.2497716819247817}. Best is trial 126 with value: -0.000363295272717509.
[2025-12-14 12:34:05.026] ⚖️ Computing uniqueness weights for 9018 events... INFO
2025-12-14 12:34:05,026 - System.tprint - INFO - ℹ️ ⚖️ Computing uniqueness weights for 9018 events... INFO
[2025-12-14 12:34:05.035] ✅ Uniqueness weights computed. Mean: 1.0000, Min: 0.4374, Max: 1.3123 SUCCESS
2025-12-14 12:34:05,035 - System.tprint - INFO - ℹ️ ✅ Uniqueness weights computed. Mean: 1.0000, Min: 0.4374, Max: 1.3123 SUCCESS
[I 2025-12-14 12:34:05,823] Trial 932 finished with value: -0.004494419908464621 and parameters: {'trail_distance_atr_mult': 1.236544878082216}. Best is trial 126 with value: -0.000363295272717509.
[2025-12-14 12:34:07.364] ⚖️ Computing uniqueness weights for 9018 events... INFO
2025-12-14 12:34:07,364 - System.tprint - INFO - ℹ️ ⚖️ Computing uniqueness weights for 9018 events... INFO
[2025-12-14 12:34:07.376] ✅ Uniqueness weights computed. Mean: 1.0000, Min: 0.4374, Max: 1.3122 SUCCESS
2025-12-14 12:34:07,376 - System.tprint - INFO - ℹ️ ✅ Uniqueness weights computed. Mean: 1.0000, Min: 0.4374, Max: 1.3122 SUCCESS
[I 2025-12-14 12:34:08,328] Trial 933 finished with value: -0.0030156966772825924 and parameters: {'trail_distance_atr_mult': 1.204497748773648}. Best is trial 126 with value: -0.000363295272717509.
[2025-12-14 12:34:10.065] ⚖️ Computing uniqueness weights for 9018 events... INFO
2025-12-14 12:34:10,065 - System.tprint - INFO - ℹ️ ⚖️ Computing uniqueness weights for 9018 events... INFO
[2025-12-14 12:34:10.075] ✅ Uniqueness weights computed. Mean: 1.0000, Min: 0.4373, Max: 1.3119 SUCCESS
2025-12-14 12:34:10,075 - System.tprint - INFO - ℹ️ ✅ Uniqueness weights computed. Mean: 1.0000, Min: 0.4373, Max: 1.3119 SUCCESS
[I 2025-12-14 12:34:10,757] Trial 934 finished with value: -0.007527240054325089 and parameters: {'trail_distance_atr_mult': 1.0494231804779326}. Best is trial 126 with value: -0.000363295272717509.
[2025-12-14 12:34:12.068] ⚖️ Computing uniqueness weights for 9018 events... INFO
2025-12-14 12:34:12,069 - System.tprint - INFO - ℹ️ ⚖️ Computing uniqueness weights for 9018 events... INFO
[2025-12-14 12:34:12.078] ✅ Uniqueness weights computed. Mean: 1.0000, Min: 0.4374, Max: 1.3121 SUCCESS
2025-12-14 12:34:12,079 - System.tprint - INFO - ℹ️ ✅ Uniqueness weights computed. Mean: 1.0000, Min: 0.4374, Max: 1.3121 SUCCESS
[I 2025-12-14 12:34:12,767] Trial 935 finished with value: -0.007445851097283819 and parameters: {'trail_distance_atr_mult': 1.1679091271656967}. Best is trial 126 with value: -0.000363295272717509.
[2025-12-14 12:34:13.974] ⚖️ Computing uniqueness weights for 9018 events... INFO
2025-12-14 12:34:13,974 - System.tprint - INFO - ℹ️ ⚖️ Computing uniqueness weights for 9018 events... INFO
[2025-12-14 12:34:13.983] ✅ Uniqueness weights computed. Mean: 1.0000, Min: 0.4375, Max: 1.3124 SUCCESS
2025-12-14 12:34:13,983 - System.tprint - INFO - ℹ️ ✅ Uniqueness weights computed. Mean: 1.0000, Min: 0.4375, Max: 1.3124 SUCCESS
[I 2025-12-14 12:34:14,660] Trial 936 finished with value: -0.002268545317906088 and parameters: {'trail_distance_atr_mult': 1.257026859095254}. Best is trial 126 with value: -0.000363295272717509.
[2025-12-14 12:34:15.835] ⚖️ Computing uniqueness weights for 9018 events... INFO
2025-12-14 12:34:15,835 - System.tprint - INFO - ℹ️ ⚖️ Computing uniqueness weights for 9018 events... INFO
[2025-12-14 12:34:15.844] ✅ Uniqueness weights computed. Mean: 1.0000, Min: 0.4375, Max: 1.3124 SUCCESS
2025-12-14 12:34:15,844 - System.tprint - INFO - ℹ️ ✅ Uniqueness weights computed. Mean: 1.0000, Min: 0.4375, Max: 1.3124 SUCCESS
[I 2025-12-14 12:34:16,534] Trial 937 finished with value: -0.002268538770891372 and parameters: {'trail_distance_atr_mult': 1.258470932480525}. Best is trial 126 with value: -0.000363295272717509.
[2025-12-14 12:34:17.726] ⚖️ Computing uniqueness weights for 9018 events... INFO
2025-12-14 12:34:17,726 - System.tprint - INFO - ℹ️ ⚖️ Computing uniqueness weights for 9018 events... INFO
[2025-12-14 12:34:17.735] ✅ Uniqueness weights computed. Mean: 1.0000, Min: 0.4374, Max: 1.3123 SUCCESS
2025-12-14 12:34:17,735 - System.tprint - INFO - ℹ️ ✅ Uniqueness weights computed. Mean: 1.0000, Min: 0.4374, Max: 1.3123 SUCCESS
[I 2025-12-14 12:34:18,415] Trial 938 finished with value: -0.004494381282294069 and parameters: {'trail_distance_atr_mult': 1.2437311981675356}. Best is trial 126 with value: -0.000363295272717509.
[2025-12-14 12:34:19.593] ⚖️ Computing uniqueness weights for 9018 events... INFO
2025-12-14 12:34:19,593 - System.tprint - INFO - ℹ️ ⚖️ Computing uniqueness weights for 9018 events... INFO
[2025-12-14 12:34:19.604] ✅ Uniqueness weights computed. Mean: 1.0000, Min: 0.4373, Max: 1.3120 SUCCESS
2025-12-14 12:34:19,604 - System.tprint - INFO - ℹ️ ✅ Uniqueness weights computed. Mean: 1.0000, Min: 0.4373, Max: 1.3120 SUCCESS
[I 2025-12-14 12:34:20,408] Trial 939 finished with value: -0.0016006569413810582 and parameters: {'trail_distance_atr_mult': 1.0838032456452604}. Best is trial 126 with value: -0.000363295272717509.
[2025-12-14 12:34:21.619] ⚖️ Computing uniqueness weights for 9018 events... INFO
2025-12-14 12:34:21,619 - System.tprint - INFO - ℹ️ ⚖️ Computing uniqueness weights for 9018 events... INFO
[2025-12-14 12:34:21.632] ✅ Uniqueness weights computed. Mean: 1.0000, Min: 0.4373, Max: 1.3119 SUCCESS
2025-12-14 12:34:21,632 - System.tprint - INFO - ℹ️ ✅ Uniqueness weights computed. Mean: 1.0000, Min: 0.4373, Max: 1.3119 SUCCESS
[I 2025-12-14 12:34:22,383] Trial 940 finished with value: -0.007527233926123667 and parameters: {'trail_distance_atr_mult': 1.0444274271414618}. Best is trial 126 with value: -0.000363295272717509.
[2025-12-14 12:34:23.558] ⚖️ Computing uniqueness weights for 9018 events... INFO
2025-12-14 12:34:23,558 - System.tprint - INFO - ℹ️ ⚖️ Computing uniqueness weights for 9018 events... INFO
[2025-12-14 12:34:23.568] ✅ Uniqueness weights computed. Mean: 1.0000, Min: 0.4374, Max: 1.3122 SUCCESS
2025-12-14 12:34:23,568 - System.tprint - INFO - ℹ️ ✅ Uniqueness weights computed. Mean: 1.0000, Min: 0.4374, Max: 1.3122 SUCCESS
[I 2025-12-14 12:34:24,273] Trial 941 finished with value: -0.0032227707409236673 and parameters: {'trail_distance_atr_mult': 1.218469128717403}. Best is trial 126 with value: -0.000363295272717509.
[2025-12-14 12:34:25.504] ⚖️ Computing uniqueness weights for 9018 events... INFO
2025-12-14 12:34:25,504 - System.tprint - INFO - ℹ️ ⚖️ Computing uniqueness weights for 9018 events... INFO
[2025-12-14 12:34:25.514] ✅ Uniqueness weights computed. Mean: 1.0000, Min: 0.4373, Max: 1.3119 SUCCESS
2025-12-14 12:34:25,514 - System.tprint - INFO - ℹ️ ✅ Uniqueness weights computed. Mean: 1.0000, Min: 0.4373, Max: 1.3119 SUCCESS
[I 2025-12-14 12:34:26,205] Trial 942 finished with value: -0.00675122229093729 and parameters: {'trail_distance_atr_mult': 0.9986407109734717}. Best is trial 126 with value: -0.000363295272717509.
[2025-12-14 12:34:27.383] ⚖️ Computing uniqueness weights for 9018 events... INFO
2025-12-14 12:34:27,383 - System.tprint - INFO - ℹ️ ⚖️ Computing uniqueness weights for 9018 events... INFO
[2025-12-14 12:34:27.393] ✅ Uniqueness weights computed. Mean: 1.0000, Min: 0.4374, Max: 1.3122 SUCCESS
2025-12-14 12:34:27,393 - System.tprint - INFO - ℹ️ ✅ Uniqueness weights computed. Mean: 1.0000, Min: 0.4374, Max: 1.3122 SUCCESS
[I 2025-12-14 12:34:28,080] Trial 943 finished with value: -0.003015693367749646 and parameters: {'trail_distance_atr_mult': 1.2064857161699174}. Best is trial 126 with value: -0.000363295272717509.
[2025-12-14 12:34:29.276] ⚖️ Computing uniqueness weights for 9018 events... INFO
2025-12-14 12:34:29,277 - System.tprint - INFO - ℹ️ ⚖️ Computing uniqueness weights for 9018 events... INFO
[2025-12-14 12:34:29.286] ✅ Uniqueness weights computed. Mean: 1.0000, Min: 0.4374, Max: 1.3122 SUCCESS
2025-12-14 12:34:29,287 - System.tprint - INFO - ℹ️ ✅ Uniqueness weights computed. Mean: 1.0000, Min: 0.4374, Max: 1.3122 SUCCESS
