[I 2025-12-14 13:36:43,180] Trial 2764 finished with value: -0.006778419361549611 and parameters: {'trail_distance_atr_mult': 0.9518547937448627}. Best is trial 126 with value: -0.000363295272717509.
[2025-12-14 13:36:44.389] ⚖️ Computing uniqueness weights for 9018 events... INFO
2025-12-14 13:36:44,389 - System.tprint - INFO - ℹ️ ⚖️ Computing uniqueness weights for 9018 events... INFO
[2025-12-14 13:36:44.399] ✅ Uniqueness weights computed. Mean: 1.0000, Min: 0.4372, Max: 1.3117 SUCCESS
2025-12-14 13:36:44,399 - System.tprint - INFO - ℹ️ ✅ Uniqueness weights computed. Mean: 1.0000, Min: 0.4372, Max: 1.3117 SUCCESS
[I 2025-12-14 13:36:45,068] Trial 2765 finished with value: -0.007588356585436755 and parameters: {'trail_distance_atr_mult': 0.7396705906275739}. Best is trial 126 with value: -0.000363295272717509.
[2025-12-14 13:36:46.295] ⚖️ Computing uniqueness weights for 9018 events... INFO
2025-12-14 13:36:46,295 - System.tprint - INFO - ℹ️ ⚖️ Computing uniqueness weights for 9018 events... INFO
[2025-12-14 13:36:46.305] ✅ Uniqueness weights computed. Mean: 1.0000, Min: 0.4374, Max: 1.3123 SUCCESS
2025-12-14 13:36:46,306 - System.tprint - INFO - ℹ️ ✅ Uniqueness weights computed. Mean: 1.0000, Min: 0.4374, Max: 1.3123 SUCCESS
[I 2025-12-14 13:36:47,002] Trial 2766 finished with value: -0.004225083611579636 and parameters: {'trail_distance_atr_mult': 1.230352532621347}. Best is trial 126 with value: -0.000363295272717509.
[2025-12-14 13:36:48.214] ⚖️ Computing uniqueness weights for 9018 events... INFO
2025-12-14 13:36:48,214 - System.tprint - INFO - ℹ️ ⚖️ Computing uniqueness weights for 9018 events... INFO
[2025-12-14 13:36:48.224] ✅ Uniqueness weights computed. Mean: 1.0000, Min: 0.4373, Max: 1.3119 SUCCESS
2025-12-14 13:36:48,224 - System.tprint - INFO - ℹ️ ✅ Uniqueness weights computed. Mean: 1.0000, Min: 0.4373, Max: 1.3119 SUCCESS
[I 2025-12-14 13:36:48,860] Trial 2767 finished with value: -0.0030846762021160836 and parameters: {'trail_distance_atr_mult': 1.0133880504431327}. Best is trial 126 with value: -0.000363295272717509.
[2025-12-14 13:36:50.063] ⚖️ Computing uniqueness weights for 9018 events... INFO
2025-12-14 13:36:50,063 - System.tprint - INFO - ℹ️ ⚖️ Computing uniqueness weights for 9018 events... INFO
[2025-12-14 13:36:50.073] ✅ Uniqueness weights computed. Mean: 1.0000, Min: 0.4372, Max: 1.3117 SUCCESS
2025-12-14 13:36:50,073 - System.tprint - INFO - ℹ️ ✅ Uniqueness weights computed. Mean: 1.0000, Min: 0.4372, Max: 1.3117 SUCCESS
[I 2025-12-14 13:36:50,707] Trial 2768 finished with value: -0.007321828937469562 and parameters: {'trail_distance_atr_mult': 0.519122702141422}. Best is trial 126 with value: -0.000363295272717509.
[2025-12-14 13:36:51.921] ⚖️ Computing uniqueness weights for 9018 events... INFO
2025-12-14 13:36:51,922 - System.tprint - INFO - ℹ️ ⚖️ Computing uniqueness weights for 9018 events... INFO
[2025-12-14 13:36:51.932] ✅ Uniqueness weights computed. Mean: 1.0000, Min: 0.4373, Max: 1.3118 SUCCESS
2025-12-14 13:36:51,932 - System.tprint - INFO - ℹ️ ✅ Uniqueness weights computed. Mean: 1.0000, Min: 0.4373, Max: 1.3118 SUCCESS
[I 2025-12-14 13:36:52,566] Trial 2769 finished with value: -0.006804543988996281 and parameters: {'trail_distance_atr_mult': 0.8426981185707483}. Best is trial 126 with value: -0.000363295272717509.
[2025-12-14 13:36:53.767] ⚖️ Computing uniqueness weights for 9018 events... INFO
2025-12-14 13:36:53,768 - System.tprint - INFO - ℹ️ ⚖️ Computing uniqueness weights for 9018 events... INFO
[2025-12-14 13:36:53.777] ✅ Uniqueness weights computed. Mean: 1.0000, Min: 0.4373, Max: 1.3119 SUCCESS
2025-12-14 13:36:53,777 - System.tprint - INFO - ℹ️ ✅ Uniqueness weights computed. Mean: 1.0000, Min: 0.4373, Max: 1.3119 SUCCESS
[I 2025-12-14 13:36:54,428] Trial 2770 finished with value: -0.00752722818090327 and parameters: {'trail_distance_atr_mult': 1.0346229786423322}. Best is trial 126 with value: -0.000363295272717509.
[2025-12-14 13:36:55.620] ⚖️ Computing uniqueness weights for 9018 events... INFO
2025-12-14 13:36:55,620 - System.tprint - INFO - ℹ️ ⚖️ Computing uniqueness weights for 9018 events... INFO
[2025-12-14 13:36:55.630] ✅ Uniqueness weights computed. Mean: 1.0000, Min: 0.4375, Max: 1.3125 SUCCESS
2025-12-14 13:36:55,630 - System.tprint - INFO - ℹ️ ✅ Uniqueness weights computed. Mean: 1.0000, Min: 0.4375, Max: 1.3125 SUCCESS
[I 2025-12-14 13:36:56,374] Trial 2771 finished with value: -0.003181173633215975 and parameters: {'trail_distance_atr_mult': 1.3712600089112756}. Best is trial 126 with value: -0.000363295272717509.
[2025-12-14 13:36:58.287] ⚖️ Computing uniqueness weights for 9018 events... INFO
2025-12-14 13:36:58,288 - System.tprint - INFO - ℹ️ ⚖️ Computing uniqueness weights for 9018 events... INFO
[2025-12-14 13:36:58.304] ✅ Uniqueness weights computed. Mean: 1.0000, Min: 0.4374, Max: 1.3122 SUCCESS
2025-12-14 13:36:58,304 - System.tprint - INFO - ℹ️ ✅ Uniqueness weights computed. Mean: 1.0000, Min: 0.4374, Max: 1.3122 SUCCESS
[I 2025-12-14 13:36:59,448] Trial 2772 finished with value: -0.0030156877253618756 and parameters: {'trail_distance_atr_mult': 1.2098429669056474}. Best is trial 126 with value: -0.000363295272717509.
[2025-12-14 13:37:01.029] ⚖️ Computing uniqueness weights for 9018 events... INFO
2025-12-14 13:37:01,029 - System.tprint - INFO - ℹ️ ⚖️ Computing uniqueness weights for 9018 events... INFO
[2025-12-14 13:37:01.039] ✅ Uniqueness weights computed. Mean: 1.0000, Min: 0.4372, Max: 1.3117 SUCCESS
2025-12-14 13:37:01,039 - System.tprint - INFO - ℹ️ ✅ Uniqueness weights computed. Mean: 1.0000, Min: 0.4372, Max: 1.3117 SUCCESS
[I 2025-12-14 13:37:01,691] Trial 2773 finished with value: -0.007588358790570246 and parameters: {'trail_distance_atr_mult': 0.7428507356850667}. Best is trial 126 with value: -0.000363295272717509.
[2025-12-14 13:37:03.085] ⚖️ Computing uniqueness weights for 9018 events... INFO
2025-12-14 13:37:03,085 - System.tprint - INFO - ℹ️ ⚖️ Computing uniqueness weights for 9018 events... INFO
[2025-12-14 13:37:03.096] ✅ Uniqueness weights computed. Mean: 1.0000, Min: 0.4373, Max: 1.3119 SUCCESS
2025-12-14 13:37:03,096 - System.tprint - INFO - ℹ️ ✅ Uniqueness weights computed. Mean: 1.0000, Min: 0.4373, Max: 1.3119 SUCCESS
[I 2025-12-14 13:37:03,985] Trial 2774 finished with value: -0.007527237009647787 and parameters: {'trail_distance_atr_mult': 1.0469078494202388}. Best is trial 126 with value: -0.000363295272717509.
[2025-12-14 13:37:05.370] ⚖️ Computing uniqueness weights for 9018 events... INFO
2025-12-14 13:37:05,370 - System.tprint - INFO - ℹ️ ⚖️ Computing uniqueness weights for 9018 events... INFO
[2025-12-14 13:37:05.381] ✅ Uniqueness weights computed. Mean: 1.0000, Min: 0.4373, Max: 1.3118 SUCCESS
2025-12-14 13:37:05,381 - System.tprint - INFO - ℹ️ ✅ Uniqueness weights computed. Mean: 1.0000, Min: 0.4373, Max: 1.3118 SUCCESS
[I 2025-12-14 13:37:06,265] Trial 2775 finished with value: -0.006888953870477417 and parameters: {'trail_distance_atr_mult': 0.9191301892186003}. Best is trial 126 with value: -0.000363295272717509.
[2025-12-14 13:37:07.649] ⚖️ Computing uniqueness weights for 9018 events... INFO
2025-12-14 13:37:07,649 - System.tprint - INFO - ℹ️ ⚖️ Computing uniqueness weights for 9018 events... INFO
[2025-12-14 13:37:07.660] ✅ Uniqueness weights computed. Mean: 1.0000, Min: 0.4374, Max: 1.3122 SUCCESS
2025-12-14 13:37:07,660 - System.tprint - INFO - ℹ️ ✅ Uniqueness weights computed. Mean: 1.0000, Min: 0.4374, Max: 1.3122 SUCCESS
[I 2025-12-14 13:37:08,554] Trial 2776 finished with value: -0.0030156924206936222 and parameters: {'trail_distance_atr_mult': 1.207046096881448}. Best is trial 126 with value: -0.000363295272717509.
[2025-12-14 13:37:09.856] ⚖️ Computing uniqueness weights for 9018 events... INFO
2025-12-14 13:37:09,856 - System.tprint - INFO - ℹ️ ⚖️ Computing uniqueness weights for 9018 events... INFO
[2025-12-14 13:37:09.867] ✅ Uniqueness weights computed. Mean: 1.0000, Min: 0.4372, Max: 1.3117 SUCCESS
2025-12-14 13:37:09,867 - System.tprint - INFO - ℹ️ ✅ Uniqueness weights computed. Mean: 1.0000, Min: 0.4372, Max: 1.3117 SUCCESS
[I 2025-12-14 13:37:10,556] Trial 2777 finished with value: -0.007479331783459741 and parameters: {'trail_distance_atr_mult': 0.6887081017808575}. Best is trial 126 with value: -0.000363295272717509.
[2025-12-14 13:37:11.781] ⚖️ Computing uniqueness weights for 9018 events... INFO
2025-12-14 13:37:11,781 - System.tprint - INFO - ℹ️ ⚖️ Computing uniqueness weights for 9018 events... INFO
[2025-12-14 13:37:11.791] ✅ Uniqueness weights computed. Mean: 1.0000, Min: 0.4373, Max: 1.3120 SUCCESS
2025-12-14 13:37:11,791 - System.tprint - INFO - ℹ️ ✅ Uniqueness weights computed. Mean: 1.0000, Min: 0.4373, Max: 1.3120 SUCCESS
[I 2025-12-14 13:37:12,467] Trial 2778 finished with value: -0.007527251356698475 and parameters: {'trail_distance_atr_mult': 1.0589286645794698}. Best is trial 126 with value: -0.000363295272717509.
[2025-12-14 13:37:13.673] ⚖️ Computing uniqueness weights for 9018 events... INFO
2025-12-14 13:37:13,673 - System.tprint - INFO - ℹ️ ⚖️ Computing uniqueness weights for 9018 events... INFO
[2025-12-14 13:37:13.682] ✅ Uniqueness weights computed. Mean: 1.0000, Min: 0.4373, Max: 1.3118 SUCCESS
2025-12-14 13:37:13,682 - System.tprint - INFO - ℹ️ ✅ Uniqueness weights computed. Mean: 1.0000, Min: 0.4373, Max: 1.3118 SUCCESS
[I 2025-12-14 13:37:14,326] Trial 2779 finished with value: -0.006681122303706547 and parameters: {'trail_distance_atr_mult': 0.8747202436567525}. Best is trial 126 with value: -0.000363295272717509.
[2025-12-14 13:37:15.533] ⚖️ Computing uniqueness weights for 9018 events... INFO
2025-12-14 13:37:15,534 - System.tprint - INFO - ℹ️ ⚖️ Computing uniqueness weights for 9018 events... INFO
[2025-12-14 13:37:15.543] ✅ Uniqueness weights computed. Mean: 1.0000, Min: 0.4374, Max: 1.3123 SUCCESS
2025-12-14 13:37:15,543 - System.tprint - INFO - ℹ️ ✅ Uniqueness weights computed. Mean: 1.0000, Min: 0.4374, Max: 1.3123 SUCCESS
[I 2025-12-14 13:37:16,225] Trial 2780 finished with value: -0.004225097612286362 and parameters: {'trail_distance_atr_mult': 1.22918780474169}. Best is trial 126 with value: -0.000363295272717509.
[2025-12-14 13:37:17.440] ⚖️ Computing uniqueness weights for 9018 events... INFO
2025-12-14 13:37:17,440 - System.tprint - INFO - ℹ️ ⚖️ Computing uniqueness weights for 9018 events... INFO
[2025-12-14 13:37:17.451] ✅ Uniqueness weights computed. Mean: 1.0000, Min: 0.4372, Max: 1.3117 SUCCESS
2025-12-14 13:37:17,451 - System.tprint - INFO - ℹ️ ✅ Uniqueness weights computed. Mean: 1.0000, Min: 0.4372, Max: 1.3117 SUCCESS
[I 2025-12-14 13:37:18,218] Trial 2781 finished with value: -0.0034849037542104768 and parameters: {'trail_distance_atr_mult': 0.6573479939593012}. Best is trial 126 with value: -0.000363295272717509.
[2025-12-14 13:37:19.436] ⚖️ Computing uniqueness weights for 9018 events... INFO
2025-12-14 13:37:19,437 - System.tprint - INFO - ℹ️ ⚖️ Computing uniqueness weights for 9018 events... INFO
[2025-12-14 13:37:19.446] ✅ Uniqueness weights computed. Mean: 1.0000, Min: 0.4373, Max: 1.3120 SUCCESS
2025-12-14 13:37:19,446 - System.tprint - INFO - ℹ️ ✅ Uniqueness weights computed. Mean: 1.0000, Min: 0.4373, Max: 1.3120 SUCCESS
