[I 2025-12-14 12:51:12,299] Trial 1434 finished with value: -0.006888953981705034 and parameters: {'trail_distance_atr_mult': 0.9191908850302412}. Best is trial 126 with value: -0.000363295272717509.
[2025-12-14 12:51:13.665] ⚖️ Computing uniqueness weights for 9018 events... INFO
2025-12-14 12:51:13,666 - System.tprint - INFO - ℹ️ ⚖️ Computing uniqueness weights for 9018 events... INFO
[2025-12-14 12:51:13.677] ✅ Uniqueness weights computed. Mean: 1.0000, Min: 0.4373, Max: 1.3120 SUCCESS
2025-12-14 12:51:13,677 - System.tprint - INFO - ℹ️ ✅ Uniqueness weights computed. Mean: 1.0000, Min: 0.4373, Max: 1.3120 SUCCESS
[I 2025-12-14 12:51:14,571] Trial 1435 finished with value: -0.007658102760452779 and parameters: {'trail_distance_atr_mult': 1.1062947366689593}. Best is trial 126 with value: -0.000363295272717509.
[2025-12-14 12:51:16.016] ⚖️ Computing uniqueness weights for 9018 events... INFO
2025-12-14 12:51:16,016 - System.tprint - INFO - ℹ️ ⚖️ Computing uniqueness weights for 9018 events... INFO
[2025-12-14 12:51:16.027] ✅ Uniqueness weights computed. Mean: 1.0000, Min: 0.4373, Max: 1.3120 SUCCESS
2025-12-14 12:51:16,027 - System.tprint - INFO - ℹ️ ✅ Uniqueness weights computed. Mean: 1.0000, Min: 0.4373, Max: 1.3120 SUCCESS
[I 2025-12-14 12:51:17,224] Trial 1436 finished with value: -0.007816488201524308 and parameters: {'trail_distance_atr_mult': 1.1214292360946283}. Best is trial 126 with value: -0.000363295272717509.
[2025-12-14 12:51:18.745] ⚖️ Computing uniqueness weights for 9018 events... INFO
2025-12-14 12:51:18,745 - System.tprint - INFO - ℹ️ ⚖️ Computing uniqueness weights for 9018 events... INFO
[2025-12-14 12:51:18.757] ✅ Uniqueness weights computed. Mean: 1.0000, Min: 0.4373, Max: 1.3118 SUCCESS
2025-12-14 12:51:18,758 - System.tprint - INFO - ℹ️ ✅ Uniqueness weights computed. Mean: 1.0000, Min: 0.4373, Max: 1.3118 SUCCESS
[I 2025-12-14 12:51:19,652] Trial 1437 finished with value: -0.006681135584360678 and parameters: {'trail_distance_atr_mult': 0.8719569427610186}. Best is trial 126 with value: -0.000363295272717509.
[2025-12-14 12:51:20.984] ⚖️ Computing uniqueness weights for 9018 events... INFO
2025-12-14 12:51:20,984 - System.tprint - INFO - ℹ️ ⚖️ Computing uniqueness weights for 9018 events... INFO
[2025-12-14 12:51:20.994] ✅ Uniqueness weights computed. Mean: 1.0000, Min: 0.4373, Max: 1.3120 SUCCESS
2025-12-14 12:51:20,994 - System.tprint - INFO - ℹ️ ✅ Uniqueness weights computed. Mean: 1.0000, Min: 0.4373, Max: 1.3120 SUCCESS
[I 2025-12-14 12:51:21,640] Trial 1438 finished with value: -0.007658095437844499 and parameters: {'trail_distance_atr_mult': 1.110572458508085}. Best is trial 126 with value: -0.000363295272717509.
[2025-12-14 12:51:22.854] ⚖️ Computing uniqueness weights for 9018 events... INFO
2025-12-14 12:51:22,854 - System.tprint - INFO - ℹ️ ⚖️ Computing uniqueness weights for 9018 events... INFO
[2025-12-14 12:51:22.864] ✅ Uniqueness weights computed. Mean: 1.0000, Min: 0.4373, Max: 1.3120 SUCCESS
2025-12-14 12:51:22,864 - System.tprint - INFO - ℹ️ ✅ Uniqueness weights computed. Mean: 1.0000, Min: 0.4373, Max: 1.3120 SUCCESS
[I 2025-12-14 12:51:23,502] Trial 1439 finished with value: -0.007816487969543305 and parameters: {'trail_distance_atr_mult': 1.1163496582708876}. Best is trial 126 with value: -0.000363295272717509.
[2025-12-14 12:51:24.710] ⚖️ Computing uniqueness weights for 9018 events... INFO
2025-12-14 12:51:24,710 - System.tprint - INFO - ℹ️ ⚖️ Computing uniqueness weights for 9018 events... INFO
[2025-12-14 12:51:24.721] ✅ Uniqueness weights computed. Mean: 1.0000, Min: 0.4373, Max: 1.3118 SUCCESS
2025-12-14 12:51:24,722 - System.tprint - INFO - ℹ️ ✅ Uniqueness weights computed. Mean: 1.0000, Min: 0.4373, Max: 1.3118 SUCCESS
[I 2025-12-14 12:51:25,654] Trial 1440 finished with value: -0.0066810830062904265 and parameters: {'trail_distance_atr_mult': 0.8904163780141092}. Best is trial 126 with value: -0.000363295272717509.
[2025-12-14 12:51:27.535] ⚖️ Computing uniqueness weights for 9018 events... INFO
2025-12-14 12:51:27,535 - System.tprint - INFO - ℹ️ ⚖️ Computing uniqueness weights for 9018 events... INFO
[2025-12-14 12:51:27.550] ✅ Uniqueness weights computed. Mean: 1.0000, Min: 0.4373, Max: 1.3120 SUCCESS
2025-12-14 12:51:27,550 - System.tprint - INFO - ℹ️ ✅ Uniqueness weights computed. Mean: 1.0000, Min: 0.4373, Max: 1.3120 SUCCESS
[I 2025-12-14 12:51:28,485] Trial 1441 finished with value: -0.007816487907096575 and parameters: {'trail_distance_atr_mult': 1.1164762375066075}. Best is trial 126 with value: -0.000363295272717509.
[2025-12-14 12:51:30.074] ⚖️ Computing uniqueness weights for 9018 events... INFO
2025-12-14 12:51:30,074 - System.tprint - INFO - ℹ️ ⚖️ Computing uniqueness weights for 9018 events... INFO
[2025-12-14 12:51:30.086] ✅ Uniqueness weights computed. Mean: 1.0000, Min: 0.4374, Max: 1.3121 SUCCESS
2025-12-14 12:51:30,086 - System.tprint - INFO - ℹ️ ✅ Uniqueness weights computed. Mean: 1.0000, Min: 0.4374, Max: 1.3121 SUCCESS
[I 2025-12-14 12:51:30,979] Trial 1442 finished with value: -0.0016915060592076194 and parameters: {'trail_distance_atr_mult': 1.1338654668445258}. Best is trial 126 with value: -0.000363295272717509.
[2025-12-14 12:51:32.363] ⚖️ Computing uniqueness weights for 9018 events... INFO
2025-12-14 12:51:32,364 - System.tprint - INFO - ℹ️ ⚖️ Computing uniqueness weights for 9018 events... INFO
[2025-12-14 12:51:32.375] ✅ Uniqueness weights computed. Mean: 1.0000, Min: 0.4373, Max: 1.3118 SUCCESS
2025-12-14 12:51:32,375 - System.tprint - INFO - ℹ️ ✅ Uniqueness weights computed. Mean: 1.0000, Min: 0.4373, Max: 1.3118 SUCCESS
[I 2025-12-14 12:51:33,261] Trial 1443 finished with value: -0.006721186455907901 and parameters: {'trail_distance_atr_mult': 0.9034188820598616}. Best is trial 126 with value: -0.000363295272717509.
[2025-12-14 12:51:34.633] ⚖️ Computing uniqueness weights for 9018 events... INFO
2025-12-14 12:51:34,633 - System.tprint - INFO - ℹ️ ⚖️ Computing uniqueness weights for 9018 events... INFO
[2025-12-14 12:51:34.643] ✅ Uniqueness weights computed. Mean: 1.0000, Min: 0.4374, Max: 1.3121 SUCCESS
2025-12-14 12:51:34,644 - System.tprint - INFO - ℹ️ ✅ Uniqueness weights computed. Mean: 1.0000, Min: 0.4374, Max: 1.3121 SUCCESS
[I 2025-12-14 12:51:35,534] Trial 1444 finished with value: -0.007702212888147308 and parameters: {'trail_distance_atr_mult': 1.137476250652276}. Best is trial 126 with value: -0.000363295272717509.
[2025-12-14 12:51:36.993] ⚖️ Computing uniqueness weights for 9018 events... INFO
2025-12-14 12:51:36,993 - System.tprint - INFO - ℹ️ ⚖️ Computing uniqueness weights for 9018 events... INFO
[2025-12-14 12:51:37.006] ✅ Uniqueness weights computed. Mean: 1.0000, Min: 0.4373, Max: 1.3118 SUCCESS
2025-12-14 12:51:37,006 - System.tprint - INFO - ℹ️ ✅ Uniqueness weights computed. Mean: 1.0000, Min: 0.4373, Max: 1.3118 SUCCESS
[I 2025-12-14 12:51:37,789] Trial 1445 finished with value: -0.006681087087837596 and parameters: {'trail_distance_atr_mult': 0.8882363355902101}. Best is trial 126 with value: -0.000363295272717509.
[2025-12-14 12:51:39.007] ⚖️ Computing uniqueness weights for 9018 events... INFO
2025-12-14 12:51:39,007 - System.tprint - INFO - ℹ️ ⚖️ Computing uniqueness weights for 9018 events... INFO
[2025-12-14 12:51:39.018] ✅ Uniqueness weights computed. Mean: 1.0000, Min: 0.4373, Max: 1.3120 SUCCESS
2025-12-14 12:51:39,018 - System.tprint - INFO - ℹ️ ✅ Uniqueness weights computed. Mean: 1.0000, Min: 0.4373, Max: 1.3120 SUCCESS
[I 2025-12-14 12:51:39,656] Trial 1446 finished with value: -0.007816488369366999 and parameters: {'trail_distance_atr_mult': 1.1281490763130049}. Best is trial 126 with value: -0.000363295272717509.
[2025-12-14 12:51:40.868] ⚖️ Computing uniqueness weights for 9018 events... INFO
2025-12-14 12:51:40,869 - System.tprint - INFO - ℹ️ ⚖️ Computing uniqueness weights for 9018 events... INFO
[2025-12-14 12:51:40.878] ✅ Uniqueness weights computed. Mean: 1.0000, Min: 0.4373, Max: 1.3118 SUCCESS
2025-12-14 12:51:40,878 - System.tprint - INFO - ℹ️ ✅ Uniqueness weights computed. Mean: 1.0000, Min: 0.4373, Max: 1.3118 SUCCESS
[I 2025-12-14 12:51:41,510] Trial 1447 finished with value: -0.006778419186609968 and parameters: {'trail_distance_atr_mult': 0.9517384689055607}. Best is trial 126 with value: -0.000363295272717509.
[2025-12-14 12:51:42.713] ⚖️ Computing uniqueness weights for 9018 events... INFO
2025-12-14 12:51:42,714 - System.tprint - INFO - ℹ️ ⚖️ Computing uniqueness weights for 9018 events... INFO
[2025-12-14 12:51:42.723] ✅ Uniqueness weights computed. Mean: 1.0000, Min: 0.4373, Max: 1.3120 SUCCESS
2025-12-14 12:51:42,723 - System.tprint - INFO - ℹ️ ✅ Uniqueness weights computed. Mean: 1.0000, Min: 0.4373, Max: 1.3120 SUCCESS
[I 2025-12-14 12:51:43,357] Trial 1448 finished with value: -0.007816488191598307 and parameters: {'trail_distance_atr_mult': 1.1198978671980457}. Best is trial 126 with value: -0.000363295272717509.
[2025-12-14 12:51:44.571] ⚖️ Computing uniqueness weights for 9018 events... INFO
2025-12-14 12:51:44,572 - System.tprint - INFO - ℹ️ ⚖️ Computing uniqueness weights for 9018 events... INFO
[2025-12-14 12:51:44.581] ✅ Uniqueness weights computed. Mean: 1.0000, Min: 0.4374, Max: 1.3121 SUCCESS
2025-12-14 12:51:44,581 - System.tprint - INFO - ℹ️ ✅ Uniqueness weights computed. Mean: 1.0000, Min: 0.4374, Max: 1.3121 SUCCESS
[I 2025-12-14 12:51:45,221] Trial 1449 finished with value: -0.0016915048619881195 and parameters: {'trail_distance_atr_mult': 1.1355542521272886}. Best is trial 126 with value: -0.000363295272717509.
[2025-12-14 12:51:46.413] ⚖️ Computing uniqueness weights for 9018 events... INFO
2025-12-14 12:51:46,413 - System.tprint - INFO - ℹ️ ⚖️ Computing uniqueness weights for 9018 events... INFO
[2025-12-14 12:51:46.424] ✅ Uniqueness weights computed. Mean: 1.0000, Min: 0.4373, Max: 1.3120 SUCCESS
2025-12-14 12:51:46,424 - System.tprint - INFO - ℹ️ ✅ Uniqueness weights computed. Mean: 1.0000, Min: 0.4373, Max: 1.3120 SUCCESS
[I 2025-12-14 12:51:47,082] Trial 1450 finished with value: -0.00781648823703806 and parameters: {'trail_distance_atr_mult': 1.1254236615571616}. Best is trial 126 with value: -0.000363295272717509.
[2025-12-14 12:51:48.296] ⚖️ Computing uniqueness weights for 9018 events... INFO
2025-12-14 12:51:48,296 - System.tprint - INFO - ℹ️ ⚖️ Computing uniqueness weights for 9018 events... INFO
[2025-12-14 12:51:48.306] ✅ Uniqueness weights computed. Mean: 1.0000, Min: 0.4373, Max: 1.3118 SUCCESS
2025-12-14 12:51:48,306 - System.tprint - INFO - ℹ️ ✅ Uniqueness weights computed. Mean: 1.0000, Min: 0.4373, Max: 1.3118 SUCCESS
[I 2025-12-14 12:51:48,947] Trial 1451 finished with value: -0.006681087063734548 and parameters: {'trail_distance_atr_mult': 0.8882433472607921}. Best is trial 126 with value: -0.000363295272717509.
[2025-12-14 12:51:50.139] ⚖️ Computing uniqueness weights for 9018 events... INFO
2025-12-14 12:51:50,139 - System.tprint - INFO - ℹ️ ⚖️ Computing uniqueness weights for 9018 events... INFO
[2025-12-14 12:51:50.149] ✅ Uniqueness weights computed. Mean: 1.0000, Min: 0.4372, Max: 1.3117 SUCCESS
2025-12-14 12:51:50,149 - System.tprint - INFO - ℹ️ ✅ Uniqueness weights computed. Mean: 1.0000, Min: 0.4372, Max: 1.3117 SUCCESS
[I 2025-12-14 12:51:50,783] Trial 1452 finished with value: -0.007546852514577222 and parameters: {'trail_distance_atr_mult': 0.626877567778291}. Best is trial 126 with value: -0.000363295272717509.
[2025-12-14 12:51:51.983] ⚖️ Computing uniqueness weights for 9018 events... INFO
2025-12-14 12:51:51,983 - System.tprint - INFO - ℹ️ ⚖️ Computing uniqueness weights for 9018 events... INFO
[2025-12-14 12:51:51.993] ✅ Uniqueness weights computed. Mean: 1.0000, Min: 0.4373, Max: 1.3120 SUCCESS
2025-12-14 12:51:51,994 - System.tprint - INFO - ℹ️ ✅ Uniqueness weights computed. Mean: 1.0000, Min: 0.4373, Max: 1.3120 SUCCESS
[I 2025-12-14 12:51:52,629] Trial 1453 finished with value: -0.007658092724857227 and parameters: {'trail_distance_atr_mult': 1.1121969304974137}. Best is trial 126 with value: -0.000363295272717509.
[2025-12-14 12:51:53.828] ⚖️ Computing uniqueness weights for 9018 events... INFO
2025-12-14 12:51:53,828 - System.tprint - INFO - ℹ️ ⚖️ Computing uniqueness weights for 9018 events... INFO
[2025-12-14 12:51:53.838] ✅ Uniqueness weights computed. Mean: 1.0000, Min: 0.4373, Max: 1.3118 SUCCESS
2025-12-14 12:51:53,838 - System.tprint - INFO - ℹ️ ✅ Uniqueness weights computed. Mean: 1.0000, Min: 0.4373, Max: 1.3118 SUCCESS
[I 2025-12-14 12:51:54,473] Trial 1454 finished with value: -0.0068889522213392155 and parameters: {'trail_distance_atr_mult': 0.9182038873703744}. Best is trial 126 with value: -0.000363295272717509.
[2025-12-14 12:51:55.669] ⚖️ Computing uniqueness weights for 9018 events... INFO
2025-12-14 12:51:55,669 - System.tprint - INFO - ℹ️ ⚖️ Computing uniqueness weights for 9018 events... INFO
[2025-12-14 12:51:55.679] ✅ Uniqueness weights computed. Mean: 1.0000, Min: 0.4373, Max: 1.3120 SUCCESS
2025-12-14 12:51:55,679 - System.tprint - INFO - ℹ️ ✅ Uniqueness weights computed. Mean: 1.0000, Min: 0.4373, Max: 1.3120 SUCCESS
[I 2025-12-14 12:51:56,401] Trial 1455 finished with value: -0.007733067050694802 and parameters: {'trail_distance_atr_mult': 1.1306816957695145}. Best is trial 126 with value: -0.000363295272717509.
[2025-12-14 12:51:57.592] ⚖️ Computing uniqueness weights for 9018 events... INFO
2025-12-14 12:51:57,592 - System.tprint - INFO - ℹ️ ⚖️ Computing uniqueness weights for 9018 events... INFO
[2025-12-14 12:51:57.603] ✅ Uniqueness weights computed. Mean: 1.0000, Min: 0.4374, Max: 1.3121 SUCCESS
2025-12-14 12:51:57,603 - System.tprint - INFO - ℹ️ ✅ Uniqueness weights computed. Mean: 1.0000, Min: 0.4374, Max: 1.3121 SUCCESS
[I 2025-12-14 12:51:58,250] Trial 1456 finished with value: -0.007701271065013048 and parameters: {'trail_distance_atr_mult': 1.151971460333267}. Best is trial 126 with value: -0.000363295272717509.
[2025-12-14 12:51:59.591] ⚖️ Computing uniqueness weights for 9018 events... INFO
2025-12-14 12:51:59,591 - System.tprint - INFO - ℹ️ ⚖️ Computing uniqueness weights for 9018 events... INFO
[2025-12-14 12:51:59.600] ✅ Uniqueness weights computed. Mean: 1.0000, Min: 0.4373, Max: 1.3118 SUCCESS
2025-12-14 12:51:59,600 - System.tprint - INFO - ℹ️ ✅ Uniqueness weights computed. Mean: 1.0000, Min: 0.4373, Max: 1.3118 SUCCESS
[I 2025-12-14 12:52:00,412] Trial 1457 finished with value: -0.006721268188723577 and parameters: {'trail_distance_atr_mult': 0.9123897058746966}. Best is trial 126 with value: -0.000363295272717509.
[2025-12-14 12:52:01.645] ⚖️ Computing uniqueness weights for 9018 events... INFO
2025-12-14 12:52:01,645 - System.tprint - INFO - ℹ️ ⚖️ Computing uniqueness weights for 9018 events... INFO
[2025-12-14 12:52:01.655] ✅ Uniqueness weights computed. Mean: 1.0000, Min: 0.4374, Max: 1.3121 SUCCESS
2025-12-14 12:52:01,655 - System.tprint - INFO - ℹ️ ✅ Uniqueness weights computed. Mean: 1.0000, Min: 0.4374, Max: 1.3121 SUCCESS
[I 2025-12-14 12:52:02,541] Trial 1458 finished with value: -0.007702317598146863 and parameters: {'trail_distance_atr_mult': 1.1448533672628354}. Best is trial 126 with value: -0.000363295272717509.
[2025-12-14 12:52:03.752] ⚖️ Computing uniqueness weights for 9018 events... INFO
2025-12-14 12:52:03,753 - System.tprint - INFO - ℹ️ ⚖️ Computing uniqueness weights for 9018 events... INFO
[2025-12-14 12:52:03.762] ✅ Uniqueness weights computed. Mean: 1.0000, Min: 0.4374, Max: 1.3121 SUCCESS
2025-12-14 12:52:03,762 - System.tprint - INFO - ℹ️ ✅ Uniqueness weights computed. Mean: 1.0000, Min: 0.4374, Max: 1.3121 SUCCESS
[I 2025-12-14 12:52:04,401] Trial 1459 finished with value: -0.007702215289282813 and parameters: {'trail_distance_atr_mult': 1.1371270200335577}. Best is trial 126 with value: -0.000363295272717509.
[2025-12-14 12:52:05.592] ⚖️ Computing uniqueness weights for 9018 events... INFO
2025-12-14 12:52:05,592 - System.tprint - INFO - ℹ️ ⚖️ Computing uniqueness weights for 9018 events... INFO
[2025-12-14 12:52:05.601] ✅ Uniqueness weights computed. Mean: 1.0000, Min: 0.4374, Max: 1.3121 SUCCESS
2025-12-14 12:52:05,601 - System.tprint - INFO - ℹ️ ✅ Uniqueness weights computed. Mean: 1.0000, Min: 0.4374, Max: 1.3121 SUCCESS
[I 2025-12-14 12:52:06,241] Trial 1460 finished with value: -0.00770233960807771 and parameters: {'trail_distance_atr_mult': 1.140713442044123}. Best is trial 126 with value: -0.000363295272717509.
[2025-12-14 12:52:07.432] ⚖️ Computing uniqueness weights for 9018 events... INFO
2025-12-14 12:52:07,432 - System.tprint - INFO - ℹ️ ⚖️ Computing uniqueness weights for 9018 events... INFO
[2025-12-14 12:52:07.441] ✅ Uniqueness weights computed. Mean: 1.0000, Min: 0.4373, Max: 1.3118 SUCCESS
2025-12-14 12:52:07,441 - System.tprint - INFO - ℹ️ ✅ Uniqueness weights computed. Mean: 1.0000, Min: 0.4373, Max: 1.3118 SUCCESS
[I 2025-12-14 12:52:08,490] Trial 1461 finished with value: -0.006721229400001536 and parameters: {'trail_distance_atr_mult': 0.9084894005288819}. Best is trial 126 with value: -0.000363295272717509.
[2025-12-14 12:52:09.675] ⚖️ Computing uniqueness weights for 9018 events... INFO
2025-12-14 12:52:09,675 - System.tprint - INFO - ℹ️ ⚖️ Computing uniqueness weights for 9018 events... INFO
[2025-12-14 12:52:09.686] ✅ Uniqueness weights computed. Mean: 1.0000, Min: 0.4373, Max: 1.3120 SUCCESS
2025-12-14 12:52:09,686 - System.tprint - INFO - ℹ️ ✅ Uniqueness weights computed. Mean: 1.0000, Min: 0.4373, Max: 1.3120 SUCCESS
[I 2025-12-14 12:52:10,416] Trial 1462 finished with value: -0.007725181704872825 and parameters: {'trail_distance_atr_mult': 1.1323731566767967}. Best is trial 126 with value: -0.000363295272717509.
[2025-12-14 12:52:11.649] ⚖️ Computing uniqueness weights for 9018 events... INFO
2025-12-14 12:52:11,649 - System.tprint - INFO - ℹ️ ⚖️ Computing uniqueness weights for 9018 events... INFO
[2025-12-14 12:52:11.659] ✅ Uniqueness weights computed. Mean: 1.0000, Min: 0.4373, Max: 1.3118 SUCCESS
2025-12-14 12:52:11,659 - System.tprint - INFO - ℹ️ ✅ Uniqueness weights computed. Mean: 1.0000, Min: 0.4373, Max: 1.3118 SUCCESS
[I 2025-12-14 12:52:12,341] Trial 1463 finished with value: -0.006778418345006652 and parameters: {'trail_distance_atr_mult': 0.9481150644578327}. Best is trial 126 with value: -0.000363295272717509.
[2025-12-14 12:52:13.545] ⚖️ Computing uniqueness weights for 9018 events... INFO
2025-12-14 12:52:13,545 - System.tprint - INFO - ℹ️ ⚖️ Computing uniqueness weights for 9018 events... INFO
[2025-12-14 12:52:13.555] ✅ Uniqueness weights computed. Mean: 1.0000, Min: 0.4374, Max: 1.3121 SUCCESS
2025-12-14 12:52:13,555 - System.tprint - INFO - ℹ️ ✅ Uniqueness weights computed. Mean: 1.0000, Min: 0.4374, Max: 1.3121 SUCCESS
[I 2025-12-14 12:52:14,243] Trial 1464 finished with value: -0.007702213308049327 and parameters: {'trail_distance_atr_mult': 1.1374293615714761}. Best is trial 126 with value: -0.000363295272717509.
[2025-12-14 12:52:15.461] ⚖️ Computing uniqueness weights for 9018 events... INFO
2025-12-14 12:52:15,462 - System.tprint - INFO - ℹ️ ⚖️ Computing uniqueness weights for 9018 events... INFO
[2025-12-14 12:52:15.472] ✅ Uniqueness weights computed. Mean: 1.0000, Min: 0.4373, Max: 1.3118 SUCCESS
2025-12-14 12:52:15,472 - System.tprint - INFO - ℹ️ ✅ Uniqueness weights computed. Mean: 1.0000, Min: 0.4373, Max: 1.3118 SUCCESS
[I 2025-12-14 12:52:16,112] Trial 1465 finished with value: -0.0067212345669862405 and parameters: {'trail_distance_atr_mult': 0.9090478809442032}. Best is trial 126 with value: -0.000363295272717509.
[2025-12-14 12:52:17.317] ⚖️ Computing uniqueness weights for 9018 events... INFO
2025-12-14 12:52:17,318 - System.tprint - INFO - ℹ️ ⚖️ Computing uniqueness weights for 9018 events... INFO
[2025-12-14 12:52:17.328] ✅ Uniqueness weights computed. Mean: 1.0000, Min: 0.4374, Max: 1.3121 SUCCESS
2025-12-14 12:52:17,328 - System.tprint - INFO - ℹ️ ✅ Uniqueness weights computed. Mean: 1.0000, Min: 0.4374, Max: 1.3121 SUCCESS
[I 2025-12-14 12:52:18,145] Trial 1466 finished with value: -0.007702293946784508 and parameters: {'trail_distance_atr_mult': 1.149116818247114}. Best is trial 126 with value: -0.000363295272717509.
[2025-12-14 12:52:19.423] ⚖️ Computing uniqueness weights for 9018 events... INFO
2025-12-14 12:52:19,424 - System.tprint - INFO - ℹ️ ⚖️ Computing uniqueness weights for 9018 events... INFO
[2025-12-14 12:52:19.435] ✅ Uniqueness weights computed. Mean: 1.0000, Min: 0.4374, Max: 1.3121 SUCCESS
2025-12-14 12:52:19,435 - System.tprint - INFO - ℹ️ ✅ Uniqueness weights computed. Mean: 1.0000, Min: 0.4374, Max: 1.3121 SUCCESS
[I 2025-12-14 12:52:20,134] Trial 1467 finished with value: -0.0077022967706815255 and parameters: {'trail_distance_atr_mult': 1.1485824336441106}. Best is trial 126 with value: -0.000363295272717509.
[2025-12-14 12:52:21.339] ⚖️ Computing uniqueness weights for 9018 events... INFO
2025-12-14 12:52:21,339 - System.tprint - INFO - ℹ️ ⚖️ Computing uniqueness weights for 9018 events... INFO
[2025-12-14 12:52:21.349] ✅ Uniqueness weights computed. Mean: 1.0000, Min: 0.4373, Max: 1.3118 SUCCESS
2025-12-14 12:52:21,349 - System.tprint - INFO - ℹ️ ✅ Uniqueness weights computed. Mean: 1.0000, Min: 0.4373, Max: 1.3118 SUCCESS
[I 2025-12-14 12:52:22,011] Trial 1468 finished with value: -0.00677839726534319 and parameters: {'trail_distance_atr_mult': 0.9357711052200659}. Best is trial 126 with value: -0.000363295272717509.
[2025-12-14 12:52:23.385] ⚖️ Computing uniqueness weights for 9018 events... INFO
2025-12-14 12:52:23,385 - System.tprint - INFO - ℹ️ ⚖️ Computing uniqueness weights for 9018 events... INFO
[2025-12-14 12:52:23.395] ✅ Uniqueness weights computed. Mean: 1.0000, Min: 0.4373, Max: 1.3120 SUCCESS
2025-12-14 12:52:23,395 - System.tprint - INFO - ℹ️ ✅ Uniqueness weights computed. Mean: 1.0000, Min: 0.4373, Max: 1.3120 SUCCESS
