[I 2025-12-14 12:35:41,693] Trial 979 finished with value: -0.004494429344888595 and parameters: {'trail_distance_atr_mult': 1.2347538044093889}. Best is trial 126 with value: -0.000363295272717509.
[2025-12-14 12:35:43.614] ⚖️ Computing uniqueness weights for 9018 events... INFO
2025-12-14 12:35:43,615 - System.tprint - INFO - ℹ️ ⚖️ Computing uniqueness weights for 9018 events... INFO
[2025-12-14 12:35:43.627] ✅ Uniqueness weights computed. Mean: 1.0000, Min: 0.4374, Max: 1.3123 SUCCESS
2025-12-14 12:35:43,627 - System.tprint - INFO - ℹ️ ✅ Uniqueness weights computed. Mean: 1.0000, Min: 0.4374, Max: 1.3123 SUCCESS
[I 2025-12-14 12:35:44,610] Trial 980 finished with value: -0.004487201448694584 and parameters: {'trail_distance_atr_mult': 1.2274227006018181}. Best is trial 126 with value: -0.000363295272717509.
[2025-12-14 12:35:46.197] ⚖️ Computing uniqueness weights for 9018 events... INFO
2025-12-14 12:35:46,198 - System.tprint - INFO - ℹ️ ⚖️ Computing uniqueness weights for 9018 events... INFO
[2025-12-14 12:35:46.211] ✅ Uniqueness weights computed. Mean: 1.0000, Min: 0.4373, Max: 1.3120 SUCCESS
2025-12-14 12:35:46,211 - System.tprint - INFO - ℹ️ ✅ Uniqueness weights computed. Mean: 1.0000, Min: 0.4373, Max: 1.3120 SUCCESS
[I 2025-12-14 12:35:47,192] Trial 981 finished with value: -0.0008138620553666856 and parameters: {'trail_distance_atr_mult': 1.0879308558174403}. Best is trial 126 with value: -0.000363295272717509.
[2025-12-14 12:35:48.749] ⚖️ Computing uniqueness weights for 9018 events... INFO
2025-12-14 12:35:48,750 - System.tprint - INFO - ℹ️ ⚖️ Computing uniqueness weights for 9018 events... INFO
[2025-12-14 12:35:48.761] ✅ Uniqueness weights computed. Mean: 1.0000, Min: 0.4373, Max: 1.3119 SUCCESS
2025-12-14 12:35:48,761 - System.tprint - INFO - ℹ️ ✅ Uniqueness weights computed. Mean: 1.0000, Min: 0.4373, Max: 1.3119 SUCCESS
[I 2025-12-14 12:35:49,742] Trial 982 finished with value: -0.00752722697343876 and parameters: {'trail_distance_atr_mult': 1.0387134588660074}. Best is trial 126 with value: -0.000363295272717509.
[2025-12-14 12:35:51.389] ⚖️ Computing uniqueness weights for 9018 events... INFO
2025-12-14 12:35:51,389 - System.tprint - INFO - ℹ️ ⚖️ Computing uniqueness weights for 9018 events... INFO
[2025-12-14 12:35:51.402] ✅ Uniqueness weights computed. Mean: 1.0000, Min: 0.4373, Max: 1.3120 SUCCESS
2025-12-14 12:35:51,402 - System.tprint - INFO - ℹ️ ✅ Uniqueness weights computed. Mean: 1.0000, Min: 0.4373, Max: 1.3120 SUCCESS
[I 2025-12-14 12:35:52,194] Trial 983 finished with value: -0.0075272569489647475 and parameters: {'trail_distance_atr_mult': 1.0634648178519814}. Best is trial 126 with value: -0.000363295272717509.
[2025-12-14 12:35:53.382] ⚖️ Computing uniqueness weights for 9018 events... INFO
2025-12-14 12:35:53,383 - System.tprint - INFO - ℹ️ ⚖️ Computing uniqueness weights for 9018 events... INFO
[2025-12-14 12:35:53.392] ✅ Uniqueness weights computed. Mean: 1.0000, Min: 0.4373, Max: 1.3120 SUCCESS
2025-12-14 12:35:53,392 - System.tprint - INFO - ℹ️ ✅ Uniqueness weights computed. Mean: 1.0000, Min: 0.4373, Max: 1.3120 SUCCESS
[I 2025-12-14 12:35:54,089] Trial 984 finished with value: -0.0008138617025193789 and parameters: {'trail_distance_atr_mult': 1.0928284629012837}. Best is trial 126 with value: -0.000363295272717509.
[2025-12-14 12:35:55.310] ⚖️ Computing uniqueness weights for 9018 events... INFO
2025-12-14 12:35:55,310 - System.tprint - INFO - ℹ️ ⚖️ Computing uniqueness weights for 9018 events... INFO
[2025-12-14 12:35:55.320] ✅ Uniqueness weights computed. Mean: 1.0000, Min: 0.4372, Max: 1.3117 SUCCESS
2025-12-14 12:35:55,320 - System.tprint - INFO - ℹ️ ✅ Uniqueness weights computed. Mean: 1.0000, Min: 0.4372, Max: 1.3117 SUCCESS
[I 2025-12-14 12:35:56,140] Trial 985 finished with value: -0.006728044376943914 and parameters: {'trail_distance_atr_mult': 0.7951708342163615}. Best is trial 126 with value: -0.000363295272717509.
[2025-12-14 12:35:57.345] ⚖️ Computing uniqueness weights for 9018 events... INFO
2025-12-14 12:35:57,346 - System.tprint - INFO - ℹ️ ⚖️ Computing uniqueness weights for 9018 events... INFO
[2025-12-14 12:35:57.356] ✅ Uniqueness weights computed. Mean: 1.0000, Min: 0.4373, Max: 1.3119 SUCCESS
2025-12-14 12:35:57,356 - System.tprint - INFO - ℹ️ ✅ Uniqueness weights computed. Mean: 1.0000, Min: 0.4373, Max: 1.3119 SUCCESS
[I 2025-12-14 12:35:58,051] Trial 986 finished with value: -0.007527228472970185 and parameters: {'trail_distance_atr_mult': 1.0399870604745978}. Best is trial 126 with value: -0.000363295272717509.
[2025-12-14 12:36:00.317] ⚖️ Computing uniqueness weights for 9018 events... INFO
2025-12-14 12:36:00,317 - System.tprint - INFO - ℹ️ ⚖️ Computing uniqueness weights for 9018 events... INFO
[2025-12-14 12:36:00.328] ✅ Uniqueness weights computed. Mean: 1.0000, Min: 0.4373, Max: 1.3119 SUCCESS
2025-12-14 12:36:00,328 - System.tprint - INFO - ℹ️ ✅ Uniqueness weights computed. Mean: 1.0000, Min: 0.4373, Max: 1.3119 SUCCESS
[I 2025-12-14 12:36:01,141] Trial 987 finished with value: -0.007527235860034785 and parameters: {'trail_distance_atr_mult': 1.0460407709655917}. Best is trial 126 with value: -0.000363295272717509.
[2025-12-14 12:36:02.318] ⚖️ Computing uniqueness weights for 9018 events... INFO
2025-12-14 12:36:02,318 - System.tprint - INFO - ℹ️ ⚖️ Computing uniqueness weights for 9018 events... INFO
[2025-12-14 12:36:02.328] ✅ Uniqueness weights computed. Mean: 1.0000, Min: 0.4374, Max: 1.3121 SUCCESS
2025-12-14 12:36:02,328 - System.tprint - INFO - ℹ️ ✅ Uniqueness weights computed. Mean: 1.0000, Min: 0.4374, Max: 1.3121 SUCCESS
[I 2025-12-14 12:36:03,087] Trial 988 finished with value: -0.004891513733992815 and parameters: {'trail_distance_atr_mult': 1.1902321990298574}. Best is trial 126 with value: -0.000363295272717509.
[2025-12-14 12:36:04.284] ⚖️ Computing uniqueness weights for 9018 events... INFO
2025-12-14 12:36:04,284 - System.tprint - INFO - ℹ️ ⚖️ Computing uniqueness weights for 9018 events... INFO
[2025-12-14 12:36:04.293] ✅ Uniqueness weights computed. Mean: 1.0000, Min: 0.4373, Max: 1.3120 SUCCESS
2025-12-14 12:36:04,294 - System.tprint - INFO - ℹ️ ✅ Uniqueness weights computed. Mean: 1.0000, Min: 0.4373, Max: 1.3120 SUCCESS
[I 2025-12-14 12:36:04,986] Trial 989 finished with value: -0.0008138622326170623 and parameters: {'trail_distance_atr_mult': 1.0857415882996466}. Best is trial 126 with value: -0.000363295272717509.
[2025-12-14 12:36:06.188] ⚖️ Computing uniqueness weights for 9018 events... INFO
2025-12-14 12:36:06,189 - System.tprint - INFO - ℹ️ ⚖️ Computing uniqueness weights for 9018 events... INFO
[2025-12-14 12:36:06.198] ✅ Uniqueness weights computed. Mean: 1.0000, Min: 0.4373, Max: 1.3118 SUCCESS
2025-12-14 12:36:06,198 - System.tprint - INFO - ℹ️ ✅ Uniqueness weights computed. Mean: 1.0000, Min: 0.4373, Max: 1.3118 SUCCESS
[I 2025-12-14 12:36:07,009] Trial 990 finished with value: -0.006681152620382833 and parameters: {'trail_distance_atr_mult': 0.8684583014489036}. Best is trial 126 with value: -0.000363295272717509.
[2025-12-14 12:36:08.184] ⚖️ Computing uniqueness weights for 9018 events... INFO
2025-12-14 12:36:08,184 - System.tprint - INFO - ℹ️ ⚖️ Computing uniqueness weights for 9018 events... INFO
[2025-12-14 12:36:08.194] ✅ Uniqueness weights computed. Mean: 1.0000, Min: 0.4373, Max: 1.3120 SUCCESS
2025-12-14 12:36:08,195 - System.tprint - INFO - ℹ️ ✅ Uniqueness weights computed. Mean: 1.0000, Min: 0.4373, Max: 1.3120 SUCCESS
[I 2025-12-14 12:36:08,919] Trial 991 finished with value: -0.007527267764200083 and parameters: {'trail_distance_atr_mult': 1.0757229992755597}. Best is trial 126 with value: -0.000363295272717509.
[2025-12-14 12:36:10.112] ⚖️ Computing uniqueness weights for 9018 events... INFO
2025-12-14 12:36:10,112 - System.tprint - INFO - ℹ️ ⚖️ Computing uniqueness weights for 9018 events... INFO
[2025-12-14 12:36:10.121] ✅ Uniqueness weights computed. Mean: 1.0000, Min: 0.4373, Max: 1.3120 SUCCESS
2025-12-14 12:36:10,121 - System.tprint - INFO - ℹ️ ✅ Uniqueness weights computed. Mean: 1.0000, Min: 0.4373, Max: 1.3120 SUCCESS
[I 2025-12-14 12:36:10,828] Trial 992 finished with value: -0.0075272670663780765 and parameters: {'trail_distance_atr_mult': 1.071916675704038}. Best is trial 126 with value: -0.000363295272717509.
[2025-12-14 12:36:12.019] ⚖️ Computing uniqueness weights for 9018 events... INFO
2025-12-14 12:36:12,019 - System.tprint - INFO - ℹ️ ⚖️ Computing uniqueness weights for 9018 events... INFO
[2025-12-14 12:36:12.029] ✅ Uniqueness weights computed. Mean: 1.0000, Min: 0.4373, Max: 1.3120 SUCCESS
2025-12-14 12:36:12,029 - System.tprint - INFO - ℹ️ ✅ Uniqueness weights computed. Mean: 1.0000, Min: 0.4373, Max: 1.3120 SUCCESS
[I 2025-12-14 12:36:12,890] Trial 993 finished with value: -0.007816488223311973 and parameters: {'trail_distance_atr_mult': 1.1251954703944482}. Best is trial 126 with value: -0.000363295272717509.
[2025-12-14 12:36:14.068] ⚖️ Computing uniqueness weights for 9018 events... INFO
2025-12-14 12:36:14,068 - System.tprint - INFO - ℹ️ ⚖️ Computing uniqueness weights for 9018 events... INFO
[2025-12-14 12:36:14.078] ✅ Uniqueness weights computed. Mean: 1.0000, Min: 0.4374, Max: 1.3122 SUCCESS
2025-12-14 12:36:14,078 - System.tprint - INFO - ℹ️ ✅ Uniqueness weights computed. Mean: 1.0000, Min: 0.4374, Max: 1.3122 SUCCESS
[I 2025-12-14 12:36:14,769] Trial 994 finished with value: -0.005810672398039191 and parameters: {'trail_distance_atr_mult': 1.197684822622285}. Best is trial 126 with value: -0.000363295272717509.
[2025-12-14 12:36:15.992] ⚖️ Computing uniqueness weights for 9018 events... INFO
2025-12-14 12:36:15,992 - System.tprint - INFO - ℹ️ ⚖️ Computing uniqueness weights for 9018 events... INFO
[2025-12-14 12:36:16.001] ✅ Uniqueness weights computed. Mean: 1.0000, Min: 0.4373, Max: 1.3118 SUCCESS
2025-12-14 12:36:16,001 - System.tprint - INFO - ℹ️ ✅ Uniqueness weights computed. Mean: 1.0000, Min: 0.4373, Max: 1.3118 SUCCESS
[I 2025-12-14 12:36:16,630] Trial 995 finished with value: -0.006681128712694959 and parameters: {'trail_distance_atr_mult': 0.8733957467775336}. Best is trial 126 with value: -0.000363295272717509.
[2025-12-14 12:36:17.831] ⚖️ Computing uniqueness weights for 9018 events... INFO
2025-12-14 12:36:17,831 - System.tprint - INFO - ℹ️ ⚖️ Computing uniqueness weights for 9018 events... INFO
[2025-12-14 12:36:17.841] ✅ Uniqueness weights computed. Mean: 1.0000, Min: 0.4374, Max: 1.3122 SUCCESS
2025-12-14 12:36:17,841 - System.tprint - INFO - ℹ️ ✅ Uniqueness weights computed. Mean: 1.0000, Min: 0.4374, Max: 1.3122 SUCCESS
[I 2025-12-14 12:36:18,476] Trial 996 finished with value: -0.0030156992707091866 and parameters: {'trail_distance_atr_mult': 1.2029534393530192}. Best is trial 126 with value: -0.000363295272717509.
[2025-12-14 12:36:19.668] ⚖️ Computing uniqueness weights for 9018 events... INFO
2025-12-14 12:36:19,668 - System.tprint - INFO - ℹ️ ⚖️ Computing uniqueness weights for 9018 events... INFO
[2025-12-14 12:36:19.678] ✅ Uniqueness weights computed. Mean: 1.0000, Min: 0.4373, Max: 1.3119 SUCCESS
2025-12-14 12:36:19,678 - System.tprint - INFO - ℹ️ ✅ Uniqueness weights computed. Mean: 1.0000, Min: 0.4373, Max: 1.3119 SUCCESS
[I 2025-12-14 12:36:20,324] Trial 997 finished with value: -0.007527229089130097 and parameters: {'trail_distance_atr_mult': 1.0313517654457138}. Best is trial 126 with value: -0.000363295272717509.
[2025-12-14 12:36:21.542] ⚖️ Computing uniqueness weights for 9018 events... INFO
2025-12-14 12:36:21,542 - System.tprint - INFO - ℹ️ ⚖️ Computing uniqueness weights for 9018 events... INFO
[2025-12-14 12:36:21.552] ✅ Uniqueness weights computed. Mean: 1.0000, Min: 0.4374, Max: 1.3123 SUCCESS
2025-12-14 12:36:21,552 - System.tprint - INFO - ℹ️ ✅ Uniqueness weights computed. Mean: 1.0000, Min: 0.4374, Max: 1.3123 SUCCESS
[I 2025-12-14 12:36:22,188] Trial 998 finished with value: -0.004494390624195497 and parameters: {'trail_distance_atr_mult': 1.2419897565729885}. Best is trial 126 with value: -0.000363295272717509.
[2025-12-14 12:36:23.394] ⚖️ Computing uniqueness weights for 9018 events... INFO
2025-12-14 12:36:23,394 - System.tprint - INFO - ℹ️ ⚖️ Computing uniqueness weights for 9018 events... INFO
[2025-12-14 12:36:23.403] ✅ Uniqueness weights computed. Mean: 1.0000, Min: 0.4374, Max: 1.3122 SUCCESS
2025-12-14 12:36:23,403 - System.tprint - INFO - ℹ️ ✅ Uniqueness weights computed. Mean: 1.0000, Min: 0.4374, Max: 1.3122 SUCCESS
[I 2025-12-14 12:36:24,038] Trial 999 finished with value: -0.0036874269726320436 and parameters: {'trail_distance_atr_mult': 1.2200353859041586}. Best is trial 126 with value: -0.000363295272717509.
[2025-12-14 12:36:25.240] ⚖️ Computing uniqueness weights for 9018 events... INFO
2025-12-14 12:36:25,240 - System.tprint - INFO - ℹ️ ⚖️ Computing uniqueness weights for 9018 events... INFO
[2025-12-14 12:36:25.250] ✅ Uniqueness weights computed. Mean: 1.0000, Min: 0.4373, Max: 1.3119 SUCCESS
2025-12-14 12:36:25,250 - System.tprint - INFO - ℹ️ ✅ Uniqueness weights computed. Mean: 1.0000, Min: 0.4373, Max: 1.3119 SUCCESS
[I 2025-12-14 12:36:25,895] Trial 1000 finished with value: -0.007527228472229272 and parameters: {'trail_distance_atr_mult': 1.033220250654941}. Best is trial 126 with value: -0.000363295272717509.
[2025-12-14 12:36:27.111] ⚖️ Computing uniqueness weights for 9018 events... INFO
2025-12-14 12:36:27,111 - System.tprint - INFO - ℹ️ ⚖️ Computing uniqueness weights for 9018 events... INFO
[2025-12-14 12:36:27.123] ✅ Uniqueness weights computed. Mean: 1.0000, Min: 0.4374, Max: 1.3122 SUCCESS
2025-12-14 12:36:27,123 - System.tprint - INFO - ℹ️ ✅ Uniqueness weights computed. Mean: 1.0000, Min: 0.4374, Max: 1.3122 SUCCESS
[I 2025-12-14 12:36:27,791] Trial 1001 finished with value: -0.0036874197652817893 and parameters: {'trail_distance_atr_mult': 1.221164725688924}. Best is trial 126 with value: -0.000363295272717509.
[2025-12-14 12:36:28.988] ⚖️ Computing uniqueness weights for 9018 events... INFO
2025-12-14 12:36:28,988 - System.tprint - INFO - ℹ️ ⚖️ Computing uniqueness weights for 9018 events... INFO
[2025-12-14 12:36:28.998] ✅ Uniqueness weights computed. Mean: 1.0000, Min: 0.4374, Max: 1.3123 SUCCESS
2025-12-14 12:36:28,998 - System.tprint - INFO - ℹ️ ✅ Uniqueness weights computed. Mean: 1.0000, Min: 0.4374, Max: 1.3123 SUCCESS
[I 2025-12-14 12:36:29,641] Trial 1002 finished with value: -0.004494402149203416 and parameters: {'trail_distance_atr_mult': 1.239859635362457}. Best is trial 126 with value: -0.000363295272717509.
[2025-12-14 12:36:30.859] ⚖️ Computing uniqueness weights for 9018 events... INFO
2025-12-14 12:36:30,859 - System.tprint - INFO - ℹ️ ⚖️ Computing uniqueness weights for 9018 events... INFO
[2025-12-14 12:36:30.868] ✅ Uniqueness weights computed. Mean: 1.0000, Min: 0.4373, Max: 1.3118 SUCCESS
2025-12-14 12:36:30,868 - System.tprint - INFO - ℹ️ ✅ Uniqueness weights computed. Mean: 1.0000, Min: 0.4373, Max: 1.3118 SUCCESS
[I 2025-12-14 12:36:31,503] Trial 1003 finished with value: -0.006778420161634288 and parameters: {'trail_distance_atr_mult': 0.9523010748537112}. Best is trial 126 with value: -0.000363295272717509.
[2025-12-14 12:36:32.687] ⚖️ Computing uniqueness weights for 9018 events... INFO
2025-12-14 12:36:32,687 - System.tprint - INFO - ℹ️ ⚖️ Computing uniqueness weights for 9018 events... INFO
[2025-12-14 12:36:32.697] ✅ Uniqueness weights computed. Mean: 1.0000, Min: 0.4375, Max: 1.3124 SUCCESS
2025-12-14 12:36:32,697 - System.tprint - INFO - ℹ️ ✅ Uniqueness weights computed. Mean: 1.0000, Min: 0.4375, Max: 1.3124 SUCCESS
[I 2025-12-14 12:36:33,516] Trial 1004 finished with value: -0.0022514808302483125 and parameters: {'trail_distance_atr_mult': 1.2554148406515744}. Best is trial 126 with value: -0.000363295272717509.
[2025-12-14 12:36:34.681] ⚖️ Computing uniqueness weights for 9018 events... INFO
2025-12-14 12:36:34,681 - System.tprint - INFO - ℹ️ ⚖️ Computing uniqueness weights for 9018 events... INFO
[2025-12-14 12:36:34.690] ✅ Uniqueness weights computed. Mean: 1.0000, Min: 0.4374, Max: 1.3122 SUCCESS
2025-12-14 12:36:34,691 - System.tprint - INFO - ℹ️ ✅ Uniqueness weights computed. Mean: 1.0000, Min: 0.4374, Max: 1.3122 SUCCESS
[I 2025-12-14 12:36:35,367] Trial 1005 finished with value: -0.0036874287294189315 and parameters: {'trail_distance_atr_mult': 1.2197572780066404}. Best is trial 126 with value: -0.000363295272717509.
[2025-12-14 12:36:36.655] ⚖️ Computing uniqueness weights for 9018 events... INFO
2025-12-14 12:36:36,655 - System.tprint - INFO - ℹ️ ⚖️ Computing uniqueness weights for 9018 events... INFO
[2025-12-14 12:36:36.664] ✅ Uniqueness weights computed. Mean: 1.0000, Min: 0.4375, Max: 1.3124 SUCCESS
2025-12-14 12:36:36,664 - System.tprint - INFO - ℹ️ ✅ Uniqueness weights computed. Mean: 1.0000, Min: 0.4375, Max: 1.3124 SUCCESS
[I 2025-12-14 12:36:37,385] Trial 1006 finished with value: -0.002268527713874157 and parameters: {'trail_distance_atr_mult': 1.2639610405713364}. Best is trial 126 with value: -0.000363295272717509.
[2025-12-14 12:36:38.637] ⚖️ Computing uniqueness weights for 9018 events... INFO
2025-12-14 12:36:38,637 - System.tprint - INFO - ℹ️ ⚖️ Computing uniqueness weights for 9018 events... INFO
[2025-12-14 12:36:38.647] ✅ Uniqueness weights computed. Mean: 1.0000, Min: 0.4374, Max: 1.3122 SUCCESS
2025-12-14 12:36:38,647 - System.tprint - INFO - ℹ️ ✅ Uniqueness weights computed. Mean: 1.0000, Min: 0.4374, Max: 1.3122 SUCCESS
[I 2025-12-14 12:36:39,289] Trial 1007 finished with value: -0.003015689356163309 and parameters: {'trail_distance_atr_mult': 1.208877810961434}. Best is trial 126 with value: -0.000363295272717509.
[2025-12-14 12:36:40.492] ⚖️ Computing uniqueness weights for 9018 events... INFO
2025-12-14 12:36:40,492 - System.tprint - INFO - ℹ️ ⚖️ Computing uniqueness weights for 9018 events... INFO
[2025-12-14 12:36:40.501] ✅ Uniqueness weights computed. Mean: 1.0000, Min: 0.4374, Max: 1.3122 SUCCESS
2025-12-14 12:36:40,502 - System.tprint - INFO - ℹ️ ✅ Uniqueness weights computed. Mean: 1.0000, Min: 0.4374, Max: 1.3122 SUCCESS
[I 2025-12-14 12:36:41,139] Trial 1008 finished with value: -0.0032227643901672565 and parameters: {'trail_distance_atr_mult': 1.219409644879839}. Best is trial 126 with value: -0.000363295272717509.
[2025-12-14 12:36:42.335] ⚖️ Computing uniqueness weights for 9018 events... INFO
2025-12-14 12:36:42,335 - System.tprint - INFO - ℹ️ ⚖️ Computing uniqueness weights for 9018 events... INFO
[2025-12-14 12:36:42.350] ✅ Uniqueness weights computed. Mean: 1.0000, Min: 0.4374, Max: 1.3121 SUCCESS
2025-12-14 12:36:42,350 - System.tprint - INFO - ℹ️ ✅ Uniqueness weights computed. Mean: 1.0000, Min: 0.4374, Max: 1.3121 SUCCESS
[I 2025-12-14 12:36:43,111] Trial 1009 finished with value: -0.004891489635286088 and parameters: {'trail_distance_atr_mult': 1.1912144898727148}. Best is trial 126 with value: -0.000363295272717509.
[2025-12-14 12:36:44.321] ⚖️ Computing uniqueness weights for 9018 events... INFO
2025-12-14 12:36:44,322 - System.tprint - INFO - ℹ️ ⚖️ Computing uniqueness weights for 9018 events... INFO
[2025-12-14 12:36:44.331] ✅ Uniqueness weights computed. Mean: 1.0000, Min: 0.4375, Max: 1.3124 SUCCESS
2025-12-14 12:36:44,331 - System.tprint - INFO - ℹ️ ✅ Uniqueness weights computed. Mean: 1.0000, Min: 0.4375, Max: 1.3124 SUCCESS
[I 2025-12-14 12:36:44,993] Trial 1010 finished with value: -0.002268535900375098 and parameters: {'trail_distance_atr_mult': 1.2591113609193239}. Best is trial 126 with value: -0.000363295272717509.
[2025-12-14 12:36:46.205] ⚖️ Computing uniqueness weights for 9018 events... INFO
2025-12-14 12:36:46,205 - System.tprint - INFO - ℹ️ ⚖️ Computing uniqueness weights for 9018 events... INFO
[2025-12-14 12:36:46.214] ✅ Uniqueness weights computed. Mean: 1.0000, Min: 0.4374, Max: 1.3123 SUCCESS
2025-12-14 12:36:46,215 - System.tprint - INFO - ℹ️ ✅ Uniqueness weights computed. Mean: 1.0000, Min: 0.4374, Max: 1.3123 SUCCESS
[I 2025-12-14 12:36:46,851] Trial 1011 finished with value: -0.00746269190088628 and parameters: {'trail_distance_atr_mult': 1.2464249868747785}. Best is trial 126 with value: -0.000363295272717509.
[2025-12-14 12:36:48.044] ⚖️ Computing uniqueness weights for 9018 events... INFO
2025-12-14 12:36:48,044 - System.tprint - INFO - ℹ️ ⚖️ Computing uniqueness weights for 9018 events... INFO
[2025-12-14 12:36:48.054] ✅ Uniqueness weights computed. Mean: 1.0000, Min: 0.4375, Max: 1.3124 SUCCESS
2025-12-14 12:36:48,054 - System.tprint - INFO - ℹ️ ✅ Uniqueness weights computed. Mean: 1.0000, Min: 0.4375, Max: 1.3124 SUCCESS
[I 2025-12-14 12:36:48,690] Trial 1012 finished with value: -0.0022515085633779634 and parameters: {'trail_distance_atr_mult': 1.2499292556285448}. Best is trial 126 with value: -0.000363295272717509.
[2025-12-14 12:36:49.882] ⚖️ Computing uniqueness weights for 9018 events... INFO
2025-12-14 12:36:49,882 - System.tprint - INFO - ℹ️ ⚖️ Computing uniqueness weights for 9018 events... INFO
[2025-12-14 12:36:49.891] ✅ Uniqueness weights computed. Mean: 1.0000, Min: 0.4375, Max: 1.3124 SUCCESS
2025-12-14 12:36:49,891 - System.tprint - INFO - ℹ️ ✅ Uniqueness weights computed. Mean: 1.0000, Min: 0.4375, Max: 1.3124 SUCCESS
[I 2025-12-14 12:36:50,535] Trial 1013 finished with value: -0.0025223999499629523 and parameters: {'trail_distance_atr_mult': 1.2675068169615267}. Best is trial 126 with value: -0.000363295272717509.
[2025-12-14 12:36:51.741] ⚖️ Computing uniqueness weights for 9018 events... INFO
2025-12-14 12:36:51,741 - System.tprint - INFO - ℹ️ ⚖️ Computing uniqueness weights for 9018 events... INFO
[2025-12-14 12:36:51.750] ✅ Uniqueness weights computed. Mean: 1.0000, Min: 0.4374, Max: 1.3123 SUCCESS
2025-12-14 12:36:51,751 - System.tprint - INFO - ℹ️ ✅ Uniqueness weights computed. Mean: 1.0000, Min: 0.4374, Max: 1.3123 SUCCESS
