[I 2025-12-14 12:55:56,819] Trial 1574 finished with value: -0.007479331783459741 and parameters: {'trail_distance_atr_mult': 0.6928308110108152}. Best is trial 126 with value: -0.000363295272717509.
[2025-12-14 12:55:58.015] ⚖️ Computing uniqueness weights for 9018 events... INFO
2025-12-14 12:55:58,015 - System.tprint - INFO - ℹ️ ⚖️ Computing uniqueness weights for 9018 events... INFO
[2025-12-14 12:55:58.025] ✅ Uniqueness weights computed. Mean: 1.0000, Min: 0.4372, Max: 1.3117 SUCCESS
2025-12-14 12:55:58,025 - System.tprint - INFO - ℹ️ ✅ Uniqueness weights computed. Mean: 1.0000, Min: 0.4372, Max: 1.3117 SUCCESS
[I 2025-12-14 12:55:58,689] Trial 1575 finished with value: -0.00747912479271868 and parameters: {'trail_distance_atr_mult': 0.7245936976542877}. Best is trial 126 with value: -0.000363295272717509.
[2025-12-14 12:55:59.971] ⚖️ Computing uniqueness weights for 9018 events... INFO
2025-12-14 12:55:59,971 - System.tprint - INFO - ℹ️ ⚖️ Computing uniqueness weights for 9018 events... INFO
[2025-12-14 12:55:59.981] ✅ Uniqueness weights computed. Mean: 1.0000, Min: 0.4372, Max: 1.3117 SUCCESS
2025-12-14 12:55:59,981 - System.tprint - INFO - ℹ️ ✅ Uniqueness weights computed. Mean: 1.0000, Min: 0.4372, Max: 1.3117 SUCCESS
[I 2025-12-14 12:56:00,644] Trial 1576 finished with value: -0.007479331783459741 and parameters: {'trail_distance_atr_mult': 0.6896130684539841}. Best is trial 126 with value: -0.000363295272717509.
[2025-12-14 12:56:01.837] ⚖️ Computing uniqueness weights for 9018 events... INFO
2025-12-14 12:56:01,837 - System.tprint - INFO - ℹ️ ⚖️ Computing uniqueness weights for 9018 events... INFO
[2025-12-14 12:56:01.847] ✅ Uniqueness weights computed. Mean: 1.0000, Min: 0.4372, Max: 1.3117 SUCCESS
2025-12-14 12:56:01,847 - System.tprint - INFO - ℹ️ ✅ Uniqueness weights computed. Mean: 1.0000, Min: 0.4372, Max: 1.3117 SUCCESS
[I 2025-12-14 12:56:02,485] Trial 1577 finished with value: -0.007546852514577222 and parameters: {'trail_distance_atr_mult': 0.6299729943618944}. Best is trial 126 with value: -0.000363295272717509.
[2025-12-14 12:56:03.695] ⚖️ Computing uniqueness weights for 9018 events... INFO
2025-12-14 12:56:03,695 - System.tprint - INFO - ℹ️ ⚖️ Computing uniqueness weights for 9018 events... INFO
[2025-12-14 12:56:03.704] ✅ Uniqueness weights computed. Mean: 1.0000, Min: 0.4372, Max: 1.3117 SUCCESS
2025-12-14 12:56:03,705 - System.tprint - INFO - ℹ️ ✅ Uniqueness weights computed. Mean: 1.0000, Min: 0.4372, Max: 1.3117 SUCCESS
[I 2025-12-14 12:56:04,345] Trial 1578 finished with value: -0.0034849037542104768 and parameters: {'trail_distance_atr_mult': 0.6600522842778864}. Best is trial 126 with value: -0.000363295272717509.
[2025-12-14 12:56:05.543] ⚖️ Computing uniqueness weights for 9018 events... INFO
2025-12-14 12:56:05,543 - System.tprint - INFO - ℹ️ ⚖️ Computing uniqueness weights for 9018 events... INFO
[2025-12-14 12:56:05.553] ✅ Uniqueness weights computed. Mean: 1.0000, Min: 0.4372, Max: 1.3117 SUCCESS
2025-12-14 12:56:05,553 - System.tprint - INFO - ℹ️ ✅ Uniqueness weights computed. Mean: 1.0000, Min: 0.4372, Max: 1.3117 SUCCESS
[I 2025-12-14 12:56:06,185] Trial 1579 finished with value: -0.0013758900110329175 and parameters: {'trail_distance_atr_mult': 0.7377185229383855}. Best is trial 126 with value: -0.000363295272717509.
[2025-12-14 12:56:07.380] ⚖️ Computing uniqueness weights for 9018 events... INFO
2025-12-14 12:56:07,380 - System.tprint - INFO - ℹ️ ⚖️ Computing uniqueness weights for 9018 events... INFO
[2025-12-14 12:56:07.390] ✅ Uniqueness weights computed. Mean: 1.0000, Min: 0.4372, Max: 1.3117 SUCCESS
2025-12-14 12:56:07,390 - System.tprint - INFO - ℹ️ ✅ Uniqueness weights computed. Mean: 1.0000, Min: 0.4372, Max: 1.3117 SUCCESS
[I 2025-12-14 12:56:08,023] Trial 1580 finished with value: -0.007479331783459741 and parameters: {'trail_distance_atr_mult': 0.7028054003786318}. Best is trial 126 with value: -0.000363295272717509.
[2025-12-14 12:56:09.234] ⚖️ Computing uniqueness weights for 9018 events... INFO
2025-12-14 12:56:09,234 - System.tprint - INFO - ℹ️ ⚖️ Computing uniqueness weights for 9018 events... INFO
[2025-12-14 12:56:09.244] ✅ Uniqueness weights computed. Mean: 1.0000, Min: 0.4372, Max: 1.3117 SUCCESS
2025-12-14 12:56:09,244 - System.tprint - INFO - ℹ️ ✅ Uniqueness weights computed. Mean: 1.0000, Min: 0.4372, Max: 1.3117 SUCCESS
[I 2025-12-14 12:56:09,876] Trial 1581 finished with value: -0.007479331783459741 and parameters: {'trail_distance_atr_mult': 0.6923150506979608}. Best is trial 126 with value: -0.000363295272717509.
[2025-12-14 12:56:11.083] ⚖️ Computing uniqueness weights for 9018 events... INFO
2025-12-14 12:56:11,083 - System.tprint - INFO - ℹ️ ⚖️ Computing uniqueness weights for 9018 events... INFO
[2025-12-14 12:56:11.092] ✅ Uniqueness weights computed. Mean: 1.0000, Min: 0.4372, Max: 1.3117 SUCCESS
2025-12-14 12:56:11,093 - System.tprint - INFO - ℹ️ ✅ Uniqueness weights computed. Mean: 1.0000, Min: 0.4372, Max: 1.3117 SUCCESS
[I 2025-12-14 12:56:11,730] Trial 1582 finished with value: -0.007479120201374651 and parameters: {'trail_distance_atr_mult': 0.7260742036581433}. Best is trial 126 with value: -0.000363295272717509.
[2025-12-14 12:56:13.138] ⚖️ Computing uniqueness weights for 9018 events... INFO
2025-12-14 12:56:13,139 - System.tprint - INFO - ℹ️ ⚖️ Computing uniqueness weights for 9018 events... INFO
[2025-12-14 12:56:13.148] ✅ Uniqueness weights computed. Mean: 1.0000, Min: 0.4373, Max: 1.3118 SUCCESS
2025-12-14 12:56:13,148 - System.tprint - INFO - ℹ️ ✅ Uniqueness weights computed. Mean: 1.0000, Min: 0.4373, Max: 1.3118 SUCCESS
[I 2025-12-14 12:56:13,792] Trial 1583 finished with value: -0.006804545700284791 and parameters: {'trail_distance_atr_mult': 0.8455113829056329}. Best is trial 126 with value: -0.000363295272717509.
[2025-12-14 12:56:14.990] ⚖️ Computing uniqueness weights for 9018 events... INFO
2025-12-14 12:56:14,990 - System.tprint - INFO - ℹ️ ⚖️ Computing uniqueness weights for 9018 events... INFO
[2025-12-14 12:56:15.000] ✅ Uniqueness weights computed. Mean: 1.0000, Min: 0.4372, Max: 1.3117 SUCCESS
2025-12-14 12:56:15,000 - System.tprint - INFO - ℹ️ ✅ Uniqueness weights computed. Mean: 1.0000, Min: 0.4372, Max: 1.3117 SUCCESS
[I 2025-12-14 12:56:15,644] Trial 1584 finished with value: -0.0015566758869192802 and parameters: {'trail_distance_atr_mult': 0.7528668232445208}. Best is trial 126 with value: -0.000363295272717509.
[2025-12-14 12:56:16.868] ⚖️ Computing uniqueness weights for 9018 events... INFO
2025-12-14 12:56:16,868 - System.tprint - INFO - ℹ️ ⚖️ Computing uniqueness weights for 9018 events... INFO
[2025-12-14 12:56:16.878] ✅ Uniqueness weights computed. Mean: 1.0000, Min: 0.4372, Max: 1.3117 SUCCESS
2025-12-14 12:56:16,878 - System.tprint - INFO - ℹ️ ✅ Uniqueness weights computed. Mean: 1.0000, Min: 0.4372, Max: 1.3117 SUCCESS
[I 2025-12-14 12:56:17,515] Trial 1585 finished with value: -0.007479331783459741 and parameters: {'trail_distance_atr_mult': 0.7139926459148291}. Best is trial 126 with value: -0.000363295272717509.
[2025-12-14 12:56:18.725] ⚖️ Computing uniqueness weights for 9018 events... INFO
2025-12-14 12:56:18,725 - System.tprint - INFO - ℹ️ ⚖️ Computing uniqueness weights for 9018 events... INFO
[2025-12-14 12:56:18.734] ✅ Uniqueness weights computed. Mean: 1.0000, Min: 0.4372, Max: 1.3117 SUCCESS
2025-12-14 12:56:18,734 - System.tprint - INFO - ℹ️ ✅ Uniqueness weights computed. Mean: 1.0000, Min: 0.4372, Max: 1.3117 SUCCESS
[I 2025-12-14 12:56:19,434] Trial 1586 finished with value: -0.007479331783459741 and parameters: {'trail_distance_atr_mult': 0.7098682514581819}. Best is trial 126 with value: -0.000363295272717509.
[2025-12-14 12:56:20.657] ⚖️ Computing uniqueness weights for 9018 events... INFO
2025-12-14 12:56:20,657 - System.tprint - INFO - ℹ️ ⚖️ Computing uniqueness weights for 9018 events... INFO
[2025-12-14 12:56:20.668] ✅ Uniqueness weights computed. Mean: 1.0000, Min: 0.4372, Max: 1.3117 SUCCESS
2025-12-14 12:56:20,668 - System.tprint - INFO - ℹ️ ✅ Uniqueness weights computed. Mean: 1.0000, Min: 0.4372, Max: 1.3117 SUCCESS
[I 2025-12-14 12:56:21,308] Trial 1587 finished with value: -0.007479331783459741 and parameters: {'trail_distance_atr_mult': 0.7213191329275908}. Best is trial 126 with value: -0.000363295272717509.
[2025-12-14 12:56:22.521] ⚖️ Computing uniqueness weights for 9018 events... INFO
2025-12-14 12:56:22,521 - System.tprint - INFO - ℹ️ ⚖️ Computing uniqueness weights for 9018 events... INFO
[2025-12-14 12:56:22.531] ✅ Uniqueness weights computed. Mean: 1.0000, Min: 0.4372, Max: 1.3117 SUCCESS
2025-12-14 12:56:22,531 - System.tprint - INFO - ℹ️ ✅ Uniqueness weights computed. Mean: 1.0000, Min: 0.4372, Max: 1.3117 SUCCESS
[I 2025-12-14 12:56:23,180] Trial 1588 finished with value: -0.007479331783459741 and parameters: {'trail_distance_atr_mult': 0.710961722278086}. Best is trial 126 with value: -0.000363295272717509.
[2025-12-14 12:56:24.366] ⚖️ Computing uniqueness weights for 9018 events... INFO
2025-12-14 12:56:24,366 - System.tprint - INFO - ℹ️ ⚖️ Computing uniqueness weights for 9018 events... INFO
[2025-12-14 12:56:24.375] ✅ Uniqueness weights computed. Mean: 1.0000, Min: 0.4372, Max: 1.3117 SUCCESS
2025-12-14 12:56:24,375 - System.tprint - INFO - ℹ️ ✅ Uniqueness weights computed. Mean: 1.0000, Min: 0.4372, Max: 1.3117 SUCCESS
[I 2025-12-14 12:56:25,005] Trial 1589 finished with value: -0.007588364538884861 and parameters: {'trail_distance_atr_mult': 0.7493081162144388}. Best is trial 126 with value: -0.000363295272717509.
[2025-12-14 12:56:26.217] ⚖️ Computing uniqueness weights for 9018 events... INFO
2025-12-14 12:56:26,218 - System.tprint - INFO - ℹ️ ⚖️ Computing uniqueness weights for 9018 events... INFO
[2025-12-14 12:56:26.228] ✅ Uniqueness weights computed. Mean: 1.0000, Min: 0.4372, Max: 1.3117 SUCCESS
2025-12-14 12:56:26,228 - System.tprint - INFO - ℹ️ ✅ Uniqueness weights computed. Mean: 1.0000, Min: 0.4372, Max: 1.3117 SUCCESS
[I 2025-12-14 12:56:26,875] Trial 1590 finished with value: -0.007479331783459741 and parameters: {'trail_distance_atr_mult': 0.6914792108605505}. Best is trial 126 with value: -0.000363295272717509.
[2025-12-14 12:56:28.045] ⚖️ Computing uniqueness weights for 9018 events... INFO
2025-12-14 12:56:28,045 - System.tprint - INFO - ℹ️ ⚖️ Computing uniqueness weights for 9018 events... INFO
[2025-12-14 12:56:28.056] ✅ Uniqueness weights computed. Mean: 1.0000, Min: 0.4372, Max: 1.3117 SUCCESS
2025-12-14 12:56:28,056 - System.tprint - INFO - ℹ️ ✅ Uniqueness weights computed. Mean: 1.0000, Min: 0.4372, Max: 1.3117 SUCCESS
[I 2025-12-14 12:56:28,745] Trial 1591 finished with value: -0.0010604202796380617 and parameters: {'trail_distance_atr_mult': 0.735574202549056}. Best is trial 126 with value: -0.000363295272717509.
[2025-12-14 12:56:30.022] ⚖️ Computing uniqueness weights for 9018 events... INFO
2025-12-14 12:56:30,022 - System.tprint - INFO - ℹ️ ⚖️ Computing uniqueness weights for 9018 events... INFO
[2025-12-14 12:56:30.032] ✅ Uniqueness weights computed. Mean: 1.0000, Min: 0.4372, Max: 1.3117 SUCCESS
2025-12-14 12:56:30,032 - System.tprint - INFO - ℹ️ ✅ Uniqueness weights computed. Mean: 1.0000, Min: 0.4372, Max: 1.3117 SUCCESS
[I 2025-12-14 12:56:30,675] Trial 1592 finished with value: -0.007321828937469562 and parameters: {'trail_distance_atr_mult': 0.503926026986825}. Best is trial 126 with value: -0.000363295272717509.
[2025-12-14 12:56:31.893] ⚖️ Computing uniqueness weights for 9018 events... INFO
2025-12-14 12:56:31,893 - System.tprint - INFO - ℹ️ ⚖️ Computing uniqueness weights for 9018 events... INFO
[2025-12-14 12:56:31.903] ✅ Uniqueness weights computed. Mean: 1.0000, Min: 0.4372, Max: 1.3117 SUCCESS
2025-12-14 12:56:31,903 - System.tprint - INFO - ℹ️ ✅ Uniqueness weights computed. Mean: 1.0000, Min: 0.4372, Max: 1.3117 SUCCESS
[I 2025-12-14 12:56:32,539] Trial 1593 finished with value: -0.007321828937469562 and parameters: {'trail_distance_atr_mult': 0.5341636390614898}. Best is trial 126 with value: -0.000363295272717509.
[2025-12-14 12:56:33.742] ⚖️ Computing uniqueness weights for 9018 events... INFO
2025-12-14 12:56:33,742 - System.tprint - INFO - ℹ️ ⚖️ Computing uniqueness weights for 9018 events... INFO
[2025-12-14 12:56:33.751] ✅ Uniqueness weights computed. Mean: 1.0000, Min: 0.4372, Max: 1.3117 SUCCESS
2025-12-14 12:56:33,751 - System.tprint - INFO - ℹ️ ✅ Uniqueness weights computed. Mean: 1.0000, Min: 0.4372, Max: 1.3117 SUCCESS
[I 2025-12-14 12:56:34,400] Trial 1594 finished with value: -0.007479331783459741 and parameters: {'trail_distance_atr_mult': 0.7178462732437078}. Best is trial 126 with value: -0.000363295272717509.
[2025-12-14 12:56:35.679] ⚖️ Computing uniqueness weights for 9018 events... INFO
2025-12-14 12:56:35,679 - System.tprint - INFO - ℹ️ ⚖️ Computing uniqueness weights for 9018 events... INFO
[2025-12-14 12:56:35.689] ✅ Uniqueness weights computed. Mean: 1.0000, Min: 0.4372, Max: 1.3117 SUCCESS
2025-12-14 12:56:35,689 - System.tprint - INFO - ℹ️ ✅ Uniqueness weights computed. Mean: 1.0000, Min: 0.4372, Max: 1.3117 SUCCESS
[I 2025-12-14 12:56:36,407] Trial 1595 finished with value: -0.007479331783459741 and parameters: {'trail_distance_atr_mult': 0.6919986842594723}. Best is trial 126 with value: -0.000363295272717509.
[2025-12-14 12:56:37.630] ⚖️ Computing uniqueness weights for 9018 events... INFO
2025-12-14 12:56:37,631 - System.tprint - INFO - ℹ️ ⚖️ Computing uniqueness weights for 9018 events... INFO
[2025-12-14 12:56:37.641] ✅ Uniqueness weights computed. Mean: 1.0000, Min: 0.4372, Max: 1.3117 SUCCESS
2025-12-14 12:56:37,641 - System.tprint - INFO - ℹ️ ✅ Uniqueness weights computed. Mean: 1.0000, Min: 0.4372, Max: 1.3117 SUCCESS
[I 2025-12-14 12:56:38,323] Trial 1596 finished with value: -0.007321828937469562 and parameters: {'trail_distance_atr_mult': 0.5056619840965247}. Best is trial 126 with value: -0.000363295272717509.
[2025-12-14 12:56:39.876] ⚖️ Computing uniqueness weights for 9018 events... INFO
2025-12-14 12:56:39,877 - System.tprint - INFO - ℹ️ ⚖️ Computing uniqueness weights for 9018 events... INFO
[2025-12-14 12:56:39.893] ✅ Uniqueness weights computed. Mean: 1.0000, Min: 0.4372, Max: 1.3117 SUCCESS
2025-12-14 12:56:39,893 - System.tprint - INFO - ℹ️ ✅ Uniqueness weights computed. Mean: 1.0000, Min: 0.4372, Max: 1.3117 SUCCESS
[I 2025-12-14 12:56:40,909] Trial 1597 finished with value: -0.0067477725791351695 and parameters: {'trail_distance_atr_mult': 0.7597448800998045}. Best is trial 126 with value: -0.000363295272717509.
[2025-12-14 12:56:42.589] ⚖️ Computing uniqueness weights for 9018 events... INFO
2025-12-14 12:56:42,590 - System.tprint - INFO - ℹ️ ⚖️ Computing uniqueness weights for 9018 events... INFO
[2025-12-14 12:56:42.605] ✅ Uniqueness weights computed. Mean: 1.0000, Min: 0.4373, Max: 1.3118 SUCCESS
2025-12-14 12:56:42,605 - System.tprint - INFO - ℹ️ ✅ Uniqueness weights computed. Mean: 1.0000, Min: 0.4373, Max: 1.3118 SUCCESS
[I 2025-12-14 12:56:43,480] Trial 1598 finished with value: -0.00665465481158495 and parameters: {'trail_distance_atr_mult': 0.8202003728565325}. Best is trial 126 with value: -0.000363295272717509.
[2025-12-14 12:56:44.874] ⚖️ Computing uniqueness weights for 9018 events... INFO
2025-12-14 12:56:44,875 - System.tprint - INFO - ℹ️ ⚖️ Computing uniqueness weights for 9018 events... INFO
[2025-12-14 12:56:44.885] ✅ Uniqueness weights computed. Mean: 1.0000, Min: 0.4372, Max: 1.3117 SUCCESS
2025-12-14 12:56:44,885 - System.tprint - INFO - ℹ️ ✅ Uniqueness weights computed. Mean: 1.0000, Min: 0.4372, Max: 1.3117 SUCCESS
[I 2025-12-14 12:56:45,774] Trial 1599 finished with value: -0.006747762644309154 and parameters: {'trail_distance_atr_mult': 0.7635093107920674}. Best is trial 126 with value: -0.000363295272717509.
[2025-12-14 12:56:47.245] ⚖️ Computing uniqueness weights for 9018 events... INFO
2025-12-14 12:56:47,245 - System.tprint - INFO - ℹ️ ⚖️ Computing uniqueness weights for 9018 events... INFO
[2025-12-14 12:56:47.255] ✅ Uniqueness weights computed. Mean: 1.0000, Min: 0.4372, Max: 1.3117 SUCCESS
2025-12-14 12:56:47,255 - System.tprint - INFO - ℹ️ ✅ Uniqueness weights computed. Mean: 1.0000, Min: 0.4372, Max: 1.3117 SUCCESS
[I 2025-12-14 12:56:48,145] Trial 1600 finished with value: -0.007321828937469562 and parameters: {'trail_distance_atr_mult': 0.5749961249922331}. Best is trial 126 with value: -0.000363295272717509.
[2025-12-14 12:56:49.543] ⚖️ Computing uniqueness weights for 9018 events... INFO
2025-12-14 12:56:49,543 - System.tprint - INFO - ℹ️ ⚖️ Computing uniqueness weights for 9018 events... INFO
[2025-12-14 12:56:49.553] ✅ Uniqueness weights computed. Mean: 1.0000, Min: 0.4372, Max: 1.3117 SUCCESS
2025-12-14 12:56:49,554 - System.tprint - INFO - ℹ️ ✅ Uniqueness weights computed. Mean: 1.0000, Min: 0.4372, Max: 1.3117 SUCCESS
[I 2025-12-14 12:56:50,503] Trial 1601 finished with value: -0.007588365372162065 and parameters: {'trail_distance_atr_mult': 0.7504859068312775}. Best is trial 126 with value: -0.000363295272717509.
[2025-12-14 12:56:51.920] ⚖️ Computing uniqueness weights for 9018 events... INFO
2025-12-14 12:56:51,920 - System.tprint - INFO - ℹ️ ⚖️ Computing uniqueness weights for 9018 events... INFO
[2025-12-14 12:56:51.933] ✅ Uniqueness weights computed. Mean: 1.0000, Min: 0.4372, Max: 1.3117 SUCCESS
2025-12-14 12:56:51,933 - System.tprint - INFO - ℹ️ ✅ Uniqueness weights computed. Mean: 1.0000, Min: 0.4372, Max: 1.3117 SUCCESS
[I 2025-12-14 12:56:52,616] Trial 1602 finished with value: -0.0074791159881552795 and parameters: {'trail_distance_atr_mult': 0.7273644886471233}. Best is trial 126 with value: -0.000363295272717509.
[2025-12-14 12:56:53.820] ⚖️ Computing uniqueness weights for 9018 events... INFO
2025-12-14 12:56:53,820 - System.tprint - INFO - ℹ️ ⚖️ Computing uniqueness weights for 9018 events... INFO
[2025-12-14 12:56:53.830] ✅ Uniqueness weights computed. Mean: 1.0000, Min: 0.4372, Max: 1.3117 SUCCESS
2025-12-14 12:56:53,830 - System.tprint - INFO - ℹ️ ✅ Uniqueness weights computed. Mean: 1.0000, Min: 0.4372, Max: 1.3117 SUCCESS
[I 2025-12-14 12:56:54,469] Trial 1603 finished with value: -0.006728039761026783 and parameters: {'trail_distance_atr_mult': 0.7956333335438446}. Best is trial 126 with value: -0.000363295272717509.
[2025-12-14 12:56:55.680] ⚖️ Computing uniqueness weights for 9018 events... INFO
2025-12-14 12:56:55,680 - System.tprint - INFO - ℹ️ ⚖️ Computing uniqueness weights for 9018 events... INFO
[2025-12-14 12:56:55.689] ✅ Uniqueness weights computed. Mean: 1.0000, Min: 0.4372, Max: 1.3117 SUCCESS
2025-12-14 12:56:55,689 - System.tprint - INFO - ℹ️ ✅ Uniqueness weights computed. Mean: 1.0000, Min: 0.4372, Max: 1.3117 SUCCESS
[I 2025-12-14 12:56:56,327] Trial 1604 finished with value: -0.007479331783459741 and parameters: {'trail_distance_atr_mult': 0.6954627279355925}. Best is trial 126 with value: -0.000363295272717509.
[2025-12-14 12:56:57.525] ⚖️ Computing uniqueness weights for 9018 events... INFO
2025-12-14 12:56:57,525 - System.tprint - INFO - ℹ️ ⚖️ Computing uniqueness weights for 9018 events... INFO
[2025-12-14 12:56:57.535] ✅ Uniqueness weights computed. Mean: 1.0000, Min: 0.4372, Max: 1.3117 SUCCESS
2025-12-14 12:56:57,535 - System.tprint - INFO - ℹ️ ✅ Uniqueness weights computed. Mean: 1.0000, Min: 0.4372, Max: 1.3117 SUCCESS
[I 2025-12-14 12:56:58,174] Trial 1605 finished with value: -0.006747543086063709 and parameters: {'trail_distance_atr_mult': 0.7653064620588192}. Best is trial 126 with value: -0.000363295272717509.
[2025-12-14 12:56:59.373] ⚖️ Computing uniqueness weights for 9018 events... INFO
2025-12-14 12:56:59,373 - System.tprint - INFO - ℹ️ ⚖️ Computing uniqueness weights for 9018 events... INFO
[2025-12-14 12:56:59.383] ✅ Uniqueness weights computed. Mean: 1.0000, Min: 0.4372, Max: 1.3117 SUCCESS
2025-12-14 12:56:59,383 - System.tprint - INFO - ℹ️ ✅ Uniqueness weights computed. Mean: 1.0000, Min: 0.4372, Max: 1.3117 SUCCESS
[I 2025-12-14 12:57:00,051] Trial 1606 finished with value: -0.0067278631579547835 and parameters: {'trail_distance_atr_mult': 0.8124851382645362}. Best is trial 126 with value: -0.000363295272717509.
[2025-12-14 12:57:01.294] ⚖️ Computing uniqueness weights for 9018 events... INFO
2025-12-14 12:57:01,294 - System.tprint - INFO - ℹ️ ⚖️ Computing uniqueness weights for 9018 events... INFO
[2025-12-14 12:57:01.303] ✅ Uniqueness weights computed. Mean: 1.0000, Min: 0.4372, Max: 1.3117 SUCCESS
2025-12-14 12:57:01,304 - System.tprint - INFO - ℹ️ ✅ Uniqueness weights computed. Mean: 1.0000, Min: 0.4372, Max: 1.3117 SUCCESS
[I 2025-12-14 12:57:01,973] Trial 1607 finished with value: -0.007321828937469562 and parameters: {'trail_distance_atr_mult': 0.5070069451735659}. Best is trial 126 with value: -0.000363295272717509.
[2025-12-14 12:57:03.175] ⚖️ Computing uniqueness weights for 9018 events... INFO
2025-12-14 12:57:03,175 - System.tprint - INFO - ℹ️ ⚖️ Computing uniqueness weights for 9018 events... INFO
[2025-12-14 12:57:03.185] ✅ Uniqueness weights computed. Mean: 1.0000, Min: 0.4372, Max: 1.3117 SUCCESS
2025-12-14 12:57:03,185 - System.tprint - INFO - ℹ️ ✅ Uniqueness weights computed. Mean: 1.0000, Min: 0.4372, Max: 1.3117 SUCCESS
[I 2025-12-14 12:57:03,828] Trial 1608 finished with value: -0.006728026240658822 and parameters: {'trail_distance_atr_mult': 0.7969609827240242}. Best is trial 126 with value: -0.000363295272717509.
[2025-12-14 12:57:05.025] ⚖️ Computing uniqueness weights for 9018 events... INFO
2025-12-14 12:57:05,026 - System.tprint - INFO - ℹ️ ⚖️ Computing uniqueness weights for 9018 events... INFO
[2025-12-14 12:57:05.036] ✅ Uniqueness weights computed. Mean: 1.0000, Min: 0.4372, Max: 1.3117 SUCCESS
2025-12-14 12:57:05,036 - System.tprint - INFO - ℹ️ ✅ Uniqueness weights computed. Mean: 1.0000, Min: 0.4372, Max: 1.3117 SUCCESS
