[I 2025-12-14 12:12:43,879] Trial 419 finished with value: -0.003084680279963986 and parameters: {'trail_distance_atr_mult': 1.0189818886466355}. Best is trial 126 with value: -0.000363295272717509.
[2025-12-14 12:12:45.270] ⚖️ Computing uniqueness weights for 9018 events... INFO
2025-12-14 12:12:45,271 - System.tprint - INFO - ℹ️ ⚖️ Computing uniqueness weights for 9018 events... INFO
[2025-12-14 12:12:45.281] ✅ Uniqueness weights computed. Mean: 1.0000, Min: 0.4375, Max: 1.3125 SUCCESS
2025-12-14 12:12:45,281 - System.tprint - INFO - ℹ️ ✅ Uniqueness weights computed. Mean: 1.0000, Min: 0.4375, Max: 1.3125 SUCCESS
[I 2025-12-14 12:12:46,173] Trial 420 finished with value: -0.004187629476192834 and parameters: {'trail_distance_atr_mult': 1.4467955270531718}. Best is trial 126 with value: -0.000363295272717509.
[2025-12-14 12:12:47.565] ⚖️ Computing uniqueness weights for 9018 events... INFO
2025-12-14 12:12:47,565 - System.tprint - INFO - ℹ️ ⚖️ Computing uniqueness weights for 9018 events... INFO
[2025-12-14 12:12:47.578] ✅ Uniqueness weights computed. Mean: 1.0000, Min: 0.4375, Max: 1.3126 SUCCESS
2025-12-14 12:12:47,578 - System.tprint - INFO - ℹ️ ✅ Uniqueness weights computed. Mean: 1.0000, Min: 0.4375, Max: 1.3126 SUCCESS
[I 2025-12-14 12:12:48,458] Trial 421 finished with value: -0.0022709470081256748 and parameters: {'trail_distance_atr_mult': 1.5609768746763597}. Best is trial 126 with value: -0.000363295272717509.
[2025-12-14 12:12:49.844] ⚖️ Computing uniqueness weights for 9018 events... INFO
2025-12-14 12:12:49,845 - System.tprint - INFO - ℹ️ ⚖️ Computing uniqueness weights for 9018 events... INFO
[2025-12-14 12:12:49.857] ✅ Uniqueness weights computed. Mean: 1.0000, Min: 0.4376, Max: 1.3127 SUCCESS
2025-12-14 12:12:49,857 - System.tprint - INFO - ℹ️ ✅ Uniqueness weights computed. Mean: 1.0000, Min: 0.4376, Max: 1.3127 SUCCESS
[I 2025-12-14 12:12:50,765] Trial 422 finished with value: -0.002270839167706852 and parameters: {'trail_distance_atr_mult': 1.581072522874764}. Best is trial 126 with value: -0.000363295272717509.
[2025-12-14 12:12:52.217] ⚖️ Computing uniqueness weights for 9018 events... INFO
2025-12-14 12:12:52,217 - System.tprint - INFO - ℹ️ ⚖️ Computing uniqueness weights for 9018 events... INFO
[2025-12-14 12:12:52.230] ✅ Uniqueness weights computed. Mean: 1.0000, Min: 0.4376, Max: 1.3129 SUCCESS
2025-12-14 12:12:52,230 - System.tprint - INFO - ℹ️ ✅ Uniqueness weights computed. Mean: 1.0000, Min: 0.4376, Max: 1.3129 SUCCESS
[I 2025-12-14 12:12:53,117] Trial 423 finished with value: -0.005087647462145133 and parameters: {'trail_distance_atr_mult': 1.6683554102743035}. Best is trial 126 with value: -0.000363295272717509.
[2025-12-14 12:12:54.507] ⚖️ Computing uniqueness weights for 9018 events... INFO
2025-12-14 12:12:54,507 - System.tprint - INFO - ℹ️ ⚖️ Computing uniqueness weights for 9018 events... INFO
[2025-12-14 12:12:54.519] ✅ Uniqueness weights computed. Mean: 1.0000, Min: 0.4375, Max: 1.3125 SUCCESS
2025-12-14 12:12:54,519 - System.tprint - INFO - ℹ️ ✅ Uniqueness weights computed. Mean: 1.0000, Min: 0.4375, Max: 1.3125 SUCCESS
[I 2025-12-14 12:12:55,411] Trial 424 finished with value: -0.0044019171302240485 and parameters: {'trail_distance_atr_mult': 1.3874040005010526}. Best is trial 126 with value: -0.000363295272717509.
[2025-12-14 12:12:56.810] ⚖️ Computing uniqueness weights for 9018 events... INFO
2025-12-14 12:12:56,811 - System.tprint - INFO - ℹ️ ⚖️ Computing uniqueness weights for 9018 events... INFO
[2025-12-14 12:12:56.823] ✅ Uniqueness weights computed. Mean: 1.0000, Min: 0.4376, Max: 1.3129 SUCCESS
2025-12-14 12:12:56,823 - System.tprint - INFO - ℹ️ ✅ Uniqueness weights computed. Mean: 1.0000, Min: 0.4376, Max: 1.3129 SUCCESS
[I 2025-12-14 12:12:57,766] Trial 425 finished with value: -0.0037497551951213132 and parameters: {'trail_distance_atr_mult': 1.6675685591169802}. Best is trial 126 with value: -0.000363295272717509.
[2025-12-14 12:12:59.789] ⚖️ Computing uniqueness weights for 9018 events... INFO
2025-12-14 12:12:59,789 - System.tprint - INFO - ℹ️ ⚖️ Computing uniqueness weights for 9018 events... INFO
[2025-12-14 12:12:59.800] ✅ Uniqueness weights computed. Mean: 1.0000, Min: 0.4375, Max: 1.3125 SUCCESS
2025-12-14 12:12:59,801 - System.tprint - INFO - ℹ️ ✅ Uniqueness weights computed. Mean: 1.0000, Min: 0.4375, Max: 1.3125 SUCCESS
[I 2025-12-14 12:13:00,682] Trial 426 finished with value: -0.006658975020455148 and parameters: {'trail_distance_atr_mult': 1.5058232405107652}. Best is trial 126 with value: -0.000363295272717509.
[2025-12-14 12:13:02.095] ⚖️ Computing uniqueness weights for 9018 events... INFO
2025-12-14 12:13:02,095 - System.tprint - INFO - ℹ️ ⚖️ Computing uniqueness weights for 9018 events... INFO
[2025-12-14 12:13:02.106] ✅ Uniqueness weights computed. Mean: 1.0000, Min: 0.4376, Max: 1.3127 SUCCESS
2025-12-14 12:13:02,106 - System.tprint - INFO - ℹ️ ✅ Uniqueness weights computed. Mean: 1.0000, Min: 0.4376, Max: 1.3127 SUCCESS
[I 2025-12-14 12:13:03,055] Trial 427 finished with value: -0.002270775625663626 and parameters: {'trail_distance_atr_mult': 1.5941487621013306}. Best is trial 126 with value: -0.000363295272717509.
[2025-12-14 12:13:04.489] ⚖️ Computing uniqueness weights for 9018 events... INFO
2025-12-14 12:13:04,489 - System.tprint - INFO - ℹ️ ⚖️ Computing uniqueness weights for 9018 events... INFO
[2025-12-14 12:13:04.500] ✅ Uniqueness weights computed. Mean: 1.0000, Min: 0.4377, Max: 1.3130 SUCCESS
2025-12-14 12:13:04,501 - System.tprint - INFO - ℹ️ ✅ Uniqueness weights computed. Mean: 1.0000, Min: 0.4377, Max: 1.3130 SUCCESS
[I 2025-12-14 12:13:05,379] Trial 428 finished with value: -0.006837421240565804 and parameters: {'trail_distance_atr_mult': 1.7151872068006626}. Best is trial 126 with value: -0.000363295272717509.
[2025-12-14 12:13:06.764] ⚖️ Computing uniqueness weights for 9018 events... INFO
2025-12-14 12:13:06,764 - System.tprint - INFO - ℹ️ ⚖️ Computing uniqueness weights for 9018 events... INFO
[2025-12-14 12:13:06.775] ✅ Uniqueness weights computed. Mean: 1.0000, Min: 0.4375, Max: 1.3125 SUCCESS
2025-12-14 12:13:06,775 - System.tprint - INFO - ℹ️ ✅ Uniqueness weights computed. Mean: 1.0000, Min: 0.4375, Max: 1.3125 SUCCESS
[I 2025-12-14 12:13:07,666] Trial 429 finished with value: -0.0064632400317288586 and parameters: {'trail_distance_atr_mult': 1.4918852171378538}. Best is trial 126 with value: -0.000363295272717509.
[2025-12-14 12:13:09.047] ⚖️ Computing uniqueness weights for 9018 events... INFO
2025-12-14 12:13:09,047 - System.tprint - INFO - ℹ️ ⚖️ Computing uniqueness weights for 9018 events... INFO
[2025-12-14 12:13:09.058] ✅ Uniqueness weights computed. Mean: 1.0000, Min: 0.4377, Max: 1.3130 SUCCESS
2025-12-14 12:13:09,058 - System.tprint - INFO - ℹ️ ✅ Uniqueness weights computed. Mean: 1.0000, Min: 0.4377, Max: 1.3130 SUCCESS
[I 2025-12-14 12:13:09,937] Trial 430 finished with value: -0.005709903466867499 and parameters: {'trail_distance_atr_mult': 1.718920052456623}. Best is trial 126 with value: -0.000363295272717509.
[2025-12-14 12:13:11.321] ⚖️ Computing uniqueness weights for 9018 events... INFO
2025-12-14 12:13:11,321 - System.tprint - INFO - ℹ️ ⚖️ Computing uniqueness weights for 9018 events... INFO
[2025-12-14 12:13:11.333] ✅ Uniqueness weights computed. Mean: 1.0000, Min: 0.4375, Max: 1.3124 SUCCESS
2025-12-14 12:13:11,333 - System.tprint - INFO - ℹ️ ✅ Uniqueness weights computed. Mean: 1.0000, Min: 0.4375, Max: 1.3124 SUCCESS
[I 2025-12-14 12:13:12,215] Trial 431 finished with value: -0.007787898574152516 and parameters: {'trail_distance_atr_mult': 1.3143500989289596}. Best is trial 126 with value: -0.000363295272717509.
[2025-12-14 12:13:13.598] ⚖️ Computing uniqueness weights for 9018 events... INFO
2025-12-14 12:13:13,598 - System.tprint - INFO - ℹ️ ⚖️ Computing uniqueness weights for 9018 events... INFO
[2025-12-14 12:13:13.609] ✅ Uniqueness weights computed. Mean: 1.0000, Min: 0.4375, Max: 1.3126 SUCCESS
2025-12-14 12:13:13,610 - System.tprint - INFO - ℹ️ ✅ Uniqueness weights computed. Mean: 1.0000, Min: 0.4375, Max: 1.3126 SUCCESS
[I 2025-12-14 12:13:14,483] Trial 432 finished with value: -0.00431443969783334 and parameters: {'trail_distance_atr_mult': 1.5128491622659541}. Best is trial 126 with value: -0.000363295272717509.
[2025-12-14 12:13:15.860] ⚖️ Computing uniqueness weights for 9018 events... INFO
2025-12-14 12:13:15,860 - System.tprint - INFO - ℹ️ ⚖️ Computing uniqueness weights for 9018 events... INFO
[2025-12-14 12:13:15.870] ✅ Uniqueness weights computed. Mean: 1.0000, Min: 0.4376, Max: 1.3128 SUCCESS
2025-12-14 12:13:15,870 - System.tprint - INFO - ℹ️ ✅ Uniqueness weights computed. Mean: 1.0000, Min: 0.4376, Max: 1.3128 SUCCESS
[I 2025-12-14 12:13:16,741] Trial 433 finished with value: -0.006486733641733826 and parameters: {'trail_distance_atr_mult': 1.6301528175859339}. Best is trial 126 with value: -0.000363295272717509.
[2025-12-14 12:13:18.140] ⚖️ Computing uniqueness weights for 9018 events... INFO
2025-12-14 12:13:18,141 - System.tprint - INFO - ℹ️ ⚖️ Computing uniqueness weights for 9018 events... INFO
[2025-12-14 12:13:18.151] ✅ Uniqueness weights computed. Mean: 1.0000, Min: 0.4375, Max: 1.3126 SUCCESS
2025-12-14 12:13:18,151 - System.tprint - INFO - ℹ️ ✅ Uniqueness weights computed. Mean: 1.0000, Min: 0.4375, Max: 1.3126 SUCCESS
[I 2025-12-14 12:13:19,046] Trial 434 finished with value: -0.0028755645781105297 and parameters: {'trail_distance_atr_mult': 1.5461238962734707}. Best is trial 126 with value: -0.000363295272717509.
[2025-12-14 12:13:20.449] ⚖️ Computing uniqueness weights for 9018 events... INFO
2025-12-14 12:13:20,449 - System.tprint - INFO - ℹ️ ⚖️ Computing uniqueness weights for 9018 events... INFO
[2025-12-14 12:13:20.459] ✅ Uniqueness weights computed. Mean: 1.0000, Min: 0.4375, Max: 1.3126 SUCCESS
2025-12-14 12:13:20,459 - System.tprint - INFO - ℹ️ ✅ Uniqueness weights computed. Mean: 1.0000, Min: 0.4375, Max: 1.3126 SUCCESS
[I 2025-12-14 12:13:21,336] Trial 435 finished with value: -0.003624564173038502 and parameters: {'trail_distance_atr_mult': 1.5245574757289495}. Best is trial 126 with value: -0.000363295272717509.
[2025-12-14 12:13:22.729] ⚖️ Computing uniqueness weights for 9018 events... INFO
2025-12-14 12:13:22,729 - System.tprint - INFO - ℹ️ ⚖️ Computing uniqueness weights for 9018 events... INFO
[2025-12-14 12:13:22.739] ✅ Uniqueness weights computed. Mean: 1.0000, Min: 0.4377, Max: 1.3131 SUCCESS
2025-12-14 12:13:22,739 - System.tprint - INFO - ℹ️ ✅ Uniqueness weights computed. Mean: 1.0000, Min: 0.4377, Max: 1.3131 SUCCESS
[I 2025-12-14 12:13:23,696] Trial 436 finished with value: -0.006955408028285465 and parameters: {'trail_distance_atr_mult': 1.8496172014890393}. Best is trial 126 with value: -0.000363295272717509.
[2025-12-14 12:13:25.076] ⚖️ Computing uniqueness weights for 9018 events... INFO
2025-12-14 12:13:25,076 - System.tprint - INFO - ℹ️ ⚖️ Computing uniqueness weights for 9018 events... INFO
[2025-12-14 12:13:25.088] ✅ Uniqueness weights computed. Mean: 1.0000, Min: 0.4373, Max: 1.3120 SUCCESS
2025-12-14 12:13:25,088 - System.tprint - INFO - ℹ️ ✅ Uniqueness weights computed. Mean: 1.0000, Min: 0.4373, Max: 1.3120 SUCCESS
[I 2025-12-14 12:13:25,964] Trial 437 finished with value: -0.0008138617690007864 and parameters: {'trail_distance_atr_mult': 1.0919099118030753}. Best is trial 126 with value: -0.000363295272717509.
[2025-12-14 12:13:27.359] ⚖️ Computing uniqueness weights for 9018 events... INFO
2025-12-14 12:13:27,359 - System.tprint - INFO - ℹ️ ⚖️ Computing uniqueness weights for 9018 events... INFO
[2025-12-14 12:13:27.370] ✅ Uniqueness weights computed. Mean: 1.0000, Min: 0.4373, Max: 1.3119 SUCCESS
2025-12-14 12:13:27,370 - System.tprint - INFO - ℹ️ ✅ Uniqueness weights computed. Mean: 1.0000, Min: 0.4373, Max: 1.3119 SUCCESS
[I 2025-12-14 12:13:28,259] Trial 438 finished with value: -0.007527228546177879 and parameters: {'trail_distance_atr_mult': 1.0400622697710387}. Best is trial 126 with value: -0.000363295272717509.
[2025-12-14 12:13:29.696] ⚖️ Computing uniqueness weights for 9018 events... INFO
2025-12-14 12:13:29,697 - System.tprint - INFO - ℹ️ ⚖️ Computing uniqueness weights for 9018 events... INFO
[2025-12-14 12:13:29.708] ✅ Uniqueness weights computed. Mean: 1.0000, Min: 0.4373, Max: 1.3119 SUCCESS
2025-12-14 12:13:29,708 - System.tprint - INFO - ℹ️ ✅ Uniqueness weights computed. Mean: 1.0000, Min: 0.4373, Max: 1.3119 SUCCESS
[I 2025-12-14 12:13:30,591] Trial 439 finished with value: -0.006751216955107976 and parameters: {'trail_distance_atr_mult': 0.9969489247014512}. Best is trial 126 with value: -0.000363295272717509.
[2025-12-14 12:13:31.986] ⚖️ Computing uniqueness weights for 9018 events... INFO
2025-12-14 12:13:31,986 - System.tprint - INFO - ℹ️ ⚖️ Computing uniqueness weights for 9018 events... INFO
[2025-12-14 12:13:31.997] ✅ Uniqueness weights computed. Mean: 1.0000, Min: 0.4374, Max: 1.3121 SUCCESS
2025-12-14 12:13:31,997 - System.tprint - INFO - ℹ️ ✅ Uniqueness weights computed. Mean: 1.0000, Min: 0.4374, Max: 1.3121 SUCCESS
[I 2025-12-14 12:13:32,869] Trial 440 finished with value: -0.007701232893739838 and parameters: {'trail_distance_atr_mult': 1.1590132165731317}. Best is trial 126 with value: -0.000363295272717509.
[2025-12-14 12:13:34.250] ⚖️ Computing uniqueness weights for 9018 events... INFO
2025-12-14 12:13:34,250 - System.tprint - INFO - ℹ️ ⚖️ Computing uniqueness weights for 9018 events... INFO
[2025-12-14 12:13:34.263] ✅ Uniqueness weights computed. Mean: 1.0000, Min: 0.4374, Max: 1.3121 SUCCESS
2025-12-14 12:13:34,263 - System.tprint - INFO - ℹ️ ✅ Uniqueness weights computed. Mean: 1.0000, Min: 0.4374, Max: 1.3121 SUCCESS
[I 2025-12-14 12:13:35,200] Trial 441 finished with value: -0.0077012829424775815 and parameters: {'trail_distance_atr_mult': 1.1497490650892563}. Best is trial 126 with value: -0.000363295272717509.
[2025-12-14 12:13:36.590] ⚖️ Computing uniqueness weights for 9018 events... INFO
2025-12-14 12:13:36,591 - System.tprint - INFO - ℹ️ ⚖️ Computing uniqueness weights for 9018 events... INFO
[2025-12-14 12:13:36.602] ✅ Uniqueness weights computed. Mean: 1.0000, Min: 0.4375, Max: 1.3124 SUCCESS
2025-12-14 12:13:36,602 - System.tprint - INFO - ℹ️ ✅ Uniqueness weights computed. Mean: 1.0000, Min: 0.4375, Max: 1.3124 SUCCESS
[I 2025-12-14 12:13:37,481] Trial 442 finished with value: -0.002995762126797564 and parameters: {'trail_distance_atr_mult': 1.3559238129440847}. Best is trial 126 with value: -0.000363295272717509.
[2025-12-14 12:13:38.898] ⚖️ Computing uniqueness weights for 9018 events... INFO
2025-12-14 12:13:38,899 - System.tprint - INFO - ℹ️ ⚖️ Computing uniqueness weights for 9018 events... INFO
[2025-12-14 12:13:38.910] ✅ Uniqueness weights computed. Mean: 1.0000, Min: 0.4375, Max: 1.3126 SUCCESS
2025-12-14 12:13:38,910 - System.tprint - INFO - ℹ️ ✅ Uniqueness weights computed. Mean: 1.0000, Min: 0.4375, Max: 1.3126 SUCCESS
[I 2025-12-14 12:13:39,785] Trial 443 finished with value: -0.0022708846460555328 and parameters: {'trail_distance_atr_mult': 1.5722929377665116}. Best is trial 126 with value: -0.000363295272717509.
[2025-12-14 12:13:41.182] ⚖️ Computing uniqueness weights for 9018 events... INFO
2025-12-14 12:13:41,182 - System.tprint - INFO - ℹ️ ⚖️ Computing uniqueness weights for 9018 events... INFO
[2025-12-14 12:13:41.193] ✅ Uniqueness weights computed. Mean: 1.0000, Min: 0.4376, Max: 1.3127 SUCCESS
2025-12-14 12:13:41,193 - System.tprint - INFO - ℹ️ ✅ Uniqueness weights computed. Mean: 1.0000, Min: 0.4376, Max: 1.3127 SUCCESS
[I 2025-12-14 12:13:42,069] Trial 444 finished with value: -0.0022707881907617937 and parameters: {'trail_distance_atr_mult': 1.5914805323902312}. Best is trial 126 with value: -0.000363295272717509.
[2025-12-14 12:13:43.445] ⚖️ Computing uniqueness weights for 9018 events... INFO
2025-12-14 12:13:43,445 - System.tprint - INFO - ℹ️ ⚖️ Computing uniqueness weights for 9018 events... INFO
[2025-12-14 12:13:43.456] ✅ Uniqueness weights computed. Mean: 1.0000, Min: 0.4377, Max: 1.3130 SUCCESS
2025-12-14 12:13:43,456 - System.tprint - INFO - ℹ️ ✅ Uniqueness weights computed. Mean: 1.0000, Min: 0.4377, Max: 1.3130 SUCCESS
[I 2025-12-14 12:13:44,329] Trial 445 finished with value: -0.0059318997888983096 and parameters: {'trail_distance_atr_mult': 1.7647880696437404}. Best is trial 126 with value: -0.000363295272717509.
[2025-12-14 12:13:45.712] ⚖️ Computing uniqueness weights for 9018 events... INFO
2025-12-14 12:13:45,712 - System.tprint - INFO - ℹ️ ⚖️ Computing uniqueness weights for 9018 events... INFO
[2025-12-14 12:13:45.723] ✅ Uniqueness weights computed. Mean: 1.0000, Min: 0.4374, Max: 1.3121 SUCCESS
2025-12-14 12:13:45,723 - System.tprint - INFO - ℹ️ ✅ Uniqueness weights computed. Mean: 1.0000, Min: 0.4374, Max: 1.3121 SUCCESS
[I 2025-12-14 12:13:46,639] Trial 446 finished with value: -0.007691621405520964 and parameters: {'trail_distance_atr_mult': 1.1621941698127232}. Best is trial 126 with value: -0.000363295272717509.
[2025-12-14 12:13:48.023] ⚖️ Computing uniqueness weights for 9018 events... INFO
2025-12-14 12:13:48,024 - System.tprint - INFO - ℹ️ ⚖️ Computing uniqueness weights for 9018 events... INFO
[2025-12-14 12:13:48.034] ✅ Uniqueness weights computed. Mean: 1.0000, Min: 0.4376, Max: 1.3127 SUCCESS
2025-12-14 12:13:48,034 - System.tprint - INFO - ℹ️ ✅ Uniqueness weights computed. Mean: 1.0000, Min: 0.4376, Max: 1.3127 SUCCESS
[I 2025-12-14 12:13:48,915] Trial 447 finished with value: -0.002270868518613771 and parameters: {'trail_distance_atr_mult': 1.5753442306539784}. Best is trial 126 with value: -0.000363295272717509.
[2025-12-14 12:13:50.337] ⚖️ Computing uniqueness weights for 9018 events... INFO
2025-12-14 12:13:50,337 - System.tprint - INFO - ℹ️ ⚖️ Computing uniqueness weights for 9018 events... INFO
[2025-12-14 12:13:50.348] ✅ Uniqueness weights computed. Mean: 1.0000, Min: 0.4376, Max: 1.3127 SUCCESS
2025-12-14 12:13:50,348 - System.tprint - INFO - ℹ️ ✅ Uniqueness weights computed. Mean: 1.0000, Min: 0.4376, Max: 1.3127 SUCCESS
[I 2025-12-14 12:13:51,226] Trial 448 finished with value: -0.0022708216374284886 and parameters: {'trail_distance_atr_mult': 1.5845803458151124}. Best is trial 126 with value: -0.000363295272717509.
[2025-12-14 12:13:52.610] ⚖️ Computing uniqueness weights for 9018 events... INFO
2025-12-14 12:13:52,610 - System.tprint - INFO - ℹ️ ⚖️ Computing uniqueness weights for 9018 events... INFO
[2025-12-14 12:13:52.620] ✅ Uniqueness weights computed. Mean: 1.0000, Min: 0.4376, Max: 1.3128 SUCCESS
2025-12-14 12:13:52,620 - System.tprint - INFO - ℹ️ ✅ Uniqueness weights computed. Mean: 1.0000, Min: 0.4376, Max: 1.3128 SUCCESS
[I 2025-12-14 12:13:53,496] Trial 449 finished with value: -0.0059914072939636995 and parameters: {'trail_distance_atr_mult': 1.633684386207004}. Best is trial 126 with value: -0.000363295272717509.
[2025-12-14 12:13:54.949] ⚖️ Computing uniqueness weights for 9018 events... INFO
2025-12-14 12:13:54,950 - System.tprint - INFO - ℹ️ ⚖️ Computing uniqueness weights for 9018 events... INFO
[2025-12-14 12:13:54.962] ✅ Uniqueness weights computed. Mean: 1.0000, Min: 0.4375, Max: 1.3125 SUCCESS
2025-12-14 12:13:54,962 - System.tprint - INFO - ℹ️ ✅ Uniqueness weights computed. Mean: 1.0000, Min: 0.4375, Max: 1.3125 SUCCESS
[I 2025-12-14 12:13:55,845] Trial 450 finished with value: -0.004818486022787727 and parameters: {'trail_distance_atr_mult': 1.4757833615032694}. Best is trial 126 with value: -0.000363295272717509.
[2025-12-14 12:13:57.230] ⚖️ Computing uniqueness weights for 9018 events... INFO
2025-12-14 12:13:57,231 - System.tprint - INFO - ℹ️ ⚖️ Computing uniqueness weights for 9018 events... INFO
[2025-12-14 12:13:57.242] ✅ Uniqueness weights computed. Mean: 1.0000, Min: 0.4377, Max: 1.3130 SUCCESS
2025-12-14 12:13:57,242 - System.tprint - INFO - ℹ️ ✅ Uniqueness weights computed. Mean: 1.0000, Min: 0.4377, Max: 1.3130 SUCCESS
[I 2025-12-14 12:13:58,113] Trial 451 finished with value: -0.009995851739240986 and parameters: {'trail_distance_atr_mult': 1.7548052808605328}. Best is trial 126 with value: -0.000363295272717509.
[2025-12-14 12:13:59.593] ⚖️ Computing uniqueness weights for 9018 events... INFO
2025-12-14 12:13:59,594 - System.tprint - INFO - ℹ️ ⚖️ Computing uniqueness weights for 9018 events... INFO
[2025-12-14 12:13:59.606] ✅ Uniqueness weights computed. Mean: 1.0000, Min: 0.4375, Max: 1.3125 SUCCESS
2025-12-14 12:13:59,606 - System.tprint - INFO - ℹ️ ✅ Uniqueness weights computed. Mean: 1.0000, Min: 0.4375, Max: 1.3125 SUCCESS
[I 2025-12-14 12:14:00,549] Trial 452 finished with value: -0.004402007839659627 and parameters: {'trail_distance_atr_mult': 1.4035411432409237}. Best is trial 126 with value: -0.000363295272717509.
[2025-12-14 12:14:01.946] ⚖️ Computing uniqueness weights for 9018 events... INFO
2025-12-14 12:14:01,946 - System.tprint - INFO - ℹ️ ⚖️ Computing uniqueness weights for 9018 events... INFO
[2025-12-14 12:14:01.957] ✅ Uniqueness weights computed. Mean: 1.0000, Min: 0.4376, Max: 1.3127 SUCCESS
2025-12-14 12:14:01,957 - System.tprint - INFO - ℹ️ ✅ Uniqueness weights computed. Mean: 1.0000, Min: 0.4376, Max: 1.3127 SUCCESS
[I 2025-12-14 12:14:02,843] Trial 453 finished with value: -0.00419561386299176 and parameters: {'trail_distance_atr_mult': 1.6091430441096246}. Best is trial 126 with value: -0.000363295272717509.
[2025-12-14 12:14:04.224] ⚖️ Computing uniqueness weights for 9018 events... INFO
2025-12-14 12:14:04,224 - System.tprint - INFO - ℹ️ ⚖️ Computing uniqueness weights for 9018 events... INFO
[2025-12-14 12:14:04.235] ✅ Uniqueness weights computed. Mean: 1.0000, Min: 0.4375, Max: 1.3126 SUCCESS
2025-12-14 12:14:04,236 - System.tprint - INFO - ℹ️ ✅ Uniqueness weights computed. Mean: 1.0000, Min: 0.4375, Max: 1.3126 SUCCESS
