[I 2025-12-14 12:22:22,428] Trial 664 finished with value: -0.005709931028170254 and parameters: {'trail_distance_atr_mult': 1.7183414559700692}. Best is trial 126 with value: -0.000363295272717509.
[2025-12-14 12:22:23.849] ⚖️ Computing uniqueness weights for 9018 events... INFO
2025-12-14 12:22:23,849 - System.tprint - INFO - ℹ️ ⚖️ Computing uniqueness weights for 9018 events... INFO
[2025-12-14 12:22:23.860] ✅ Uniqueness weights computed. Mean: 1.0000, Min: 0.4375, Max: 1.3125 SUCCESS
2025-12-14 12:22:23,860 - System.tprint - INFO - ℹ️ ✅ Uniqueness weights computed. Mean: 1.0000, Min: 0.4375, Max: 1.3125 SUCCESS
[I 2025-12-14 12:22:24,752] Trial 665 finished with value: -0.00418737968976819 and parameters: {'trail_distance_atr_mult': 1.4574398783558866}. Best is trial 126 with value: -0.000363295272717509.
[2025-12-14 12:22:26.265] ⚖️ Computing uniqueness weights for 9018 events... INFO
2025-12-14 12:22:26,266 - System.tprint - INFO - ℹ️ ⚖️ Computing uniqueness weights for 9018 events... INFO
[2025-12-14 12:22:26.279] ✅ Uniqueness weights computed. Mean: 1.0000, Min: 0.4376, Max: 1.3127 SUCCESS
2025-12-14 12:22:26,279 - System.tprint - INFO - ℹ️ ✅ Uniqueness weights computed. Mean: 1.0000, Min: 0.4376, Max: 1.3127 SUCCESS
[I 2025-12-14 12:22:27,231] Trial 666 finished with value: -0.003172271293013682 and parameters: {'trail_distance_atr_mult': 1.6047765288467806}. Best is trial 126 with value: -0.000363295272717509.
[2025-12-14 12:22:28.708] ⚖️ Computing uniqueness weights for 9018 events... INFO
2025-12-14 12:22:28,708 - System.tprint - INFO - ℹ️ ⚖️ Computing uniqueness weights for 9018 events... INFO
[2025-12-14 12:22:28.719] ✅ Uniqueness weights computed. Mean: 1.0000, Min: 0.4375, Max: 1.3125 SUCCESS
2025-12-14 12:22:28,719 - System.tprint - INFO - ℹ️ ✅ Uniqueness weights computed. Mean: 1.0000, Min: 0.4375, Max: 1.3125 SUCCESS
[I 2025-12-14 12:22:29,619] Trial 667 finished with value: -0.004401983523890306 and parameters: {'trail_distance_atr_mult': 1.3987735751532384}. Best is trial 126 with value: -0.000363295272717509.
[2025-12-14 12:22:31.049] ⚖️ Computing uniqueness weights for 9018 events... INFO
2025-12-14 12:22:31,049 - System.tprint - INFO - ℹ️ ⚖️ Computing uniqueness weights for 9018 events... INFO
[2025-12-14 12:22:31.060] ✅ Uniqueness weights computed. Mean: 1.0000, Min: 0.4377, Max: 1.3130 SUCCESS
2025-12-14 12:22:31,060 - System.tprint - INFO - ℹ️ ✅ Uniqueness weights computed. Mean: 1.0000, Min: 0.4377, Max: 1.3130 SUCCESS
[I 2025-12-14 12:22:31,955] Trial 668 finished with value: -0.005931949374379255 and parameters: {'trail_distance_atr_mult': 1.7702301105383718}. Best is trial 126 with value: -0.000363295272717509.
[2025-12-14 12:22:33.412] ⚖️ Computing uniqueness weights for 9018 events... INFO
2025-12-14 12:22:33,412 - System.tprint - INFO - ℹ️ ⚖️ Computing uniqueness weights for 9018 events... INFO
[2025-12-14 12:22:33.424] ✅ Uniqueness weights computed. Mean: 1.0000, Min: 0.4375, Max: 1.3126 SUCCESS
2025-12-14 12:22:33,424 - System.tprint - INFO - ℹ️ ✅ Uniqueness weights computed. Mean: 1.0000, Min: 0.4375, Max: 1.3126 SUCCESS
[I 2025-12-14 12:22:34,302] Trial 669 finished with value: -0.0022697950939099855 and parameters: {'trail_distance_atr_mult': 1.5508512851184744}. Best is trial 126 with value: -0.000363295272717509.
[2025-12-14 12:22:35.734] ⚖️ Computing uniqueness weights for 9018 events... INFO
2025-12-14 12:22:35,734 - System.tprint - INFO - ℹ️ ⚖️ Computing uniqueness weights for 9018 events... INFO
[2025-12-14 12:22:35.747] ✅ Uniqueness weights computed. Mean: 1.0000, Min: 0.4375, Max: 1.3126 SUCCESS
2025-12-14 12:22:35,747 - System.tprint - INFO - ℹ️ ✅ Uniqueness weights computed. Mean: 1.0000, Min: 0.4375, Max: 1.3126 SUCCESS
[I 2025-12-14 12:22:36,684] Trial 670 finished with value: -0.002270935967258571 and parameters: {'trail_distance_atr_mult': 1.5629124128444036}. Best is trial 126 with value: -0.000363295272717509.
[2025-12-14 12:22:38.316] ⚖️ Computing uniqueness weights for 9018 events... INFO
2025-12-14 12:22:38,317 - System.tprint - INFO - ℹ️ ⚖️ Computing uniqueness weights for 9018 events... INFO
[2025-12-14 12:22:38.328] ✅ Uniqueness weights computed. Mean: 1.0000, Min: 0.4375, Max: 1.3126 SUCCESS
2025-12-14 12:22:38,328 - System.tprint - INFO - ℹ️ ✅ Uniqueness weights computed. Mean: 1.0000, Min: 0.4375, Max: 1.3126 SUCCESS
[I 2025-12-14 12:22:39,318] Trial 671 finished with value: -0.0033266432413794947 and parameters: {'trail_distance_atr_mult': 1.5157336949195495}. Best is trial 126 with value: -0.000363295272717509.
[2025-12-14 12:22:40.992] ⚖️ Computing uniqueness weights for 9018 events... INFO
2025-12-14 12:22:40,992 - System.tprint - INFO - ℹ️ ⚖️ Computing uniqueness weights for 9018 events... INFO
[2025-12-14 12:22:41.006] ✅ Uniqueness weights computed. Mean: 1.0000, Min: 0.4376, Max: 1.3129 SUCCESS
2025-12-14 12:22:41,006 - System.tprint - INFO - ℹ️ ✅ Uniqueness weights computed. Mean: 1.0000, Min: 0.4376, Max: 1.3129 SUCCESS
[I 2025-12-14 12:22:41,987] Trial 672 finished with value: -0.0037497532800476996 and parameters: {'trail_distance_atr_mult': 1.6651646171417298}. Best is trial 126 with value: -0.000363295272717509.
[2025-12-14 12:22:43.597] ⚖️ Computing uniqueness weights for 9018 events... INFO
2025-12-14 12:22:43,597 - System.tprint - INFO - ℹ️ ⚖️ Computing uniqueness weights for 9018 events... INFO
[2025-12-14 12:22:43.608] ✅ Uniqueness weights computed. Mean: 1.0000, Min: 0.4375, Max: 1.3125 SUCCESS
2025-12-14 12:22:43,608 - System.tprint - INFO - ℹ️ ✅ Uniqueness weights computed. Mean: 1.0000, Min: 0.4375, Max: 1.3125 SUCCESS
[I 2025-12-14 12:22:44,527] Trial 673 finished with value: -0.002995746815306015 and parameters: {'trail_distance_atr_mult': 1.3807887300799417}. Best is trial 126 with value: -0.000363295272717509.
[2025-12-14 12:22:46.170] ⚖️ Computing uniqueness weights for 9018 events... INFO
2025-12-14 12:22:46,170 - System.tprint - INFO - ℹ️ ⚖️ Computing uniqueness weights for 9018 events... INFO
[2025-12-14 12:22:46.182] ✅ Uniqueness weights computed. Mean: 1.0000, Min: 0.4376, Max: 1.3128 SUCCESS
2025-12-14 12:22:46,182 - System.tprint - INFO - ℹ️ ✅ Uniqueness weights computed. Mean: 1.0000, Min: 0.4376, Max: 1.3128 SUCCESS
[I 2025-12-14 12:22:47,203] Trial 674 finished with value: -0.005991422045555719 and parameters: {'trail_distance_atr_mult': 1.6341432606339705}. Best is trial 126 with value: -0.000363295272717509.
[2025-12-14 12:22:48.992] ⚖️ Computing uniqueness weights for 9018 events... INFO
2025-12-14 12:22:48,993 - System.tprint - INFO - ℹ️ ⚖️ Computing uniqueness weights for 9018 events... INFO
[2025-12-14 12:22:49.007] ✅ Uniqueness weights computed. Mean: 1.0000, Min: 0.4375, Max: 1.3125 SUCCESS
2025-12-14 12:22:49,007 - System.tprint - INFO - ℹ️ ✅ Uniqueness weights computed. Mean: 1.0000, Min: 0.4375, Max: 1.3125 SUCCESS
[I 2025-12-14 12:22:49,991] Trial 675 finished with value: -0.002995745960532815 and parameters: {'trail_distance_atr_mult': 1.3798642046231078}. Best is trial 126 with value: -0.000363295272717509.
[2025-12-14 12:22:51.412] ⚖️ Computing uniqueness weights for 9018 events... INFO
2025-12-14 12:22:51,412 - System.tprint - INFO - ℹ️ ⚖️ Computing uniqueness weights for 9018 events... INFO
[2025-12-14 12:22:51.424] ✅ Uniqueness weights computed. Mean: 1.0000, Min: 0.4377, Max: 1.3131 SUCCESS
2025-12-14 12:22:51,425 - System.tprint - INFO - ℹ️ ✅ Uniqueness weights computed. Mean: 1.0000, Min: 0.4377, Max: 1.3131 SUCCESS
[I 2025-12-14 12:22:52,338] Trial 676 finished with value: -0.0057821486403164205 and parameters: {'trail_distance_atr_mult': 1.8244661769523312}. Best is trial 126 with value: -0.000363295272717509.
[2025-12-14 12:22:53.800] ⚖️ Computing uniqueness weights for 9018 events... INFO
2025-12-14 12:22:53,800 - System.tprint - INFO - ℹ️ ⚖️ Computing uniqueness weights for 9018 events... INFO
[2025-12-14 12:22:53.813] ✅ Uniqueness weights computed. Mean: 1.0000, Min: 0.4375, Max: 1.3126 SUCCESS
2025-12-14 12:22:53,814 - System.tprint - INFO - ℹ️ ✅ Uniqueness weights computed. Mean: 1.0000, Min: 0.4375, Max: 1.3126 SUCCESS
[I 2025-12-14 12:22:54,689] Trial 677 finished with value: -0.0027005739078117927 and parameters: {'trail_distance_atr_mult': 1.542575158589693}. Best is trial 126 with value: -0.000363295272717509.
[2025-12-14 12:22:56.130] ⚖️ Computing uniqueness weights for 9018 events... INFO
2025-12-14 12:22:56,130 - System.tprint - INFO - ℹ️ ⚖️ Computing uniqueness weights for 9018 events... INFO
[2025-12-14 12:22:56.142] ✅ Uniqueness weights computed. Mean: 1.0000, Min: 0.4375, Max: 1.3124 SUCCESS
2025-12-14 12:22:56,142 - System.tprint - INFO - ℹ️ ✅ Uniqueness weights computed. Mean: 1.0000, Min: 0.4375, Max: 1.3124 SUCCESS
[I 2025-12-14 12:22:57,034] Trial 678 finished with value: -0.0003632964356940593 and parameters: {'trail_distance_atr_mult': 1.2711147923729633}. Best is trial 126 with value: -0.000363295272717509.
[2025-12-14 12:22:58.590] ⚖️ Computing uniqueness weights for 9018 events... INFO
2025-12-14 12:22:58,591 - System.tprint - INFO - ℹ️ ⚖️ Computing uniqueness weights for 9018 events... INFO
[2025-12-14 12:22:58.608] ✅ Uniqueness weights computed. Mean: 1.0000, Min: 0.4375, Max: 1.3124 SUCCESS
2025-12-14 12:22:58,608 - System.tprint - INFO - ℹ️ ✅ Uniqueness weights computed. Mean: 1.0000, Min: 0.4375, Max: 1.3124 SUCCESS
[I 2025-12-14 12:22:59,848] Trial 679 finished with value: -0.002268544814973387 and parameters: {'trail_distance_atr_mult': 1.2571180385374623}. Best is trial 126 with value: -0.000363295272717509.
[2025-12-14 12:23:01.434] ⚖️ Computing uniqueness weights for 9018 events... INFO
2025-12-14 12:23:01,434 - System.tprint - INFO - ℹ️ ⚖️ Computing uniqueness weights for 9018 events... INFO
[2025-12-14 12:23:01.450] ✅ Uniqueness weights computed. Mean: 1.0000, Min: 0.4374, Max: 1.3121 SUCCESS
2025-12-14 12:23:01,450 - System.tprint - INFO - ℹ️ ✅ Uniqueness weights computed. Mean: 1.0000, Min: 0.4374, Max: 1.3121 SUCCESS
[I 2025-12-14 12:23:02,782] Trial 680 finished with value: -0.007701243492485548 and parameters: {'trail_distance_atr_mult': 1.1570169070737775}. Best is trial 126 with value: -0.000363295272717509.
[2025-12-14 12:23:04.184] ⚖️ Computing uniqueness weights for 9018 events... INFO
2025-12-14 12:23:04,184 - System.tprint - INFO - ℹ️ ⚖️ Computing uniqueness weights for 9018 events... INFO
[2025-12-14 12:23:04.195] ✅ Uniqueness weights computed. Mean: 1.0000, Min: 0.4374, Max: 1.3122 SUCCESS
2025-12-14 12:23:04,195 - System.tprint - INFO - ℹ️ ✅ Uniqueness weights computed. Mean: 1.0000, Min: 0.4374, Max: 1.3122 SUCCESS
[I 2025-12-14 12:23:05,089] Trial 681 finished with value: -0.0032650268918568677 and parameters: {'trail_distance_atr_mult': 1.2135041765089511}. Best is trial 126 with value: -0.000363295272717509.
[2025-12-14 12:23:06.652] ⚖️ Computing uniqueness weights for 9018 events... INFO
2025-12-14 12:23:06,652 - System.tprint - INFO - ℹ️ ⚖️ Computing uniqueness weights for 9018 events... INFO
[2025-12-14 12:23:06.668] ✅ Uniqueness weights computed. Mean: 1.0000, Min: 0.4374, Max: 1.3123 SUCCESS
2025-12-14 12:23:06,668 - System.tprint - INFO - ℹ️ ✅ Uniqueness weights computed. Mean: 1.0000, Min: 0.4374, Max: 1.3123 SUCCESS
[I 2025-12-14 12:23:07,833] Trial 682 finished with value: -0.004487249945950971 and parameters: {'trail_distance_atr_mult': 1.223379492671475}. Best is trial 126 with value: -0.000363295272717509.
[2025-12-14 12:23:09.269] ⚖️ Computing uniqueness weights for 9018 events... INFO
2025-12-14 12:23:09,269 - System.tprint - INFO - ℹ️ ⚖️ Computing uniqueness weights for 9018 events... INFO
[2025-12-14 12:23:09.280] ✅ Uniqueness weights computed. Mean: 1.0000, Min: 0.4374, Max: 1.3121 SUCCESS
2025-12-14 12:23:09,280 - System.tprint - INFO - ℹ️ ✅ Uniqueness weights computed. Mean: 1.0000, Min: 0.4374, Max: 1.3121 SUCCESS
[I 2025-12-14 12:23:10,172] Trial 683 finished with value: -0.00770232878873269 and parameters: {'trail_distance_atr_mult': 1.1427637276801204}. Best is trial 126 with value: -0.000363295272717509.
[2025-12-14 12:23:11.584] ⚖️ Computing uniqueness weights for 9018 events... INFO
2025-12-14 12:23:11,584 - System.tprint - INFO - ℹ️ ⚖️ Computing uniqueness weights for 9018 events... INFO
[2025-12-14 12:23:11.595] ✅ Uniqueness weights computed. Mean: 1.0000, Min: 0.4375, Max: 1.3124 SUCCESS
2025-12-14 12:23:11,595 - System.tprint - INFO - ℹ️ ✅ Uniqueness weights computed. Mean: 1.0000, Min: 0.4375, Max: 1.3124 SUCCESS
[I 2025-12-14 12:23:12,506] Trial 684 finished with value: -0.002268541233820279 and parameters: {'trail_distance_atr_mult': 1.2579316041375195}. Best is trial 126 with value: -0.000363295272717509.
[2025-12-14 12:23:13.914] ⚖️ Computing uniqueness weights for 9018 events... INFO
2025-12-14 12:23:13,914 - System.tprint - INFO - ℹ️ ⚖️ Computing uniqueness weights for 9018 events... INFO
[2025-12-14 12:23:13.926] ✅ Uniqueness weights computed. Mean: 1.0000, Min: 0.4374, Max: 1.3121 SUCCESS
2025-12-14 12:23:13,926 - System.tprint - INFO - ℹ️ ✅ Uniqueness weights computed. Mean: 1.0000, Min: 0.4374, Max: 1.3121 SUCCESS
[I 2025-12-14 12:23:14,805] Trial 685 finished with value: -0.007529577371299269 and parameters: {'trail_distance_atr_mult': 1.1666454337606837}. Best is trial 126 with value: -0.000363295272717509.
[2025-12-14 12:23:16.214] ⚖️ Computing uniqueness weights for 9018 events... INFO
2025-12-14 12:23:16,215 - System.tprint - INFO - ℹ️ ⚖️ Computing uniqueness weights for 9018 events... INFO
[2025-12-14 12:23:16.226] ✅ Uniqueness weights computed. Mean: 1.0000, Min: 0.4374, Max: 1.3123 SUCCESS
2025-12-14 12:23:16,227 - System.tprint - INFO - ℹ️ ✅ Uniqueness weights computed. Mean: 1.0000, Min: 0.4374, Max: 1.3123 SUCCESS
[I 2025-12-14 12:23:17,117] Trial 686 finished with value: -0.004487234798432133 and parameters: {'trail_distance_atr_mult': 1.2246433897532487}. Best is trial 126 with value: -0.000363295272717509.
[2025-12-14 12:23:18.538] ⚖️ Computing uniqueness weights for 9018 events... INFO
2025-12-14 12:23:18,538 - System.tprint - INFO - ℹ️ ⚖️ Computing uniqueness weights for 9018 events... INFO
[2025-12-14 12:23:18.548] ✅ Uniqueness weights computed. Mean: 1.0000, Min: 0.4374, Max: 1.3121 SUCCESS
2025-12-14 12:23:18,548 - System.tprint - INFO - ℹ️ ✅ Uniqueness weights computed. Mean: 1.0000, Min: 0.4374, Max: 1.3121 SUCCESS
[I 2025-12-14 12:23:19,436] Trial 687 finished with value: -0.007445840855344675 and parameters: {'trail_distance_atr_mult': 1.1688776804294196}. Best is trial 126 with value: -0.000363295272717509.
[2025-12-14 12:23:20.956] ⚖️ Computing uniqueness weights for 9018 events... INFO
2025-12-14 12:23:20,956 - System.tprint - INFO - ℹ️ ⚖️ Computing uniqueness weights for 9018 events... INFO
[2025-12-14 12:23:20.970] ✅ Uniqueness weights computed. Mean: 1.0000, Min: 0.4375, Max: 1.3124 SUCCESS
2025-12-14 12:23:20,970 - System.tprint - INFO - ℹ️ ✅ Uniqueness weights computed. Mean: 1.0000, Min: 0.4375, Max: 1.3124 SUCCESS
[I 2025-12-14 12:23:21,889] Trial 688 finished with value: -0.004683466197389692 and parameters: {'trail_distance_atr_mult': 1.2937521131017433}. Best is trial 126 with value: -0.000363295272717509.
[2025-12-14 12:23:23.314] ⚖️ Computing uniqueness weights for 9018 events... INFO
2025-12-14 12:23:23,314 - System.tprint - INFO - ℹ️ ⚖️ Computing uniqueness weights for 9018 events... INFO
[2025-12-14 12:23:23.326] ✅ Uniqueness weights computed. Mean: 1.0000, Min: 0.4375, Max: 1.3124 SUCCESS
2025-12-14 12:23:23,326 - System.tprint - INFO - ℹ️ ✅ Uniqueness weights computed. Mean: 1.0000, Min: 0.4375, Max: 1.3124 SUCCESS
[I 2025-12-14 12:23:24,215] Trial 689 finished with value: -0.0056882730196254365 and parameters: {'trail_distance_atr_mult': 1.2776626663895634}. Best is trial 126 with value: -0.000363295272717509.
[2025-12-14 12:23:25.682] ⚖️ Computing uniqueness weights for 9018 events... INFO
2025-12-14 12:23:25,682 - System.tprint - INFO - ℹ️ ⚖️ Computing uniqueness weights for 9018 events... INFO
[2025-12-14 12:23:25.694] ✅ Uniqueness weights computed. Mean: 1.0000, Min: 0.4372, Max: 1.3117 SUCCESS
2025-12-14 12:23:25,694 - System.tprint - INFO - ℹ️ ✅ Uniqueness weights computed. Mean: 1.0000, Min: 0.4372, Max: 1.3117 SUCCESS
[I 2025-12-14 12:23:26,578] Trial 690 finished with value: -0.007546852514577222 and parameters: {'trail_distance_atr_mult': 0.5856618220843606}. Best is trial 126 with value: -0.000363295272717509.
[2025-12-14 12:23:27.997] ⚖️ Computing uniqueness weights for 9018 events... INFO
2025-12-14 12:23:27,997 - System.tprint - INFO - ℹ️ ⚖️ Computing uniqueness weights for 9018 events... INFO
[2025-12-14 12:23:28.009] ✅ Uniqueness weights computed. Mean: 1.0000, Min: 0.4375, Max: 1.3124 SUCCESS
2025-12-14 12:23:28,009 - System.tprint - INFO - ℹ️ ✅ Uniqueness weights computed. Mean: 1.0000, Min: 0.4375, Max: 1.3124 SUCCESS
[I 2025-12-14 12:23:28,898] Trial 691 finished with value: -0.004683757840990526 and parameters: {'trail_distance_atr_mult': 1.29230174676562}. Best is trial 126 with value: -0.000363295272717509.
[2025-12-14 12:23:30.325] ⚖️ Computing uniqueness weights for 9018 events... INFO
2025-12-14 12:23:30,325 - System.tprint - INFO - ℹ️ ⚖️ Computing uniqueness weights for 9018 events... INFO
[2025-12-14 12:23:30.336] ✅ Uniqueness weights computed. Mean: 1.0000, Min: 0.4373, Max: 1.3118 SUCCESS
2025-12-14 12:23:30,336 - System.tprint - INFO - ℹ️ ✅ Uniqueness weights computed. Mean: 1.0000, Min: 0.4373, Max: 1.3118 SUCCESS
[I 2025-12-14 12:23:31,280] Trial 692 finished with value: -0.00677841850900711 and parameters: {'trail_distance_atr_mult': 0.9513361332284405}. Best is trial 126 with value: -0.000363295272717509.
[2025-12-14 12:23:32.730] ⚖️ Computing uniqueness weights for 9018 events... INFO
2025-12-14 12:23:32,731 - System.tprint - INFO - ℹ️ ⚖️ Computing uniqueness weights for 9018 events... INFO
[2025-12-14 12:23:32.742] ✅ Uniqueness weights computed. Mean: 1.0000, Min: 0.4375, Max: 1.3124 SUCCESS
2025-12-14 12:23:32,742 - System.tprint - INFO - ℹ️ ✅ Uniqueness weights computed. Mean: 1.0000, Min: 0.4375, Max: 1.3124 SUCCESS
[I 2025-12-14 12:23:33,633] Trial 693 finished with value: -0.0058359175785554045 and parameters: {'trail_distance_atr_mult': 1.3019107686776625}. Best is trial 126 with value: -0.000363295272717509.
[2025-12-14 12:23:35.042] ⚖️ Computing uniqueness weights for 9018 events... INFO
2025-12-14 12:23:35,043 - System.tprint - INFO - ℹ️ ⚖️ Computing uniqueness weights for 9018 events... INFO
[2025-12-14 12:23:35.054] ✅ Uniqueness weights computed. Mean: 1.0000, Min: 0.4375, Max: 1.3124 SUCCESS
2025-12-14 12:23:35,055 - System.tprint - INFO - ℹ️ ✅ Uniqueness weights computed. Mean: 1.0000, Min: 0.4375, Max: 1.3124 SUCCESS
[I 2025-12-14 12:23:35,952] Trial 694 finished with value: -0.003237368032481524 and parameters: {'trail_distance_atr_mult': 1.3396482630326603}. Best is trial 126 with value: -0.000363295272717509.
[2025-12-14 12:23:37.379] ⚖️ Computing uniqueness weights for 9018 events... INFO
2025-12-14 12:23:37,379 - System.tprint - INFO - ℹ️ ⚖️ Computing uniqueness weights for 9018 events... INFO
[2025-12-14 12:23:37.392] ✅ Uniqueness weights computed. Mean: 1.0000, Min: 0.4375, Max: 1.3124 SUCCESS
2025-12-14 12:23:37,392 - System.tprint - INFO - ℹ️ ✅ Uniqueness weights computed. Mean: 1.0000, Min: 0.4375, Max: 1.3124 SUCCESS
[I 2025-12-14 12:23:38,291] Trial 695 finished with value: -0.0032373676300584474 and parameters: {'trail_distance_atr_mult': 1.340669071527979}. Best is trial 126 with value: -0.000363295272717509.
[2025-12-14 12:23:39.682] ⚖️ Computing uniqueness weights for 9018 events... INFO
2025-12-14 12:23:39,682 - System.tprint - INFO - ℹ️ ⚖️ Computing uniqueness weights for 9018 events... INFO
[2025-12-14 12:23:39.693] ✅ Uniqueness weights computed. Mean: 1.0000, Min: 0.4375, Max: 1.3125 SUCCESS
2025-12-14 12:23:39,693 - System.tprint - INFO - ℹ️ ✅ Uniqueness weights computed. Mean: 1.0000, Min: 0.4375, Max: 1.3125 SUCCESS
[I 2025-12-14 12:23:40,599] Trial 696 finished with value: -0.004401961970477489 and parameters: {'trail_distance_atr_mult': 1.3944433720001197}. Best is trial 126 with value: -0.000363295272717509.
[2025-12-14 12:23:42.001] ⚖️ Computing uniqueness weights for 9018 events... INFO
2025-12-14 12:23:42,001 - System.tprint - INFO - ℹ️ ⚖️ Computing uniqueness weights for 9018 events... INFO
[2025-12-14 12:23:42.011] ✅ Uniqueness weights computed. Mean: 1.0000, Min: 0.4375, Max: 1.3125 SUCCESS
2025-12-14 12:23:42,011 - System.tprint - INFO - ℹ️ ✅ Uniqueness weights computed. Mean: 1.0000, Min: 0.4375, Max: 1.3125 SUCCESS
[I 2025-12-14 12:23:42,934] Trial 697 finished with value: -0.003949613916093663 and parameters: {'trail_distance_atr_mult': 1.4271488945150357}. Best is trial 126 with value: -0.000363295272717509.
[2025-12-14 12:23:44.345] ⚖️ Computing uniqueness weights for 9018 events... INFO
2025-12-14 12:23:44,345 - System.tprint - INFO - ℹ️ ⚖️ Computing uniqueness weights for 9018 events... INFO
[2025-12-14 12:23:44.356] ✅ Uniqueness weights computed. Mean: 1.0000, Min: 0.4373, Max: 1.3120 SUCCESS
2025-12-14 12:23:44,356 - System.tprint - INFO - ℹ️ ✅ Uniqueness weights computed. Mean: 1.0000, Min: 0.4373, Max: 1.3120 SUCCESS
[I 2025-12-14 12:23:45,248] Trial 698 finished with value: -0.00752726019584064 and parameters: {'trail_distance_atr_mult': 1.0661887135640373}. Best is trial 126 with value: -0.000363295272717509.
[2025-12-14 12:23:46.639] ⚖️ Computing uniqueness weights for 9018 events... INFO
2025-12-14 12:23:46,639 - System.tprint - INFO - ℹ️ ⚖️ Computing uniqueness weights for 9018 events... INFO
[2025-12-14 12:23:46.652] ✅ Uniqueness weights computed. Mean: 1.0000, Min: 0.4377, Max: 1.3131 SUCCESS
2025-12-14 12:23:46,652 - System.tprint - INFO - ℹ️ ✅ Uniqueness weights computed. Mean: 1.0000, Min: 0.4377, Max: 1.3131 SUCCESS
