[I 2025-12-14 12:54:44,565] Trial 1539 finished with value: -0.007546852514577222 and parameters: {'trail_distance_atr_mult': 0.627123868083544}. Best is trial 126 with value: -0.000363295272717509.
[2025-12-14 12:54:45.911] ⚖️ Computing uniqueness weights for 9018 events... INFO
2025-12-14 12:54:45,911 - System.tprint - INFO - ℹ️ ⚖️ Computing uniqueness weights for 9018 events... INFO
[2025-12-14 12:54:45.924] ✅ Uniqueness weights computed. Mean: 1.0000, Min: 0.4372, Max: 1.3117 SUCCESS
2025-12-14 12:54:45,924 - System.tprint - INFO - ℹ️ ✅ Uniqueness weights computed. Mean: 1.0000, Min: 0.4372, Max: 1.3117 SUCCESS
[I 2025-12-14 12:54:46,733] Trial 1540 finished with value: -0.007321828937469562 and parameters: {'trail_distance_atr_mult': 0.5611967313176539}. Best is trial 126 with value: -0.000363295272717509.
[2025-12-14 12:54:47.907] ⚖️ Computing uniqueness weights for 9018 events... INFO
2025-12-14 12:54:47,907 - System.tprint - INFO - ℹ️ ⚖️ Computing uniqueness weights for 9018 events... INFO
[2025-12-14 12:54:47.917] ✅ Uniqueness weights computed. Mean: 1.0000, Min: 0.4372, Max: 1.3117 SUCCESS
2025-12-14 12:54:47,917 - System.tprint - INFO - ℹ️ ✅ Uniqueness weights computed. Mean: 1.0000, Min: 0.4372, Max: 1.3117 SUCCESS
[I 2025-12-14 12:54:48,614] Trial 1541 finished with value: -0.007546852514577222 and parameters: {'trail_distance_atr_mult': 0.6343585321241767}. Best is trial 126 with value: -0.000363295272717509.
[2025-12-14 12:54:49.800] ⚖️ Computing uniqueness weights for 9018 events... INFO
2025-12-14 12:54:49,800 - System.tprint - INFO - ℹ️ ⚖️ Computing uniqueness weights for 9018 events... INFO
[2025-12-14 12:54:49.810] ✅ Uniqueness weights computed. Mean: 1.0000, Min: 0.4372, Max: 1.3117 SUCCESS
2025-12-14 12:54:49,810 - System.tprint - INFO - ℹ️ ✅ Uniqueness weights computed. Mean: 1.0000, Min: 0.4372, Max: 1.3117 SUCCESS
[I 2025-12-14 12:54:50,471] Trial 1542 finished with value: -0.007546852514577222 and parameters: {'trail_distance_atr_mult': 0.6322645436677053}. Best is trial 126 with value: -0.000363295272717509.
[2025-12-14 12:54:51.688] ⚖️ Computing uniqueness weights for 9018 events... INFO
2025-12-14 12:54:51,689 - System.tprint - INFO - ℹ️ ⚖️ Computing uniqueness weights for 9018 events... INFO
[2025-12-14 12:54:51.699] ✅ Uniqueness weights computed. Mean: 1.0000, Min: 0.4373, Max: 1.3118 SUCCESS
2025-12-14 12:54:51,699 - System.tprint - INFO - ℹ️ ✅ Uniqueness weights computed. Mean: 1.0000, Min: 0.4373, Max: 1.3118 SUCCESS
[I 2025-12-14 12:54:52,353] Trial 1543 finished with value: -0.006654655457128616 and parameters: {'trail_distance_atr_mult': 0.819285098390063}. Best is trial 126 with value: -0.000363295272717509.
[2025-12-14 12:54:53.547] ⚖️ Computing uniqueness weights for 9018 events... INFO
2025-12-14 12:54:53,547 - System.tprint - INFO - ℹ️ ⚖️ Computing uniqueness weights for 9018 events... INFO
[2025-12-14 12:54:53.557] ✅ Uniqueness weights computed. Mean: 1.0000, Min: 0.4372, Max: 1.3117 SUCCESS
2025-12-14 12:54:53,557 - System.tprint - INFO - ℹ️ ✅ Uniqueness weights computed. Mean: 1.0000, Min: 0.4372, Max: 1.3117 SUCCESS
[I 2025-12-14 12:54:54,192] Trial 1544 finished with value: -0.007479331783459741 and parameters: {'trail_distance_atr_mult': 0.6745919308092075}. Best is trial 126 with value: -0.000363295272717509.
[2025-12-14 12:54:55.405] ⚖️ Computing uniqueness weights for 9018 events... INFO
2025-12-14 12:54:55,405 - System.tprint - INFO - ℹ️ ⚖️ Computing uniqueness weights for 9018 events... INFO
[2025-12-14 12:54:55.415] ✅ Uniqueness weights computed. Mean: 1.0000, Min: 0.4372, Max: 1.3117 SUCCESS
2025-12-14 12:54:55,415 - System.tprint - INFO - ℹ️ ✅ Uniqueness weights computed. Mean: 1.0000, Min: 0.4372, Max: 1.3117 SUCCESS
[I 2025-12-14 12:54:56,082] Trial 1545 finished with value: -0.007546852514577222 and parameters: {'trail_distance_atr_mult': 0.6256378976076876}. Best is trial 126 with value: -0.000363295272717509.
[2025-12-14 12:54:57.342] ⚖️ Computing uniqueness weights for 9018 events... INFO
2025-12-14 12:54:57,342 - System.tprint - INFO - ℹ️ ⚖️ Computing uniqueness weights for 9018 events... INFO
[2025-12-14 12:54:57.353] ✅ Uniqueness weights computed. Mean: 1.0000, Min: 0.4372, Max: 1.3117 SUCCESS
2025-12-14 12:54:57,354 - System.tprint - INFO - ℹ️ ✅ Uniqueness weights computed. Mean: 1.0000, Min: 0.4372, Max: 1.3117 SUCCESS
[I 2025-12-14 12:54:58,065] Trial 1546 finished with value: -0.0034849037732859996 and parameters: {'trail_distance_atr_mult': 0.6422245224306178}. Best is trial 126 with value: -0.000363295272717509.
[2025-12-14 12:54:59.292] ⚖️ Computing uniqueness weights for 9018 events... INFO
2025-12-14 12:54:59,292 - System.tprint - INFO - ℹ️ ⚖️ Computing uniqueness weights for 9018 events... INFO
[2025-12-14 12:54:59.302] ✅ Uniqueness weights computed. Mean: 1.0000, Min: 0.4372, Max: 1.3117 SUCCESS
2025-12-14 12:54:59,302 - System.tprint - INFO - ℹ️ ✅ Uniqueness weights computed. Mean: 1.0000, Min: 0.4372, Max: 1.3117 SUCCESS
[I 2025-12-14 12:55:00,061] Trial 1547 finished with value: -0.007479331783459741 and parameters: {'trail_distance_atr_mult': 0.7072260036481628}. Best is trial 126 with value: -0.000363295272717509.
[2025-12-14 12:55:01.257] ⚖️ Computing uniqueness weights for 9018 events... INFO
2025-12-14 12:55:01,257 - System.tprint - INFO - ℹ️ ⚖️ Computing uniqueness weights for 9018 events... INFO
[2025-12-14 12:55:01.266] ✅ Uniqueness weights computed. Mean: 1.0000, Min: 0.4372, Max: 1.3117 SUCCESS
2025-12-14 12:55:01,266 - System.tprint - INFO - ℹ️ ✅ Uniqueness weights computed. Mean: 1.0000, Min: 0.4372, Max: 1.3117 SUCCESS
[I 2025-12-14 12:55:01,917] Trial 1548 finished with value: -0.006728123117952523 and parameters: {'trail_distance_atr_mult': 0.7873232345163113}. Best is trial 126 with value: -0.000363295272717509.
[2025-12-14 12:55:03.127] ⚖️ Computing uniqueness weights for 9018 events... INFO
2025-12-14 12:55:03,127 - System.tprint - INFO - ℹ️ ⚖️ Computing uniqueness weights for 9018 events... INFO
[2025-12-14 12:55:03.137] ✅ Uniqueness weights computed. Mean: 1.0000, Min: 0.4372, Max: 1.3117 SUCCESS
2025-12-14 12:55:03,137 - System.tprint - INFO - ℹ️ ✅ Uniqueness weights computed. Mean: 1.0000, Min: 0.4372, Max: 1.3117 SUCCESS
[I 2025-12-14 12:55:03,780] Trial 1549 finished with value: -0.007321828937469562 and parameters: {'trail_distance_atr_mult': 0.5361410087706284}. Best is trial 126 with value: -0.000363295272717509.
[2025-12-14 12:55:04.981] ⚖️ Computing uniqueness weights for 9018 events... INFO
2025-12-14 12:55:04,981 - System.tprint - INFO - ℹ️ ⚖️ Computing uniqueness weights for 9018 events... INFO
[2025-12-14 12:55:04.991] ✅ Uniqueness weights computed. Mean: 1.0000, Min: 0.4372, Max: 1.3117 SUCCESS
2025-12-14 12:55:04,991 - System.tprint - INFO - ℹ️ ✅ Uniqueness weights computed. Mean: 1.0000, Min: 0.4372, Max: 1.3117 SUCCESS
[I 2025-12-14 12:55:05,628] Trial 1550 finished with value: -0.006747739646220525 and parameters: {'trail_distance_atr_mult': 0.7717037705048142}. Best is trial 126 with value: -0.000363295272717509.
[2025-12-14 12:55:06.836] ⚖️ Computing uniqueness weights for 9018 events... INFO
2025-12-14 12:55:06,836 - System.tprint - INFO - ℹ️ ⚖️ Computing uniqueness weights for 9018 events... INFO
[2025-12-14 12:55:06.846] ✅ Uniqueness weights computed. Mean: 1.0000, Min: 0.4372, Max: 1.3117 SUCCESS
2025-12-14 12:55:06,846 - System.tprint - INFO - ℹ️ ✅ Uniqueness weights computed. Mean: 1.0000, Min: 0.4372, Max: 1.3117 SUCCESS
[I 2025-12-14 12:55:07,476] Trial 1551 finished with value: -0.007479331783459741 and parameters: {'trail_distance_atr_mult': 0.6892985916115708}. Best is trial 126 with value: -0.000363295272717509.
[2025-12-14 12:55:08.684] ⚖️ Computing uniqueness weights for 9018 events... INFO
2025-12-14 12:55:08,684 - System.tprint - INFO - ℹ️ ⚖️ Computing uniqueness weights for 9018 events... INFO
[2025-12-14 12:55:08.694] ✅ Uniqueness weights computed. Mean: 1.0000, Min: 0.4372, Max: 1.3117 SUCCESS
2025-12-14 12:55:08,694 - System.tprint - INFO - ℹ️ ✅ Uniqueness weights computed. Mean: 1.0000, Min: 0.4372, Max: 1.3117 SUCCESS
[I 2025-12-14 12:55:09,395] Trial 1552 finished with value: -0.001060420032251115 and parameters: {'trail_distance_atr_mult': 0.7301665065507462}. Best is trial 126 with value: -0.000363295272717509.
[2025-12-14 12:55:10.588] ⚖️ Computing uniqueness weights for 9018 events... INFO
2025-12-14 12:55:10,588 - System.tprint - INFO - ℹ️ ⚖️ Computing uniqueness weights for 9018 events... INFO
[2025-12-14 12:55:10.598] ✅ Uniqueness weights computed. Mean: 1.0000, Min: 0.4372, Max: 1.3117 SUCCESS
2025-12-14 12:55:10,598 - System.tprint - INFO - ℹ️ ✅ Uniqueness weights computed. Mean: 1.0000, Min: 0.4372, Max: 1.3117 SUCCESS
[I 2025-12-14 12:55:11,239] Trial 1553 finished with value: -0.007479331783459741 and parameters: {'trail_distance_atr_mult': 0.6922012482969473}. Best is trial 126 with value: -0.000363295272717509.
[2025-12-14 12:55:12.448] ⚖️ Computing uniqueness weights for 9018 events... INFO
2025-12-14 12:55:12,448 - System.tprint - INFO - ℹ️ ⚖️ Computing uniqueness weights for 9018 events... INFO
[2025-12-14 12:55:12.458] ✅ Uniqueness weights computed. Mean: 1.0000, Min: 0.4372, Max: 1.3117 SUCCESS
2025-12-14 12:55:12,458 - System.tprint - INFO - ℹ️ ✅ Uniqueness weights computed. Mean: 1.0000, Min: 0.4372, Max: 1.3117 SUCCESS
[I 2025-12-14 12:55:13,098] Trial 1554 finished with value: -0.007479331783459741 and parameters: {'trail_distance_atr_mult': 0.6670522633940663}. Best is trial 126 with value: -0.000363295272717509.
[2025-12-14 12:55:14.298] ⚖️ Computing uniqueness weights for 9018 events... INFO
2025-12-14 12:55:14,298 - System.tprint - INFO - ℹ️ ⚖️ Computing uniqueness weights for 9018 events... INFO
[2025-12-14 12:55:14.308] ✅ Uniqueness weights computed. Mean: 1.0000, Min: 0.4372, Max: 1.3117 SUCCESS
2025-12-14 12:55:14,308 - System.tprint - INFO - ℹ️ ✅ Uniqueness weights computed. Mean: 1.0000, Min: 0.4372, Max: 1.3117 SUCCESS
[I 2025-12-14 12:55:14,946] Trial 1555 finished with value: -0.007546852514577222 and parameters: {'trail_distance_atr_mult': 0.6369061100221317}. Best is trial 126 with value: -0.000363295272717509.
[2025-12-14 12:55:16.411] ⚖️ Computing uniqueness weights for 9018 events... INFO
2025-12-14 12:55:16,411 - System.tprint - INFO - ℹ️ ⚖️ Computing uniqueness weights for 9018 events... INFO
[2025-12-14 12:55:16.424] ✅ Uniqueness weights computed. Mean: 1.0000, Min: 0.4372, Max: 1.3117 SUCCESS
2025-12-14 12:55:16,424 - System.tprint - INFO - ℹ️ ✅ Uniqueness weights computed. Mean: 1.0000, Min: 0.4372, Max: 1.3117 SUCCESS
[I 2025-12-14 12:55:17,391] Trial 1556 finished with value: -0.007479331783459741 and parameters: {'trail_distance_atr_mult': 0.7000955646050553}. Best is trial 126 with value: -0.000363295272717509.
[2025-12-14 12:55:18.912] ⚖️ Computing uniqueness weights for 9018 events... INFO
2025-12-14 12:55:18,912 - System.tprint - INFO - ℹ️ ⚖️ Computing uniqueness weights for 9018 events... INFO
[2025-12-14 12:55:18.926] ✅ Uniqueness weights computed. Mean: 1.0000, Min: 0.4372, Max: 1.3117 SUCCESS
2025-12-14 12:55:18,926 - System.tprint - INFO - ℹ️ ✅ Uniqueness weights computed. Mean: 1.0000, Min: 0.4372, Max: 1.3117 SUCCESS
[I 2025-12-14 12:55:20,018] Trial 1557 finished with value: -0.007588365343835905 and parameters: {'trail_distance_atr_mult': 0.7504243674474635}. Best is trial 126 with value: -0.000363295272717509.
[2025-12-14 12:55:21.711] ⚖️ Computing uniqueness weights for 9018 events... INFO
2025-12-14 12:55:21,711 - System.tprint - INFO - ℹ️ ⚖️ Computing uniqueness weights for 9018 events... INFO
[2025-12-14 12:55:21.722] ✅ Uniqueness weights computed. Mean: 1.0000, Min: 0.4372, Max: 1.3117 SUCCESS
2025-12-14 12:55:21,722 - System.tprint - INFO - ℹ️ ✅ Uniqueness weights computed. Mean: 1.0000, Min: 0.4372, Max: 1.3117 SUCCESS
[I 2025-12-14 12:55:22,600] Trial 1558 finished with value: -0.007479331783459741 and parameters: {'trail_distance_atr_mult': 0.7106749949200932}. Best is trial 126 with value: -0.000363295272717509.
[2025-12-14 12:55:23.968] ⚖️ Computing uniqueness weights for 9018 events... INFO
2025-12-14 12:55:23,968 - System.tprint - INFO - ℹ️ ⚖️ Computing uniqueness weights for 9018 events... INFO
[2025-12-14 12:55:23.979] ✅ Uniqueness weights computed. Mean: 1.0000, Min: 0.4372, Max: 1.3117 SUCCESS
2025-12-14 12:55:23,979 - System.tprint - INFO - ℹ️ ✅ Uniqueness weights computed. Mean: 1.0000, Min: 0.4372, Max: 1.3117 SUCCESS
[I 2025-12-14 12:55:24,866] Trial 1559 finished with value: -0.0010604204302332837 and parameters: {'trail_distance_atr_mult': 0.7320384486712803}. Best is trial 126 with value: -0.000363295272717509.
[2025-12-14 12:55:26.261] ⚖️ Computing uniqueness weights for 9018 events... INFO
2025-12-14 12:55:26,261 - System.tprint - INFO - ℹ️ ⚖️ Computing uniqueness weights for 9018 events... INFO
[2025-12-14 12:55:26.274] ✅ Uniqueness weights computed. Mean: 1.0000, Min: 0.4372, Max: 1.3117 SUCCESS
2025-12-14 12:55:26,274 - System.tprint - INFO - ℹ️ ✅ Uniqueness weights computed. Mean: 1.0000, Min: 0.4372, Max: 1.3117 SUCCESS
[I 2025-12-14 12:55:27,226] Trial 1560 finished with value: -0.0010604203961822442 and parameters: {'trail_distance_atr_mult': 0.7330601422106892}. Best is trial 126 with value: -0.000363295272717509.
[2025-12-14 12:55:28.596] ⚖️ Computing uniqueness weights for 9018 events... INFO
2025-12-14 12:55:28,596 - System.tprint - INFO - ℹ️ ⚖️ Computing uniqueness weights for 9018 events... INFO
[2025-12-14 12:55:28.608] ✅ Uniqueness weights computed. Mean: 1.0000, Min: 0.4372, Max: 1.3117 SUCCESS
2025-12-14 12:55:28,609 - System.tprint - INFO - ℹ️ ✅ Uniqueness weights computed. Mean: 1.0000, Min: 0.4372, Max: 1.3117 SUCCESS
[I 2025-12-14 12:55:29,513] Trial 1561 finished with value: -0.007321828937469562 and parameters: {'trail_distance_atr_mult': 0.5061852686248347}. Best is trial 126 with value: -0.000363295272717509.
[2025-12-14 12:55:30.887] ⚖️ Computing uniqueness weights for 9018 events... INFO
2025-12-14 12:55:30,887 - System.tprint - INFO - ℹ️ ⚖️ Computing uniqueness weights for 9018 events... INFO
[2025-12-14 12:55:30.897] ✅ Uniqueness weights computed. Mean: 1.0000, Min: 0.4372, Max: 1.3117 SUCCESS
2025-12-14 12:55:30,897 - System.tprint - INFO - ℹ️ ✅ Uniqueness weights computed. Mean: 1.0000, Min: 0.4372, Max: 1.3117 SUCCESS
[I 2025-12-14 12:55:31,547] Trial 1562 finished with value: -0.007546852514577222 and parameters: {'trail_distance_atr_mult': 0.6192854895503794}. Best is trial 126 with value: -0.000363295272717509.
[2025-12-14 12:55:32.743] ⚖️ Computing uniqueness weights for 9018 events... INFO
2025-12-14 12:55:32,743 - System.tprint - INFO - ℹ️ ⚖️ Computing uniqueness weights for 9018 events... INFO
[2025-12-14 12:55:32.752] ✅ Uniqueness weights computed. Mean: 1.0000, Min: 0.4372, Max: 1.3117 SUCCESS
2025-12-14 12:55:32,752 - System.tprint - INFO - ℹ️ ✅ Uniqueness weights computed. Mean: 1.0000, Min: 0.4372, Max: 1.3117 SUCCESS
[I 2025-12-14 12:55:33,391] Trial 1563 finished with value: -0.007479331783459741 and parameters: {'trail_distance_atr_mult': 0.6876728982041029}. Best is trial 126 with value: -0.000363295272717509.
[2025-12-14 12:55:34.597] ⚖️ Computing uniqueness weights for 9018 events... INFO
2025-12-14 12:55:34,597 - System.tprint - INFO - ℹ️ ⚖️ Computing uniqueness weights for 9018 events... INFO
[2025-12-14 12:55:34.607] ✅ Uniqueness weights computed. Mean: 1.0000, Min: 0.4372, Max: 1.3117 SUCCESS
2025-12-14 12:55:34,607 - System.tprint - INFO - ℹ️ ✅ Uniqueness weights computed. Mean: 1.0000, Min: 0.4372, Max: 1.3117 SUCCESS
[I 2025-12-14 12:55:35,241] Trial 1564 finished with value: -0.0075883636738453995 and parameters: {'trail_distance_atr_mult': 0.7483459650475515}. Best is trial 126 with value: -0.000363295272717509.
[2025-12-14 12:55:36.459] ⚖️ Computing uniqueness weights for 9018 events... INFO
2025-12-14 12:55:36,459 - System.tprint - INFO - ℹ️ ⚖️ Computing uniqueness weights for 9018 events... INFO
[2025-12-14 12:55:36.469] ✅ Uniqueness weights computed. Mean: 1.0000, Min: 0.4372, Max: 1.3117 SUCCESS
2025-12-14 12:55:36,469 - System.tprint - INFO - ℹ️ ✅ Uniqueness weights computed. Mean: 1.0000, Min: 0.4372, Max: 1.3117 SUCCESS
[I 2025-12-14 12:55:37,099] Trial 1565 finished with value: -0.001060420278902198 and parameters: {'trail_distance_atr_mult': 0.7352976583977776}. Best is trial 126 with value: -0.000363295272717509.
[2025-12-14 12:55:38.307] ⚖️ Computing uniqueness weights for 9018 events... INFO
2025-12-14 12:55:38,307 - System.tprint - INFO - ℹ️ ⚖️ Computing uniqueness weights for 9018 events... INFO
[2025-12-14 12:55:38.317] ✅ Uniqueness weights computed. Mean: 1.0000, Min: 0.4372, Max: 1.3117 SUCCESS
2025-12-14 12:55:38,317 - System.tprint - INFO - ℹ️ ✅ Uniqueness weights computed. Mean: 1.0000, Min: 0.4372, Max: 1.3117 SUCCESS
[I 2025-12-14 12:55:38,955] Trial 1566 finished with value: -0.007321828937469562 and parameters: {'trail_distance_atr_mult': 0.5562750473205219}. Best is trial 126 with value: -0.000363295272717509.
[2025-12-14 12:55:40.154] ⚖️ Computing uniqueness weights for 9018 events... INFO
2025-12-14 12:55:40,154 - System.tprint - INFO - ℹ️ ⚖️ Computing uniqueness weights for 9018 events... INFO
[2025-12-14 12:55:40.162] ✅ Uniqueness weights computed. Mean: 1.0000, Min: 0.4372, Max: 1.3117 SUCCESS
2025-12-14 12:55:40,162 - System.tprint - INFO - ℹ️ ✅ Uniqueness weights computed. Mean: 1.0000, Min: 0.4372, Max: 1.3117 SUCCESS
[I 2025-12-14 12:55:40,800] Trial 1567 finished with value: -0.007321828937469562 and parameters: {'trail_distance_atr_mult': 0.5068549785527086}. Best is trial 126 with value: -0.000363295272717509.
[2025-12-14 12:55:41.994] ⚖️ Computing uniqueness weights for 9018 events... INFO
2025-12-14 12:55:41,994 - System.tprint - INFO - ℹ️ ⚖️ Computing uniqueness weights for 9018 events... INFO
[2025-12-14 12:55:42.005] ✅ Uniqueness weights computed. Mean: 1.0000, Min: 0.4372, Max: 1.3117 SUCCESS
2025-12-14 12:55:42,005 - System.tprint - INFO - ℹ️ ✅ Uniqueness weights computed. Mean: 1.0000, Min: 0.4372, Max: 1.3117 SUCCESS
[I 2025-12-14 12:55:42,648] Trial 1568 finished with value: -0.007479331783459741 and parameters: {'trail_distance_atr_mult': 0.7050686775157669}. Best is trial 126 with value: -0.000363295272717509.
[2025-12-14 12:55:44.241] ⚖️ Computing uniqueness weights for 9018 events... INFO
2025-12-14 12:55:44,242 - System.tprint - INFO - ℹ️ ⚖️ Computing uniqueness weights for 9018 events... INFO
[2025-12-14 12:55:44.257] ✅ Uniqueness weights computed. Mean: 1.0000, Min: 0.4372, Max: 1.3117 SUCCESS
2025-12-14 12:55:44,257 - System.tprint - INFO - ℹ️ ✅ Uniqueness weights computed. Mean: 1.0000, Min: 0.4372, Max: 1.3117 SUCCESS
[I 2025-12-14 12:55:45,301] Trial 1569 finished with value: -0.007479331783459741 and parameters: {'trail_distance_atr_mult': 0.6995151852581311}. Best is trial 126 with value: -0.000363295272717509.
[2025-12-14 12:55:46.804] ⚖️ Computing uniqueness weights for 9018 events... INFO
2025-12-14 12:55:46,804 - System.tprint - INFO - ℹ️ ⚖️ Computing uniqueness weights for 9018 events... INFO
[2025-12-14 12:55:46.821] ✅ Uniqueness weights computed. Mean: 1.0000, Min: 0.4372, Max: 1.3117 SUCCESS
2025-12-14 12:55:46,822 - System.tprint - INFO - ℹ️ ✅ Uniqueness weights computed. Mean: 1.0000, Min: 0.4372, Max: 1.3117 SUCCESS
[I 2025-12-14 12:55:47,913] Trial 1570 finished with value: -0.007479331783459741 and parameters: {'trail_distance_atr_mult': 0.7085900421875676}. Best is trial 126 with value: -0.000363295272717509.
[2025-12-14 12:55:49.298] ⚖️ Computing uniqueness weights for 9018 events... INFO
2025-12-14 12:55:49,298 - System.tprint - INFO - ℹ️ ⚖️ Computing uniqueness weights for 9018 events... INFO
[2025-12-14 12:55:49.310] ✅ Uniqueness weights computed. Mean: 1.0000, Min: 0.4372, Max: 1.3117 SUCCESS
2025-12-14 12:55:49,310 - System.tprint - INFO - ℹ️ ✅ Uniqueness weights computed. Mean: 1.0000, Min: 0.4372, Max: 1.3117 SUCCESS
[I 2025-12-14 12:55:50,214] Trial 1571 finished with value: -0.007479331783459741 and parameters: {'trail_distance_atr_mult': 0.7158901479397741}. Best is trial 126 with value: -0.000363295272717509.
[2025-12-14 12:55:51.601] ⚖️ Computing uniqueness weights for 9018 events... INFO
2025-12-14 12:55:51,602 - System.tprint - INFO - ℹ️ ⚖️ Computing uniqueness weights for 9018 events... INFO
[2025-12-14 12:55:51.613] ✅ Uniqueness weights computed. Mean: 1.0000, Min: 0.4372, Max: 1.3117 SUCCESS
2025-12-14 12:55:51,613 - System.tprint - INFO - ℹ️ ✅ Uniqueness weights computed. Mean: 1.0000, Min: 0.4372, Max: 1.3117 SUCCESS
[I 2025-12-14 12:55:52,509] Trial 1572 finished with value: -0.007479331783459741 and parameters: {'trail_distance_atr_mult': 0.7139273079458051}. Best is trial 126 with value: -0.000363295272717509.
[2025-12-14 12:55:53.918] ⚖️ Computing uniqueness weights for 9018 events... INFO
2025-12-14 12:55:53,919 - System.tprint - INFO - ℹ️ ⚖️ Computing uniqueness weights for 9018 events... INFO
[2025-12-14 12:55:53.931] ✅ Uniqueness weights computed. Mean: 1.0000, Min: 0.4372, Max: 1.3117 SUCCESS
2025-12-14 12:55:53,931 - System.tprint - INFO - ℹ️ ✅ Uniqueness weights computed. Mean: 1.0000, Min: 0.4372, Max: 1.3117 SUCCESS
[I 2025-12-14 12:55:54,822] Trial 1573 finished with value: -0.006728122089185396 and parameters: {'trail_distance_atr_mult': 0.7874305292064302}. Best is trial 126 with value: -0.000363295272717509.
[2025-12-14 12:55:56.159] ⚖️ Computing uniqueness weights for 9018 events... INFO
2025-12-14 12:55:56,159 - System.tprint - INFO - ℹ️ ⚖️ Computing uniqueness weights for 9018 events... INFO
[2025-12-14 12:55:56.170] ✅ Uniqueness weights computed. Mean: 1.0000, Min: 0.4372, Max: 1.3117 SUCCESS
2025-12-14 12:55:56,170 - System.tprint - INFO - ℹ️ ✅ Uniqueness weights computed. Mean: 1.0000, Min: 0.4372, Max: 1.3117 SUCCESS
