[I 2025-12-14 13:10:01,915] Trial 1994 finished with value: -0.006758395633220105 and parameters: {'trail_distance_atr_mult': 0.9773733731763223}. Best is trial 126 with value: -0.000363295272717509.
[2025-12-14 13:10:03.131] ⚖️ Computing uniqueness weights for 9018 events... INFO
2025-12-14 13:10:03,131 - System.tprint - INFO - ℹ️ ⚖️ Computing uniqueness weights for 9018 events... INFO
[2025-12-14 13:10:03.141] ✅ Uniqueness weights computed. Mean: 1.0000, Min: 0.4375, Max: 1.3124 SUCCESS
2025-12-14 13:10:03,141 - System.tprint - INFO - ℹ️ ✅ Uniqueness weights computed. Mean: 1.0000, Min: 0.4375, Max: 1.3124 SUCCESS
[I 2025-12-14 13:10:03,778] Trial 1995 finished with value: -0.00323737352009615 and parameters: {'trail_distance_atr_mult': 1.3242541693289367}. Best is trial 126 with value: -0.000363295272717509.
[2025-12-14 13:10:04.957] ⚖️ Computing uniqueness weights for 9018 events... INFO
2025-12-14 13:10:04,957 - System.tprint - INFO - ℹ️ ⚖️ Computing uniqueness weights for 9018 events... INFO
[2025-12-14 13:10:04.967] ✅ Uniqueness weights computed. Mean: 1.0000, Min: 0.4372, Max: 1.3117 SUCCESS
2025-12-14 13:10:04,967 - System.tprint - INFO - ℹ️ ✅ Uniqueness weights computed. Mean: 1.0000, Min: 0.4372, Max: 1.3117 SUCCESS
[I 2025-12-14 13:10:05,617] Trial 1996 finished with value: -0.007479331783459741 and parameters: {'trail_distance_atr_mult': 0.7012281158119937}. Best is trial 126 with value: -0.000363295272717509.
[2025-12-14 13:10:06.815] ⚖️ Computing uniqueness weights for 9018 events... INFO
2025-12-14 13:10:06,815 - System.tprint - INFO - ℹ️ ⚖️ Computing uniqueness weights for 9018 events... INFO
[2025-12-14 13:10:06.825] ✅ Uniqueness weights computed. Mean: 1.0000, Min: 0.4374, Max: 1.3121 SUCCESS
2025-12-14 13:10:06,825 - System.tprint - INFO - ℹ️ ✅ Uniqueness weights computed. Mean: 1.0000, Min: 0.4374, Max: 1.3121 SUCCESS
[I 2025-12-14 13:10:07,455] Trial 1997 finished with value: -0.007701282776051071 and parameters: {'trail_distance_atr_mult': 1.149801646055638}. Best is trial 126 with value: -0.000363295272717509.
[2025-12-14 13:10:08.670] ⚖️ Computing uniqueness weights for 9018 events... INFO
2025-12-14 13:10:08,671 - System.tprint - INFO - ℹ️ ⚖️ Computing uniqueness weights for 9018 events... INFO
[2025-12-14 13:10:08.681] ✅ Uniqueness weights computed. Mean: 1.0000, Min: 0.4373, Max: 1.3118 SUCCESS
2025-12-14 13:10:08,682 - System.tprint - INFO - ℹ️ ✅ Uniqueness weights computed. Mean: 1.0000, Min: 0.4373, Max: 1.3118 SUCCESS
[I 2025-12-14 13:10:09,318] Trial 1998 finished with value: -0.00680454251608276 and parameters: {'trail_distance_atr_mult': 0.841016433738623}. Best is trial 126 with value: -0.000363295272717509.
[2025-12-14 13:10:10.570] ⚖️ Computing uniqueness weights for 9018 events... INFO
2025-12-14 13:10:10,571 - System.tprint - INFO - ℹ️ ⚖️ Computing uniqueness weights for 9018 events... INFO
[2025-12-14 13:10:10.581] ✅ Uniqueness weights computed. Mean: 1.0000, Min: 0.4373, Max: 1.3120 SUCCESS
2025-12-14 13:10:10,581 - System.tprint - INFO - ℹ️ ✅ Uniqueness weights computed. Mean: 1.0000, Min: 0.4373, Max: 1.3120 SUCCESS
[I 2025-12-14 13:10:11,311] Trial 1999 finished with value: -0.0078164877449506 and parameters: {'trail_distance_atr_mult': 1.114218086042828}. Best is trial 126 with value: -0.000363295272717509.
[2025-12-14 13:10:12.545] ⚖️ Computing uniqueness weights for 9018 events... INFO
2025-12-14 13:10:12,545 - System.tprint - INFO - ℹ️ ⚖️ Computing uniqueness weights for 9018 events... INFO
[2025-12-14 13:10:12.554] ✅ Uniqueness weights computed. Mean: 1.0000, Min: 0.4375, Max: 1.3124 SUCCESS
2025-12-14 13:10:12,554 - System.tprint - INFO - ℹ️ ✅ Uniqueness weights computed. Mean: 1.0000, Min: 0.4375, Max: 1.3124 SUCCESS
[I 2025-12-14 13:10:13,206] Trial 2000 finished with value: -0.0032373686553996187 and parameters: {'trail_distance_atr_mult': 1.3365845635376263}. Best is trial 126 with value: -0.000363295272717509.
[2025-12-14 13:10:14.401] ⚖️ Computing uniqueness weights for 9018 events... INFO
2025-12-14 13:10:14,401 - System.tprint - INFO - ℹ️ ⚖️ Computing uniqueness weights for 9018 events... INFO
[2025-12-14 13:10:14.410] ✅ Uniqueness weights computed. Mean: 1.0000, Min: 0.4373, Max: 1.3118 SUCCESS
2025-12-14 13:10:14,411 - System.tprint - INFO - ℹ️ ✅ Uniqueness weights computed. Mean: 1.0000, Min: 0.4373, Max: 1.3118 SUCCESS
[I 2025-12-14 13:10:15,069] Trial 2001 finished with value: -0.0068401201011648646 and parameters: {'trail_distance_atr_mult': 0.9581726240661719}. Best is trial 126 with value: -0.000363295272717509.
[2025-12-14 13:10:16.256] ⚖️ Computing uniqueness weights for 9018 events... INFO
2025-12-14 13:10:16,257 - System.tprint - INFO - ℹ️ ⚖️ Computing uniqueness weights for 9018 events... INFO
[2025-12-14 13:10:16.266] ✅ Uniqueness weights computed. Mean: 1.0000, Min: 0.4373, Max: 1.3120 SUCCESS
2025-12-14 13:10:16,266 - System.tprint - INFO - ℹ️ ✅ Uniqueness weights computed. Mean: 1.0000, Min: 0.4373, Max: 1.3120 SUCCESS
[I 2025-12-14 13:10:16,918] Trial 2002 finished with value: -0.007725184805329392 and parameters: {'trail_distance_atr_mult': 1.13140755272988}. Best is trial 126 with value: -0.000363295272717509.
[2025-12-14 13:10:18.124] ⚖️ Computing uniqueness weights for 9018 events... INFO
2025-12-14 13:10:18,124 - System.tprint - INFO - ℹ️ ⚖️ Computing uniqueness weights for 9018 events... INFO
[2025-12-14 13:10:18.134] ✅ Uniqueness weights computed. Mean: 1.0000, Min: 0.4372, Max: 1.3117 SUCCESS
2025-12-14 13:10:18,134 - System.tprint - INFO - ℹ️ ✅ Uniqueness weights computed. Mean: 1.0000, Min: 0.4372, Max: 1.3117 SUCCESS
[I 2025-12-14 13:10:18,887] Trial 2003 finished with value: -0.007479331783459741 and parameters: {'trail_distance_atr_mult': 0.7024827340053497}. Best is trial 126 with value: -0.000363295272717509.
[2025-12-14 13:10:20.079] ⚖️ Computing uniqueness weights for 9018 events... INFO
2025-12-14 13:10:20,079 - System.tprint - INFO - ℹ️ ⚖️ Computing uniqueness weights for 9018 events... INFO
[2025-12-14 13:10:20.089] ✅ Uniqueness weights computed. Mean: 1.0000, Min: 0.4373, Max: 1.3118 SUCCESS
2025-12-14 13:10:20,089 - System.tprint - INFO - ℹ️ ✅ Uniqueness weights computed. Mean: 1.0000, Min: 0.4373, Max: 1.3118 SUCCESS
[I 2025-12-14 13:10:20,736] Trial 2004 finished with value: -0.006778414720052109 and parameters: {'trail_distance_atr_mult': 0.9491506623421253}. Best is trial 126 with value: -0.000363295272717509.
[2025-12-14 13:10:21.934] ⚖️ Computing uniqueness weights for 9018 events... INFO
2025-12-14 13:10:21,935 - System.tprint - INFO - ℹ️ ⚖️ Computing uniqueness weights for 9018 events... INFO
[2025-12-14 13:10:21.945] ✅ Uniqueness weights computed. Mean: 1.0000, Min: 0.4374, Max: 1.3121 SUCCESS
2025-12-14 13:10:21,945 - System.tprint - INFO - ℹ️ ✅ Uniqueness weights computed. Mean: 1.0000, Min: 0.4374, Max: 1.3121 SUCCESS
[I 2025-12-14 13:10:22,580] Trial 2005 finished with value: -0.007413979850152565 and parameters: {'trail_distance_atr_mult': 1.1642753801698875}. Best is trial 126 with value: -0.000363295272717509.
[2025-12-14 13:10:23.785] ⚖️ Computing uniqueness weights for 9018 events... INFO
2025-12-14 13:10:23,785 - System.tprint - INFO - ℹ️ ⚖️ Computing uniqueness weights for 9018 events... INFO
[2025-12-14 13:10:23.795] ✅ Uniqueness weights computed. Mean: 1.0000, Min: 0.4372, Max: 1.3117 SUCCESS
2025-12-14 13:10:23,795 - System.tprint - INFO - ℹ️ ✅ Uniqueness weights computed. Mean: 1.0000, Min: 0.4372, Max: 1.3117 SUCCESS
[I 2025-12-14 13:10:24,486] Trial 2006 finished with value: -0.00672789385191073 and parameters: {'trail_distance_atr_mult': 0.8096303413905015}. Best is trial 126 with value: -0.000363295272717509.
[2025-12-14 13:10:25.747] ⚖️ Computing uniqueness weights for 9018 events... INFO
2025-12-14 13:10:25,747 - System.tprint - INFO - ℹ️ ⚖️ Computing uniqueness weights for 9018 events... INFO
[2025-12-14 13:10:25.757] ✅ Uniqueness weights computed. Mean: 1.0000, Min: 0.4375, Max: 1.3124 SUCCESS
2025-12-14 13:10:25,757 - System.tprint - INFO - ℹ️ ✅ Uniqueness weights computed. Mean: 1.0000, Min: 0.4375, Max: 1.3124 SUCCESS
[I 2025-12-14 13:10:26,556] Trial 2007 finished with value: -0.0032373710068191665 and parameters: {'trail_distance_atr_mult': 1.3292445380442273}. Best is trial 126 with value: -0.000363295272717509.
[2025-12-14 13:10:27.769] ⚖️ Computing uniqueness weights for 9018 events... INFO
2025-12-14 13:10:27,769 - System.tprint - INFO - ℹ️ ⚖️ Computing uniqueness weights for 9018 events... INFO
[2025-12-14 13:10:27.778] ✅ Uniqueness weights computed. Mean: 1.0000, Min: 0.4373, Max: 1.3119 SUCCESS
2025-12-14 13:10:27,778 - System.tprint - INFO - ℹ️ ✅ Uniqueness weights computed. Mean: 1.0000, Min: 0.4373, Max: 1.3119 SUCCESS
[I 2025-12-14 13:10:28,464] Trial 2008 finished with value: -0.007527230327811071 and parameters: {'trail_distance_atr_mult': 1.0274985655847917}. Best is trial 126 with value: -0.000363295272717509.
[2025-12-14 13:10:31.246] ⚖️ Computing uniqueness weights for 9018 events... INFO
2025-12-14 13:10:31,247 - System.tprint - INFO - ℹ️ ⚖️ Computing uniqueness weights for 9018 events... INFO
[2025-12-14 13:10:31.276] ✅ Uniqueness weights computed. Mean: 1.0000, Min: 0.4374, Max: 1.3121 SUCCESS
2025-12-14 13:10:31,277 - System.tprint - INFO - ℹ️ ✅ Uniqueness weights computed. Mean: 1.0000, Min: 0.4374, Max: 1.3121 SUCCESS
[I 2025-12-14 13:10:32,972] Trial 2009 finished with value: -0.007701269177036488 and parameters: {'trail_distance_atr_mult': 1.1523670764494318}. Best is trial 126 with value: -0.000363295272717509.
[2025-12-14 13:10:35.193] ⚖️ Computing uniqueness weights for 9018 events... INFO
2025-12-14 13:10:35,194 - System.tprint - INFO - ℹ️ ⚖️ Computing uniqueness weights for 9018 events... INFO
[2025-12-14 13:10:35.204] ✅ Uniqueness weights computed. Mean: 1.0000, Min: 0.4373, Max: 1.3118 SUCCESS
2025-12-14 13:10:35,204 - System.tprint - INFO - ℹ️ ✅ Uniqueness weights computed. Mean: 1.0000, Min: 0.4373, Max: 1.3118 SUCCESS
[I 2025-12-14 13:10:35,949] Trial 2010 finished with value: -0.006778421157504527 and parameters: {'trail_distance_atr_mult': 0.9529094508048008}. Best is trial 126 with value: -0.000363295272717509.
[2025-12-14 13:10:37.183] ⚖️ Computing uniqueness weights for 9018 events... INFO
2025-12-14 13:10:37,183 - System.tprint - INFO - ℹ️ ⚖️ Computing uniqueness weights for 9018 events... INFO
[2025-12-14 13:10:37.193] ✅ Uniqueness weights computed. Mean: 1.0000, Min: 0.4372, Max: 1.3117 SUCCESS
2025-12-14 13:10:37,193 - System.tprint - INFO - ℹ️ ✅ Uniqueness weights computed. Mean: 1.0000, Min: 0.4372, Max: 1.3117 SUCCESS
[I 2025-12-14 13:10:37,943] Trial 2011 finished with value: -0.007479331783459741 and parameters: {'trail_distance_atr_mult': 0.6816069289615913}. Best is trial 126 with value: -0.000363295272717509.
[2025-12-14 13:10:39.116] ⚖️ Computing uniqueness weights for 9018 events... INFO
2025-12-14 13:10:39,116 - System.tprint - INFO - ℹ️ ⚖️ Computing uniqueness weights for 9018 events... INFO
[2025-12-14 13:10:39.126] ✅ Uniqueness weights computed. Mean: 1.0000, Min: 0.4375, Max: 1.3124 SUCCESS
2025-12-14 13:10:39,126 - System.tprint - INFO - ℹ️ ✅ Uniqueness weights computed. Mean: 1.0000, Min: 0.4375, Max: 1.3124 SUCCESS
[I 2025-12-14 13:10:39,851] Trial 2012 finished with value: -0.0032373712790999777 and parameters: {'trail_distance_atr_mult': 1.3288946459408073}. Best is trial 126 with value: -0.000363295272717509.
[2025-12-14 13:10:41.053] ⚖️ Computing uniqueness weights for 9018 events... INFO
2025-12-14 13:10:41,053 - System.tprint - INFO - ℹ️ ⚖️ Computing uniqueness weights for 9018 events... INFO
[2025-12-14 13:10:41.063] ✅ Uniqueness weights computed. Mean: 1.0000, Min: 0.4373, Max: 1.3120 SUCCESS
2025-12-14 13:10:41,063 - System.tprint - INFO - ℹ️ ✅ Uniqueness weights computed. Mean: 1.0000, Min: 0.4373, Max: 1.3120 SUCCESS
[I 2025-12-14 13:10:41,780] Trial 2013 finished with value: -0.007816488181506442 and parameters: {'trail_distance_atr_mult': 1.1219042772026788}. Best is trial 126 with value: -0.000363295272717509.
[2025-12-14 13:10:42.981] ⚖️ Computing uniqueness weights for 9018 events... INFO
2025-12-14 13:10:42,981 - System.tprint - INFO - ℹ️ ⚖️ Computing uniqueness weights for 9018 events... INFO
[2025-12-14 13:10:42.990] ✅ Uniqueness weights computed. Mean: 1.0000, Min: 0.4373, Max: 1.3118 SUCCESS
2025-12-14 13:10:42,990 - System.tprint - INFO - ℹ️ ✅ Uniqueness weights computed. Mean: 1.0000, Min: 0.4373, Max: 1.3118 SUCCESS
[I 2025-12-14 13:10:43,847] Trial 2014 finished with value: -0.006681186531896396 and parameters: {'trail_distance_atr_mult': 0.8615683900959084}. Best is trial 126 with value: -0.000363295272717509.
[2025-12-14 13:10:45.058] ⚖️ Computing uniqueness weights for 9018 events... INFO
2025-12-14 13:10:45,058 - System.tprint - INFO - ℹ️ ⚖️ Computing uniqueness weights for 9018 events... INFO
[2025-12-14 13:10:45.068] ✅ Uniqueness weights computed. Mean: 1.0000, Min: 0.4373, Max: 1.3119 SUCCESS
2025-12-14 13:10:45,068 - System.tprint - INFO - ℹ️ ✅ Uniqueness weights computed. Mean: 1.0000, Min: 0.4373, Max: 1.3119 SUCCESS
[I 2025-12-14 13:10:45,795] Trial 2015 finished with value: -0.0030846809091517532 and parameters: {'trail_distance_atr_mult': 1.0198375796431516}. Best is trial 126 with value: -0.000363295272717509.
[2025-12-14 13:10:47.495] ⚖️ Computing uniqueness weights for 9018 events... INFO
2025-12-14 13:10:47,495 - System.tprint - INFO - ℹ️ ⚖️ Computing uniqueness weights for 9018 events... INFO
[2025-12-14 13:10:47.515] ✅ Uniqueness weights computed. Mean: 1.0000, Min: 0.4374, Max: 1.3121 SUCCESS
2025-12-14 13:10:47,515 - System.tprint - INFO - ℹ️ ✅ Uniqueness weights computed. Mean: 1.0000, Min: 0.4374, Max: 1.3121 SUCCESS
[I 2025-12-14 13:10:48,504] Trial 2016 finished with value: -0.007701229534114002 and parameters: {'trail_distance_atr_mult': 1.1594906979350192}. Best is trial 126 with value: -0.000363295272717509.
[2025-12-14 13:10:50.462] ⚖️ Computing uniqueness weights for 9018 events... INFO
2025-12-14 13:10:50,462 - System.tprint - INFO - ℹ️ ⚖️ Computing uniqueness weights for 9018 events... INFO
[2025-12-14 13:10:50.479] ✅ Uniqueness weights computed. Mean: 1.0000, Min: 0.4372, Max: 1.3117 SUCCESS
2025-12-14 13:10:50,480 - System.tprint - INFO - ℹ️ ✅ Uniqueness weights computed. Mean: 1.0000, Min: 0.4372, Max: 1.3117 SUCCESS
[I 2025-12-14 13:10:51,559] Trial 2017 finished with value: -0.007479331783459741 and parameters: {'trail_distance_atr_mult': 0.6781409299317275}. Best is trial 126 with value: -0.000363295272717509.
[2025-12-14 13:10:53.190] ⚖️ Computing uniqueness weights for 9018 events... INFO
2025-12-14 13:10:53,190 - System.tprint - INFO - ℹ️ ⚖️ Computing uniqueness weights for 9018 events... INFO
[2025-12-14 13:10:53.200] ✅ Uniqueness weights computed. Mean: 1.0000, Min: 0.4373, Max: 1.3118 SUCCESS
2025-12-14 13:10:53,200 - System.tprint - INFO - ℹ️ ✅ Uniqueness weights computed. Mean: 1.0000, Min: 0.4373, Max: 1.3118 SUCCESS
[I 2025-12-14 13:10:54,096] Trial 2018 finished with value: -0.006758308884048706 and parameters: {'trail_distance_atr_mult': 0.9627963801240963}. Best is trial 126 with value: -0.000363295272717509.
[2025-12-14 13:10:55.685] ⚖️ Computing uniqueness weights for 9018 events... INFO
2025-12-14 13:10:55,685 - System.tprint - INFO - ℹ️ ⚖️ Computing uniqueness weights for 9018 events... INFO
[2025-12-14 13:10:55.698] ✅ Uniqueness weights computed. Mean: 1.0000, Min: 0.4374, Max: 1.3121 SUCCESS
2025-12-14 13:10:55,698 - System.tprint - INFO - ℹ️ ✅ Uniqueness weights computed. Mean: 1.0000, Min: 0.4374, Max: 1.3121 SUCCESS
[I 2025-12-14 13:10:56,696] Trial 2019 finished with value: -0.007445840914987259 and parameters: {'trail_distance_atr_mult': 1.1687088227553797}. Best is trial 126 with value: -0.000363295272717509.
[2025-12-14 13:10:58.263] ⚖️ Computing uniqueness weights for 9018 events... INFO
2025-12-14 13:10:58,264 - System.tprint - INFO - ℹ️ ⚖️ Computing uniqueness weights for 9018 events... INFO
[2025-12-14 13:10:58.276] ✅ Uniqueness weights computed. Mean: 1.0000, Min: 0.4375, Max: 1.3124 SUCCESS
2025-12-14 13:10:58,276 - System.tprint - INFO - ℹ️ ✅ Uniqueness weights computed. Mean: 1.0000, Min: 0.4375, Max: 1.3124 SUCCESS
[I 2025-12-14 13:11:00,051] Trial 2020 finished with value: -0.003237368585676025 and parameters: {'trail_distance_atr_mult': 1.3373869615388663}. Best is trial 126 with value: -0.000363295272717509.
[2025-12-14 13:11:01.789] ⚖️ Computing uniqueness weights for 9018 events... INFO
2025-12-14 13:11:01,789 - System.tprint - INFO - ℹ️ ⚖️ Computing uniqueness weights for 9018 events... INFO
[2025-12-14 13:11:01.804] ✅ Uniqueness weights computed. Mean: 1.0000, Min: 0.4373, Max: 1.3118 SUCCESS
2025-12-14 13:11:01,804 - System.tprint - INFO - ℹ️ ✅ Uniqueness weights computed. Mean: 1.0000, Min: 0.4373, Max: 1.3118 SUCCESS
[I 2025-12-14 13:11:02,789] Trial 2021 finished with value: -0.006804522191873026 and parameters: {'trail_distance_atr_mult': 0.8296753288901695}. Best is trial 126 with value: -0.000363295272717509.
[2025-12-14 13:11:04.372] ⚖️ Computing uniqueness weights for 9018 events... INFO
2025-12-14 13:11:04,372 - System.tprint - INFO - ℹ️ ⚖️ Computing uniqueness weights for 9018 events... INFO
[2025-12-14 13:11:04.384] ✅ Uniqueness weights computed. Mean: 1.0000, Min: 0.4373, Max: 1.3119 SUCCESS
2025-12-14 13:11:04,384 - System.tprint - INFO - ℹ️ ✅ Uniqueness weights computed. Mean: 1.0000, Min: 0.4373, Max: 1.3119 SUCCESS
[I 2025-12-14 13:11:05,355] Trial 2022 finished with value: -0.006751210112910907 and parameters: {'trail_distance_atr_mult': 0.9948263791047749}. Best is trial 126 with value: -0.000363295272717509.
[2025-12-14 13:11:06.940] ⚖️ Computing uniqueness weights for 9018 events... INFO
2025-12-14 13:11:06,941 - System.tprint - INFO - ℹ️ ⚖️ Computing uniqueness weights for 9018 events... INFO
[2025-12-14 13:11:06.961] ✅ Uniqueness weights computed. Mean: 1.0000, Min: 0.4374, Max: 1.3121 SUCCESS
2025-12-14 13:11:06,962 - System.tprint - INFO - ℹ️ ✅ Uniqueness weights computed. Mean: 1.0000, Min: 0.4374, Max: 1.3121 SUCCESS
[I 2025-12-14 13:11:07,942] Trial 2023 finished with value: -0.007529598940034366 and parameters: {'trail_distance_atr_mult': 1.1658583631442552}. Best is trial 126 with value: -0.000363295272717509.
[2025-12-14 13:11:09.135] ⚖️ Computing uniqueness weights for 9018 events... INFO
2025-12-14 13:11:09,135 - System.tprint - INFO - ℹ️ ⚖️ Computing uniqueness weights for 9018 events... INFO
[2025-12-14 13:11:09.145] ✅ Uniqueness weights computed. Mean: 1.0000, Min: 0.4373, Max: 1.3118 SUCCESS
2025-12-14 13:11:09,145 - System.tprint - INFO - ℹ️ ✅ Uniqueness weights computed. Mean: 1.0000, Min: 0.4373, Max: 1.3118 SUCCESS
[I 2025-12-14 13:11:09,833] Trial 2024 finished with value: -0.00680451489899332 and parameters: {'trail_distance_atr_mult': 0.8268807067782221}. Best is trial 126 with value: -0.000363295272717509.
[2025-12-14 13:11:11.053] ⚖️ Computing uniqueness weights for 9018 events... INFO
2025-12-14 13:11:11,053 - System.tprint - INFO - ℹ️ ⚖️ Computing uniqueness weights for 9018 events... INFO
[2025-12-14 13:11:11.063] ✅ Uniqueness weights computed. Mean: 1.0000, Min: 0.4372, Max: 1.3117 SUCCESS
2025-12-14 13:11:11,063 - System.tprint - INFO - ℹ️ ✅ Uniqueness weights computed. Mean: 1.0000, Min: 0.4372, Max: 1.3117 SUCCESS
[I 2025-12-14 13:11:11,752] Trial 2025 finished with value: -0.007546852514577222 and parameters: {'trail_distance_atr_mult': 0.6244427308375761}. Best is trial 126 with value: -0.000363295272717509.
[2025-12-14 13:11:13.069] ⚖️ Computing uniqueness weights for 9018 events... INFO
2025-12-14 13:11:13,070 - System.tprint - INFO - ℹ️ ⚖️ Computing uniqueness weights for 9018 events... INFO
[2025-12-14 13:11:13.088] ✅ Uniqueness weights computed. Mean: 1.0000, Min: 0.4373, Max: 1.3120 SUCCESS
2025-12-14 13:11:13,088 - System.tprint - INFO - ℹ️ ✅ Uniqueness weights computed. Mean: 1.0000, Min: 0.4373, Max: 1.3120 SUCCESS
[I 2025-12-14 13:11:14,625] Trial 2026 finished with value: -0.00781648829410541 and parameters: {'trail_distance_atr_mult': 1.1236893645121417}. Best is trial 126 with value: -0.000363295272717509.
[2025-12-14 13:11:15.822] ⚖️ Computing uniqueness weights for 9018 events... INFO
2025-12-14 13:11:15,823 - System.tprint - INFO - ℹ️ ⚖️ Computing uniqueness weights for 9018 events... INFO
[2025-12-14 13:11:15.833] ✅ Uniqueness weights computed. Mean: 1.0000, Min: 0.4373, Max: 1.3118 SUCCESS
2025-12-14 13:11:15,833 - System.tprint - INFO - ℹ️ ✅ Uniqueness weights computed. Mean: 1.0000, Min: 0.4373, Max: 1.3118 SUCCESS
[I 2025-12-14 13:11:16,515] Trial 2027 finished with value: -0.006758398717962549 and parameters: {'trail_distance_atr_mult': 0.9778816956169442}. Best is trial 126 with value: -0.000363295272717509.
[2025-12-14 13:11:17.717] ⚖️ Computing uniqueness weights for 9018 events... INFO
2025-12-14 13:11:17,717 - System.tprint - INFO - ℹ️ ⚖️ Computing uniqueness weights for 9018 events... INFO
[2025-12-14 13:11:17.728] ✅ Uniqueness weights computed. Mean: 1.0000, Min: 0.4374, Max: 1.3121 SUCCESS
2025-12-14 13:11:17,728 - System.tprint - INFO - ℹ️ ✅ Uniqueness weights computed. Mean: 1.0000, Min: 0.4374, Max: 1.3121 SUCCESS
[I 2025-12-14 13:11:18,638] Trial 2028 finished with value: -0.001253169182131893 and parameters: {'trail_distance_atr_mult': 1.1834392121193782}. Best is trial 126 with value: -0.000363295272717509.
[2025-12-14 13:11:20.196] ⚖️ Computing uniqueness weights for 9018 events... INFO
2025-12-14 13:11:20,196 - System.tprint - INFO - ℹ️ ⚖️ Computing uniqueness weights for 9018 events... INFO
[2025-12-14 13:11:20.208] ✅ Uniqueness weights computed. Mean: 1.0000, Min: 0.4375, Max: 1.3124 SUCCESS
2025-12-14 13:11:20,208 - System.tprint - INFO - ℹ️ ✅ Uniqueness weights computed. Mean: 1.0000, Min: 0.4375, Max: 1.3124 SUCCESS
