[I 2025-12-14 12:19:29,462] Trial 594 finished with value: -0.003915175185285116 and parameters: {'trail_distance_atr_mult': 1.5326416606981643}. Best is trial 126 with value: -0.000363295272717509.
[2025-12-14 12:19:30.845] ⚖️ Computing uniqueness weights for 9018 events... INFO
2025-12-14 12:19:30,846 - System.tprint - INFO - ℹ️ ⚖️ Computing uniqueness weights for 9018 events... INFO
[2025-12-14 12:19:30.857] ✅ Uniqueness weights computed. Mean: 1.0000, Min: 0.4377, Max: 1.3131 SUCCESS
2025-12-14 12:19:30,857 - System.tprint - INFO - ℹ️ ✅ Uniqueness weights computed. Mean: 1.0000, Min: 0.4377, Max: 1.3131 SUCCESS
[I 2025-12-14 12:19:31,735] Trial 595 finished with value: -0.008316056151328233 and parameters: {'trail_distance_atr_mult': 1.8021848347445009}. Best is trial 126 with value: -0.000363295272717509.
[2025-12-14 12:19:33.121] ⚖️ Computing uniqueness weights for 9018 events... INFO
2025-12-14 12:19:33,122 - System.tprint - INFO - ℹ️ ⚖️ Computing uniqueness weights for 9018 events... INFO
[2025-12-14 12:19:33.133] ✅ Uniqueness weights computed. Mean: 1.0000, Min: 0.4375, Max: 1.3125 SUCCESS
2025-12-14 12:19:33,133 - System.tprint - INFO - ℹ️ ✅ Uniqueness weights computed. Mean: 1.0000, Min: 0.4375, Max: 1.3125 SUCCESS
[I 2025-12-14 12:19:34,009] Trial 596 finished with value: -0.006462891782845388 and parameters: {'trail_distance_atr_mult': 1.4968344615738802}. Best is trial 126 with value: -0.000363295272717509.
[2025-12-14 12:19:35.383] ⚖️ Computing uniqueness weights for 9018 events... INFO
2025-12-14 12:19:35,383 - System.tprint - INFO - ℹ️ ⚖️ Computing uniqueness weights for 9018 events... INFO
[2025-12-14 12:19:35.395] ✅ Uniqueness weights computed. Mean: 1.0000, Min: 0.4376, Max: 1.3127 SUCCESS
2025-12-14 12:19:35,395 - System.tprint - INFO - ℹ️ ✅ Uniqueness weights computed. Mean: 1.0000, Min: 0.4376, Max: 1.3127 SUCCESS
[I 2025-12-14 12:19:36,280] Trial 597 finished with value: -0.002457051949320626 and parameters: {'trail_distance_atr_mult': 1.598562504277591}. Best is trial 126 with value: -0.000363295272717509.
[2025-12-14 12:19:37.680] ⚖️ Computing uniqueness weights for 9018 events... INFO
2025-12-14 12:19:37,680 - System.tprint - INFO - ℹ️ ⚖️ Computing uniqueness weights for 9018 events... INFO
[2025-12-14 12:19:37.690] ✅ Uniqueness weights computed. Mean: 1.0000, Min: 0.4383, Max: 1.3150 SUCCESS
2025-12-14 12:19:37,691 - System.tprint - INFO - ℹ️ ✅ Uniqueness weights computed. Mean: 1.0000, Min: 0.4383, Max: 1.3150 SUCCESS
[I 2025-12-14 12:19:38,573] Trial 598 finished with value: -0.006305398290874781 and parameters: {'trail_distance_atr_mult': 2.6213044685545093}. Best is trial 126 with value: -0.000363295272717509.
[2025-12-14 12:19:40.001] ⚖️ Computing uniqueness weights for 9018 events... INFO
2025-12-14 12:19:40,001 - System.tprint - INFO - ℹ️ ⚖️ Computing uniqueness weights for 9018 events... INFO
[2025-12-14 12:19:40.017] ✅ Uniqueness weights computed. Mean: 1.0000, Min: 0.4375, Max: 1.3124 SUCCESS
2025-12-14 12:19:40,017 - System.tprint - INFO - ℹ️ ✅ Uniqueness weights computed. Mean: 1.0000, Min: 0.4375, Max: 1.3124 SUCCESS
[I 2025-12-14 12:19:40,935] Trial 599 finished with value: -0.005688286393251692 and parameters: {'trail_distance_atr_mult': 1.277600034753629}. Best is trial 126 with value: -0.000363295272717509.
[2025-12-14 12:19:42.332] ⚖️ Computing uniqueness weights for 9018 events... INFO
2025-12-14 12:19:42,332 - System.tprint - INFO - ℹ️ ⚖️ Computing uniqueness weights for 9018 events... INFO
[2025-12-14 12:19:42.343] ✅ Uniqueness weights computed. Mean: 1.0000, Min: 0.4376, Max: 1.3128 SUCCESS
2025-12-14 12:19:42,343 - System.tprint - INFO - ℹ️ ✅ Uniqueness weights computed. Mean: 1.0000, Min: 0.4376, Max: 1.3128 SUCCESS
[I 2025-12-14 12:19:43,225] Trial 600 finished with value: -0.005991540120377249 and parameters: {'trail_distance_atr_mult': 1.6377576875454958}. Best is trial 126 with value: -0.000363295272717509.
[2025-12-14 12:19:44.589] ⚖️ Computing uniqueness weights for 9018 events... INFO
2025-12-14 12:19:44,589 - System.tprint - INFO - ℹ️ ⚖️ Computing uniqueness weights for 9018 events... INFO
[2025-12-14 12:19:44.601] ✅ Uniqueness weights computed. Mean: 1.0000, Min: 0.4375, Max: 1.3126 SUCCESS
2025-12-14 12:19:44,601 - System.tprint - INFO - ℹ️ ✅ Uniqueness weights computed. Mean: 1.0000, Min: 0.4375, Max: 1.3126 SUCCESS
[I 2025-12-14 12:19:45,549] Trial 601 finished with value: -0.003326834004526232 and parameters: {'trail_distance_atr_mult': 1.5233117327884953}. Best is trial 126 with value: -0.000363295272717509.
[2025-12-14 12:19:46.983] ⚖️ Computing uniqueness weights for 9018 events... INFO
2025-12-14 12:19:46,983 - System.tprint - INFO - ℹ️ ⚖️ Computing uniqueness weights for 9018 events... INFO
[2025-12-14 12:19:46.994] ✅ Uniqueness weights computed. Mean: 1.0000, Min: 0.4375, Max: 1.3126 SUCCESS
2025-12-14 12:19:46,994 - System.tprint - INFO - ℹ️ ✅ Uniqueness weights computed. Mean: 1.0000, Min: 0.4375, Max: 1.3126 SUCCESS
[I 2025-12-14 12:19:47,870] Trial 602 finished with value: -0.003326842080584673 and parameters: {'trail_distance_atr_mult': 1.5239256668804007}. Best is trial 126 with value: -0.000363295272717509.
[2025-12-14 12:19:49.277] ⚖️ Computing uniqueness weights for 9018 events... INFO
2025-12-14 12:19:49,277 - System.tprint - INFO - ℹ️ ⚖️ Computing uniqueness weights for 9018 events... INFO
[2025-12-14 12:19:49.289] ✅ Uniqueness weights computed. Mean: 1.0000, Min: 0.4377, Max: 1.3130 SUCCESS
2025-12-14 12:19:49,289 - System.tprint - INFO - ℹ️ ✅ Uniqueness weights computed. Mean: 1.0000, Min: 0.4377, Max: 1.3130 SUCCESS
[I 2025-12-14 12:19:50,173] Trial 603 finished with value: -0.005931922931448555 and parameters: {'trail_distance_atr_mult': 1.767319190109876}. Best is trial 126 with value: -0.000363295272717509.
[2025-12-14 12:19:51.617] ⚖️ Computing uniqueness weights for 9018 events... INFO
2025-12-14 12:19:51,617 - System.tprint - INFO - ℹ️ ⚖️ Computing uniqueness weights for 9018 events... INFO
[2025-12-14 12:19:51.628] ✅ Uniqueness weights computed. Mean: 1.0000, Min: 0.4375, Max: 1.3125 SUCCESS
2025-12-14 12:19:51,628 - System.tprint - INFO - ℹ️ ✅ Uniqueness weights computed. Mean: 1.0000, Min: 0.4375, Max: 1.3125 SUCCESS
[I 2025-12-14 12:19:52,504] Trial 604 finished with value: -0.002995672647000599 and parameters: {'trail_distance_atr_mult': 1.3670824977285494}. Best is trial 126 with value: -0.000363295272717509.
[2025-12-14 12:19:53.873] ⚖️ Computing uniqueness weights for 9018 events... INFO
2025-12-14 12:19:53,873 - System.tprint - INFO - ℹ️ ⚖️ Computing uniqueness weights for 9018 events... INFO
[2025-12-14 12:19:53.884] ✅ Uniqueness weights computed. Mean: 1.0000, Min: 0.4373, Max: 1.3120 SUCCESS
2025-12-14 12:19:53,885 - System.tprint - INFO - ℹ️ ✅ Uniqueness weights computed. Mean: 1.0000, Min: 0.4373, Max: 1.3120 SUCCESS
[I 2025-12-14 12:19:54,763] Trial 605 finished with value: -0.007527266945475705 and parameters: {'trail_distance_atr_mult': 1.0717067170378982}. Best is trial 126 with value: -0.000363295272717509.
[2025-12-14 12:19:56.141] ⚖️ Computing uniqueness weights for 9018 events... INFO
2025-12-14 12:19:56,142 - System.tprint - INFO - ℹ️ ⚖️ Computing uniqueness weights for 9018 events... INFO
[2025-12-14 12:19:56.153] ✅ Uniqueness weights computed. Mean: 1.0000, Min: 0.4376, Max: 1.3127 SUCCESS
2025-12-14 12:19:56,153 - System.tprint - INFO - ℹ️ ✅ Uniqueness weights computed. Mean: 1.0000, Min: 0.4376, Max: 1.3127 SUCCESS
[I 2025-12-14 12:19:57,120] Trial 606 finished with value: -0.002270799955964347 and parameters: {'trail_distance_atr_mult': 1.5890295082767967}. Best is trial 126 with value: -0.000363295272717509.
[2025-12-14 12:19:58.499] ⚖️ Computing uniqueness weights for 9018 events... INFO
2025-12-14 12:19:58,499 - System.tprint - INFO - ℹ️ ⚖️ Computing uniqueness weights for 9018 events... INFO
[2025-12-14 12:19:58.511] ✅ Uniqueness weights computed. Mean: 1.0000, Min: 0.4376, Max: 1.3128 SUCCESS
2025-12-14 12:19:58,511 - System.tprint - INFO - ℹ️ ✅ Uniqueness weights computed. Mean: 1.0000, Min: 0.4376, Max: 1.3128 SUCCESS
[I 2025-12-14 12:19:59,543] Trial 607 finished with value: -0.004921788359081176 and parameters: {'trail_distance_atr_mult': 1.6433850185459369}. Best is trial 126 with value: -0.000363295272717509.
[2025-12-14 12:20:00.989] ⚖️ Computing uniqueness weights for 9018 events... INFO
2025-12-14 12:20:00,989 - System.tprint - INFO - ℹ️ ⚖️ Computing uniqueness weights for 9018 events... INFO
[2025-12-14 12:20:01.000] ✅ Uniqueness weights computed. Mean: 1.0000, Min: 0.4376, Max: 1.3127 SUCCESS
2025-12-14 12:20:01,000 - System.tprint - INFO - ℹ️ ✅ Uniqueness weights computed. Mean: 1.0000, Min: 0.4376, Max: 1.3127 SUCCESS
[I 2025-12-14 12:20:01,887] Trial 608 finished with value: -0.002270789472734865 and parameters: {'trail_distance_atr_mult': 1.591223818480635}. Best is trial 126 with value: -0.000363295272717509.
[2025-12-14 12:20:03.279] ⚖️ Computing uniqueness weights for 9018 events... INFO
2025-12-14 12:20:03,279 - System.tprint - INFO - ℹ️ ⚖️ Computing uniqueness weights for 9018 events... INFO
[2025-12-14 12:20:03.290] ✅ Uniqueness weights computed. Mean: 1.0000, Min: 0.4377, Max: 1.3130 SUCCESS
2025-12-14 12:20:03,290 - System.tprint - INFO - ℹ️ ✅ Uniqueness weights computed. Mean: 1.0000, Min: 0.4377, Max: 1.3130 SUCCESS
[I 2025-12-14 12:20:04,175] Trial 609 finished with value: -0.006820265876472938 and parameters: {'trail_distance_atr_mult': 1.718149235019814}. Best is trial 126 with value: -0.000363295272717509.
[2025-12-14 12:20:05.560] ⚖️ Computing uniqueness weights for 9018 events... INFO
2025-12-14 12:20:05,560 - System.tprint - INFO - ℹ️ ⚖️ Computing uniqueness weights for 9018 events... INFO
[2025-12-14 12:20:05.570] ✅ Uniqueness weights computed. Mean: 1.0000, Min: 0.4375, Max: 1.3126 SUCCESS
2025-12-14 12:20:05,571 - System.tprint - INFO - ℹ️ ✅ Uniqueness weights computed. Mean: 1.0000, Min: 0.4375, Max: 1.3126 SUCCESS
[I 2025-12-14 12:20:06,440] Trial 610 finished with value: -0.0036245616084578736 and parameters: {'trail_distance_atr_mult': 1.524361302084611}. Best is trial 126 with value: -0.000363295272717509.
[2025-12-14 12:20:07.858] ⚖️ Computing uniqueness weights for 9018 events... INFO
2025-12-14 12:20:07,858 - System.tprint - INFO - ℹ️ ⚖️ Computing uniqueness weights for 9018 events... INFO
[2025-12-14 12:20:07.874] ✅ Uniqueness weights computed. Mean: 1.0000, Min: 0.4376, Max: 1.3127 SUCCESS
2025-12-14 12:20:07,874 - System.tprint - INFO - ℹ️ ✅ Uniqueness weights computed. Mean: 1.0000, Min: 0.4376, Max: 1.3127 SUCCESS
[I 2025-12-14 12:20:08,794] Trial 611 finished with value: -0.002270817090201409 and parameters: {'trail_distance_atr_mult': 1.5855037841490132}. Best is trial 126 with value: -0.000363295272717509.
[2025-12-14 12:20:10.190] ⚖️ Computing uniqueness weights for 9018 events... INFO
2025-12-14 12:20:10,190 - System.tprint - INFO - ℹ️ ⚖️ Computing uniqueness weights for 9018 events... INFO
[2025-12-14 12:20:10.201] ✅ Uniqueness weights computed. Mean: 1.0000, Min: 0.4377, Max: 1.3130 SUCCESS
2025-12-14 12:20:10,201 - System.tprint - INFO - ℹ️ ✅ Uniqueness weights computed. Mean: 1.0000, Min: 0.4377, Max: 1.3130 SUCCESS
[I 2025-12-14 12:20:11,084] Trial 612 finished with value: -0.005931956618269609 and parameters: {'trail_distance_atr_mult': 1.7710322962890572}. Best is trial 126 with value: -0.000363295272717509.
[2025-12-14 12:20:12.562] ⚖️ Computing uniqueness weights for 9018 events... INFO
2025-12-14 12:20:12,563 - System.tprint - INFO - ℹ️ ⚖️ Computing uniqueness weights for 9018 events... INFO
[2025-12-14 12:20:12.575] ✅ Uniqueness weights computed. Mean: 1.0000, Min: 0.4375, Max: 1.3126 SUCCESS
2025-12-14 12:20:12,575 - System.tprint - INFO - ℹ️ ✅ Uniqueness weights computed. Mean: 1.0000, Min: 0.4375, Max: 1.3126 SUCCESS
[I 2025-12-14 12:20:13,466] Trial 613 finished with value: -0.00227091559982109 and parameters: {'trail_distance_atr_mult': 1.5665762037656947}. Best is trial 126 with value: -0.000363295272717509.
[2025-12-14 12:20:14.863] ⚖️ Computing uniqueness weights for 9018 events... INFO
2025-12-14 12:20:14,863 - System.tprint - INFO - ℹ️ ⚖️ Computing uniqueness weights for 9018 events... INFO
[2025-12-14 12:20:14.874] ✅ Uniqueness weights computed. Mean: 1.0000, Min: 0.4376, Max: 1.3127 SUCCESS
2025-12-14 12:20:14,874 - System.tprint - INFO - ℹ️ ✅ Uniqueness weights computed. Mean: 1.0000, Min: 0.4376, Max: 1.3127 SUCCESS
[I 2025-12-14 12:20:15,755] Trial 614 finished with value: -0.002270822485145706 and parameters: {'trail_distance_atr_mult': 1.5844164003232002}. Best is trial 126 with value: -0.000363295272717509.
[2025-12-14 12:20:17.191] ⚖️ Computing uniqueness weights for 9018 events... INFO
2025-12-14 12:20:17,191 - System.tprint - INFO - ℹ️ ⚖️ Computing uniqueness weights for 9018 events... INFO
[2025-12-14 12:20:17.202] ✅ Uniqueness weights computed. Mean: 1.0000, Min: 0.4376, Max: 1.3127 SUCCESS
2025-12-14 12:20:17,202 - System.tprint - INFO - ℹ️ ✅ Uniqueness weights computed. Mean: 1.0000, Min: 0.4376, Max: 1.3127 SUCCESS
[I 2025-12-14 12:20:18,083] Trial 615 finished with value: -0.003172271614340885 and parameters: {'trail_distance_atr_mult': 1.6008919599086084}. Best is trial 126 with value: -0.000363295272717509.
[2025-12-14 12:20:19.483] ⚖️ Computing uniqueness weights for 9018 events... INFO
2025-12-14 12:20:19,484 - System.tprint - INFO - ℹ️ ⚖️ Computing uniqueness weights for 9018 events... INFO
[2025-12-14 12:20:19.495] ✅ Uniqueness weights computed. Mean: 1.0000, Min: 0.4376, Max: 1.3127 SUCCESS
2025-12-14 12:20:19,495 - System.tprint - INFO - ℹ️ ✅ Uniqueness weights computed. Mean: 1.0000, Min: 0.4376, Max: 1.3127 SUCCESS
[I 2025-12-14 12:20:20,378] Trial 616 finished with value: -0.002270865150516779 and parameters: {'trail_distance_atr_mult': 1.5759985966423005}. Best is trial 126 with value: -0.000363295272717509.
[2025-12-14 12:20:21.753] ⚖️ Computing uniqueness weights for 9018 events... INFO
2025-12-14 12:20:21,753 - System.tprint - INFO - ℹ️ ⚖️ Computing uniqueness weights for 9018 events... INFO
[2025-12-14 12:20:21.764] ✅ Uniqueness weights computed. Mean: 1.0000, Min: 0.4376, Max: 1.3128 SUCCESS
2025-12-14 12:20:21,764 - System.tprint - INFO - ℹ️ ✅ Uniqueness weights computed. Mean: 1.0000, Min: 0.4376, Max: 1.3128 SUCCESS
[I 2025-12-14 12:20:22,664] Trial 617 finished with value: -0.0064645241922979485 and parameters: {'trail_distance_atr_mult': 1.6278715604465048}. Best is trial 126 with value: -0.000363295272717509.
[2025-12-14 12:20:24.082] ⚖️ Computing uniqueness weights for 9018 events... INFO
2025-12-14 12:20:24,082 - System.tprint - INFO - ℹ️ ⚖️ Computing uniqueness weights for 9018 events... INFO
[2025-12-14 12:20:24.093] ✅ Uniqueness weights computed. Mean: 1.0000, Min: 0.4375, Max: 1.3126 SUCCESS
2025-12-14 12:20:24,094 - System.tprint - INFO - ℹ️ ✅ Uniqueness weights computed. Mean: 1.0000, Min: 0.4375, Max: 1.3126 SUCCESS
[I 2025-12-14 12:20:24,978] Trial 618 finished with value: -0.002269795559778548 and parameters: {'trail_distance_atr_mult': 1.550166652418478}. Best is trial 126 with value: -0.000363295272717509.
[2025-12-14 12:20:26.376] ⚖️ Computing uniqueness weights for 9018 events... INFO
2025-12-14 12:20:26,376 - System.tprint - INFO - ℹ️ ⚖️ Computing uniqueness weights for 9018 events... INFO
[2025-12-14 12:20:26.386] ✅ Uniqueness weights computed. Mean: 1.0000, Min: 0.4375, Max: 1.3125 SUCCESS
2025-12-14 12:20:26,387 - System.tprint - INFO - ℹ️ ✅ Uniqueness weights computed. Mean: 1.0000, Min: 0.4375, Max: 1.3125 SUCCESS
[I 2025-12-14 12:20:27,259] Trial 619 finished with value: -0.006658974871593797 and parameters: {'trail_distance_atr_mult': 1.5058575208179967}. Best is trial 126 with value: -0.000363295272717509.
[2025-12-14 12:20:28.647] ⚖️ Computing uniqueness weights for 9018 events... INFO
2025-12-14 12:20:28,648 - System.tprint - INFO - ℹ️ ⚖️ Computing uniqueness weights for 9018 events... INFO
[2025-12-14 12:20:28.658] ✅ Uniqueness weights computed. Mean: 1.0000, Min: 0.4376, Max: 1.3129 SUCCESS
2025-12-14 12:20:28,659 - System.tprint - INFO - ℹ️ ✅ Uniqueness weights computed. Mean: 1.0000, Min: 0.4376, Max: 1.3129 SUCCESS
[I 2025-12-14 12:20:29,534] Trial 620 finished with value: -0.005158002509737429 and parameters: {'trail_distance_atr_mult': 1.6932319130167643}. Best is trial 126 with value: -0.000363295272717509.
[2025-12-14 12:20:30.931] ⚖️ Computing uniqueness weights for 9018 events... INFO
2025-12-14 12:20:30,931 - System.tprint - INFO - ℹ️ ⚖️ Computing uniqueness weights for 9018 events... INFO
[2025-12-14 12:20:30.942] ✅ Uniqueness weights computed. Mean: 1.0000, Min: 0.4375, Max: 1.3125 SUCCESS
2025-12-14 12:20:30,942 - System.tprint - INFO - ℹ️ ✅ Uniqueness weights computed. Mean: 1.0000, Min: 0.4375, Max: 1.3125 SUCCESS
[I 2025-12-14 12:20:31,823] Trial 621 finished with value: -0.006658983248896032 and parameters: {'trail_distance_atr_mult': 1.5044499704490113}. Best is trial 126 with value: -0.000363295272717509.
[2025-12-14 12:20:33.203] ⚖️ Computing uniqueness weights for 9018 events... INFO
2025-12-14 12:20:33,203 - System.tprint - INFO - ℹ️ ⚖️ Computing uniqueness weights for 9018 events... INFO
[2025-12-14 12:20:33.214] ✅ Uniqueness weights computed. Mean: 1.0000, Min: 0.4375, Max: 1.3126 SUCCESS
2025-12-14 12:20:33,214 - System.tprint - INFO - ℹ️ ✅ Uniqueness weights computed. Mean: 1.0000, Min: 0.4375, Max: 1.3126 SUCCESS
[I 2025-12-14 12:20:34,096] Trial 622 finished with value: -0.003915184358467166 and parameters: {'trail_distance_atr_mult': 1.538399393209716}. Best is trial 126 with value: -0.000363295272717509.
[2025-12-14 12:20:35.481] ⚖️ Computing uniqueness weights for 9018 events... INFO
2025-12-14 12:20:35,481 - System.tprint - INFO - ℹ️ ⚖️ Computing uniqueness weights for 9018 events... INFO
[2025-12-14 12:20:35.492] ✅ Uniqueness weights computed. Mean: 1.0000, Min: 0.4377, Max: 1.3130 SUCCESS
2025-12-14 12:20:35,492 - System.tprint - INFO - ℹ️ ✅ Uniqueness weights computed. Mean: 1.0000, Min: 0.4377, Max: 1.3130 SUCCESS
[I 2025-12-14 12:20:36,390] Trial 623 finished with value: -0.0068994511812849185 and parameters: {'trail_distance_atr_mult': 1.7084777288029234}. Best is trial 126 with value: -0.000363295272717509.
[2025-12-14 12:20:37.797] ⚖️ Computing uniqueness weights for 9018 events... INFO
2025-12-14 12:20:37,797 - System.tprint - INFO - ℹ️ ⚖️ Computing uniqueness weights for 9018 events... INFO
[2025-12-14 12:20:37.809] ✅ Uniqueness weights computed. Mean: 1.0000, Min: 0.4375, Max: 1.3125 SUCCESS
2025-12-14 12:20:37,809 - System.tprint - INFO - ℹ️ ✅ Uniqueness weights computed. Mean: 1.0000, Min: 0.4375, Max: 1.3125 SUCCESS
[I 2025-12-14 12:20:38,687] Trial 624 finished with value: -0.004818487150388735 and parameters: {'trail_distance_atr_mult': 1.4693043410437654}. Best is trial 126 with value: -0.000363295272717509.
[2025-12-14 12:20:40.079] ⚖️ Computing uniqueness weights for 9018 events... INFO
2025-12-14 12:20:40,080 - System.tprint - INFO - ℹ️ ⚖️ Computing uniqueness weights for 9018 events... INFO
[2025-12-14 12:20:40.091] ✅ Uniqueness weights computed. Mean: 1.0000, Min: 0.4375, Max: 1.3125 SUCCESS
2025-12-14 12:20:40,091 - System.tprint - INFO - ℹ️ ✅ Uniqueness weights computed. Mean: 1.0000, Min: 0.4375, Max: 1.3125 SUCCESS
[I 2025-12-14 12:20:40,964] Trial 625 finished with value: -0.006463228127687674 and parameters: {'trail_distance_atr_mult': 1.4920560415967739}. Best is trial 126 with value: -0.000363295272717509.
[2025-12-14 12:20:42.352] ⚖️ Computing uniqueness weights for 9018 events... INFO
2025-12-14 12:20:42,352 - System.tprint - INFO - ℹ️ ⚖️ Computing uniqueness weights for 9018 events... INFO
[2025-12-14 12:20:42.363] ✅ Uniqueness weights computed. Mean: 1.0000, Min: 0.4377, Max: 1.3131 SUCCESS
2025-12-14 12:20:42,363 - System.tprint - INFO - ℹ️ ✅ Uniqueness weights computed. Mean: 1.0000, Min: 0.4377, Max: 1.3131 SUCCESS
[I 2025-12-14 12:20:43,321] Trial 626 finished with value: -0.006955399732256717 and parameters: {'trail_distance_atr_mult': 1.8456737478299972}. Best is trial 126 with value: -0.000363295272717509.
[2025-12-14 12:20:44.705] ⚖️ Computing uniqueness weights for 9018 events... INFO
2025-12-14 12:20:44,705 - System.tprint - INFO - ℹ️ ⚖️ Computing uniqueness weights for 9018 events... INFO
[2025-12-14 12:20:44.717] ✅ Uniqueness weights computed. Mean: 1.0000, Min: 0.4376, Max: 1.3127 SUCCESS
2025-12-14 12:20:44,717 - System.tprint - INFO - ℹ️ ✅ Uniqueness weights computed. Mean: 1.0000, Min: 0.4376, Max: 1.3127 SUCCESS
[I 2025-12-14 12:20:45,599] Trial 627 finished with value: -0.002270840799964841 and parameters: {'trail_distance_atr_mult': 1.580756713404652}. Best is trial 126 with value: -0.000363295272717509.
[2025-12-14 12:20:47.019] ⚖️ Computing uniqueness weights for 9018 events... INFO
2025-12-14 12:20:47,019 - System.tprint - INFO - ℹ️ ⚖️ Computing uniqueness weights for 9018 events... INFO
[2025-12-14 12:20:47.031] ✅ Uniqueness weights computed. Mean: 1.0000, Min: 0.4376, Max: 1.3127 SUCCESS
2025-12-14 12:20:47,031 - System.tprint - INFO - ℹ️ ✅ Uniqueness weights computed. Mean: 1.0000, Min: 0.4376, Max: 1.3127 SUCCESS
[I 2025-12-14 12:20:47,956] Trial 628 finished with value: -0.004195656909004465 and parameters: {'trail_distance_atr_mult': 1.611171303535196}. Best is trial 126 with value: -0.000363295272717509.
[2025-12-14 12:20:49.372] ⚖️ Computing uniqueness weights for 9018 events... INFO
2025-12-14 12:20:49,372 - System.tprint - INFO - ℹ️ ⚖️ Computing uniqueness weights for 9018 events... INFO
[2025-12-14 12:20:49.383] ✅ Uniqueness weights computed. Mean: 1.0000, Min: 0.4375, Max: 1.3126 SUCCESS
2025-12-14 12:20:49,383 - System.tprint - INFO - ℹ️ ✅ Uniqueness weights computed. Mean: 1.0000, Min: 0.4375, Max: 1.3126 SUCCESS
