[I 2025-12-14 13:27:31,942] Trial 2484 finished with value: -0.0034849037542104768 and parameters: {'trail_distance_atr_mult': 0.6581933649066317}. Best is trial 126 with value: -0.000363295272717509.
[2025-12-14 13:27:33.161] ⚖️ Computing uniqueness weights for 9018 events... INFO
2025-12-14 13:27:33,161 - System.tprint - INFO - ℹ️ ⚖️ Computing uniqueness weights for 9018 events... INFO
[2025-12-14 13:27:33.171] ✅ Uniqueness weights computed. Mean: 1.0000, Min: 0.4372, Max: 1.3117 SUCCESS
2025-12-14 13:27:33,171 - System.tprint - INFO - ℹ️ ✅ Uniqueness weights computed. Mean: 1.0000, Min: 0.4372, Max: 1.3117 SUCCESS
[I 2025-12-14 13:27:33,803] Trial 2485 finished with value: -0.0034849037542104768 and parameters: {'trail_distance_atr_mult': 0.6543041994578283}. Best is trial 126 with value: -0.000363295272717509.
[2025-12-14 13:27:35.027] ⚖️ Computing uniqueness weights for 9018 events... INFO
2025-12-14 13:27:35,027 - System.tprint - INFO - ℹ️ ⚖️ Computing uniqueness weights for 9018 events... INFO
[2025-12-14 13:27:35.036] ✅ Uniqueness weights computed. Mean: 1.0000, Min: 0.4372, Max: 1.3117 SUCCESS
2025-12-14 13:27:35,036 - System.tprint - INFO - ℹ️ ✅ Uniqueness weights computed. Mean: 1.0000, Min: 0.4372, Max: 1.3117 SUCCESS
[I 2025-12-14 13:27:35,782] Trial 2486 finished with value: -0.007479331783459741 and parameters: {'trail_distance_atr_mult': 0.6935558990174963}. Best is trial 126 with value: -0.000363295272717509.
[2025-12-14 13:27:36.979] ⚖️ Computing uniqueness weights for 9018 events... INFO
2025-12-14 13:27:36,980 - System.tprint - INFO - ℹ️ ⚖️ Computing uniqueness weights for 9018 events... INFO
[2025-12-14 13:27:36.990] ✅ Uniqueness weights computed. Mean: 1.0000, Min: 0.4372, Max: 1.3117 SUCCESS
2025-12-14 13:27:36,990 - System.tprint - INFO - ℹ️ ✅ Uniqueness weights computed. Mean: 1.0000, Min: 0.4372, Max: 1.3117 SUCCESS
[I 2025-12-14 13:27:37,626] Trial 2487 finished with value: -0.007479331783459741 and parameters: {'trail_distance_atr_mult': 0.6810956221059739}. Best is trial 126 with value: -0.000363295272717509.
[2025-12-14 13:27:38.833] ⚖️ Computing uniqueness weights for 9018 events... INFO
2025-12-14 13:27:38,833 - System.tprint - INFO - ℹ️ ⚖️ Computing uniqueness weights for 9018 events... INFO
[2025-12-14 13:27:38.843] ✅ Uniqueness weights computed. Mean: 1.0000, Min: 0.4372, Max: 1.3117 SUCCESS
2025-12-14 13:27:38,843 - System.tprint - INFO - ℹ️ ✅ Uniqueness weights computed. Mean: 1.0000, Min: 0.4372, Max: 1.3117 SUCCESS
[I 2025-12-14 13:27:39,479] Trial 2488 finished with value: -0.0075883651440773305 and parameters: {'trail_distance_atr_mult': 0.7500802808572826}. Best is trial 126 with value: -0.000363295272717509.
[2025-12-14 13:27:40.701] ⚖️ Computing uniqueness weights for 9018 events... INFO
2025-12-14 13:27:40,701 - System.tprint - INFO - ℹ️ ⚖️ Computing uniqueness weights for 9018 events... INFO
[2025-12-14 13:27:40.711] ✅ Uniqueness weights computed. Mean: 1.0000, Min: 0.4372, Max: 1.3117 SUCCESS
2025-12-14 13:27:40,711 - System.tprint - INFO - ℹ️ ✅ Uniqueness weights computed. Mean: 1.0000, Min: 0.4372, Max: 1.3117 SUCCESS
[I 2025-12-14 13:27:41,375] Trial 2489 finished with value: -0.007321828937469562 and parameters: {'trail_distance_atr_mult': 0.5090269387851544}. Best is trial 126 with value: -0.000363295272717509.
[2025-12-14 13:27:43.079] ⚖️ Computing uniqueness weights for 9018 events... INFO
2025-12-14 13:27:43,079 - System.tprint - INFO - ℹ️ ⚖️ Computing uniqueness weights for 9018 events... INFO
[2025-12-14 13:27:43.093] ✅ Uniqueness weights computed. Mean: 1.0000, Min: 0.4372, Max: 1.3117 SUCCESS
2025-12-14 13:27:43,093 - System.tprint - INFO - ℹ️ ✅ Uniqueness weights computed. Mean: 1.0000, Min: 0.4372, Max: 1.3117 SUCCESS
[I 2025-12-14 13:27:44,136] Trial 2490 finished with value: -0.0067281796667089345 and parameters: {'trail_distance_atr_mult': 0.7815716430872655}. Best is trial 126 with value: -0.000363295272717509.
[2025-12-14 13:27:45.847] ⚖️ Computing uniqueness weights for 9018 events... INFO
2025-12-14 13:27:45,847 - System.tprint - INFO - ℹ️ ⚖️ Computing uniqueness weights for 9018 events... INFO
[2025-12-14 13:27:45.859] ✅ Uniqueness weights computed. Mean: 1.0000, Min: 0.4372, Max: 1.3117 SUCCESS
2025-12-14 13:27:45,859 - System.tprint - INFO - ℹ️ ✅ Uniqueness weights computed. Mean: 1.0000, Min: 0.4372, Max: 1.3117 SUCCESS
[I 2025-12-14 13:27:46,579] Trial 2491 finished with value: -0.007588362924139631 and parameters: {'trail_distance_atr_mult': 0.7476315251687997}. Best is trial 126 with value: -0.000363295272717509.
[2025-12-14 13:27:48.019] ⚖️ Computing uniqueness weights for 9018 events... INFO
2025-12-14 13:27:48,019 - System.tprint - INFO - ℹ️ ⚖️ Computing uniqueness weights for 9018 events... INFO
[2025-12-14 13:27:48.031] ✅ Uniqueness weights computed. Mean: 1.0000, Min: 0.4372, Max: 1.3117 SUCCESS
2025-12-14 13:27:48,031 - System.tprint - INFO - ℹ️ ✅ Uniqueness weights computed. Mean: 1.0000, Min: 0.4372, Max: 1.3117 SUCCESS
[I 2025-12-14 13:27:48,926] Trial 2492 finished with value: -0.0067281113301218606 and parameters: {'trail_distance_atr_mult': 0.7885054983770743}. Best is trial 126 with value: -0.000363295272717509.
[2025-12-14 13:27:50.334] ⚖️ Computing uniqueness weights for 9018 events... INFO
2025-12-14 13:27:50,334 - System.tprint - INFO - ℹ️ ⚖️ Computing uniqueness weights for 9018 events... INFO
[2025-12-14 13:27:50.346] ✅ Uniqueness weights computed. Mean: 1.0000, Min: 0.4372, Max: 1.3117 SUCCESS
2025-12-14 13:27:50,346 - System.tprint - INFO - ℹ️ ✅ Uniqueness weights computed. Mean: 1.0000, Min: 0.4372, Max: 1.3117 SUCCESS
[I 2025-12-14 13:27:51,241] Trial 2493 finished with value: -0.006727905313106308 and parameters: {'trail_distance_atr_mult': 0.8085605119345837}. Best is trial 126 with value: -0.000363295272717509.
[2025-12-14 13:27:52.701] ⚖️ Computing uniqueness weights for 9018 events... INFO
2025-12-14 13:27:52,701 - System.tprint - INFO - ℹ️ ⚖️ Computing uniqueness weights for 9018 events... INFO
[2025-12-14 13:27:52.712] ✅ Uniqueness weights computed. Mean: 1.0000, Min: 0.4373, Max: 1.3118 SUCCESS
2025-12-14 13:27:52,713 - System.tprint - INFO - ℹ️ ✅ Uniqueness weights computed. Mean: 1.0000, Min: 0.4373, Max: 1.3118 SUCCESS
[I 2025-12-14 13:27:53,603] Trial 2494 finished with value: -0.006804506591097271 and parameters: {'trail_distance_atr_mult': 0.8239981129334265}. Best is trial 126 with value: -0.000363295272717509.
[2025-12-14 13:27:55.004] ⚖️ Computing uniqueness weights for 9018 events... INFO
2025-12-14 13:27:55,004 - System.tprint - INFO - ℹ️ ⚖️ Computing uniqueness weights for 9018 events... INFO
[2025-12-14 13:27:55.015] ✅ Uniqueness weights computed. Mean: 1.0000, Min: 0.4373, Max: 1.3118 SUCCESS
2025-12-14 13:27:55,015 - System.tprint - INFO - ℹ️ ✅ Uniqueness weights computed. Mean: 1.0000, Min: 0.4373, Max: 1.3118 SUCCESS
[I 2025-12-14 13:27:55,700] Trial 2495 finished with value: -0.006804540406080645 and parameters: {'trail_distance_atr_mult': 0.8392635844652574}. Best is trial 126 with value: -0.000363295272717509.
[2025-12-14 13:27:56.912] ⚖️ Computing uniqueness weights for 9018 events... INFO
2025-12-14 13:27:56,913 - System.tprint - INFO - ℹ️ ⚖️ Computing uniqueness weights for 9018 events... INFO
[2025-12-14 13:27:56.922] ✅ Uniqueness weights computed. Mean: 1.0000, Min: 0.4372, Max: 1.3117 SUCCESS
2025-12-14 13:27:56,922 - System.tprint - INFO - ℹ️ ✅ Uniqueness weights computed. Mean: 1.0000, Min: 0.4372, Max: 1.3117 SUCCESS
[I 2025-12-14 13:27:57,571] Trial 2496 finished with value: -0.007546852514577222 and parameters: {'trail_distance_atr_mult': 0.6301898984774346}. Best is trial 126 with value: -0.000363295272717509.
[2025-12-14 13:27:58.784] ⚖️ Computing uniqueness weights for 9018 events... INFO
2025-12-14 13:27:58,784 - System.tprint - INFO - ℹ️ ⚖️ Computing uniqueness weights for 9018 events... INFO
[2025-12-14 13:27:58.794] ✅ Uniqueness weights computed. Mean: 1.0000, Min: 0.4372, Max: 1.3117 SUCCESS
2025-12-14 13:27:58,794 - System.tprint - INFO - ℹ️ ✅ Uniqueness weights computed. Mean: 1.0000, Min: 0.4372, Max: 1.3117 SUCCESS
[I 2025-12-14 13:27:59,553] Trial 2497 finished with value: -0.007321828937469562 and parameters: {'trail_distance_atr_mult': 0.5048184016067244}. Best is trial 126 with value: -0.000363295272717509.
[2025-12-14 13:28:00.834] ⚖️ Computing uniqueness weights for 9018 events... INFO
2025-12-14 13:28:00,834 - System.tprint - INFO - ℹ️ ⚖️ Computing uniqueness weights for 9018 events... INFO
[2025-12-14 13:28:00.845] ✅ Uniqueness weights computed. Mean: 1.0000, Min: 0.4373, Max: 1.3118 SUCCESS
2025-12-14 13:28:00,845 - System.tprint - INFO - ℹ️ ✅ Uniqueness weights computed. Mean: 1.0000, Min: 0.4373, Max: 1.3118 SUCCESS
[I 2025-12-14 13:28:01,652] Trial 2498 finished with value: -0.00668113548474027 and parameters: {'trail_distance_atr_mult': 0.8719768622610824}. Best is trial 126 with value: -0.000363295272717509.
[2025-12-14 13:28:02.829] ⚖️ Computing uniqueness weights for 9018 events... INFO
2025-12-14 13:28:02,830 - System.tprint - INFO - ℹ️ ⚖️ Computing uniqueness weights for 9018 events... INFO
[2025-12-14 13:28:02.840] ✅ Uniqueness weights computed. Mean: 1.0000, Min: 0.4373, Max: 1.3118 SUCCESS
2025-12-14 13:28:02,840 - System.tprint - INFO - ℹ️ ✅ Uniqueness weights computed. Mean: 1.0000, Min: 0.4373, Max: 1.3118 SUCCESS
[I 2025-12-14 13:28:03,523] Trial 2499 finished with value: -0.006681118263598737 and parameters: {'trail_distance_atr_mult': 0.8755554736124667}. Best is trial 126 with value: -0.000363295272717509.
[2025-12-14 13:28:04.753] ⚖️ Computing uniqueness weights for 9018 events... INFO
2025-12-14 13:28:04,753 - System.tprint - INFO - ℹ️ ⚖️ Computing uniqueness weights for 9018 events... INFO
[2025-12-14 13:28:04.763] ✅ Uniqueness weights computed. Mean: 1.0000, Min: 0.4373, Max: 1.3118 SUCCESS
2025-12-14 13:28:04,763 - System.tprint - INFO - ℹ️ ✅ Uniqueness weights computed. Mean: 1.0000, Min: 0.4373, Max: 1.3118 SUCCESS
[I 2025-12-14 13:28:05,404] Trial 2500 finished with value: -0.006721279424516106 and parameters: {'trail_distance_atr_mult': 0.913468927455682}. Best is trial 126 with value: -0.000363295272717509.
[2025-12-14 13:28:06.597] ⚖️ Computing uniqueness weights for 9018 events... INFO
2025-12-14 13:28:06,597 - System.tprint - INFO - ℹ️ ⚖️ Computing uniqueness weights for 9018 events... INFO
[2025-12-14 13:28:06.607] ✅ Uniqueness weights computed. Mean: 1.0000, Min: 0.4372, Max: 1.3117 SUCCESS
2025-12-14 13:28:06,607 - System.tprint - INFO - ℹ️ ✅ Uniqueness weights computed. Mean: 1.0000, Min: 0.4372, Max: 1.3117 SUCCESS
[I 2025-12-14 13:28:07,309] Trial 2501 finished with value: -0.007479331783459741 and parameters: {'trail_distance_atr_mult': 0.6829575428932535}. Best is trial 126 with value: -0.000363295272717509.
[2025-12-14 13:28:08.652] ⚖️ Computing uniqueness weights for 9018 events... INFO
2025-12-14 13:28:08,653 - System.tprint - INFO - ℹ️ ⚖️ Computing uniqueness weights for 9018 events... INFO
[2025-12-14 13:28:08.663] ✅ Uniqueness weights computed. Mean: 1.0000, Min: 0.4373, Max: 1.3118 SUCCESS
2025-12-14 13:28:08,664 - System.tprint - INFO - ℹ️ ✅ Uniqueness weights computed. Mean: 1.0000, Min: 0.4373, Max: 1.3118 SUCCESS
[I 2025-12-14 13:28:09,303] Trial 2502 finished with value: -0.006721232341026674 and parameters: {'trail_distance_atr_mult': 0.908782659282698}. Best is trial 126 with value: -0.000363295272717509.
[2025-12-14 13:28:10.514] ⚖️ Computing uniqueness weights for 9018 events... INFO
2025-12-14 13:28:10,515 - System.tprint - INFO - ℹ️ ⚖️ Computing uniqueness weights for 9018 events... INFO
[2025-12-14 13:28:10.524] ✅ Uniqueness weights computed. Mean: 1.0000, Min: 0.4373, Max: 1.3118 SUCCESS
2025-12-14 13:28:10,524 - System.tprint - INFO - ℹ️ ✅ Uniqueness weights computed. Mean: 1.0000, Min: 0.4373, Max: 1.3118 SUCCESS
[I 2025-12-14 13:28:11,171] Trial 2503 finished with value: -0.006778401068650624 and parameters: {'trail_distance_atr_mult': 0.9378701191725327}. Best is trial 126 with value: -0.000363295272717509.
[2025-12-14 13:28:12.375] ⚖️ Computing uniqueness weights for 9018 events... INFO
2025-12-14 13:28:12,375 - System.tprint - INFO - ℹ️ ⚖️ Computing uniqueness weights for 9018 events... INFO
[2025-12-14 13:28:12.385] ✅ Uniqueness weights computed. Mean: 1.0000, Min: 0.4372, Max: 1.3117 SUCCESS
2025-12-14 13:28:12,385 - System.tprint - INFO - ℹ️ ✅ Uniqueness weights computed. Mean: 1.0000, Min: 0.4372, Max: 1.3117 SUCCESS
[I 2025-12-14 13:28:13,194] Trial 2504 finished with value: -0.007479331783459741 and parameters: {'trail_distance_atr_mult': 0.707161048202573}. Best is trial 126 with value: -0.000363295272717509.
[2025-12-14 13:28:14.375] ⚖️ Computing uniqueness weights for 9018 events... INFO
2025-12-14 13:28:14,376 - System.tprint - INFO - ℹ️ ⚖️ Computing uniqueness weights for 9018 events... INFO
[2025-12-14 13:28:14.385] ✅ Uniqueness weights computed. Mean: 1.0000, Min: 0.4373, Max: 1.3118 SUCCESS
2025-12-14 13:28:14,386 - System.tprint - INFO - ℹ️ ✅ Uniqueness weights computed. Mean: 1.0000, Min: 0.4373, Max: 1.3118 SUCCESS
[I 2025-12-14 13:28:15,366] Trial 2505 finished with value: -0.00675834931875604 and parameters: {'trail_distance_atr_mult': 0.9699335038457075}. Best is trial 126 with value: -0.000363295272717509.
[2025-12-14 13:28:16.581] ⚖️ Computing uniqueness weights for 9018 events... INFO
2025-12-14 13:28:16,582 - System.tprint - INFO - ℹ️ ⚖️ Computing uniqueness weights for 9018 events... INFO
[2025-12-14 13:28:16.594] ✅ Uniqueness weights computed. Mean: 1.0000, Min: 0.4373, Max: 1.3118 SUCCESS
2025-12-14 13:28:16,594 - System.tprint - INFO - ℹ️ ✅ Uniqueness weights computed. Mean: 1.0000, Min: 0.4373, Max: 1.3118 SUCCESS
[I 2025-12-14 13:28:17,334] Trial 2506 finished with value: -0.00675837791454958 and parameters: {'trail_distance_atr_mult': 0.9745222071650399}. Best is trial 126 with value: -0.000363295272717509.
[2025-12-14 13:28:18.567] ⚖️ Computing uniqueness weights for 9018 events... INFO
2025-12-14 13:28:18,567 - System.tprint - INFO - ℹ️ ⚖️ Computing uniqueness weights for 9018 events... INFO
[2025-12-14 13:28:18.577] ✅ Uniqueness weights computed. Mean: 1.0000, Min: 0.4372, Max: 1.3117 SUCCESS
2025-12-14 13:28:18,577 - System.tprint - INFO - ℹ️ ✅ Uniqueness weights computed. Mean: 1.0000, Min: 0.4372, Max: 1.3117 SUCCESS
[I 2025-12-14 13:28:19,257] Trial 2507 finished with value: -0.0034849037542104768 and parameters: {'trail_distance_atr_mult': 0.6607432188534704}. Best is trial 126 with value: -0.000363295272717509.
[2025-12-14 13:28:20.672] ⚖️ Computing uniqueness weights for 9018 events... INFO
2025-12-14 13:28:20,672 - System.tprint - INFO - ℹ️ ⚖️ Computing uniqueness weights for 9018 events... INFO
[2025-12-14 13:28:20.682] ✅ Uniqueness weights computed. Mean: 1.0000, Min: 0.4373, Max: 1.3119 SUCCESS
2025-12-14 13:28:20,683 - System.tprint - INFO - ℹ️ ✅ Uniqueness weights computed. Mean: 1.0000, Min: 0.4373, Max: 1.3119 SUCCESS
[I 2025-12-14 13:28:21,355] Trial 2508 finished with value: -0.006751217392527605 and parameters: {'trail_distance_atr_mult': 0.9971092389651053}. Best is trial 126 with value: -0.000363295272717509.
[2025-12-14 13:28:22.594] ⚖️ Computing uniqueness weights for 9018 events... INFO
2025-12-14 13:28:22,595 - System.tprint - INFO - ℹ️ ⚖️ Computing uniqueness weights for 9018 events... INFO
[2025-12-14 13:28:22.604] ✅ Uniqueness weights computed. Mean: 1.0000, Min: 0.4372, Max: 1.3117 SUCCESS
2025-12-14 13:28:22,604 - System.tprint - INFO - ℹ️ ✅ Uniqueness weights computed. Mean: 1.0000, Min: 0.4372, Max: 1.3117 SUCCESS
[I 2025-12-14 13:28:23,546] Trial 2509 finished with value: -0.006727967036381497 and parameters: {'trail_distance_atr_mult': 0.8026978951536624}. Best is trial 126 with value: -0.000363295272717509.
[2025-12-14 13:28:25.448] ⚖️ Computing uniqueness weights for 9018 events... INFO
2025-12-14 13:28:25,448 - System.tprint - INFO - ℹ️ ⚖️ Computing uniqueness weights for 9018 events... INFO
[2025-12-14 13:28:25.465] ✅ Uniqueness weights computed. Mean: 1.0000, Min: 0.4373, Max: 1.3119 SUCCESS
2025-12-14 13:28:25,466 - System.tprint - INFO - ℹ️ ✅ Uniqueness weights computed. Mean: 1.0000, Min: 0.4373, Max: 1.3119 SUCCESS
[I 2025-12-14 13:28:26,445] Trial 2510 finished with value: -0.00308468190204042 and parameters: {'trail_distance_atr_mult': 1.0211830571205724}. Best is trial 126 with value: -0.000363295272717509.
[2025-12-14 13:28:27.668] ⚖️ Computing uniqueness weights for 9018 events... INFO
2025-12-14 13:28:27,668 - System.tprint - INFO - ℹ️ ⚖️ Computing uniqueness weights for 9018 events... INFO
[2025-12-14 13:28:27.677] ✅ Uniqueness weights computed. Mean: 1.0000, Min: 0.4372, Max: 1.3117 SUCCESS
2025-12-14 13:28:27,677 - System.tprint - INFO - ℹ️ ✅ Uniqueness weights computed. Mean: 1.0000, Min: 0.4372, Max: 1.3117 SUCCESS
[I 2025-12-14 13:28:28,396] Trial 2511 finished with value: -0.006727956817448847 and parameters: {'trail_distance_atr_mult': 0.803669704540504}. Best is trial 126 with value: -0.000363295272717509.
[2025-12-14 13:28:29.800] ⚖️ Computing uniqueness weights for 9018 events... INFO
2025-12-14 13:28:29,800 - System.tprint - INFO - ℹ️ ⚖️ Computing uniqueness weights for 9018 events... INFO
[2025-12-14 13:28:29.811] ✅ Uniqueness weights computed. Mean: 1.0000, Min: 0.4373, Max: 1.3119 SUCCESS
2025-12-14 13:28:29,811 - System.tprint - INFO - ℹ️ ✅ Uniqueness weights computed. Mean: 1.0000, Min: 0.4373, Max: 1.3119 SUCCESS
[I 2025-12-14 13:28:30,712] Trial 2512 finished with value: -0.007527233486752092 and parameters: {'trail_distance_atr_mult': 1.0440223640448159}. Best is trial 126 with value: -0.000363295272717509.
[2025-12-14 13:28:32.092] ⚖️ Computing uniqueness weights for 9018 events... INFO
2025-12-14 13:28:32,093 - System.tprint - INFO - ℹ️ ⚖️ Computing uniqueness weights for 9018 events... INFO
[2025-12-14 13:28:32.104] ✅ Uniqueness weights computed. Mean: 1.0000, Min: 0.4372, Max: 1.3117 SUCCESS
2025-12-14 13:28:32,104 - System.tprint - INFO - ℹ️ ✅ Uniqueness weights computed. Mean: 1.0000, Min: 0.4372, Max: 1.3117 SUCCESS
[I 2025-12-14 13:28:32,990] Trial 2513 finished with value: -0.0034849037732859996 and parameters: {'trail_distance_atr_mult': 0.646992209948196}. Best is trial 126 with value: -0.000363295272717509.
[2025-12-14 13:28:34.362] ⚖️ Computing uniqueness weights for 9018 events... INFO
2025-12-14 13:28:34,362 - System.tprint - INFO - ℹ️ ⚖️ Computing uniqueness weights for 9018 events... INFO
[2025-12-14 13:28:34.373] ✅ Uniqueness weights computed. Mean: 1.0000, Min: 0.4373, Max: 1.3119 SUCCESS
2025-12-14 13:28:34,374 - System.tprint - INFO - ℹ️ ✅ Uniqueness weights computed. Mean: 1.0000, Min: 0.4373, Max: 1.3119 SUCCESS
[I 2025-12-14 13:28:35,264] Trial 2514 finished with value: -0.006751259530377247 and parameters: {'trail_distance_atr_mult': 1.0102444682781369}. Best is trial 126 with value: -0.000363295272717509.
[2025-12-14 13:28:36.606] ⚖️ Computing uniqueness weights for 9018 events... INFO
2025-12-14 13:28:36,607 - System.tprint - INFO - ℹ️ ⚖️ Computing uniqueness weights for 9018 events... INFO
[2025-12-14 13:28:36.617] ✅ Uniqueness weights computed. Mean: 1.0000, Min: 0.4373, Max: 1.3118 SUCCESS
2025-12-14 13:28:36,617 - System.tprint - INFO - ℹ️ ✅ Uniqueness weights computed. Mean: 1.0000, Min: 0.4373, Max: 1.3118 SUCCESS
[I 2025-12-14 13:28:37,281] Trial 2515 finished with value: -0.006804522312788016 and parameters: {'trail_distance_atr_mult': 0.8297604641690061}. Best is trial 126 with value: -0.000363295272717509.
[2025-12-14 13:28:38.484] ⚖️ Computing uniqueness weights for 9018 events... INFO
2025-12-14 13:28:38,484 - System.tprint - INFO - ℹ️ ⚖️ Computing uniqueness weights for 9018 events... INFO
[2025-12-14 13:28:38.494] ✅ Uniqueness weights computed. Mean: 1.0000, Min: 0.4373, Max: 1.3120 SUCCESS
2025-12-14 13:28:38,494 - System.tprint - INFO - ℹ️ ✅ Uniqueness weights computed. Mean: 1.0000, Min: 0.4373, Max: 1.3120 SUCCESS
[I 2025-12-14 13:28:39,131] Trial 2516 finished with value: -0.007658105138906709 and parameters: {'trail_distance_atr_mult': 1.1048880272868078}. Best is trial 126 with value: -0.000363295272717509.
[2025-12-14 13:28:40.336] ⚖️ Computing uniqueness weights for 9018 events... INFO
2025-12-14 13:28:40,336 - System.tprint - INFO - ℹ️ ⚖️ Computing uniqueness weights for 9018 events... INFO
[2025-12-14 13:28:40.345] ✅ Uniqueness weights computed. Mean: 1.0000, Min: 0.4372, Max: 1.3117 SUCCESS
2025-12-14 13:28:40,345 - System.tprint - INFO - ℹ️ ✅ Uniqueness weights computed. Mean: 1.0000, Min: 0.4372, Max: 1.3117 SUCCESS
[I 2025-12-14 13:28:40,985] Trial 2517 finished with value: -0.007321828937469562 and parameters: {'trail_distance_atr_mult': 0.5015089373191305}. Best is trial 126 with value: -0.000363295272717509.
[2025-12-14 13:28:42.190] ⚖️ Computing uniqueness weights for 9018 events... INFO
2025-12-14 13:28:42,190 - System.tprint - INFO - ℹ️ ⚖️ Computing uniqueness weights for 9018 events... INFO
[2025-12-14 13:28:42.200] ✅ Uniqueness weights computed. Mean: 1.0000, Min: 0.4373, Max: 1.3119 SUCCESS
2025-12-14 13:28:42,200 - System.tprint - INFO - ℹ️ ✅ Uniqueness weights computed. Mean: 1.0000, Min: 0.4373, Max: 1.3119 SUCCESS
[I 2025-12-14 13:28:42,837] Trial 2518 finished with value: -0.007527230172204055 and parameters: {'trail_distance_atr_mult': 1.0278850953101646}. Best is trial 126 with value: -0.000363295272717509.
[2025-12-14 13:28:44.039] ⚖️ Computing uniqueness weights for 9018 events... INFO
2025-12-14 13:28:44,039 - System.tprint - INFO - ℹ️ ⚖️ Computing uniqueness weights for 9018 events... INFO
[2025-12-14 13:28:44.049] ✅ Uniqueness weights computed. Mean: 1.0000, Min: 0.4373, Max: 1.3118 SUCCESS
2025-12-14 13:28:44,049 - System.tprint - INFO - ℹ️ ✅ Uniqueness weights computed. Mean: 1.0000, Min: 0.4373, Max: 1.3118 SUCCESS
