[I 2025-12-14 12:57:05,674] Trial 1609 finished with value: -0.0015566770059256237 and parameters: {'trail_distance_atr_mult': 0.7536156224351032}. Best is trial 126 with value: -0.000363295272717509.
[2025-12-14 12:57:06.898] ⚖️ Computing uniqueness weights for 9018 events... INFO
2025-12-14 12:57:06,898 - System.tprint - INFO - ℹ️ ⚖️ Computing uniqueness weights for 9018 events... INFO
[2025-12-14 12:57:06.908] ✅ Uniqueness weights computed. Mean: 1.0000, Min: 0.4372, Max: 1.3117 SUCCESS
2025-12-14 12:57:06,908 - System.tprint - INFO - ℹ️ ✅ Uniqueness weights computed. Mean: 1.0000, Min: 0.4372, Max: 1.3117 SUCCESS
[I 2025-12-14 12:57:07,540] Trial 1610 finished with value: -0.007479331783459741 and parameters: {'trail_distance_atr_mult': 0.7108884315400744}. Best is trial 126 with value: -0.000363295272717509.
[2025-12-14 12:57:08.745] ⚖️ Computing uniqueness weights for 9018 events... INFO
2025-12-14 12:57:08,745 - System.tprint - INFO - ℹ️ ⚖️ Computing uniqueness weights for 9018 events... INFO
[2025-12-14 12:57:08.755] ✅ Uniqueness weights computed. Mean: 1.0000, Min: 0.4372, Max: 1.3117 SUCCESS
2025-12-14 12:57:08,755 - System.tprint - INFO - ℹ️ ✅ Uniqueness weights computed. Mean: 1.0000, Min: 0.4372, Max: 1.3117 SUCCESS
[I 2025-12-14 12:57:09,389] Trial 1611 finished with value: -0.0015566820933849731 and parameters: {'trail_distance_atr_mult': 0.7570095684508469}. Best is trial 126 with value: -0.000363295272717509.
[2025-12-14 12:57:10.594] ⚖️ Computing uniqueness weights for 9018 events... INFO
2025-12-14 12:57:10,594 - System.tprint - INFO - ℹ️ ⚖️ Computing uniqueness weights for 9018 events... INFO
[2025-12-14 12:57:10.603] ✅ Uniqueness weights computed. Mean: 1.0000, Min: 0.4372, Max: 1.3117 SUCCESS
2025-12-14 12:57:10,603 - System.tprint - INFO - ℹ️ ✅ Uniqueness weights computed. Mean: 1.0000, Min: 0.4372, Max: 1.3117 SUCCESS
[I 2025-12-14 12:57:11,239] Trial 1612 finished with value: -0.007588356674840977 and parameters: {'trail_distance_atr_mult': 0.7399949024571661}. Best is trial 126 with value: -0.000363295272717509.
[2025-12-14 12:57:12.460] ⚖️ Computing uniqueness weights for 9018 events... INFO
2025-12-14 12:57:12,460 - System.tprint - INFO - ℹ️ ⚖️ Computing uniqueness weights for 9018 events... INFO
[2025-12-14 12:57:12.470] ✅ Uniqueness weights computed. Mean: 1.0000, Min: 0.4372, Max: 1.3117 SUCCESS
2025-12-14 12:57:12,470 - System.tprint - INFO - ℹ️ ✅ Uniqueness weights computed. Mean: 1.0000, Min: 0.4372, Max: 1.3117 SUCCESS
[I 2025-12-14 12:57:13,110] Trial 1613 finished with value: -0.007321828937469562 and parameters: {'trail_distance_atr_mult': 0.5200980623906042}. Best is trial 126 with value: -0.000363295272717509.
[2025-12-14 12:57:14.315] ⚖️ Computing uniqueness weights for 9018 events... INFO
2025-12-14 12:57:14,315 - System.tprint - INFO - ℹ️ ⚖️ Computing uniqueness weights for 9018 events... INFO
[2025-12-14 12:57:14.324] ✅ Uniqueness weights computed. Mean: 1.0000, Min: 0.4372, Max: 1.3117 SUCCESS
2025-12-14 12:57:14,324 - System.tprint - INFO - ℹ️ ✅ Uniqueness weights computed. Mean: 1.0000, Min: 0.4372, Max: 1.3117 SUCCESS
[I 2025-12-14 12:57:14,967] Trial 1614 finished with value: -0.0067281102512602615 and parameters: {'trail_distance_atr_mult': 0.7886131102221989}. Best is trial 126 with value: -0.000363295272717509.
[2025-12-14 12:57:16.174] ⚖️ Computing uniqueness weights for 9018 events... INFO
2025-12-14 12:57:16,174 - System.tprint - INFO - ℹ️ ⚖️ Computing uniqueness weights for 9018 events... INFO
[2025-12-14 12:57:16.184] ✅ Uniqueness weights computed. Mean: 1.0000, Min: 0.4372, Max: 1.3117 SUCCESS
2025-12-14 12:57:16,184 - System.tprint - INFO - ℹ️ ✅ Uniqueness weights computed. Mean: 1.0000, Min: 0.4372, Max: 1.3117 SUCCESS
[I 2025-12-14 12:57:16,818] Trial 1615 finished with value: -0.007479331783459741 and parameters: {'trail_distance_atr_mult': 0.7093168066932216}. Best is trial 126 with value: -0.000363295272717509.
[2025-12-14 12:57:18.025] ⚖️ Computing uniqueness weights for 9018 events... INFO
2025-12-14 12:57:18,025 - System.tprint - INFO - ℹ️ ⚖️ Computing uniqueness weights for 9018 events... INFO
[2025-12-14 12:57:18.035] ✅ Uniqueness weights computed. Mean: 1.0000, Min: 0.4372, Max: 1.3117 SUCCESS
2025-12-14 12:57:18,036 - System.tprint - INFO - ℹ️ ✅ Uniqueness weights computed. Mean: 1.0000, Min: 0.4372, Max: 1.3117 SUCCESS
[I 2025-12-14 12:57:18,670] Trial 1616 finished with value: -0.006728113071932684 and parameters: {'trail_distance_atr_mult': 0.7883379530985081}. Best is trial 126 with value: -0.000363295272717509.
[2025-12-14 12:57:19.889] ⚖️ Computing uniqueness weights for 9018 events... INFO
2025-12-14 12:57:19,889 - System.tprint - INFO - ℹ️ ⚖️ Computing uniqueness weights for 9018 events... INFO
[2025-12-14 12:57:19.898] ✅ Uniqueness weights computed. Mean: 1.0000, Min: 0.4372, Max: 1.3117 SUCCESS
2025-12-14 12:57:19,898 - System.tprint - INFO - ℹ️ ✅ Uniqueness weights computed. Mean: 1.0000, Min: 0.4372, Max: 1.3117 SUCCESS
[I 2025-12-14 12:57:20,543] Trial 1617 finished with value: -0.0015566766637902846 and parameters: {'trail_distance_atr_mult': 0.7533798561263862}. Best is trial 126 with value: -0.000363295272717509.
[2025-12-14 12:57:21.779] ⚖️ Computing uniqueness weights for 9018 events... INFO
2025-12-14 12:57:21,779 - System.tprint - INFO - ℹ️ ⚖️ Computing uniqueness weights for 9018 events... INFO
[2025-12-14 12:57:21.790] ✅ Uniqueness weights computed. Mean: 1.0000, Min: 0.4372, Max: 1.3117 SUCCESS
2025-12-14 12:57:21,790 - System.tprint - INFO - ℹ️ ✅ Uniqueness weights computed. Mean: 1.0000, Min: 0.4372, Max: 1.3117 SUCCESS
[I 2025-12-14 12:57:22,455] Trial 1618 finished with value: -0.0010604203789942627 and parameters: {'trail_distance_atr_mult': 0.7315929200411709}. Best is trial 126 with value: -0.000363295272717509.
[2025-12-14 12:57:23.663] ⚖️ Computing uniqueness weights for 9018 events... INFO
2025-12-14 12:57:23,664 - System.tprint - INFO - ℹ️ ⚖️ Computing uniqueness weights for 9018 events... INFO
[2025-12-14 12:57:23.673] ✅ Uniqueness weights computed. Mean: 1.0000, Min: 0.4372, Max: 1.3117 SUCCESS
2025-12-14 12:57:23,673 - System.tprint - INFO - ℹ️ ✅ Uniqueness weights computed. Mean: 1.0000, Min: 0.4372, Max: 1.3117 SUCCESS
[I 2025-12-14 12:57:24,315] Trial 1619 finished with value: -0.007321828937469562 and parameters: {'trail_distance_atr_mult': 0.5521328644015222}. Best is trial 126 with value: -0.000363295272717509.
[2025-12-14 12:57:25.515] ⚖️ Computing uniqueness weights for 9018 events... INFO
2025-12-14 12:57:25,515 - System.tprint - INFO - ℹ️ ⚖️ Computing uniqueness weights for 9018 events... INFO
[2025-12-14 12:57:25.525] ✅ Uniqueness weights computed. Mean: 1.0000, Min: 0.4372, Max: 1.3117 SUCCESS
2025-12-14 12:57:25,525 - System.tprint - INFO - ℹ️ ✅ Uniqueness weights computed. Mean: 1.0000, Min: 0.4372, Max: 1.3117 SUCCESS
[I 2025-12-14 12:57:26,169] Trial 1620 finished with value: -0.007479331783459741 and parameters: {'trail_distance_atr_mult': 0.7026839358198524}. Best is trial 126 with value: -0.000363295272717509.
[2025-12-14 12:57:27.372] ⚖️ Computing uniqueness weights for 9018 events... INFO
2025-12-14 12:57:27,372 - System.tprint - INFO - ℹ️ ⚖️ Computing uniqueness weights for 9018 events... INFO
[2025-12-14 12:57:27.383] ✅ Uniqueness weights computed. Mean: 1.0000, Min: 0.4372, Max: 1.3117 SUCCESS
2025-12-14 12:57:27,383 - System.tprint - INFO - ℹ️ ✅ Uniqueness weights computed. Mean: 1.0000, Min: 0.4372, Max: 1.3117 SUCCESS
[I 2025-12-14 12:57:28,018] Trial 1621 finished with value: -0.007321828937469562 and parameters: {'trail_distance_atr_mult': 0.5103639055760322}. Best is trial 126 with value: -0.000363295272717509.
[2025-12-14 12:57:29.210] ⚖️ Computing uniqueness weights for 9018 events... INFO
2025-12-14 12:57:29,210 - System.tprint - INFO - ℹ️ ⚖️ Computing uniqueness weights for 9018 events... INFO
[2025-12-14 12:57:29.220] ✅ Uniqueness weights computed. Mean: 1.0000, Min: 0.4372, Max: 1.3117 SUCCESS
2025-12-14 12:57:29,220 - System.tprint - INFO - ℹ️ ✅ Uniqueness weights computed. Mean: 1.0000, Min: 0.4372, Max: 1.3117 SUCCESS
[I 2025-12-14 12:57:29,952] Trial 1622 finished with value: -0.006747739510738878 and parameters: {'trail_distance_atr_mult': 0.7717443508511153}. Best is trial 126 with value: -0.000363295272717509.
[2025-12-14 12:57:31.158] ⚖️ Computing uniqueness weights for 9018 events... INFO
2025-12-14 12:57:31,158 - System.tprint - INFO - ℹ️ ⚖️ Computing uniqueness weights for 9018 events... INFO
[2025-12-14 12:57:31.168] ✅ Uniqueness weights computed. Mean: 1.0000, Min: 0.4372, Max: 1.3117 SUCCESS
2025-12-14 12:57:31,168 - System.tprint - INFO - ℹ️ ✅ Uniqueness weights computed. Mean: 1.0000, Min: 0.4372, Max: 1.3117 SUCCESS
[I 2025-12-14 12:57:31,889] Trial 1623 finished with value: -0.0010604203943822262 and parameters: {'trail_distance_atr_mult': 0.7331806303730785}. Best is trial 126 with value: -0.000363295272717509.
[2025-12-14 12:57:33.254] ⚖️ Computing uniqueness weights for 9018 events... INFO
2025-12-14 12:57:33,254 - System.tprint - INFO - ℹ️ ⚖️ Computing uniqueness weights for 9018 events... INFO
[2025-12-14 12:57:33.264] ✅ Uniqueness weights computed. Mean: 1.0000, Min: 0.4372, Max: 1.3117 SUCCESS
2025-12-14 12:57:33,265 - System.tprint - INFO - ℹ️ ✅ Uniqueness weights computed. Mean: 1.0000, Min: 0.4372, Max: 1.3117 SUCCESS
[I 2025-12-14 12:57:33,900] Trial 1624 finished with value: -0.007479331783459741 and parameters: {'trail_distance_atr_mult': 0.7060377886612298}. Best is trial 126 with value: -0.000363295272717509.
[2025-12-14 12:57:35.097] ⚖️ Computing uniqueness weights for 9018 events... INFO
2025-12-14 12:57:35,097 - System.tprint - INFO - ℹ️ ⚖️ Computing uniqueness weights for 9018 events... INFO
[2025-12-14 12:57:35.108] ✅ Uniqueness weights computed. Mean: 1.0000, Min: 0.4372, Max: 1.3117 SUCCESS
2025-12-14 12:57:35,108 - System.tprint - INFO - ℹ️ ✅ Uniqueness weights computed. Mean: 1.0000, Min: 0.4372, Max: 1.3117 SUCCESS
[I 2025-12-14 12:57:35,744] Trial 1625 finished with value: -0.007479331783459741 and parameters: {'trail_distance_atr_mult': 0.7017638338217911}. Best is trial 126 with value: -0.000363295272717509.
[2025-12-14 12:57:36.940] ⚖️ Computing uniqueness weights for 9018 events... INFO
2025-12-14 12:57:36,941 - System.tprint - INFO - ℹ️ ⚖️ Computing uniqueness weights for 9018 events... INFO
[2025-12-14 12:57:36.950] ✅ Uniqueness weights computed. Mean: 1.0000, Min: 0.4372, Max: 1.3117 SUCCESS
2025-12-14 12:57:36,950 - System.tprint - INFO - ℹ️ ✅ Uniqueness weights computed. Mean: 1.0000, Min: 0.4372, Max: 1.3117 SUCCESS
[I 2025-12-14 12:57:37,587] Trial 1626 finished with value: -0.007479331783459741 and parameters: {'trail_distance_atr_mult': 0.6832452741629095}. Best is trial 126 with value: -0.000363295272717509.
[2025-12-14 12:57:38.779] ⚖️ Computing uniqueness weights for 9018 events... INFO
2025-12-14 12:57:38,779 - System.tprint - INFO - ℹ️ ⚖️ Computing uniqueness weights for 9018 events... INFO
[2025-12-14 12:57:38.789] ✅ Uniqueness weights computed. Mean: 1.0000, Min: 0.4372, Max: 1.3117 SUCCESS
2025-12-14 12:57:38,789 - System.tprint - INFO - ℹ️ ✅ Uniqueness weights computed. Mean: 1.0000, Min: 0.4372, Max: 1.3117 SUCCESS
[I 2025-12-14 12:57:39,432] Trial 1627 finished with value: -0.007479331783459741 and parameters: {'trail_distance_atr_mult': 0.6874169581124168}. Best is trial 126 with value: -0.000363295272717509.
[2025-12-14 12:57:40.678] ⚖️ Computing uniqueness weights for 9018 events... INFO
2025-12-14 12:57:40,678 - System.tprint - INFO - ℹ️ ⚖️ Computing uniqueness weights for 9018 events... INFO
[2025-12-14 12:57:40.689] ✅ Uniqueness weights computed. Mean: 1.0000, Min: 0.4372, Max: 1.3117 SUCCESS
2025-12-14 12:57:40,689 - System.tprint - INFO - ℹ️ ✅ Uniqueness weights computed. Mean: 1.0000, Min: 0.4372, Max: 1.3117 SUCCESS
[I 2025-12-14 12:57:41,446] Trial 1628 finished with value: -0.007588362161166652 and parameters: {'trail_distance_atr_mult': 0.7466697963077089}. Best is trial 126 with value: -0.000363295272717509.
[2025-12-14 12:57:42.707] ⚖️ Computing uniqueness weights for 9018 events... INFO
2025-12-14 12:57:42,707 - System.tprint - INFO - ℹ️ ⚖️ Computing uniqueness weights for 9018 events... INFO
[2025-12-14 12:57:42.717] ✅ Uniqueness weights computed. Mean: 1.0000, Min: 0.4372, Max: 1.3117 SUCCESS
2025-12-14 12:57:42,718 - System.tprint - INFO - ℹ️ ✅ Uniqueness weights computed. Mean: 1.0000, Min: 0.4372, Max: 1.3117 SUCCESS
[I 2025-12-14 12:57:43,461] Trial 1629 finished with value: -0.007321828937469562 and parameters: {'trail_distance_atr_mult': 0.5194021177806267}. Best is trial 126 with value: -0.000363295272717509.
[2025-12-14 12:57:44.672] ⚖️ Computing uniqueness weights for 9018 events... INFO
2025-12-14 12:57:44,672 - System.tprint - INFO - ℹ️ ⚖️ Computing uniqueness weights for 9018 events... INFO
[2025-12-14 12:57:44.683] ✅ Uniqueness weights computed. Mean: 1.0000, Min: 0.4372, Max: 1.3117 SUCCESS
2025-12-14 12:57:44,683 - System.tprint - INFO - ℹ️ ✅ Uniqueness weights computed. Mean: 1.0000, Min: 0.4372, Max: 1.3117 SUCCESS
[I 2025-12-14 12:57:45,320] Trial 1630 finished with value: -0.0010604198668890806 and parameters: {'trail_distance_atr_mult': 0.7293963511312113}. Best is trial 126 with value: -0.000363295272717509.
[2025-12-14 12:57:46.514] ⚖️ Computing uniqueness weights for 9018 events... INFO
2025-12-14 12:57:46,514 - System.tprint - INFO - ℹ️ ⚖️ Computing uniqueness weights for 9018 events... INFO
[2025-12-14 12:57:46.524] ✅ Uniqueness weights computed. Mean: 1.0000, Min: 0.4372, Max: 1.3117 SUCCESS
2025-12-14 12:57:46,524 - System.tprint - INFO - ℹ️ ✅ Uniqueness weights computed. Mean: 1.0000, Min: 0.4372, Max: 1.3117 SUCCESS
[I 2025-12-14 12:57:47,184] Trial 1631 finished with value: -0.0010604203735403114 and parameters: {'trail_distance_atr_mult': 0.7336831255701455}. Best is trial 126 with value: -0.000363295272717509.
[2025-12-14 12:57:48.387] ⚖️ Computing uniqueness weights for 9018 events... INFO
2025-12-14 12:57:48,387 - System.tprint - INFO - ℹ️ ⚖️ Computing uniqueness weights for 9018 events... INFO
[2025-12-14 12:57:48.396] ✅ Uniqueness weights computed. Mean: 1.0000, Min: 0.4372, Max: 1.3117 SUCCESS
2025-12-14 12:57:48,397 - System.tprint - INFO - ℹ️ ✅ Uniqueness weights computed. Mean: 1.0000, Min: 0.4372, Max: 1.3117 SUCCESS
[I 2025-12-14 12:57:49,035] Trial 1632 finished with value: -0.007321828937469562 and parameters: {'trail_distance_atr_mult': 0.5585987048077462}. Best is trial 126 with value: -0.000363295272717509.
[2025-12-14 12:57:50.247] ⚖️ Computing uniqueness weights for 9018 events... INFO
2025-12-14 12:57:50,247 - System.tprint - INFO - ℹ️ ⚖️ Computing uniqueness weights for 9018 events... INFO
[2025-12-14 12:57:50.257] ✅ Uniqueness weights computed. Mean: 1.0000, Min: 0.4372, Max: 1.3117 SUCCESS
2025-12-14 12:57:50,257 - System.tprint - INFO - ℹ️ ✅ Uniqueness weights computed. Mean: 1.0000, Min: 0.4372, Max: 1.3117 SUCCESS
[I 2025-12-14 12:57:50,894] Trial 1633 finished with value: -0.007479331783459741 and parameters: {'trail_distance_atr_mult': 0.710494393629219}. Best is trial 126 with value: -0.000363295272717509.
[2025-12-14 12:57:52.112] ⚖️ Computing uniqueness weights for 9018 events... INFO
2025-12-14 12:57:52,112 - System.tprint - INFO - ℹ️ ⚖️ Computing uniqueness weights for 9018 events... INFO
[2025-12-14 12:57:52.121] ✅ Uniqueness weights computed. Mean: 1.0000, Min: 0.4372, Max: 1.3117 SUCCESS
2025-12-14 12:57:52,121 - System.tprint - INFO - ℹ️ ✅ Uniqueness weights computed. Mean: 1.0000, Min: 0.4372, Max: 1.3117 SUCCESS
[I 2025-12-14 12:57:52,767] Trial 1634 finished with value: -0.007588360916656336 and parameters: {'trail_distance_atr_mult': 0.7452240991743441}. Best is trial 126 with value: -0.000363295272717509.
[2025-12-14 12:57:53.968] ⚖️ Computing uniqueness weights for 9018 events... INFO
2025-12-14 12:57:53,969 - System.tprint - INFO - ℹ️ ⚖️ Computing uniqueness weights for 9018 events... INFO
[2025-12-14 12:57:53.979] ✅ Uniqueness weights computed. Mean: 1.0000, Min: 0.4372, Max: 1.3117 SUCCESS
2025-12-14 12:57:53,979 - System.tprint - INFO - ℹ️ ✅ Uniqueness weights computed. Mean: 1.0000, Min: 0.4372, Max: 1.3117 SUCCESS
[I 2025-12-14 12:57:54,714] Trial 1635 finished with value: -0.00155668107696383 and parameters: {'trail_distance_atr_mult': 0.7563235202060676}. Best is trial 126 with value: -0.000363295272717509.
[2025-12-14 12:57:56.204] ⚖️ Computing uniqueness weights for 9018 events... INFO
2025-12-14 12:57:56,204 - System.tprint - INFO - ℹ️ ⚖️ Computing uniqueness weights for 9018 events... INFO
[2025-12-14 12:57:56.219] ✅ Uniqueness weights computed. Mean: 1.0000, Min: 0.4372, Max: 1.3117 SUCCESS
2025-12-14 12:57:56,219 - System.tprint - INFO - ℹ️ ✅ Uniqueness weights computed. Mean: 1.0000, Min: 0.4372, Max: 1.3117 SUCCESS
[I 2025-12-14 12:57:57,360] Trial 1636 finished with value: -0.0010604202803327018 and parameters: {'trail_distance_atr_mult': 0.7352670061965763}. Best is trial 126 with value: -0.000363295272717509.
[2025-12-14 12:57:59.133] ⚖️ Computing uniqueness weights for 9018 events... INFO
2025-12-14 12:57:59,136 - System.tprint - INFO - ℹ️ ⚖️ Computing uniqueness weights for 9018 events... INFO
[2025-12-14 12:57:59.159] ✅ Uniqueness weights computed. Mean: 1.0000, Min: 0.4372, Max: 1.3117 SUCCESS
2025-12-14 12:57:59,160 - System.tprint - INFO - ℹ️ ✅ Uniqueness weights computed. Mean: 1.0000, Min: 0.4372, Max: 1.3117 SUCCESS
[I 2025-12-14 12:58:00,200] Trial 1637 finished with value: -0.006747741085230733 and parameters: {'trail_distance_atr_mult': 0.771261271777989}. Best is trial 126 with value: -0.000363295272717509.
[2025-12-14 12:58:01.596] ⚖️ Computing uniqueness weights for 9018 events... INFO
2025-12-14 12:58:01,596 - System.tprint - INFO - ℹ️ ⚖️ Computing uniqueness weights for 9018 events... INFO
[2025-12-14 12:58:01.608] ✅ Uniqueness weights computed. Mean: 1.0000, Min: 0.4372, Max: 1.3117 SUCCESS
2025-12-14 12:58:01,608 - System.tprint - INFO - ℹ️ ✅ Uniqueness weights computed. Mean: 1.0000, Min: 0.4372, Max: 1.3117 SUCCESS
[I 2025-12-14 12:58:02,506] Trial 1638 finished with value: -0.007321828937469562 and parameters: {'trail_distance_atr_mult': 0.534575116579445}. Best is trial 126 with value: -0.000363295272717509.
[2025-12-14 12:58:03.935] ⚖️ Computing uniqueness weights for 9018 events... INFO
2025-12-14 12:58:03,935 - System.tprint - INFO - ℹ️ ⚖️ Computing uniqueness weights for 9018 events... INFO
[2025-12-14 12:58:03.947] ✅ Uniqueness weights computed. Mean: 1.0000, Min: 0.4372, Max: 1.3117 SUCCESS
2025-12-14 12:58:03,947 - System.tprint - INFO - ℹ️ ✅ Uniqueness weights computed. Mean: 1.0000, Min: 0.4372, Max: 1.3117 SUCCESS
[I 2025-12-14 12:58:04,837] Trial 1639 finished with value: -0.0010604201130383563 and parameters: {'trail_distance_atr_mult': 0.7304959596440556}. Best is trial 126 with value: -0.000363295272717509.
[2025-12-14 12:58:06.213] ⚖️ Computing uniqueness weights for 9018 events... INFO
2025-12-14 12:58:06,213 - System.tprint - INFO - ℹ️ ⚖️ Computing uniqueness weights for 9018 events... INFO
[2025-12-14 12:58:06.225] ✅ Uniqueness weights computed. Mean: 1.0000, Min: 0.4372, Max: 1.3117 SUCCESS
2025-12-14 12:58:06,225 - System.tprint - INFO - ℹ️ ✅ Uniqueness weights computed. Mean: 1.0000, Min: 0.4372, Max: 1.3117 SUCCESS
[I 2025-12-14 12:58:07,126] Trial 1640 finished with value: -0.007321828937469562 and parameters: {'trail_distance_atr_mult': 0.5174421339449822}. Best is trial 126 with value: -0.000363295272717509.
[2025-12-14 12:58:08.502] ⚖️ Computing uniqueness weights for 9018 events... INFO
2025-12-14 12:58:08,502 - System.tprint - INFO - ℹ️ ⚖️ Computing uniqueness weights for 9018 events... INFO
[2025-12-14 12:58:08.514] ✅ Uniqueness weights computed. Mean: 1.0000, Min: 0.4372, Max: 1.3117 SUCCESS
2025-12-14 12:58:08,514 - System.tprint - INFO - ℹ️ ✅ Uniqueness weights computed. Mean: 1.0000, Min: 0.4372, Max: 1.3117 SUCCESS
[I 2025-12-14 12:58:09,341] Trial 1641 finished with value: -0.006747770812030781 and parameters: {'trail_distance_atr_mult': 0.7604405251976758}. Best is trial 126 with value: -0.000363295272717509.
[2025-12-14 12:58:10.545] ⚖️ Computing uniqueness weights for 9018 events... INFO
2025-12-14 12:58:10,546 - System.tprint - INFO - ℹ️ ⚖️ Computing uniqueness weights for 9018 events... INFO
[2025-12-14 12:58:10.555] ✅ Uniqueness weights computed. Mean: 1.0000, Min: 0.4372, Max: 1.3117 SUCCESS
2025-12-14 12:58:10,555 - System.tprint - INFO - ℹ️ ✅ Uniqueness weights computed. Mean: 1.0000, Min: 0.4372, Max: 1.3117 SUCCESS
[I 2025-12-14 12:58:11,232] Trial 1642 finished with value: -0.00758836171888007 and parameters: {'trail_distance_atr_mult': 0.7462264909952707}. Best is trial 126 with value: -0.000363295272717509.
[2025-12-14 12:58:12.424] ⚖️ Computing uniqueness weights for 9018 events... INFO
2025-12-14 12:58:12,424 - System.tprint - INFO - ℹ️ ⚖️ Computing uniqueness weights for 9018 events... INFO
[2025-12-14 12:58:12.433] ✅ Uniqueness weights computed. Mean: 1.0000, Min: 0.4372, Max: 1.3117 SUCCESS
2025-12-14 12:58:12,433 - System.tprint - INFO - ℹ️ ✅ Uniqueness weights computed. Mean: 1.0000, Min: 0.4372, Max: 1.3117 SUCCESS
[I 2025-12-14 12:58:13,113] Trial 1643 finished with value: -0.0015566793636066117 and parameters: {'trail_distance_atr_mult': 0.7551772350271636}. Best is trial 126 with value: -0.000363295272717509.
[2025-12-14 12:58:14.553] ⚖️ Computing uniqueness weights for 9018 events... INFO
2025-12-14 12:58:14,553 - System.tprint - INFO - ℹ️ ⚖️ Computing uniqueness weights for 9018 events... INFO
[2025-12-14 12:58:14.562] ✅ Uniqueness weights computed. Mean: 1.0000, Min: 0.4372, Max: 1.3117 SUCCESS
2025-12-14 12:58:14,562 - System.tprint - INFO - ℹ️ ✅ Uniqueness weights computed. Mean: 1.0000, Min: 0.4372, Max: 1.3117 SUCCESS
