[I 2025-12-14 12:34:29,965] Trial 944 finished with value: -0.0030156994775747043 and parameters: {'trail_distance_atr_mult': 1.202828095703678}. Best is trial 126 with value: -0.000363295272717509.
[2025-12-14 12:34:31.170] ⚖️ Computing uniqueness weights for 9018 events... INFO
2025-12-14 12:34:31,170 - System.tprint - INFO - ℹ️ ⚖️ Computing uniqueness weights for 9018 events... INFO
[2025-12-14 12:34:31.180] ✅ Uniqueness weights computed. Mean: 1.0000, Min: 0.4373, Max: 1.3119 SUCCESS
2025-12-14 12:34:31,180 - System.tprint - INFO - ℹ️ ✅ Uniqueness weights computed. Mean: 1.0000, Min: 0.4373, Max: 1.3119 SUCCESS
[I 2025-12-14 12:34:31,880] Trial 945 finished with value: -0.006751260534862603 and parameters: {'trail_distance_atr_mult': 1.0105618494170914}. Best is trial 126 with value: -0.000363295272717509.
[2025-12-14 12:34:33.119] ⚖️ Computing uniqueness weights for 9018 events... INFO
2025-12-14 12:34:33,120 - System.tprint - INFO - ℹ️ ⚖️ Computing uniqueness weights for 9018 events... INFO
[2025-12-14 12:34:33.130] ✅ Uniqueness weights computed. Mean: 1.0000, Min: 0.4374, Max: 1.3123 SUCCESS
2025-12-14 12:34:33,130 - System.tprint - INFO - ℹ️ ✅ Uniqueness weights computed. Mean: 1.0000, Min: 0.4374, Max: 1.3123 SUCCESS
[I 2025-12-14 12:34:34,007] Trial 946 finished with value: -0.004494389120162812 and parameters: {'trail_distance_atr_mult': 1.2422566076376487}. Best is trial 126 with value: -0.000363295272717509.
[2025-12-14 12:34:35.349] ⚖️ Computing uniqueness weights for 9018 events... INFO
2025-12-14 12:34:35,349 - System.tprint - INFO - ℹ️ ⚖️ Computing uniqueness weights for 9018 events... INFO
[2025-12-14 12:34:35.365] ✅ Uniqueness weights computed. Mean: 1.0000, Min: 0.4373, Max: 1.3119 SUCCESS
2025-12-14 12:34:35,365 - System.tprint - INFO - ℹ️ ✅ Uniqueness weights computed. Mean: 1.0000, Min: 0.4373, Max: 1.3119 SUCCESS
[I 2025-12-14 12:34:36,355] Trial 947 finished with value: -0.006751259499701222 and parameters: {'trail_distance_atr_mult': 1.0102382876879152}. Best is trial 126 with value: -0.000363295272717509.
[2025-12-14 12:34:37.541] ⚖️ Computing uniqueness weights for 9018 events... INFO
2025-12-14 12:34:37,541 - System.tprint - INFO - ℹ️ ⚖️ Computing uniqueness weights for 9018 events... INFO
[2025-12-14 12:34:37.550] ✅ Uniqueness weights computed. Mean: 1.0000, Min: 0.4374, Max: 1.3123 SUCCESS
2025-12-14 12:34:37,551 - System.tprint - INFO - ℹ️ ✅ Uniqueness weights computed. Mean: 1.0000, Min: 0.4374, Max: 1.3123 SUCCESS
[I 2025-12-14 12:34:38,232] Trial 948 finished with value: -0.0074626931013163054 and parameters: {'trail_distance_atr_mult': 1.2463603000705437}. Best is trial 126 with value: -0.000363295272717509.
[2025-12-14 12:34:39.413] ⚖️ Computing uniqueness weights for 9018 events... INFO
2025-12-14 12:34:39,413 - System.tprint - INFO - ℹ️ ⚖️ Computing uniqueness weights for 9018 events... INFO
[2025-12-14 12:34:39.422] ✅ Uniqueness weights computed. Mean: 1.0000, Min: 0.4372, Max: 1.3117 SUCCESS
2025-12-14 12:34:39,422 - System.tprint - INFO - ℹ️ ✅ Uniqueness weights computed. Mean: 1.0000, Min: 0.4372, Max: 1.3117 SUCCESS
[I 2025-12-14 12:34:40,102] Trial 949 finished with value: -0.006747536260916571 and parameters: {'trail_distance_atr_mult': 0.767716885489352}. Best is trial 126 with value: -0.000363295272717509.
[2025-12-14 12:34:41.292] ⚖️ Computing uniqueness weights for 9018 events... INFO
2025-12-14 12:34:41,293 - System.tprint - INFO - ℹ️ ⚖️ Computing uniqueness weights for 9018 events... INFO
[2025-12-14 12:34:41.302] ✅ Uniqueness weights computed. Mean: 1.0000, Min: 0.4375, Max: 1.3124 SUCCESS
2025-12-14 12:34:41,302 - System.tprint - INFO - ℹ️ ✅ Uniqueness weights computed. Mean: 1.0000, Min: 0.4375, Max: 1.3124 SUCCESS
[I 2025-12-14 12:34:41,988] Trial 950 finished with value: -0.0022514972910021047 and parameters: {'trail_distance_atr_mult': 1.2521534025518024}. Best is trial 126 with value: -0.000363295272717509.
[2025-12-14 12:34:43.188] ⚖️ Computing uniqueness weights for 9018 events... INFO
2025-12-14 12:34:43,189 - System.tprint - INFO - ℹ️ ⚖️ Computing uniqueness weights for 9018 events... INFO
[2025-12-14 12:34:43.199] ✅ Uniqueness weights computed. Mean: 1.0000, Min: 0.4374, Max: 1.3122 SUCCESS
2025-12-14 12:34:43,199 - System.tprint - INFO - ℹ️ ✅ Uniqueness weights computed. Mean: 1.0000, Min: 0.4374, Max: 1.3122 SUCCESS
[I 2025-12-14 12:34:43,885] Trial 951 finished with value: -0.0032227675320611474 and parameters: {'trail_distance_atr_mult': 1.2189446679365439}. Best is trial 126 with value: -0.000363295272717509.
[2025-12-14 12:34:45.074] ⚖️ Computing uniqueness weights for 9018 events... INFO
2025-12-14 12:34:45,075 - System.tprint - INFO - ℹ️ ⚖️ Computing uniqueness weights for 9018 events... INFO
[2025-12-14 12:34:45.084] ✅ Uniqueness weights computed. Mean: 1.0000, Min: 0.4374, Max: 1.3123 SUCCESS
2025-12-14 12:34:45,085 - System.tprint - INFO - ℹ️ ✅ Uniqueness weights computed. Mean: 1.0000, Min: 0.4374, Max: 1.3123 SUCCESS
[I 2025-12-14 12:34:45,769] Trial 952 finished with value: -0.004487205571300929 and parameters: {'trail_distance_atr_mult': 1.2270781066832497}. Best is trial 126 with value: -0.000363295272717509.
[2025-12-14 12:34:46.959] ⚖️ Computing uniqueness weights for 9018 events... INFO
2025-12-14 12:34:46,959 - System.tprint - INFO - ℹ️ ⚖️ Computing uniqueness weights for 9018 events... INFO
[2025-12-14 12:34:46.969] ✅ Uniqueness weights computed. Mean: 1.0000, Min: 0.4374, Max: 1.3123 SUCCESS
2025-12-14 12:34:46,969 - System.tprint - INFO - ℹ️ ✅ Uniqueness weights computed. Mean: 1.0000, Min: 0.4374, Max: 1.3123 SUCCESS
[I 2025-12-14 12:34:47,649] Trial 953 finished with value: -0.00449440893674505 and parameters: {'trail_distance_atr_mult': 1.2385852233788772}. Best is trial 126 with value: -0.000363295272717509.
[2025-12-14 12:34:49.012] ⚖️ Computing uniqueness weights for 9018 events... INFO
2025-12-14 12:34:49,012 - System.tprint - INFO - ℹ️ ⚖️ Computing uniqueness weights for 9018 events... INFO
[2025-12-14 12:34:49.022] ✅ Uniqueness weights computed. Mean: 1.0000, Min: 0.4373, Max: 1.3119 SUCCESS
2025-12-14 12:34:49,022 - System.tprint - INFO - ℹ️ ✅ Uniqueness weights computed. Mean: 1.0000, Min: 0.4373, Max: 1.3119 SUCCESS
[I 2025-12-14 12:34:49,704] Trial 954 finished with value: -0.007527228779002377 and parameters: {'trail_distance_atr_mult': 1.0325561717117433}. Best is trial 126 with value: -0.000363295272717509.
[2025-12-14 12:34:50.935] ⚖️ Computing uniqueness weights for 9018 events... INFO
2025-12-14 12:34:50,936 - System.tprint - INFO - ℹ️ ⚖️ Computing uniqueness weights for 9018 events... INFO
[2025-12-14 12:34:50.946] ✅ Uniqueness weights computed. Mean: 1.0000, Min: 0.4374, Max: 1.3121 SUCCESS
2025-12-14 12:34:50,946 - System.tprint - INFO - ℹ️ ✅ Uniqueness weights computed. Mean: 1.0000, Min: 0.4374, Max: 1.3121 SUCCESS
[I 2025-12-14 12:34:51,642] Trial 955 finished with value: -0.0012531685384437462 and parameters: {'trail_distance_atr_mult': 1.182076035629271}. Best is trial 126 with value: -0.000363295272717509.
[2025-12-14 12:34:52.868] ⚖️ Computing uniqueness weights for 9018 events... INFO
2025-12-14 12:34:52,869 - System.tprint - INFO - ℹ️ ⚖️ Computing uniqueness weights for 9018 events... INFO
[2025-12-14 12:34:52.880] ✅ Uniqueness weights computed. Mean: 1.0000, Min: 0.4374, Max: 1.3123 SUCCESS
2025-12-14 12:34:52,881 - System.tprint - INFO - ℹ️ ✅ Uniqueness weights computed. Mean: 1.0000, Min: 0.4374, Max: 1.3123 SUCCESS
[I 2025-12-14 12:34:53,641] Trial 956 finished with value: -0.004487212584279347 and parameters: {'trail_distance_atr_mult': 1.226498841802532}. Best is trial 126 with value: -0.000363295272717509.
[2025-12-14 12:34:54.815] ⚖️ Computing uniqueness weights for 9018 events... INFO
2025-12-14 12:34:54,815 - System.tprint - INFO - ℹ️ ⚖️ Computing uniqueness weights for 9018 events... INFO
[2025-12-14 12:34:54.825] ✅ Uniqueness weights computed. Mean: 1.0000, Min: 0.4373, Max: 1.3120 SUCCESS
2025-12-14 12:34:54,825 - System.tprint - INFO - ℹ️ ✅ Uniqueness weights computed. Mean: 1.0000, Min: 0.4373, Max: 1.3120 SUCCESS
[I 2025-12-14 12:34:55,505] Trial 957 finished with value: -0.0008138614145317355 and parameters: {'trail_distance_atr_mult': 1.0968697742623987}. Best is trial 126 with value: -0.000363295272717509.
[2025-12-14 12:34:56.688] ⚖️ Computing uniqueness weights for 9018 events... INFO
2025-12-14 12:34:56,688 - System.tprint - INFO - ℹ️ ⚖️ Computing uniqueness weights for 9018 events... INFO
[2025-12-14 12:34:56.698] ✅ Uniqueness weights computed. Mean: 1.0000, Min: 0.4373, Max: 1.3118 SUCCESS
2025-12-14 12:34:56,698 - System.tprint - INFO - ℹ️ ✅ Uniqueness weights computed. Mean: 1.0000, Min: 0.4373, Max: 1.3118 SUCCESS
[I 2025-12-14 12:34:57,552] Trial 958 finished with value: -0.006741915814427574 and parameters: {'trail_distance_atr_mult': 0.9872217266824206}. Best is trial 126 with value: -0.000363295272717509.
[2025-12-14 12:34:58.773] ⚖️ Computing uniqueness weights for 9018 events... INFO
2025-12-14 12:34:58,773 - System.tprint - INFO - ℹ️ ⚖️ Computing uniqueness weights for 9018 events... INFO
[2025-12-14 12:34:58.786] ✅ Uniqueness weights computed. Mean: 1.0000, Min: 0.4373, Max: 1.3119 SUCCESS
2025-12-14 12:34:58,786 - System.tprint - INFO - ℹ️ ✅ Uniqueness weights computed. Mean: 1.0000, Min: 0.4373, Max: 1.3119 SUCCESS
[I 2025-12-14 12:34:59,774] Trial 959 finished with value: -0.003084679737006492 and parameters: {'trail_distance_atr_mult': 1.0182247315339423}. Best is trial 126 with value: -0.000363295272717509.
[2025-12-14 12:35:00.958] ⚖️ Computing uniqueness weights for 9018 events... INFO
2025-12-14 12:35:00,958 - System.tprint - INFO - ℹ️ ⚖️ Computing uniqueness weights for 9018 events... INFO
[2025-12-14 12:35:00.968] ✅ Uniqueness weights computed. Mean: 1.0000, Min: 0.4373, Max: 1.3120 SUCCESS
2025-12-14 12:35:00,968 - System.tprint - INFO - ℹ️ ✅ Uniqueness weights computed. Mean: 1.0000, Min: 0.4373, Max: 1.3120 SUCCESS
[I 2025-12-14 12:35:01,676] Trial 960 finished with value: -0.007527266674413487 and parameters: {'trail_distance_atr_mult': 1.0715035597612323}. Best is trial 126 with value: -0.000363295272717509.
[2025-12-14 12:35:02.871] ⚖️ Computing uniqueness weights for 9018 events... INFO
2025-12-14 12:35:02,871 - System.tprint - INFO - ℹ️ ⚖️ Computing uniqueness weights for 9018 events... INFO
[2025-12-14 12:35:02.880] ✅ Uniqueness weights computed. Mean: 1.0000, Min: 0.4374, Max: 1.3122 SUCCESS
2025-12-14 12:35:02,880 - System.tprint - INFO - ℹ️ ✅ Uniqueness weights computed. Mean: 1.0000, Min: 0.4374, Max: 1.3122 SUCCESS
[I 2025-12-14 12:35:03,737] Trial 961 finished with value: -0.0032650293421143976 and parameters: {'trail_distance_atr_mult': 1.2131603174115393}. Best is trial 126 with value: -0.000363295272717509.
[2025-12-14 12:35:05.688] ⚖️ Computing uniqueness weights for 9018 events... INFO
2025-12-14 12:35:05,688 - System.tprint - INFO - ℹ️ ⚖️ Computing uniqueness weights for 9018 events... INFO
[2025-12-14 12:35:05.700] ✅ Uniqueness weights computed. Mean: 1.0000, Min: 0.4373, Max: 1.3119 SUCCESS
2025-12-14 12:35:05,700 - System.tprint - INFO - ℹ️ ✅ Uniqueness weights computed. Mean: 1.0000, Min: 0.4373, Max: 1.3119 SUCCESS
[I 2025-12-14 12:35:06,486] Trial 962 finished with value: -0.007527242667180674 and parameters: {'trail_distance_atr_mult': 1.0516821243492982}. Best is trial 126 with value: -0.000363295272717509.
[2025-12-14 12:35:07.671] ⚖️ Computing uniqueness weights for 9018 events... INFO
2025-12-14 12:35:07,671 - System.tprint - INFO - ℹ️ ⚖️ Computing uniqueness weights for 9018 events... INFO
[2025-12-14 12:35:07.681] ✅ Uniqueness weights computed. Mean: 1.0000, Min: 0.4374, Max: 1.3123 SUCCESS
2025-12-14 12:35:07,681 - System.tprint - INFO - ℹ️ ✅ Uniqueness weights computed. Mean: 1.0000, Min: 0.4374, Max: 1.3123 SUCCESS
[I 2025-12-14 12:35:08,361] Trial 963 finished with value: -0.004494414310582907 and parameters: {'trail_distance_atr_mult': 1.2375876565265136}. Best is trial 126 with value: -0.000363295272717509.
[2025-12-14 12:35:09.549] ⚖️ Computing uniqueness weights for 9018 events... INFO
2025-12-14 12:35:09,550 - System.tprint - INFO - ℹ️ ⚖️ Computing uniqueness weights for 9018 events... INFO
[2025-12-14 12:35:09.559] ✅ Uniqueness weights computed. Mean: 1.0000, Min: 0.4374, Max: 1.3123 SUCCESS
2025-12-14 12:35:09,559 - System.tprint - INFO - ℹ️ ✅ Uniqueness weights computed. Mean: 1.0000, Min: 0.4374, Max: 1.3123 SUCCESS
[I 2025-12-14 12:35:10,264] Trial 964 finished with value: -0.004225083335364738 and parameters: {'trail_distance_atr_mult': 1.2303745952670402}. Best is trial 126 with value: -0.000363295272717509.
[2025-12-14 12:35:11.459] ⚖️ Computing uniqueness weights for 9018 events... INFO
2025-12-14 12:35:11,459 - System.tprint - INFO - ℹ️ ⚖️ Computing uniqueness weights for 9018 events... INFO
[2025-12-14 12:35:11.469] ✅ Uniqueness weights computed. Mean: 1.0000, Min: 0.4373, Max: 1.3118 SUCCESS
2025-12-14 12:35:11,469 - System.tprint - INFO - ℹ️ ✅ Uniqueness weights computed. Mean: 1.0000, Min: 0.4373, Max: 1.3118 SUCCESS
[I 2025-12-14 12:35:12,158] Trial 965 finished with value: -0.00677841883873552 and parameters: {'trail_distance_atr_mult': 0.9484108813684642}. Best is trial 126 with value: -0.000363295272717509.
[2025-12-14 12:35:13.355] ⚖️ Computing uniqueness weights for 9018 events... INFO
2025-12-14 12:35:13,355 - System.tprint - INFO - ℹ️ ⚖️ Computing uniqueness weights for 9018 events... INFO
[2025-12-14 12:35:13.365] ✅ Uniqueness weights computed. Mean: 1.0000, Min: 0.4374, Max: 1.3123 SUCCESS
2025-12-14 12:35:13,365 - System.tprint - INFO - ℹ️ ✅ Uniqueness weights computed. Mean: 1.0000, Min: 0.4374, Max: 1.3123 SUCCESS
[I 2025-12-14 12:35:14,045] Trial 966 finished with value: -0.004494439295594327 and parameters: {'trail_distance_atr_mult': 1.232864751038879}. Best is trial 126 with value: -0.000363295272717509.
[2025-12-14 12:35:15.235] ⚖️ Computing uniqueness weights for 9018 events... INFO
2025-12-14 12:35:15,235 - System.tprint - INFO - ℹ️ ⚖️ Computing uniqueness weights for 9018 events... INFO
[2025-12-14 12:35:15.245] ✅ Uniqueness weights computed. Mean: 1.0000, Min: 0.4373, Max: 1.3119 SUCCESS
2025-12-14 12:35:15,245 - System.tprint - INFO - ℹ️ ✅ Uniqueness weights computed. Mean: 1.0000, Min: 0.4373, Max: 1.3119 SUCCESS
[I 2025-12-14 12:35:15,928] Trial 967 finished with value: -0.007527241025211837 and parameters: {'trail_distance_atr_mult': 1.0502896267320856}. Best is trial 126 with value: -0.000363295272717509.
[2025-12-14 12:35:17.114] ⚖️ Computing uniqueness weights for 9018 events... INFO
2025-12-14 12:35:17,114 - System.tprint - INFO - ℹ️ ⚖️ Computing uniqueness weights for 9018 events... INFO
[2025-12-14 12:35:17.124] ✅ Uniqueness weights computed. Mean: 1.0000, Min: 0.4375, Max: 1.3124 SUCCESS
2025-12-14 12:35:17,125 - System.tprint - INFO - ℹ️ ✅ Uniqueness weights computed. Mean: 1.0000, Min: 0.4375, Max: 1.3124 SUCCESS
[I 2025-12-14 12:35:17,810] Trial 968 finished with value: -0.0022685379742283076 and parameters: {'trail_distance_atr_mult': 1.2586597887736195}. Best is trial 126 with value: -0.000363295272717509.
[2025-12-14 12:35:19.007] ⚖️ Computing uniqueness weights for 9018 events... INFO
2025-12-14 12:35:19,007 - System.tprint - INFO - ℹ️ ⚖️ Computing uniqueness weights for 9018 events... INFO
[2025-12-14 12:35:19.016] ✅ Uniqueness weights computed. Mean: 1.0000, Min: 0.4374, Max: 1.3123 SUCCESS
2025-12-14 12:35:19,016 - System.tprint - INFO - ℹ️ ✅ Uniqueness weights computed. Mean: 1.0000, Min: 0.4374, Max: 1.3123 SUCCESS
[I 2025-12-14 12:35:19,699] Trial 969 finished with value: -0.004494436573530091 and parameters: {'trail_distance_atr_mult': 1.2334061146049928}. Best is trial 126 with value: -0.000363295272717509.
[2025-12-14 12:35:20.932] ⚖️ Computing uniqueness weights for 9018 events... INFO
2025-12-14 12:35:20,933 - System.tprint - INFO - ℹ️ ⚖️ Computing uniqueness weights for 9018 events... INFO
[2025-12-14 12:35:20.942] ✅ Uniqueness weights computed. Mean: 1.0000, Min: 0.4374, Max: 1.3123 SUCCESS
2025-12-14 12:35:20,942 - System.tprint - INFO - ℹ️ ✅ Uniqueness weights computed. Mean: 1.0000, Min: 0.4374, Max: 1.3123 SUCCESS
[I 2025-12-14 12:35:21,634] Trial 970 finished with value: -0.004494423233646325 and parameters: {'trail_distance_atr_mult': 1.2359119978828021}. Best is trial 126 with value: -0.000363295272717509.
[2025-12-14 12:35:22.821] ⚖️ Computing uniqueness weights for 9018 events... INFO
2025-12-14 12:35:22,821 - System.tprint - INFO - ℹ️ ⚖️ Computing uniqueness weights for 9018 events... INFO
[2025-12-14 12:35:22.831] ✅ Uniqueness weights computed. Mean: 1.0000, Min: 0.4374, Max: 1.3123 SUCCESS
2025-12-14 12:35:22,831 - System.tprint - INFO - ℹ️ ✅ Uniqueness weights computed. Mean: 1.0000, Min: 0.4374, Max: 1.3123 SUCCESS
[I 2025-12-14 12:35:23,510] Trial 971 finished with value: -0.00746269111421267 and parameters: {'trail_distance_atr_mult': 1.2464685039889598}. Best is trial 126 with value: -0.000363295272717509.
[2025-12-14 12:35:24.861] ⚖️ Computing uniqueness weights for 9018 events... INFO
2025-12-14 12:35:24,861 - System.tprint - INFO - ℹ️ ⚖️ Computing uniqueness weights for 9018 events... INFO
[2025-12-14 12:35:24.872] ✅ Uniqueness weights computed. Mean: 1.0000, Min: 0.4373, Max: 1.3119 SUCCESS
2025-12-14 12:35:24,872 - System.tprint - INFO - ℹ️ ✅ Uniqueness weights computed. Mean: 1.0000, Min: 0.4373, Max: 1.3119 SUCCESS
[I 2025-12-14 12:35:25,605] Trial 972 finished with value: -0.007527228160089415 and parameters: {'trail_distance_atr_mult': 1.0346370452194265}. Best is trial 126 with value: -0.000363295272717509.
[2025-12-14 12:35:26.805] ⚖️ Computing uniqueness weights for 9018 events... INFO
2025-12-14 12:35:26,805 - System.tprint - INFO - ℹ️ ⚖️ Computing uniqueness weights for 9018 events... INFO
[2025-12-14 12:35:26.815] ✅ Uniqueness weights computed. Mean: 1.0000, Min: 0.4375, Max: 1.3124 SUCCESS
2025-12-14 12:35:26,815 - System.tprint - INFO - ℹ️ ✅ Uniqueness weights computed. Mean: 1.0000, Min: 0.4375, Max: 1.3124 SUCCESS
[I 2025-12-14 12:35:27,517] Trial 973 finished with value: -0.0022685387092844546 and parameters: {'trail_distance_atr_mult': 1.258493176433967}. Best is trial 126 with value: -0.000363295272717509.
[2025-12-14 12:35:28.713] ⚖️ Computing uniqueness weights for 9018 events... INFO
2025-12-14 12:35:28,714 - System.tprint - INFO - ℹ️ ⚖️ Computing uniqueness weights for 9018 events... INFO
[2025-12-14 12:35:28.723] ✅ Uniqueness weights computed. Mean: 1.0000, Min: 0.4374, Max: 1.3121 SUCCESS
2025-12-14 12:35:28,724 - System.tprint - INFO - ℹ️ ✅ Uniqueness weights computed. Mean: 1.0000, Min: 0.4374, Max: 1.3121 SUCCESS
[I 2025-12-14 12:35:29,429] Trial 974 finished with value: -0.0012531691178069228 and parameters: {'trail_distance_atr_mult': 1.183278461407601}. Best is trial 126 with value: -0.000363295272717509.
[2025-12-14 12:35:30.632] ⚖️ Computing uniqueness weights for 9018 events... INFO
2025-12-14 12:35:30,632 - System.tprint - INFO - ℹ️ ⚖️ Computing uniqueness weights for 9018 events... INFO
[2025-12-14 12:35:30.643] ✅ Uniqueness weights computed. Mean: 1.0000, Min: 0.4375, Max: 1.3124 SUCCESS
2025-12-14 12:35:30,643 - System.tprint - INFO - ℹ️ ✅ Uniqueness weights computed. Mean: 1.0000, Min: 0.4375, Max: 1.3124 SUCCESS
[I 2025-12-14 12:35:31,737] Trial 975 finished with value: -0.0022515119046010927 and parameters: {'trail_distance_atr_mult': 1.2492678938455473}. Best is trial 126 with value: -0.000363295272717509.
[2025-12-14 12:35:33.193] ⚖️ Computing uniqueness weights for 9018 events... INFO
2025-12-14 12:35:33,193 - System.tprint - INFO - ℹ️ ⚖️ Computing uniqueness weights for 9018 events... INFO
[2025-12-14 12:35:33.206] ✅ Uniqueness weights computed. Mean: 1.0000, Min: 0.4375, Max: 1.3124 SUCCESS
2025-12-14 12:35:33,206 - System.tprint - INFO - ℹ️ ✅ Uniqueness weights computed. Mean: 1.0000, Min: 0.4375, Max: 1.3124 SUCCESS
[I 2025-12-14 12:35:33,972] Trial 976 finished with value: -0.0022514865327393848 and parameters: {'trail_distance_atr_mult': 1.254290044350567}. Best is trial 126 with value: -0.000363295272717509.
[2025-12-14 12:35:35.165] ⚖️ Computing uniqueness weights for 9018 events... INFO
2025-12-14 12:35:35,165 - System.tprint - INFO - ℹ️ ⚖️ Computing uniqueness weights for 9018 events... INFO
[2025-12-14 12:35:35.176] ✅ Uniqueness weights computed. Mean: 1.0000, Min: 0.4374, Max: 1.3123 SUCCESS
2025-12-14 12:35:35,176 - System.tprint - INFO - ℹ️ ✅ Uniqueness weights computed. Mean: 1.0000, Min: 0.4374, Max: 1.3123 SUCCESS
[I 2025-12-14 12:35:35,907] Trial 977 finished with value: -0.004487219101964876 and parameters: {'trail_distance_atr_mult': 1.2259528572355278}. Best is trial 126 with value: -0.000363295272717509.
[2025-12-14 12:35:37.143] ⚖️ Computing uniqueness weights for 9018 events... INFO
2025-12-14 12:35:37,143 - System.tprint - INFO - ℹ️ ⚖️ Computing uniqueness weights for 9018 events... INFO
[2025-12-14 12:35:37.155] ✅ Uniqueness weights computed. Mean: 1.0000, Min: 0.4374, Max: 1.3122 SUCCESS
2025-12-14 12:35:37,156 - System.tprint - INFO - ℹ️ ✅ Uniqueness weights computed. Mean: 1.0000, Min: 0.4374, Max: 1.3122 SUCCESS
[I 2025-12-14 12:35:38,581] Trial 978 finished with value: -0.0030156980303065496 and parameters: {'trail_distance_atr_mult': 1.203681998646574}. Best is trial 126 with value: -0.000363295272717509.
[2025-12-14 12:35:40.393] ⚖️ Computing uniqueness weights for 9018 events... INFO
2025-12-14 12:35:40,393 - System.tprint - INFO - ℹ️ ⚖️ Computing uniqueness weights for 9018 events... INFO
[2025-12-14 12:35:40.409] ✅ Uniqueness weights computed. Mean: 1.0000, Min: 0.4374, Max: 1.3123 SUCCESS
2025-12-14 12:35:40,409 - System.tprint - INFO - ℹ️ ✅ Uniqueness weights computed. Mean: 1.0000, Min: 0.4374, Max: 1.3123 SUCCESS
