[I 2025-12-14 12:47:42,722] Trial 1329 finished with value: -0.006681089112869825 and parameters: {'trail_distance_atr_mult': 0.8871838357102467}. Best is trial 126 with value: -0.000363295272717509.
[2025-12-14 12:47:43.928] ⚖️ Computing uniqueness weights for 9018 events... INFO
2025-12-14 12:47:43,928 - System.tprint - INFO - ℹ️ ⚖️ Computing uniqueness weights for 9018 events... INFO
[2025-12-14 12:47:43.938] ✅ Uniqueness weights computed. Mean: 1.0000, Min: 0.4373, Max: 1.3120 SUCCESS
2025-12-14 12:47:43,938 - System.tprint - INFO - ℹ️ ✅ Uniqueness weights computed. Mean: 1.0000, Min: 0.4373, Max: 1.3120 SUCCESS
[I 2025-12-14 12:47:44,575] Trial 1330 finished with value: -0.007527254234228469 and parameters: {'trail_distance_atr_mult': 1.0612095824186405}. Best is trial 126 with value: -0.000363295272717509.
[2025-12-14 12:47:45.784] ⚖️ Computing uniqueness weights for 9018 events... INFO
2025-12-14 12:47:45,784 - System.tprint - INFO - ℹ️ ⚖️ Computing uniqueness weights for 9018 events... INFO
[2025-12-14 12:47:45.794] ✅ Uniqueness weights computed. Mean: 1.0000, Min: 0.4373, Max: 1.3120 SUCCESS
2025-12-14 12:47:45,794 - System.tprint - INFO - ℹ️ ✅ Uniqueness weights computed. Mean: 1.0000, Min: 0.4373, Max: 1.3120 SUCCESS
[I 2025-12-14 12:47:46,458] Trial 1331 finished with value: -0.0008138610531827357 and parameters: {'trail_distance_atr_mult': 1.1018623368323772}. Best is trial 126 with value: -0.000363295272717509.
[2025-12-14 12:47:47.666] ⚖️ Computing uniqueness weights for 9018 events... INFO
2025-12-14 12:47:47,666 - System.tprint - INFO - ℹ️ ⚖️ Computing uniqueness weights for 9018 events... INFO
[2025-12-14 12:47:47.675] ✅ Uniqueness weights computed. Mean: 1.0000, Min: 0.4373, Max: 1.3118 SUCCESS
2025-12-14 12:47:47,676 - System.tprint - INFO - ℹ️ ✅ Uniqueness weights computed. Mean: 1.0000, Min: 0.4373, Max: 1.3118 SUCCESS
[I 2025-12-14 12:47:48,315] Trial 1332 finished with value: -0.006721149308418164 and parameters: {'trail_distance_atr_mult': 0.8988490169705288}. Best is trial 126 with value: -0.000363295272717509.
[2025-12-14 12:47:49.516] ⚖️ Computing uniqueness weights for 9018 events... INFO
2025-12-14 12:47:49,517 - System.tprint - INFO - ℹ️ ⚖️ Computing uniqueness weights for 9018 events... INFO
[2025-12-14 12:47:49.527] ✅ Uniqueness weights computed. Mean: 1.0000, Min: 0.4373, Max: 1.3120 SUCCESS
2025-12-14 12:47:49,527 - System.tprint - INFO - ℹ️ ✅ Uniqueness weights computed. Mean: 1.0000, Min: 0.4373, Max: 1.3120 SUCCESS
[I 2025-12-14 12:47:50,171] Trial 1333 finished with value: -0.0075272610124541926 and parameters: {'trail_distance_atr_mult': 1.066778094025576}. Best is trial 126 with value: -0.000363295272717509.
[2025-12-14 12:47:51.384] ⚖️ Computing uniqueness weights for 9018 events... INFO
2025-12-14 12:47:51,384 - System.tprint - INFO - ℹ️ ⚖️ Computing uniqueness weights for 9018 events... INFO
[2025-12-14 12:47:51.394] ✅ Uniqueness weights computed. Mean: 1.0000, Min: 0.4373, Max: 1.3120 SUCCESS
2025-12-14 12:47:51,394 - System.tprint - INFO - ℹ️ ✅ Uniqueness weights computed. Mean: 1.0000, Min: 0.4373, Max: 1.3120 SUCCESS
[I 2025-12-14 12:47:52,031] Trial 1334 finished with value: -0.0015839332592170123 and parameters: {'trail_distance_atr_mult': 1.0848179074779942}. Best is trial 126 with value: -0.000363295272717509.
[2025-12-14 12:47:53.230] ⚖️ Computing uniqueness weights for 9018 events... INFO
2025-12-14 12:47:53,230 - System.tprint - INFO - ℹ️ ⚖️ Computing uniqueness weights for 9018 events... INFO
[2025-12-14 12:47:53.239] ✅ Uniqueness weights computed. Mean: 1.0000, Min: 0.4372, Max: 1.3117 SUCCESS
2025-12-14 12:47:53,240 - System.tprint - INFO - ℹ️ ✅ Uniqueness weights computed. Mean: 1.0000, Min: 0.4372, Max: 1.3117 SUCCESS
[I 2025-12-14 12:47:53,885] Trial 1335 finished with value: -0.0010604204246936826 and parameters: {'trail_distance_atr_mult': 0.7317787091699364}. Best is trial 126 with value: -0.000363295272717509.
[2025-12-14 12:47:55.142] ⚖️ Computing uniqueness weights for 9018 events... INFO
2025-12-14 12:47:55,142 - System.tprint - INFO - ℹ️ ⚖️ Computing uniqueness weights for 9018 events... INFO
[2025-12-14 12:47:55.152] ✅ Uniqueness weights computed. Mean: 1.0000, Min: 0.4372, Max: 1.3117 SUCCESS
2025-12-14 12:47:55,152 - System.tprint - INFO - ℹ️ ✅ Uniqueness weights computed. Mean: 1.0000, Min: 0.4372, Max: 1.3117 SUCCESS
[I 2025-12-14 12:47:55,797] Trial 1336 finished with value: -0.007546852514577222 and parameters: {'trail_distance_atr_mult': 0.6044978450577825}. Best is trial 126 with value: -0.000363295272717509.
[2025-12-14 12:47:56.997] ⚖️ Computing uniqueness weights for 9018 events... INFO
2025-12-14 12:47:56,997 - System.tprint - INFO - ℹ️ ⚖️ Computing uniqueness weights for 9018 events... INFO
[2025-12-14 12:47:57.009] ✅ Uniqueness weights computed. Mean: 1.0000, Min: 0.4372, Max: 1.3117 SUCCESS
2025-12-14 12:47:57,009 - System.tprint - INFO - ℹ️ ✅ Uniqueness weights computed. Mean: 1.0000, Min: 0.4372, Max: 1.3117 SUCCESS
[I 2025-12-14 12:47:57,661] Trial 1337 finished with value: -0.006728221120745889 and parameters: {'trail_distance_atr_mult': 0.7772950529215533}. Best is trial 126 with value: -0.000363295272717509.
[2025-12-14 12:47:58.885] ⚖️ Computing uniqueness weights for 9018 events... INFO
2025-12-14 12:47:58,885 - System.tprint - INFO - ℹ️ ⚖️ Computing uniqueness weights for 9018 events... INFO
[2025-12-14 12:47:58.894] ✅ Uniqueness weights computed. Mean: 1.0000, Min: 0.4372, Max: 1.3117 SUCCESS
2025-12-14 12:47:58,894 - System.tprint - INFO - ℹ️ ✅ Uniqueness weights computed. Mean: 1.0000, Min: 0.4372, Max: 1.3117 SUCCESS
[I 2025-12-14 12:47:59,591] Trial 1338 finished with value: -0.007479118542504934 and parameters: {'trail_distance_atr_mult': 0.7265584734782984}. Best is trial 126 with value: -0.000363295272717509.
[2025-12-14 12:48:00.774] ⚖️ Computing uniqueness weights for 9018 events... INFO
2025-12-14 12:48:00,774 - System.tprint - INFO - ℹ️ ⚖️ Computing uniqueness weights for 9018 events... INFO
[2025-12-14 12:48:00.784] ✅ Uniqueness weights computed. Mean: 1.0000, Min: 0.4373, Max: 1.3118 SUCCESS
2025-12-14 12:48:00,784 - System.tprint - INFO - ℹ️ ✅ Uniqueness weights computed. Mean: 1.0000, Min: 0.4373, Max: 1.3118 SUCCESS
[I 2025-12-14 12:48:01,476] Trial 1339 finished with value: -0.006734845605234274 and parameters: {'trail_distance_atr_mult': 0.857648716592786}. Best is trial 126 with value: -0.000363295272717509.
[2025-12-14 12:48:02.686] ⚖️ Computing uniqueness weights for 9018 events... INFO
2025-12-14 12:48:02,686 - System.tprint - INFO - ℹ️ ⚖️ Computing uniqueness weights for 9018 events... INFO
[2025-12-14 12:48:02.695] ✅ Uniqueness weights computed. Mean: 1.0000, Min: 0.4373, Max: 1.3118 SUCCESS
2025-12-14 12:48:02,696 - System.tprint - INFO - ℹ️ ✅ Uniqueness weights computed. Mean: 1.0000, Min: 0.4373, Max: 1.3118 SUCCESS
[I 2025-12-14 12:48:03,445] Trial 1340 finished with value: -0.0066810973422433036 and parameters: {'trail_distance_atr_mult': 0.8828844933071064}. Best is trial 126 with value: -0.000363295272717509.
[2025-12-14 12:48:04.614] ⚖️ Computing uniqueness weights for 9018 events... INFO
2025-12-14 12:48:04,615 - System.tprint - INFO - ℹ️ ⚖️ Computing uniqueness weights for 9018 events... INFO
[2025-12-14 12:48:04.624] ✅ Uniqueness weights computed. Mean: 1.0000, Min: 0.4372, Max: 1.3117 SUCCESS
2025-12-14 12:48:04,624 - System.tprint - INFO - ℹ️ ✅ Uniqueness weights computed. Mean: 1.0000, Min: 0.4372, Max: 1.3117 SUCCESS
[I 2025-12-14 12:48:05,389] Trial 1341 finished with value: -0.007479331783459741 and parameters: {'trail_distance_atr_mult': 0.7196152075134803}. Best is trial 126 with value: -0.000363295272717509.
[2025-12-14 12:48:06.634] ⚖️ Computing uniqueness weights for 9018 events... INFO
2025-12-14 12:48:06,635 - System.tprint - INFO - ℹ️ ⚖️ Computing uniqueness weights for 9018 events... INFO
[2025-12-14 12:48:06.645] ✅ Uniqueness weights computed. Mean: 1.0000, Min: 0.4372, Max: 1.3117 SUCCESS
2025-12-14 12:48:06,646 - System.tprint - INFO - ℹ️ ✅ Uniqueness weights computed. Mean: 1.0000, Min: 0.4372, Max: 1.3117 SUCCESS
[I 2025-12-14 12:48:07,376] Trial 1342 finished with value: -0.00758836178184781 and parameters: {'trail_distance_atr_mult': 0.7463449135915196}. Best is trial 126 with value: -0.000363295272717509.
[2025-12-14 12:48:08.860] ⚖️ Computing uniqueness weights for 9018 events... INFO
2025-12-14 12:48:08,860 - System.tprint - INFO - ℹ️ ⚖️ Computing uniqueness weights for 9018 events... INFO
[2025-12-14 12:48:08.870] ✅ Uniqueness weights computed. Mean: 1.0000, Min: 0.4373, Max: 1.3118 SUCCESS
2025-12-14 12:48:08,870 - System.tprint - INFO - ℹ️ ✅ Uniqueness weights computed. Mean: 1.0000, Min: 0.4373, Max: 1.3118 SUCCESS
[I 2025-12-14 12:48:09,526] Trial 1343 finished with value: -0.0067212722919432364 and parameters: {'trail_distance_atr_mult': 0.9128073000927067}. Best is trial 126 with value: -0.000363295272717509.
[2025-12-14 12:48:10.748] ⚖️ Computing uniqueness weights for 9018 events... INFO
2025-12-14 12:48:10,748 - System.tprint - INFO - ℹ️ ⚖️ Computing uniqueness weights for 9018 events... INFO
[2025-12-14 12:48:10.758] ✅ Uniqueness weights computed. Mean: 1.0000, Min: 0.4373, Max: 1.3118 SUCCESS
2025-12-14 12:48:10,758 - System.tprint - INFO - ℹ️ ✅ Uniqueness weights computed. Mean: 1.0000, Min: 0.4373, Max: 1.3118 SUCCESS
[I 2025-12-14 12:48:11,401] Trial 1344 finished with value: -0.006778425761946895 and parameters: {'trail_distance_atr_mult': 0.9555880905979545}. Best is trial 126 with value: -0.000363295272717509.
[2025-12-14 12:48:12.592] ⚖️ Computing uniqueness weights for 9018 events... INFO
2025-12-14 12:48:12,593 - System.tprint - INFO - ℹ️ ⚖️ Computing uniqueness weights for 9018 events... INFO
[2025-12-14 12:48:12.603] ✅ Uniqueness weights computed. Mean: 1.0000, Min: 0.4372, Max: 1.3117 SUCCESS
2025-12-14 12:48:12,603 - System.tprint - INFO - ℹ️ ✅ Uniqueness weights computed. Mean: 1.0000, Min: 0.4372, Max: 1.3117 SUCCESS
[I 2025-12-14 12:48:13,260] Trial 1345 finished with value: -0.007479331783459741 and parameters: {'trail_distance_atr_mult': 0.6904280599823918}. Best is trial 126 with value: -0.000363295272717509.
[2025-12-14 12:48:14.456] ⚖️ Computing uniqueness weights for 9018 events... INFO
2025-12-14 12:48:14,457 - System.tprint - INFO - ℹ️ ⚖️ Computing uniqueness weights for 9018 events... INFO
[2025-12-14 12:48:14.467] ✅ Uniqueness weights computed. Mean: 1.0000, Min: 0.4372, Max: 1.3117 SUCCESS
2025-12-14 12:48:14,467 - System.tprint - INFO - ℹ️ ✅ Uniqueness weights computed. Mean: 1.0000, Min: 0.4372, Max: 1.3117 SUCCESS
[I 2025-12-14 12:48:15,146] Trial 1346 finished with value: -0.007321828937469562 and parameters: {'trail_distance_atr_mult': 0.5146040051894027}. Best is trial 126 with value: -0.000363295272717509.
[2025-12-14 12:48:16.347] ⚖️ Computing uniqueness weights for 9018 events... INFO
2025-12-14 12:48:16,347 - System.tprint - INFO - ℹ️ ⚖️ Computing uniqueness weights for 9018 events... INFO
[2025-12-14 12:48:16.357] ✅ Uniqueness weights computed. Mean: 1.0000, Min: 0.4373, Max: 1.3119 SUCCESS
2025-12-14 12:48:16,358 - System.tprint - INFO - ℹ️ ✅ Uniqueness weights computed. Mean: 1.0000, Min: 0.4373, Max: 1.3119 SUCCESS
[I 2025-12-14 12:48:16,995] Trial 1347 finished with value: -0.007527239310761953 and parameters: {'trail_distance_atr_mult': 1.0489756037064089}. Best is trial 126 with value: -0.000363295272717509.
[2025-12-14 12:48:18.198] ⚖️ Computing uniqueness weights for 9018 events... INFO
2025-12-14 12:48:18,198 - System.tprint - INFO - ℹ️ ⚖️ Computing uniqueness weights for 9018 events... INFO
[2025-12-14 12:48:18.208] ✅ Uniqueness weights computed. Mean: 1.0000, Min: 0.4373, Max: 1.3119 SUCCESS
2025-12-14 12:48:18,208 - System.tprint - INFO - ℹ️ ✅ Uniqueness weights computed. Mean: 1.0000, Min: 0.4373, Max: 1.3119 SUCCESS
[I 2025-12-14 12:48:18,840] Trial 1348 finished with value: -0.0030846801408541662 and parameters: {'trail_distance_atr_mult': 1.0187543804859633}. Best is trial 126 with value: -0.000363295272717509.
[2025-12-14 12:48:20.032] ⚖️ Computing uniqueness weights for 9018 events... INFO
2025-12-14 12:48:20,033 - System.tprint - INFO - ℹ️ ⚖️ Computing uniqueness weights for 9018 events... INFO
[2025-12-14 12:48:20.042] ✅ Uniqueness weights computed. Mean: 1.0000, Min: 0.4373, Max: 1.3120 SUCCESS
2025-12-14 12:48:20,042 - System.tprint - INFO - ℹ️ ✅ Uniqueness weights computed. Mean: 1.0000, Min: 0.4373, Max: 1.3120 SUCCESS
[I 2025-12-14 12:48:20,683] Trial 1349 finished with value: -0.0075820181553693635 and parameters: {'trail_distance_atr_mult': 1.0803862779324211}. Best is trial 126 with value: -0.000363295272717509.
[2025-12-14 12:48:21.876] ⚖️ Computing uniqueness weights for 9018 events... INFO
2025-12-14 12:48:21,876 - System.tprint - INFO - ℹ️ ⚖️ Computing uniqueness weights for 9018 events... INFO
[2025-12-14 12:48:21.886] ✅ Uniqueness weights computed. Mean: 1.0000, Min: 0.4373, Max: 1.3119 SUCCESS
2025-12-14 12:48:21,886 - System.tprint - INFO - ℹ️ ✅ Uniqueness weights computed. Mean: 1.0000, Min: 0.4373, Max: 1.3119 SUCCESS
[I 2025-12-14 12:48:22,517] Trial 1350 finished with value: -0.007527243381840762 and parameters: {'trail_distance_atr_mult': 1.0522246005695066}. Best is trial 126 with value: -0.000363295272717509.
[2025-12-14 12:48:23.711] ⚖️ Computing uniqueness weights for 9018 events... INFO
2025-12-14 12:48:23,711 - System.tprint - INFO - ℹ️ ⚖️ Computing uniqueness weights for 9018 events... INFO
[2025-12-14 12:48:23.720] ✅ Uniqueness weights computed. Mean: 1.0000, Min: 0.4373, Max: 1.3118 SUCCESS
2025-12-14 12:48:23,720 - System.tprint - INFO - ℹ️ ✅ Uniqueness weights computed. Mean: 1.0000, Min: 0.4373, Max: 1.3118 SUCCESS
[I 2025-12-14 12:48:24,363] Trial 1351 finished with value: -0.006778386984141801 and parameters: {'trail_distance_atr_mult': 0.9296519577607986}. Best is trial 126 with value: -0.000363295272717509.
[2025-12-14 12:48:25.577] ⚖️ Computing uniqueness weights for 9018 events... INFO
2025-12-14 12:48:25,578 - System.tprint - INFO - ℹ️ ⚖️ Computing uniqueness weights for 9018 events... INFO
[2025-12-14 12:48:25.587] ✅ Uniqueness weights computed. Mean: 1.0000, Min: 0.4373, Max: 1.3120 SUCCESS
2025-12-14 12:48:25,587 - System.tprint - INFO - ℹ️ ✅ Uniqueness weights computed. Mean: 1.0000, Min: 0.4373, Max: 1.3120 SUCCESS
[I 2025-12-14 12:48:26,224] Trial 1352 finished with value: -0.007582018055862402 and parameters: {'trail_distance_atr_mult': 1.0805134217895163}. Best is trial 126 with value: -0.000363295272717509.
[2025-12-14 12:48:27.438] ⚖️ Computing uniqueness weights for 9018 events... INFO
2025-12-14 12:48:27,438 - System.tprint - INFO - ℹ️ ⚖️ Computing uniqueness weights for 9018 events... INFO
[2025-12-14 12:48:27.448] ✅ Uniqueness weights computed. Mean: 1.0000, Min: 0.4373, Max: 1.3119 SUCCESS
2025-12-14 12:48:27,448 - System.tprint - INFO - ℹ️ ✅ Uniqueness weights computed. Mean: 1.0000, Min: 0.4373, Max: 1.3119 SUCCESS
[I 2025-12-14 12:48:28,128] Trial 1353 finished with value: -0.007527243179655974 and parameters: {'trail_distance_atr_mult': 1.0521594338359435}. Best is trial 126 with value: -0.000363295272717509.
[2025-12-14 12:48:29.340] ⚖️ Computing uniqueness weights for 9018 events... INFO
2025-12-14 12:48:29,340 - System.tprint - INFO - ℹ️ ⚖️ Computing uniqueness weights for 9018 events... INFO
[2025-12-14 12:48:29.351] ✅ Uniqueness weights computed. Mean: 1.0000, Min: 0.4373, Max: 1.3120 SUCCESS
2025-12-14 12:48:29,351 - System.tprint - INFO - ℹ️ ✅ Uniqueness weights computed. Mean: 1.0000, Min: 0.4373, Max: 1.3120 SUCCESS
[I 2025-12-14 12:48:29,992] Trial 1354 finished with value: -0.001600657023991976 and parameters: {'trail_distance_atr_mult': 1.0834239292724894}. Best is trial 126 with value: -0.000363295272717509.
[2025-12-14 12:48:31.206] ⚖️ Computing uniqueness weights for 9018 events... INFO
2025-12-14 12:48:31,206 - System.tprint - INFO - ℹ️ ⚖️ Computing uniqueness weights for 9018 events... INFO
[2025-12-14 12:48:31.215] ✅ Uniqueness weights computed. Mean: 1.0000, Min: 0.4373, Max: 1.3118 SUCCESS
2025-12-14 12:48:31,215 - System.tprint - INFO - ℹ️ ✅ Uniqueness weights computed. Mean: 1.0000, Min: 0.4373, Max: 1.3118 SUCCESS
[I 2025-12-14 12:48:31,917] Trial 1355 finished with value: -0.006804538852950528 and parameters: {'trail_distance_atr_mult': 0.8381102796733519}. Best is trial 126 with value: -0.000363295272717509.
[2025-12-14 12:48:33.164] ⚖️ Computing uniqueness weights for 9018 events... INFO
2025-12-14 12:48:33,164 - System.tprint - INFO - ℹ️ ⚖️ Computing uniqueness weights for 9018 events... INFO
[2025-12-14 12:48:33.173] ✅ Uniqueness weights computed. Mean: 1.0000, Min: 0.4373, Max: 1.3118 SUCCESS
2025-12-14 12:48:33,173 - System.tprint - INFO - ℹ️ ✅ Uniqueness weights computed. Mean: 1.0000, Min: 0.4373, Max: 1.3118 SUCCESS
[I 2025-12-14 12:48:33,817] Trial 1356 finished with value: -0.006758310383114902 and parameters: {'trail_distance_atr_mult': 0.963702443049675}. Best is trial 126 with value: -0.000363295272717509.
[2025-12-14 12:48:35.011] ⚖️ Computing uniqueness weights for 9018 events... INFO
2025-12-14 12:48:35,011 - System.tprint - INFO - ℹ️ ⚖️ Computing uniqueness weights for 9018 events... INFO
[2025-12-14 12:48:35.022] ✅ Uniqueness weights computed. Mean: 1.0000, Min: 0.4373, Max: 1.3120 SUCCESS
2025-12-14 12:48:35,022 - System.tprint - INFO - ℹ️ ✅ Uniqueness weights computed. Mean: 1.0000, Min: 0.4373, Max: 1.3120 SUCCESS
[I 2025-12-14 12:48:35,663] Trial 1357 finished with value: -0.0008138620337346698 and parameters: {'trail_distance_atr_mult': 1.0882413473377603}. Best is trial 126 with value: -0.000363295272717509.
[2025-12-14 12:48:36.856] ⚖️ Computing uniqueness weights for 9018 events... INFO
2025-12-14 12:48:36,856 - System.tprint - INFO - ℹ️ ⚖️ Computing uniqueness weights for 9018 events... INFO
[2025-12-14 12:48:36.866] ✅ Uniqueness weights computed. Mean: 1.0000, Min: 0.4373, Max: 1.3118 SUCCESS
2025-12-14 12:48:36,866 - System.tprint - INFO - ℹ️ ✅ Uniqueness weights computed. Mean: 1.0000, Min: 0.4373, Max: 1.3118 SUCCESS
[I 2025-12-14 12:48:37,498] Trial 1358 finished with value: -0.006681091227331701 and parameters: {'trail_distance_atr_mult': 0.8860933051902792}. Best is trial 126 with value: -0.000363295272717509.
[2025-12-14 12:48:38.707] ⚖️ Computing uniqueness weights for 9018 events... INFO
2025-12-14 12:48:38,707 - System.tprint - INFO - ℹ️ ⚖️ Computing uniqueness weights for 9018 events... INFO
[2025-12-14 12:48:38.716] ✅ Uniqueness weights computed. Mean: 1.0000, Min: 0.4373, Max: 1.3119 SUCCESS
2025-12-14 12:48:38,717 - System.tprint - INFO - ℹ️ ✅ Uniqueness weights computed. Mean: 1.0000, Min: 0.4373, Max: 1.3119 SUCCESS
[I 2025-12-14 12:48:39,390] Trial 1359 finished with value: -0.007527235631109596 and parameters: {'trail_distance_atr_mult': 1.045801265794202}. Best is trial 126 with value: -0.000363295272717509.
[2025-12-14 12:48:40.588] ⚖️ Computing uniqueness weights for 9018 events... INFO
2025-12-14 12:48:40,588 - System.tprint - INFO - ℹ️ ⚖️ Computing uniqueness weights for 9018 events... INFO
[2025-12-14 12:48:40.598] ✅ Uniqueness weights computed. Mean: 1.0000, Min: 0.4373, Max: 1.3119 SUCCESS
2025-12-14 12:48:40,598 - System.tprint - INFO - ℹ️ ✅ Uniqueness weights computed. Mean: 1.0000, Min: 0.4373, Max: 1.3119 SUCCESS
[I 2025-12-14 12:48:41,229] Trial 1360 finished with value: -0.007527238451783797 and parameters: {'trail_distance_atr_mult': 1.048225365609753}. Best is trial 126 with value: -0.000363295272717509.
[2025-12-14 12:48:42.439] ⚖️ Computing uniqueness weights for 9018 events... INFO
2025-12-14 12:48:42,439 - System.tprint - INFO - ℹ️ ⚖️ Computing uniqueness weights for 9018 events... INFO
[2025-12-14 12:48:42.449] ✅ Uniqueness weights computed. Mean: 1.0000, Min: 0.4385, Max: 1.3155 SUCCESS
2025-12-14 12:48:42,449 - System.tprint - INFO - ℹ️ ✅ Uniqueness weights computed. Mean: 1.0000, Min: 0.4385, Max: 1.3155 SUCCESS
[I 2025-12-14 12:48:43,088] Trial 1361 finished with value: -0.0031198739902124663 and parameters: {'trail_distance_atr_mult': 2.979184520390163}. Best is trial 126 with value: -0.000363295272717509.
[2025-12-14 12:48:44.290] ⚖️ Computing uniqueness weights for 9018 events... INFO
2025-12-14 12:48:44,290 - System.tprint - INFO - ℹ️ ⚖️ Computing uniqueness weights for 9018 events... INFO
[2025-12-14 12:48:44.299] ✅ Uniqueness weights computed. Mean: 1.0000, Min: 0.4373, Max: 1.3118 SUCCESS
2025-12-14 12:48:44,299 - System.tprint - INFO - ℹ️ ✅ Uniqueness weights computed. Mean: 1.0000, Min: 0.4373, Max: 1.3118 SUCCESS
[I 2025-12-14 12:48:44,939] Trial 1362 finished with value: -0.006721226519698295 and parameters: {'trail_distance_atr_mult': 0.9081653604737467}. Best is trial 126 with value: -0.000363295272717509.
[2025-12-14 12:48:46.125] ⚖️ Computing uniqueness weights for 9018 events... INFO
2025-12-14 12:48:46,126 - System.tprint - INFO - ℹ️ ⚖️ Computing uniqueness weights for 9018 events... INFO
[2025-12-14 12:48:46.135] ✅ Uniqueness weights computed. Mean: 1.0000, Min: 0.4373, Max: 1.3119 SUCCESS
2025-12-14 12:48:46,135 - System.tprint - INFO - ℹ️ ✅ Uniqueness weights computed. Mean: 1.0000, Min: 0.4373, Max: 1.3119 SUCCESS
[I 2025-12-14 12:48:46,964] Trial 1363 finished with value: -0.003084681768387545 and parameters: {'trail_distance_atr_mult': 1.0209495998808409}. Best is trial 126 with value: -0.000363295272717509.
[2025-12-14 12:48:48.202] ⚖️ Computing uniqueness weights for 9018 events... INFO
2025-12-14 12:48:48,202 - System.tprint - INFO - ℹ️ ⚖️ Computing uniqueness weights for 9018 events... INFO
[2025-12-14 12:48:48.213] ✅ Uniqueness weights computed. Mean: 1.0000, Min: 0.4373, Max: 1.3120 SUCCESS
2025-12-14 12:48:48,213 - System.tprint - INFO - ℹ️ ✅ Uniqueness weights computed. Mean: 1.0000, Min: 0.4373, Max: 1.3120 SUCCESS
