[I 2025-12-14 11:58:57,665] Trial 140 finished with value: -0.003326800386244885 and parameters: {'trail_distance_atr_mult': 1.5208847494102389}. Best is trial 126 with value: -0.000363295272717509.
[2025-12-14 11:59:01.288] ⚖️ Computing uniqueness weights for 9018 events... INFO
2025-12-14 11:59:01,288 - System.tprint - INFO - ℹ️ ⚖️ Computing uniqueness weights for 9018 events... INFO
[2025-12-14 11:59:01.305] ✅ Uniqueness weights computed. Mean: 1.0000, Min: 0.4377, Max: 1.3130 SUCCESS
2025-12-14 11:59:01,305 - System.tprint - INFO - ℹ️ ✅ Uniqueness weights computed. Mean: 1.0000, Min: 0.4377, Max: 1.3130 SUCCESS
[I 2025-12-14 11:59:02,807] Trial 141 finished with value: -0.006899442820751878 and parameters: {'trail_distance_atr_mult': 1.7091534102127053}. Best is trial 126 with value: -0.000363295272717509.
[2025-12-14 11:59:05.532] ⚖️ Computing uniqueness weights for 9018 events... INFO
2025-12-14 11:59:05,533 - System.tprint - INFO - ℹ️ ⚖️ Computing uniqueness weights for 9018 events... INFO
[2025-12-14 11:59:05.549] ✅ Uniqueness weights computed. Mean: 1.0000, Min: 0.4375, Max: 1.3125 SUCCESS
2025-12-14 11:59:05,549 - System.tprint - INFO - ℹ️ ✅ Uniqueness weights computed. Mean: 1.0000, Min: 0.4375, Max: 1.3125 SUCCESS
[I 2025-12-14 11:59:06,753] Trial 142 finished with value: -0.006462909475311245 and parameters: {'trail_distance_atr_mult': 1.49658111259429}. Best is trial 126 with value: -0.000363295272717509.
[2025-12-14 11:59:08.715] ⚖️ Computing uniqueness weights for 9018 events... INFO
2025-12-14 11:59:08,715 - System.tprint - INFO - ℹ️ ⚖️ Computing uniqueness weights for 9018 events... INFO
[2025-12-14 11:59:08.764] ✅ Uniqueness weights computed. Mean: 1.0000, Min: 0.4375, Max: 1.3125 SUCCESS
2025-12-14 11:59:08,764 - System.tprint - INFO - ℹ️ ✅ Uniqueness weights computed. Mean: 1.0000, Min: 0.4375, Max: 1.3125 SUCCESS
[I 2025-12-14 11:59:10,076] Trial 143 finished with value: -0.006462935115679486 and parameters: {'trail_distance_atr_mult': 1.4962100629858324}. Best is trial 126 with value: -0.000363295272717509.
[2025-12-14 11:59:13.922] ⚖️ Computing uniqueness weights for 9018 events... INFO
2025-12-14 11:59:13,923 - System.tprint - INFO - ℹ️ ⚖️ Computing uniqueness weights for 9018 events... INFO
[2025-12-14 11:59:13.956] ✅ Uniqueness weights computed. Mean: 1.0000, Min: 0.4378, Max: 1.3133 SUCCESS
2025-12-14 11:59:13,956 - System.tprint - INFO - ℹ️ ✅ Uniqueness weights computed. Mean: 1.0000, Min: 0.4378, Max: 1.3133 SUCCESS
[I 2025-12-14 11:59:16,704] Trial 144 finished with value: -0.007141156683308392 and parameters: {'trail_distance_atr_mult': 1.9663515435573073}. Best is trial 126 with value: -0.000363295272717509.
[2025-12-14 11:59:20.359] ⚖️ Computing uniqueness weights for 9018 events... INFO
2025-12-14 11:59:20,360 - System.tprint - INFO - ℹ️ ⚖️ Computing uniqueness weights for 9018 events... INFO
[2025-12-14 11:59:20.382] ✅ Uniqueness weights computed. Mean: 1.0000, Min: 0.4375, Max: 1.3124 SUCCESS
2025-12-14 11:59:20,383 - System.tprint - INFO - ℹ️ ✅ Uniqueness weights computed. Mean: 1.0000, Min: 0.4375, Max: 1.3124 SUCCESS
[I 2025-12-14 11:59:21,458] Trial 145 finished with value: -0.003237376610933672 and parameters: {'trail_distance_atr_mult': 1.319654628041015}. Best is trial 126 with value: -0.000363295272717509.
[2025-12-14 11:59:24.142] ⚖️ Computing uniqueness weights for 9018 events... INFO
2025-12-14 11:59:24,143 - System.tprint - INFO - ℹ️ ⚖️ Computing uniqueness weights for 9018 events... INFO
[2025-12-14 11:59:24.175] ✅ Uniqueness weights computed. Mean: 1.0000, Min: 0.4376, Max: 1.3129 SUCCESS
2025-12-14 11:59:24,176 - System.tprint - INFO - ℹ️ ✅ Uniqueness weights computed. Mean: 1.0000, Min: 0.4376, Max: 1.3129 SUCCESS
[I 2025-12-14 11:59:27,356] Trial 146 finished with value: -0.005157998086931354 and parameters: {'trail_distance_atr_mult': 1.6859075218165933}. Best is trial 126 with value: -0.000363295272717509.
[2025-12-14 11:59:29.748] ⚖️ Computing uniqueness weights for 9018 events... INFO
2025-12-14 11:59:29,749 - System.tprint - INFO - ℹ️ ⚖️ Computing uniqueness weights for 9018 events... INFO
[2025-12-14 11:59:29.764] ✅ Uniqueness weights computed. Mean: 1.0000, Min: 0.4376, Max: 1.3128 SUCCESS
2025-12-14 11:59:29,765 - System.tprint - INFO - ℹ️ ✅ Uniqueness weights computed. Mean: 1.0000, Min: 0.4376, Max: 1.3128 SUCCESS
[I 2025-12-14 11:59:32,606] Trial 147 finished with value: -0.006464459768252312 and parameters: {'trail_distance_atr_mult': 1.6241779904778157}. Best is trial 126 with value: -0.000363295272717509.
[2025-12-14 11:59:37.147] ⚖️ Computing uniqueness weights for 9018 events... INFO
2025-12-14 11:59:37,148 - System.tprint - INFO - ℹ️ ⚖️ Computing uniqueness weights for 9018 events... INFO
[2025-12-14 11:59:37.171] ✅ Uniqueness weights computed. Mean: 1.0000, Min: 0.4375, Max: 1.3125 SUCCESS
2025-12-14 11:59:37,171 - System.tprint - INFO - ℹ️ ✅ Uniqueness weights computed. Mean: 1.0000, Min: 0.4375, Max: 1.3125 SUCCESS
2025-12-14 11:59:43,379 - src.utils.hardware.unified_hardware_manager.HardwarePerformanceMonitor - WARNING - ⚠️ 🚨 ALERT: cpu_usage (98.5) exceeds threshold (95.0)
[I 2025-12-14 11:59:44,161] Trial 148 finished with value: -0.006658988077421262 and parameters: {'trail_distance_atr_mult': 1.503670218143971}. Best is trial 126 with value: -0.000363295272717509.
[2025-12-14 11:59:47.838] ⚖️ Computing uniqueness weights for 9018 events... INFO
2025-12-14 11:59:47,839 - System.tprint - INFO - ℹ️ ⚖️ Computing uniqueness weights for 9018 events... INFO
[2025-12-14 11:59:47.858] ✅ Uniqueness weights computed. Mean: 1.0000, Min: 0.4375, Max: 1.3125 SUCCESS
2025-12-14 11:59:47,858 - System.tprint - INFO - ℹ️ ✅ Uniqueness weights computed. Mean: 1.0000, Min: 0.4375, Max: 1.3125 SUCCESS
2025-12-14 12:00:02,934 - src.utils.hardware.m1_memory_optimizer.M1MemoryOptimizer - INFO - ℹ️ 🧹 Moderate cleanup: 54 objects collected
[I 2025-12-14 12:00:04,109] Trial 149 finished with value: -0.00299566480316349 and parameters: {'trail_distance_atr_mult': 1.3579833837878128}. Best is trial 126 with value: -0.000363295272717509.
[2025-12-14 12:00:07.537] ⚖️ Computing uniqueness weights for 9018 events... INFO
2025-12-14 12:00:07,538 - System.tprint - INFO - ℹ️ ⚖️ Computing uniqueness weights for 9018 events... INFO
[2025-12-14 12:00:07.560] ✅ Uniqueness weights computed. Mean: 1.0000, Min: 0.4377, Max: 1.3130 SUCCESS
2025-12-14 12:00:07,560 - System.tprint - INFO - ℹ️ ✅ Uniqueness weights computed. Mean: 1.0000, Min: 0.4377, Max: 1.3130 SUCCESS
[I 2025-12-14 12:00:09,860] Trial 150 finished with value: -0.008195403205200558 and parameters: {'trail_distance_atr_mult': 1.737299875931953}. Best is trial 126 with value: -0.000363295272717509.
[2025-12-14 12:00:11.870] ⚖️ Computing uniqueness weights for 9018 events... INFO
2025-12-14 12:00:11,871 - System.tprint - INFO - ℹ️ ⚖️ Computing uniqueness weights for 9018 events... INFO
[2025-12-14 12:00:11.888] ✅ Uniqueness weights computed. Mean: 1.0000, Min: 0.4373, Max: 1.3120 SUCCESS
2025-12-14 12:00:11,888 - System.tprint - INFO - ℹ️ ✅ Uniqueness weights computed. Mean: 1.0000, Min: 0.4373, Max: 1.3120 SUCCESS
[I 2025-12-14 12:00:13,221] Trial 151 finished with value: -0.007582018947643384 and parameters: {'trail_distance_atr_mult': 1.0787474066305154}. Best is trial 126 with value: -0.000363295272717509.
[2025-12-14 12:00:15.724] ⚖️ Computing uniqueness weights for 9018 events... INFO
2025-12-14 12:00:15,725 - System.tprint - INFO - ℹ️ ⚖️ Computing uniqueness weights for 9018 events... INFO
[2025-12-14 12:00:15.745] ✅ Uniqueness weights computed. Mean: 1.0000, Min: 0.4375, Max: 1.3126 SUCCESS
2025-12-14 12:00:15,745 - System.tprint - INFO - ℹ️ ✅ Uniqueness weights computed. Mean: 1.0000, Min: 0.4375, Max: 1.3126 SUCCESS
[I 2025-12-14 12:00:16,860] Trial 152 finished with value: -0.004314414066251264 and parameters: {'trail_distance_atr_mult': 1.5092235187095382}. Best is trial 126 with value: -0.000363295272717509.
[2025-12-14 12:00:18.613] ⚖️ Computing uniqueness weights for 9018 events... INFO
2025-12-14 12:00:18,613 - System.tprint - INFO - ℹ️ ⚖️ Computing uniqueness weights for 9018 events... INFO
[2025-12-14 12:00:18.626] ✅ Uniqueness weights computed. Mean: 1.0000, Min: 0.4375, Max: 1.3124 SUCCESS
2025-12-14 12:00:18,626 - System.tprint - INFO - ℹ️ ✅ Uniqueness weights computed. Mean: 1.0000, Min: 0.4375, Max: 1.3124 SUCCESS
[I 2025-12-14 12:00:20,028] Trial 153 finished with value: -0.0032373676681722806 and parameters: {'trail_distance_atr_mult': 1.341178161355861}. Best is trial 126 with value: -0.000363295272717509.
[2025-12-14 12:00:22.937] ⚖️ Computing uniqueness weights for 9018 events... INFO
2025-12-14 12:00:22,938 - System.tprint - INFO - ℹ️ ⚖️ Computing uniqueness weights for 9018 events... INFO
[2025-12-14 12:00:22.954] ✅ Uniqueness weights computed. Mean: 1.0000, Min: 0.4373, Max: 1.3120 SUCCESS
2025-12-14 12:00:22,954 - System.tprint - INFO - ℹ️ ✅ Uniqueness weights computed. Mean: 1.0000, Min: 0.4373, Max: 1.3120 SUCCESS
[I 2025-12-14 12:00:24,043] Trial 154 finished with value: -0.007816488564758469 and parameters: {'trail_distance_atr_mult': 1.129599127463097}. Best is trial 126 with value: -0.000363295272717509.
[2025-12-14 12:00:25.929] ⚖️ Computing uniqueness weights for 9018 events... INFO
2025-12-14 12:00:25,929 - System.tprint - INFO - ℹ️ ⚖️ Computing uniqueness weights for 9018 events... INFO
[2025-12-14 12:00:25.943] ✅ Uniqueness weights computed. Mean: 1.0000, Min: 0.4375, Max: 1.3124 SUCCESS
2025-12-14 12:00:25,943 - System.tprint - INFO - ℹ️ ✅ Uniqueness weights computed. Mean: 1.0000, Min: 0.4375, Max: 1.3124 SUCCESS
[I 2025-12-14 12:00:27,389] Trial 155 finished with value: -0.005687395099628585 and parameters: {'trail_distance_atr_mult': 1.281744587722257}. Best is trial 126 with value: -0.000363295272717509.
[2025-12-14 12:00:29.208] ⚖️ Computing uniqueness weights for 9018 events... INFO
2025-12-14 12:00:29,208 - System.tprint - INFO - ℹ️ ⚖️ Computing uniqueness weights for 9018 events... INFO
[2025-12-14 12:00:29.222] ✅ Uniqueness weights computed. Mean: 1.0000, Min: 0.4375, Max: 1.3125 SUCCESS
2025-12-14 12:00:29,222 - System.tprint - INFO - ℹ️ ✅ Uniqueness weights computed. Mean: 1.0000, Min: 0.4375, Max: 1.3125 SUCCESS
[I 2025-12-14 12:00:30,266] Trial 156 finished with value: -0.004401997500347523 and parameters: {'trail_distance_atr_mult': 1.4015184111181722}. Best is trial 126 with value: -0.000363295272717509.
[2025-12-14 12:00:31.999] ⚖️ Computing uniqueness weights for 9018 events... INFO
2025-12-14 12:00:31,999 - System.tprint - INFO - ℹ️ ⚖️ Computing uniqueness weights for 9018 events... INFO
[2025-12-14 12:00:32.013] ✅ Uniqueness weights computed. Mean: 1.0000, Min: 0.4376, Max: 1.3128 SUCCESS
2025-12-14 12:00:32,013 - System.tprint - INFO - ℹ️ ✅ Uniqueness weights computed. Mean: 1.0000, Min: 0.4376, Max: 1.3128 SUCCESS
[I 2025-12-14 12:00:33,259] Trial 157 finished with value: -0.005991556745778072 and parameters: {'trail_distance_atr_mult': 1.638260224178367}. Best is trial 126 with value: -0.000363295272717509.
[2025-12-14 12:00:36.421] ⚖️ Computing uniqueness weights for 9018 events... INFO
2025-12-14 12:00:36,422 - System.tprint - INFO - ℹ️ ⚖️ Computing uniqueness weights for 9018 events... INFO
[2025-12-14 12:00:36.446] ✅ Uniqueness weights computed. Mean: 1.0000, Min: 0.4374, Max: 1.3121 SUCCESS
2025-12-14 12:00:36,446 - System.tprint - INFO - ℹ️ ✅ Uniqueness weights computed. Mean: 1.0000, Min: 0.4374, Max: 1.3121 SUCCESS
2025-12-14 12:00:38,575 - src.utils.hardware.m1_memory_optimizer.M1MemoryOptimizer - INFO - ℹ️ 🧹 Moderate cleanup: 84 objects collected
[I 2025-12-14 12:00:39,651] Trial 158 finished with value: -0.007094670684418717 and parameters: {'trail_distance_atr_mult': 1.1800336083688505}. Best is trial 126 with value: -0.000363295272717509.
[2025-12-14 12:00:42.210] ⚖️ Computing uniqueness weights for 9018 events... INFO
2025-12-14 12:00:42,211 - System.tprint - INFO - ℹ️ ⚖️ Computing uniqueness weights for 9018 events... INFO
[2025-12-14 12:00:42.228] ✅ Uniqueness weights computed. Mean: 1.0000, Min: 0.4376, Max: 1.3128 SUCCESS
2025-12-14 12:00:42,228 - System.tprint - INFO - ℹ️ ✅ Uniqueness weights computed. Mean: 1.0000, Min: 0.4376, Max: 1.3128 SUCCESS
[I 2025-12-14 12:00:43,370] Trial 159 finished with value: -0.005711615979807943 and parameters: {'trail_distance_atr_mult': 1.6284174299960352}. Best is trial 126 with value: -0.000363295272717509.
[2025-12-14 12:00:46.034] ⚖️ Computing uniqueness weights for 9018 events... INFO
2025-12-14 12:00:46,035 - System.tprint - INFO - ℹ️ ⚖️ Computing uniqueness weights for 9018 events... INFO
[2025-12-14 12:00:46.052] ✅ Uniqueness weights computed. Mean: 1.0000, Min: 0.4375, Max: 1.3124 SUCCESS
2025-12-14 12:00:46,052 - System.tprint - INFO - ℹ️ ✅ Uniqueness weights computed. Mean: 1.0000, Min: 0.4375, Max: 1.3124 SUCCESS
[I 2025-12-14 12:00:47,556] Trial 160 finished with value: -0.007787902276581682 and parameters: {'trail_distance_atr_mult': 1.3136621401100415}. Best is trial 126 with value: -0.000363295272717509.
[2025-12-14 12:00:50.006] ⚖️ Computing uniqueness weights for 9018 events... INFO
2025-12-14 12:00:50,006 - System.tprint - INFO - ℹ️ ⚖️ Computing uniqueness weights for 9018 events... INFO
[2025-12-14 12:00:50.024] ✅ Uniqueness weights computed. Mean: 1.0000, Min: 0.4376, Max: 1.3127 SUCCESS
2025-12-14 12:00:50,024 - System.tprint - INFO - ℹ️ ✅ Uniqueness weights computed. Mean: 1.0000, Min: 0.4376, Max: 1.3127 SUCCESS
[I 2025-12-14 12:00:51,100] Trial 161 finished with value: -0.0022707935033915577 and parameters: {'trail_distance_atr_mult': 1.5903703672601601}. Best is trial 126 with value: -0.000363295272717509.
[2025-12-14 12:00:52.863] ⚖️ Computing uniqueness weights for 9018 events... INFO
2025-12-14 12:00:52,863 - System.tprint - INFO - ℹ️ ⚖️ Computing uniqueness weights for 9018 events... INFO
[2025-12-14 12:00:52.876] ✅ Uniqueness weights computed. Mean: 1.0000, Min: 0.4377, Max: 1.3132 SUCCESS
2025-12-14 12:00:52,877 - System.tprint - INFO - ℹ️ ✅ Uniqueness weights computed. Mean: 1.0000, Min: 0.4377, Max: 1.3132 SUCCESS
[I 2025-12-14 12:00:53,992] Trial 162 finished with value: -0.005763623776555687 and parameters: {'trail_distance_atr_mult': 1.895221527780483}. Best is trial 126 with value: -0.000363295272717509.
[2025-12-14 12:00:55.758] ⚖️ Computing uniqueness weights for 9018 events... INFO
2025-12-14 12:00:55,758 - System.tprint - INFO - ℹ️ ⚖️ Computing uniqueness weights for 9018 events... INFO
[2025-12-14 12:00:55.771] ✅ Uniqueness weights computed. Mean: 1.0000, Min: 0.4376, Max: 1.3127 SUCCESS
2025-12-14 12:00:55,771 - System.tprint - INFO - ℹ️ ✅ Uniqueness weights computed. Mean: 1.0000, Min: 0.4376, Max: 1.3127 SUCCESS
[I 2025-12-14 12:00:56,848] Trial 163 finished with value: -0.006212083047985418 and parameters: {'trail_distance_atr_mult': 1.620673893652163}. Best is trial 126 with value: -0.000363295272717509.
[2025-12-14 12:00:58.804] ⚖️ Computing uniqueness weights for 9018 events... INFO
2025-12-14 12:00:58,805 - System.tprint - INFO - ℹ️ ⚖️ Computing uniqueness weights for 9018 events... INFO
[2025-12-14 12:00:58.824] ✅ Uniqueness weights computed. Mean: 1.0000, Min: 0.4375, Max: 1.3125 SUCCESS
2025-12-14 12:00:58,825 - System.tprint - INFO - ℹ️ ✅ Uniqueness weights computed. Mean: 1.0000, Min: 0.4375, Max: 1.3125 SUCCESS
[I 2025-12-14 12:01:00,380] Trial 164 finished with value: -0.004187331002621268 and parameters: {'trail_distance_atr_mult': 1.461339661806585}. Best is trial 126 with value: -0.000363295272717509.
[2025-12-14 12:01:02.697] ⚖️ Computing uniqueness weights for 9018 events... INFO
2025-12-14 12:01:02,697 - System.tprint - INFO - ℹ️ ⚖️ Computing uniqueness weights for 9018 events... INFO
[2025-12-14 12:01:02.711] ✅ Uniqueness weights computed. Mean: 1.0000, Min: 0.4373, Max: 1.3118 SUCCESS
2025-12-14 12:01:02,711 - System.tprint - INFO - ℹ️ ✅ Uniqueness weights computed. Mean: 1.0000, Min: 0.4373, Max: 1.3118 SUCCESS
[I 2025-12-14 12:01:03,973] Trial 165 finished with value: -0.006758372347622874 and parameters: {'trail_distance_atr_mult': 0.9736441669220637}. Best is trial 126 with value: -0.000363295272717509.
[2025-12-14 12:01:05.798] ⚖️ Computing uniqueness weights for 9018 events... INFO
2025-12-14 12:01:05,798 - System.tprint - INFO - ℹ️ ⚖️ Computing uniqueness weights for 9018 events... INFO
[2025-12-14 12:01:05.812] ✅ Uniqueness weights computed. Mean: 1.0000, Min: 0.4375, Max: 1.3126 SUCCESS
2025-12-14 12:01:05,812 - System.tprint - INFO - ℹ️ ✅ Uniqueness weights computed. Mean: 1.0000, Min: 0.4375, Max: 1.3126 SUCCESS
[I 2025-12-14 12:01:06,924] Trial 166 finished with value: -0.0022709227214862734 and parameters: {'trail_distance_atr_mult': 1.565290290962628}. Best is trial 126 with value: -0.000363295272717509.
[2025-12-14 12:01:08.696] ⚖️ Computing uniqueness weights for 9018 events... INFO
2025-12-14 12:01:08,696 - System.tprint - INFO - ℹ️ ⚖️ Computing uniqueness weights for 9018 events... INFO
[2025-12-14 12:01:08.708] ✅ Uniqueness weights computed. Mean: 1.0000, Min: 0.4377, Max: 1.3130 SUCCESS
2025-12-14 12:01:08,708 - System.tprint - INFO - ℹ️ ✅ Uniqueness weights computed. Mean: 1.0000, Min: 0.4377, Max: 1.3130 SUCCESS
[I 2025-12-14 12:01:09,736] Trial 167 finished with value: -0.009941636036879219 and parameters: {'trail_distance_atr_mult': 1.7578969327440899}. Best is trial 126 with value: -0.000363295272717509.
[2025-12-14 12:01:11.466] ⚖️ Computing uniqueness weights for 9018 events... INFO
2025-12-14 12:01:11,466 - System.tprint - INFO - ℹ️ ⚖️ Computing uniqueness weights for 9018 events... INFO
[2025-12-14 12:01:11.478] ✅ Uniqueness weights computed. Mean: 1.0000, Min: 0.4376, Max: 1.3127 SUCCESS
2025-12-14 12:01:11,478 - System.tprint - INFO - ℹ️ ✅ Uniqueness weights computed. Mean: 1.0000, Min: 0.4376, Max: 1.3127 SUCCESS
[I 2025-12-14 12:01:12,552] Trial 168 finished with value: -0.005451844649898687 and parameters: {'trail_distance_atr_mult': 1.6140504273528826}. Best is trial 126 with value: -0.000363295272717509.
[2025-12-14 12:01:14.424] ⚖️ Computing uniqueness weights for 9018 events... INFO
2025-12-14 12:01:14,425 - System.tprint - INFO - ℹ️ ⚖️ Computing uniqueness weights for 9018 events... INFO
[2025-12-14 12:01:14.445] ✅ Uniqueness weights computed. Mean: 1.0000, Min: 0.4375, Max: 1.3126 SUCCESS
2025-12-14 12:01:14,445 - System.tprint - INFO - ℹ️ ✅ Uniqueness weights computed. Mean: 1.0000, Min: 0.4375, Max: 1.3126 SUCCESS
[I 2025-12-14 12:01:15,776] Trial 169 finished with value: -0.0027005745877678156 and parameters: {'trail_distance_atr_mult': 1.5412988808915085}. Best is trial 126 with value: -0.000363295272717509.
[2025-12-14 12:01:18.756] ⚖️ Computing uniqueness weights for 9018 events... INFO
2025-12-14 12:01:18,757 - System.tprint - INFO - ℹ️ ⚖️ Computing uniqueness weights for 9018 events... INFO
[2025-12-14 12:01:18.779] ✅ Uniqueness weights computed. Mean: 1.0000, Min: 0.4375, Max: 1.3125 SUCCESS
2025-12-14 12:01:18,779 - System.tprint - INFO - ℹ️ ✅ Uniqueness weights computed. Mean: 1.0000, Min: 0.4375, Max: 1.3125 SUCCESS
[I 2025-12-14 12:01:20,166] Trial 170 finished with value: -0.006463446078375998 and parameters: {'trail_distance_atr_mult': 1.4889895503676742}. Best is trial 126 with value: -0.000363295272717509.
[2025-12-14 12:01:22.785] ⚖️ Computing uniqueness weights for 9018 events... INFO
2025-12-14 12:01:22,786 - System.tprint - INFO - ℹ️ ⚖️ Computing uniqueness weights for 9018 events... INFO
[2025-12-14 12:01:22.810] ✅ Uniqueness weights computed. Mean: 1.0000, Min: 0.4377, Max: 1.3131 SUCCESS
2025-12-14 12:01:22,810 - System.tprint - INFO - ℹ️ ✅ Uniqueness weights computed. Mean: 1.0000, Min: 0.4377, Max: 1.3131 SUCCESS
[I 2025-12-14 12:01:24,499] Trial 171 finished with value: -0.008316056469367325 and parameters: {'trail_distance_atr_mult': 1.8044016572871304}. Best is trial 126 with value: -0.000363295272717509.
[2025-12-14 12:01:27.051] ⚖️ Computing uniqueness weights for 9018 events... INFO
2025-12-14 12:01:27,052 - System.tprint - INFO - ℹ️ ⚖️ Computing uniqueness weights for 9018 events... INFO
[2025-12-14 12:01:27.068] ✅ Uniqueness weights computed. Mean: 1.0000, Min: 0.4375, Max: 1.3125 SUCCESS
2025-12-14 12:01:27,069 - System.tprint - INFO - ℹ️ ✅ Uniqueness weights computed. Mean: 1.0000, Min: 0.4375, Max: 1.3125 SUCCESS
[I 2025-12-14 12:01:28,216] Trial 172 finished with value: -0.0044019503385937 and parameters: {'trail_distance_atr_mult': 1.3920851544461441}. Best is trial 126 with value: -0.000363295272717509.
[2025-12-14 12:01:31.054] ⚖️ Computing uniqueness weights for 9018 events... INFO
2025-12-14 12:01:31,054 - System.tprint - INFO - ℹ️ ⚖️ Computing uniqueness weights for 9018 events... INFO
[2025-12-14 12:01:31.071] ✅ Uniqueness weights computed. Mean: 1.0000, Min: 0.4375, Max: 1.3125 SUCCESS
2025-12-14 12:01:31,071 - System.tprint - INFO - ℹ️ ✅ Uniqueness weights computed. Mean: 1.0000, Min: 0.4375, Max: 1.3125 SUCCESS
[I 2025-12-14 12:01:32,209] Trial 173 finished with value: -0.0040142151917190415 and parameters: {'trail_distance_atr_mult': 1.4107044663640325}. Best is trial 126 with value: -0.000363295272717509.
[2025-12-14 12:01:33.991] ⚖️ Computing uniqueness weights for 9018 events... INFO
2025-12-14 12:01:33,992 - System.tprint - INFO - ℹ️ ⚖️ Computing uniqueness weights for 9018 events... INFO
[2025-12-14 12:01:34.005] ✅ Uniqueness weights computed. Mean: 1.0000, Min: 0.4376, Max: 1.3129 SUCCESS
2025-12-14 12:01:34,005 - System.tprint - INFO - ℹ️ ✅ Uniqueness weights computed. Mean: 1.0000, Min: 0.4376, Max: 1.3129 SUCCESS
