[I 2025-12-14 12:52:24,088] Trial 1469 finished with value: -0.0076581006997095 and parameters: {'trail_distance_atr_mult': 1.1074755404555945}. Best is trial 126 with value: -0.000363295272717509.
[2025-12-14 12:52:25.278] ⚖️ Computing uniqueness weights for 9018 events... INFO
2025-12-14 12:52:25,278 - System.tprint - INFO - ℹ️ ⚖️ Computing uniqueness weights for 9018 events... INFO
[2025-12-14 12:52:25.289] ✅ Uniqueness weights computed. Mean: 1.0000, Min: 0.4373, Max: 1.3118 SUCCESS
2025-12-14 12:52:25,290 - System.tprint - INFO - ℹ️ ✅ Uniqueness weights computed. Mean: 1.0000, Min: 0.4373, Max: 1.3118 SUCCESS
[I 2025-12-14 12:52:26,395] Trial 1470 finished with value: -0.0067784011919410445 and parameters: {'trail_distance_atr_mult': 0.9379384252623145}. Best is trial 126 with value: -0.000363295272717509.
[2025-12-14 12:52:28.411] ⚖️ Computing uniqueness weights for 9018 events... INFO
2025-12-14 12:52:28,411 - System.tprint - INFO - ℹ️ ⚖️ Computing uniqueness weights for 9018 events... INFO
[2025-12-14 12:52:28.424] ✅ Uniqueness weights computed. Mean: 1.0000, Min: 0.4374, Max: 1.3121 SUCCESS
2025-12-14 12:52:28,424 - System.tprint - INFO - ℹ️ ✅ Uniqueness weights computed. Mean: 1.0000, Min: 0.4374, Max: 1.3121 SUCCESS
[I 2025-12-14 12:52:29,280] Trial 1471 finished with value: -0.0077012379130176846 and parameters: {'trail_distance_atr_mult': 1.1580974662086727}. Best is trial 126 with value: -0.000363295272717509.
[2025-12-14 12:52:30.656] ⚖️ Computing uniqueness weights for 9018 events... INFO
2025-12-14 12:52:30,656 - System.tprint - INFO - ℹ️ ⚖️ Computing uniqueness weights for 9018 events... INFO
[2025-12-14 12:52:30.667] ✅ Uniqueness weights computed. Mean: 1.0000, Min: 0.4372, Max: 1.3117 SUCCESS
2025-12-14 12:52:30,667 - System.tprint - INFO - ℹ️ ✅ Uniqueness weights computed. Mean: 1.0000, Min: 0.4372, Max: 1.3117 SUCCESS
[I 2025-12-14 12:52:31,568] Trial 1472 finished with value: -0.0034849037732859996 and parameters: {'trail_distance_atr_mult': 0.6491173589444383}. Best is trial 126 with value: -0.000363295272717509.
[2025-12-14 12:52:32.950] ⚖️ Computing uniqueness weights for 9018 events... INFO
2025-12-14 12:52:32,950 - System.tprint - INFO - ℹ️ ⚖️ Computing uniqueness weights for 9018 events... INFO
[2025-12-14 12:52:32.960] ✅ Uniqueness weights computed. Mean: 1.0000, Min: 0.4374, Max: 1.3121 SUCCESS
2025-12-14 12:52:32,960 - System.tprint - INFO - ℹ️ ✅ Uniqueness weights computed. Mean: 1.0000, Min: 0.4374, Max: 1.3121 SUCCESS
[I 2025-12-14 12:52:33,852] Trial 1473 finished with value: -0.007702311349052312 and parameters: {'trail_distance_atr_mult': 1.1459351848608612}. Best is trial 126 with value: -0.000363295272717509.
[2025-12-14 12:52:35.218] ⚖️ Computing uniqueness weights for 9018 events... INFO
2025-12-14 12:52:35,218 - System.tprint - INFO - ℹ️ ⚖️ Computing uniqueness weights for 9018 events... INFO
[2025-12-14 12:52:35.229] ✅ Uniqueness weights computed. Mean: 1.0000, Min: 0.4373, Max: 1.3118 SUCCESS
2025-12-14 12:52:35,229 - System.tprint - INFO - ℹ️ ✅ Uniqueness weights computed. Mean: 1.0000, Min: 0.4373, Max: 1.3118 SUCCESS
[I 2025-12-14 12:52:36,119] Trial 1474 finished with value: -0.006721233036353924 and parameters: {'trail_distance_atr_mult': 0.908869111504959}. Best is trial 126 with value: -0.000363295272717509.
[2025-12-14 12:52:37.512] ⚖️ Computing uniqueness weights for 9018 events... INFO
2025-12-14 12:52:37,512 - System.tprint - INFO - ℹ️ ⚖️ Computing uniqueness weights for 9018 events... INFO
[2025-12-14 12:52:37.524] ✅ Uniqueness weights computed. Mean: 1.0000, Min: 0.4374, Max: 1.3121 SUCCESS
2025-12-14 12:52:37,524 - System.tprint - INFO - ℹ️ ✅ Uniqueness weights computed. Mean: 1.0000, Min: 0.4374, Max: 1.3121 SUCCESS
[I 2025-12-14 12:52:38,340] Trial 1475 finished with value: -0.007701256290771125 and parameters: {'trail_distance_atr_mult': 1.1546408375041286}. Best is trial 126 with value: -0.000363295272717509.
[2025-12-14 12:52:39.544] ⚖️ Computing uniqueness weights for 9018 events... INFO
2025-12-14 12:52:39,544 - System.tprint - INFO - ℹ️ ⚖️ Computing uniqueness weights for 9018 events... INFO
[2025-12-14 12:52:39.556] ✅ Uniqueness weights computed. Mean: 1.0000, Min: 0.4373, Max: 1.3118 SUCCESS
2025-12-14 12:52:39,556 - System.tprint - INFO - ℹ️ ✅ Uniqueness weights computed. Mean: 1.0000, Min: 0.4373, Max: 1.3118 SUCCESS
[I 2025-12-14 12:52:40,215] Trial 1476 finished with value: -0.0067784190143713235 and parameters: {'trail_distance_atr_mult': 0.9516138278104492}. Best is trial 126 with value: -0.000363295272717509.
[2025-12-14 12:52:41.418] ⚖️ Computing uniqueness weights for 9018 events... INFO
2025-12-14 12:52:41,418 - System.tprint - INFO - ℹ️ ⚖️ Computing uniqueness weights for 9018 events... INFO
[2025-12-14 12:52:41.428] ✅ Uniqueness weights computed. Mean: 1.0000, Min: 0.4374, Max: 1.3121 SUCCESS
2025-12-14 12:52:41,428 - System.tprint - INFO - ℹ️ ✅ Uniqueness weights computed. Mean: 1.0000, Min: 0.4374, Max: 1.3121 SUCCESS
[I 2025-12-14 12:52:42,067] Trial 1477 finished with value: -0.007701248962551454 and parameters: {'trail_distance_atr_mult': 1.1560804756346885}. Best is trial 126 with value: -0.000363295272717509.
[2025-12-14 12:52:43.283] ⚖️ Computing uniqueness weights for 9018 events... INFO
2025-12-14 12:52:43,283 - System.tprint - INFO - ℹ️ ⚖️ Computing uniqueness weights for 9018 events... INFO
[2025-12-14 12:52:43.293] ✅ Uniqueness weights computed. Mean: 1.0000, Min: 0.4374, Max: 1.3121 SUCCESS
2025-12-14 12:52:43,293 - System.tprint - INFO - ℹ️ ✅ Uniqueness weights computed. Mean: 1.0000, Min: 0.4374, Max: 1.3121 SUCCESS
[I 2025-12-14 12:52:43,929] Trial 1478 finished with value: -0.00770230356973693 and parameters: {'trail_distance_atr_mult': 1.1473506146017083}. Best is trial 126 with value: -0.000363295272717509.
[2025-12-14 12:52:45.125] ⚖️ Computing uniqueness weights for 9018 events... INFO
2025-12-14 12:52:45,125 - System.tprint - INFO - ℹ️ ⚖️ Computing uniqueness weights for 9018 events... INFO
[2025-12-14 12:52:45.135] ✅ Uniqueness weights computed. Mean: 1.0000, Min: 0.4373, Max: 1.3118 SUCCESS
2025-12-14 12:52:45,135 - System.tprint - INFO - ℹ️ ✅ Uniqueness weights computed. Mean: 1.0000, Min: 0.4373, Max: 1.3118 SUCCESS
[I 2025-12-14 12:52:45,770] Trial 1479 finished with value: -0.006778404143328992 and parameters: {'trail_distance_atr_mult': 0.9397501610953314}. Best is trial 126 with value: -0.000363295272717509.
[2025-12-14 12:52:46.975] ⚖️ Computing uniqueness weights for 9018 events... INFO
2025-12-14 12:52:46,976 - System.tprint - INFO - ℹ️ ⚖️ Computing uniqueness weights for 9018 events... INFO
[2025-12-14 12:52:46.985] ✅ Uniqueness weights computed. Mean: 1.0000, Min: 0.4374, Max: 1.3121 SUCCESS
2025-12-14 12:52:46,985 - System.tprint - INFO - ℹ️ ✅ Uniqueness weights computed. Mean: 1.0000, Min: 0.4374, Max: 1.3121 SUCCESS
[I 2025-12-14 12:52:47,621] Trial 1480 finished with value: -0.007702328451038763 and parameters: {'trail_distance_atr_mult': 1.1427943965017522}. Best is trial 126 with value: -0.000363295272717509.
[2025-12-14 12:52:48.823] ⚖️ Computing uniqueness weights for 9018 events... INFO
2025-12-14 12:52:48,823 - System.tprint - INFO - ℹ️ ⚖️ Computing uniqueness weights for 9018 events... INFO
[2025-12-14 12:52:48.833] ✅ Uniqueness weights computed. Mean: 1.0000, Min: 0.4373, Max: 1.3118 SUCCESS
2025-12-14 12:52:48,833 - System.tprint - INFO - ℹ️ ✅ Uniqueness weights computed. Mean: 1.0000, Min: 0.4373, Max: 1.3118 SUCCESS
[I 2025-12-14 12:52:49,467] Trial 1481 finished with value: -0.0067783881219226514 and parameters: {'trail_distance_atr_mult': 0.9303365784142198}. Best is trial 126 with value: -0.000363295272717509.
[2025-12-14 12:52:50.684] ⚖️ Computing uniqueness weights for 9018 events... INFO
2025-12-14 12:52:50,685 - System.tprint - INFO - ℹ️ ⚖️ Computing uniqueness weights for 9018 events... INFO
[2025-12-14 12:52:50.693] ✅ Uniqueness weights computed. Mean: 1.0000, Min: 0.4374, Max: 1.3121 SUCCESS
2025-12-14 12:52:50,693 - System.tprint - INFO - ℹ️ ✅ Uniqueness weights computed. Mean: 1.0000, Min: 0.4374, Max: 1.3121 SUCCESS
[I 2025-12-14 12:52:51,328] Trial 1482 finished with value: -0.007702324399317862 and parameters: {'trail_distance_atr_mult': 1.143536805340211}. Best is trial 126 with value: -0.000363295272717509.
[2025-12-14 12:52:52.528] ⚖️ Computing uniqueness weights for 9018 events... INFO
2025-12-14 12:52:52,528 - System.tprint - INFO - ℹ️ ⚖️ Computing uniqueness weights for 9018 events... INFO
[2025-12-14 12:52:52.538] ✅ Uniqueness weights computed. Mean: 1.0000, Min: 0.4374, Max: 1.3121 SUCCESS
2025-12-14 12:52:52,538 - System.tprint - INFO - ℹ️ ✅ Uniqueness weights computed. Mean: 1.0000, Min: 0.4374, Max: 1.3121 SUCCESS
[I 2025-12-14 12:52:53,171] Trial 1483 finished with value: -0.007701253810719642 and parameters: {'trail_distance_atr_mult': 1.155127526448721}. Best is trial 126 with value: -0.000363295272717509.
[2025-12-14 12:52:54.384] ⚖️ Computing uniqueness weights for 9018 events... INFO
2025-12-14 12:52:54,384 - System.tprint - INFO - ℹ️ ⚖️ Computing uniqueness weights for 9018 events... INFO
[2025-12-14 12:52:54.393] ✅ Uniqueness weights computed. Mean: 1.0000, Min: 0.4373, Max: 1.3118 SUCCESS
2025-12-14 12:52:54,394 - System.tprint - INFO - ℹ️ ✅ Uniqueness weights computed. Mean: 1.0000, Min: 0.4373, Max: 1.3118 SUCCESS
[I 2025-12-14 12:52:55,029] Trial 1484 finished with value: -0.006778413348581265 and parameters: {'trail_distance_atr_mult': 0.9451455491367526}. Best is trial 126 with value: -0.000363295272717509.
[2025-12-14 12:52:56.246] ⚖️ Computing uniqueness weights for 9018 events... INFO
2025-12-14 12:52:56,246 - System.tprint - INFO - ℹ️ ⚖️ Computing uniqueness weights for 9018 events... INFO
[2025-12-14 12:52:56.256] ✅ Uniqueness weights computed. Mean: 1.0000, Min: 0.4374, Max: 1.3121 SUCCESS
2025-12-14 12:52:56,256 - System.tprint - INFO - ℹ️ ✅ Uniqueness weights computed. Mean: 1.0000, Min: 0.4374, Max: 1.3121 SUCCESS
[I 2025-12-14 12:52:56,891] Trial 1485 finished with value: -0.007701278100484592 and parameters: {'trail_distance_atr_mult': 1.1507802749286116}. Best is trial 126 with value: -0.000363295272717509.
[2025-12-14 12:52:58.119] ⚖️ Computing uniqueness weights for 9018 events... INFO
2025-12-14 12:52:58,119 - System.tprint - INFO - ℹ️ ⚖️ Computing uniqueness weights for 9018 events... INFO
[2025-12-14 12:52:58.128] ✅ Uniqueness weights computed. Mean: 1.0000, Min: 0.4373, Max: 1.3118 SUCCESS
2025-12-14 12:52:58,129 - System.tprint - INFO - ℹ️ ✅ Uniqueness weights computed. Mean: 1.0000, Min: 0.4373, Max: 1.3118 SUCCESS
[I 2025-12-14 12:52:58,787] Trial 1486 finished with value: -0.0067784181764128345 and parameters: {'trail_distance_atr_mult': 0.9511541981690163}. Best is trial 126 with value: -0.000363295272717509.
[2025-12-14 12:52:59.987] ⚖️ Computing uniqueness weights for 9018 events... INFO
2025-12-14 12:52:59,987 - System.tprint - INFO - ℹ️ ⚖️ Computing uniqueness weights for 9018 events... INFO
[2025-12-14 12:52:59.997] ✅ Uniqueness weights computed. Mean: 1.0000, Min: 0.4374, Max: 1.3121 SUCCESS
2025-12-14 12:52:59,997 - System.tprint - INFO - ℹ️ ✅ Uniqueness weights computed. Mean: 1.0000, Min: 0.4374, Max: 1.3121 SUCCESS
[I 2025-12-14 12:53:00,823] Trial 1487 finished with value: -0.007701276036082111 and parameters: {'trail_distance_atr_mult': 1.1511445121352823}. Best is trial 126 with value: -0.000363295272717509.
[2025-12-14 12:53:02.034] ⚖️ Computing uniqueness weights for 9018 events... INFO
2025-12-14 12:53:02,034 - System.tprint - INFO - ℹ️ ⚖️ Computing uniqueness weights for 9018 events... INFO
[2025-12-14 12:53:02.044] ✅ Uniqueness weights computed. Mean: 1.0000, Min: 0.4374, Max: 1.3121 SUCCESS
2025-12-14 12:53:02,044 - System.tprint - INFO - ℹ️ ✅ Uniqueness weights computed. Mean: 1.0000, Min: 0.4374, Max: 1.3121 SUCCESS
[I 2025-12-14 12:53:02,679] Trial 1488 finished with value: -0.0077012576093929246 and parameters: {'trail_distance_atr_mult': 1.1544448017018272}. Best is trial 126 with value: -0.000363295272717509.
[2025-12-14 12:53:03.870] ⚖️ Computing uniqueness weights for 9018 events... INFO
2025-12-14 12:53:03,870 - System.tprint - INFO - ℹ️ ⚖️ Computing uniqueness weights for 9018 events... INFO
[2025-12-14 12:53:03.879] ✅ Uniqueness weights computed. Mean: 1.0000, Min: 0.4372, Max: 1.3117 SUCCESS
2025-12-14 12:53:03,879 - System.tprint - INFO - ℹ️ ✅ Uniqueness weights computed. Mean: 1.0000, Min: 0.4372, Max: 1.3117 SUCCESS
[I 2025-12-14 12:53:04,514] Trial 1489 finished with value: -0.007479331783459741 and parameters: {'trail_distance_atr_mult': 0.6955072216311385}. Best is trial 126 with value: -0.000363295272717509.
[2025-12-14 12:53:05.686] ⚖️ Computing uniqueness weights for 9018 events... INFO
2025-12-14 12:53:05,686 - System.tprint - INFO - ℹ️ ⚖️ Computing uniqueness weights for 9018 events... INFO
[2025-12-14 12:53:05.696] ✅ Uniqueness weights computed. Mean: 1.0000, Min: 0.4373, Max: 1.3118 SUCCESS
2025-12-14 12:53:05,696 - System.tprint - INFO - ℹ️ ✅ Uniqueness weights computed. Mean: 1.0000, Min: 0.4373, Max: 1.3118 SUCCESS
[I 2025-12-14 12:53:06,406] Trial 1490 finished with value: -0.0067584083190241 and parameters: {'trail_distance_atr_mult': 0.9794132540479115}. Best is trial 126 with value: -0.000363295272717509.
[2025-12-14 12:53:07.584] ⚖️ Computing uniqueness weights for 9018 events... INFO
2025-12-14 12:53:07,585 - System.tprint - INFO - ℹ️ ⚖️ Computing uniqueness weights for 9018 events... INFO
[2025-12-14 12:53:07.594] ✅ Uniqueness weights computed. Mean: 1.0000, Min: 0.4374, Max: 1.3121 SUCCESS
2025-12-14 12:53:07,595 - System.tprint - INFO - ℹ️ ✅ Uniqueness weights computed. Mean: 1.0000, Min: 0.4374, Max: 1.3121 SUCCESS
[I 2025-12-14 12:53:08,272] Trial 1491 finished with value: -0.0075295834174186555 and parameters: {'trail_distance_atr_mult': 1.166424083642932}. Best is trial 126 with value: -0.000363295272717509.
[2025-12-14 12:53:09.474] ⚖️ Computing uniqueness weights for 9018 events... INFO
2025-12-14 12:53:09,474 - System.tprint - INFO - ℹ️ ⚖️ Computing uniqueness weights for 9018 events... INFO
[2025-12-14 12:53:09.484] ✅ Uniqueness weights computed. Mean: 1.0000, Min: 0.4373, Max: 1.3118 SUCCESS
2025-12-14 12:53:09,484 - System.tprint - INFO - ℹ️ ✅ Uniqueness weights computed. Mean: 1.0000, Min: 0.4373, Max: 1.3118 SUCCESS
[I 2025-12-14 12:53:10,187] Trial 1492 finished with value: -0.006778416529001817 and parameters: {'trail_distance_atr_mult': 0.9501936695401961}. Best is trial 126 with value: -0.000363295272717509.
[2025-12-14 12:53:11.432] ⚖️ Computing uniqueness weights for 9018 events... INFO
2025-12-14 12:53:11,433 - System.tprint - INFO - ℹ️ ⚖️ Computing uniqueness weights for 9018 events... INFO
[2025-12-14 12:53:11.444] ✅ Uniqueness weights computed. Mean: 1.0000, Min: 0.4374, Max: 1.3121 SUCCESS
2025-12-14 12:53:11,444 - System.tprint - INFO - ℹ️ ✅ Uniqueness weights computed. Mean: 1.0000, Min: 0.4374, Max: 1.3121 SUCCESS
[I 2025-12-14 12:53:12,132] Trial 1493 finished with value: -0.007094549498476943 and parameters: {'trail_distance_atr_mult': 1.1736819582287787}. Best is trial 126 with value: -0.000363295272717509.
[2025-12-14 12:53:13.361] ⚖️ Computing uniqueness weights for 9018 events... INFO
2025-12-14 12:53:13,362 - System.tprint - INFO - ℹ️ ⚖️ Computing uniqueness weights for 9018 events... INFO
[2025-12-14 12:53:13.372] ✅ Uniqueness weights computed. Mean: 1.0000, Min: 0.4374, Max: 1.3121 SUCCESS
2025-12-14 12:53:13,372 - System.tprint - INFO - ℹ️ ✅ Uniqueness weights computed. Mean: 1.0000, Min: 0.4374, Max: 1.3121 SUCCESS
[I 2025-12-14 12:53:14,009] Trial 1494 finished with value: -0.007701234232857512 and parameters: {'trail_distance_atr_mult': 1.1587292710635009}. Best is trial 126 with value: -0.000363295272717509.
[2025-12-14 12:53:15.198] ⚖️ Computing uniqueness weights for 9018 events... INFO
2025-12-14 12:53:15,198 - System.tprint - INFO - ℹ️ ⚖️ Computing uniqueness weights for 9018 events... INFO
[2025-12-14 12:53:15.208] ✅ Uniqueness weights computed. Mean: 1.0000, Min: 0.4373, Max: 1.3118 SUCCESS
2025-12-14 12:53:15,208 - System.tprint - INFO - ℹ️ ✅ Uniqueness weights computed. Mean: 1.0000, Min: 0.4373, Max: 1.3118 SUCCESS
[I 2025-12-14 12:53:15,849] Trial 1495 finished with value: -0.00668108293627382 and parameters: {'trail_distance_atr_mult': 0.8904910337938498}. Best is trial 126 with value: -0.000363295272717509.
[2025-12-14 12:53:17.132] ⚖️ Computing uniqueness weights for 9018 events... INFO
2025-12-14 12:53:17,133 - System.tprint - INFO - ℹ️ ⚖️ Computing uniqueness weights for 9018 events... INFO
[2025-12-14 12:53:17.143] ✅ Uniqueness weights computed. Mean: 1.0000, Min: 0.4374, Max: 1.3121 SUCCESS
2025-12-14 12:53:17,144 - System.tprint - INFO - ℹ️ ✅ Uniqueness weights computed. Mean: 1.0000, Min: 0.4374, Max: 1.3121 SUCCESS
[I 2025-12-14 12:53:17,855] Trial 1496 finished with value: -0.007702294772860457 and parameters: {'trail_distance_atr_mult': 1.148929100319801}. Best is trial 126 with value: -0.000363295272717509.
[2025-12-14 12:53:19.029] ⚖️ Computing uniqueness weights for 9018 events... INFO
2025-12-14 12:53:19,029 - System.tprint - INFO - ℹ️ ⚖️ Computing uniqueness weights for 9018 events... INFO
[2025-12-14 12:53:19.039] ✅ Uniqueness weights computed. Mean: 1.0000, Min: 0.4373, Max: 1.3118 SUCCESS
2025-12-14 12:53:19,039 - System.tprint - INFO - ℹ️ ✅ Uniqueness weights computed. Mean: 1.0000, Min: 0.4373, Max: 1.3118 SUCCESS
[I 2025-12-14 12:53:19,724] Trial 1497 finished with value: -0.006778426029193822 and parameters: {'trail_distance_atr_mult': 0.9557459258233546}. Best is trial 126 with value: -0.000363295272717509.
[2025-12-14 12:53:20.892] ⚖️ Computing uniqueness weights for 9018 events... INFO
2025-12-14 12:53:20,892 - System.tprint - INFO - ℹ️ ⚖️ Computing uniqueness weights for 9018 events... INFO
[2025-12-14 12:53:20.903] ✅ Uniqueness weights computed. Mean: 1.0000, Min: 0.4374, Max: 1.3121 SUCCESS
2025-12-14 12:53:20,903 - System.tprint - INFO - ℹ️ ✅ Uniqueness weights computed. Mean: 1.0000, Min: 0.4374, Max: 1.3121 SUCCESS
[I 2025-12-14 12:53:21,608] Trial 1498 finished with value: -0.007702309015934896 and parameters: {'trail_distance_atr_mult': 1.1463286857579198}. Best is trial 126 with value: -0.000363295272717509.
[2025-12-14 12:53:22.808] ⚖️ Computing uniqueness weights for 9018 events... INFO
2025-12-14 12:53:22,809 - System.tprint - INFO - ℹ️ ⚖️ Computing uniqueness weights for 9018 events... INFO
[2025-12-14 12:53:22.819] ✅ Uniqueness weights computed. Mean: 1.0000, Min: 0.4373, Max: 1.3118 SUCCESS
2025-12-14 12:53:22,819 - System.tprint - INFO - ℹ️ ✅ Uniqueness weights computed. Mean: 1.0000, Min: 0.4373, Max: 1.3118 SUCCESS
[I 2025-12-14 12:53:23,456] Trial 1499 finished with value: -0.007247632125567842 and parameters: {'trail_distance_atr_mult': 0.9589363945599485}. Best is trial 126 with value: -0.000363295272717509.
[2025-12-14 12:53:24.655] ⚖️ Computing uniqueness weights for 9018 events... INFO
2025-12-14 12:53:24,655 - System.tprint - INFO - ℹ️ ⚖️ Computing uniqueness weights for 9018 events... INFO
[2025-12-14 12:53:24.665] ✅ Uniqueness weights computed. Mean: 1.0000, Min: 0.4374, Max: 1.3121 SUCCESS
2025-12-14 12:53:24,665 - System.tprint - INFO - ℹ️ ✅ Uniqueness weights computed. Mean: 1.0000, Min: 0.4374, Max: 1.3121 SUCCESS
[I 2025-12-14 12:53:25,302] Trial 1500 finished with value: -0.007445840920971968 and parameters: {'trail_distance_atr_mult': 1.1686605903263876}. Best is trial 126 with value: -0.000363295272717509.
[2025-12-14 12:53:26.510] ⚖️ Computing uniqueness weights for 9018 events... INFO
2025-12-14 12:53:26,510 - System.tprint - INFO - ℹ️ ⚖️ Computing uniqueness weights for 9018 events... INFO
[2025-12-14 12:53:26.520] ✅ Uniqueness weights computed. Mean: 1.0000, Min: 0.4374, Max: 1.3121 SUCCESS
2025-12-14 12:53:26,520 - System.tprint - INFO - ℹ️ ✅ Uniqueness weights computed. Mean: 1.0000, Min: 0.4374, Max: 1.3121 SUCCESS
[I 2025-12-14 12:53:27,160] Trial 1501 finished with value: -0.007445877367993598 and parameters: {'trail_distance_atr_mult': 1.1671027890924046}. Best is trial 126 with value: -0.000363295272717509.
[2025-12-14 12:53:28.360] ⚖️ Computing uniqueness weights for 9018 events... INFO
2025-12-14 12:53:28,360 - System.tprint - INFO - ℹ️ ⚖️ Computing uniqueness weights for 9018 events... INFO
[2025-12-14 12:53:28.370] ✅ Uniqueness weights computed. Mean: 1.0000, Min: 0.4372, Max: 1.3117 SUCCESS
2025-12-14 12:53:28,370 - System.tprint - INFO - ℹ️ ✅ Uniqueness weights computed. Mean: 1.0000, Min: 0.4372, Max: 1.3117 SUCCESS
[I 2025-12-14 12:53:29,006] Trial 1502 finished with value: -0.007479331783459741 and parameters: {'trail_distance_atr_mult': 0.7199018764092076}. Best is trial 126 with value: -0.000363295272717509.
[2025-12-14 12:53:30.220] ⚖️ Computing uniqueness weights for 9018 events... INFO
2025-12-14 12:53:30,220 - System.tprint - INFO - ℹ️ ⚖️ Computing uniqueness weights for 9018 events... INFO
[2025-12-14 12:53:30.230] ✅ Uniqueness weights computed. Mean: 1.0000, Min: 0.4373, Max: 1.3118 SUCCESS
2025-12-14 12:53:30,230 - System.tprint - INFO - ℹ️ ✅ Uniqueness weights computed. Mean: 1.0000, Min: 0.4373, Max: 1.3118 SUCCESS
[I 2025-12-14 12:53:30,866] Trial 1503 finished with value: -0.006741956958582478 and parameters: {'trail_distance_atr_mult': 0.9925337527654506}. Best is trial 126 with value: -0.000363295272717509.
[2025-12-14 12:53:32.073] ⚖️ Computing uniqueness weights for 9018 events... INFO
2025-12-14 12:53:32,073 - System.tprint - INFO - ℹ️ ⚖️ Computing uniqueness weights for 9018 events... INFO
[2025-12-14 12:53:32.083] ✅ Uniqueness weights computed. Mean: 1.0000, Min: 0.4374, Max: 1.3121 SUCCESS
2025-12-14 12:53:32,083 - System.tprint - INFO - ℹ️ ✅ Uniqueness weights computed. Mean: 1.0000, Min: 0.4374, Max: 1.3121 SUCCESS
