[I 2025-12-14 12:36:52,388] Trial 1014 finished with value: -0.0074626995353528555 and parameters: {'trail_distance_atr_mult': 1.2460479416697414}. Best is trial 126 with value: -0.000363295272717509.
[2025-12-14 12:36:53.593] ⚖️ Computing uniqueness weights for 9018 events... INFO
2025-12-14 12:36:53,593 - System.tprint - INFO - ℹ️ ⚖️ Computing uniqueness weights for 9018 events... INFO
[2025-12-14 12:36:53.603] ✅ Uniqueness weights computed. Mean: 1.0000, Min: 0.4375, Max: 1.3124 SUCCESS
2025-12-14 12:36:53,603 - System.tprint - INFO - ℹ️ ✅ Uniqueness weights computed. Mean: 1.0000, Min: 0.4375, Max: 1.3124 SUCCESS
[I 2025-12-14 12:36:54,239] Trial 1015 finished with value: -0.0022515053322592843 and parameters: {'trail_distance_atr_mult': 1.250564075640907}. Best is trial 126 with value: -0.000363295272717509.
[2025-12-14 12:36:55.443] ⚖️ Computing uniqueness weights for 9018 events... INFO
2025-12-14 12:36:55,443 - System.tprint - INFO - ℹ️ ⚖️ Computing uniqueness weights for 9018 events... INFO
[2025-12-14 12:36:55.453] ✅ Uniqueness weights computed. Mean: 1.0000, Min: 0.4375, Max: 1.3124 SUCCESS
2025-12-14 12:36:55,453 - System.tprint - INFO - ℹ️ ✅ Uniqueness weights computed. Mean: 1.0000, Min: 0.4375, Max: 1.3124 SUCCESS
[I 2025-12-14 12:36:56,092] Trial 1016 finished with value: -0.0022514995178075613 and parameters: {'trail_distance_atr_mult': 1.2517074722837969}. Best is trial 126 with value: -0.000363295272717509.
[2025-12-14 12:36:57.302] ⚖️ Computing uniqueness weights for 9018 events... INFO
2025-12-14 12:36:57,302 - System.tprint - INFO - ℹ️ ⚖️ Computing uniqueness weights for 9018 events... INFO
[2025-12-14 12:36:57.312] ✅ Uniqueness weights computed. Mean: 1.0000, Min: 0.4375, Max: 1.3124 SUCCESS
2025-12-14 12:36:57,312 - System.tprint - INFO - ℹ️ ✅ Uniqueness weights computed. Mean: 1.0000, Min: 0.4375, Max: 1.3124 SUCCESS
[I 2025-12-14 12:36:57,949] Trial 1017 finished with value: -0.002268532833828158 and parameters: {'trail_distance_atr_mult': 1.2627986345536764}. Best is trial 126 with value: -0.000363295272717509.
[2025-12-14 12:36:59.167] ⚖️ Computing uniqueness weights for 9018 events... INFO
2025-12-14 12:36:59,168 - System.tprint - INFO - ℹ️ ⚖️ Computing uniqueness weights for 9018 events... INFO
[2025-12-14 12:36:59.179] ✅ Uniqueness weights computed. Mean: 1.0000, Min: 0.4374, Max: 1.3123 SUCCESS
2025-12-14 12:36:59,179 - System.tprint - INFO - ℹ️ ✅ Uniqueness weights computed. Mean: 1.0000, Min: 0.4374, Max: 1.3123 SUCCESS
[I 2025-12-14 12:36:59,848] Trial 1018 finished with value: -0.004494434942661662 and parameters: {'trail_distance_atr_mult': 1.233671123197162}. Best is trial 126 with value: -0.000363295272717509.
[2025-12-14 12:37:01.004] ⚖️ Computing uniqueness weights for 9018 events... INFO
2025-12-14 12:37:01,004 - System.tprint - INFO - ℹ️ ⚖️ Computing uniqueness weights for 9018 events... INFO
[2025-12-14 12:37:01.014] ✅ Uniqueness weights computed. Mean: 1.0000, Min: 0.4375, Max: 1.3124 SUCCESS
2025-12-14 12:37:01,014 - System.tprint - INFO - ℹ️ ✅ Uniqueness weights computed. Mean: 1.0000, Min: 0.4375, Max: 1.3124 SUCCESS
[I 2025-12-14 12:37:01,686] Trial 1019 finished with value: -0.00226853441167023 and parameters: {'trail_distance_atr_mult': 1.2594566513324026}. Best is trial 126 with value: -0.000363295272717509.
[2025-12-14 12:37:02.897] ⚖️ Computing uniqueness weights for 9018 events... INFO
2025-12-14 12:37:02,897 - System.tprint - INFO - ℹ️ ⚖️ Computing uniqueness weights for 9018 events... INFO
[2025-12-14 12:37:02.907] ✅ Uniqueness weights computed. Mean: 1.0000, Min: 0.4374, Max: 1.3123 SUCCESS
2025-12-14 12:37:02,907 - System.tprint - INFO - ℹ️ ✅ Uniqueness weights computed. Mean: 1.0000, Min: 0.4374, Max: 1.3123 SUCCESS
[I 2025-12-14 12:37:03,546] Trial 1020 finished with value: -0.007462678235134072 and parameters: {'trail_distance_atr_mult': 1.2470936005978133}. Best is trial 126 with value: -0.000363295272717509.
[2025-12-14 12:37:04.750] ⚖️ Computing uniqueness weights for 9018 events... INFO
2025-12-14 12:37:04,751 - System.tprint - INFO - ℹ️ ⚖️ Computing uniqueness weights for 9018 events... INFO
[2025-12-14 12:37:04.760] ✅ Uniqueness weights computed. Mean: 1.0000, Min: 0.4375, Max: 1.3124 SUCCESS
2025-12-14 12:37:04,760 - System.tprint - INFO - ℹ️ ✅ Uniqueness weights computed. Mean: 1.0000, Min: 0.4375, Max: 1.3124 SUCCESS
[I 2025-12-14 12:37:05,393] Trial 1021 finished with value: -0.0022685346104898718 and parameters: {'trail_distance_atr_mult': 1.2623952270547856}. Best is trial 126 with value: -0.000363295272717509.
[2025-12-14 12:37:06.592] ⚖️ Computing uniqueness weights for 9018 events... INFO
2025-12-14 12:37:06,592 - System.tprint - INFO - ℹ️ ⚖️ Computing uniqueness weights for 9018 events... INFO
[2025-12-14 12:37:06.602] ✅ Uniqueness weights computed. Mean: 1.0000, Min: 0.4375, Max: 1.3124 SUCCESS
2025-12-14 12:37:06,602 - System.tprint - INFO - ℹ️ ✅ Uniqueness weights computed. Mean: 1.0000, Min: 0.4375, Max: 1.3124 SUCCESS
[I 2025-12-14 12:37:07,235] Trial 1022 finished with value: -0.004871021791498309 and parameters: {'trail_distance_atr_mult': 1.2740688473760735}. Best is trial 126 with value: -0.000363295272717509.
[2025-12-14 12:37:08.434] ⚖️ Computing uniqueness weights for 9018 events... INFO
2025-12-14 12:37:08,434 - System.tprint - INFO - ℹ️ ⚖️ Computing uniqueness weights for 9018 events... INFO
[2025-12-14 12:37:08.444] ✅ Uniqueness weights computed. Mean: 1.0000, Min: 0.4374, Max: 1.3123 SUCCESS
2025-12-14 12:37:08,444 - System.tprint - INFO - ℹ️ ✅ Uniqueness weights computed. Mean: 1.0000, Min: 0.4374, Max: 1.3123 SUCCESS
[I 2025-12-14 12:37:09,104] Trial 1023 finished with value: -0.007462697966765534 and parameters: {'trail_distance_atr_mult': 1.246120803826499}. Best is trial 126 with value: -0.000363295272717509.
[2025-12-14 12:37:10.305] ⚖️ Computing uniqueness weights for 9018 events... INFO
2025-12-14 12:37:10,305 - System.tprint - INFO - ℹ️ ⚖️ Computing uniqueness weights for 9018 events... INFO
[2025-12-14 12:37:10.315] ✅ Uniqueness weights computed. Mean: 1.0000, Min: 0.4375, Max: 1.3124 SUCCESS
2025-12-14 12:37:10,315 - System.tprint - INFO - ℹ️ ✅ Uniqueness weights computed. Mean: 1.0000, Min: 0.4375, Max: 1.3124 SUCCESS
[I 2025-12-14 12:37:10,959] Trial 1024 finished with value: -0.0022515031168907984 and parameters: {'trail_distance_atr_mult': 1.2510063776981608}. Best is trial 126 with value: -0.000363295272717509.
[2025-12-14 12:37:12.114] ⚖️ Computing uniqueness weights for 9018 events... INFO
2025-12-14 12:37:12,114 - System.tprint - INFO - ℹ️ ⚖️ Computing uniqueness weights for 9018 events... INFO
[2025-12-14 12:37:12.123] ✅ Uniqueness weights computed. Mean: 1.0000, Min: 0.4375, Max: 1.3124 SUCCESS
2025-12-14 12:37:12,123 - System.tprint - INFO - ℹ️ ✅ Uniqueness weights computed. Mean: 1.0000, Min: 0.4375, Max: 1.3124 SUCCESS
[I 2025-12-14 12:37:12,889] Trial 1025 finished with value: -0.0022685412866472877 and parameters: {'trail_distance_atr_mult': 1.2608981333406182}. Best is trial 126 with value: -0.000363295272717509.
[2025-12-14 12:37:14.114] ⚖️ Computing uniqueness weights for 9018 events... INFO
2025-12-14 12:37:14,114 - System.tprint - INFO - ℹ️ ⚖️ Computing uniqueness weights for 9018 events... INFO
[2025-12-14 12:37:14.124] ✅ Uniqueness weights computed. Mean: 1.0000, Min: 0.4375, Max: 1.3124 SUCCESS
2025-12-14 12:37:14,124 - System.tprint - INFO - ℹ️ ✅ Uniqueness weights computed. Mean: 1.0000, Min: 0.4375, Max: 1.3124 SUCCESS
[I 2025-12-14 12:37:14,851] Trial 1026 finished with value: -0.002268539296425884 and parameters: {'trail_distance_atr_mult': 1.2613375801154056}. Best is trial 126 with value: -0.000363295272717509.
[2025-12-14 12:37:16.050] ⚖️ Computing uniqueness weights for 9018 events... INFO
2025-12-14 12:37:16,050 - System.tprint - INFO - ℹ️ ⚖️ Computing uniqueness weights for 9018 events... INFO
[2025-12-14 12:37:16.060] ✅ Uniqueness weights computed. Mean: 1.0000, Min: 0.4375, Max: 1.3124 SUCCESS
2025-12-14 12:37:16,060 - System.tprint - INFO - ℹ️ ✅ Uniqueness weights computed. Mean: 1.0000, Min: 0.4375, Max: 1.3124 SUCCESS
[I 2025-12-14 12:37:16,692] Trial 1027 finished with value: -0.0022685361328832307 and parameters: {'trail_distance_atr_mult': 1.2590600590837135}. Best is trial 126 with value: -0.000363295272717509.
[2025-12-14 12:37:17.904] ⚖️ Computing uniqueness weights for 9018 events... INFO
2025-12-14 12:37:17,904 - System.tprint - INFO - ℹ️ ⚖️ Computing uniqueness weights for 9018 events... INFO
[2025-12-14 12:37:17.914] ✅ Uniqueness weights computed. Mean: 1.0000, Min: 0.4375, Max: 1.3124 SUCCESS
2025-12-14 12:37:17,914 - System.tprint - INFO - ℹ️ ✅ Uniqueness weights computed. Mean: 1.0000, Min: 0.4375, Max: 1.3124 SUCCESS
[I 2025-12-14 12:37:18,552] Trial 1028 finished with value: -0.0022685410423990008 and parameters: {'trail_distance_atr_mult': 1.2609488227828676}. Best is trial 126 with value: -0.000363295272717509.
[2025-12-14 12:37:19.751] ⚖️ Computing uniqueness weights for 9018 events... INFO
2025-12-14 12:37:19,751 - System.tprint - INFO - ℹ️ ⚖️ Computing uniqueness weights for 9018 events... INFO
[2025-12-14 12:37:19.761] ✅ Uniqueness weights computed. Mean: 1.0000, Min: 0.4374, Max: 1.3123 SUCCESS
2025-12-14 12:37:19,761 - System.tprint - INFO - ℹ️ ✅ Uniqueness weights computed. Mean: 1.0000, Min: 0.4374, Max: 1.3123 SUCCESS
[I 2025-12-14 12:37:20,409] Trial 1029 finished with value: -0.0044872385795136915 and parameters: {'trail_distance_atr_mult': 1.2243289873922718}. Best is trial 126 with value: -0.000363295272717509.
[2025-12-14 12:37:21.605] ⚖️ Computing uniqueness weights for 9018 events... INFO
2025-12-14 12:37:21,605 - System.tprint - INFO - ℹ️ ⚖️ Computing uniqueness weights for 9018 events... INFO
[2025-12-14 12:37:21.615] ✅ Uniqueness weights computed. Mean: 1.0000, Min: 0.4375, Max: 1.3124 SUCCESS
2025-12-14 12:37:21,615 - System.tprint - INFO - ℹ️ ✅ Uniqueness weights computed. Mean: 1.0000, Min: 0.4375, Max: 1.3124 SUCCESS
[I 2025-12-14 12:37:22,252] Trial 1030 finished with value: -0.0022685324175657252 and parameters: {'trail_distance_atr_mult': 1.259900198686942}. Best is trial 126 with value: -0.000363295272717509.
[2025-12-14 12:37:23.445] ⚖️ Computing uniqueness weights for 9018 events... INFO
2025-12-14 12:37:23,445 - System.tprint - INFO - ℹ️ ⚖️ Computing uniqueness weights for 9018 events... INFO
[2025-12-14 12:37:23.455] ✅ Uniqueness weights computed. Mean: 1.0000, Min: 0.4375, Max: 1.3124 SUCCESS
2025-12-14 12:37:23,455 - System.tprint - INFO - ℹ️ ✅ Uniqueness weights computed. Mean: 1.0000, Min: 0.4375, Max: 1.3124 SUCCESS
[I 2025-12-14 12:37:24,089] Trial 1031 finished with value: -0.002251498288596597 and parameters: {'trail_distance_atr_mult': 1.2519531137952333}. Best is trial 126 with value: -0.000363295272717509.
[2025-12-14 12:37:25.275] ⚖️ Computing uniqueness weights for 9018 events... INFO
2025-12-14 12:37:25,276 - System.tprint - INFO - ℹ️ ⚖️ Computing uniqueness weights for 9018 events... INFO
[2025-12-14 12:37:25.286] ✅ Uniqueness weights computed. Mean: 1.0000, Min: 0.4374, Max: 1.3123 SUCCESS
2025-12-14 12:37:25,286 - System.tprint - INFO - ℹ️ ✅ Uniqueness weights computed. Mean: 1.0000, Min: 0.4374, Max: 1.3123 SUCCESS
[I 2025-12-14 12:37:25,931] Trial 1032 finished with value: -0.004494387276075022 and parameters: {'trail_distance_atr_mult': 1.242638459090246}. Best is trial 126 with value: -0.000363295272717509.
[2025-12-14 12:37:27.117] ⚖️ Computing uniqueness weights for 9018 events... INFO
2025-12-14 12:37:27,118 - System.tprint - INFO - ℹ️ ⚖️ Computing uniqueness weights for 9018 events... INFO
[2025-12-14 12:37:27.127] ✅ Uniqueness weights computed. Mean: 1.0000, Min: 0.4375, Max: 1.3124 SUCCESS
2025-12-14 12:37:27,127 - System.tprint - INFO - ℹ️ ✅ Uniqueness weights computed. Mean: 1.0000, Min: 0.4375, Max: 1.3124 SUCCESS
[I 2025-12-14 12:37:27,764] Trial 1033 finished with value: -0.0022685198165706393 and parameters: {'trail_distance_atr_mult': 1.265744533095463}. Best is trial 126 with value: -0.000363295272717509.
[2025-12-14 12:37:28.979] ⚖️ Computing uniqueness weights for 9018 events... INFO
2025-12-14 12:37:28,979 - System.tprint - INFO - ℹ️ ⚖️ Computing uniqueness weights for 9018 events... INFO
[2025-12-14 12:37:28.989] ✅ Uniqueness weights computed. Mean: 1.0000, Min: 0.4375, Max: 1.3124 SUCCESS
2025-12-14 12:37:28,989 - System.tprint - INFO - ℹ️ ✅ Uniqueness weights computed. Mean: 1.0000, Min: 0.4375, Max: 1.3124 SUCCESS
[I 2025-12-14 12:37:29,649] Trial 1034 finished with value: -0.004871018786645241 and parameters: {'trail_distance_atr_mult': 1.27467116696414}. Best is trial 126 with value: -0.000363295272717509.
[2025-12-14 12:37:30.852] ⚖️ Computing uniqueness weights for 9018 events... INFO
2025-12-14 12:37:30,853 - System.tprint - INFO - ℹ️ ⚖️ Computing uniqueness weights for 9018 events... INFO
[2025-12-14 12:37:30.864] ✅ Uniqueness weights computed. Mean: 1.0000, Min: 0.4375, Max: 1.3124 SUCCESS
2025-12-14 12:37:30,864 - System.tprint - INFO - ℹ️ ✅ Uniqueness weights computed. Mean: 1.0000, Min: 0.4375, Max: 1.3124 SUCCESS
[I 2025-12-14 12:37:31,506] Trial 1035 finished with value: -0.005687799459039276 and parameters: {'trail_distance_atr_mult': 1.279874881483688}. Best is trial 126 with value: -0.000363295272717509.
[2025-12-14 12:37:32.702] ⚖️ Computing uniqueness weights for 9018 events... INFO
2025-12-14 12:37:32,702 - System.tprint - INFO - ℹ️ ⚖️ Computing uniqueness weights for 9018 events... INFO
[2025-12-14 12:37:32.712] ✅ Uniqueness weights computed. Mean: 1.0000, Min: 0.4375, Max: 1.3124 SUCCESS
2025-12-14 12:37:32,712 - System.tprint - INFO - ℹ️ ✅ Uniqueness weights computed. Mean: 1.0000, Min: 0.4375, Max: 1.3124 SUCCESS
[I 2025-12-14 12:37:33,352] Trial 1036 finished with value: -0.0003632956732150876 and parameters: {'trail_distance_atr_mult': 1.272103762898551}. Best is trial 126 with value: -0.000363295272717509.
[2025-12-14 12:37:34.557] ⚖️ Computing uniqueness weights for 9018 events... INFO
2025-12-14 12:37:34,557 - System.tprint - INFO - ℹ️ ⚖️ Computing uniqueness weights for 9018 events... INFO
[2025-12-14 12:37:34.567] ✅ Uniqueness weights computed. Mean: 1.0000, Min: 0.4375, Max: 1.3124 SUCCESS
2025-12-14 12:37:34,567 - System.tprint - INFO - ℹ️ ✅ Uniqueness weights computed. Mean: 1.0000, Min: 0.4375, Max: 1.3124 SUCCESS
[I 2025-12-14 12:37:35,202] Trial 1037 finished with value: -0.0022685144777732113 and parameters: {'trail_distance_atr_mult': 1.2669604260214573}. Best is trial 126 with value: -0.000363295272717509.
[2025-12-14 12:37:36.395] ⚖️ Computing uniqueness weights for 9018 events... INFO
2025-12-14 12:37:36,395 - System.tprint - INFO - ℹ️ ⚖️ Computing uniqueness weights for 9018 events... INFO
[2025-12-14 12:37:36.405] ✅ Uniqueness weights computed. Mean: 1.0000, Min: 0.4375, Max: 1.3124 SUCCESS
2025-12-14 12:37:36,405 - System.tprint - INFO - ℹ️ ✅ Uniqueness weights computed. Mean: 1.0000, Min: 0.4375, Max: 1.3124 SUCCESS
[I 2025-12-14 12:37:37,030] Trial 1038 finished with value: -0.004640576786708543 and parameters: {'trail_distance_atr_mult': 1.285178037809823}. Best is trial 126 with value: -0.000363295272717509.
[2025-12-14 12:37:38.219] ⚖️ Computing uniqueness weights for 9018 events... INFO
2025-12-14 12:37:38,219 - System.tprint - INFO - ℹ️ ⚖️ Computing uniqueness weights for 9018 events... INFO
[2025-12-14 12:37:38.228] ✅ Uniqueness weights computed. Mean: 1.0000, Min: 0.4375, Max: 1.3124 SUCCESS
2025-12-14 12:37:38,229 - System.tprint - INFO - ℹ️ ✅ Uniqueness weights computed. Mean: 1.0000, Min: 0.4375, Max: 1.3124 SUCCESS
[I 2025-12-14 12:37:38,955] Trial 1039 finished with value: -0.005837577437807621 and parameters: {'trail_distance_atr_mult': 1.295165711050713}. Best is trial 126 with value: -0.000363295272717509.
[2025-12-14 12:37:40.142] ⚖️ Computing uniqueness weights for 9018 events... INFO
2025-12-14 12:37:40,142 - System.tprint - INFO - ℹ️ ⚖️ Computing uniqueness weights for 9018 events... INFO
[2025-12-14 12:37:40.152] ✅ Uniqueness weights computed. Mean: 1.0000, Min: 0.4374, Max: 1.3121 SUCCESS
2025-12-14 12:37:40,152 - System.tprint - INFO - ℹ️ ✅ Uniqueness weights computed. Mean: 1.0000, Min: 0.4374, Max: 1.3121 SUCCESS
[I 2025-12-14 12:37:40,831] Trial 1040 finished with value: -0.001253169563352012 and parameters: {'trail_distance_atr_mult': 1.1842132073877074}. Best is trial 126 with value: -0.000363295272717509.
[2025-12-14 12:37:42.032] ⚖️ Computing uniqueness weights for 9018 events... INFO
2025-12-14 12:37:42,032 - System.tprint - INFO - ℹ️ ⚖️ Computing uniqueness weights for 9018 events... INFO
[2025-12-14 12:37:42.042] ✅ Uniqueness weights computed. Mean: 1.0000, Min: 0.4375, Max: 1.3124 SUCCESS
2025-12-14 12:37:42,042 - System.tprint - INFO - ℹ️ ✅ Uniqueness weights computed. Mean: 1.0000, Min: 0.4375, Max: 1.3124 SUCCESS
[I 2025-12-14 12:37:42,740] Trial 1041 finished with value: -0.002251493985530409 and parameters: {'trail_distance_atr_mult': 1.2528000415308094}. Best is trial 126 with value: -0.000363295272717509.
[2025-12-14 12:37:44.178] ⚖️ Computing uniqueness weights for 9018 events... INFO
2025-12-14 12:37:44,178 - System.tprint - INFO - ℹ️ ⚖️ Computing uniqueness weights for 9018 events... INFO
[2025-12-14 12:37:44.187] ✅ Uniqueness weights computed. Mean: 1.0000, Min: 0.4375, Max: 1.3124 SUCCESS
2025-12-14 12:37:44,187 - System.tprint - INFO - ℹ️ ✅ Uniqueness weights computed. Mean: 1.0000, Min: 0.4375, Max: 1.3124 SUCCESS
[I 2025-12-14 12:37:44,840] Trial 1042 finished with value: -0.002251500161930997 and parameters: {'trail_distance_atr_mult': 1.2515955974569286}. Best is trial 126 with value: -0.000363295272717509.
[2025-12-14 12:37:46.054] ⚖️ Computing uniqueness weights for 9018 events... INFO
2025-12-14 12:37:46,054 - System.tprint - INFO - ℹ️ ⚖️ Computing uniqueness weights for 9018 events... INFO
[2025-12-14 12:37:46.064] ✅ Uniqueness weights computed. Mean: 1.0000, Min: 0.4374, Max: 1.3123 SUCCESS
2025-12-14 12:37:46,064 - System.tprint - INFO - ℹ️ ✅ Uniqueness weights computed. Mean: 1.0000, Min: 0.4374, Max: 1.3123 SUCCESS
[I 2025-12-14 12:37:46,712] Trial 1043 finished with value: -0.004494379383030129 and parameters: {'trail_distance_atr_mult': 1.244065537047536}. Best is trial 126 with value: -0.000363295272717509.
[2025-12-14 12:37:47.922] ⚖️ Computing uniqueness weights for 9018 events... INFO
2025-12-14 12:37:47,922 - System.tprint - INFO - ℹ️ ⚖️ Computing uniqueness weights for 9018 events... INFO
[2025-12-14 12:37:47.932] ✅ Uniqueness weights computed. Mean: 1.0000, Min: 0.4375, Max: 1.3124 SUCCESS
2025-12-14 12:37:47,932 - System.tprint - INFO - ℹ️ ✅ Uniqueness weights computed. Mean: 1.0000, Min: 0.4375, Max: 1.3124 SUCCESS
[I 2025-12-14 12:37:48,569] Trial 1044 finished with value: -0.002522396635393112 and parameters: {'trail_distance_atr_mult': 1.2681035498467415}. Best is trial 126 with value: -0.000363295272717509.
[2025-12-14 12:37:49.763] ⚖️ Computing uniqueness weights for 9018 events... INFO
2025-12-14 12:37:49,764 - System.tprint - INFO - ℹ️ ⚖️ Computing uniqueness weights for 9018 events... INFO
[2025-12-14 12:37:49.774] ✅ Uniqueness weights computed. Mean: 1.0000, Min: 0.4375, Max: 1.3124 SUCCESS
2025-12-14 12:37:49,774 - System.tprint - INFO - ℹ️ ✅ Uniqueness weights computed. Mean: 1.0000, Min: 0.4375, Max: 1.3124 SUCCESS
[I 2025-12-14 12:37:50,420] Trial 1045 finished with value: -0.0022685175050080916 and parameters: {'trail_distance_atr_mult': 1.266264835906985}. Best is trial 126 with value: -0.000363295272717509.
[2025-12-14 12:37:51.618] ⚖️ Computing uniqueness weights for 9018 events... INFO
2025-12-14 12:37:51,618 - System.tprint - INFO - ℹ️ ⚖️ Computing uniqueness weights for 9018 events... INFO
[2025-12-14 12:37:51.628] ✅ Uniqueness weights computed. Mean: 1.0000, Min: 0.4375, Max: 1.3124 SUCCESS
2025-12-14 12:37:51,628 - System.tprint - INFO - ℹ️ ✅ Uniqueness weights computed. Mean: 1.0000, Min: 0.4375, Max: 1.3124 SUCCESS
[I 2025-12-14 12:37:52,267] Trial 1046 finished with value: -0.002251517287370007 and parameters: {'trail_distance_atr_mult': 1.2481882909389914}. Best is trial 126 with value: -0.000363295272717509.
[2025-12-14 12:37:53.465] ⚖️ Computing uniqueness weights for 9018 events... INFO
2025-12-14 12:37:53,465 - System.tprint - INFO - ℹ️ ⚖️ Computing uniqueness weights for 9018 events... INFO
[2025-12-14 12:37:53.474] ✅ Uniqueness weights computed. Mean: 1.0000, Min: 0.4375, Max: 1.3124 SUCCESS
2025-12-14 12:37:53,474 - System.tprint - INFO - ℹ️ ✅ Uniqueness weights computed. Mean: 1.0000, Min: 0.4375, Max: 1.3124 SUCCESS
[I 2025-12-14 12:37:54,114] Trial 1047 finished with value: -0.002251487485193002 and parameters: {'trail_distance_atr_mult': 1.254111724041137}. Best is trial 126 with value: -0.000363295272717509.
[2025-12-14 12:37:55.300] ⚖️ Computing uniqueness weights for 9018 events... INFO
2025-12-14 12:37:55,300 - System.tprint - INFO - ℹ️ ⚖️ Computing uniqueness weights for 9018 events... INFO
[2025-12-14 12:37:55.310] ✅ Uniqueness weights computed. Mean: 1.0000, Min: 0.4375, Max: 1.3124 SUCCESS
2025-12-14 12:37:55,310 - System.tprint - INFO - ℹ️ ✅ Uniqueness weights computed. Mean: 1.0000, Min: 0.4375, Max: 1.3124 SUCCESS
[I 2025-12-14 12:37:55,942] Trial 1048 finished with value: -0.002251476279715011 and parameters: {'trail_distance_atr_mult': 1.256323045454933}. Best is trial 126 with value: -0.000363295272717509.
[2025-12-14 12:37:57.152] ⚖️ Computing uniqueness weights for 9018 events... INFO
2025-12-14 12:37:57,152 - System.tprint - INFO - ℹ️ ⚖️ Computing uniqueness weights for 9018 events... INFO
[2025-12-14 12:37:57.162] ✅ Uniqueness weights computed. Mean: 1.0000, Min: 0.4375, Max: 1.3124 SUCCESS
2025-12-14 12:37:57,162 - System.tprint - INFO - ℹ️ ✅ Uniqueness weights computed. Mean: 1.0000, Min: 0.4375, Max: 1.3124 SUCCESS
