[I 2025-12-14 12:39:06,902] Trial 1084 finished with value: -0.006155678367607839 and parameters: {'trail_distance_atr_mult': 1.3047423839434615}. Best is trial 126 with value: -0.000363295272717509.
[2025-12-14 12:39:08.095] ⚖️ Computing uniqueness weights for 9018 events... INFO
2025-12-14 12:39:08,095 - System.tprint - INFO - ℹ️ ⚖️ Computing uniqueness weights for 9018 events... INFO
[2025-12-14 12:39:08.105] ✅ Uniqueness weights computed. Mean: 1.0000, Min: 0.4375, Max: 1.3124 SUCCESS
2025-12-14 12:39:08,105 - System.tprint - INFO - ℹ️ ✅ Uniqueness weights computed. Mean: 1.0000, Min: 0.4375, Max: 1.3124 SUCCESS
[I 2025-12-14 12:39:08,757] Trial 1085 finished with value: -0.0056876388414905535 and parameters: {'trail_distance_atr_mult': 1.2806201904149792}. Best is trial 126 with value: -0.000363295272717509.
[2025-12-14 12:39:09.988] ⚖️ Computing uniqueness weights for 9018 events... INFO
2025-12-14 12:39:09,988 - System.tprint - INFO - ℹ️ ⚖️ Computing uniqueness weights for 9018 events... INFO
[2025-12-14 12:39:09.998] ✅ Uniqueness weights computed. Mean: 1.0000, Min: 0.4373, Max: 1.3120 SUCCESS
2025-12-14 12:39:09,998 - System.tprint - INFO - ℹ️ ✅ Uniqueness weights computed. Mean: 1.0000, Min: 0.4373, Max: 1.3120 SUCCESS
[I 2025-12-14 12:39:10,812] Trial 1086 finished with value: -0.007816487876156162 and parameters: {'trail_distance_atr_mult': 1.1173196300329087}. Best is trial 126 with value: -0.000363295272717509.
[2025-12-14 12:39:12.610] ⚖️ Computing uniqueness weights for 9018 events... INFO
2025-12-14 12:39:12,611 - System.tprint - INFO - ℹ️ ⚖️ Computing uniqueness weights for 9018 events... INFO
[2025-12-14 12:39:12.626] ✅ Uniqueness weights computed. Mean: 1.0000, Min: 0.4375, Max: 1.3124 SUCCESS
2025-12-14 12:39:12,626 - System.tprint - INFO - ℹ️ ✅ Uniqueness weights computed. Mean: 1.0000, Min: 0.4375, Max: 1.3124 SUCCESS
[I 2025-12-14 12:39:13,673] Trial 1087 finished with value: -0.004871019899826563 and parameters: {'trail_distance_atr_mult': 1.2744569369755379}. Best is trial 126 with value: -0.000363295272717509.
[2025-12-14 12:39:15.062] ⚖️ Computing uniqueness weights for 9018 events... INFO
2025-12-14 12:39:15,062 - System.tprint - INFO - ℹ️ ⚖️ Computing uniqueness weights for 9018 events... INFO
[2025-12-14 12:39:15.075] ✅ Uniqueness weights computed. Mean: 1.0000, Min: 0.4373, Max: 1.3120 SUCCESS
2025-12-14 12:39:15,075 - System.tprint - INFO - ℹ️ ✅ Uniqueness weights computed. Mean: 1.0000, Min: 0.4373, Max: 1.3120 SUCCESS
[I 2025-12-14 12:39:15,964] Trial 1088 finished with value: -0.007725183855877763 and parameters: {'trail_distance_atr_mult': 1.131667042687676}. Best is trial 126 with value: -0.000363295272717509.
[2025-12-14 12:39:17.324] ⚖️ Computing uniqueness weights for 9018 events... INFO
2025-12-14 12:39:17,324 - System.tprint - INFO - ℹ️ ⚖️ Computing uniqueness weights for 9018 events... INFO
[2025-12-14 12:39:17.336] ✅ Uniqueness weights computed. Mean: 1.0000, Min: 0.4375, Max: 1.3124 SUCCESS
2025-12-14 12:39:17,336 - System.tprint - INFO - ℹ️ ✅ Uniqueness weights computed. Mean: 1.0000, Min: 0.4375, Max: 1.3124 SUCCESS
[I 2025-12-14 12:39:18,228] Trial 1089 finished with value: -0.004684313500098211 and parameters: {'trail_distance_atr_mult': 1.2895063236701128}. Best is trial 126 with value: -0.000363295272717509.
[2025-12-14 12:39:19.611] ⚖️ Computing uniqueness weights for 9018 events... INFO
2025-12-14 12:39:19,611 - System.tprint - INFO - ℹ️ ⚖️ Computing uniqueness weights for 9018 events... INFO
[2025-12-14 12:39:19.622] ✅ Uniqueness weights computed. Mean: 1.0000, Min: 0.4373, Max: 1.3120 SUCCESS
2025-12-14 12:39:19,622 - System.tprint - INFO - ℹ️ ✅ Uniqueness weights computed. Mean: 1.0000, Min: 0.4373, Max: 1.3120 SUCCESS
[I 2025-12-14 12:39:20,527] Trial 1090 finished with value: -0.007658096608929565 and parameters: {'trail_distance_atr_mult': 1.109858160167002}. Best is trial 126 with value: -0.000363295272717509.
[2025-12-14 12:39:22.094] ⚖️ Computing uniqueness weights for 9018 events... INFO
2025-12-14 12:39:22,094 - System.tprint - INFO - ℹ️ ⚖️ Computing uniqueness weights for 9018 events... INFO
[2025-12-14 12:39:22.105] ✅ Uniqueness weights computed. Mean: 1.0000, Min: 0.4375, Max: 1.3124 SUCCESS
2025-12-14 12:39:22,105 - System.tprint - INFO - ℹ️ ✅ Uniqueness weights computed. Mean: 1.0000, Min: 0.4375, Max: 1.3124 SUCCESS
[I 2025-12-14 12:39:22,779] Trial 1091 finished with value: -0.00568795412132671 and parameters: {'trail_distance_atr_mult': 1.2791549994733786}. Best is trial 126 with value: -0.000363295272717509.
[2025-12-14 12:39:23.991] ⚖️ Computing uniqueness weights for 9018 events... INFO
2025-12-14 12:39:23,992 - System.tprint - INFO - ℹ️ ⚖️ Computing uniqueness weights for 9018 events... INFO
[2025-12-14 12:39:24.001] ✅ Uniqueness weights computed. Mean: 1.0000, Min: 0.4373, Max: 1.3120 SUCCESS
2025-12-14 12:39:24,001 - System.tprint - INFO - ℹ️ ✅ Uniqueness weights computed. Mean: 1.0000, Min: 0.4373, Max: 1.3120 SUCCESS
[I 2025-12-14 12:39:24,635] Trial 1092 finished with value: -0.0008138611721952494 and parameters: {'trail_distance_atr_mult': 1.100072912287702}. Best is trial 126 with value: -0.000363295272717509.
[2025-12-14 12:39:25.833] ⚖️ Computing uniqueness weights for 9018 events... INFO
2025-12-14 12:39:25,833 - System.tprint - INFO - ℹ️ ⚖️ Computing uniqueness weights for 9018 events... INFO
[2025-12-14 12:39:25.843] ✅ Uniqueness weights computed. Mean: 1.0000, Min: 0.4373, Max: 1.3120 SUCCESS
2025-12-14 12:39:25,843 - System.tprint - INFO - ℹ️ ✅ Uniqueness weights computed. Mean: 1.0000, Min: 0.4373, Max: 1.3120 SUCCESS
[I 2025-12-14 12:39:26,478] Trial 1093 finished with value: -0.007527262834815551 and parameters: {'trail_distance_atr_mult': 1.0683753787473216}. Best is trial 126 with value: -0.000363295272717509.
[2025-12-14 12:39:27.685] ⚖️ Computing uniqueness weights for 9018 events... INFO
2025-12-14 12:39:27,685 - System.tprint - INFO - ℹ️ ⚖️ Computing uniqueness weights for 9018 events... INFO
[2025-12-14 12:39:27.694] ✅ Uniqueness weights computed. Mean: 1.0000, Min: 0.4373, Max: 1.3120 SUCCESS
2025-12-14 12:39:27,695 - System.tprint - INFO - ℹ️ ✅ Uniqueness weights computed. Mean: 1.0000, Min: 0.4373, Max: 1.3120 SUCCESS
[I 2025-12-14 12:39:28,336] Trial 1094 finished with value: -0.0008138616706226139 and parameters: {'trail_distance_atr_mult': 1.0933450514662693}. Best is trial 126 with value: -0.000363295272717509.
[2025-12-14 12:39:29.549] ⚖️ Computing uniqueness weights for 9018 events... INFO
2025-12-14 12:39:29,549 - System.tprint - INFO - ℹ️ ⚖️ Computing uniqueness weights for 9018 events... INFO
[2025-12-14 12:39:29.559] ✅ Uniqueness weights computed. Mean: 1.0000, Min: 0.4373, Max: 1.3120 SUCCESS
2025-12-14 12:39:29,559 - System.tprint - INFO - ℹ️ ✅ Uniqueness weights computed. Mean: 1.0000, Min: 0.4373, Max: 1.3120 SUCCESS
[I 2025-12-14 12:39:30,230] Trial 1095 finished with value: -0.007527264181416992 and parameters: {'trail_distance_atr_mult': 1.0694806639016479}. Best is trial 126 with value: -0.000363295272717509.
[2025-12-14 12:39:31.383] ⚖️ Computing uniqueness weights for 9018 events... INFO
2025-12-14 12:39:31,383 - System.tprint - INFO - ℹ️ ⚖️ Computing uniqueness weights for 9018 events... INFO
[2025-12-14 12:39:31.392] ✅ Uniqueness weights computed. Mean: 1.0000, Min: 0.4373, Max: 1.3120 SUCCESS
2025-12-14 12:39:31,392 - System.tprint - INFO - ℹ️ ✅ Uniqueness weights computed. Mean: 1.0000, Min: 0.4373, Max: 1.3120 SUCCESS
[I 2025-12-14 12:39:32,063] Trial 1096 finished with value: -0.007527252970618927 and parameters: {'trail_distance_atr_mult': 1.0601212052270212}. Best is trial 126 with value: -0.000363295272717509.
[2025-12-14 12:39:33.265] ⚖️ Computing uniqueness weights for 9018 events... INFO
2025-12-14 12:39:33,265 - System.tprint - INFO - ℹ️ ⚖️ Computing uniqueness weights for 9018 events... INFO
[2025-12-14 12:39:33.275] ✅ Uniqueness weights computed. Mean: 1.0000, Min: 0.4373, Max: 1.3120 SUCCESS
2025-12-14 12:39:33,275 - System.tprint - INFO - ℹ️ ✅ Uniqueness weights computed. Mean: 1.0000, Min: 0.4373, Max: 1.3120 SUCCESS
[I 2025-12-14 12:39:33,913] Trial 1097 finished with value: -0.007527265159489386 and parameters: {'trail_distance_atr_mult': 1.0702442629065543}. Best is trial 126 with value: -0.000363295272717509.
[2025-12-14 12:39:35.121] ⚖️ Computing uniqueness weights for 9018 events... INFO
2025-12-14 12:39:35,122 - System.tprint - INFO - ℹ️ ⚖️ Computing uniqueness weights for 9018 events... INFO
[2025-12-14 12:39:35.132] ✅ Uniqueness weights computed. Mean: 1.0000, Min: 0.4373, Max: 1.3120 SUCCESS
2025-12-14 12:39:35,132 - System.tprint - INFO - ℹ️ ✅ Uniqueness weights computed. Mean: 1.0000, Min: 0.4373, Max: 1.3120 SUCCESS
[I 2025-12-14 12:39:35,791] Trial 1098 finished with value: -0.007527267840010725 and parameters: {'trail_distance_atr_mult': 1.0749303555467355}. Best is trial 126 with value: -0.000363295272717509.
[2025-12-14 12:39:36.984] ⚖️ Computing uniqueness weights for 9018 events... INFO
2025-12-14 12:39:36,984 - System.tprint - INFO - ℹ️ ⚖️ Computing uniqueness weights for 9018 events... INFO
[2025-12-14 12:39:36.994] ✅ Uniqueness weights computed. Mean: 1.0000, Min: 0.4373, Max: 1.3120 SUCCESS
2025-12-14 12:39:36,994 - System.tprint - INFO - ℹ️ ✅ Uniqueness weights computed. Mean: 1.0000, Min: 0.4373, Max: 1.3120 SUCCESS
[I 2025-12-14 12:39:37,634] Trial 1099 finished with value: -0.0008138620266832466 and parameters: {'trail_distance_atr_mult': 1.088302600935757}. Best is trial 126 with value: -0.000363295272717509.
[2025-12-14 12:39:38.850] ⚖️ Computing uniqueness weights for 9018 events... INFO
2025-12-14 12:39:38,850 - System.tprint - INFO - ℹ️ ⚖️ Computing uniqueness weights for 9018 events... INFO
[2025-12-14 12:39:38.860] ✅ Uniqueness weights computed. Mean: 1.0000, Min: 0.4373, Max: 1.3120 SUCCESS
2025-12-14 12:39:38,860 - System.tprint - INFO - ℹ️ ✅ Uniqueness weights computed. Mean: 1.0000, Min: 0.4373, Max: 1.3120 SUCCESS
[I 2025-12-14 12:39:39,495] Trial 1100 finished with value: -0.007527252706470805 and parameters: {'trail_distance_atr_mult': 1.0598658100569307}. Best is trial 126 with value: -0.000363295272717509.
[2025-12-14 12:39:40.691] ⚖️ Computing uniqueness weights for 9018 events... INFO
2025-12-14 12:39:40,691 - System.tprint - INFO - ℹ️ ⚖️ Computing uniqueness weights for 9018 events... INFO
[2025-12-14 12:39:40.700] ✅ Uniqueness weights computed. Mean: 1.0000, Min: 0.4373, Max: 1.3120 SUCCESS
2025-12-14 12:39:40,701 - System.tprint - INFO - ℹ️ ✅ Uniqueness weights computed. Mean: 1.0000, Min: 0.4373, Max: 1.3120 SUCCESS
[I 2025-12-14 12:39:41,375] Trial 1101 finished with value: -0.007527267731792279 and parameters: {'trail_distance_atr_mult': 1.0762565801537813}. Best is trial 126 with value: -0.000363295272717509.
[2025-12-14 12:39:42.622] ⚖️ Computing uniqueness weights for 9018 events... INFO
2025-12-14 12:39:42,622 - System.tprint - INFO - ℹ️ ⚖️ Computing uniqueness weights for 9018 events... INFO
[2025-12-14 12:39:42.632] ✅ Uniqueness weights computed. Mean: 1.0000, Min: 0.4373, Max: 1.3120 SUCCESS
2025-12-14 12:39:42,632 - System.tprint - INFO - ℹ️ ✅ Uniqueness weights computed. Mean: 1.0000, Min: 0.4373, Max: 1.3120 SUCCESS
[I 2025-12-14 12:39:43,338] Trial 1102 finished with value: -0.00752726824256782 and parameters: {'trail_distance_atr_mult': 1.073855516000749}. Best is trial 126 with value: -0.000363295272717509.
[2025-12-14 12:39:44.537] ⚖️ Computing uniqueness weights for 9018 events... INFO
2025-12-14 12:39:44,537 - System.tprint - INFO - ℹ️ ⚖️ Computing uniqueness weights for 9018 events... INFO
[2025-12-14 12:39:44.547] ✅ Uniqueness weights computed. Mean: 1.0000, Min: 0.4373, Max: 1.3120 SUCCESS
2025-12-14 12:39:44,547 - System.tprint - INFO - ℹ️ ✅ Uniqueness weights computed. Mean: 1.0000, Min: 0.4373, Max: 1.3120 SUCCESS
[I 2025-12-14 12:39:45,182] Trial 1103 finished with value: -0.007527268198177949 and parameters: {'trail_distance_atr_mult': 1.073492465916043}. Best is trial 126 with value: -0.000363295272717509.
[2025-12-14 12:39:46.379] ⚖️ Computing uniqueness weights for 9018 events... INFO
2025-12-14 12:39:46,379 - System.tprint - INFO - ℹ️ ⚖️ Computing uniqueness weights for 9018 events... INFO
[2025-12-14 12:39:46.388] ✅ Uniqueness weights computed. Mean: 1.0000, Min: 0.4375, Max: 1.3124 SUCCESS
2025-12-14 12:39:46,388 - System.tprint - INFO - ℹ️ ✅ Uniqueness weights computed. Mean: 1.0000, Min: 0.4375, Max: 1.3124 SUCCESS
[I 2025-12-14 12:39:47,102] Trial 1104 finished with value: -0.005687428852130154 and parameters: {'trail_distance_atr_mult': 1.281588959949013}. Best is trial 126 with value: -0.000363295272717509.
[2025-12-14 12:39:48.314] ⚖️ Computing uniqueness weights for 9018 events... INFO
2025-12-14 12:39:48,314 - System.tprint - INFO - ℹ️ ⚖️ Computing uniqueness weights for 9018 events... INFO
[2025-12-14 12:39:48.324] ✅ Uniqueness weights computed. Mean: 1.0000, Min: 0.4373, Max: 1.3120 SUCCESS
2025-12-14 12:39:48,324 - System.tprint - INFO - ℹ️ ✅ Uniqueness weights computed. Mean: 1.0000, Min: 0.4373, Max: 1.3120 SUCCESS
[I 2025-12-14 12:39:48,964] Trial 1105 finished with value: -0.007582019041075685 and parameters: {'trail_distance_atr_mult': 1.0784482948420417}. Best is trial 126 with value: -0.000363295272717509.
[2025-12-14 12:39:50.154] ⚖️ Computing uniqueness weights for 9018 events... INFO
2025-12-14 12:39:50,154 - System.tprint - INFO - ℹ️ ⚖️ Computing uniqueness weights for 9018 events... INFO
[2025-12-14 12:39:50.163] ✅ Uniqueness weights computed. Mean: 1.0000, Min: 0.4375, Max: 1.3124 SUCCESS
2025-12-14 12:39:50,164 - System.tprint - INFO - ℹ️ ✅ Uniqueness weights computed. Mean: 1.0000, Min: 0.4375, Max: 1.3124 SUCCESS
[I 2025-12-14 12:39:50,810] Trial 1106 finished with value: -0.0058368225846192525 and parameters: {'trail_distance_atr_mult': 1.2982758405012793}. Best is trial 126 with value: -0.000363295272717509.
[2025-12-14 12:39:52.083] ⚖️ Computing uniqueness weights for 9018 events... INFO
2025-12-14 12:39:52,083 - System.tprint - INFO - ℹ️ ⚖️ Computing uniqueness weights for 9018 events... INFO
[2025-12-14 12:39:52.094] ✅ Uniqueness weights computed. Mean: 1.0000, Min: 0.4373, Max: 1.3120 SUCCESS
2025-12-14 12:39:52,094 - System.tprint - INFO - ℹ️ ✅ Uniqueness weights computed. Mean: 1.0000, Min: 0.4373, Max: 1.3120 SUCCESS
[I 2025-12-14 12:39:52,848] Trial 1107 finished with value: -0.0008138618408742231 and parameters: {'trail_distance_atr_mult': 1.0908853905635976}. Best is trial 126 with value: -0.000363295272717509.
[2025-12-14 12:39:54.027] ⚖️ Computing uniqueness weights for 9018 events... INFO
2025-12-14 12:39:54,027 - System.tprint - INFO - ℹ️ ⚖️ Computing uniqueness weights for 9018 events... INFO
[2025-12-14 12:39:54.037] ✅ Uniqueness weights computed. Mean: 1.0000, Min: 0.4373, Max: 1.3120 SUCCESS
2025-12-14 12:39:54,037 - System.tprint - INFO - ℹ️ ✅ Uniqueness weights computed. Mean: 1.0000, Min: 0.4373, Max: 1.3120 SUCCESS
[I 2025-12-14 12:39:54,792] Trial 1108 finished with value: -0.007527252240078155 and parameters: {'trail_distance_atr_mult': 1.0596397516736709}. Best is trial 126 with value: -0.000363295272717509.
[2025-12-14 12:39:56.010] ⚖️ Computing uniqueness weights for 9018 events... INFO
2025-12-14 12:39:56,010 - System.tprint - INFO - ℹ️ ⚖️ Computing uniqueness weights for 9018 events... INFO
[2025-12-14 12:39:56.019] ✅ Uniqueness weights computed. Mean: 1.0000, Min: 0.4373, Max: 1.3119 SUCCESS
2025-12-14 12:39:56,019 - System.tprint - INFO - ℹ️ ✅ Uniqueness weights computed. Mean: 1.0000, Min: 0.4373, Max: 1.3119 SUCCESS
[I 2025-12-14 12:39:56,653] Trial 1109 finished with value: -0.00752724244800687 and parameters: {'trail_distance_atr_mult': 1.0514788896761889}. Best is trial 126 with value: -0.000363295272717509.
[2025-12-14 12:39:57.944] ⚖️ Computing uniqueness weights for 9018 events... INFO
2025-12-14 12:39:57,944 - System.tprint - INFO - ℹ️ ⚖️ Computing uniqueness weights for 9018 events... INFO
[2025-12-14 12:39:57.954] ✅ Uniqueness weights computed. Mean: 1.0000, Min: 0.4373, Max: 1.3119 SUCCESS
2025-12-14 12:39:57,954 - System.tprint - INFO - ℹ️ ✅ Uniqueness weights computed. Mean: 1.0000, Min: 0.4373, Max: 1.3119 SUCCESS
[I 2025-12-14 12:39:58,610] Trial 1110 finished with value: -0.007527229088871738 and parameters: {'trail_distance_atr_mult': 1.031463905324379}. Best is trial 126 with value: -0.000363295272717509.
[2025-12-14 12:39:59.942] ⚖️ Computing uniqueness weights for 9018 events... INFO
2025-12-14 12:39:59,943 - System.tprint - INFO - ℹ️ ⚖️ Computing uniqueness weights for 9018 events... INFO
[2025-12-14 12:39:59.952] ✅ Uniqueness weights computed. Mean: 1.0000, Min: 0.4373, Max: 1.3119 SUCCESS
2025-12-14 12:39:59,952 - System.tprint - INFO - ℹ️ ✅ Uniqueness weights computed. Mean: 1.0000, Min: 0.4373, Max: 1.3119 SUCCESS
[I 2025-12-14 12:40:00,717] Trial 1111 finished with value: -0.007527228024059038 and parameters: {'trail_distance_atr_mult': 1.0397134707494042}. Best is trial 126 with value: -0.000363295272717509.
[2025-12-14 12:40:01.921] ⚖️ Computing uniqueness weights for 9018 events... INFO
2025-12-14 12:40:01,922 - System.tprint - INFO - ℹ️ ⚖️ Computing uniqueness weights for 9018 events... INFO
[2025-12-14 12:40:01.930] ✅ Uniqueness weights computed. Mean: 1.0000, Min: 0.4373, Max: 1.3120 SUCCESS
2025-12-14 12:40:01,930 - System.tprint - INFO - ℹ️ ✅ Uniqueness weights computed. Mean: 1.0000, Min: 0.4373, Max: 1.3120 SUCCESS
[I 2025-12-14 12:40:02,571] Trial 1112 finished with value: -0.0008138612053692466 and parameters: {'trail_distance_atr_mult': 1.0996385551952792}. Best is trial 126 with value: -0.000363295272717509.
[2025-12-14 12:40:03.788] ⚖️ Computing uniqueness weights for 9018 events... INFO
2025-12-14 12:40:03,788 - System.tprint - INFO - ℹ️ ⚖️ Computing uniqueness weights for 9018 events... INFO
[2025-12-14 12:40:03.798] ✅ Uniqueness weights computed. Mean: 1.0000, Min: 0.4373, Max: 1.3119 SUCCESS
2025-12-14 12:40:03,798 - System.tprint - INFO - ℹ️ ✅ Uniqueness weights computed. Mean: 1.0000, Min: 0.4373, Max: 1.3119 SUCCESS
[I 2025-12-14 12:40:04,443] Trial 1113 finished with value: -0.0030846784219113266 and parameters: {'trail_distance_atr_mult': 1.0163808538795185}. Best is trial 126 with value: -0.000363295272717509.
[2025-12-14 12:40:05.641] ⚖️ Computing uniqueness weights for 9018 events... INFO
2025-12-14 12:40:05,641 - System.tprint - INFO - ℹ️ ⚖️ Computing uniqueness weights for 9018 events... INFO
[2025-12-14 12:40:05.651] ✅ Uniqueness weights computed. Mean: 1.0000, Min: 0.4373, Max: 1.3119 SUCCESS
2025-12-14 12:40:05,651 - System.tprint - INFO - ℹ️ ✅ Uniqueness weights computed. Mean: 1.0000, Min: 0.4373, Max: 1.3119 SUCCESS
[I 2025-12-14 12:40:06,511] Trial 1114 finished with value: -0.007527235372635289 and parameters: {'trail_distance_atr_mult': 1.0455891998608462}. Best is trial 126 with value: -0.000363295272717509.
[2025-12-14 12:40:07.995] ⚖️ Computing uniqueness weights for 9018 events... INFO
2025-12-14 12:40:07,995 - System.tprint - INFO - ℹ️ ⚖️ Computing uniqueness weights for 9018 events... INFO
[2025-12-14 12:40:08.010] ✅ Uniqueness weights computed. Mean: 1.0000, Min: 0.4373, Max: 1.3119 SUCCESS
2025-12-14 12:40:08,010 - System.tprint - INFO - ℹ️ ✅ Uniqueness weights computed. Mean: 1.0000, Min: 0.4373, Max: 1.3119 SUCCESS
[I 2025-12-14 12:40:09,124] Trial 1115 finished with value: -0.007527246331165184 and parameters: {'trail_distance_atr_mult': 1.0546434168180352}. Best is trial 126 with value: -0.000363295272717509.
[2025-12-14 12:40:10.868] ⚖️ Computing uniqueness weights for 9018 events... INFO
2025-12-14 12:40:10,868 - System.tprint - INFO - ℹ️ ⚖️ Computing uniqueness weights for 9018 events... INFO
[2025-12-14 12:40:10.881] ✅ Uniqueness weights computed. Mean: 1.0000, Min: 0.4373, Max: 1.3120 SUCCESS
2025-12-14 12:40:10,881 - System.tprint - INFO - ℹ️ ✅ Uniqueness weights computed. Mean: 1.0000, Min: 0.4373, Max: 1.3120 SUCCESS
[I 2025-12-14 12:40:11,685] Trial 1116 finished with value: -0.0016006574378787278 and parameters: {'trail_distance_atr_mult': 1.0813590688301968}. Best is trial 126 with value: -0.000363295272717509.
[2025-12-14 12:40:13.133] ⚖️ Computing uniqueness weights for 9018 events... INFO
2025-12-14 12:40:13,133 - System.tprint - INFO - ℹ️ ⚖️ Computing uniqueness weights for 9018 events... INFO
[2025-12-14 12:40:13.146] ✅ Uniqueness weights computed. Mean: 1.0000, Min: 0.4372, Max: 1.3117 SUCCESS
2025-12-14 12:40:13,146 - System.tprint - INFO - ℹ️ ✅ Uniqueness weights computed. Mean: 1.0000, Min: 0.4372, Max: 1.3117 SUCCESS
[I 2025-12-14 12:40:14,038] Trial 1117 finished with value: -0.007588362763917518 and parameters: {'trail_distance_atr_mult': 0.7474493401230442}. Best is trial 126 with value: -0.000363295272717509.
[2025-12-14 12:40:15.620] ⚖️ Computing uniqueness weights for 9018 events... INFO
2025-12-14 12:40:15,620 - System.tprint - INFO - ℹ️ ⚖️ Computing uniqueness weights for 9018 events... INFO
[2025-12-14 12:40:15.631] ✅ Uniqueness weights computed. Mean: 1.0000, Min: 0.4373, Max: 1.3119 SUCCESS
2025-12-14 12:40:15,631 - System.tprint - INFO - ℹ️ ✅ Uniqueness weights computed. Mean: 1.0000, Min: 0.4373, Max: 1.3119 SUCCESS
[I 2025-12-14 12:40:16,507] Trial 1118 finished with value: -0.007527227807681588 and parameters: {'trail_distance_atr_mult': 1.0356083186709584}. Best is trial 126 with value: -0.000363295272717509.
[2025-12-14 12:40:17.947] ⚖️ Computing uniqueness weights for 9018 events... INFO
2025-12-14 12:40:17,947 - System.tprint - INFO - ℹ️ ⚖️ Computing uniqueness weights for 9018 events... INFO
[2025-12-14 12:40:17.959] ✅ Uniqueness weights computed. Mean: 1.0000, Min: 0.4373, Max: 1.3120 SUCCESS
2025-12-14 12:40:17,959 - System.tprint - INFO - ℹ️ ✅ Uniqueness weights computed. Mean: 1.0000, Min: 0.4373, Max: 1.3120 SUCCESS
