[I 2025-12-14 13:11:21,110] Trial 2029 finished with value: -0.0032373681633594492 and parameters: {'trail_distance_atr_mult': 1.3391872079302551}. Best is trial 126 with value: -0.000363295272717509.
[2025-12-14 13:11:23.099] ⚖️ Computing uniqueness weights for 9018 events... INFO
2025-12-14 13:11:23,099 - System.tprint - INFO - ℹ️ ⚖️ Computing uniqueness weights for 9018 events... INFO
[2025-12-14 13:11:23.116] ✅ Uniqueness weights computed. Mean: 1.0000, Min: 0.4373, Max: 1.3118 SUCCESS
2025-12-14 13:11:23,116 - System.tprint - INFO - ℹ️ ✅ Uniqueness weights computed. Mean: 1.0000, Min: 0.4373, Max: 1.3118 SUCCESS
[I 2025-12-14 13:11:24,453] Trial 2030 finished with value: -0.006778424310746396 and parameters: {'trail_distance_atr_mult': 0.9547832642035673}. Best is trial 126 with value: -0.000363295272717509.
[2025-12-14 13:11:26.007] ⚖️ Computing uniqueness weights for 9018 events... INFO
2025-12-14 13:11:26,007 - System.tprint - INFO - ℹ️ ⚖️ Computing uniqueness weights for 9018 events... INFO
[2025-12-14 13:11:26.016] ✅ Uniqueness weights computed. Mean: 1.0000, Min: 0.4372, Max: 1.3117 SUCCESS
2025-12-14 13:11:26,016 - System.tprint - INFO - ℹ️ ✅ Uniqueness weights computed. Mean: 1.0000, Min: 0.4372, Max: 1.3117 SUCCESS
[I 2025-12-14 13:11:26,951] Trial 2031 finished with value: -0.006728061016608632 and parameters: {'trail_distance_atr_mult': 0.7935264376042304}. Best is trial 126 with value: -0.000363295272717509.
[2025-12-14 13:11:28.769] ⚖️ Computing uniqueness weights for 9018 events... INFO
2025-12-14 13:11:28,770 - System.tprint - INFO - ℹ️ ⚖️ Computing uniqueness weights for 9018 events... INFO
[2025-12-14 13:11:28.782] ✅ Uniqueness weights computed. Mean: 1.0000, Min: 0.4374, Max: 1.3121 SUCCESS
2025-12-14 13:11:28,783 - System.tprint - INFO - ℹ️ ✅ Uniqueness weights computed. Mean: 1.0000, Min: 0.4374, Max: 1.3121 SUCCESS
[I 2025-12-14 13:11:29,770] Trial 2032 finished with value: -0.007530710511100843 and parameters: {'trail_distance_atr_mult': 1.164890050131482}. Best is trial 126 with value: -0.000363295272717509.
[2025-12-14 13:11:31.465] ⚖️ Computing uniqueness weights for 9018 events... INFO
2025-12-14 13:11:31,465 - System.tprint - INFO - ℹ️ ⚖️ Computing uniqueness weights for 9018 events... INFO
[2025-12-14 13:11:31.480] ✅ Uniqueness weights computed. Mean: 1.0000, Min: 0.4372, Max: 1.3117 SUCCESS
2025-12-14 13:11:31,480 - System.tprint - INFO - ℹ️ ✅ Uniqueness weights computed. Mean: 1.0000, Min: 0.4372, Max: 1.3117 SUCCESS
[I 2025-12-14 13:11:32,496] Trial 2033 finished with value: -0.007321828937469562 and parameters: {'trail_distance_atr_mult': 0.5031591244676754}. Best is trial 126 with value: -0.000363295272717509.
[2025-12-14 13:11:34.106] ⚖️ Computing uniqueness weights for 9018 events... INFO
2025-12-14 13:11:34,106 - System.tprint - INFO - ℹ️ ⚖️ Computing uniqueness weights for 9018 events... INFO
[2025-12-14 13:11:34.119] ✅ Uniqueness weights computed. Mean: 1.0000, Min: 0.4373, Max: 1.3119 SUCCESS
2025-12-14 13:11:34,119 - System.tprint - INFO - ℹ️ ✅ Uniqueness weights computed. Mean: 1.0000, Min: 0.4373, Max: 1.3119 SUCCESS
[I 2025-12-14 13:11:35,092] Trial 2034 finished with value: -0.0030846783990598546 and parameters: {'trail_distance_atr_mult': 1.016429521644975}. Best is trial 126 with value: -0.000363295272717509.
[2025-12-14 13:11:36.685] ⚖️ Computing uniqueness weights for 9018 events... INFO
2025-12-14 13:11:36,685 - System.tprint - INFO - ℹ️ ⚖️ Computing uniqueness weights for 9018 events... INFO
[2025-12-14 13:11:36.698] ✅ Uniqueness weights computed. Mean: 1.0000, Min: 0.4375, Max: 1.3124 SUCCESS
2025-12-14 13:11:36,698 - System.tprint - INFO - ℹ️ ✅ Uniqueness weights computed. Mean: 1.0000, Min: 0.4375, Max: 1.3124 SUCCESS
[I 2025-12-14 13:11:37,687] Trial 2035 finished with value: -0.0032373533058804456 and parameters: {'trail_distance_atr_mult': 1.318102618174851}. Best is trial 126 with value: -0.000363295272717509.
[2025-12-14 13:11:39.375] ⚖️ Computing uniqueness weights for 9018 events... INFO
2025-12-14 13:11:39,375 - System.tprint - INFO - ℹ️ ⚖️ Computing uniqueness weights for 9018 events... INFO
[2025-12-14 13:11:39.388] ✅ Uniqueness weights computed. Mean: 1.0000, Min: 0.4372, Max: 1.3117 SUCCESS
2025-12-14 13:11:39,389 - System.tprint - INFO - ℹ️ ✅ Uniqueness weights computed. Mean: 1.0000, Min: 0.4372, Max: 1.3117 SUCCESS
[I 2025-12-14 13:11:40,127] Trial 2036 finished with value: -0.006727900650167618 and parameters: {'trail_distance_atr_mult': 0.8089961135619261}. Best is trial 126 with value: -0.000363295272717509.
[2025-12-14 13:11:41.325] ⚖️ Computing uniqueness weights for 9018 events... INFO
2025-12-14 13:11:41,325 - System.tprint - INFO - ℹ️ ⚖️ Computing uniqueness weights for 9018 events... INFO
[2025-12-14 13:11:41.335] ✅ Uniqueness weights computed. Mean: 1.0000, Min: 0.4373, Max: 1.3119 SUCCESS
2025-12-14 13:11:41,335 - System.tprint - INFO - ℹ️ ✅ Uniqueness weights computed. Mean: 1.0000, Min: 0.4373, Max: 1.3119 SUCCESS
[I 2025-12-14 13:11:42,063] Trial 2037 finished with value: -0.007527227732664628 and parameters: {'trail_distance_atr_mult': 1.0395026408634278}. Best is trial 126 with value: -0.000363295272717509.
[2025-12-14 13:11:43.627] ⚖️ Computing uniqueness weights for 9018 events... INFO
2025-12-14 13:11:43,628 - System.tprint - INFO - ℹ️ ⚖️ Computing uniqueness weights for 9018 events... INFO
[2025-12-14 13:11:43.637] ✅ Uniqueness weights computed. Mean: 1.0000, Min: 0.4374, Max: 1.3121 SUCCESS
2025-12-14 13:11:43,637 - System.tprint - INFO - ℹ️ ✅ Uniqueness weights computed. Mean: 1.0000, Min: 0.4374, Max: 1.3121 SUCCESS
[I 2025-12-14 13:11:44,558] Trial 2038 finished with value: -0.00709457700065374 and parameters: {'trail_distance_atr_mult': 1.175136776750185}. Best is trial 126 with value: -0.000363295272717509.
[2025-12-14 13:11:45.755] ⚖️ Computing uniqueness weights for 9018 events... INFO
2025-12-14 13:11:45,755 - System.tprint - INFO - ℹ️ ⚖️ Computing uniqueness weights for 9018 events... INFO
[2025-12-14 13:11:45.765] ✅ Uniqueness weights computed. Mean: 1.0000, Min: 0.4373, Max: 1.3118 SUCCESS
2025-12-14 13:11:45,765 - System.tprint - INFO - ℹ️ ✅ Uniqueness weights computed. Mean: 1.0000, Min: 0.4373, Max: 1.3118 SUCCESS
[I 2025-12-14 13:11:46,458] Trial 2039 finished with value: -0.006778401891402235 and parameters: {'trail_distance_atr_mult': 0.9383868933743625}. Best is trial 126 with value: -0.000363295272717509.
[2025-12-14 13:11:47.676] ⚖️ Computing uniqueness weights for 9018 events... INFO
2025-12-14 13:11:47,676 - System.tprint - INFO - ℹ️ ⚖️ Computing uniqueness weights for 9018 events... INFO
[2025-12-14 13:11:47.686] ✅ Uniqueness weights computed. Mean: 1.0000, Min: 0.4375, Max: 1.3124 SUCCESS
2025-12-14 13:11:47,686 - System.tprint - INFO - ℹ️ ✅ Uniqueness weights computed. Mean: 1.0000, Min: 0.4375, Max: 1.3124 SUCCESS
[I 2025-12-14 13:11:48,429] Trial 2040 finished with value: -0.0032373694290484816 and parameters: {'trail_distance_atr_mult': 1.33358564494704}. Best is trial 126 with value: -0.000363295272717509.
[2025-12-14 13:11:49.643] ⚖️ Computing uniqueness weights for 9018 events... INFO
2025-12-14 13:11:49,643 - System.tprint - INFO - ℹ️ ⚖️ Computing uniqueness weights for 9018 events... INFO
[2025-12-14 13:11:49.653] ✅ Uniqueness weights computed. Mean: 1.0000, Min: 0.4372, Max: 1.3117 SUCCESS
2025-12-14 13:11:49,653 - System.tprint - INFO - ℹ️ ✅ Uniqueness weights computed. Mean: 1.0000, Min: 0.4372, Max: 1.3117 SUCCESS
[I 2025-12-14 13:11:50,434] Trial 2041 finished with value: -0.0034849037542104768 and parameters: {'trail_distance_atr_mult': 0.657017171835766}. Best is trial 126 with value: -0.000363295272717509.
[2025-12-14 13:11:51.647] ⚖️ Computing uniqueness weights for 9018 events... INFO
2025-12-14 13:11:51,648 - System.tprint - INFO - ℹ️ ⚖️ Computing uniqueness weights for 9018 events... INFO
[2025-12-14 13:11:51.658] ✅ Uniqueness weights computed. Mean: 1.0000, Min: 0.4373, Max: 1.3120 SUCCESS
2025-12-14 13:11:51,658 - System.tprint - INFO - ℹ️ ✅ Uniqueness weights computed. Mean: 1.0000, Min: 0.4373, Max: 1.3120 SUCCESS
[I 2025-12-14 13:11:52,410] Trial 2042 finished with value: -0.0076580918119083016 and parameters: {'trail_distance_atr_mult': 1.1127344847929412}. Best is trial 126 with value: -0.000363295272717509.
[2025-12-14 13:11:53.617] ⚖️ Computing uniqueness weights for 9018 events... INFO
2025-12-14 13:11:53,618 - System.tprint - INFO - ℹ️ ⚖️ Computing uniqueness weights for 9018 events... INFO
[2025-12-14 13:11:53.627] ✅ Uniqueness weights computed. Mean: 1.0000, Min: 0.4373, Max: 1.3118 SUCCESS
2025-12-14 13:11:53,628 - System.tprint - INFO - ℹ️ ✅ Uniqueness weights computed. Mean: 1.0000, Min: 0.4373, Max: 1.3118 SUCCESS
[I 2025-12-14 13:11:54,356] Trial 2043 finished with value: -0.006804538755772173 and parameters: {'trail_distance_atr_mult': 0.838040594072357}. Best is trial 126 with value: -0.000363295272717509.
[2025-12-14 13:11:55.564] ⚖️ Computing uniqueness weights for 9018 events... INFO
2025-12-14 13:11:55,564 - System.tprint - INFO - ℹ️ ⚖️ Computing uniqueness weights for 9018 events... INFO
[2025-12-14 13:11:55.573] ✅ Uniqueness weights computed. Mean: 1.0000, Min: 0.4374, Max: 1.3121 SUCCESS
2025-12-14 13:11:55,573 - System.tprint - INFO - ℹ️ ✅ Uniqueness weights computed. Mean: 1.0000, Min: 0.4374, Max: 1.3121 SUCCESS
[I 2025-12-14 13:11:56,297] Trial 2044 finished with value: -0.0077022121379206315 and parameters: {'trail_distance_atr_mult': 1.1376120517368244}. Best is trial 126 with value: -0.000363295272717509.
[2025-12-14 13:11:57.507] ⚖️ Computing uniqueness weights for 9018 events... INFO
2025-12-14 13:11:57,508 - System.tprint - INFO - ℹ️ ⚖️ Computing uniqueness weights for 9018 events... INFO
[2025-12-14 13:11:57.517] ✅ Uniqueness weights computed. Mean: 1.0000, Min: 0.4373, Max: 1.3118 SUCCESS
2025-12-14 13:11:57,517 - System.tprint - INFO - ℹ️ ✅ Uniqueness weights computed. Mean: 1.0000, Min: 0.4373, Max: 1.3118 SUCCESS
[I 2025-12-14 13:11:58,234] Trial 2045 finished with value: -0.006786273381922926 and parameters: {'trail_distance_atr_mult': 0.9803387865247819}. Best is trial 126 with value: -0.000363295272717509.
[2025-12-14 13:12:00.122] ⚖️ Computing uniqueness weights for 9018 events... INFO
2025-12-14 13:12:00,123 - System.tprint - INFO - ℹ️ ⚖️ Computing uniqueness weights for 9018 events... INFO
[2025-12-14 13:12:00.136] ✅ Uniqueness weights computed. Mean: 1.0000, Min: 0.4374, Max: 1.3121 SUCCESS
2025-12-14 13:12:00,136 - System.tprint - INFO - ℹ️ ✅ Uniqueness weights computed. Mean: 1.0000, Min: 0.4374, Max: 1.3121 SUCCESS
[I 2025-12-14 13:12:01,022] Trial 2046 finished with value: -0.007702302429341702 and parameters: {'trail_distance_atr_mult': 1.1475688725211244}. Best is trial 126 with value: -0.000363295272717509.
[2025-12-14 13:12:02.211] ⚖️ Computing uniqueness weights for 9018 events... INFO
2025-12-14 13:12:02,212 - System.tprint - INFO - ℹ️ ⚖️ Computing uniqueness weights for 9018 events... INFO
[2025-12-14 13:12:02.221] ✅ Uniqueness weights computed. Mean: 1.0000, Min: 0.4375, Max: 1.3124 SUCCESS
2025-12-14 13:12:02,222 - System.tprint - INFO - ℹ️ ✅ Uniqueness weights computed. Mean: 1.0000, Min: 0.4375, Max: 1.3124 SUCCESS
[I 2025-12-14 13:12:03,008] Trial 2047 finished with value: -0.0032373674608916756 and parameters: {'trail_distance_atr_mult': 1.3432234618733945}. Best is trial 126 with value: -0.000363295272717509.
[2025-12-14 13:12:04.882] ⚖️ Computing uniqueness weights for 9018 events... INFO
2025-12-14 13:12:04,882 - System.tprint - INFO - ℹ️ ⚖️ Computing uniqueness weights for 9018 events... INFO
[2025-12-14 13:12:04.893] ✅ Uniqueness weights computed. Mean: 1.0000, Min: 0.4372, Max: 1.3117 SUCCESS
2025-12-14 13:12:04,893 - System.tprint - INFO - ℹ️ ✅ Uniqueness weights computed. Mean: 1.0000, Min: 0.4372, Max: 1.3117 SUCCESS
[I 2025-12-14 13:12:05,636] Trial 2048 finished with value: -0.007479331783459741 and parameters: {'trail_distance_atr_mult': 0.6768688046472456}. Best is trial 126 with value: -0.000363295272717509.
[2025-12-14 13:12:06.825] ⚖️ Computing uniqueness weights for 9018 events... INFO
2025-12-14 13:12:06,825 - System.tprint - INFO - ℹ️ ⚖️ Computing uniqueness weights for 9018 events... INFO
[2025-12-14 13:12:06.836] ✅ Uniqueness weights computed. Mean: 1.0000, Min: 0.4373, Max: 1.3118 SUCCESS
2025-12-14 13:12:06,836 - System.tprint - INFO - ℹ️ ✅ Uniqueness weights computed. Mean: 1.0000, Min: 0.4373, Max: 1.3118 SUCCESS
[I 2025-12-14 13:12:07,639] Trial 2049 finished with value: -0.0067583632522412364 and parameters: {'trail_distance_atr_mult': 0.9721684993456545}. Best is trial 126 with value: -0.000363295272717509.
[2025-12-14 13:12:09.012] ⚖️ Computing uniqueness weights for 9018 events... INFO
2025-12-14 13:12:09,012 - System.tprint - INFO - ℹ️ ⚖️ Computing uniqueness weights for 9018 events... INFO
[2025-12-14 13:12:09.024] ✅ Uniqueness weights computed. Mean: 1.0000, Min: 0.4374, Max: 1.3121 SUCCESS
2025-12-14 13:12:09,024 - System.tprint - INFO - ℹ️ ✅ Uniqueness weights computed. Mean: 1.0000, Min: 0.4374, Max: 1.3121 SUCCESS
[I 2025-12-14 13:12:09,974] Trial 2050 finished with value: -0.007691465493519347 and parameters: {'trail_distance_atr_mult': 1.1636093540430679}. Best is trial 126 with value: -0.000363295272717509.
[2025-12-14 13:12:11.776] ⚖️ Computing uniqueness weights for 9018 events... INFO
2025-12-14 13:12:11,777 - System.tprint - INFO - ℹ️ ⚖️ Computing uniqueness weights for 9018 events... INFO
[2025-12-14 13:12:11.788] ✅ Uniqueness weights computed. Mean: 1.0000, Min: 0.4372, Max: 1.3117 SUCCESS
2025-12-14 13:12:11,789 - System.tprint - INFO - ℹ️ ✅ Uniqueness weights computed. Mean: 1.0000, Min: 0.4372, Max: 1.3117 SUCCESS
[I 2025-12-14 13:12:12,493] Trial 2051 finished with value: -0.006728053018266437 and parameters: {'trail_distance_atr_mult': 0.7943205609857777}. Best is trial 126 with value: -0.000363295272717509.
[2025-12-14 13:12:14.435] ⚖️ Computing uniqueness weights for 9018 events... INFO
2025-12-14 13:12:14,435 - System.tprint - INFO - ℹ️ ⚖️ Computing uniqueness weights for 9018 events... INFO
[2025-12-14 13:12:14.446] ✅ Uniqueness weights computed. Mean: 1.0000, Min: 0.4373, Max: 1.3118 SUCCESS
2025-12-14 13:12:14,446 - System.tprint - INFO - ℹ️ ✅ Uniqueness weights computed. Mean: 1.0000, Min: 0.4373, Max: 1.3118 SUCCESS
[I 2025-12-14 13:12:15,406] Trial 2052 finished with value: -0.0067583719242708985 and parameters: {'trail_distance_atr_mult': 0.9735709605698175}. Best is trial 126 with value: -0.000363295272717509.
[2025-12-14 13:12:16.750] ⚖️ Computing uniqueness weights for 9018 events... INFO
2025-12-14 13:12:16,750 - System.tprint - INFO - ℹ️ ⚖️ Computing uniqueness weights for 9018 events... INFO
[2025-12-14 13:12:16.760] ✅ Uniqueness weights computed. Mean: 1.0000, Min: 0.4375, Max: 1.3124 SUCCESS
2025-12-14 13:12:16,760 - System.tprint - INFO - ℹ️ ✅ Uniqueness weights computed. Mean: 1.0000, Min: 0.4375, Max: 1.3124 SUCCESS
[I 2025-12-14 13:12:17,462] Trial 2053 finished with value: -0.0032373710182322705 and parameters: {'trail_distance_atr_mult': 1.3293407685407832}. Best is trial 126 with value: -0.000363295272717509.
[2025-12-14 13:12:18.668] ⚖️ Computing uniqueness weights for 9018 events... INFO
2025-12-14 13:12:18,668 - System.tprint - INFO - ℹ️ ⚖️ Computing uniqueness weights for 9018 events... INFO
[2025-12-14 13:12:18.678] ✅ Uniqueness weights computed. Mean: 1.0000, Min: 0.4374, Max: 1.3121 SUCCESS
2025-12-14 13:12:18,678 - System.tprint - INFO - ℹ️ ✅ Uniqueness weights computed. Mean: 1.0000, Min: 0.4374, Max: 1.3121 SUCCESS
[I 2025-12-14 13:12:19,377] Trial 2054 finished with value: -0.007702329332725372 and parameters: {'trail_distance_atr_mult': 1.1426417836800917}. Best is trial 126 with value: -0.000363295272717509.
[2025-12-14 13:12:20.596] ⚖️ Computing uniqueness weights for 9018 events... INFO
2025-12-14 13:12:20,596 - System.tprint - INFO - ℹ️ ⚖️ Computing uniqueness weights for 9018 events... INFO
[2025-12-14 13:12:20.606] ✅ Uniqueness weights computed. Mean: 1.0000, Min: 0.4373, Max: 1.3118 SUCCESS
2025-12-14 13:12:20,606 - System.tprint - INFO - ℹ️ ✅ Uniqueness weights computed. Mean: 1.0000, Min: 0.4373, Max: 1.3118 SUCCESS
[I 2025-12-14 13:12:21,381] Trial 2055 finished with value: -0.00724761075507164 and parameters: {'trail_distance_atr_mult': 0.9594967244021917}. Best is trial 126 with value: -0.000363295272717509.
[2025-12-14 13:12:22.570] ⚖️ Computing uniqueness weights for 9018 events... INFO
2025-12-14 13:12:22,570 - System.tprint - INFO - ℹ️ ⚖️ Computing uniqueness weights for 9018 events... INFO
[2025-12-14 13:12:22.580] ✅ Uniqueness weights computed. Mean: 1.0000, Min: 0.4372, Max: 1.3117 SUCCESS
2025-12-14 13:12:22,580 - System.tprint - INFO - ℹ️ ✅ Uniqueness weights computed. Mean: 1.0000, Min: 0.4372, Max: 1.3117 SUCCESS
[I 2025-12-14 13:12:23,259] Trial 2056 finished with value: -0.006728130032955135 and parameters: {'trail_distance_atr_mult': 0.7866169264520162}. Best is trial 126 with value: -0.000363295272717509.
[2025-12-14 13:12:24.461] ⚖️ Computing uniqueness weights for 9018 events... INFO
2025-12-14 13:12:24,461 - System.tprint - INFO - ℹ️ ⚖️ Computing uniqueness weights for 9018 events... INFO
[2025-12-14 13:12:24.470] ✅ Uniqueness weights computed. Mean: 1.0000, Min: 0.4374, Max: 1.3121 SUCCESS
2025-12-14 13:12:24,470 - System.tprint - INFO - ℹ️ ✅ Uniqueness weights computed. Mean: 1.0000, Min: 0.4374, Max: 1.3121 SUCCESS
[I 2025-12-14 13:12:25,204] Trial 2057 finished with value: -0.007701258923764256 and parameters: {'trail_distance_atr_mult': 1.154216417482067}. Best is trial 126 with value: -0.000363295272717509.
[2025-12-14 13:12:26.669] ⚖️ Computing uniqueness weights for 9018 events... INFO
2025-12-14 13:12:26,669 - System.tprint - INFO - ℹ️ ⚖️ Computing uniqueness weights for 9018 events... INFO
[2025-12-14 13:12:26.679] ✅ Uniqueness weights computed. Mean: 1.0000, Min: 0.4373, Max: 1.3119 SUCCESS
2025-12-14 13:12:26,679 - System.tprint - INFO - ℹ️ ✅ Uniqueness weights computed. Mean: 1.0000, Min: 0.4373, Max: 1.3119 SUCCESS
[I 2025-12-14 13:12:27,361] Trial 2058 finished with value: -0.006751214283931586 and parameters: {'trail_distance_atr_mult': 0.9961200461388003}. Best is trial 126 with value: -0.000363295272717509.
[2025-12-14 13:12:28.570] ⚖️ Computing uniqueness weights for 9018 events... INFO
2025-12-14 13:12:28,570 - System.tprint - INFO - ℹ️ ⚖️ Computing uniqueness weights for 9018 events... INFO
[2025-12-14 13:12:28.580] ✅ Uniqueness weights computed. Mean: 1.0000, Min: 0.4372, Max: 1.3117 SUCCESS
2025-12-14 13:12:28,580 - System.tprint - INFO - ℹ️ ✅ Uniqueness weights computed. Mean: 1.0000, Min: 0.4372, Max: 1.3117 SUCCESS
[I 2025-12-14 13:12:29,280] Trial 2059 finished with value: -0.007479331783459741 and parameters: {'trail_distance_atr_mult': 0.6851793568744985}. Best is trial 126 with value: -0.000363295272717509.
[2025-12-14 13:12:30.472] ⚖️ Computing uniqueness weights for 9018 events... INFO
2025-12-14 13:12:30,472 - System.tprint - INFO - ℹ️ ⚖️ Computing uniqueness weights for 9018 events... INFO
[2025-12-14 13:12:30.482] ✅ Uniqueness weights computed. Mean: 1.0000, Min: 0.4374, Max: 1.3121 SUCCESS
2025-12-14 13:12:30,482 - System.tprint - INFO - ℹ️ ✅ Uniqueness weights computed. Mean: 1.0000, Min: 0.4374, Max: 1.3121 SUCCESS
[I 2025-12-14 13:12:31,252] Trial 2060 finished with value: -0.007702320909878467 and parameters: {'trail_distance_atr_mult': 1.1442498144130042}. Best is trial 126 with value: -0.000363295272717509.
[2025-12-14 13:12:32.436] ⚖️ Computing uniqueness weights for 9018 events... INFO
2025-12-14 13:12:32,436 - System.tprint - INFO - ℹ️ ⚖️ Computing uniqueness weights for 9018 events... INFO
[2025-12-14 13:12:32.446] ✅ Uniqueness weights computed. Mean: 1.0000, Min: 0.4375, Max: 1.3124 SUCCESS
2025-12-14 13:12:32,446 - System.tprint - INFO - ℹ️ ✅ Uniqueness weights computed. Mean: 1.0000, Min: 0.4375, Max: 1.3124 SUCCESS
[I 2025-12-14 13:12:33,130] Trial 2061 finished with value: -0.0032373686494281653 and parameters: {'trail_distance_atr_mult': 1.3367190791952492}. Best is trial 126 with value: -0.000363295272717509.
[2025-12-14 13:12:34.367] ⚖️ Computing uniqueness weights for 9018 events... INFO
2025-12-14 13:12:34,367 - System.tprint - INFO - ℹ️ ⚖️ Computing uniqueness weights for 9018 events... INFO
[2025-12-14 13:12:34.379] ✅ Uniqueness weights computed. Mean: 1.0000, Min: 0.4373, Max: 1.3118 SUCCESS
2025-12-14 13:12:34,379 - System.tprint - INFO - ℹ️ ✅ Uniqueness weights computed. Mean: 1.0000, Min: 0.4373, Max: 1.3118 SUCCESS
[I 2025-12-14 13:12:35,128] Trial 2062 finished with value: -0.006758321813939529 and parameters: {'trail_distance_atr_mult': 0.9655384335264079}. Best is trial 126 with value: -0.000363295272717509.
[2025-12-14 13:12:36.323] ⚖️ Computing uniqueness weights for 9018 events... INFO
2025-12-14 13:12:36,323 - System.tprint - INFO - ℹ️ ⚖️ Computing uniqueness weights for 9018 events... INFO
[2025-12-14 13:12:36.333] ✅ Uniqueness weights computed. Mean: 1.0000, Min: 0.4372, Max: 1.3117 SUCCESS
2025-12-14 13:12:36,333 - System.tprint - INFO - ℹ️ ✅ Uniqueness weights computed. Mean: 1.0000, Min: 0.4372, Max: 1.3117 SUCCESS
[I 2025-12-14 13:12:37,022] Trial 2063 finished with value: -0.006727826300716664 and parameters: {'trail_distance_atr_mult': 0.8158510734557323}. Best is trial 126 with value: -0.000363295272717509.
[2025-12-14 13:12:38.236] ⚖️ Computing uniqueness weights for 9018 events... INFO
2025-12-14 13:12:38,236 - System.tprint - INFO - ℹ️ ⚖️ Computing uniqueness weights for 9018 events... INFO
[2025-12-14 13:12:38.246] ✅ Uniqueness weights computed. Mean: 1.0000, Min: 0.4374, Max: 1.3121 SUCCESS
2025-12-14 13:12:38,246 - System.tprint - INFO - ℹ️ ✅ Uniqueness weights computed. Mean: 1.0000, Min: 0.4374, Max: 1.3121 SUCCESS
