[I 2025-12-14 13:12:38,935] Trial 2064 finished with value: -0.007094526077352353 and parameters: {'trail_distance_atr_mult': 1.172431344461928}. Best is trial 126 with value: -0.000363295272717509.
[2025-12-14 13:12:40.139] ⚖️ Computing uniqueness weights for 9018 events... INFO
2025-12-14 13:12:40,139 - System.tprint - INFO - ℹ️ ⚖️ Computing uniqueness weights for 9018 events... INFO
[2025-12-14 13:12:40.149] ✅ Uniqueness weights computed. Mean: 1.0000, Min: 0.4373, Max: 1.3119 SUCCESS
2025-12-14 13:12:40,149 - System.tprint - INFO - ℹ️ ✅ Uniqueness weights computed. Mean: 1.0000, Min: 0.4373, Max: 1.3119 SUCCESS
[I 2025-12-14 13:12:40,843] Trial 2065 finished with value: -0.0030846820668660557 and parameters: {'trail_distance_atr_mult': 1.0213652681377237}. Best is trial 126 with value: -0.000363295272717509.
[2025-12-14 13:12:42.080] ⚖️ Computing uniqueness weights for 9018 events... INFO
2025-12-14 13:12:42,080 - System.tprint - INFO - ℹ️ ⚖️ Computing uniqueness weights for 9018 events... INFO
[2025-12-14 13:12:42.090] ✅ Uniqueness weights computed. Mean: 1.0000, Min: 0.4375, Max: 1.3124 SUCCESS
2025-12-14 13:12:42,090 - System.tprint - INFO - ℹ️ ✅ Uniqueness weights computed. Mean: 1.0000, Min: 0.4375, Max: 1.3124 SUCCESS
[I 2025-12-14 13:12:42,826] Trial 2066 finished with value: -0.005836534503100476 and parameters: {'trail_distance_atr_mult': 1.2994423121479026}. Best is trial 126 with value: -0.000363295272717509.
[2025-12-14 13:12:44.228] ⚖️ Computing uniqueness weights for 9018 events... INFO
2025-12-14 13:12:44,229 - System.tprint - INFO - ℹ️ ⚖️ Computing uniqueness weights for 9018 events... INFO
[2025-12-14 13:12:44.243] ✅ Uniqueness weights computed. Mean: 1.0000, Min: 0.4372, Max: 1.3117 SUCCESS
2025-12-14 13:12:44,243 - System.tprint - INFO - ℹ️ ✅ Uniqueness weights computed. Mean: 1.0000, Min: 0.4372, Max: 1.3117 SUCCESS
[I 2025-12-14 13:12:45,594] Trial 2067 finished with value: -0.0034849037542104768 and parameters: {'trail_distance_atr_mult': 0.6528541270773549}. Best is trial 126 with value: -0.000363295272717509.
[2025-12-14 13:12:47.365] ⚖️ Computing uniqueness weights for 9018 events... INFO
2025-12-14 13:12:47,365 - System.tprint - INFO - ℹ️ ⚖️ Computing uniqueness weights for 9018 events... INFO
[2025-12-14 13:12:47.386] ✅ Uniqueness weights computed. Mean: 1.0000, Min: 0.4373, Max: 1.3119 SUCCESS
2025-12-14 13:12:47,387 - System.tprint - INFO - ℹ️ ✅ Uniqueness weights computed. Mean: 1.0000, Min: 0.4373, Max: 1.3119 SUCCESS
[I 2025-12-14 13:12:48,617] Trial 2068 finished with value: -0.006751249181046378 and parameters: {'trail_distance_atr_mult': 1.007036813772504}. Best is trial 126 with value: -0.000363295272717509.
[2025-12-14 13:12:50.871] ⚖️ Computing uniqueness weights for 9018 events... INFO
2025-12-14 13:12:50,871 - System.tprint - INFO - ℹ️ ⚖️ Computing uniqueness weights for 9018 events... INFO
[2025-12-14 13:12:50.888] ✅ Uniqueness weights computed. Mean: 1.0000, Min: 0.4374, Max: 1.3121 SUCCESS
2025-12-14 13:12:50,888 - System.tprint - INFO - ℹ️ ✅ Uniqueness weights computed. Mean: 1.0000, Min: 0.4374, Max: 1.3121 SUCCESS
[I 2025-12-14 13:12:51,859] Trial 2069 finished with value: -0.0077023016097490645 and parameters: {'trail_distance_atr_mult': 1.1477149346249202}. Best is trial 126 with value: -0.000363295272717509.
[2025-12-14 13:12:53.076] ⚖️ Computing uniqueness weights for 9018 events... INFO
2025-12-14 13:12:53,076 - System.tprint - INFO - ℹ️ ⚖️ Computing uniqueness weights for 9018 events... INFO
[2025-12-14 13:12:53.085] ✅ Uniqueness weights computed. Mean: 1.0000, Min: 0.4373, Max: 1.3118 SUCCESS
2025-12-14 13:12:53,085 - System.tprint - INFO - ℹ️ ✅ Uniqueness weights computed. Mean: 1.0000, Min: 0.4373, Max: 1.3118 SUCCESS
[I 2025-12-14 13:12:53,925] Trial 2070 finished with value: -0.006804516278126276 and parameters: {'trail_distance_atr_mult': 0.8273877801605554}. Best is trial 126 with value: -0.000363295272717509.
[2025-12-14 13:12:55.508] ⚖️ Computing uniqueness weights for 9018 events... INFO
2025-12-14 13:12:55,508 - System.tprint - INFO - ℹ️ ⚖️ Computing uniqueness weights for 9018 events... INFO
[2025-12-14 13:12:55.521] ✅ Uniqueness weights computed. Mean: 1.0000, Min: 0.4375, Max: 1.3124 SUCCESS
2025-12-14 13:12:55,521 - System.tprint - INFO - ℹ️ ✅ Uniqueness weights computed. Mean: 1.0000, Min: 0.4375, Max: 1.3124 SUCCESS
[I 2025-12-14 13:12:56,508] Trial 2071 finished with value: -0.0032373700384714594 and parameters: {'trail_distance_atr_mult': 1.3317990681232843}. Best is trial 126 with value: -0.000363295272717509.
[2025-12-14 13:12:58.090] ⚖️ Computing uniqueness weights for 9018 events... INFO
2025-12-14 13:12:58,090 - System.tprint - INFO - ℹ️ ⚖️ Computing uniqueness weights for 9018 events... INFO
[2025-12-14 13:12:58.104] ✅ Uniqueness weights computed. Mean: 1.0000, Min: 0.4372, Max: 1.3117 SUCCESS
2025-12-14 13:12:58,104 - System.tprint - INFO - ℹ️ ✅ Uniqueness weights computed. Mean: 1.0000, Min: 0.4372, Max: 1.3117 SUCCESS
[I 2025-12-14 13:12:59,152] Trial 2072 finished with value: -0.007321828937469562 and parameters: {'trail_distance_atr_mult': 0.510039357089563}. Best is trial 126 with value: -0.000363295272717509.
[2025-12-14 13:13:01.012] ⚖️ Computing uniqueness weights for 9018 events... INFO
2025-12-14 13:13:01,012 - System.tprint - INFO - ℹ️ ⚖️ Computing uniqueness weights for 9018 events... INFO
[2025-12-14 13:13:01.026] ✅ Uniqueness weights computed. Mean: 1.0000, Min: 0.4373, Max: 1.3119 SUCCESS
2025-12-14 13:13:01,026 - System.tprint - INFO - ℹ️ ✅ Uniqueness weights computed. Mean: 1.0000, Min: 0.4373, Max: 1.3119 SUCCESS
[I 2025-12-14 13:13:02,029] Trial 2073 finished with value: -0.006751233342680795 and parameters: {'trail_distance_atr_mult': 1.0020841624035686}. Best is trial 126 with value: -0.000363295272717509.
[2025-12-14 13:13:03.592] ⚖️ Computing uniqueness weights for 9018 events... INFO
2025-12-14 13:13:03,593 - System.tprint - INFO - ℹ️ ⚖️ Computing uniqueness weights for 9018 events... INFO
[2025-12-14 13:13:03.605] ✅ Uniqueness weights computed. Mean: 1.0000, Min: 0.4374, Max: 1.3121 SUCCESS
2025-12-14 13:13:03,605 - System.tprint - INFO - ℹ️ ✅ Uniqueness weights computed. Mean: 1.0000, Min: 0.4374, Max: 1.3121 SUCCESS
[I 2025-12-14 13:13:04,597] Trial 2074 finished with value: -0.007691777914326013 and parameters: {'trail_distance_atr_mult': 1.1601299973235162}. Best is trial 126 with value: -0.000363295272717509.
[2025-12-14 13:13:06.263] ⚖️ Computing uniqueness weights for 9018 events... INFO
2025-12-14 13:13:06,264 - System.tprint - INFO - ℹ️ ⚖️ Computing uniqueness weights for 9018 events... INFO
[2025-12-14 13:13:06.278] ✅ Uniqueness weights computed. Mean: 1.0000, Min: 0.4373, Max: 1.3118 SUCCESS
2025-12-14 13:13:06,279 - System.tprint - INFO - ℹ️ ✅ Uniqueness weights computed. Mean: 1.0000, Min: 0.4373, Max: 1.3118 SUCCESS
[I 2025-12-14 13:13:07,283] Trial 2075 finished with value: -0.006804516089440534 and parameters: {'trail_distance_atr_mult': 0.827312948774698}. Best is trial 126 with value: -0.000363295272717509.
[2025-12-14 13:13:08.795] ⚖️ Computing uniqueness weights for 9018 events... INFO
2025-12-14 13:13:08,796 - System.tprint - INFO - ℹ️ ⚖️ Computing uniqueness weights for 9018 events... INFO
[2025-12-14 13:13:08.805] ✅ Uniqueness weights computed. Mean: 1.0000, Min: 0.4374, Max: 1.3121 SUCCESS
2025-12-14 13:13:08,805 - System.tprint - INFO - ℹ️ ✅ Uniqueness weights computed. Mean: 1.0000, Min: 0.4374, Max: 1.3121 SUCCESS
[I 2025-12-14 13:13:09,523] Trial 2076 finished with value: -0.0077012364469576265 and parameters: {'trail_distance_atr_mult': 1.1582903594519576}. Best is trial 126 with value: -0.000363295272717509.
[2025-12-14 13:13:10.732] ⚖️ Computing uniqueness weights for 9018 events... INFO
2025-12-14 13:13:10,732 - System.tprint - INFO - ℹ️ ⚖️ Computing uniqueness weights for 9018 events... INFO
[2025-12-14 13:13:10.741] ✅ Uniqueness weights computed. Mean: 1.0000, Min: 0.4373, Max: 1.3119 SUCCESS
2025-12-14 13:13:10,741 - System.tprint - INFO - ℹ️ ✅ Uniqueness weights computed. Mean: 1.0000, Min: 0.4373, Max: 1.3119 SUCCESS
[I 2025-12-14 13:13:11,428] Trial 2077 finished with value: -0.006751218915271356 and parameters: {'trail_distance_atr_mult': 0.9975699172954664}. Best is trial 126 with value: -0.000363295272717509.
[2025-12-14 13:13:13.068] ⚖️ Computing uniqueness weights for 9018 events... INFO
2025-12-14 13:13:13,069 - System.tprint - INFO - ℹ️ ⚖️ Computing uniqueness weights for 9018 events... INFO
[2025-12-14 13:13:13.082] ✅ Uniqueness weights computed. Mean: 1.0000, Min: 0.4375, Max: 1.3124 SUCCESS
2025-12-14 13:13:13,082 - System.tprint - INFO - ℹ️ ✅ Uniqueness weights computed. Mean: 1.0000, Min: 0.4375, Max: 1.3124 SUCCESS
[I 2025-12-14 13:13:14,000] Trial 2078 finished with value: -0.0032373711980249473 and parameters: {'trail_distance_atr_mult': 1.328743311248619}. Best is trial 126 with value: -0.000363295272717509.
[2025-12-14 13:13:15.195] ⚖️ Computing uniqueness weights for 9018 events... INFO
2025-12-14 13:13:15,195 - System.tprint - INFO - ℹ️ ⚖️ Computing uniqueness weights for 9018 events... INFO
[2025-12-14 13:13:15.205] ✅ Uniqueness weights computed. Mean: 1.0000, Min: 0.4373, Max: 1.3118 SUCCESS
2025-12-14 13:13:15,206 - System.tprint - INFO - ℹ️ ✅ Uniqueness weights computed. Mean: 1.0000, Min: 0.4373, Max: 1.3118 SUCCESS
[I 2025-12-14 13:13:15,899] Trial 2079 finished with value: -0.006804528734586913 and parameters: {'trail_distance_atr_mult': 0.8325165059238141}. Best is trial 126 with value: -0.000363295272717509.
[2025-12-14 13:13:17.136] ⚖️ Computing uniqueness weights for 9018 events... INFO
2025-12-14 13:13:17,136 - System.tprint - INFO - ℹ️ ⚖️ Computing uniqueness weights for 9018 events... INFO
[2025-12-14 13:13:17.148] ✅ Uniqueness weights computed. Mean: 1.0000, Min: 0.4374, Max: 1.3121 SUCCESS
2025-12-14 13:13:17,148 - System.tprint - INFO - ℹ️ ✅ Uniqueness weights computed. Mean: 1.0000, Min: 0.4374, Max: 1.3121 SUCCESS
[I 2025-12-14 13:13:18,662] Trial 2080 finished with value: -0.007702302245536836 and parameters: {'trail_distance_atr_mult': 1.1476044999109136}. Best is trial 126 with value: -0.000363295272717509.
[2025-12-14 13:13:20.171] ⚖️ Computing uniqueness weights for 9018 events... INFO
2025-12-14 13:13:20,171 - System.tprint - INFO - ℹ️ ⚖️ Computing uniqueness weights for 9018 events... INFO
[2025-12-14 13:13:20.183] ✅ Uniqueness weights computed. Mean: 1.0000, Min: 0.4373, Max: 1.3118 SUCCESS
2025-12-14 13:13:20,183 - System.tprint - INFO - ℹ️ ✅ Uniqueness weights computed. Mean: 1.0000, Min: 0.4373, Max: 1.3118 SUCCESS
[I 2025-12-14 13:13:20,898] Trial 2081 finished with value: -0.006840116556483717 and parameters: {'trail_distance_atr_mult': 0.957491797319344}. Best is trial 126 with value: -0.000363295272717509.
[2025-12-14 13:13:22.342] ⚖️ Computing uniqueness weights for 9018 events... INFO
2025-12-14 13:13:22,343 - System.tprint - INFO - ℹ️ ⚖️ Computing uniqueness weights for 9018 events... INFO
[2025-12-14 13:13:22.356] ✅ Uniqueness weights computed. Mean: 1.0000, Min: 0.4372, Max: 1.3117 SUCCESS
2025-12-14 13:13:22,356 - System.tprint - INFO - ℹ️ ✅ Uniqueness weights computed. Mean: 1.0000, Min: 0.4372, Max: 1.3117 SUCCESS
[I 2025-12-14 13:13:23,255] Trial 2082 finished with value: -0.0010604203959457107 and parameters: {'trail_distance_atr_mult': 0.7330042078971353}. Best is trial 126 with value: -0.000363295272717509.
[2025-12-14 13:13:24.445] ⚖️ Computing uniqueness weights for 9018 events... INFO
2025-12-14 13:13:24,445 - System.tprint - INFO - ℹ️ ⚖️ Computing uniqueness weights for 9018 events... INFO
[2025-12-14 13:13:24.455] ✅ Uniqueness weights computed. Mean: 1.0000, Min: 0.4372, Max: 1.3117 SUCCESS
2025-12-14 13:13:24,455 - System.tprint - INFO - ℹ️ ✅ Uniqueness weights computed. Mean: 1.0000, Min: 0.4372, Max: 1.3117 SUCCESS
[I 2025-12-14 13:13:25,148] Trial 2083 finished with value: -0.007479331783459741 and parameters: {'trail_distance_atr_mult': 0.6752814525687896}. Best is trial 126 with value: -0.000363295272717509.
[2025-12-14 13:13:26.479] ⚖️ Computing uniqueness weights for 9018 events... INFO
2025-12-14 13:13:26,479 - System.tprint - INFO - ℹ️ ⚖️ Computing uniqueness weights for 9018 events... INFO
[2025-12-14 13:13:26.508] ✅ Uniqueness weights computed. Mean: 1.0000, Min: 0.4372, Max: 1.3117 SUCCESS
2025-12-14 13:13:26,509 - System.tprint - INFO - ℹ️ ✅ Uniqueness weights computed. Mean: 1.0000, Min: 0.4372, Max: 1.3117 SUCCESS
[I 2025-12-14 13:13:27,380] Trial 2084 finished with value: -0.007321828937469562 and parameters: {'trail_distance_atr_mult': 0.5049144997123514}. Best is trial 126 with value: -0.000363295272717509.
[2025-12-14 13:13:28.582] ⚖️ Computing uniqueness weights for 9018 events... INFO
2025-12-14 13:13:28,582 - System.tprint - INFO - ℹ️ ⚖️ Computing uniqueness weights for 9018 events... INFO
[2025-12-14 13:13:28.592] ✅ Uniqueness weights computed. Mean: 1.0000, Min: 0.4372, Max: 1.3117 SUCCESS
2025-12-14 13:13:28,592 - System.tprint - INFO - ℹ️ ✅ Uniqueness weights computed. Mean: 1.0000, Min: 0.4372, Max: 1.3117 SUCCESS
[I 2025-12-14 13:13:29,300] Trial 2085 finished with value: -0.0034849037542104768 and parameters: {'trail_distance_atr_mult': 0.6632100528237362}. Best is trial 126 with value: -0.000363295272717509.
[2025-12-14 13:13:30.497] ⚖️ Computing uniqueness weights for 9018 events... INFO
2025-12-14 13:13:30,497 - System.tprint - INFO - ℹ️ ⚖️ Computing uniqueness weights for 9018 events... INFO
[2025-12-14 13:13:30.507] ✅ Uniqueness weights computed. Mean: 1.0000, Min: 0.4372, Max: 1.3117 SUCCESS
2025-12-14 13:13:30,507 - System.tprint - INFO - ℹ️ ✅ Uniqueness weights computed. Mean: 1.0000, Min: 0.4372, Max: 1.3117 SUCCESS
[I 2025-12-14 13:13:31,277] Trial 2086 finished with value: -0.007546852514577222 and parameters: {'trail_distance_atr_mult': 0.6360411064115395}. Best is trial 126 with value: -0.000363295272717509.
[2025-12-14 13:13:32.486] ⚖️ Computing uniqueness weights for 9018 events... INFO
2025-12-14 13:13:32,486 - System.tprint - INFO - ℹ️ ⚖️ Computing uniqueness weights for 9018 events... INFO
[2025-12-14 13:13:32.496] ✅ Uniqueness weights computed. Mean: 1.0000, Min: 0.4372, Max: 1.3117 SUCCESS
2025-12-14 13:13:32,496 - System.tprint - INFO - ℹ️ ✅ Uniqueness weights computed. Mean: 1.0000, Min: 0.4372, Max: 1.3117 SUCCESS
[I 2025-12-14 13:13:33,180] Trial 2087 finished with value: -0.007546852514577222 and parameters: {'trail_distance_atr_mult': 0.6330098474031494}. Best is trial 126 with value: -0.000363295272717509.
[2025-12-14 13:13:34.390] ⚖️ Computing uniqueness weights for 9018 events... INFO
2025-12-14 13:13:34,390 - System.tprint - INFO - ℹ️ ⚖️ Computing uniqueness weights for 9018 events... INFO
[2025-12-14 13:13:34.400] ✅ Uniqueness weights computed. Mean: 1.0000, Min: 0.4372, Max: 1.3117 SUCCESS
2025-12-14 13:13:34,400 - System.tprint - INFO - ℹ️ ✅ Uniqueness weights computed. Mean: 1.0000, Min: 0.4372, Max: 1.3117 SUCCESS
[I 2025-12-14 13:13:35,095] Trial 2088 finished with value: -0.0010604202416554882 and parameters: {'trail_distance_atr_mult': 0.7362614813680171}. Best is trial 126 with value: -0.000363295272717509.
[2025-12-14 13:13:36.301] ⚖️ Computing uniqueness weights for 9018 events... INFO
2025-12-14 13:13:36,301 - System.tprint - INFO - ℹ️ ⚖️ Computing uniqueness weights for 9018 events... INFO
[2025-12-14 13:13:36.310] ✅ Uniqueness weights computed. Mean: 1.0000, Min: 0.4372, Max: 1.3117 SUCCESS
2025-12-14 13:13:36,310 - System.tprint - INFO - ℹ️ ✅ Uniqueness weights computed. Mean: 1.0000, Min: 0.4372, Max: 1.3117 SUCCESS
[I 2025-12-14 13:13:37,058] Trial 2089 finished with value: -0.007546852514577222 and parameters: {'trail_distance_atr_mult': 0.6246006013744071}. Best is trial 126 with value: -0.000363295272717509.
[2025-12-14 13:13:38.307] ⚖️ Computing uniqueness weights for 9018 events... INFO
2025-12-14 13:13:38,307 - System.tprint - INFO - ℹ️ ⚖️ Computing uniqueness weights for 9018 events... INFO
[2025-12-14 13:13:38.318] ✅ Uniqueness weights computed. Mean: 1.0000, Min: 0.4372, Max: 1.3117 SUCCESS
2025-12-14 13:13:38,318 - System.tprint - INFO - ℹ️ ✅ Uniqueness weights computed. Mean: 1.0000, Min: 0.4372, Max: 1.3117 SUCCESS
[I 2025-12-14 13:13:39,023] Trial 2090 finished with value: -0.0034849037542104768 and parameters: {'trail_distance_atr_mult': 0.6559093299478123}. Best is trial 126 with value: -0.000363295272717509.
[2025-12-14 13:13:40.223] ⚖️ Computing uniqueness weights for 9018 events... INFO
2025-12-14 13:13:40,223 - System.tprint - INFO - ℹ️ ⚖️ Computing uniqueness weights for 9018 events... INFO
[2025-12-14 13:13:40.233] ✅ Uniqueness weights computed. Mean: 1.0000, Min: 0.4372, Max: 1.3117 SUCCESS
2025-12-14 13:13:40,233 - System.tprint - INFO - ℹ️ ✅ Uniqueness weights computed. Mean: 1.0000, Min: 0.4372, Max: 1.3117 SUCCESS
[I 2025-12-14 13:13:40,928] Trial 2091 finished with value: -0.007479331783459741 and parameters: {'trail_distance_atr_mult': 0.6901132491582385}. Best is trial 126 with value: -0.000363295272717509.
[2025-12-14 13:13:42.131] ⚖️ Computing uniqueness weights for 9018 events... INFO
2025-12-14 13:13:42,132 - System.tprint - INFO - ℹ️ ⚖️ Computing uniqueness weights for 9018 events... INFO
[2025-12-14 13:13:42.141] ✅ Uniqueness weights computed. Mean: 1.0000, Min: 0.4372, Max: 1.3117 SUCCESS
2025-12-14 13:13:42,141 - System.tprint - INFO - ℹ️ ✅ Uniqueness weights computed. Mean: 1.0000, Min: 0.4372, Max: 1.3117 SUCCESS
[I 2025-12-14 13:13:42,839] Trial 2092 finished with value: -0.007588356648459097 and parameters: {'trail_distance_atr_mult': 0.7395584952156026}. Best is trial 126 with value: -0.000363295272717509.
[2025-12-14 13:13:44.185] ⚖️ Computing uniqueness weights for 9018 events... INFO
2025-12-14 13:13:44,186 - System.tprint - INFO - ℹ️ ⚖️ Computing uniqueness weights for 9018 events... INFO
[2025-12-14 13:13:44.213] ✅ Uniqueness weights computed. Mean: 1.0000, Min: 0.4372, Max: 1.3117 SUCCESS
2025-12-14 13:13:44,214 - System.tprint - INFO - ℹ️ ✅ Uniqueness weights computed. Mean: 1.0000, Min: 0.4372, Max: 1.3117 SUCCESS
[I 2025-12-14 13:13:45,417] Trial 2093 finished with value: -0.0034849037542104768 and parameters: {'trail_distance_atr_mult': 0.6572100476901881}. Best is trial 126 with value: -0.000363295272717509.
[2025-12-14 13:13:46.616] ⚖️ Computing uniqueness weights for 9018 events... INFO
2025-12-14 13:13:46,616 - System.tprint - INFO - ℹ️ ⚖️ Computing uniqueness weights for 9018 events... INFO
[2025-12-14 13:13:46.625] ✅ Uniqueness weights computed. Mean: 1.0000, Min: 0.4372, Max: 1.3117 SUCCESS
2025-12-14 13:13:46,626 - System.tprint - INFO - ℹ️ ✅ Uniqueness weights computed. Mean: 1.0000, Min: 0.4372, Max: 1.3117 SUCCESS
[I 2025-12-14 13:13:47,418] Trial 2094 finished with value: -0.0075883644723672 and parameters: {'trail_distance_atr_mult': 0.7492340979421916}. Best is trial 126 with value: -0.000363295272717509.
[2025-12-14 13:13:48.602] ⚖️ Computing uniqueness weights for 9018 events... INFO
2025-12-14 13:13:48,602 - System.tprint - INFO - ℹ️ ⚖️ Computing uniqueness weights for 9018 events... INFO
[2025-12-14 13:13:48.612] ✅ Uniqueness weights computed. Mean: 1.0000, Min: 0.4372, Max: 1.3117 SUCCESS
2025-12-14 13:13:48,612 - System.tprint - INFO - ℹ️ ✅ Uniqueness weights computed. Mean: 1.0000, Min: 0.4372, Max: 1.3117 SUCCESS
[I 2025-12-14 13:13:49,309] Trial 2095 finished with value: -0.006747763641863103 and parameters: {'trail_distance_atr_mult': 0.763178606362879}. Best is trial 126 with value: -0.000363295272717509.
[2025-12-14 13:13:50.528] ⚖️ Computing uniqueness weights for 9018 events... INFO
2025-12-14 13:13:50,528 - System.tprint - INFO - ℹ️ ⚖️ Computing uniqueness weights for 9018 events... INFO
[2025-12-14 13:13:50.538] ✅ Uniqueness weights computed. Mean: 1.0000, Min: 0.4372, Max: 1.3117 SUCCESS
2025-12-14 13:13:50,539 - System.tprint - INFO - ℹ️ ✅ Uniqueness weights computed. Mean: 1.0000, Min: 0.4372, Max: 1.3117 SUCCESS
[I 2025-12-14 13:13:51,337] Trial 2096 finished with value: -0.007321828937469562 and parameters: {'trail_distance_atr_mult': 0.5012111878022586}. Best is trial 126 with value: -0.000363295272717509.
[2025-12-14 13:13:52.617] ⚖️ Computing uniqueness weights for 9018 events... INFO
2025-12-14 13:13:52,618 - System.tprint - INFO - ℹ️ ⚖️ Computing uniqueness weights for 9018 events... INFO
[2025-12-14 13:13:52.629] ✅ Uniqueness weights computed. Mean: 1.0000, Min: 0.4372, Max: 1.3117 SUCCESS
2025-12-14 13:13:52,629 - System.tprint - INFO - ℹ️ ✅ Uniqueness weights computed. Mean: 1.0000, Min: 0.4372, Max: 1.3117 SUCCESS
[I 2025-12-14 13:13:53,445] Trial 2097 finished with value: -0.0075883626556883105 and parameters: {'trail_distance_atr_mult': 0.7473205490926652}. Best is trial 126 with value: -0.000363295272717509.
[2025-12-14 13:13:54.756] ⚖️ Computing uniqueness weights for 9018 events... INFO
2025-12-14 13:13:54,756 - System.tprint - INFO - ℹ️ ⚖️ Computing uniqueness weights for 9018 events... INFO
[2025-12-14 13:13:54.768] ✅ Uniqueness weights computed. Mean: 1.0000, Min: 0.4372, Max: 1.3117 SUCCESS
2025-12-14 13:13:54,768 - System.tprint - INFO - ℹ️ ✅ Uniqueness weights computed. Mean: 1.0000, Min: 0.4372, Max: 1.3117 SUCCESS
[I 2025-12-14 13:13:55,533] Trial 2098 finished with value: -0.0034849037732859996 and parameters: {'trail_distance_atr_mult': 0.648705368455317}. Best is trial 126 with value: -0.000363295272717509.
[2025-12-14 13:13:56.720] ⚖️ Computing uniqueness weights for 9018 events... INFO
2025-12-14 13:13:56,720 - System.tprint - INFO - ℹ️ ⚖️ Computing uniqueness weights for 9018 events... INFO
[2025-12-14 13:13:56.729] ✅ Uniqueness weights computed. Mean: 1.0000, Min: 0.4372, Max: 1.3117 SUCCESS
2025-12-14 13:13:56,729 - System.tprint - INFO - ℹ️ ✅ Uniqueness weights computed. Mean: 1.0000, Min: 0.4372, Max: 1.3117 SUCCESS
