[I 2025-12-14 13:20:53,001] Trial 2309 finished with value: -0.006681131424735374 and parameters: {'trail_distance_atr_mult': 0.8728333721557933}. Best is trial 126 with value: -0.000363295272717509.
[2025-12-14 13:20:54.192] ⚖️ Computing uniqueness weights for 9018 events... INFO
2025-12-14 13:20:54,192 - System.tprint - INFO - ℹ️ ⚖️ Computing uniqueness weights for 9018 events... INFO
[2025-12-14 13:20:54.201] ✅ Uniqueness weights computed. Mean: 1.0000, Min: 0.4373, Max: 1.3120 SUCCESS
2025-12-14 13:20:54,201 - System.tprint - INFO - ℹ️ ✅ Uniqueness weights computed. Mean: 1.0000, Min: 0.4373, Max: 1.3120 SUCCESS
[I 2025-12-14 13:20:54,835] Trial 2310 finished with value: -0.007527251061127717 and parameters: {'trail_distance_atr_mult': 1.0585875291378464}. Best is trial 126 with value: -0.000363295272717509.
[2025-12-14 13:20:56.110] ⚖️ Computing uniqueness weights for 9018 events... INFO
2025-12-14 13:20:56,110 - System.tprint - INFO - ℹ️ ⚖️ Computing uniqueness weights for 9018 events... INFO
[2025-12-14 13:20:56.121] ✅ Uniqueness weights computed. Mean: 1.0000, Min: 0.4375, Max: 1.3124 SUCCESS
2025-12-14 13:20:56,122 - System.tprint - INFO - ℹ️ ✅ Uniqueness weights computed. Mean: 1.0000, Min: 0.4375, Max: 1.3124 SUCCESS
[I 2025-12-14 13:20:56,843] Trial 2311 finished with value: -0.0032373699580283207 and parameters: {'trail_distance_atr_mult': 1.3323345193973566}. Best is trial 126 with value: -0.000363295272717509.
[2025-12-14 13:20:58.117] ⚖️ Computing uniqueness weights for 9018 events... INFO
2025-12-14 13:20:58,117 - System.tprint - INFO - ℹ️ ⚖️ Computing uniqueness weights for 9018 events... INFO
[2025-12-14 13:20:58.129] ✅ Uniqueness weights computed. Mean: 1.0000, Min: 0.4372, Max: 1.3117 SUCCESS
2025-12-14 13:20:58,129 - System.tprint - INFO - ℹ️ ✅ Uniqueness weights computed. Mean: 1.0000, Min: 0.4372, Max: 1.3117 SUCCESS
[I 2025-12-14 13:20:58,859] Trial 2312 finished with value: -0.006747769188078834 and parameters: {'trail_distance_atr_mult': 0.7610902812677616}. Best is trial 126 with value: -0.000363295272717509.
[2025-12-14 13:21:00.220] ⚖️ Computing uniqueness weights for 9018 events... INFO
2025-12-14 13:21:00,220 - System.tprint - INFO - ℹ️ ⚖️ Computing uniqueness weights for 9018 events... INFO
[2025-12-14 13:21:00.230] ✅ Uniqueness weights computed. Mean: 1.0000, Min: 0.4373, Max: 1.3118 SUCCESS
2025-12-14 13:21:00,230 - System.tprint - INFO - ℹ️ ✅ Uniqueness weights computed. Mean: 1.0000, Min: 0.4373, Max: 1.3118 SUCCESS
[I 2025-12-14 13:21:00,876] Trial 2313 finished with value: -0.006741919113970404 and parameters: {'trail_distance_atr_mult': 0.9876557131326498}. Best is trial 126 with value: -0.000363295272717509.
[2025-12-14 13:21:02.084] ⚖️ Computing uniqueness weights for 9018 events... INFO
2025-12-14 13:21:02,085 - System.tprint - INFO - ℹ️ ⚖️ Computing uniqueness weights for 9018 events... INFO
[2025-12-14 13:21:02.094] ✅ Uniqueness weights computed. Mean: 1.0000, Min: 0.4374, Max: 1.3121 SUCCESS
2025-12-14 13:21:02,094 - System.tprint - INFO - ℹ️ ✅ Uniqueness weights computed. Mean: 1.0000, Min: 0.4374, Max: 1.3121 SUCCESS
[I 2025-12-14 13:21:02,731] Trial 2314 finished with value: -0.0048914797541368986 and parameters: {'trail_distance_atr_mult': 1.1916202473969337}. Best is trial 126 with value: -0.000363295272717509.
[2025-12-14 13:21:03.909] ⚖️ Computing uniqueness weights for 9018 events... INFO
2025-12-14 13:21:03,909 - System.tprint - INFO - ℹ️ ⚖️ Computing uniqueness weights for 9018 events... INFO
[2025-12-14 13:21:03.920] ✅ Uniqueness weights computed. Mean: 1.0000, Min: 0.4373, Max: 1.3119 SUCCESS
2025-12-14 13:21:03,920 - System.tprint - INFO - ℹ️ ✅ Uniqueness weights computed. Mean: 1.0000, Min: 0.4373, Max: 1.3119 SUCCESS
[I 2025-12-14 13:21:04,572] Trial 2315 finished with value: -0.007527227689001221 and parameters: {'trail_distance_atr_mult': 1.0361233014907907}. Best is trial 126 with value: -0.000363295272717509.
[2025-12-14 13:21:05.794] ⚖️ Computing uniqueness weights for 9018 events... INFO
2025-12-14 13:21:05,794 - System.tprint - INFO - ℹ️ ⚖️ Computing uniqueness weights for 9018 events... INFO
[2025-12-14 13:21:05.804] ✅ Uniqueness weights computed. Mean: 1.0000, Min: 0.4372, Max: 1.3117 SUCCESS
2025-12-14 13:21:05,804 - System.tprint - INFO - ℹ️ ✅ Uniqueness weights computed. Mean: 1.0000, Min: 0.4372, Max: 1.3117 SUCCESS
[I 2025-12-14 13:21:06,441] Trial 2316 finished with value: -0.007546852514577222 and parameters: {'trail_distance_atr_mult': 0.630107161459171}. Best is trial 126 with value: -0.000363295272717509.
[2025-12-14 13:21:07.634] ⚖️ Computing uniqueness weights for 9018 events... INFO
2025-12-14 13:21:07,635 - System.tprint - INFO - ℹ️ ⚖️ Computing uniqueness weights for 9018 events... INFO
[2025-12-14 13:21:07.645] ✅ Uniqueness weights computed. Mean: 1.0000, Min: 0.4374, Max: 1.3122 SUCCESS
2025-12-14 13:21:07,645 - System.tprint - INFO - ℹ️ ✅ Uniqueness weights computed. Mean: 1.0000, Min: 0.4374, Max: 1.3122 SUCCESS
[I 2025-12-14 13:21:08,437] Trial 2317 finished with value: -0.003015696239303566 and parameters: {'trail_distance_atr_mult': 1.2047685971031006}. Best is trial 126 with value: -0.000363295272717509.
[2025-12-14 13:21:09.804] ⚖️ Computing uniqueness weights for 9018 events... INFO
2025-12-14 13:21:09,805 - System.tprint - INFO - ℹ️ ⚖️ Computing uniqueness weights for 9018 events... INFO
[2025-12-14 13:21:09.816] ✅ Uniqueness weights computed. Mean: 1.0000, Min: 0.4373, Max: 1.3118 SUCCESS
2025-12-14 13:21:09,816 - System.tprint - INFO - ℹ️ ✅ Uniqueness weights computed. Mean: 1.0000, Min: 0.4373, Max: 1.3118 SUCCESS
[I 2025-12-14 13:21:10,933] Trial 2318 finished with value: -0.006804544913840275 and parameters: {'trail_distance_atr_mult': 0.8438508666879206}. Best is trial 126 with value: -0.000363295272717509.
[2025-12-14 13:21:12.837] ⚖️ Computing uniqueness weights for 9018 events... INFO
2025-12-14 13:21:12,837 - System.tprint - INFO - ℹ️ ⚖️ Computing uniqueness weights for 9018 events... INFO
[2025-12-14 13:21:12.853] ✅ Uniqueness weights computed. Mean: 1.0000, Min: 0.4373, Max: 1.3119 SUCCESS
2025-12-14 13:21:12,853 - System.tprint - INFO - ℹ️ ✅ Uniqueness weights computed. Mean: 1.0000, Min: 0.4373, Max: 1.3119 SUCCESS
[I 2025-12-14 13:21:13,699] Trial 2319 finished with value: -0.006751221842014937 and parameters: {'trail_distance_atr_mult': 0.9985129652153908}. Best is trial 126 with value: -0.000363295272717509.
[2025-12-14 13:21:14.910] ⚖️ Computing uniqueness weights for 9018 events... INFO
2025-12-14 13:21:14,910 - System.tprint - INFO - ℹ️ ⚖️ Computing uniqueness weights for 9018 events... INFO
[2025-12-14 13:21:14.920] ✅ Uniqueness weights computed. Mean: 1.0000, Min: 0.4375, Max: 1.3124 SUCCESS
2025-12-14 13:21:14,920 - System.tprint - INFO - ℹ️ ✅ Uniqueness weights computed. Mean: 1.0000, Min: 0.4375, Max: 1.3124 SUCCESS
[I 2025-12-14 13:21:15,793] Trial 2320 finished with value: -0.002995761133447046 and parameters: {'trail_distance_atr_mult': 1.35478143087184}. Best is trial 126 with value: -0.000363295272717509.
[2025-12-14 13:21:17.162] ⚖️ Computing uniqueness weights for 9018 events... INFO
2025-12-14 13:21:17,162 - System.tprint - INFO - ℹ️ ⚖️ Computing uniqueness weights for 9018 events... INFO
[2025-12-14 13:21:17.173] ✅ Uniqueness weights computed. Mean: 1.0000, Min: 0.4374, Max: 1.3121 SUCCESS
2025-12-14 13:21:17,173 - System.tprint - INFO - ℹ️ ✅ Uniqueness weights computed. Mean: 1.0000, Min: 0.4374, Max: 1.3121 SUCCESS
[I 2025-12-14 13:21:18,062] Trial 2321 finished with value: -0.0077023322930272345 and parameters: {'trail_distance_atr_mult': 1.1420988694586138}. Best is trial 126 with value: -0.000363295272717509.
[2025-12-14 13:21:19.461] ⚖️ Computing uniqueness weights for 9018 events... INFO
2025-12-14 13:21:19,461 - System.tprint - INFO - ℹ️ ⚖️ Computing uniqueness weights for 9018 events... INFO
[2025-12-14 13:21:19.472] ✅ Uniqueness weights computed. Mean: 1.0000, Min: 0.4372, Max: 1.3117 SUCCESS
2025-12-14 13:21:19,472 - System.tprint - INFO - ℹ️ ✅ Uniqueness weights computed. Mean: 1.0000, Min: 0.4372, Max: 1.3117 SUCCESS
[I 2025-12-14 13:21:20,390] Trial 2322 finished with value: -0.001556678231476249 and parameters: {'trail_distance_atr_mult': 0.7544138259010704}. Best is trial 126 with value: -0.000363295272717509.
[2025-12-14 13:21:21.771] ⚖️ Computing uniqueness weights for 9018 events... INFO
2025-12-14 13:21:21,771 - System.tprint - INFO - ℹ️ ⚖️ Computing uniqueness weights for 9018 events... INFO
[2025-12-14 13:21:21.782] ✅ Uniqueness weights computed. Mean: 1.0000, Min: 0.4373, Max: 1.3118 SUCCESS
2025-12-14 13:21:21,783 - System.tprint - INFO - ℹ️ ✅ Uniqueness weights computed. Mean: 1.0000, Min: 0.4373, Max: 1.3118 SUCCESS
[I 2025-12-14 13:21:22,692] Trial 2323 finished with value: -0.006778409231971971 and parameters: {'trail_distance_atr_mult': 0.94274350716538}. Best is trial 126 with value: -0.000363295272717509.
[2025-12-14 13:21:24.074] ⚖️ Computing uniqueness weights for 9018 events... INFO
2025-12-14 13:21:24,075 - System.tprint - INFO - ℹ️ ⚖️ Computing uniqueness weights for 9018 events... INFO
[2025-12-14 13:21:24.085] ✅ Uniqueness weights computed. Mean: 1.0000, Min: 0.4374, Max: 1.3121 SUCCESS
2025-12-14 13:21:24,085 - System.tprint - INFO - ℹ️ ✅ Uniqueness weights computed. Mean: 1.0000, Min: 0.4374, Max: 1.3121 SUCCESS
[I 2025-12-14 13:21:24,972] Trial 2324 finished with value: -0.0012531700528219656 and parameters: {'trail_distance_atr_mult': 1.1855265897917266}. Best is trial 126 with value: -0.000363295272717509.
[2025-12-14 13:21:26.353] ⚖️ Computing uniqueness weights for 9018 events... INFO
2025-12-14 13:21:26,354 - System.tprint - INFO - ℹ️ ⚖️ Computing uniqueness weights for 9018 events... INFO
[2025-12-14 13:21:26.363] ✅ Uniqueness weights computed. Mean: 1.0000, Min: 0.4373, Max: 1.3118 SUCCESS
2025-12-14 13:21:26,363 - System.tprint - INFO - ℹ️ ✅ Uniqueness weights computed. Mean: 1.0000, Min: 0.4373, Max: 1.3118 SUCCESS
[I 2025-12-14 13:21:27,027] Trial 2325 finished with value: -0.006734834922699557 and parameters: {'trail_distance_atr_mult': 0.8614727248897107}. Best is trial 126 with value: -0.000363295272717509.
[2025-12-14 13:21:28.235] ⚖️ Computing uniqueness weights for 9018 events... INFO
2025-12-14 13:21:28,235 - System.tprint - INFO - ℹ️ ⚖️ Computing uniqueness weights for 9018 events... INFO
[2025-12-14 13:21:28.247] ✅ Uniqueness weights computed. Mean: 1.0000, Min: 0.4373, Max: 1.3119 SUCCESS
2025-12-14 13:21:28,247 - System.tprint - INFO - ℹ️ ✅ Uniqueness weights computed. Mean: 1.0000, Min: 0.4373, Max: 1.3119 SUCCESS
[I 2025-12-14 13:21:28,922] Trial 2326 finished with value: -0.007527243631478487 and parameters: {'trail_distance_atr_mult': 1.052440895132344}. Best is trial 126 with value: -0.000363295272717509.
[2025-12-14 13:21:30.129] ⚖️ Computing uniqueness weights for 9018 events... INFO
2025-12-14 13:21:30,129 - System.tprint - INFO - ℹ️ ⚖️ Computing uniqueness weights for 9018 events... INFO
[2025-12-14 13:21:30.138] ✅ Uniqueness weights computed. Mean: 1.0000, Min: 0.4375, Max: 1.3124 SUCCESS
2025-12-14 13:21:30,138 - System.tprint - INFO - ℹ️ ✅ Uniqueness weights computed. Mean: 1.0000, Min: 0.4375, Max: 1.3124 SUCCESS
[I 2025-12-14 13:21:30,777] Trial 2327 finished with value: -0.0032373544883714006 and parameters: {'trail_distance_atr_mult': 1.316541928460305}. Best is trial 126 with value: -0.000363295272717509.
[2025-12-14 13:21:31.984] ⚖️ Computing uniqueness weights for 9018 events... INFO
2025-12-14 13:21:31,984 - System.tprint - INFO - ℹ️ ⚖️ Computing uniqueness weights for 9018 events... INFO
[2025-12-14 13:21:31.994] ✅ Uniqueness weights computed. Mean: 1.0000, Min: 0.4372, Max: 1.3117 SUCCESS
2025-12-14 13:21:31,994 - System.tprint - INFO - ℹ️ ✅ Uniqueness weights computed. Mean: 1.0000, Min: 0.4372, Max: 1.3117 SUCCESS
[I 2025-12-14 13:21:32,633] Trial 2328 finished with value: -0.007479331783459741 and parameters: {'trail_distance_atr_mult': 0.675613384270067}. Best is trial 126 with value: -0.000363295272717509.
[2025-12-14 13:21:33.828] ⚖️ Computing uniqueness weights for 9018 events... INFO
2025-12-14 13:21:33,828 - System.tprint - INFO - ℹ️ ⚖️ Computing uniqueness weights for 9018 events... INFO
[2025-12-14 13:21:33.838] ✅ Uniqueness weights computed. Mean: 1.0000, Min: 0.4373, Max: 1.3119 SUCCESS
2025-12-14 13:21:33,838 - System.tprint - INFO - ℹ️ ✅ Uniqueness weights computed. Mean: 1.0000, Min: 0.4373, Max: 1.3119 SUCCESS
[I 2025-12-14 13:21:34,475] Trial 2329 finished with value: -0.007527230458327872 and parameters: {'trail_distance_atr_mult': 1.0416185575173382}. Best is trial 126 with value: -0.000363295272717509.
[2025-12-14 13:21:35.642] ⚖️ Computing uniqueness weights for 9018 events... INFO
2025-12-14 13:21:35,642 - System.tprint - INFO - ℹ️ ⚖️ Computing uniqueness weights for 9018 events... INFO
[2025-12-14 13:21:35.651] ✅ Uniqueness weights computed. Mean: 1.0000, Min: 0.4373, Max: 1.3118 SUCCESS
2025-12-14 13:21:35,651 - System.tprint - INFO - ℹ️ ✅ Uniqueness weights computed. Mean: 1.0000, Min: 0.4373, Max: 1.3118 SUCCESS
[I 2025-12-14 13:21:36,393] Trial 2330 finished with value: -0.0068045400007511825 and parameters: {'trail_distance_atr_mult': 0.8389097127345303}. Best is trial 126 with value: -0.000363295272717509.
[2025-12-14 13:21:37.966] ⚖️ Computing uniqueness weights for 9018 events... INFO
2025-12-14 13:21:37,967 - System.tprint - INFO - ℹ️ ⚖️ Computing uniqueness weights for 9018 events... INFO
[2025-12-14 13:21:37.983] ✅ Uniqueness weights computed. Mean: 1.0000, Min: 0.4379, Max: 1.3138 SUCCESS
2025-12-14 13:21:37,983 - System.tprint - INFO - ℹ️ ✅ Uniqueness weights computed. Mean: 1.0000, Min: 0.4379, Max: 1.3138 SUCCESS
[I 2025-12-14 13:21:39,021] Trial 2331 finished with value: -0.005899443757300407 and parameters: {'trail_distance_atr_mult': 2.1383286515453115}. Best is trial 126 with value: -0.000363295272717509.
[2025-12-14 13:21:40.785] ⚖️ Computing uniqueness weights for 9018 events... INFO
2025-12-14 13:21:40,785 - System.tprint - INFO - ℹ️ ⚖️ Computing uniqueness weights for 9018 events... INFO
[2025-12-14 13:21:40.794] ✅ Uniqueness weights computed. Mean: 1.0000, Min: 0.4374, Max: 1.3121 SUCCESS
2025-12-14 13:21:40,794 - System.tprint - INFO - ℹ️ ✅ Uniqueness weights computed. Mean: 1.0000, Min: 0.4374, Max: 1.3121 SUCCESS
[I 2025-12-14 13:21:41,434] Trial 2332 finished with value: -0.007094571033445084 and parameters: {'trail_distance_atr_mult': 1.1748327250216282}. Best is trial 126 with value: -0.000363295272717509.
[2025-12-14 13:21:42.801] ⚖️ Computing uniqueness weights for 9018 events... INFO
2025-12-14 13:21:42,801 - System.tprint - INFO - ℹ️ ⚖️ Computing uniqueness weights for 9018 events... INFO
[2025-12-14 13:21:42.812] ✅ Uniqueness weights computed. Mean: 1.0000, Min: 0.4372, Max: 1.3117 SUCCESS
2025-12-14 13:21:42,812 - System.tprint - INFO - ℹ️ ✅ Uniqueness weights computed. Mean: 1.0000, Min: 0.4372, Max: 1.3117 SUCCESS
[I 2025-12-14 13:21:43,705] Trial 2333 finished with value: -0.007321828937469562 and parameters: {'trail_distance_atr_mult': 0.5194190506401999}. Best is trial 126 with value: -0.000363295272717509.
[2025-12-14 13:21:45.094] ⚖️ Computing uniqueness weights for 9018 events... INFO
2025-12-14 13:21:45,095 - System.tprint - INFO - ℹ️ ⚖️ Computing uniqueness weights for 9018 events... INFO
[2025-12-14 13:21:45.106] ✅ Uniqueness weights computed. Mean: 1.0000, Min: 0.4373, Max: 1.3119 SUCCESS
2025-12-14 13:21:45,106 - System.tprint - INFO - ℹ️ ✅ Uniqueness weights computed. Mean: 1.0000, Min: 0.4373, Max: 1.3119 SUCCESS
[I 2025-12-14 13:21:45,990] Trial 2334 finished with value: -0.006751252529411625 and parameters: {'trail_distance_atr_mult': 1.0080459916298414}. Best is trial 126 with value: -0.000363295272717509.
[2025-12-14 13:21:47.454] ⚖️ Computing uniqueness weights for 9018 events... INFO
2025-12-14 13:21:47,454 - System.tprint - INFO - ℹ️ ⚖️ Computing uniqueness weights for 9018 events... INFO
[2025-12-14 13:21:47.466] ✅ Uniqueness weights computed. Mean: 1.0000, Min: 0.4374, Max: 1.3122 SUCCESS
2025-12-14 13:21:47,467 - System.tprint - INFO - ℹ️ ✅ Uniqueness weights computed. Mean: 1.0000, Min: 0.4374, Max: 1.3122 SUCCESS
[I 2025-12-14 13:21:48,360] Trial 2335 finished with value: -0.0030156951975586423 and parameters: {'trail_distance_atr_mult': 1.2053887555579341}. Best is trial 126 with value: -0.000363295272717509.
[2025-12-14 13:21:49.746] ⚖️ Computing uniqueness weights for 9018 events... INFO
2025-12-14 13:21:49,746 - System.tprint - INFO - ℹ️ ⚖️ Computing uniqueness weights for 9018 events... INFO
[2025-12-14 13:21:49.757] ✅ Uniqueness weights computed. Mean: 1.0000, Min: 0.4373, Max: 1.3118 SUCCESS
2025-12-14 13:21:49,757 - System.tprint - INFO - ℹ️ ✅ Uniqueness weights computed. Mean: 1.0000, Min: 0.4373, Max: 1.3118 SUCCESS
[I 2025-12-14 13:21:50,644] Trial 2336 finished with value: -0.006804538235636881 and parameters: {'trail_distance_atr_mult': 0.8377217798514895}. Best is trial 126 with value: -0.000363295272717509.
[2025-12-14 13:21:52.026] ⚖️ Computing uniqueness weights for 9018 events... INFO
2025-12-14 13:21:52,026 - System.tprint - INFO - ℹ️ ⚖️ Computing uniqueness weights for 9018 events... INFO
[2025-12-14 13:21:52.037] ✅ Uniqueness weights computed. Mean: 1.0000, Min: 0.4373, Max: 1.3119 SUCCESS
2025-12-14 13:21:52,037 - System.tprint - INFO - ℹ️ ✅ Uniqueness weights computed. Mean: 1.0000, Min: 0.4373, Max: 1.3119 SUCCESS
[I 2025-12-14 13:21:52,920] Trial 2337 finished with value: -0.0075272419041705245 and parameters: {'trail_distance_atr_mult': 1.0510317458545404}. Best is trial 126 with value: -0.000363295272717509.
[2025-12-14 13:21:54.502] ⚖️ Computing uniqueness weights for 9018 events... INFO
2025-12-14 13:21:54,502 - System.tprint - INFO - ℹ️ ⚖️ Computing uniqueness weights for 9018 events... INFO
[2025-12-14 13:21:54.514] ✅ Uniqueness weights computed. Mean: 1.0000, Min: 0.4375, Max: 1.3124 SUCCESS
2025-12-14 13:21:54,514 - System.tprint - INFO - ℹ️ ✅ Uniqueness weights computed. Mean: 1.0000, Min: 0.4375, Max: 1.3124 SUCCESS
[I 2025-12-14 13:21:57,629] Trial 2338 finished with value: -0.003237369552608081 and parameters: {'trail_distance_atr_mult': 1.3334504323421685}. Best is trial 126 with value: -0.000363295272717509.
[2025-12-14 13:22:01.325] ⚖️ Computing uniqueness weights for 9018 events... INFO
2025-12-14 13:22:01,326 - System.tprint - INFO - ℹ️ ⚖️ Computing uniqueness weights for 9018 events... INFO
[2025-12-14 13:22:01.345] ✅ Uniqueness weights computed. Mean: 1.0000, Min: 0.4373, Max: 1.3118 SUCCESS
2025-12-14 13:22:01,345 - System.tprint - INFO - ℹ️ ✅ Uniqueness weights computed. Mean: 1.0000, Min: 0.4373, Max: 1.3118 SUCCESS
[I 2025-12-14 13:22:02,537] Trial 2339 finished with value: -0.006758391412138654 and parameters: {'trail_distance_atr_mult': 0.9766985928074637}. Best is trial 126 with value: -0.000363295272717509.
[2025-12-14 13:22:03.826] ⚖️ Computing uniqueness weights for 9018 events... INFO
2025-12-14 13:22:03,826 - System.tprint - INFO - ℹ️ ⚖️ Computing uniqueness weights for 9018 events... INFO
[2025-12-14 13:22:03.843] ✅ Uniqueness weights computed. Mean: 1.0000, Min: 0.4372, Max: 1.3117 SUCCESS
2025-12-14 13:22:03,843 - System.tprint - INFO - ℹ️ ✅ Uniqueness weights computed. Mean: 1.0000, Min: 0.4372, Max: 1.3117 SUCCESS
[I 2025-12-14 13:22:04,958] Trial 2340 finished with value: -0.007479331783459741 and parameters: {'trail_distance_atr_mult': 0.6688642432480927}. Best is trial 126 with value: -0.000363295272717509.
[2025-12-14 13:22:06.518] ⚖️ Computing uniqueness weights for 9018 events... INFO
2025-12-14 13:22:06,518 - System.tprint - INFO - ℹ️ ⚖️ Computing uniqueness weights for 9018 events... INFO
[2025-12-14 13:22:06.539] ✅ Uniqueness weights computed. Mean: 1.0000, Min: 0.4374, Max: 1.3122 SUCCESS
2025-12-14 13:22:06,539 - System.tprint - INFO - ℹ️ ✅ Uniqueness weights computed. Mean: 1.0000, Min: 0.4374, Max: 1.3122 SUCCESS
[I 2025-12-14 13:22:07,535] Trial 2341 finished with value: -0.0030156976749635992 and parameters: {'trail_distance_atr_mult': 1.203915777017067}. Best is trial 126 with value: -0.000363295272717509.
[2025-12-14 13:22:09.163] ⚖️ Computing uniqueness weights for 9018 events... INFO
2025-12-14 13:22:09,164 - System.tprint - INFO - ℹ️ ⚖️ Computing uniqueness weights for 9018 events... INFO
[2025-12-14 13:22:09.173] ✅ Uniqueness weights computed. Mean: 1.0000, Min: 0.4373, Max: 1.3118 SUCCESS
2025-12-14 13:22:09,174 - System.tprint - INFO - ℹ️ ✅ Uniqueness weights computed. Mean: 1.0000, Min: 0.4373, Max: 1.3118 SUCCESS
[I 2025-12-14 13:22:10,300] Trial 2342 finished with value: -0.006654652023223632 and parameters: {'trail_distance_atr_mult': 0.823467437029268}. Best is trial 126 with value: -0.000363295272717509.
[2025-12-14 13:22:14.414] ⚖️ Computing uniqueness weights for 9018 events... INFO
2025-12-14 13:22:14,415 - System.tprint - INFO - ℹ️ ⚖️ Computing uniqueness weights for 9018 events... INFO
[2025-12-14 13:22:14.431] ✅ Uniqueness weights computed. Mean: 1.0000, Min: 0.4373, Max: 1.3120 SUCCESS
2025-12-14 13:22:14,431 - System.tprint - INFO - ℹ️ ✅ Uniqueness weights computed. Mean: 1.0000, Min: 0.4373, Max: 1.3120 SUCCESS
[I 2025-12-14 13:22:15,705] Trial 2343 finished with value: -0.007527255264019066 and parameters: {'trail_distance_atr_mult': 1.0621550519776244}. Best is trial 126 with value: -0.000363295272717509.
[2025-12-14 13:22:18.363] ⚖️ Computing uniqueness weights for 9018 events... INFO
2025-12-14 13:22:18,364 - System.tprint - INFO - ℹ️ ⚖️ Computing uniqueness weights for 9018 events... INFO
[2025-12-14 13:22:18.377] ✅ Uniqueness weights computed. Mean: 1.0000, Min: 0.4374, Max: 1.3121 SUCCESS
2025-12-14 13:22:18,377 - System.tprint - INFO - ℹ️ ✅ Uniqueness weights computed. Mean: 1.0000, Min: 0.4374, Max: 1.3121 SUCCESS
