[I 2025-12-14 12:41:44,785] Trial 1154 finished with value: -0.0016006570228188563 and parameters: {'trail_distance_atr_mult': 1.0834337775339238}. Best is trial 126 with value: -0.000363295272717509.
[2025-12-14 12:41:45.973] ⚖️ Computing uniqueness weights for 9018 events... INFO
2025-12-14 12:41:45,973 - System.tprint - INFO - ℹ️ ⚖️ Computing uniqueness weights for 9018 events... INFO
[2025-12-14 12:41:45.982] ✅ Uniqueness weights computed. Mean: 1.0000, Min: 0.4373, Max: 1.3118 SUCCESS
2025-12-14 12:41:45,982 - System.tprint - INFO - ℹ️ ✅ Uniqueness weights computed. Mean: 1.0000, Min: 0.4373, Max: 1.3118 SUCCESS
[I 2025-12-14 12:41:46,680] Trial 1155 finished with value: -0.0067211365698891315 and parameters: {'trail_distance_atr_mult': 0.8986243204378983}. Best is trial 126 with value: -0.000363295272717509.
[2025-12-14 12:41:47.872] ⚖️ Computing uniqueness weights for 9018 events... INFO
2025-12-14 12:41:47,873 - System.tprint - INFO - ℹ️ ⚖️ Computing uniqueness weights for 9018 events... INFO
[2025-12-14 12:41:47.882] ✅ Uniqueness weights computed. Mean: 1.0000, Min: 0.4373, Max: 1.3118 SUCCESS
2025-12-14 12:41:47,882 - System.tprint - INFO - ℹ️ ✅ Uniqueness weights computed. Mean: 1.0000, Min: 0.4373, Max: 1.3118 SUCCESS
[I 2025-12-14 12:41:48,635] Trial 1156 finished with value: -0.006681092015584684 and parameters: {'trail_distance_atr_mult': 0.8856409157186442}. Best is trial 126 with value: -0.000363295272717509.
[2025-12-14 12:41:49.826] ⚖️ Computing uniqueness weights for 9018 events... INFO
2025-12-14 12:41:49,826 - System.tprint - INFO - ℹ️ ⚖️ Computing uniqueness weights for 9018 events... INFO
[2025-12-14 12:41:49.836] ✅ Uniqueness weights computed. Mean: 1.0000, Min: 0.4373, Max: 1.3120 SUCCESS
2025-12-14 12:41:49,836 - System.tprint - INFO - ℹ️ ✅ Uniqueness weights computed. Mean: 1.0000, Min: 0.4373, Max: 1.3120 SUCCESS
[I 2025-12-14 12:41:50,608] Trial 1157 finished with value: -0.0015839331560029042 and parameters: {'trail_distance_atr_mult': 1.0853843731593982}. Best is trial 126 with value: -0.000363295272717509.
[2025-12-14 12:41:51.917] ⚖️ Computing uniqueness weights for 9018 events... INFO
2025-12-14 12:41:51,918 - System.tprint - INFO - ℹ️ ⚖️ Computing uniqueness weights for 9018 events... INFO
[2025-12-14 12:41:51.933] ✅ Uniqueness weights computed. Mean: 1.0000, Min: 0.4373, Max: 1.3118 SUCCESS
2025-12-14 12:41:51,934 - System.tprint - INFO - ℹ️ ✅ Uniqueness weights computed. Mean: 1.0000, Min: 0.4373, Max: 1.3118 SUCCESS
[I 2025-12-14 12:41:52,827] Trial 1158 finished with value: -0.006721155871191879 and parameters: {'trail_distance_atr_mult': 0.899411005028391}. Best is trial 126 with value: -0.000363295272717509.
[2025-12-14 12:41:54.124] ⚖️ Computing uniqueness weights for 9018 events... INFO
2025-12-14 12:41:54,124 - System.tprint - INFO - ℹ️ ⚖️ Computing uniqueness weights for 9018 events... INFO
[2025-12-14 12:41:54.138] ✅ Uniqueness weights computed. Mean: 1.0000, Min: 0.4373, Max: 1.3119 SUCCESS
2025-12-14 12:41:54,139 - System.tprint - INFO - ℹ️ ✅ Uniqueness weights computed. Mean: 1.0000, Min: 0.4373, Max: 1.3119 SUCCESS
[I 2025-12-14 12:41:55,611] Trial 1159 finished with value: -0.007527228966204102 and parameters: {'trail_distance_atr_mult': 1.040383676187907}. Best is trial 126 with value: -0.000363295272717509.
[2025-12-14 12:41:57.302] ⚖️ Computing uniqueness weights for 9018 events... INFO
2025-12-14 12:41:57,303 - System.tprint - INFO - ℹ️ ⚖️ Computing uniqueness weights for 9018 events... INFO
[2025-12-14 12:41:57.318] ✅ Uniqueness weights computed. Mean: 1.0000, Min: 0.4373, Max: 1.3120 SUCCESS
2025-12-14 12:41:57,318 - System.tprint - INFO - ℹ️ ✅ Uniqueness weights computed. Mean: 1.0000, Min: 0.4373, Max: 1.3120 SUCCESS
[I 2025-12-14 12:41:58,421] Trial 1160 finished with value: -0.0075272591099617816 and parameters: {'trail_distance_atr_mult': 1.0652312935374169}. Best is trial 126 with value: -0.000363295272717509.
[2025-12-14 12:42:01.032] ⚖️ Computing uniqueness weights for 9018 events... INFO
2025-12-14 12:42:01,032 - System.tprint - INFO - ℹ️ ⚖️ Computing uniqueness weights for 9018 events... INFO
[2025-12-14 12:42:01.047] ✅ Uniqueness weights computed. Mean: 1.0000, Min: 0.4373, Max: 1.3120 SUCCESS
2025-12-14 12:42:01,047 - System.tprint - INFO - ℹ️ ✅ Uniqueness weights computed. Mean: 1.0000, Min: 0.4373, Max: 1.3120 SUCCESS
[I 2025-12-14 12:42:02,418] Trial 1161 finished with value: -0.007527254891558722 and parameters: {'trail_distance_atr_mult': 1.0617400534913979}. Best is trial 126 with value: -0.000363295272717509.
[2025-12-14 12:42:04.545] ⚖️ Computing uniqueness weights for 9018 events... INFO
2025-12-14 12:42:04,546 - System.tprint - INFO - ℹ️ ⚖️ Computing uniqueness weights for 9018 events... INFO
[2025-12-14 12:42:04.556] ✅ Uniqueness weights computed. Mean: 1.0000, Min: 0.4373, Max: 1.3120 SUCCESS
2025-12-14 12:42:04,557 - System.tprint - INFO - ℹ️ ✅ Uniqueness weights computed. Mean: 1.0000, Min: 0.4373, Max: 1.3120 SUCCESS
[I 2025-12-14 12:42:05,781] Trial 1162 finished with value: -0.007527264149698506 and parameters: {'trail_distance_atr_mult': 1.0694471609322718}. Best is trial 126 with value: -0.000363295272717509.
[2025-12-14 12:42:08.244] ⚖️ Computing uniqueness weights for 9018 events... INFO
2025-12-14 12:42:08,245 - System.tprint - INFO - ℹ️ ⚖️ Computing uniqueness weights for 9018 events... INFO
[2025-12-14 12:42:08.258] ✅ Uniqueness weights computed. Mean: 1.0000, Min: 0.4373, Max: 1.3120 SUCCESS
2025-12-14 12:42:08,258 - System.tprint - INFO - ℹ️ ✅ Uniqueness weights computed. Mean: 1.0000, Min: 0.4373, Max: 1.3120 SUCCESS
[I 2025-12-14 12:42:09,212] Trial 1163 finished with value: -0.007658105279456057 and parameters: {'trail_distance_atr_mult': 1.1047893624776655}. Best is trial 126 with value: -0.000363295272717509.
[2025-12-14 12:42:10.677] ⚖️ Computing uniqueness weights for 9018 events... INFO
2025-12-14 12:42:10,678 - System.tprint - INFO - ℹ️ ⚖️ Computing uniqueness weights for 9018 events... INFO
[2025-12-14 12:42:10.689] ✅ Uniqueness weights computed. Mean: 1.0000, Min: 0.4373, Max: 1.3120 SUCCESS
2025-12-14 12:42:10,689 - System.tprint - INFO - ℹ️ ✅ Uniqueness weights computed. Mean: 1.0000, Min: 0.4373, Max: 1.3120 SUCCESS
[I 2025-12-14 12:42:11,404] Trial 1164 finished with value: -0.0008138621398049795 and parameters: {'trail_distance_atr_mult': 1.0868575424187745}. Best is trial 126 with value: -0.000363295272717509.
[2025-12-14 12:42:12.649] ⚖️ Computing uniqueness weights for 9018 events... INFO
2025-12-14 12:42:12,649 - System.tprint - INFO - ℹ️ ⚖️ Computing uniqueness weights for 9018 events... INFO
[2025-12-14 12:42:12.660] ✅ Uniqueness weights computed. Mean: 1.0000, Min: 0.4373, Max: 1.3118 SUCCESS
2025-12-14 12:42:12,660 - System.tprint - INFO - ℹ️ ✅ Uniqueness weights computed. Mean: 1.0000, Min: 0.4373, Max: 1.3118 SUCCESS
[I 2025-12-14 12:42:13,402] Trial 1165 finished with value: -0.0067348442042986295 and parameters: {'trail_distance_atr_mult': 0.8581253557860594}. Best is trial 126 with value: -0.000363295272717509.
[2025-12-14 12:42:14.898] ⚖️ Computing uniqueness weights for 9018 events... INFO
2025-12-14 12:42:14,899 - System.tprint - INFO - ℹ️ ⚖️ Computing uniqueness weights for 9018 events... INFO
[2025-12-14 12:42:14.911] ✅ Uniqueness weights computed. Mean: 1.0000, Min: 0.4373, Max: 1.3119 SUCCESS
2025-12-14 12:42:14,912 - System.tprint - INFO - ℹ️ ✅ Uniqueness weights computed. Mean: 1.0000, Min: 0.4373, Max: 1.3119 SUCCESS
[I 2025-12-14 12:42:15,933] Trial 1166 finished with value: -0.007527238406461228 and parameters: {'trail_distance_atr_mult': 1.0481429442166372}. Best is trial 126 with value: -0.000363295272717509.
[2025-12-14 12:42:17.446] ⚖️ Computing uniqueness weights for 9018 events... INFO
2025-12-14 12:42:17,447 - System.tprint - INFO - ℹ️ ⚖️ Computing uniqueness weights for 9018 events... INFO
[2025-12-14 12:42:17.456] ✅ Uniqueness weights computed. Mean: 1.0000, Min: 0.4373, Max: 1.3120 SUCCESS
2025-12-14 12:42:17,457 - System.tprint - INFO - ℹ️ ✅ Uniqueness weights computed. Mean: 1.0000, Min: 0.4373, Max: 1.3120 SUCCESS
[I 2025-12-14 12:42:18,111] Trial 1167 finished with value: -0.007658091259163751 and parameters: {'trail_distance_atr_mult': 1.1130163239113293}. Best is trial 126 with value: -0.000363295272717509.
[2025-12-14 12:42:19.298] ⚖️ Computing uniqueness weights for 9018 events... INFO
2025-12-14 12:42:19,298 - System.tprint - INFO - ℹ️ ⚖️ Computing uniqueness weights for 9018 events... INFO
[2025-12-14 12:42:19.307] ✅ Uniqueness weights computed. Mean: 1.0000, Min: 0.4372, Max: 1.3117 SUCCESS
2025-12-14 12:42:19,307 - System.tprint - INFO - ℹ️ ✅ Uniqueness weights computed. Mean: 1.0000, Min: 0.4372, Max: 1.3117 SUCCESS
[I 2025-12-14 12:42:19,986] Trial 1168 finished with value: -0.007321828937469562 and parameters: {'trail_distance_atr_mult': 0.5343747755444793}. Best is trial 126 with value: -0.000363295272717509.
[2025-12-14 12:42:21.395] ⚖️ Computing uniqueness weights for 9018 events... INFO
2025-12-14 12:42:21,395 - System.tprint - INFO - ℹ️ ⚖️ Computing uniqueness weights for 9018 events... INFO
[2025-12-14 12:42:21.410] ✅ Uniqueness weights computed. Mean: 1.0000, Min: 0.4373, Max: 1.3120 SUCCESS
2025-12-14 12:42:21,410 - System.tprint - INFO - ℹ️ ✅ Uniqueness weights computed. Mean: 1.0000, Min: 0.4373, Max: 1.3120 SUCCESS
[I 2025-12-14 12:42:22,201] Trial 1169 finished with value: -0.0008138620713663581 and parameters: {'trail_distance_atr_mult': 1.0876843741198572}. Best is trial 126 with value: -0.000363295272717509.
[2025-12-14 12:42:23.421] ⚖️ Computing uniqueness weights for 9018 events... INFO
2025-12-14 12:42:23,421 - System.tprint - INFO - ℹ️ ⚖️ Computing uniqueness weights for 9018 events... INFO
[2025-12-14 12:42:23.430] ✅ Uniqueness weights computed. Mean: 1.0000, Min: 0.4373, Max: 1.3118 SUCCESS
2025-12-14 12:42:23,430 - System.tprint - INFO - ℹ️ ✅ Uniqueness weights computed. Mean: 1.0000, Min: 0.4373, Max: 1.3118 SUCCESS
[I 2025-12-14 12:42:24,117] Trial 1170 finished with value: -0.006681134711773385 and parameters: {'trail_distance_atr_mult': 0.8721441834185631}. Best is trial 126 with value: -0.000363295272717509.
[2025-12-14 12:42:25.776] ⚖️ Computing uniqueness weights for 9018 events... INFO
2025-12-14 12:42:25,776 - System.tprint - INFO - ℹ️ ⚖️ Computing uniqueness weights for 9018 events... INFO
[2025-12-14 12:42:25.785] ✅ Uniqueness weights computed. Mean: 1.0000, Min: 0.4373, Max: 1.3118 SUCCESS
2025-12-14 12:42:25,786 - System.tprint - INFO - ℹ️ ✅ Uniqueness weights computed. Mean: 1.0000, Min: 0.4373, Max: 1.3118 SUCCESS
[I 2025-12-14 12:42:26,637] Trial 1171 finished with value: -0.006888955373531035 and parameters: {'trail_distance_atr_mult': 0.9200222548765062}. Best is trial 126 with value: -0.000363295272717509.
[2025-12-14 12:42:27.959] ⚖️ Computing uniqueness weights for 9018 events... INFO
2025-12-14 12:42:27,959 - System.tprint - INFO - ℹ️ ⚖️ Computing uniqueness weights for 9018 events... INFO
[2025-12-14 12:42:27.969] ✅ Uniqueness weights computed. Mean: 1.0000, Min: 0.4384, Max: 1.3152 SUCCESS
2025-12-14 12:42:27,969 - System.tprint - INFO - ℹ️ ✅ Uniqueness weights computed. Mean: 1.0000, Min: 0.4384, Max: 1.3152 SUCCESS
[I 2025-12-14 12:42:28,666] Trial 1172 finished with value: -0.009464842805621963 and parameters: {'trail_distance_atr_mult': 2.753427726490531}. Best is trial 126 with value: -0.000363295272717509.
[2025-12-14 12:42:29.877] ⚖️ Computing uniqueness weights for 9018 events... INFO
2025-12-14 12:42:29,877 - System.tprint - INFO - ℹ️ ⚖️ Computing uniqueness weights for 9018 events... INFO
[2025-12-14 12:42:29.887] ✅ Uniqueness weights computed. Mean: 1.0000, Min: 0.4373, Max: 1.3120 SUCCESS
2025-12-14 12:42:29,888 - System.tprint - INFO - ℹ️ ✅ Uniqueness weights computed. Mean: 1.0000, Min: 0.4373, Max: 1.3120 SUCCESS
[I 2025-12-14 12:42:30,830] Trial 1173 finished with value: -0.007582018310372407 and parameters: {'trail_distance_atr_mult': 1.0799897383682349}. Best is trial 126 with value: -0.000363295272717509.
[2025-12-14 12:42:32.066] ⚖️ Computing uniqueness weights for 9018 events... INFO
2025-12-14 12:42:32,066 - System.tprint - INFO - ℹ️ ⚖️ Computing uniqueness weights for 9018 events... INFO
[2025-12-14 12:42:32.077] ✅ Uniqueness weights computed. Mean: 1.0000, Min: 0.4373, Max: 1.3120 SUCCESS
2025-12-14 12:42:32,077 - System.tprint - INFO - ℹ️ ✅ Uniqueness weights computed. Mean: 1.0000, Min: 0.4373, Max: 1.3120 SUCCESS
[I 2025-12-14 12:42:32,906] Trial 1174 finished with value: -0.0008138612273205601 and parameters: {'trail_distance_atr_mult': 1.099473863973648}. Best is trial 126 with value: -0.000363295272717509.
[2025-12-14 12:42:34.169] ⚖️ Computing uniqueness weights for 9018 events... INFO
2025-12-14 12:42:34,169 - System.tprint - INFO - ℹ️ ⚖️ Computing uniqueness weights for 9018 events... INFO
[2025-12-14 12:42:34.181] ✅ Uniqueness weights computed. Mean: 1.0000, Min: 0.4373, Max: 1.3118 SUCCESS
2025-12-14 12:42:34,181 - System.tprint - INFO - ℹ️ ✅ Uniqueness weights computed. Mean: 1.0000, Min: 0.4373, Max: 1.3118 SUCCESS
[I 2025-12-14 12:42:35,012] Trial 1175 finished with value: -0.006778413121946662 and parameters: {'trail_distance_atr_mult': 0.9450189585947497}. Best is trial 126 with value: -0.000363295272717509.
[2025-12-14 12:42:36.206] ⚖️ Computing uniqueness weights for 9018 events... INFO
2025-12-14 12:42:36,206 - System.tprint - INFO - ℹ️ ⚖️ Computing uniqueness weights for 9018 events... INFO
[2025-12-14 12:42:36.215] ✅ Uniqueness weights computed. Mean: 1.0000, Min: 0.4373, Max: 1.3119 SUCCESS
2025-12-14 12:42:36,215 - System.tprint - INFO - ℹ️ ✅ Uniqueness weights computed. Mean: 1.0000, Min: 0.4373, Max: 1.3119 SUCCESS
[I 2025-12-14 12:42:36,861] Trial 1176 finished with value: -0.0030846852399699963 and parameters: {'trail_distance_atr_mult': 1.0257443590647572}. Best is trial 126 with value: -0.000363295272717509.
[2025-12-14 12:42:38.040] ⚖️ Computing uniqueness weights for 9018 events... INFO
2025-12-14 12:42:38,040 - System.tprint - INFO - ℹ️ ⚖️ Computing uniqueness weights for 9018 events... INFO
[2025-12-14 12:42:38.050] ✅ Uniqueness weights computed. Mean: 1.0000, Min: 0.4373, Max: 1.3120 SUCCESS
2025-12-14 12:42:38,050 - System.tprint - INFO - ℹ️ ✅ Uniqueness weights computed. Mean: 1.0000, Min: 0.4373, Max: 1.3120 SUCCESS
[I 2025-12-14 12:42:38,704] Trial 1177 finished with value: -0.007582019577135407 and parameters: {'trail_distance_atr_mult': 1.0772337334324549}. Best is trial 126 with value: -0.000363295272717509.
[2025-12-14 12:42:40.284] ⚖️ Computing uniqueness weights for 9018 events... INFO
2025-12-14 12:42:40,285 - System.tprint - INFO - ℹ️ ⚖️ Computing uniqueness weights for 9018 events... INFO
[2025-12-14 12:42:40.295] ✅ Uniqueness weights computed. Mean: 1.0000, Min: 0.4373, Max: 1.3118 SUCCESS
2025-12-14 12:42:40,295 - System.tprint - INFO - ℹ️ ✅ Uniqueness weights computed. Mean: 1.0000, Min: 0.4373, Max: 1.3118 SUCCESS
[I 2025-12-14 12:42:40,953] Trial 1178 finished with value: -0.006681101860439503 and parameters: {'trail_distance_atr_mult': 0.8805839702983891}. Best is trial 126 with value: -0.000363295272717509.
[2025-12-14 12:42:42.170] ⚖️ Computing uniqueness weights for 9018 events... INFO
2025-12-14 12:42:42,170 - System.tprint - INFO - ℹ️ ⚖️ Computing uniqueness weights for 9018 events... INFO
[2025-12-14 12:42:42.180] ✅ Uniqueness weights computed. Mean: 1.0000, Min: 0.4373, Max: 1.3120 SUCCESS
2025-12-14 12:42:42,180 - System.tprint - INFO - ℹ️ ✅ Uniqueness weights computed. Mean: 1.0000, Min: 0.4373, Max: 1.3120 SUCCESS
[I 2025-12-14 12:42:42,842] Trial 1179 finished with value: -0.0008138621013629394 and parameters: {'trail_distance_atr_mult': 1.0873688514700366}. Best is trial 126 with value: -0.000363295272717509.
[2025-12-14 12:42:44.058] ⚖️ Computing uniqueness weights for 9018 events... INFO
2025-12-14 12:42:44,059 - System.tprint - INFO - ℹ️ ⚖️ Computing uniqueness weights for 9018 events... INFO
[2025-12-14 12:42:44.069] ✅ Uniqueness weights computed. Mean: 1.0000, Min: 0.4373, Max: 1.3120 SUCCESS
2025-12-14 12:42:44,070 - System.tprint - INFO - ℹ️ ✅ Uniqueness weights computed. Mean: 1.0000, Min: 0.4373, Max: 1.3120 SUCCESS
[I 2025-12-14 12:42:44,759] Trial 1180 finished with value: -0.007527260266628412 and parameters: {'trail_distance_atr_mult': 1.0662317575992912}. Best is trial 126 with value: -0.000363295272717509.
[2025-12-14 12:42:45.983] ⚖️ Computing uniqueness weights for 9018 events... INFO
2025-12-14 12:42:45,983 - System.tprint - INFO - ℹ️ ⚖️ Computing uniqueness weights for 9018 events... INFO
[2025-12-14 12:42:45.992] ✅ Uniqueness weights computed. Mean: 1.0000, Min: 0.4373, Max: 1.3120 SUCCESS
2025-12-14 12:42:45,992 - System.tprint - INFO - ℹ️ ✅ Uniqueness weights computed. Mean: 1.0000, Min: 0.4373, Max: 1.3120 SUCCESS
[I 2025-12-14 12:42:46,653] Trial 1181 finished with value: -0.007527267826544154 and parameters: {'trail_distance_atr_mult': 1.0752084183300086}. Best is trial 126 with value: -0.000363295272717509.
[2025-12-14 12:42:47.837] ⚖️ Computing uniqueness weights for 9018 events... INFO
2025-12-14 12:42:47,837 - System.tprint - INFO - ℹ️ ⚖️ Computing uniqueness weights for 9018 events... INFO
[2025-12-14 12:42:47.846] ✅ Uniqueness weights computed. Mean: 1.0000, Min: 0.4373, Max: 1.3120 SUCCESS
2025-12-14 12:42:47,846 - System.tprint - INFO - ℹ️ ✅ Uniqueness weights computed. Mean: 1.0000, Min: 0.4373, Max: 1.3120 SUCCESS
[I 2025-12-14 12:42:48,506] Trial 1182 finished with value: -0.0075272679979927004 and parameters: {'trail_distance_atr_mult': 1.0745678729646553}. Best is trial 126 with value: -0.000363295272717509.
[2025-12-14 12:42:49.709] ⚖️ Computing uniqueness weights for 9018 events... INFO
2025-12-14 12:42:49,709 - System.tprint - INFO - ℹ️ ⚖️ Computing uniqueness weights for 9018 events... INFO
[2025-12-14 12:42:49.718] ✅ Uniqueness weights computed. Mean: 1.0000, Min: 0.4373, Max: 1.3118 SUCCESS
2025-12-14 12:42:49,719 - System.tprint - INFO - ℹ️ ✅ Uniqueness weights computed. Mean: 1.0000, Min: 0.4373, Max: 1.3118 SUCCESS
[I 2025-12-14 12:42:50,411] Trial 1183 finished with value: -0.006654654045553364 and parameters: {'trail_distance_atr_mult': 0.8211230425085008}. Best is trial 126 with value: -0.000363295272717509.
[2025-12-14 12:42:51.602] ⚖️ Computing uniqueness weights for 9018 events... INFO
2025-12-14 12:42:51,602 - System.tprint - INFO - ℹ️ ⚖️ Computing uniqueness weights for 9018 events... INFO
[2025-12-14 12:42:51.613] ✅ Uniqueness weights computed. Mean: 1.0000, Min: 0.4373, Max: 1.3120 SUCCESS
2025-12-14 12:42:51,613 - System.tprint - INFO - ℹ️ ✅ Uniqueness weights computed. Mean: 1.0000, Min: 0.4373, Max: 1.3120 SUCCESS
[I 2025-12-14 12:42:52,308] Trial 1184 finished with value: -0.0076581058750533485 and parameters: {'trail_distance_atr_mult': 1.1044507620265402}. Best is trial 126 with value: -0.000363295272717509.
[2025-12-14 12:42:53.491] ⚖️ Computing uniqueness weights for 9018 events... INFO
2025-12-14 12:42:53,491 - System.tprint - INFO - ℹ️ ⚖️ Computing uniqueness weights for 9018 events... INFO
[2025-12-14 12:42:53.500] ✅ Uniqueness weights computed. Mean: 1.0000, Min: 0.4373, Max: 1.3120 SUCCESS
2025-12-14 12:42:53,501 - System.tprint - INFO - ℹ️ ✅ Uniqueness weights computed. Mean: 1.0000, Min: 0.4373, Max: 1.3120 SUCCESS
[I 2025-12-14 12:42:54,235] Trial 1185 finished with value: -0.007816488366525919 and parameters: {'trail_distance_atr_mult': 1.1279754357451466}. Best is trial 126 with value: -0.000363295272717509.
[2025-12-14 12:42:55.432] ⚖️ Computing uniqueness weights for 9018 events... INFO
2025-12-14 12:42:55,432 - System.tprint - INFO - ℹ️ ⚖️ Computing uniqueness weights for 9018 events... INFO
[2025-12-14 12:42:55.442] ✅ Uniqueness weights computed. Mean: 1.0000, Min: 0.4373, Max: 1.3120 SUCCESS
2025-12-14 12:42:55,442 - System.tprint - INFO - ℹ️ ✅ Uniqueness weights computed. Mean: 1.0000, Min: 0.4373, Max: 1.3120 SUCCESS
[I 2025-12-14 12:42:56,136] Trial 1186 finished with value: -0.0008138614874906793 and parameters: {'trail_distance_atr_mult': 1.0957217646299566}. Best is trial 126 with value: -0.000363295272717509.
[2025-12-14 12:42:57.330] ⚖️ Computing uniqueness weights for 9018 events... INFO
2025-12-14 12:42:57,330 - System.tprint - INFO - ℹ️ ⚖️ Computing uniqueness weights for 9018 events... INFO
[2025-12-14 12:42:57.339] ✅ Uniqueness weights computed. Mean: 1.0000, Min: 0.4373, Max: 1.3118 SUCCESS
2025-12-14 12:42:57,339 - System.tprint - INFO - ℹ️ ✅ Uniqueness weights computed. Mean: 1.0000, Min: 0.4373, Max: 1.3118 SUCCESS
[I 2025-12-14 12:42:57,993] Trial 1187 finished with value: -0.006734843248002189 and parameters: {'trail_distance_atr_mult': 0.858473994677441}. Best is trial 126 with value: -0.000363295272717509.
[2025-12-14 12:42:59.470] ⚖️ Computing uniqueness weights for 9018 events... INFO
2025-12-14 12:42:59,471 - System.tprint - INFO - ℹ️ ⚖️ Computing uniqueness weights for 9018 events... INFO
[2025-12-14 12:42:59.482] ✅ Uniqueness weights computed. Mean: 1.0000, Min: 0.4373, Max: 1.3118 SUCCESS
2025-12-14 12:42:59,482 - System.tprint - INFO - ℹ️ ✅ Uniqueness weights computed. Mean: 1.0000, Min: 0.4373, Max: 1.3118 SUCCESS
[I 2025-12-14 12:43:00,166] Trial 1188 finished with value: -0.006721251599160033 and parameters: {'trail_distance_atr_mult': 0.9108135088931144}. Best is trial 126 with value: -0.000363295272717509.
[2025-12-14 12:43:01.808] ⚖️ Computing uniqueness weights for 9018 events... INFO
2025-12-14 12:43:01,808 - System.tprint - INFO - ℹ️ ⚖️ Computing uniqueness weights for 9018 events... INFO
[2025-12-14 12:43:01.819] ✅ Uniqueness weights computed. Mean: 1.0000, Min: 0.4373, Max: 1.3120 SUCCESS
2025-12-14 12:43:01,819 - System.tprint - INFO - ℹ️ ✅ Uniqueness weights computed. Mean: 1.0000, Min: 0.4373, Max: 1.3120 SUCCESS
