[I 2025-12-14 13:18:37,848] Trial 2239 finished with value: -0.007321828937469562 and parameters: {'trail_distance_atr_mult': 0.5278437961999454}. Best is trial 126 with value: -0.000363295272717509.
[2025-12-14 13:18:39.066] ⚖️ Computing uniqueness weights for 9018 events... INFO
2025-12-14 13:18:39,066 - System.tprint - INFO - ℹ️ ⚖️ Computing uniqueness weights for 9018 events... INFO
[2025-12-14 13:18:39.076] ✅ Uniqueness weights computed. Mean: 1.0000, Min: 0.4373, Max: 1.3120 SUCCESS
2025-12-14 13:18:39,076 - System.tprint - INFO - ℹ️ ✅ Uniqueness weights computed. Mean: 1.0000, Min: 0.4373, Max: 1.3120 SUCCESS
[I 2025-12-14 13:18:39,709] Trial 2240 finished with value: -0.007527256220103338 and parameters: {'trail_distance_atr_mult': 1.0628850322206604}. Best is trial 126 with value: -0.000363295272717509.
[2025-12-14 13:18:40.920] ⚖️ Computing uniqueness weights for 9018 events... INFO
2025-12-14 13:18:40,920 - System.tprint - INFO - ℹ️ ⚖️ Computing uniqueness weights for 9018 events... INFO
[2025-12-14 13:18:40.930] ✅ Uniqueness weights computed. Mean: 1.0000, Min: 0.4375, Max: 1.3124 SUCCESS
2025-12-14 13:18:40,930 - System.tprint - INFO - ℹ️ ✅ Uniqueness weights computed. Mean: 1.0000, Min: 0.4375, Max: 1.3124 SUCCESS
[I 2025-12-14 13:18:41,565] Trial 2241 finished with value: -0.00323736860632156 and parameters: {'trail_distance_atr_mult': 1.3370262601783707}. Best is trial 126 with value: -0.000363295272717509.
[2025-12-14 13:18:42.790] ⚖️ Computing uniqueness weights for 9018 events... INFO
2025-12-14 13:18:42,790 - System.tprint - INFO - ℹ️ ⚖️ Computing uniqueness weights for 9018 events... INFO
[2025-12-14 13:18:42.801] ✅ Uniqueness weights computed. Mean: 1.0000, Min: 0.4372, Max: 1.3117 SUCCESS
2025-12-14 13:18:42,801 - System.tprint - INFO - ℹ️ ✅ Uniqueness weights computed. Mean: 1.0000, Min: 0.4372, Max: 1.3117 SUCCESS
[I 2025-12-14 13:18:43,436] Trial 2242 finished with value: -0.0075883566001872845 and parameters: {'trail_distance_atr_mult': 0.7397011613963501}. Best is trial 126 with value: -0.000363295272717509.
[2025-12-14 13:18:44.641] ⚖️ Computing uniqueness weights for 9018 events... INFO
2025-12-14 13:18:44,641 - System.tprint - INFO - ℹ️ ⚖️ Computing uniqueness weights for 9018 events... INFO
[2025-12-14 13:18:44.650] ✅ Uniqueness weights computed. Mean: 1.0000, Min: 0.4373, Max: 1.3118 SUCCESS
2025-12-14 13:18:44,651 - System.tprint - INFO - ℹ️ ✅ Uniqueness weights computed. Mean: 1.0000, Min: 0.4373, Max: 1.3118 SUCCESS
[I 2025-12-14 13:18:45,293] Trial 2243 finished with value: -0.006786271555502729 and parameters: {'trail_distance_atr_mult': 0.9800976953947684}. Best is trial 126 with value: -0.000363295272717509.
[2025-12-14 13:18:46.495] ⚖️ Computing uniqueness weights for 9018 events... INFO
2025-12-14 13:18:46,496 - System.tprint - INFO - ℹ️ ⚖️ Computing uniqueness weights for 9018 events... INFO
[2025-12-14 13:18:46.505] ✅ Uniqueness weights computed. Mean: 1.0000, Min: 0.4374, Max: 1.3121 SUCCESS
2025-12-14 13:18:46,505 - System.tprint - INFO - ℹ️ ✅ Uniqueness weights computed. Mean: 1.0000, Min: 0.4374, Max: 1.3121 SUCCESS
[I 2025-12-14 13:18:47,145] Trial 2244 finished with value: -0.0012531700317136795 and parameters: {'trail_distance_atr_mult': 1.1854444382632452}. Best is trial 126 with value: -0.000363295272717509.
[2025-12-14 13:18:48.345] ⚖️ Computing uniqueness weights for 9018 events... INFO
2025-12-14 13:18:48,345 - System.tprint - INFO - ℹ️ ⚖️ Computing uniqueness weights for 9018 events... INFO
[2025-12-14 13:18:48.355] ✅ Uniqueness weights computed. Mean: 1.0000, Min: 0.4373, Max: 1.3118 SUCCESS
2025-12-14 13:18:48,356 - System.tprint - INFO - ℹ️ ✅ Uniqueness weights computed. Mean: 1.0000, Min: 0.4373, Max: 1.3118 SUCCESS
[I 2025-12-14 13:18:48,991] Trial 2245 finished with value: -0.006888957413873359 and parameters: {'trail_distance_atr_mult': 0.9211892930436186}. Best is trial 126 with value: -0.000363295272717509.
[2025-12-14 13:18:50.187] ⚖️ Computing uniqueness weights for 9018 events... INFO
2025-12-14 13:18:50,187 - System.tprint - INFO - ℹ️ ⚖️ Computing uniqueness weights for 9018 events... INFO
[2025-12-14 13:18:50.196] ✅ Uniqueness weights computed. Mean: 1.0000, Min: 0.4374, Max: 1.3121 SUCCESS
2025-12-14 13:18:50,196 - System.tprint - INFO - ℹ️ ✅ Uniqueness weights computed. Mean: 1.0000, Min: 0.4374, Max: 1.3121 SUCCESS
[I 2025-12-14 13:18:50,877] Trial 2246 finished with value: -0.007094545760460405 and parameters: {'trail_distance_atr_mult': 1.1734837369444329}. Best is trial 126 with value: -0.000363295272717509.
[2025-12-14 13:18:52.102] ⚖️ Computing uniqueness weights for 9018 events... INFO
2025-12-14 13:18:52,103 - System.tprint - INFO - ℹ️ ⚖️ Computing uniqueness weights for 9018 events... INFO
[2025-12-14 13:18:52.112] ✅ Uniqueness weights computed. Mean: 1.0000, Min: 0.4372, Max: 1.3117 SUCCESS
2025-12-14 13:18:52,113 - System.tprint - INFO - ℹ️ ✅ Uniqueness weights computed. Mean: 1.0000, Min: 0.4372, Max: 1.3117 SUCCESS
[I 2025-12-14 13:18:52,756] Trial 2247 finished with value: -0.006747543634503742 and parameters: {'trail_distance_atr_mult': 0.7651076110589938}. Best is trial 126 with value: -0.000363295272717509.
[2025-12-14 13:18:53.957] ⚖️ Computing uniqueness weights for 9018 events... INFO
2025-12-14 13:18:53,957 - System.tprint - INFO - ℹ️ ⚖️ Computing uniqueness weights for 9018 events... INFO
[2025-12-14 13:18:53.968] ✅ Uniqueness weights computed. Mean: 1.0000, Min: 0.4373, Max: 1.3119 SUCCESS
2025-12-14 13:18:53,968 - System.tprint - INFO - ℹ️ ✅ Uniqueness weights computed. Mean: 1.0000, Min: 0.4373, Max: 1.3119 SUCCESS
[I 2025-12-14 13:18:54,685] Trial 2248 finished with value: -0.003084679014268956 and parameters: {'trail_distance_atr_mult': 1.0173288296126963}. Best is trial 126 with value: -0.000363295272717509.
[2025-12-14 13:18:55.897] ⚖️ Computing uniqueness weights for 9018 events... INFO
2025-12-14 13:18:55,897 - System.tprint - INFO - ℹ️ ⚖️ Computing uniqueness weights for 9018 events... INFO
[2025-12-14 13:18:55.907] ✅ Uniqueness weights computed. Mean: 1.0000, Min: 0.4375, Max: 1.3124 SUCCESS
2025-12-14 13:18:55,907 - System.tprint - INFO - ℹ️ ✅ Uniqueness weights computed. Mean: 1.0000, Min: 0.4375, Max: 1.3124 SUCCESS
[I 2025-12-14 13:18:56,545] Trial 2249 finished with value: -0.00583603806083669 and parameters: {'trail_distance_atr_mult': 1.301431384122949}. Best is trial 126 with value: -0.000363295272717509.
[2025-12-14 13:18:57.748] ⚖️ Computing uniqueness weights for 9018 events... INFO
2025-12-14 13:18:57,749 - System.tprint - INFO - ℹ️ ⚖️ Computing uniqueness weights for 9018 events... INFO
[2025-12-14 13:18:57.758] ✅ Uniqueness weights computed. Mean: 1.0000, Min: 0.4373, Max: 1.3120 SUCCESS
2025-12-14 13:18:57,758 - System.tprint - INFO - ℹ️ ✅ Uniqueness weights computed. Mean: 1.0000, Min: 0.4373, Max: 1.3120 SUCCESS
[I 2025-12-14 13:18:58,422] Trial 2250 finished with value: -0.0008138621921056429 and parameters: {'trail_distance_atr_mult': 1.0862911547293914}. Best is trial 126 with value: -0.000363295272717509.
[2025-12-14 13:18:59.672] ⚖️ Computing uniqueness weights for 9018 events... INFO
2025-12-14 13:18:59,673 - System.tprint - INFO - ℹ️ ⚖️ Computing uniqueness weights for 9018 events... INFO
[2025-12-14 13:18:59.683] ✅ Uniqueness weights computed. Mean: 1.0000, Min: 0.4373, Max: 1.3118 SUCCESS
2025-12-14 13:18:59,683 - System.tprint - INFO - ℹ️ ✅ Uniqueness weights computed. Mean: 1.0000, Min: 0.4373, Max: 1.3118 SUCCESS
[I 2025-12-14 13:19:00,425] Trial 2251 finished with value: -0.0066811644406418996 and parameters: {'trail_distance_atr_mult': 0.8660417053800145}. Best is trial 126 with value: -0.000363295272717509.
[2025-12-14 13:19:01.676] ⚖️ Computing uniqueness weights for 9018 events... INFO
2025-12-14 13:19:01,676 - System.tprint - INFO - ℹ️ ⚖️ Computing uniqueness weights for 9018 events... INFO
[2025-12-14 13:19:01.687] ✅ Uniqueness weights computed. Mean: 1.0000, Min: 0.4373, Max: 1.3118 SUCCESS
2025-12-14 13:19:01,687 - System.tprint - INFO - ℹ️ ✅ Uniqueness weights computed. Mean: 1.0000, Min: 0.4373, Max: 1.3118 SUCCESS
[I 2025-12-14 13:19:02,320] Trial 2252 finished with value: -0.0067784166357337155 and parameters: {'trail_distance_atr_mult': 0.950263679020186}. Best is trial 126 with value: -0.000363295272717509.
[2025-12-14 13:19:03.525] ⚖️ Computing uniqueness weights for 9018 events... INFO
2025-12-14 13:19:03,526 - System.tprint - INFO - ℹ️ ⚖️ Computing uniqueness weights for 9018 events... INFO
[2025-12-14 13:19:03.535] ✅ Uniqueness weights computed. Mean: 1.0000, Min: 0.4372, Max: 1.3117 SUCCESS
2025-12-14 13:19:03,535 - System.tprint - INFO - ℹ️ ✅ Uniqueness weights computed. Mean: 1.0000, Min: 0.4372, Max: 1.3117 SUCCESS
[I 2025-12-14 13:19:04,167] Trial 2253 finished with value: -0.007321828937469562 and parameters: {'trail_distance_atr_mult': 0.5031636947138542}. Best is trial 126 with value: -0.000363295272717509.
[2025-12-14 13:19:05.375] ⚖️ Computing uniqueness weights for 9018 events... INFO
2025-12-14 13:19:05,376 - System.tprint - INFO - ℹ️ ⚖️ Computing uniqueness weights for 9018 events... INFO
[2025-12-14 13:19:05.386] ✅ Uniqueness weights computed. Mean: 1.0000, Min: 0.4373, Max: 1.3118 SUCCESS
2025-12-14 13:19:05,386 - System.tprint - INFO - ℹ️ ✅ Uniqueness weights computed. Mean: 1.0000, Min: 0.4373, Max: 1.3118 SUCCESS
[I 2025-12-14 13:19:06,024] Trial 2254 finished with value: -0.006654653227849827 and parameters: {'trail_distance_atr_mult': 0.8221102081674411}. Best is trial 126 with value: -0.000363295272717509.
[2025-12-14 13:19:07.214] ⚖️ Computing uniqueness weights for 9018 events... INFO
2025-12-14 13:19:07,214 - System.tprint - INFO - ℹ️ ⚖️ Computing uniqueness weights for 9018 events... INFO
[2025-12-14 13:19:07.224] ✅ Uniqueness weights computed. Mean: 1.0000, Min: 0.4373, Max: 1.3119 SUCCESS
2025-12-14 13:19:07,224 - System.tprint - INFO - ℹ️ ✅ Uniqueness weights computed. Mean: 1.0000, Min: 0.4373, Max: 1.3119 SUCCESS
[I 2025-12-14 13:19:07,861] Trial 2255 finished with value: -0.003084683861627528 and parameters: {'trail_distance_atr_mult': 1.0238806666261033}. Best is trial 126 with value: -0.000363295272717509.
[2025-12-14 13:19:09.055] ⚖️ Computing uniqueness weights for 9018 events... INFO
2025-12-14 13:19:09,056 - System.tprint - INFO - ℹ️ ⚖️ Computing uniqueness weights for 9018 events... INFO
[2025-12-14 13:19:09.065] ✅ Uniqueness weights computed. Mean: 1.0000, Min: 0.4373, Max: 1.3118 SUCCESS
2025-12-14 13:19:09,065 - System.tprint - INFO - ℹ️ ✅ Uniqueness weights computed. Mean: 1.0000, Min: 0.4373, Max: 1.3118 SUCCESS
[I 2025-12-14 13:19:09,699] Trial 2256 finished with value: -0.006758405033832978 and parameters: {'trail_distance_atr_mult': 0.9788943414834598}. Best is trial 126 with value: -0.000363295272717509.
[2025-12-14 13:19:10.889] ⚖️ Computing uniqueness weights for 9018 events... INFO
2025-12-14 13:19:10,889 - System.tprint - INFO - ℹ️ ⚖️ Computing uniqueness weights for 9018 events... INFO
[2025-12-14 13:19:10.899] ✅ Uniqueness weights computed. Mean: 1.0000, Min: 0.4372, Max: 1.3117 SUCCESS
2025-12-14 13:19:10,899 - System.tprint - INFO - ℹ️ ✅ Uniqueness weights computed. Mean: 1.0000, Min: 0.4372, Max: 1.3117 SUCCESS
[I 2025-12-14 13:19:11,538] Trial 2257 finished with value: -0.0074791184524957005 and parameters: {'trail_distance_atr_mult': 0.726589700836356}. Best is trial 126 with value: -0.000363295272717509.
[2025-12-14 13:19:12.745] ⚖️ Computing uniqueness weights for 9018 events... INFO
2025-12-14 13:19:12,745 - System.tprint - INFO - ℹ️ ⚖️ Computing uniqueness weights for 9018 events... INFO
[2025-12-14 13:19:12.755] ✅ Uniqueness weights computed. Mean: 1.0000, Min: 0.4373, Max: 1.3119 SUCCESS
2025-12-14 13:19:12,755 - System.tprint - INFO - ℹ️ ✅ Uniqueness weights computed. Mean: 1.0000, Min: 0.4373, Max: 1.3119 SUCCESS
[I 2025-12-14 13:19:13,390] Trial 2258 finished with value: -0.007527228894143411 and parameters: {'trail_distance_atr_mult': 1.0322177188299126}. Best is trial 126 with value: -0.000363295272717509.
[2025-12-14 13:19:14.608] ⚖️ Computing uniqueness weights for 9018 events... INFO
2025-12-14 13:19:14,608 - System.tprint - INFO - ℹ️ ⚖️ Computing uniqueness weights for 9018 events... INFO
[2025-12-14 13:19:14.618] ✅ Uniqueness weights computed. Mean: 1.0000, Min: 0.4372, Max: 1.3117 SUCCESS
2025-12-14 13:19:14,618 - System.tprint - INFO - ℹ️ ✅ Uniqueness weights computed. Mean: 1.0000, Min: 0.4372, Max: 1.3117 SUCCESS
[I 2025-12-14 13:19:15,254] Trial 2259 finished with value: -0.0067278280675475205 and parameters: {'trail_distance_atr_mult': 0.8156896693990741}. Best is trial 126 with value: -0.000363295272717509.
[2025-12-14 13:19:16.453] ⚖️ Computing uniqueness weights for 9018 events... INFO
2025-12-14 13:19:16,453 - System.tprint - INFO - ℹ️ ⚖️ Computing uniqueness weights for 9018 events... INFO
[2025-12-14 13:19:16.463] ✅ Uniqueness weights computed. Mean: 1.0000, Min: 0.4373, Max: 1.3120 SUCCESS
2025-12-14 13:19:16,463 - System.tprint - INFO - ℹ️ ✅ Uniqueness weights computed. Mean: 1.0000, Min: 0.4373, Max: 1.3120 SUCCESS
[I 2025-12-14 13:19:17,095] Trial 2260 finished with value: -0.007527267421698231 and parameters: {'trail_distance_atr_mult': 1.0722594307105915}. Best is trial 126 with value: -0.000363295272717509.
[2025-12-14 13:19:18.305] ⚖️ Computing uniqueness weights for 9018 events... INFO
2025-12-14 13:19:18,305 - System.tprint - INFO - ℹ️ ⚖️ Computing uniqueness weights for 9018 events... INFO
[2025-12-14 13:19:18.314] ✅ Uniqueness weights computed. Mean: 1.0000, Min: 0.4373, Max: 1.3120 SUCCESS
2025-12-14 13:19:18,314 - System.tprint - INFO - ℹ️ ✅ Uniqueness weights computed. Mean: 1.0000, Min: 0.4373, Max: 1.3120 SUCCESS
[I 2025-12-14 13:19:18,952] Trial 2261 finished with value: -0.007527256122249433 and parameters: {'trail_distance_atr_mult': 1.0627247505538864}. Best is trial 126 with value: -0.000363295272717509.
[2025-12-14 13:19:20.149] ⚖️ Computing uniqueness weights for 9018 events... INFO
2025-12-14 13:19:20,149 - System.tprint - INFO - ℹ️ ⚖️ Computing uniqueness weights for 9018 events... INFO
[2025-12-14 13:19:20.159] ✅ Uniqueness weights computed. Mean: 1.0000, Min: 0.4373, Max: 1.3118 SUCCESS
2025-12-14 13:19:20,159 - System.tprint - INFO - ℹ️ ✅ Uniqueness weights computed. Mean: 1.0000, Min: 0.4373, Max: 1.3118 SUCCESS
[I 2025-12-14 13:19:20,798] Trial 2262 finished with value: -0.006804516786683684 and parameters: {'trail_distance_atr_mult': 0.8275830179446557}. Best is trial 126 with value: -0.000363295272717509.
[2025-12-14 13:19:22.016] ⚖️ Computing uniqueness weights for 9018 events... INFO
2025-12-14 13:19:22,016 - System.tprint - INFO - ℹ️ ⚖️ Computing uniqueness weights for 9018 events... INFO
[2025-12-14 13:19:22.028] ✅ Uniqueness weights computed. Mean: 1.0000, Min: 0.4372, Max: 1.3117 SUCCESS
2025-12-14 13:19:22,028 - System.tprint - INFO - ℹ️ ✅ Uniqueness weights computed. Mean: 1.0000, Min: 0.4372, Max: 1.3117 SUCCESS
[I 2025-12-14 13:19:22,690] Trial 2263 finished with value: -0.007479331783459741 and parameters: {'trail_distance_atr_mult': 0.6694010076188102}. Best is trial 126 with value: -0.000363295272717509.
[2025-12-14 13:19:23.889] ⚖️ Computing uniqueness weights for 9018 events... INFO
2025-12-14 13:19:23,889 - System.tprint - INFO - ℹ️ ⚖️ Computing uniqueness weights for 9018 events... INFO
[2025-12-14 13:19:23.899] ✅ Uniqueness weights computed. Mean: 1.0000, Min: 0.4374, Max: 1.3121 SUCCESS
2025-12-14 13:19:23,899 - System.tprint - INFO - ℹ️ ✅ Uniqueness weights computed. Mean: 1.0000, Min: 0.4374, Max: 1.3121 SUCCESS
[I 2025-12-14 13:19:24,537] Trial 2264 finished with value: -0.007701266205963187 and parameters: {'trail_distance_atr_mult': 1.1528650453223328}. Best is trial 126 with value: -0.000363295272717509.
[2025-12-14 13:19:25.749] ⚖️ Computing uniqueness weights for 9018 events... INFO
2025-12-14 13:19:25,749 - System.tprint - INFO - ℹ️ ⚖️ Computing uniqueness weights for 9018 events... INFO
[2025-12-14 13:19:25.759] ✅ Uniqueness weights computed. Mean: 1.0000, Min: 0.4373, Max: 1.3118 SUCCESS
2025-12-14 13:19:25,759 - System.tprint - INFO - ℹ️ ✅ Uniqueness weights computed. Mean: 1.0000, Min: 0.4373, Max: 1.3118 SUCCESS
[I 2025-12-14 13:19:26,397] Trial 2265 finished with value: -0.006758323466817858 and parameters: {'trail_distance_atr_mult': 0.9657909682073431}. Best is trial 126 with value: -0.000363295272717509.
[2025-12-14 13:19:27.601] ⚖️ Computing uniqueness weights for 9018 events... INFO
2025-12-14 13:19:27,601 - System.tprint - INFO - ℹ️ ⚖️ Computing uniqueness weights for 9018 events... INFO
[2025-12-14 13:19:27.611] ✅ Uniqueness weights computed. Mean: 1.0000, Min: 0.4374, Max: 1.3121 SUCCESS
2025-12-14 13:19:27,611 - System.tprint - INFO - ℹ️ ✅ Uniqueness weights computed. Mean: 1.0000, Min: 0.4374, Max: 1.3121 SUCCESS
[I 2025-12-14 13:19:28,246] Trial 2266 finished with value: -0.007701253825273024 and parameters: {'trail_distance_atr_mult': 1.1550860805960357}. Best is trial 126 with value: -0.000363295272717509.
[2025-12-14 13:19:29.464] ⚖️ Computing uniqueness weights for 9018 events... INFO
2025-12-14 13:19:29,464 - System.tprint - INFO - ℹ️ ⚖️ Computing uniqueness weights for 9018 events... INFO
[2025-12-14 13:19:29.474] ✅ Uniqueness weights computed. Mean: 1.0000, Min: 0.4373, Max: 1.3118 SUCCESS
2025-12-14 13:19:29,474 - System.tprint - INFO - ℹ️ ✅ Uniqueness weights computed. Mean: 1.0000, Min: 0.4373, Max: 1.3118 SUCCESS
[I 2025-12-14 13:19:30,126] Trial 2267 finished with value: -0.0067211996740201025 and parameters: {'trail_distance_atr_mult': 0.9050958268626369}. Best is trial 126 with value: -0.000363295272717509.
[2025-12-14 13:19:31.341] ⚖️ Computing uniqueness weights for 9018 events... INFO
2025-12-14 13:19:31,341 - System.tprint - INFO - ℹ️ ⚖️ Computing uniqueness weights for 9018 events... INFO
[2025-12-14 13:19:31.351] ✅ Uniqueness weights computed. Mean: 1.0000, Min: 0.4374, Max: 1.3121 SUCCESS
2025-12-14 13:19:31,351 - System.tprint - INFO - ℹ️ ✅ Uniqueness weights computed. Mean: 1.0000, Min: 0.4374, Max: 1.3121 SUCCESS
[I 2025-12-14 13:19:31,985] Trial 2268 finished with value: -0.007701284363801758 and parameters: {'trail_distance_atr_mult': 1.1494432211389287}. Best is trial 126 with value: -0.000363295272717509.
[2025-12-14 13:19:33.182] ⚖️ Computing uniqueness weights for 9018 events... INFO
2025-12-14 13:19:33,183 - System.tprint - INFO - ℹ️ ⚖️ Computing uniqueness weights for 9018 events... INFO
[2025-12-14 13:19:33.192] ✅ Uniqueness weights computed. Mean: 1.0000, Min: 0.4372, Max: 1.3117 SUCCESS
2025-12-14 13:19:33,192 - System.tprint - INFO - ℹ️ ✅ Uniqueness weights computed. Mean: 1.0000, Min: 0.4372, Max: 1.3117 SUCCESS
[I 2025-12-14 13:19:33,884] Trial 2269 finished with value: -0.006728237011189862 and parameters: {'trail_distance_atr_mult': 0.7756368112534258}. Best is trial 126 with value: -0.000363295272717509.
[2025-12-14 13:19:35.092] ⚖️ Computing uniqueness weights for 9018 events... INFO
2025-12-14 13:19:35,092 - System.tprint - INFO - ℹ️ ⚖️ Computing uniqueness weights for 9018 events... INFO
[2025-12-14 13:19:35.102] ✅ Uniqueness weights computed. Mean: 1.0000, Min: 0.4373, Max: 1.3118 SUCCESS
2025-12-14 13:19:35,102 - System.tprint - INFO - ℹ️ ✅ Uniqueness weights computed. Mean: 1.0000, Min: 0.4373, Max: 1.3118 SUCCESS
[I 2025-12-14 13:19:35,739] Trial 2270 finished with value: -0.006741964673740522 and parameters: {'trail_distance_atr_mult': 0.993541663601789}. Best is trial 126 with value: -0.000363295272717509.
[2025-12-14 13:19:36.923] ⚖️ Computing uniqueness weights for 9018 events... INFO
2025-12-14 13:19:36,923 - System.tprint - INFO - ℹ️ ⚖️ Computing uniqueness weights for 9018 events... INFO
[2025-12-14 13:19:36.933] ✅ Uniqueness weights computed. Mean: 1.0000, Min: 0.4375, Max: 1.3124 SUCCESS
2025-12-14 13:19:36,933 - System.tprint - INFO - ℹ️ ✅ Uniqueness weights computed. Mean: 1.0000, Min: 0.4375, Max: 1.3124 SUCCESS
[I 2025-12-14 13:19:37,568] Trial 2271 finished with value: -0.0032373680179308404 and parameters: {'trail_distance_atr_mult': 1.3394747317372677}. Best is trial 126 with value: -0.000363295272717509.
[2025-12-14 13:19:38.777] ⚖️ Computing uniqueness weights for 9018 events... INFO
2025-12-14 13:19:38,777 - System.tprint - INFO - ℹ️ ⚖️ Computing uniqueness weights for 9018 events... INFO
[2025-12-14 13:19:38.787] ✅ Uniqueness weights computed. Mean: 1.0000, Min: 0.4372, Max: 1.3117 SUCCESS
2025-12-14 13:19:38,787 - System.tprint - INFO - ℹ️ ✅ Uniqueness weights computed. Mean: 1.0000, Min: 0.4372, Max: 1.3117 SUCCESS
[I 2025-12-14 13:19:39,419] Trial 2272 finished with value: -0.007546852514577222 and parameters: {'trail_distance_atr_mult': 0.6331438414274277}. Best is trial 126 with value: -0.000363295272717509.
[2025-12-14 13:19:40.628] ⚖️ Computing uniqueness weights for 9018 events... INFO
2025-12-14 13:19:40,628 - System.tprint - INFO - ℹ️ ⚖️ Computing uniqueness weights for 9018 events... INFO
[2025-12-14 13:19:40.637] ✅ Uniqueness weights computed. Mean: 1.0000, Min: 0.4374, Max: 1.3121 SUCCESS
2025-12-14 13:19:40,638 - System.tprint - INFO - ℹ️ ✅ Uniqueness weights computed. Mean: 1.0000, Min: 0.4374, Max: 1.3121 SUCCESS
[I 2025-12-14 13:19:41,271] Trial 2273 finished with value: -0.007701271243351711 and parameters: {'trail_distance_atr_mult': 1.1519491022885648}. Best is trial 126 with value: -0.000363295272717509.
[2025-12-14 13:19:42.473] ⚖️ Computing uniqueness weights for 9018 events... INFO
2025-12-14 13:19:42,473 - System.tprint - INFO - ℹ️ ⚖️ Computing uniqueness weights for 9018 events... INFO
[2025-12-14 13:19:42.483] ✅ Uniqueness weights computed. Mean: 1.0000, Min: 0.4373, Max: 1.3118 SUCCESS
2025-12-14 13:19:42,483 - System.tprint - INFO - ℹ️ ✅ Uniqueness weights computed. Mean: 1.0000, Min: 0.4373, Max: 1.3118 SUCCESS
