[I 2025-12-14 13:16:17,852] Trial 2169 finished with value: -0.006741932531890111 and parameters: {'trail_distance_atr_mult': 0.9893836368021602}. Best is trial 126 with value: -0.000363295272717509.
[2025-12-14 13:16:19.058] ⚖️ Computing uniqueness weights for 9018 events... INFO
2025-12-14 13:16:19,058 - System.tprint - INFO - ℹ️ ⚖️ Computing uniqueness weights for 9018 events... INFO
[2025-12-14 13:16:19.067] ✅ Uniqueness weights computed. Mean: 1.0000, Min: 0.4372, Max: 1.3117 SUCCESS
2025-12-14 13:16:19,067 - System.tprint - INFO - ℹ️ ✅ Uniqueness weights computed. Mean: 1.0000, Min: 0.4372, Max: 1.3117 SUCCESS
[I 2025-12-14 13:16:19,726] Trial 2170 finished with value: -0.006727924745380144 and parameters: {'trail_distance_atr_mult': 0.8067293821008859}. Best is trial 126 with value: -0.000363295272717509.
[2025-12-14 13:16:20.927] ⚖️ Computing uniqueness weights for 9018 events... INFO
2025-12-14 13:16:20,928 - System.tprint - INFO - ℹ️ ⚖️ Computing uniqueness weights for 9018 events... INFO
[2025-12-14 13:16:20.938] ✅ Uniqueness weights computed. Mean: 1.0000, Min: 0.4372, Max: 1.3117 SUCCESS
2025-12-14 13:16:20,938 - System.tprint - INFO - ℹ️ ✅ Uniqueness weights computed. Mean: 1.0000, Min: 0.4372, Max: 1.3117 SUCCESS
[I 2025-12-14 13:16:21,590] Trial 2171 finished with value: -0.007321828937469562 and parameters: {'trail_distance_atr_mult': 0.5044786676042008}. Best is trial 126 with value: -0.000363295272717509.
[2025-12-14 13:16:22.810] ⚖️ Computing uniqueness weights for 9018 events... INFO
2025-12-14 13:16:22,810 - System.tprint - INFO - ℹ️ ⚖️ Computing uniqueness weights for 9018 events... INFO
[2025-12-14 13:16:22.820] ✅ Uniqueness weights computed. Mean: 1.0000, Min: 0.4375, Max: 1.3124 SUCCESS
2025-12-14 13:16:22,820 - System.tprint - INFO - ℹ️ ✅ Uniqueness weights computed. Mean: 1.0000, Min: 0.4375, Max: 1.3124 SUCCESS
[I 2025-12-14 13:16:23,464] Trial 2172 finished with value: -0.0032373673215229702 and parameters: {'trail_distance_atr_mult': 1.3434488924014998}. Best is trial 126 with value: -0.000363295272717509.
[2025-12-14 13:16:24.655] ⚖️ Computing uniqueness weights for 9018 events... INFO
2025-12-14 13:16:24,656 - System.tprint - INFO - ℹ️ ⚖️ Computing uniqueness weights for 9018 events... INFO
[2025-12-14 13:16:24.665] ✅ Uniqueness weights computed. Mean: 1.0000, Min: 0.4373, Max: 1.3120 SUCCESS
2025-12-14 13:16:24,665 - System.tprint - INFO - ℹ️ ✅ Uniqueness weights computed. Mean: 1.0000, Min: 0.4373, Max: 1.3120 SUCCESS
[I 2025-12-14 13:16:25,301] Trial 2173 finished with value: -0.00765810680181782 and parameters: {'trail_distance_atr_mult': 1.104015171805629}. Best is trial 126 with value: -0.000363295272717509.
[2025-12-14 13:16:26.515] ⚖️ Computing uniqueness weights for 9018 events... INFO
2025-12-14 13:16:26,516 - System.tprint - INFO - ℹ️ ⚖️ Computing uniqueness weights for 9018 events... INFO
[2025-12-14 13:16:26.525] ✅ Uniqueness weights computed. Mean: 1.0000, Min: 0.4373, Max: 1.3118 SUCCESS
2025-12-14 13:16:26,525 - System.tprint - INFO - ℹ️ ✅ Uniqueness weights computed. Mean: 1.0000, Min: 0.4373, Max: 1.3118 SUCCESS
[I 2025-12-14 13:16:27,165] Trial 2174 finished with value: -0.0066811190228945085 and parameters: {'trail_distance_atr_mult': 0.8754041311224884}. Best is trial 126 with value: -0.000363295272717509.
[2025-12-14 13:16:28.425] ⚖️ Computing uniqueness weights for 9018 events... INFO
2025-12-14 13:16:28,425 - System.tprint - INFO - ℹ️ ⚖️ Computing uniqueness weights for 9018 events... INFO
[2025-12-14 13:16:28.435] ✅ Uniqueness weights computed. Mean: 1.0000, Min: 0.4374, Max: 1.3121 SUCCESS
2025-12-14 13:16:28,435 - System.tprint - INFO - ℹ️ ✅ Uniqueness weights computed. Mean: 1.0000, Min: 0.4374, Max: 1.3121 SUCCESS
[I 2025-12-14 13:16:29,224] Trial 2175 finished with value: -0.007529620457458926 and parameters: {'trail_distance_atr_mult': 1.16507028535567}. Best is trial 126 with value: -0.000363295272717509.
[2025-12-14 13:16:30.653] ⚖️ Computing uniqueness weights for 9018 events... INFO
2025-12-14 13:16:30,653 - System.tprint - INFO - ℹ️ ⚖️ Computing uniqueness weights for 9018 events... INFO
[2025-12-14 13:16:30.663] ✅ Uniqueness weights computed. Mean: 1.0000, Min: 0.4373, Max: 1.3118 SUCCESS
2025-12-14 13:16:30,664 - System.tprint - INFO - ℹ️ ✅ Uniqueness weights computed. Mean: 1.0000, Min: 0.4373, Max: 1.3118 SUCCESS
[I 2025-12-14 13:16:31,387] Trial 2176 finished with value: -0.006741958359230451 and parameters: {'trail_distance_atr_mult': 0.9927121457650552}. Best is trial 126 with value: -0.000363295272717509.
[2025-12-14 13:16:32.600] ⚖️ Computing uniqueness weights for 9018 events... INFO
2025-12-14 13:16:32,601 - System.tprint - INFO - ℹ️ ⚖️ Computing uniqueness weights for 9018 events... INFO
[2025-12-14 13:16:32.612] ✅ Uniqueness weights computed. Mean: 1.0000, Min: 0.4374, Max: 1.3121 SUCCESS
2025-12-14 13:16:32,612 - System.tprint - INFO - ℹ️ ✅ Uniqueness weights computed. Mean: 1.0000, Min: 0.4374, Max: 1.3121 SUCCESS
[I 2025-12-14 13:16:33,630] Trial 2177 finished with value: -0.007094575157986271 and parameters: {'trail_distance_atr_mult': 1.1750455119524925}. Best is trial 126 with value: -0.000363295272717509.
[2025-12-14 13:16:35.564] ⚖️ Computing uniqueness weights for 9018 events... INFO
2025-12-14 13:16:35,565 - System.tprint - INFO - ℹ️ ⚖️ Computing uniqueness weights for 9018 events... INFO
[2025-12-14 13:16:35.577] ✅ Uniqueness weights computed. Mean: 1.0000, Min: 0.4373, Max: 1.3118 SUCCESS
2025-12-14 13:16:35,578 - System.tprint - INFO - ℹ️ ✅ Uniqueness weights computed. Mean: 1.0000, Min: 0.4373, Max: 1.3118 SUCCESS
[I 2025-12-14 13:16:36,419] Trial 2178 finished with value: -0.006654653900606882 and parameters: {'trail_distance_atr_mult': 0.821362303389455}. Best is trial 126 with value: -0.000363295272717509.
[2025-12-14 13:16:37.613] ⚖️ Computing uniqueness weights for 9018 events... INFO
2025-12-14 13:16:37,613 - System.tprint - INFO - ℹ️ ⚖️ Computing uniqueness weights for 9018 events... INFO
[2025-12-14 13:16:37.623] ✅ Uniqueness weights computed. Mean: 1.0000, Min: 0.4373, Max: 1.3119 SUCCESS
2025-12-14 13:16:37,623 - System.tprint - INFO - ℹ️ ✅ Uniqueness weights computed. Mean: 1.0000, Min: 0.4373, Max: 1.3119 SUCCESS
[I 2025-12-14 13:16:38,452] Trial 2179 finished with value: -0.003084683963908005 and parameters: {'trail_distance_atr_mult': 1.0239920015779191}. Best is trial 126 with value: -0.000363295272717509.
[2025-12-14 13:16:39.833] ⚖️ Computing uniqueness weights for 9018 events... INFO
2025-12-14 13:16:39,833 - System.tprint - INFO - ℹ️ ⚖️ Computing uniqueness weights for 9018 events... INFO
[2025-12-14 13:16:39.843] ✅ Uniqueness weights computed. Mean: 1.0000, Min: 0.4375, Max: 1.3124 SUCCESS
2025-12-14 13:16:39,843 - System.tprint - INFO - ℹ️ ✅ Uniqueness weights computed. Mean: 1.0000, Min: 0.4375, Max: 1.3124 SUCCESS
[I 2025-12-14 13:16:40,738] Trial 2180 finished with value: -0.0032373665717597053 and parameters: {'trail_distance_atr_mult': 1.3506416858324208}. Best is trial 126 with value: -0.000363295272717509.
[2025-12-14 13:16:42.111] ⚖️ Computing uniqueness weights for 9018 events... INFO
2025-12-14 13:16:42,111 - System.tprint - INFO - ℹ️ ⚖️ Computing uniqueness weights for 9018 events... INFO
[2025-12-14 13:16:42.121] ✅ Uniqueness weights computed. Mean: 1.0000, Min: 0.4372, Max: 1.3117 SUCCESS
2025-12-14 13:16:42,121 - System.tprint - INFO - ℹ️ ✅ Uniqueness weights computed. Mean: 1.0000, Min: 0.4372, Max: 1.3117 SUCCESS
[I 2025-12-14 13:16:43,018] Trial 2181 finished with value: -0.007479331783459741 and parameters: {'trail_distance_atr_mult': 0.6976262360303589}. Best is trial 126 with value: -0.000363295272717509.
[2025-12-14 13:16:44.408] ⚖️ Computing uniqueness weights for 9018 events... INFO
2025-12-14 13:16:44,408 - System.tprint - INFO - ℹ️ ⚖️ Computing uniqueness weights for 9018 events... INFO
[2025-12-14 13:16:44.421] ✅ Uniqueness weights computed. Mean: 1.0000, Min: 0.4374, Max: 1.3121 SUCCESS
2025-12-14 13:16:44,421 - System.tprint - INFO - ℹ️ ✅ Uniqueness weights computed. Mean: 1.0000, Min: 0.4374, Max: 1.3121 SUCCESS
[I 2025-12-14 13:16:45,391] Trial 2182 finished with value: -0.004891616903501477 and parameters: {'trail_distance_atr_mult': 1.1860293137523845}. Best is trial 126 with value: -0.000363295272717509.
[2025-12-14 13:16:46.807] ⚖️ Computing uniqueness weights for 9018 events... INFO
2025-12-14 13:16:46,808 - System.tprint - INFO - ℹ️ ⚖️ Computing uniqueness weights for 9018 events... INFO
[2025-12-14 13:16:46.819] ✅ Uniqueness weights computed. Mean: 1.0000, Min: 0.4373, Max: 1.3118 SUCCESS
2025-12-14 13:16:46,819 - System.tprint - INFO - ℹ️ ✅ Uniqueness weights computed. Mean: 1.0000, Min: 0.4373, Max: 1.3118 SUCCESS
[I 2025-12-14 13:16:47,722] Trial 2183 finished with value: -0.006758386367665028 and parameters: {'trail_distance_atr_mult': 0.9758840944337925}. Best is trial 126 with value: -0.000363295272717509.
[2025-12-14 13:16:49.110] ⚖️ Computing uniqueness weights for 9018 events... INFO
2025-12-14 13:16:49,111 - System.tprint - INFO - ℹ️ ⚖️ Computing uniqueness weights for 9018 events... INFO
[2025-12-14 13:16:49.123] ✅ Uniqueness weights computed. Mean: 1.0000, Min: 0.4372, Max: 1.3117 SUCCESS
2025-12-14 13:16:49,123 - System.tprint - INFO - ℹ️ ✅ Uniqueness weights computed. Mean: 1.0000, Min: 0.4372, Max: 1.3117 SUCCESS
[I 2025-12-14 13:16:50,338] Trial 2184 finished with value: -0.006727968353603084 and parameters: {'trail_distance_atr_mult': 0.8025686857910829}. Best is trial 126 with value: -0.000363295272717509.
[2025-12-14 13:16:51.603] ⚖️ Computing uniqueness weights for 9018 events... INFO
2025-12-14 13:16:51,603 - System.tprint - INFO - ℹ️ ⚖️ Computing uniqueness weights for 9018 events... INFO
[2025-12-14 13:16:51.613] ✅ Uniqueness weights computed. Mean: 1.0000, Min: 0.4374, Max: 1.3121 SUCCESS
2025-12-14 13:16:51,613 - System.tprint - INFO - ℹ️ ✅ Uniqueness weights computed. Mean: 1.0000, Min: 0.4374, Max: 1.3121 SUCCESS
[I 2025-12-14 13:16:52,369] Trial 2185 finished with value: -0.007701256585081394 and parameters: {'trail_distance_atr_mult': 1.1546116431967706}. Best is trial 126 with value: -0.000363295272717509.
[2025-12-14 13:16:53.585] ⚖️ Computing uniqueness weights for 9018 events... INFO
2025-12-14 13:16:53,586 - System.tprint - INFO - ℹ️ ⚖️ Computing uniqueness weights for 9018 events... INFO
[2025-12-14 13:16:53.597] ✅ Uniqueness weights computed. Mean: 1.0000, Min: 0.4373, Max: 1.3119 SUCCESS
2025-12-14 13:16:53,597 - System.tprint - INFO - ℹ️ ✅ Uniqueness weights computed. Mean: 1.0000, Min: 0.4373, Max: 1.3119 SUCCESS
[I 2025-12-14 13:16:54,239] Trial 2186 finished with value: -0.00308468027966839 and parameters: {'trail_distance_atr_mult': 1.0189815889662766}. Best is trial 126 with value: -0.000363295272717509.
[2025-12-14 13:16:55.457] ⚖️ Computing uniqueness weights for 9018 events... INFO
2025-12-14 13:16:55,457 - System.tprint - INFO - ℹ️ ⚖️ Computing uniqueness weights for 9018 events... INFO
[2025-12-14 13:16:55.468] ✅ Uniqueness weights computed. Mean: 1.0000, Min: 0.4373, Max: 1.3118 SUCCESS
2025-12-14 13:16:55,468 - System.tprint - INFO - ℹ️ ✅ Uniqueness weights computed. Mean: 1.0000, Min: 0.4373, Max: 1.3118 SUCCESS
[I 2025-12-14 13:16:56,112] Trial 2187 finished with value: -0.006804544383359257 and parameters: {'trail_distance_atr_mult': 0.8430525102030437}. Best is trial 126 with value: -0.000363295272717509.
[2025-12-14 13:16:57.299] ⚖️ Computing uniqueness weights for 9018 events... INFO
2025-12-14 13:16:57,299 - System.tprint - INFO - ℹ️ ⚖️ Computing uniqueness weights for 9018 events... INFO
[2025-12-14 13:16:57.309] ✅ Uniqueness weights computed. Mean: 1.0000, Min: 0.4374, Max: 1.3121 SUCCESS
2025-12-14 13:16:57,309 - System.tprint - INFO - ℹ️ ✅ Uniqueness weights computed. Mean: 1.0000, Min: 0.4374, Max: 1.3121 SUCCESS
[I 2025-12-14 13:16:57,979] Trial 2188 finished with value: -0.007094565682696766 and parameters: {'trail_distance_atr_mult': 1.1745380979408837}. Best is trial 126 with value: -0.000363295272717509.
[2025-12-14 13:16:59.209] ⚖️ Computing uniqueness weights for 9018 events... INFO
2025-12-14 13:16:59,210 - System.tprint - INFO - ℹ️ ⚖️ Computing uniqueness weights for 9018 events... INFO
[2025-12-14 13:16:59.221] ✅ Uniqueness weights computed. Mean: 1.0000, Min: 0.4372, Max: 1.3117 SUCCESS
2025-12-14 13:16:59,221 - System.tprint - INFO - ℹ️ ✅ Uniqueness weights computed. Mean: 1.0000, Min: 0.4372, Max: 1.3117 SUCCESS
[I 2025-12-14 13:16:59,956] Trial 2189 finished with value: -0.007546852514577222 and parameters: {'trail_distance_atr_mult': 0.6343315282056872}. Best is trial 126 with value: -0.000363295272717509.
[2025-12-14 13:17:01.169] ⚖️ Computing uniqueness weights for 9018 events... INFO
2025-12-14 13:17:01,169 - System.tprint - INFO - ℹ️ ⚖️ Computing uniqueness weights for 9018 events... INFO
[2025-12-14 13:17:01.178] ✅ Uniqueness weights computed. Mean: 1.0000, Min: 0.4373, Max: 1.3119 SUCCESS
2025-12-14 13:17:01,178 - System.tprint - INFO - ℹ️ ✅ Uniqueness weights computed. Mean: 1.0000, Min: 0.4373, Max: 1.3119 SUCCESS
[I 2025-12-14 13:17:01,815] Trial 2190 finished with value: -0.0030846762787537832 and parameters: {'trail_distance_atr_mult': 1.0134600126797206}. Best is trial 126 with value: -0.000363295272717509.
[2025-12-14 13:17:03.008] ⚖️ Computing uniqueness weights for 9018 events... INFO
2025-12-14 13:17:03,008 - System.tprint - INFO - ℹ️ ⚖️ Computing uniqueness weights for 9018 events... INFO
[2025-12-14 13:17:03.019] ✅ Uniqueness weights computed. Mean: 1.0000, Min: 0.4385, Max: 1.3154 SUCCESS
2025-12-14 13:17:03,019 - System.tprint - INFO - ℹ️ ✅ Uniqueness weights computed. Mean: 1.0000, Min: 0.4385, Max: 1.3154 SUCCESS
[I 2025-12-14 13:17:03,718] Trial 2191 finished with value: -0.0077239241303307705 and parameters: {'trail_distance_atr_mult': 2.91107692972622}. Best is trial 126 with value: -0.000363295272717509.
[2025-12-14 13:17:04.956] ⚖️ Computing uniqueness weights for 9018 events... INFO
2025-12-14 13:17:04,956 - System.tprint - INFO - ℹ️ ⚖️ Computing uniqueness weights for 9018 events... INFO
[2025-12-14 13:17:04.966] ✅ Uniqueness weights computed. Mean: 1.0000, Min: 0.4375, Max: 1.3124 SUCCESS
2025-12-14 13:17:04,966 - System.tprint - INFO - ℹ️ ✅ Uniqueness weights computed. Mean: 1.0000, Min: 0.4375, Max: 1.3124 SUCCESS
[I 2025-12-14 13:17:05,735] Trial 2192 finished with value: -0.003237370351981029 and parameters: {'trail_distance_atr_mult': 1.3311389847302328}. Best is trial 126 with value: -0.000363295272717509.
[2025-12-14 13:17:06.933] ⚖️ Computing uniqueness weights for 9018 events... INFO
2025-12-14 13:17:06,933 - System.tprint - INFO - ℹ️ ⚖️ Computing uniqueness weights for 9018 events... INFO
[2025-12-14 13:17:06.943] ✅ Uniqueness weights computed. Mean: 1.0000, Min: 0.4373, Max: 1.3119 SUCCESS
2025-12-14 13:17:06,943 - System.tprint - INFO - ℹ️ ✅ Uniqueness weights computed. Mean: 1.0000, Min: 0.4373, Max: 1.3119 SUCCESS
[I 2025-12-14 13:17:07,593] Trial 2193 finished with value: -0.0030846819919968195 and parameters: {'trail_distance_atr_mult': 1.0213025214171394}. Best is trial 126 with value: -0.000363295272717509.
[2025-12-14 13:17:08.938] ⚖️ Computing uniqueness weights for 9018 events... INFO
2025-12-14 13:17:08,939 - System.tprint - INFO - ℹ️ ⚖️ Computing uniqueness weights for 9018 events... INFO
[2025-12-14 13:17:08.949] ✅ Uniqueness weights computed. Mean: 1.0000, Min: 0.4372, Max: 1.3117 SUCCESS
2025-12-14 13:17:08,949 - System.tprint - INFO - ℹ️ ✅ Uniqueness weights computed. Mean: 1.0000, Min: 0.4372, Max: 1.3117 SUCCESS
[I 2025-12-14 13:17:09,641] Trial 2194 finished with value: -0.006727805235912655 and parameters: {'trail_distance_atr_mult': 0.8177611062832058}. Best is trial 126 with value: -0.000363295272717509.
[2025-12-14 13:17:10.865] ⚖️ Computing uniqueness weights for 9018 events... INFO
2025-12-14 13:17:10,865 - System.tprint - INFO - ℹ️ ⚖️ Computing uniqueness weights for 9018 events... INFO
[2025-12-14 13:17:10.875] ✅ Uniqueness weights computed. Mean: 1.0000, Min: 0.4375, Max: 1.3124 SUCCESS
2025-12-14 13:17:10,875 - System.tprint - INFO - ℹ️ ✅ Uniqueness weights computed. Mean: 1.0000, Min: 0.4375, Max: 1.3124 SUCCESS
[I 2025-12-14 13:17:11,512] Trial 2195 finished with value: -0.0032373668312057143 and parameters: {'trail_distance_atr_mult': 1.3483173152611654}. Best is trial 126 with value: -0.000363295272717509.
[2025-12-14 13:17:12.718] ⚖️ Computing uniqueness weights for 9018 events... INFO
2025-12-14 13:17:12,718 - System.tprint - INFO - ℹ️ ⚖️ Computing uniqueness weights for 9018 events... INFO
[2025-12-14 13:17:12.728] ✅ Uniqueness weights computed. Mean: 1.0000, Min: 0.4374, Max: 1.3121 SUCCESS
2025-12-14 13:17:12,728 - System.tprint - INFO - ℹ️ ✅ Uniqueness weights computed. Mean: 1.0000, Min: 0.4374, Max: 1.3121 SUCCESS
[I 2025-12-14 13:17:13,362] Trial 2196 finished with value: -0.007691595188988395 and parameters: {'trail_distance_atr_mult': 1.162433878971481}. Best is trial 126 with value: -0.000363295272717509.
[2025-12-14 13:17:14.584] ⚖️ Computing uniqueness weights for 9018 events... INFO
2025-12-14 13:17:14,584 - System.tprint - INFO - ℹ️ ⚖️ Computing uniqueness weights for 9018 events... INFO
[2025-12-14 13:17:14.593] ✅ Uniqueness weights computed. Mean: 1.0000, Min: 0.4373, Max: 1.3118 SUCCESS
2025-12-14 13:17:14,593 - System.tprint - INFO - ℹ️ ✅ Uniqueness weights computed. Mean: 1.0000, Min: 0.4373, Max: 1.3118 SUCCESS
[I 2025-12-14 13:17:15,231] Trial 2197 finished with value: -0.006758370888684182 and parameters: {'trail_distance_atr_mult': 0.973396438904829}. Best is trial 126 with value: -0.000363295272717509.
[2025-12-14 13:17:16.443] ⚖️ Computing uniqueness weights for 9018 events... INFO
2025-12-14 13:17:16,443 - System.tprint - INFO - ℹ️ ⚖️ Computing uniqueness weights for 9018 events... INFO
[2025-12-14 13:17:16.453] ✅ Uniqueness weights computed. Mean: 1.0000, Min: 0.4372, Max: 1.3117 SUCCESS
2025-12-14 13:17:16,454 - System.tprint - INFO - ℹ️ ✅ Uniqueness weights computed. Mean: 1.0000, Min: 0.4372, Max: 1.3117 SUCCESS
[I 2025-12-14 13:17:17,126] Trial 2198 finished with value: -0.0034849037732859996 and parameters: {'trail_distance_atr_mult': 0.6509870890987213}. Best is trial 126 with value: -0.000363295272717509.
[2025-12-14 13:17:18.332] ⚖️ Computing uniqueness weights for 9018 events... INFO
2025-12-14 13:17:18,333 - System.tprint - INFO - ℹ️ ⚖️ Computing uniqueness weights for 9018 events... INFO
[2025-12-14 13:17:18.343] ✅ Uniqueness weights computed. Mean: 1.0000, Min: 0.4374, Max: 1.3121 SUCCESS
2025-12-14 13:17:18,343 - System.tprint - INFO - ℹ️ ✅ Uniqueness weights computed. Mean: 1.0000, Min: 0.4374, Max: 1.3121 SUCCESS
[I 2025-12-14 13:17:18,983] Trial 2199 finished with value: -0.007094636742864687 and parameters: {'trail_distance_atr_mult': 1.1782736620892187}. Best is trial 126 with value: -0.000363295272717509.
[2025-12-14 13:17:20.168] ⚖️ Computing uniqueness weights for 9018 events... INFO
2025-12-14 13:17:20,169 - System.tprint - INFO - ℹ️ ⚖️ Computing uniqueness weights for 9018 events... INFO
[2025-12-14 13:17:20.178] ✅ Uniqueness weights computed. Mean: 1.0000, Min: 0.4373, Max: 1.3118 SUCCESS
2025-12-14 13:17:20,178 - System.tprint - INFO - ℹ️ ✅ Uniqueness weights computed. Mean: 1.0000, Min: 0.4373, Max: 1.3118 SUCCESS
[I 2025-12-14 13:17:20,812] Trial 2200 finished with value: -0.00658444991078403 and parameters: {'trail_distance_atr_mult': 0.8553523319755663}. Best is trial 126 with value: -0.000363295272717509.
[2025-12-14 13:17:22.019] ⚖️ Computing uniqueness weights for 9018 events... INFO
2025-12-14 13:17:22,019 - System.tprint - INFO - ℹ️ ⚖️ Computing uniqueness weights for 9018 events... INFO
[2025-12-14 13:17:22.028] ✅ Uniqueness weights computed. Mean: 1.0000, Min: 0.4373, Max: 1.3119 SUCCESS
2025-12-14 13:17:22,028 - System.tprint - INFO - ℹ️ ✅ Uniqueness weights computed. Mean: 1.0000, Min: 0.4373, Max: 1.3119 SUCCESS
[I 2025-12-14 13:17:22,668] Trial 2201 finished with value: -0.0075272303008467375 and parameters: {'trail_distance_atr_mult': 1.027587655365408}. Best is trial 126 with value: -0.000363295272717509.
[2025-12-14 13:17:23.881] ⚖️ Computing uniqueness weights for 9018 events... INFO
2025-12-14 13:17:23,881 - System.tprint - INFO - ℹ️ ⚖️ Computing uniqueness weights for 9018 events... INFO
[2025-12-14 13:17:23.891] ✅ Uniqueness weights computed. Mean: 1.0000, Min: 0.4374, Max: 1.3121 SUCCESS
2025-12-14 13:17:23,891 - System.tprint - INFO - ℹ️ ✅ Uniqueness weights computed. Mean: 1.0000, Min: 0.4374, Max: 1.3121 SUCCESS
[I 2025-12-14 13:17:24,554] Trial 2202 finished with value: -0.004891511596943752 and parameters: {'trail_distance_atr_mult': 1.1903253509977776}. Best is trial 126 with value: -0.000363295272717509.
[2025-12-14 13:17:25.766] ⚖️ Computing uniqueness weights for 9018 events... INFO
2025-12-14 13:17:25,767 - System.tprint - INFO - ℹ️ ⚖️ Computing uniqueness weights for 9018 events... INFO
[2025-12-14 13:17:25.777] ✅ Uniqueness weights computed. Mean: 1.0000, Min: 0.4375, Max: 1.3124 SUCCESS
2025-12-14 13:17:25,777 - System.tprint - INFO - ℹ️ ✅ Uniqueness weights computed. Mean: 1.0000, Min: 0.4375, Max: 1.3124 SUCCESS
[I 2025-12-14 13:17:26,416] Trial 2203 finished with value: -0.003237369365543788 and parameters: {'trail_distance_atr_mult': 1.333816998724769}. Best is trial 126 with value: -0.000363295272717509.
[2025-12-14 13:17:27.617] ⚖️ Computing uniqueness weights for 9018 events... INFO
2025-12-14 13:17:27,617 - System.tprint - INFO - ℹ️ ⚖️ Computing uniqueness weights for 9018 events... INFO
[2025-12-14 13:17:27.626] ✅ Uniqueness weights computed. Mean: 1.0000, Min: 0.4372, Max: 1.3117 SUCCESS
2025-12-14 13:17:27,626 - System.tprint - INFO - ℹ️ ✅ Uniqueness weights computed. Mean: 1.0000, Min: 0.4372, Max: 1.3117 SUCCESS
