[I 2025-12-14 13:32:06,426] Trial 2624 finished with value: -0.007094662536650404 and parameters: {'trail_distance_atr_mult': 1.1796162069480591}. Best is trial 126 with value: -0.000363295272717509.
[2025-12-14 13:32:07.628] ⚖️ Computing uniqueness weights for 9018 events... INFO
2025-12-14 13:32:07,628 - System.tprint - INFO - ℹ️ ⚖️ Computing uniqueness weights for 9018 events... INFO
[2025-12-14 13:32:07.637] ✅ Uniqueness weights computed. Mean: 1.0000, Min: 0.4373, Max: 1.3118 SUCCESS
2025-12-14 13:32:07,637 - System.tprint - INFO - ℹ️ ✅ Uniqueness weights computed. Mean: 1.0000, Min: 0.4373, Max: 1.3118 SUCCESS
[I 2025-12-14 13:32:08,274] Trial 2625 finished with value: -0.0067784143308490105 and parameters: {'trail_distance_atr_mult': 0.9489217846098644}. Best is trial 126 with value: -0.000363295272717509.
[2025-12-14 13:32:09.483] ⚖️ Computing uniqueness weights for 9018 events... INFO
2025-12-14 13:32:09,483 - System.tprint - INFO - ℹ️ ⚖️ Computing uniqueness weights for 9018 events... INFO
[2025-12-14 13:32:09.493] ✅ Uniqueness weights computed. Mean: 1.0000, Min: 0.4372, Max: 1.3117 SUCCESS
2025-12-14 13:32:09,493 - System.tprint - INFO - ℹ️ ✅ Uniqueness weights computed. Mean: 1.0000, Min: 0.4372, Max: 1.3117 SUCCESS
[I 2025-12-14 13:32:10,124] Trial 2626 finished with value: -0.0034849037542104768 and parameters: {'trail_distance_atr_mult': 0.6598754042188971}. Best is trial 126 with value: -0.000363295272717509.
[2025-12-14 13:32:11.341] ⚖️ Computing uniqueness weights for 9018 events... INFO
2025-12-14 13:32:11,341 - System.tprint - INFO - ℹ️ ⚖️ Computing uniqueness weights for 9018 events... INFO
[2025-12-14 13:32:11.351] ✅ Uniqueness weights computed. Mean: 1.0000, Min: 0.4374, Max: 1.3121 SUCCESS
2025-12-14 13:32:11,351 - System.tprint - INFO - ℹ️ ✅ Uniqueness weights computed. Mean: 1.0000, Min: 0.4374, Max: 1.3121 SUCCESS
[I 2025-12-14 13:32:11,989] Trial 2627 finished with value: -0.007701268393033632 and parameters: {'trail_distance_atr_mult': 1.1525316557530836}. Best is trial 126 with value: -0.000363295272717509.
[2025-12-14 13:32:13.196] ⚖️ Computing uniqueness weights for 9018 events... INFO
2025-12-14 13:32:13,196 - System.tprint - INFO - ℹ️ ⚖️ Computing uniqueness weights for 9018 events... INFO
[2025-12-14 13:32:13.206] ✅ Uniqueness weights computed. Mean: 1.0000, Min: 0.4375, Max: 1.3125 SUCCESS
2025-12-14 13:32:13,206 - System.tprint - INFO - ℹ️ ✅ Uniqueness weights computed. Mean: 1.0000, Min: 0.4375, Max: 1.3125 SUCCESS
[I 2025-12-14 13:32:13,843] Trial 2628 finished with value: -0.0044019204936050025 and parameters: {'trail_distance_atr_mult': 1.3881160256871665}. Best is trial 126 with value: -0.000363295272717509.
[2025-12-14 13:32:15.059] ⚖️ Computing uniqueness weights for 9018 events... INFO
2025-12-14 13:32:15,059 - System.tprint - INFO - ℹ️ ⚖️ Computing uniqueness weights for 9018 events... INFO
[2025-12-14 13:32:15.069] ✅ Uniqueness weights computed. Mean: 1.0000, Min: 0.4373, Max: 1.3118 SUCCESS
2025-12-14 13:32:15,069 - System.tprint - INFO - ℹ️ ✅ Uniqueness weights computed. Mean: 1.0000, Min: 0.4373, Max: 1.3118 SUCCESS
[I 2025-12-14 13:32:15,704] Trial 2629 finished with value: -0.006778391104095649 and parameters: {'trail_distance_atr_mult': 0.9320908963005633}. Best is trial 126 with value: -0.000363295272717509.
[2025-12-14 13:32:16.907] ⚖️ Computing uniqueness weights for 9018 events... INFO
2025-12-14 13:32:16,907 - System.tprint - INFO - ℹ️ ⚖️ Computing uniqueness weights for 9018 events... INFO
[2025-12-14 13:32:16.918] ✅ Uniqueness weights computed. Mean: 1.0000, Min: 0.4373, Max: 1.3120 SUCCESS
2025-12-14 13:32:16,918 - System.tprint - INFO - ℹ️ ✅ Uniqueness weights computed. Mean: 1.0000, Min: 0.4373, Max: 1.3120 SUCCESS
[I 2025-12-14 13:32:17,559] Trial 2630 finished with value: -0.0008138622313575849 and parameters: {'trail_distance_atr_mult': 1.08576787991243}. Best is trial 126 with value: -0.000363295272717509.
[2025-12-14 13:32:18.753] ⚖️ Computing uniqueness weights for 9018 events... INFO
2025-12-14 13:32:18,753 - System.tprint - INFO - ℹ️ ⚖️ Computing uniqueness weights for 9018 events... INFO
[2025-12-14 13:32:18.763] ✅ Uniqueness weights computed. Mean: 1.0000, Min: 0.4373, Max: 1.3118 SUCCESS
2025-12-14 13:32:18,763 - System.tprint - INFO - ℹ️ ✅ Uniqueness weights computed. Mean: 1.0000, Min: 0.4373, Max: 1.3118 SUCCESS
[I 2025-12-14 13:32:19,419] Trial 2631 finished with value: -0.006778408244492386 and parameters: {'trail_distance_atr_mult': 0.9421688553966037}. Best is trial 126 with value: -0.000363295272717509.
[2025-12-14 13:32:21.017] ⚖️ Computing uniqueness weights for 9018 events... INFO
2025-12-14 13:32:21,017 - System.tprint - INFO - ℹ️ ⚖️ Computing uniqueness weights for 9018 events... INFO
[2025-12-14 13:32:21.027] ✅ Uniqueness weights computed. Mean: 1.0000, Min: 0.4372, Max: 1.3117 SUCCESS
2025-12-14 13:32:21,027 - System.tprint - INFO - ℹ️ ✅ Uniqueness weights computed. Mean: 1.0000, Min: 0.4372, Max: 1.3117 SUCCESS
[I 2025-12-14 13:32:21,676] Trial 2632 finished with value: -0.006727977815282509 and parameters: {'trail_distance_atr_mult': 0.8016555365921096}. Best is trial 126 with value: -0.000363295272717509.
[2025-12-14 13:32:22.881] ⚖️ Computing uniqueness weights for 9018 events... INFO
2025-12-14 13:32:22,881 - System.tprint - INFO - ℹ️ ⚖️ Computing uniqueness weights for 9018 events... INFO
[2025-12-14 13:32:22.891] ✅ Uniqueness weights computed. Mean: 1.0000, Min: 0.4373, Max: 1.3118 SUCCESS
2025-12-14 13:32:22,891 - System.tprint - INFO - ℹ️ ✅ Uniqueness weights computed. Mean: 1.0000, Min: 0.4373, Max: 1.3118 SUCCESS
[I 2025-12-14 13:32:23,537] Trial 2633 finished with value: -0.006758380431510641 and parameters: {'trail_distance_atr_mult': 0.9749314279183673}. Best is trial 126 with value: -0.000363295272717509.
[2025-12-14 13:32:24.733] ⚖️ Computing uniqueness weights for 9018 events... INFO
2025-12-14 13:32:24,733 - System.tprint - INFO - ℹ️ ⚖️ Computing uniqueness weights for 9018 events... INFO
[2025-12-14 13:32:24.743] ✅ Uniqueness weights computed. Mean: 1.0000, Min: 0.4372, Max: 1.3117 SUCCESS
2025-12-14 13:32:24,743 - System.tprint - INFO - ℹ️ ✅ Uniqueness weights computed. Mean: 1.0000, Min: 0.4372, Max: 1.3117 SUCCESS
[I 2025-12-14 13:32:25,403] Trial 2634 finished with value: -0.007321828937469562 and parameters: {'trail_distance_atr_mult': 0.5024992161213522}. Best is trial 126 with value: -0.000363295272717509.
[2025-12-14 13:32:27.011] ⚖️ Computing uniqueness weights for 9018 events... INFO
2025-12-14 13:32:27,012 - System.tprint - INFO - ℹ️ ⚖️ Computing uniqueness weights for 9018 events... INFO
[2025-12-14 13:32:27.027] ✅ Uniqueness weights computed. Mean: 1.0000, Min: 0.4373, Max: 1.3119 SUCCESS
2025-12-14 13:32:27,027 - System.tprint - INFO - ℹ️ ✅ Uniqueness weights computed. Mean: 1.0000, Min: 0.4373, Max: 1.3119 SUCCESS
[I 2025-12-14 13:32:28,128] Trial 2635 finished with value: -0.0067512497197037835 and parameters: {'trail_distance_atr_mult': 1.0072020376496171}. Best is trial 126 with value: -0.000363295272717509.
[2025-12-14 13:32:29.621] ⚖️ Computing uniqueness weights for 9018 events... INFO
2025-12-14 13:32:29,621 - System.tprint - INFO - ℹ️ ⚖️ Computing uniqueness weights for 9018 events... INFO
[2025-12-14 13:32:29.632] ✅ Uniqueness weights computed. Mean: 1.0000, Min: 0.4372, Max: 1.3117 SUCCESS
2025-12-14 13:32:29,632 - System.tprint - INFO - ℹ️ ✅ Uniqueness weights computed. Mean: 1.0000, Min: 0.4372, Max: 1.3117 SUCCESS
[I 2025-12-14 13:32:30,279] Trial 2636 finished with value: -0.0067477339210407624 and parameters: {'trail_distance_atr_mult': 0.7736587493207644}. Best is trial 126 with value: -0.000363295272717509.
[2025-12-14 13:32:31.554] ⚖️ Computing uniqueness weights for 9018 events... INFO
2025-12-14 13:32:31,555 - System.tprint - INFO - ℹ️ ⚖️ Computing uniqueness weights for 9018 events... INFO
[2025-12-14 13:32:31.567] ✅ Uniqueness weights computed. Mean: 1.0000, Min: 0.4373, Max: 1.3119 SUCCESS
2025-12-14 13:32:31,567 - System.tprint - INFO - ℹ️ ✅ Uniqueness weights computed. Mean: 1.0000, Min: 0.4373, Max: 1.3119 SUCCESS
[I 2025-12-14 13:32:32,446] Trial 2637 finished with value: -0.007527239487102157 and parameters: {'trail_distance_atr_mult': 1.0490644926974828}. Best is trial 126 with value: -0.000363295272717509.
[2025-12-14 13:32:33.898] ⚖️ Computing uniqueness weights for 9018 events... INFO
2025-12-14 13:32:33,898 - System.tprint - INFO - ℹ️ ⚖️ Computing uniqueness weights for 9018 events... INFO
[2025-12-14 13:32:33.910] ✅ Uniqueness weights computed. Mean: 1.0000, Min: 0.4372, Max: 1.3117 SUCCESS
2025-12-14 13:32:33,910 - System.tprint - INFO - ℹ️ ✅ Uniqueness weights computed. Mean: 1.0000, Min: 0.4372, Max: 1.3117 SUCCESS
[I 2025-12-14 13:32:34,804] Trial 2638 finished with value: -0.006727934971184473 and parameters: {'trail_distance_atr_mult': 0.8057603674493773}. Best is trial 126 with value: -0.000363295272717509.
[2025-12-14 13:32:36.389] ⚖️ Computing uniqueness weights for 9018 events... INFO
2025-12-14 13:32:36,389 - System.tprint - INFO - ℹ️ ⚖️ Computing uniqueness weights for 9018 events... INFO
[2025-12-14 13:32:36.401] ✅ Uniqueness weights computed. Mean: 1.0000, Min: 0.4373, Max: 1.3119 SUCCESS
2025-12-14 13:32:36,402 - System.tprint - INFO - ℹ️ ✅ Uniqueness weights computed. Mean: 1.0000, Min: 0.4373, Max: 1.3119 SUCCESS
[I 2025-12-14 13:32:37,281] Trial 2639 finished with value: -0.007527231726230569 and parameters: {'trail_distance_atr_mult': 1.0426797561717918}. Best is trial 126 with value: -0.000363295272717509.
[2025-12-14 13:32:38.682] ⚖️ Computing uniqueness weights for 9018 events... INFO
2025-12-14 13:32:38,682 - System.tprint - INFO - ℹ️ ⚖️ Computing uniqueness weights for 9018 events... INFO
[2025-12-14 13:32:38.694] ✅ Uniqueness weights computed. Mean: 1.0000, Min: 0.4373, Max: 1.3118 SUCCESS
2025-12-14 13:32:38,694 - System.tprint - INFO - ℹ️ ✅ Uniqueness weights computed. Mean: 1.0000, Min: 0.4373, Max: 1.3118 SUCCESS
[I 2025-12-14 13:32:39,588] Trial 2640 finished with value: -0.006681122765308792 and parameters: {'trail_distance_atr_mult': 0.8746163340073849}. Best is trial 126 with value: -0.000363295272717509.
[2025-12-14 13:32:40.895] ⚖️ Computing uniqueness weights for 9018 events... INFO
2025-12-14 13:32:40,895 - System.tprint - INFO - ℹ️ ⚖️ Computing uniqueness weights for 9018 events... INFO
[2025-12-14 13:32:40.905] ✅ Uniqueness weights computed. Mean: 1.0000, Min: 0.4372, Max: 1.3117 SUCCESS
2025-12-14 13:32:40,905 - System.tprint - INFO - ℹ️ ✅ Uniqueness weights computed. Mean: 1.0000, Min: 0.4372, Max: 1.3117 SUCCESS
[I 2025-12-14 13:32:41,543] Trial 2641 finished with value: -0.007479331783459741 and parameters: {'trail_distance_atr_mult': 0.6836752975291965}. Best is trial 126 with value: -0.000363295272717509.
[2025-12-14 13:32:42.767] ⚖️ Computing uniqueness weights for 9018 events... INFO
2025-12-14 13:32:42,767 - System.tprint - INFO - ℹ️ ⚖️ Computing uniqueness weights for 9018 events... INFO
[2025-12-14 13:32:42.777] ✅ Uniqueness weights computed. Mean: 1.0000, Min: 0.4373, Max: 1.3120 SUCCESS
2025-12-14 13:32:42,778 - System.tprint - INFO - ℹ️ ✅ Uniqueness weights computed. Mean: 1.0000, Min: 0.4373, Max: 1.3120 SUCCESS
[I 2025-12-14 13:32:43,413] Trial 2642 finished with value: -0.0075272678170651515 and parameters: {'trail_distance_atr_mult': 1.0753486892284132}. Best is trial 126 with value: -0.000363295272717509.
[2025-12-14 13:32:44.607] ⚖️ Computing uniqueness weights for 9018 events... INFO
2025-12-14 13:32:44,608 - System.tprint - INFO - ℹ️ ⚖️ Computing uniqueness weights for 9018 events... INFO
[2025-12-14 13:32:44.617] ✅ Uniqueness weights computed. Mean: 1.0000, Min: 0.4382, Max: 1.3146 SUCCESS
2025-12-14 13:32:44,618 - System.tprint - INFO - ℹ️ ✅ Uniqueness weights computed. Mean: 1.0000, Min: 0.4382, Max: 1.3146 SUCCESS
[I 2025-12-14 13:32:45,251] Trial 2643 finished with value: -0.005275328212911393 and parameters: {'trail_distance_atr_mult': 2.36030200113922}. Best is trial 126 with value: -0.000363295272717509.
[2025-12-14 13:32:46.466] ⚖️ Computing uniqueness weights for 9018 events... INFO
2025-12-14 13:32:46,466 - System.tprint - INFO - ℹ️ ⚖️ Computing uniqueness weights for 9018 events... INFO
[2025-12-14 13:32:46.476] ✅ Uniqueness weights computed. Mean: 1.0000, Min: 0.4373, Max: 1.3120 SUCCESS
2025-12-14 13:32:46,476 - System.tprint - INFO - ℹ️ ✅ Uniqueness weights computed. Mean: 1.0000, Min: 0.4373, Max: 1.3120 SUCCESS
[I 2025-12-14 13:32:47,114] Trial 2644 finished with value: -0.007582018322185083 and parameters: {'trail_distance_atr_mult': 1.0799455842635708}. Best is trial 126 with value: -0.000363295272717509.
[2025-12-14 13:32:48.307] ⚖️ Computing uniqueness weights for 9018 events... INFO
2025-12-14 13:32:48,307 - System.tprint - INFO - ℹ️ ⚖️ Computing uniqueness weights for 9018 events... INFO
[2025-12-14 13:32:48.316] ✅ Uniqueness weights computed. Mean: 1.0000, Min: 0.4373, Max: 1.3118 SUCCESS
2025-12-14 13:32:48,316 - System.tprint - INFO - ℹ️ ✅ Uniqueness weights computed. Mean: 1.0000, Min: 0.4373, Max: 1.3118 SUCCESS
[I 2025-12-14 13:32:48,953] Trial 2645 finished with value: -0.006681090268242297 and parameters: {'trail_distance_atr_mult': 0.8866154845144245}. Best is trial 126 with value: -0.000363295272717509.
[2025-12-14 13:32:50.157] ⚖️ Computing uniqueness weights for 9018 events... INFO
2025-12-14 13:32:50,157 - System.tprint - INFO - ℹ️ ⚖️ Computing uniqueness weights for 9018 events... INFO
[2025-12-14 13:32:50.167] ✅ Uniqueness weights computed. Mean: 1.0000, Min: 0.4372, Max: 1.3117 SUCCESS
2025-12-14 13:32:50,167 - System.tprint - INFO - ℹ️ ✅ Uniqueness weights computed. Mean: 1.0000, Min: 0.4372, Max: 1.3117 SUCCESS
[I 2025-12-14 13:32:50,808] Trial 2646 finished with value: -0.007479331783459741 and parameters: {'trail_distance_atr_mult': 0.6738340328197867}. Best is trial 126 with value: -0.000363295272717509.
[2025-12-14 13:32:52.011] ⚖️ Computing uniqueness weights for 9018 events... INFO
2025-12-14 13:32:52,011 - System.tprint - INFO - ℹ️ ⚖️ Computing uniqueness weights for 9018 events... INFO
[2025-12-14 13:32:52.021] ✅ Uniqueness weights computed. Mean: 1.0000, Min: 0.4374, Max: 1.3121 SUCCESS
2025-12-14 13:32:52,021 - System.tprint - INFO - ℹ️ ✅ Uniqueness weights computed. Mean: 1.0000, Min: 0.4374, Max: 1.3121 SUCCESS
[I 2025-12-14 13:32:52,659] Trial 2647 finished with value: -0.007094666772389291 and parameters: {'trail_distance_atr_mult': 1.1798340158932674}. Best is trial 126 with value: -0.000363295272717509.
[2025-12-14 13:32:53.872] ⚖️ Computing uniqueness weights for 9018 events... INFO
2025-12-14 13:32:53,872 - System.tprint - INFO - ℹ️ ⚖️ Computing uniqueness weights for 9018 events... INFO
[2025-12-14 13:32:53.882] ✅ Uniqueness weights computed. Mean: 1.0000, Min: 0.4373, Max: 1.3118 SUCCESS
2025-12-14 13:32:53,882 - System.tprint - INFO - ℹ️ ✅ Uniqueness weights computed. Mean: 1.0000, Min: 0.4373, Max: 1.3118 SUCCESS
[I 2025-12-14 13:32:54,521] Trial 2648 finished with value: -0.00677839948599007 and parameters: {'trail_distance_atr_mult': 0.9370296289989622}. Best is trial 126 with value: -0.000363295272717509.
[2025-12-14 13:32:55.738] ⚖️ Computing uniqueness weights for 9018 events... INFO
2025-12-14 13:32:55,738 - System.tprint - INFO - ℹ️ ⚖️ Computing uniqueness weights for 9018 events... INFO
[2025-12-14 13:32:55.748] ✅ Uniqueness weights computed. Mean: 1.0000, Min: 0.4373, Max: 1.3120 SUCCESS
2025-12-14 13:32:55,749 - System.tprint - INFO - ℹ️ ✅ Uniqueness weights computed. Mean: 1.0000, Min: 0.4373, Max: 1.3120 SUCCESS
[I 2025-12-14 13:32:56,384] Trial 2649 finished with value: -0.0008138620717964432 and parameters: {'trail_distance_atr_mult': 1.0876522843865024}. Best is trial 126 with value: -0.000363295272717509.
[2025-12-14 13:32:57.586] ⚖️ Computing uniqueness weights for 9018 events... INFO
2025-12-14 13:32:57,586 - System.tprint - INFO - ℹ️ ⚖️ Computing uniqueness weights for 9018 events... INFO
[2025-12-14 13:32:57.596] ✅ Uniqueness weights computed. Mean: 1.0000, Min: 0.4373, Max: 1.3118 SUCCESS
2025-12-14 13:32:57,596 - System.tprint - INFO - ℹ️ ✅ Uniqueness weights computed. Mean: 1.0000, Min: 0.4373, Max: 1.3118 SUCCESS
[I 2025-12-14 13:32:58,235] Trial 2650 finished with value: -0.006758309885659591 and parameters: {'trail_distance_atr_mult': 0.9636256759533922}. Best is trial 126 with value: -0.000363295272717509.
[2025-12-14 13:32:59.466] ⚖️ Computing uniqueness weights for 9018 events... INFO
2025-12-14 13:32:59,466 - System.tprint - INFO - ℹ️ ⚖️ Computing uniqueness weights for 9018 events... INFO
[2025-12-14 13:32:59.477] ✅ Uniqueness weights computed. Mean: 1.0000, Min: 0.4373, Max: 1.3119 SUCCESS
2025-12-14 13:32:59,477 - System.tprint - INFO - ℹ️ ✅ Uniqueness weights computed. Mean: 1.0000, Min: 0.4373, Max: 1.3119 SUCCESS
[I 2025-12-14 13:33:00,132] Trial 2651 finished with value: -0.007527236349676613 and parameters: {'trail_distance_atr_mult': 1.046466086950067}. Best is trial 126 with value: -0.000363295272717509.
[2025-12-14 13:33:01.308] ⚖️ Computing uniqueness weights for 9018 events... INFO
2025-12-14 13:33:01,308 - System.tprint - INFO - ℹ️ ⚖️ Computing uniqueness weights for 9018 events... INFO
[2025-12-14 13:33:01.318] ✅ Uniqueness weights computed. Mean: 1.0000, Min: 0.4372, Max: 1.3117 SUCCESS
2025-12-14 13:33:01,318 - System.tprint - INFO - ℹ️ ✅ Uniqueness weights computed. Mean: 1.0000, Min: 0.4372, Max: 1.3117 SUCCESS
[I 2025-12-14 13:33:01,975] Trial 2652 finished with value: -0.006728027256126836 and parameters: {'trail_distance_atr_mult': 0.7968616317428988}. Best is trial 126 with value: -0.000363295272717509.
[2025-12-14 13:33:03.177] ⚖️ Computing uniqueness weights for 9018 events... INFO
2025-12-14 13:33:03,177 - System.tprint - INFO - ℹ️ ⚖️ Computing uniqueness weights for 9018 events... INFO
[2025-12-14 13:33:03.187] ✅ Uniqueness weights computed. Mean: 1.0000, Min: 0.4373, Max: 1.3120 SUCCESS
2025-12-14 13:33:03,187 - System.tprint - INFO - ℹ️ ✅ Uniqueness weights computed. Mean: 1.0000, Min: 0.4373, Max: 1.3120 SUCCESS
[I 2025-12-14 13:33:03,829] Trial 2653 finished with value: -0.0016006569056582782 and parameters: {'trail_distance_atr_mult': 1.084018985245841}. Best is trial 126 with value: -0.000363295272717509.
[2025-12-14 13:33:05.049] ⚖️ Computing uniqueness weights for 9018 events... INFO
2025-12-14 13:33:05,049 - System.tprint - INFO - ℹ️ ⚖️ Computing uniqueness weights for 9018 events... INFO
[2025-12-14 13:33:05.059] ✅ Uniqueness weights computed. Mean: 1.0000, Min: 0.4373, Max: 1.3118 SUCCESS
2025-12-14 13:33:05,059 - System.tprint - INFO - ℹ️ ✅ Uniqueness weights computed. Mean: 1.0000, Min: 0.4373, Max: 1.3118 SUCCESS
[I 2025-12-14 13:33:05,714] Trial 2654 finished with value: -0.006804544787724628 and parameters: {'trail_distance_atr_mult': 0.8436502587721244}. Best is trial 126 with value: -0.000363295272717509.
[2025-12-14 13:33:06.916] ⚖️ Computing uniqueness weights for 9018 events... INFO
2025-12-14 13:33:06,916 - System.tprint - INFO - ℹ️ ⚖️ Computing uniqueness weights for 9018 events... INFO
[2025-12-14 13:33:06.925] ✅ Uniqueness weights computed. Mean: 1.0000, Min: 0.4374, Max: 1.3121 SUCCESS
2025-12-14 13:33:06,925 - System.tprint - INFO - ℹ️ ✅ Uniqueness weights computed. Mean: 1.0000, Min: 0.4374, Max: 1.3121 SUCCESS
[I 2025-12-14 13:33:07,560] Trial 2655 finished with value: -0.007529583118039884 and parameters: {'trail_distance_atr_mult': 1.166434401446324}. Best is trial 126 with value: -0.000363295272717509.
[2025-12-14 13:33:08.760] ⚖️ Computing uniqueness weights for 9018 events... INFO
2025-12-14 13:33:08,761 - System.tprint - INFO - ℹ️ ⚖️ Computing uniqueness weights for 9018 events... INFO
[2025-12-14 13:33:08.771] ✅ Uniqueness weights computed. Mean: 1.0000, Min: 0.4372, Max: 1.3117 SUCCESS
2025-12-14 13:33:08,771 - System.tprint - INFO - ℹ️ ✅ Uniqueness weights computed. Mean: 1.0000, Min: 0.4372, Max: 1.3117 SUCCESS
[I 2025-12-14 13:33:09,405] Trial 2656 finished with value: -0.007479331783459741 and parameters: {'trail_distance_atr_mult': 0.6925608387990302}. Best is trial 126 with value: -0.000363295272717509.
[2025-12-14 13:33:10.610] ⚖️ Computing uniqueness weights for 9018 events... INFO
2025-12-14 13:33:10,610 - System.tprint - INFO - ℹ️ ⚖️ Computing uniqueness weights for 9018 events... INFO
[2025-12-14 13:33:10.620] ✅ Uniqueness weights computed. Mean: 1.0000, Min: 0.4373, Max: 1.3118 SUCCESS
2025-12-14 13:33:10,620 - System.tprint - INFO - ℹ️ ✅ Uniqueness weights computed. Mean: 1.0000, Min: 0.4373, Max: 1.3118 SUCCESS
[I 2025-12-14 13:33:11,257] Trial 2657 finished with value: -0.006758365057485598 and parameters: {'trail_distance_atr_mult': 0.9724763915513616}. Best is trial 126 with value: -0.000363295272717509.
[2025-12-14 13:33:12.475] ⚖️ Computing uniqueness weights for 9018 events... INFO
2025-12-14 13:33:12,475 - System.tprint - INFO - ℹ️ ⚖️ Computing uniqueness weights for 9018 events... INFO
[2025-12-14 13:33:12.485] ✅ Uniqueness weights computed. Mean: 1.0000, Min: 0.4374, Max: 1.3121 SUCCESS
2025-12-14 13:33:12,485 - System.tprint - INFO - ℹ️ ✅ Uniqueness weights computed. Mean: 1.0000, Min: 0.4374, Max: 1.3121 SUCCESS
[I 2025-12-14 13:33:13,123] Trial 2658 finished with value: -0.004891393519999322 and parameters: {'trail_distance_atr_mult': 1.1951243750452705}. Best is trial 126 with value: -0.000363295272717509.
[2025-12-14 13:33:14.328] ⚖️ Computing uniqueness weights for 9018 events... INFO
2025-12-14 13:33:14,328 - System.tprint - INFO - ℹ️ ⚖️ Computing uniqueness weights for 9018 events... INFO
[2025-12-14 13:33:14.338] ✅ Uniqueness weights computed. Mean: 1.0000, Min: 0.4373, Max: 1.3118 SUCCESS
2025-12-14 13:33:14,338 - System.tprint - INFO - ℹ️ ✅ Uniqueness weights computed. Mean: 1.0000, Min: 0.4373, Max: 1.3118 SUCCESS
