[I 2025-12-14 12:58:15,199] Trial 1644 finished with value: -0.006728245188576229 and parameters: {'trail_distance_atr_mult': 0.7747857457113307}. Best is trial 126 with value: -0.000363295272717509.
[2025-12-14 12:58:16.404] ⚖️ Computing uniqueness weights for 9018 events... INFO
2025-12-14 12:58:16,404 - System.tprint - INFO - ℹ️ ⚖️ Computing uniqueness weights for 9018 events... INFO
[2025-12-14 12:58:16.415] ✅ Uniqueness weights computed. Mean: 1.0000, Min: 0.4372, Max: 1.3117 SUCCESS
2025-12-14 12:58:16,415 - System.tprint - INFO - ℹ️ ✅ Uniqueness weights computed. Mean: 1.0000, Min: 0.4372, Max: 1.3117 SUCCESS
[I 2025-12-14 12:58:17,053] Trial 1645 finished with value: -0.007588361980668177 and parameters: {'trail_distance_atr_mult': 0.7465199661722896}. Best is trial 126 with value: -0.000363295272717509.
[2025-12-14 12:58:18.237] ⚖️ Computing uniqueness weights for 9018 events... INFO
2025-12-14 12:58:18,237 - System.tprint - INFO - ℹ️ ⚖️ Computing uniqueness weights for 9018 events... INFO
[2025-12-14 12:58:18.247] ✅ Uniqueness weights computed. Mean: 1.0000, Min: 0.4372, Max: 1.3117 SUCCESS
2025-12-14 12:58:18,247 - System.tprint - INFO - ℹ️ ✅ Uniqueness weights computed. Mean: 1.0000, Min: 0.4372, Max: 1.3117 SUCCESS
[I 2025-12-14 12:58:19,003] Trial 1646 finished with value: -0.007321828937469562 and parameters: {'trail_distance_atr_mult': 0.5030469630091681}. Best is trial 126 with value: -0.000363295272717509.
[2025-12-14 12:58:20.193] ⚖️ Computing uniqueness weights for 9018 events... INFO
2025-12-14 12:58:20,193 - System.tprint - INFO - ℹ️ ⚖️ Computing uniqueness weights for 9018 events... INFO
[2025-12-14 12:58:20.203] ✅ Uniqueness weights computed. Mean: 1.0000, Min: 0.4372, Max: 1.3117 SUCCESS
2025-12-14 12:58:20,203 - System.tprint - INFO - ℹ️ ✅ Uniqueness weights computed. Mean: 1.0000, Min: 0.4372, Max: 1.3117 SUCCESS
[I 2025-12-14 12:58:20,848] Trial 1647 finished with value: -0.006728153660120164 and parameters: {'trail_distance_atr_mult': 0.784225317219364}. Best is trial 126 with value: -0.000363295272717509.
[2025-12-14 12:58:22.056] ⚖️ Computing uniqueness weights for 9018 events... INFO
2025-12-14 12:58:22,056 - System.tprint - INFO - ℹ️ ⚖️ Computing uniqueness weights for 9018 events... INFO
[2025-12-14 12:58:22.066] ✅ Uniqueness weights computed. Mean: 1.0000, Min: 0.4372, Max: 1.3117 SUCCESS
2025-12-14 12:58:22,066 - System.tprint - INFO - ℹ️ ✅ Uniqueness weights computed. Mean: 1.0000, Min: 0.4372, Max: 1.3117 SUCCESS
[I 2025-12-14 12:58:22,732] Trial 1648 finished with value: -0.006728096619520274 and parameters: {'trail_distance_atr_mult': 0.7899790587202975}. Best is trial 126 with value: -0.000363295272717509.
[2025-12-14 12:58:23.936] ⚖️ Computing uniqueness weights for 9018 events... INFO
2025-12-14 12:58:23,936 - System.tprint - INFO - ℹ️ ⚖️ Computing uniqueness weights for 9018 events... INFO
[2025-12-14 12:58:23.946] ✅ Uniqueness weights computed. Mean: 1.0000, Min: 0.4372, Max: 1.3117 SUCCESS
2025-12-14 12:58:23,946 - System.tprint - INFO - ℹ️ ✅ Uniqueness weights computed. Mean: 1.0000, Min: 0.4372, Max: 1.3117 SUCCESS
[I 2025-12-14 12:58:24,660] Trial 1649 finished with value: -0.006727992319450066 and parameters: {'trail_distance_atr_mult': 0.8002559403930665}. Best is trial 126 with value: -0.000363295272717509.
[2025-12-14 12:58:25.887] ⚖️ Computing uniqueness weights for 9018 events... INFO
2025-12-14 12:58:25,888 - System.tprint - INFO - ℹ️ ⚖️ Computing uniqueness weights for 9018 events... INFO
[2025-12-14 12:58:25.897] ✅ Uniqueness weights computed. Mean: 1.0000, Min: 0.4372, Max: 1.3117 SUCCESS
2025-12-14 12:58:25,897 - System.tprint - INFO - ℹ️ ✅ Uniqueness weights computed. Mean: 1.0000, Min: 0.4372, Max: 1.3117 SUCCESS
[I 2025-12-14 12:58:26,571] Trial 1650 finished with value: -0.0067280545267782155 and parameters: {'trail_distance_atr_mult': 0.7941737896517181}. Best is trial 126 with value: -0.000363295272717509.
[2025-12-14 12:58:27.921] ⚖️ Computing uniqueness weights for 9018 events... INFO
2025-12-14 12:58:27,921 - System.tprint - INFO - ℹ️ ⚖️ Computing uniqueness weights for 9018 events... INFO
[2025-12-14 12:58:27.931] ✅ Uniqueness weights computed. Mean: 1.0000, Min: 0.4372, Max: 1.3117 SUCCESS
2025-12-14 12:58:27,931 - System.tprint - INFO - ℹ️ ✅ Uniqueness weights computed. Mean: 1.0000, Min: 0.4372, Max: 1.3117 SUCCESS
[I 2025-12-14 12:58:28,700] Trial 1651 finished with value: -0.006727964768058783 and parameters: {'trail_distance_atr_mult': 0.8029102175997295}. Best is trial 126 with value: -0.000363295272717509.
[2025-12-14 12:58:30.376] ⚖️ Computing uniqueness weights for 9018 events... INFO
2025-12-14 12:58:30,376 - System.tprint - INFO - ℹ️ ⚖️ Computing uniqueness weights for 9018 events... INFO
[2025-12-14 12:58:30.391] ✅ Uniqueness weights computed. Mean: 1.0000, Min: 0.4372, Max: 1.3117 SUCCESS
2025-12-14 12:58:30,391 - System.tprint - INFO - ℹ️ ✅ Uniqueness weights computed. Mean: 1.0000, Min: 0.4372, Max: 1.3117 SUCCESS
[I 2025-12-14 12:58:31,348] Trial 1652 finished with value: -0.006728155154632314 and parameters: {'trail_distance_atr_mult': 0.7840704160494607}. Best is trial 126 with value: -0.000363295272717509.
[2025-12-14 12:58:33.004] ⚖️ Computing uniqueness weights for 9018 events... INFO
2025-12-14 12:58:33,005 - System.tprint - INFO - ℹ️ ⚖️ Computing uniqueness weights for 9018 events... INFO
[2025-12-14 12:58:33.017] ✅ Uniqueness weights computed. Mean: 1.0000, Min: 0.4372, Max: 1.3117 SUCCESS
2025-12-14 12:58:33,017 - System.tprint - INFO - ℹ️ ✅ Uniqueness weights computed. Mean: 1.0000, Min: 0.4372, Max: 1.3117 SUCCESS
[I 2025-12-14 12:58:33,892] Trial 1653 finished with value: -0.00674774200278505 and parameters: {'trail_distance_atr_mult': 0.7708576536790552}. Best is trial 126 with value: -0.000363295272717509.
[2025-12-14 12:58:35.323] ⚖️ Computing uniqueness weights for 9018 events... INFO
2025-12-14 12:58:35,323 - System.tprint - INFO - ℹ️ ⚖️ Computing uniqueness weights for 9018 events... INFO
[2025-12-14 12:58:35.334] ✅ Uniqueness weights computed. Mean: 1.0000, Min: 0.4372, Max: 1.3117 SUCCESS
2025-12-14 12:58:35,334 - System.tprint - INFO - ℹ️ ✅ Uniqueness weights computed. Mean: 1.0000, Min: 0.4372, Max: 1.3117 SUCCESS
[I 2025-12-14 12:58:36,226] Trial 1654 finished with value: -0.007321828937469562 and parameters: {'trail_distance_atr_mult': 0.5291692232737775}. Best is trial 126 with value: -0.000363295272717509.
[2025-12-14 12:58:37.631] ⚖️ Computing uniqueness weights for 9018 events... INFO
2025-12-14 12:58:37,632 - System.tprint - INFO - ℹ️ ⚖️ Computing uniqueness weights for 9018 events... INFO
[2025-12-14 12:58:37.643] ✅ Uniqueness weights computed. Mean: 1.0000, Min: 0.4372, Max: 1.3117 SUCCESS
2025-12-14 12:58:37,644 - System.tprint - INFO - ℹ️ ✅ Uniqueness weights computed. Mean: 1.0000, Min: 0.4372, Max: 1.3117 SUCCESS
[I 2025-12-14 12:58:38,532] Trial 1655 finished with value: -0.00672817032724109 and parameters: {'trail_distance_atr_mult': 0.7825244475917467}. Best is trial 126 with value: -0.000363295272717509.
[2025-12-14 12:58:39.901] ⚖️ Computing uniqueness weights for 9018 events... INFO
2025-12-14 12:58:39,901 - System.tprint - INFO - ℹ️ ⚖️ Computing uniqueness weights for 9018 events... INFO
[2025-12-14 12:58:39.912] ✅ Uniqueness weights computed. Mean: 1.0000, Min: 0.4372, Max: 1.3117 SUCCESS
2025-12-14 12:58:39,912 - System.tprint - INFO - ℹ️ ✅ Uniqueness weights computed. Mean: 1.0000, Min: 0.4372, Max: 1.3117 SUCCESS
[I 2025-12-14 12:58:40,812] Trial 1656 finished with value: -0.006747763848581541 and parameters: {'trail_distance_atr_mult': 0.7631035332984797}. Best is trial 126 with value: -0.000363295272717509.
[2025-12-14 12:58:42.197] ⚖️ Computing uniqueness weights for 9018 events... INFO
2025-12-14 12:58:42,197 - System.tprint - INFO - ℹ️ ⚖️ Computing uniqueness weights for 9018 events... INFO
[2025-12-14 12:58:42.207] ✅ Uniqueness weights computed. Mean: 1.0000, Min: 0.4372, Max: 1.3117 SUCCESS
2025-12-14 12:58:42,207 - System.tprint - INFO - ℹ️ ✅ Uniqueness weights computed. Mean: 1.0000, Min: 0.4372, Max: 1.3117 SUCCESS
[I 2025-12-14 12:58:42,850] Trial 1657 finished with value: -0.006728225938939199 and parameters: {'trail_distance_atr_mult': 0.7767962655353711}. Best is trial 126 with value: -0.000363295272717509.
[2025-12-14 12:58:44.065] ⚖️ Computing uniqueness weights for 9018 events... INFO
2025-12-14 12:58:44,066 - System.tprint - INFO - ℹ️ ⚖️ Computing uniqueness weights for 9018 events... INFO
[2025-12-14 12:58:44.075] ✅ Uniqueness weights computed. Mean: 1.0000, Min: 0.4372, Max: 1.3117 SUCCESS
2025-12-14 12:58:44,075 - System.tprint - INFO - ℹ️ ✅ Uniqueness weights computed. Mean: 1.0000, Min: 0.4372, Max: 1.3117 SUCCESS
[I 2025-12-14 12:58:44,719] Trial 1658 finished with value: -0.006728144500471427 and parameters: {'trail_distance_atr_mult': 0.785153028035315}. Best is trial 126 with value: -0.000363295272717509.
[2025-12-14 12:58:45.922] ⚖️ Computing uniqueness weights for 9018 events... INFO
2025-12-14 12:58:45,922 - System.tprint - INFO - ℹ️ ⚖️ Computing uniqueness weights for 9018 events... INFO
[2025-12-14 12:58:45.933] ✅ Uniqueness weights computed. Mean: 1.0000, Min: 0.4372, Max: 1.3117 SUCCESS
2025-12-14 12:58:45,933 - System.tprint - INFO - ℹ️ ✅ Uniqueness weights computed. Mean: 1.0000, Min: 0.4372, Max: 1.3117 SUCCESS
[I 2025-12-14 12:58:46,604] Trial 1659 finished with value: -0.006728152196080839 and parameters: {'trail_distance_atr_mult': 0.7843749710678667}. Best is trial 126 with value: -0.000363295272717509.
[2025-12-14 12:58:47.804] ⚖️ Computing uniqueness weights for 9018 events... INFO
2025-12-14 12:58:47,804 - System.tprint - INFO - ℹ️ ⚖️ Computing uniqueness weights for 9018 events... INFO
[2025-12-14 12:58:47.814] ✅ Uniqueness weights computed. Mean: 1.0000, Min: 0.4372, Max: 1.3117 SUCCESS
2025-12-14 12:58:47,814 - System.tprint - INFO - ℹ️ ✅ Uniqueness weights computed. Mean: 1.0000, Min: 0.4372, Max: 1.3117 SUCCESS
[I 2025-12-14 12:58:48,448] Trial 1660 finished with value: -0.0067279374051892995 and parameters: {'trail_distance_atr_mult': 0.8055289172989453}. Best is trial 126 with value: -0.000363295272717509.
[2025-12-14 12:58:49.658] ⚖️ Computing uniqueness weights for 9018 events... INFO
2025-12-14 12:58:49,658 - System.tprint - INFO - ℹ️ ⚖️ Computing uniqueness weights for 9018 events... INFO
[2025-12-14 12:58:49.669] ✅ Uniqueness weights computed. Mean: 1.0000, Min: 0.4372, Max: 1.3117 SUCCESS
2025-12-14 12:58:49,669 - System.tprint - INFO - ℹ️ ✅ Uniqueness weights computed. Mean: 1.0000, Min: 0.4372, Max: 1.3117 SUCCESS
[I 2025-12-14 12:58:50,308] Trial 1661 finished with value: -0.006727895553661798 and parameters: {'trail_distance_atr_mult': 0.8094740939626173}. Best is trial 126 with value: -0.000363295272717509.
[2025-12-14 12:58:51.499] ⚖️ Computing uniqueness weights for 9018 events... INFO
2025-12-14 12:58:51,499 - System.tprint - INFO - ℹ️ ⚖️ Computing uniqueness weights for 9018 events... INFO
[2025-12-14 12:58:51.509] ✅ Uniqueness weights computed. Mean: 1.0000, Min: 0.4372, Max: 1.3117 SUCCESS
2025-12-14 12:58:51,509 - System.tprint - INFO - ℹ️ ✅ Uniqueness weights computed. Mean: 1.0000, Min: 0.4372, Max: 1.3117 SUCCESS
[I 2025-12-14 12:58:52,145] Trial 1662 finished with value: -0.007321828937469562 and parameters: {'trail_distance_atr_mult': 0.5008538786716783}. Best is trial 126 with value: -0.000363295272717509.
[2025-12-14 12:58:53.360] ⚖️ Computing uniqueness weights for 9018 events... INFO
2025-12-14 12:58:53,360 - System.tprint - INFO - ℹ️ ⚖️ Computing uniqueness weights for 9018 events... INFO
[2025-12-14 12:58:53.370] ✅ Uniqueness weights computed. Mean: 1.0000, Min: 0.4372, Max: 1.3117 SUCCESS
2025-12-14 12:58:53,370 - System.tprint - INFO - ℹ️ ✅ Uniqueness weights computed. Mean: 1.0000, Min: 0.4372, Max: 1.3117 SUCCESS
[I 2025-12-14 12:58:54,035] Trial 1663 finished with value: -0.006728094026577012 and parameters: {'trail_distance_atr_mult': 0.790236014874903}. Best is trial 126 with value: -0.000363295272717509.
[2025-12-14 12:58:55.269] ⚖️ Computing uniqueness weights for 9018 events... INFO
2025-12-14 12:58:55,269 - System.tprint - INFO - ℹ️ ⚖️ Computing uniqueness weights for 9018 events... INFO
[2025-12-14 12:58:55.278] ✅ Uniqueness weights computed. Mean: 1.0000, Min: 0.4373, Max: 1.3118 SUCCESS
2025-12-14 12:58:55,278 - System.tprint - INFO - ℹ️ ✅ Uniqueness weights computed. Mean: 1.0000, Min: 0.4373, Max: 1.3118 SUCCESS
[I 2025-12-14 12:58:55,972] Trial 1664 finished with value: -0.006654655142427786 and parameters: {'trail_distance_atr_mult': 0.8198774465469338}. Best is trial 126 with value: -0.000363295272717509.
[2025-12-14 12:58:57.189] ⚖️ Computing uniqueness weights for 9018 events... INFO
2025-12-14 12:58:57,189 - System.tprint - INFO - ℹ️ ⚖️ Computing uniqueness weights for 9018 events... INFO
[2025-12-14 12:58:57.200] ✅ Uniqueness weights computed. Mean: 1.0000, Min: 0.4372, Max: 1.3117 SUCCESS
2025-12-14 12:58:57,200 - System.tprint - INFO - ℹ️ ✅ Uniqueness weights computed. Mean: 1.0000, Min: 0.4372, Max: 1.3117 SUCCESS
[I 2025-12-14 12:58:57,849] Trial 1665 finished with value: -0.007546852514577222 and parameters: {'trail_distance_atr_mult': 0.5929373159220543}. Best is trial 126 with value: -0.000363295272717509.
[2025-12-14 12:58:59.079] ⚖️ Computing uniqueness weights for 9018 events... INFO
2025-12-14 12:58:59,079 - System.tprint - INFO - ℹ️ ⚖️ Computing uniqueness weights for 9018 events... INFO
[2025-12-14 12:58:59.089] ✅ Uniqueness weights computed. Mean: 1.0000, Min: 0.4373, Max: 1.3118 SUCCESS
2025-12-14 12:58:59,089 - System.tprint - INFO - ℹ️ ✅ Uniqueness weights computed. Mean: 1.0000, Min: 0.4373, Max: 1.3118 SUCCESS
[I 2025-12-14 12:58:59,862] Trial 1666 finished with value: -0.0067348432759263745 and parameters: {'trail_distance_atr_mult': 0.8584533483195222}. Best is trial 126 with value: -0.000363295272717509.
[2025-12-14 12:59:01.053] ⚖️ Computing uniqueness weights for 9018 events... INFO
2025-12-14 12:59:01,053 - System.tprint - INFO - ℹ️ ⚖️ Computing uniqueness weights for 9018 events... INFO
[2025-12-14 12:59:01.064] ✅ Uniqueness weights computed. Mean: 1.0000, Min: 0.4373, Max: 1.3118 SUCCESS
2025-12-14 12:59:01,064 - System.tprint - INFO - ℹ️ ✅ Uniqueness weights computed. Mean: 1.0000, Min: 0.4373, Max: 1.3118 SUCCESS
[I 2025-12-14 12:59:01,794] Trial 1667 finished with value: -0.006804525123603028 and parameters: {'trail_distance_atr_mult': 0.8308875352485721}. Best is trial 126 with value: -0.000363295272717509.
[2025-12-14 12:59:03.017] ⚖️ Computing uniqueness weights for 9018 events... INFO
2025-12-14 12:59:03,017 - System.tprint - INFO - ℹ️ ⚖️ Computing uniqueness weights for 9018 events... INFO
[2025-12-14 12:59:03.026] ✅ Uniqueness weights computed. Mean: 1.0000, Min: 0.4372, Max: 1.3117 SUCCESS
2025-12-14 12:59:03,026 - System.tprint - INFO - ℹ️ ✅ Uniqueness weights computed. Mean: 1.0000, Min: 0.4372, Max: 1.3117 SUCCESS
[I 2025-12-14 12:59:03,664] Trial 1668 finished with value: -0.006728058654704069 and parameters: {'trail_distance_atr_mult': 0.7937708179957681}. Best is trial 126 with value: -0.000363295272717509.
[2025-12-14 12:59:04.878] ⚖️ Computing uniqueness weights for 9018 events... INFO
2025-12-14 12:59:04,878 - System.tprint - INFO - ℹ️ ⚖️ Computing uniqueness weights for 9018 events... INFO
[2025-12-14 12:59:04.888] ✅ Uniqueness weights computed. Mean: 1.0000, Min: 0.4373, Max: 1.3118 SUCCESS
2025-12-14 12:59:04,888 - System.tprint - INFO - ℹ️ ✅ Uniqueness weights computed. Mean: 1.0000, Min: 0.4373, Max: 1.3118 SUCCESS
[I 2025-12-14 12:59:05,658] Trial 1669 finished with value: -0.006584445447217185 and parameters: {'trail_distance_atr_mult': 0.8536461309826164}. Best is trial 126 with value: -0.000363295272717509.
[2025-12-14 12:59:06.949] ⚖️ Computing uniqueness weights for 9018 events... INFO
2025-12-14 12:59:06,949 - System.tprint - INFO - ℹ️ ⚖️ Computing uniqueness weights for 9018 events... INFO
[2025-12-14 12:59:06.959] ✅ Uniqueness weights computed. Mean: 1.0000, Min: 0.4373, Max: 1.3118 SUCCESS
2025-12-14 12:59:06,960 - System.tprint - INFO - ℹ️ ✅ Uniqueness weights computed. Mean: 1.0000, Min: 0.4373, Max: 1.3118 SUCCESS
[I 2025-12-14 12:59:07,754] Trial 1670 finished with value: -0.006654653509865152 and parameters: {'trail_distance_atr_mult': 0.8218583874458236}. Best is trial 126 with value: -0.000363295272717509.
[2025-12-14 12:59:08.978] ⚖️ Computing uniqueness weights for 9018 events... INFO
2025-12-14 12:59:08,979 - System.tprint - INFO - ℹ️ ⚖️ Computing uniqueness weights for 9018 events... INFO
[2025-12-14 12:59:08.989] ✅ Uniqueness weights computed. Mean: 1.0000, Min: 0.4372, Max: 1.3117 SUCCESS
2025-12-14 12:59:08,989 - System.tprint - INFO - ℹ️ ✅ Uniqueness weights computed. Mean: 1.0000, Min: 0.4372, Max: 1.3117 SUCCESS
[I 2025-12-14 12:59:09,626] Trial 1671 finished with value: -0.007546852514577222 and parameters: {'trail_distance_atr_mult': 0.588323230230424}. Best is trial 126 with value: -0.000363295272717509.
[2025-12-14 12:59:10.817] ⚖️ Computing uniqueness weights for 9018 events... INFO
2025-12-14 12:59:10,817 - System.tprint - INFO - ℹ️ ⚖️ Computing uniqueness weights for 9018 events... INFO
[2025-12-14 12:59:10.827] ✅ Uniqueness weights computed. Mean: 1.0000, Min: 0.4372, Max: 1.3117 SUCCESS
2025-12-14 12:59:10,827 - System.tprint - INFO - ℹ️ ✅ Uniqueness weights computed. Mean: 1.0000, Min: 0.4372, Max: 1.3117 SUCCESS
[I 2025-12-14 12:59:11,462] Trial 1672 finished with value: -0.007546852514577222 and parameters: {'trail_distance_atr_mult': 0.6374605522822526}. Best is trial 126 with value: -0.000363295272717509.
[2025-12-14 12:59:12.644] ⚖️ Computing uniqueness weights for 9018 events... INFO
2025-12-14 12:59:12,644 - System.tprint - INFO - ℹ️ ⚖️ Computing uniqueness weights for 9018 events... INFO
[2025-12-14 12:59:12.654] ✅ Uniqueness weights computed. Mean: 1.0000, Min: 0.4373, Max: 1.3118 SUCCESS
2025-12-14 12:59:12,654 - System.tprint - INFO - ℹ️ ✅ Uniqueness weights computed. Mean: 1.0000, Min: 0.4373, Max: 1.3118 SUCCESS
[I 2025-12-14 12:59:13,299] Trial 1673 finished with value: -0.006804506783475802 and parameters: {'trail_distance_atr_mult': 0.8240458491894005}. Best is trial 126 with value: -0.000363295272717509.
[2025-12-14 12:59:14.690] ⚖️ Computing uniqueness weights for 9018 events... INFO
2025-12-14 12:59:14,690 - System.tprint - INFO - ℹ️ ⚖️ Computing uniqueness weights for 9018 events... INFO
[2025-12-14 12:59:14.703] ✅ Uniqueness weights computed. Mean: 1.0000, Min: 0.4373, Max: 1.3118 SUCCESS
2025-12-14 12:59:14,703 - System.tprint - INFO - ℹ️ ✅ Uniqueness weights computed. Mean: 1.0000, Min: 0.4373, Max: 1.3118 SUCCESS
[I 2025-12-14 12:59:15,381] Trial 1674 finished with value: -0.006654653605027444 and parameters: {'trail_distance_atr_mult': 0.8217451175179246}. Best is trial 126 with value: -0.000363295272717509.
[2025-12-14 12:59:16.619] ⚖️ Computing uniqueness weights for 9018 events... INFO
2025-12-14 12:59:16,619 - System.tprint - INFO - ℹ️ ⚖️ Computing uniqueness weights for 9018 events... INFO
[2025-12-14 12:59:16.628] ✅ Uniqueness weights computed. Mean: 1.0000, Min: 0.4382, Max: 1.3145 SUCCESS
2025-12-14 12:59:16,628 - System.tprint - INFO - ℹ️ ✅ Uniqueness weights computed. Mean: 1.0000, Min: 0.4382, Max: 1.3145 SUCCESS
[I 2025-12-14 12:59:17,271] Trial 1675 finished with value: -0.002527544725103202 and parameters: {'trail_distance_atr_mult': 2.348080807642469}. Best is trial 126 with value: -0.000363295272717509.
[2025-12-14 12:59:18.453] ⚖️ Computing uniqueness weights for 9018 events... INFO
2025-12-14 12:59:18,453 - System.tprint - INFO - ℹ️ ⚖️ Computing uniqueness weights for 9018 events... INFO
[2025-12-14 12:59:18.463] ✅ Uniqueness weights computed. Mean: 1.0000, Min: 0.4373, Max: 1.3118 SUCCESS
2025-12-14 12:59:18,463 - System.tprint - INFO - ℹ️ ✅ Uniqueness weights computed. Mean: 1.0000, Min: 0.4373, Max: 1.3118 SUCCESS
[I 2025-12-14 12:59:19,210] Trial 1676 finished with value: -0.0068045269586939445 and parameters: {'trail_distance_atr_mult': 0.8316735988674208}. Best is trial 126 with value: -0.000363295272717509.
[2025-12-14 12:59:20.375] ⚖️ Computing uniqueness weights for 9018 events... INFO
2025-12-14 12:59:20,375 - System.tprint - INFO - ℹ️ ⚖️ Computing uniqueness weights for 9018 events... INFO
[2025-12-14 12:59:20.385] ✅ Uniqueness weights computed. Mean: 1.0000, Min: 0.4373, Max: 1.3118 SUCCESS
2025-12-14 12:59:20,385 - System.tprint - INFO - ℹ️ ✅ Uniqueness weights computed. Mean: 1.0000, Min: 0.4373, Max: 1.3118 SUCCESS
[I 2025-12-14 12:59:21,098] Trial 1677 finished with value: -0.006681178497718988 and parameters: {'trail_distance_atr_mult': 0.8631749584234503}. Best is trial 126 with value: -0.000363295272717509.
[2025-12-14 12:59:22.333] ⚖️ Computing uniqueness weights for 9018 events... INFO
2025-12-14 12:59:22,333 - System.tprint - INFO - ℹ️ ⚖️ Computing uniqueness weights for 9018 events... INFO
[2025-12-14 12:59:22.342] ✅ Uniqueness weights computed. Mean: 1.0000, Min: 0.4372, Max: 1.3117 SUCCESS
2025-12-14 12:59:22,343 - System.tprint - INFO - ℹ️ ✅ Uniqueness weights computed. Mean: 1.0000, Min: 0.4372, Max: 1.3117 SUCCESS
[I 2025-12-14 12:59:22,981] Trial 1678 finished with value: -0.006727902120675508 and parameters: {'trail_distance_atr_mult': 0.80885645793348}. Best is trial 126 with value: -0.000363295272717509.
[2025-12-14 12:59:24.170] ⚖️ Computing uniqueness weights for 9018 events... INFO
2025-12-14 12:59:24,170 - System.tprint - INFO - ℹ️ ⚖️ Computing uniqueness weights for 9018 events... INFO
[2025-12-14 12:59:24.180] ✅ Uniqueness weights computed. Mean: 1.0000, Min: 0.4373, Max: 1.3118 SUCCESS
2025-12-14 12:59:24,180 - System.tprint - INFO - ℹ️ ✅ Uniqueness weights computed. Mean: 1.0000, Min: 0.4373, Max: 1.3118 SUCCESS
