[I 2025-12-14 13:23:44,232] Trial 2379 finished with value: -0.0031811647681948122 and parameters: {'trail_distance_atr_mult': 1.3699344136406373}. Best is trial 126 with value: -0.000363295272717509.
[2025-12-14 13:23:45.464] ⚖️ Computing uniqueness weights for 9018 events... INFO
2025-12-14 13:23:45,465 - System.tprint - INFO - ℹ️ ⚖️ Computing uniqueness weights for 9018 events... INFO
[2025-12-14 13:23:45.475] ✅ Uniqueness weights computed. Mean: 1.0000, Min: 0.4373, Max: 1.3119 SUCCESS
2025-12-14 13:23:45,475 - System.tprint - INFO - ℹ️ ✅ Uniqueness weights computed. Mean: 1.0000, Min: 0.4373, Max: 1.3119 SUCCESS
[I 2025-12-14 13:23:46,215] Trial 2380 finished with value: -0.007527228833414474 and parameters: {'trail_distance_atr_mult': 1.0325032031384527}. Best is trial 126 with value: -0.000363295272717509.
[2025-12-14 13:23:47.417] ⚖️ Computing uniqueness weights for 9018 events... INFO
2025-12-14 13:23:47,417 - System.tprint - INFO - ℹ️ ⚖️ Computing uniqueness weights for 9018 events... INFO
[2025-12-14 13:23:47.428] ✅ Uniqueness weights computed. Mean: 1.0000, Min: 0.4374, Max: 1.3122 SUCCESS
2025-12-14 13:23:47,428 - System.tprint - INFO - ℹ️ ✅ Uniqueness weights computed. Mean: 1.0000, Min: 0.4374, Max: 1.3122 SUCCESS
[I 2025-12-14 13:23:48,133] Trial 2381 finished with value: -0.005810673199364557 and parameters: {'trail_distance_atr_mult': 1.1995197286216623}. Best is trial 126 with value: -0.000363295272717509.
[2025-12-14 13:23:49.510] ⚖️ Computing uniqueness weights for 9018 events... INFO
2025-12-14 13:23:49,510 - System.tprint - INFO - ℹ️ ⚖️ Computing uniqueness weights for 9018 events... INFO
[2025-12-14 13:23:49.520] ✅ Uniqueness weights computed. Mean: 1.0000, Min: 0.4373, Max: 1.3118 SUCCESS
2025-12-14 13:23:49,520 - System.tprint - INFO - ℹ️ ✅ Uniqueness weights computed. Mean: 1.0000, Min: 0.4373, Max: 1.3118 SUCCESS
[I 2025-12-14 13:23:50,296] Trial 2382 finished with value: -0.006584440421699316 and parameters: {'trail_distance_atr_mult': 0.8517139647886742}. Best is trial 126 with value: -0.000363295272717509.
[2025-12-14 13:23:51.496] ⚖️ Computing uniqueness weights for 9018 events... INFO
2025-12-14 13:23:51,497 - System.tprint - INFO - ℹ️ ⚖️ Computing uniqueness weights for 9018 events... INFO
[2025-12-14 13:23:51.507] ✅ Uniqueness weights computed. Mean: 1.0000, Min: 0.4375, Max: 1.3124 SUCCESS
2025-12-14 13:23:51,508 - System.tprint - INFO - ℹ️ ✅ Uniqueness weights computed. Mean: 1.0000, Min: 0.4375, Max: 1.3124 SUCCESS
[I 2025-12-14 13:23:52,888] Trial 2383 finished with value: -0.003237367184761183 and parameters: {'trail_distance_atr_mult': 1.3448060567151636}. Best is trial 126 with value: -0.000363295272717509.
[2025-12-14 13:23:54.137] ⚖️ Computing uniqueness weights for 9018 events... INFO
2025-12-14 13:23:54,137 - System.tprint - INFO - ℹ️ ⚖️ Computing uniqueness weights for 9018 events... INFO
[2025-12-14 13:23:54.148] ✅ Uniqueness weights computed. Mean: 1.0000, Min: 0.4373, Max: 1.3119 SUCCESS
2025-12-14 13:23:54,148 - System.tprint - INFO - ℹ️ ✅ Uniqueness weights computed. Mean: 1.0000, Min: 0.4373, Max: 1.3119 SUCCESS
[I 2025-12-14 13:23:54,866] Trial 2384 finished with value: -0.0067512451650747094 and parameters: {'trail_distance_atr_mult': 1.00578493443693}. Best is trial 126 with value: -0.000363295272717509.
[2025-12-14 13:23:56.108] ⚖️ Computing uniqueness weights for 9018 events... INFO
2025-12-14 13:23:56,109 - System.tprint - INFO - ℹ️ ⚖️ Computing uniqueness weights for 9018 events... INFO
[2025-12-14 13:23:56.120] ✅ Uniqueness weights computed. Mean: 1.0000, Min: 0.4372, Max: 1.3117 SUCCESS
2025-12-14 13:23:56,120 - System.tprint - INFO - ℹ️ ✅ Uniqueness weights computed. Mean: 1.0000, Min: 0.4372, Max: 1.3117 SUCCESS
[I 2025-12-14 13:23:56,928] Trial 2385 finished with value: -0.007479331783459741 and parameters: {'trail_distance_atr_mult': 0.7015406671049128}. Best is trial 126 with value: -0.000363295272717509.
[2025-12-14 13:23:58.124] ⚖️ Computing uniqueness weights for 9018 events... INFO
2025-12-14 13:23:58,124 - System.tprint - INFO - ℹ️ ⚖️ Computing uniqueness weights for 9018 events... INFO
[2025-12-14 13:23:58.135] ✅ Uniqueness weights computed. Mean: 1.0000, Min: 0.4374, Max: 1.3121 SUCCESS
2025-12-14 13:23:58,135 - System.tprint - INFO - ℹ️ ✅ Uniqueness weights computed. Mean: 1.0000, Min: 0.4374, Max: 1.3121 SUCCESS
[I 2025-12-14 13:23:58,872] Trial 2386 finished with value: -0.007701246818790187 and parameters: {'trail_distance_atr_mult': 1.156473389188923}. Best is trial 126 with value: -0.000363295272717509.
[2025-12-14 13:24:00.454] ⚖️ Computing uniqueness weights for 9018 events... INFO
2025-12-14 13:24:00,455 - System.tprint - INFO - ℹ️ ⚖️ Computing uniqueness weights for 9018 events... INFO
[2025-12-14 13:24:00.465] ✅ Uniqueness weights computed. Mean: 1.0000, Min: 0.4373, Max: 1.3118 SUCCESS
2025-12-14 13:24:00,466 - System.tprint - INFO - ℹ️ ✅ Uniqueness weights computed. Mean: 1.0000, Min: 0.4373, Max: 1.3118 SUCCESS
[I 2025-12-14 13:24:01,191] Trial 2387 finished with value: -0.006758325572500544 and parameters: {'trail_distance_atr_mult': 0.9624128136677118}. Best is trial 126 with value: -0.000363295272717509.
[2025-12-14 13:24:02.435] ⚖️ Computing uniqueness weights for 9018 events... INFO
2025-12-14 13:24:02,435 - System.tprint - INFO - ℹ️ ⚖️ Computing uniqueness weights for 9018 events... INFO
[2025-12-14 13:24:02.448] ✅ Uniqueness weights computed. Mean: 1.0000, Min: 0.4372, Max: 1.3117 SUCCESS
2025-12-14 13:24:02,449 - System.tprint - INFO - ℹ️ ✅ Uniqueness weights computed. Mean: 1.0000, Min: 0.4372, Max: 1.3117 SUCCESS
[I 2025-12-14 13:24:03,482] Trial 2388 finished with value: -0.007546852514577222 and parameters: {'trail_distance_atr_mult': 0.6385577137929864}. Best is trial 126 with value: -0.000363295272717509.
[2025-12-14 13:24:04.937] ⚖️ Computing uniqueness weights for 9018 events... INFO
2025-12-14 13:24:04,938 - System.tprint - INFO - ℹ️ ⚖️ Computing uniqueness weights for 9018 events... INFO
[2025-12-14 13:24:04.949] ✅ Uniqueness weights computed. Mean: 1.0000, Min: 0.4374, Max: 1.3122 SUCCESS
2025-12-14 13:24:04,949 - System.tprint - INFO - ℹ️ ✅ Uniqueness weights computed. Mean: 1.0000, Min: 0.4374, Max: 1.3122 SUCCESS
[I 2025-12-14 13:24:05,743] Trial 2389 finished with value: -0.004891342855764803 and parameters: {'trail_distance_atr_mult': 1.1971886914616818}. Best is trial 126 with value: -0.000363295272717509.
[2025-12-14 13:24:07.216] ⚖️ Computing uniqueness weights for 9018 events... INFO
2025-12-14 13:24:07,216 - System.tprint - INFO - ℹ️ ⚖️ Computing uniqueness weights for 9018 events... INFO
[2025-12-14 13:24:07.235] ✅ Uniqueness weights computed. Mean: 1.0000, Min: 0.4373, Max: 1.3118 SUCCESS
2025-12-14 13:24:07,235 - System.tprint - INFO - ℹ️ ✅ Uniqueness weights computed. Mean: 1.0000, Min: 0.4373, Max: 1.3118 SUCCESS
[I 2025-12-14 13:24:08,423] Trial 2390 finished with value: -0.006681130388106741 and parameters: {'trail_distance_atr_mult': 0.8730342772964815}. Best is trial 126 with value: -0.000363295272717509.
[2025-12-14 13:24:09.629] ⚖️ Computing uniqueness weights for 9018 events... INFO
2025-12-14 13:24:09,629 - System.tprint - INFO - ℹ️ ⚖️ Computing uniqueness weights for 9018 events... INFO
[2025-12-14 13:24:09.639] ✅ Uniqueness weights computed. Mean: 1.0000, Min: 0.4373, Max: 1.3119 SUCCESS
2025-12-14 13:24:09,639 - System.tprint - INFO - ℹ️ ✅ Uniqueness weights computed. Mean: 1.0000, Min: 0.4373, Max: 1.3119 SUCCESS
[I 2025-12-14 13:24:10,381] Trial 2391 finished with value: -0.007527233704001772 and parameters: {'trail_distance_atr_mult': 1.0442649355161313}. Best is trial 126 with value: -0.000363295272717509.
[2025-12-14 13:24:12.011] ⚖️ Computing uniqueness weights for 9018 events... INFO
2025-12-14 13:24:12,011 - System.tprint - INFO - ℹ️ ⚖️ Computing uniqueness weights for 9018 events... INFO
[2025-12-14 13:24:12.027] ✅ Uniqueness weights computed. Mean: 1.0000, Min: 0.4375, Max: 1.3124 SUCCESS
2025-12-14 13:24:12,028 - System.tprint - INFO - ℹ️ ✅ Uniqueness weights computed. Mean: 1.0000, Min: 0.4375, Max: 1.3124 SUCCESS
[I 2025-12-14 13:24:13,006] Trial 2392 finished with value: -0.003237375707111053 and parameters: {'trail_distance_atr_mult': 1.3208062473213162}. Best is trial 126 with value: -0.000363295272717509.
[2025-12-14 13:24:14.206] ⚖️ Computing uniqueness weights for 9018 events... INFO
2025-12-14 13:24:14,206 - System.tprint - INFO - ℹ️ ⚖️ Computing uniqueness weights for 9018 events... INFO
[2025-12-14 13:24:14.216] ✅ Uniqueness weights computed. Mean: 1.0000, Min: 0.4373, Max: 1.3120 SUCCESS
2025-12-14 13:24:14,217 - System.tprint - INFO - ℹ️ ✅ Uniqueness weights computed. Mean: 1.0000, Min: 0.4373, Max: 1.3120 SUCCESS
[I 2025-12-14 13:24:15,083] Trial 2393 finished with value: -0.007527267815631529 and parameters: {'trail_distance_atr_mult': 1.075004449817031}. Best is trial 126 with value: -0.000363295272717509.
[2025-12-14 13:24:16.384] ⚖️ Computing uniqueness weights for 9018 events... INFO
2025-12-14 13:24:16,385 - System.tprint - INFO - ℹ️ ⚖️ Computing uniqueness weights for 9018 events... INFO
[2025-12-14 13:24:16.397] ✅ Uniqueness weights computed. Mean: 1.0000, Min: 0.4373, Max: 1.3118 SUCCESS
2025-12-14 13:24:16,397 - System.tprint - INFO - ℹ️ ✅ Uniqueness weights computed. Mean: 1.0000, Min: 0.4373, Max: 1.3118 SUCCESS
[I 2025-12-14 13:24:17,304] Trial 2394 finished with value: -0.006804528373183238 and parameters: {'trail_distance_atr_mult': 0.8323336319566055}. Best is trial 126 with value: -0.000363295272717509.
[2025-12-14 13:24:18.567] ⚖️ Computing uniqueness weights for 9018 events... INFO
2025-12-14 13:24:18,568 - System.tprint - INFO - ℹ️ ⚖️ Computing uniqueness weights for 9018 events... INFO
[2025-12-14 13:24:18.577] ✅ Uniqueness weights computed. Mean: 1.0000, Min: 0.4374, Max: 1.3122 SUCCESS
2025-12-14 13:24:18,577 - System.tprint - INFO - ℹ️ ✅ Uniqueness weights computed. Mean: 1.0000, Min: 0.4374, Max: 1.3122 SUCCESS
[I 2025-12-14 13:24:19,271] Trial 2395 finished with value: -0.00301568029310611 and parameters: {'trail_distance_atr_mult': 1.2007314962108189}. Best is trial 126 with value: -0.000363295272717509.
[2025-12-14 13:24:20.549] ⚖️ Computing uniqueness weights for 9018 events... INFO
2025-12-14 13:24:20,549 - System.tprint - INFO - ℹ️ ⚖️ Computing uniqueness weights for 9018 events... INFO
[2025-12-14 13:24:20.560] ✅ Uniqueness weights computed. Mean: 1.0000, Min: 0.4373, Max: 1.3118 SUCCESS
2025-12-14 13:24:20,560 - System.tprint - INFO - ℹ️ ✅ Uniqueness weights computed. Mean: 1.0000, Min: 0.4373, Max: 1.3118 SUCCESS
[I 2025-12-14 13:24:21,293] Trial 2396 finished with value: -0.006741907862569 and parameters: {'trail_distance_atr_mult': 0.9861969723883888}. Best is trial 126 with value: -0.000363295272717509.
[2025-12-14 13:24:22.486] ⚖️ Computing uniqueness weights for 9018 events... INFO
2025-12-14 13:24:22,487 - System.tprint - INFO - ℹ️ ⚖️ Computing uniqueness weights for 9018 events... INFO
[2025-12-14 13:24:22.496] ✅ Uniqueness weights computed. Mean: 1.0000, Min: 0.4372, Max: 1.3117 SUCCESS
2025-12-14 13:24:22,496 - System.tprint - INFO - ℹ️ ✅ Uniqueness weights computed. Mean: 1.0000, Min: 0.4372, Max: 1.3117 SUCCESS
[I 2025-12-14 13:24:23,176] Trial 2397 finished with value: -0.007321828937469562 and parameters: {'trail_distance_atr_mult': 0.5059205712877304}. Best is trial 126 with value: -0.000363295272717509.
[2025-12-14 13:24:24.400] ⚖️ Computing uniqueness weights for 9018 events... INFO
2025-12-14 13:24:24,400 - System.tprint - INFO - ℹ️ ⚖️ Computing uniqueness weights for 9018 events... INFO
[2025-12-14 13:24:24.410] ✅ Uniqueness weights computed. Mean: 1.0000, Min: 0.4372, Max: 1.3117 SUCCESS
2025-12-14 13:24:24,410 - System.tprint - INFO - ℹ️ ✅ Uniqueness weights computed. Mean: 1.0000, Min: 0.4372, Max: 1.3117 SUCCESS
[I 2025-12-14 13:24:25,100] Trial 2398 finished with value: -0.006727992088208709 and parameters: {'trail_distance_atr_mult': 0.8002786622734982}. Best is trial 126 with value: -0.000363295272717509.
[2025-12-14 13:24:26.300] ⚖️ Computing uniqueness weights for 9018 events... INFO
2025-12-14 13:24:26,300 - System.tprint - INFO - ℹ️ ⚖️ Computing uniqueness weights for 9018 events... INFO
[2025-12-14 13:24:26.309] ✅ Uniqueness weights computed. Mean: 1.0000, Min: 0.4374, Max: 1.3121 SUCCESS
2025-12-14 13:24:26,310 - System.tprint - INFO - ℹ️ ✅ Uniqueness weights computed. Mean: 1.0000, Min: 0.4374, Max: 1.3121 SUCCESS
[I 2025-12-14 13:24:27,044] Trial 2399 finished with value: -0.007702333707736582 and parameters: {'trail_distance_atr_mult': 1.1418856005869447}. Best is trial 126 with value: -0.000363295272717509.
[2025-12-14 13:24:28.242] ⚖️ Computing uniqueness weights for 9018 events... INFO
2025-12-14 13:24:28,242 - System.tprint - INFO - ℹ️ ⚖️ Computing uniqueness weights for 9018 events... INFO
[2025-12-14 13:24:28.252] ✅ Uniqueness weights computed. Mean: 1.0000, Min: 0.4373, Max: 1.3119 SUCCESS
2025-12-14 13:24:28,252 - System.tprint - INFO - ℹ️ ✅ Uniqueness weights computed. Mean: 1.0000, Min: 0.4373, Max: 1.3119 SUCCESS
[I 2025-12-14 13:24:28,949] Trial 2400 finished with value: -0.003084680528705902 and parameters: {'trail_distance_atr_mult': 1.0192444232716982}. Best is trial 126 with value: -0.000363295272717509.
[2025-12-14 13:24:30.150] ⚖️ Computing uniqueness weights for 9018 events... INFO
2025-12-14 13:24:30,151 - System.tprint - INFO - ℹ️ ⚖️ Computing uniqueness weights for 9018 events... INFO
[2025-12-14 13:24:30.160] ✅ Uniqueness weights computed. Mean: 1.0000, Min: 0.4375, Max: 1.3124 SUCCESS
2025-12-14 13:24:30,160 - System.tprint - INFO - ℹ️ ✅ Uniqueness weights computed. Mean: 1.0000, Min: 0.4375, Max: 1.3124 SUCCESS
[I 2025-12-14 13:24:30,855] Trial 2401 finished with value: -0.0032373668017066357 and parameters: {'trail_distance_atr_mult': 1.347751061421459}. Best is trial 126 with value: -0.000363295272717509.
[2025-12-14 13:24:32.692] ⚖️ Computing uniqueness weights for 9018 events... INFO
2025-12-14 13:24:32,692 - System.tprint - INFO - ℹ️ ⚖️ Computing uniqueness weights for 9018 events... INFO
[2025-12-14 13:24:32.712] ✅ Uniqueness weights computed. Mean: 1.0000, Min: 0.4372, Max: 1.3117 SUCCESS
2025-12-14 13:24:32,712 - System.tprint - INFO - ℹ️ ✅ Uniqueness weights computed. Mean: 1.0000, Min: 0.4372, Max: 1.3117 SUCCESS
[I 2025-12-14 13:24:33,716] Trial 2402 finished with value: -0.007479331783459741 and parameters: {'trail_distance_atr_mult': 0.6658653507747601}. Best is trial 126 with value: -0.000363295272717509.
[2025-12-14 13:24:35.831] ⚖️ Computing uniqueness weights for 9018 events... INFO
2025-12-14 13:24:35,832 - System.tprint - INFO - ℹ️ ⚖️ Computing uniqueness weights for 9018 events... INFO
[2025-12-14 13:24:35.849] ✅ Uniqueness weights computed. Mean: 1.0000, Min: 0.4373, Max: 1.3118 SUCCESS
2025-12-14 13:24:35,850 - System.tprint - INFO - ℹ️ ✅ Uniqueness weights computed. Mean: 1.0000, Min: 0.4373, Max: 1.3118 SUCCESS
[I 2025-12-14 13:24:37,372] Trial 2403 finished with value: -0.0067783930940629 and parameters: {'trail_distance_atr_mult': 0.9332679687142865}. Best is trial 126 with value: -0.000363295272717509.
[2025-12-14 13:24:38.784] ⚖️ Computing uniqueness weights for 9018 events... INFO
2025-12-14 13:24:38,784 - System.tprint - INFO - ℹ️ ⚖️ Computing uniqueness weights for 9018 events... INFO
[2025-12-14 13:24:38.794] ✅ Uniqueness weights computed. Mean: 1.0000, Min: 0.4374, Max: 1.3121 SUCCESS
2025-12-14 13:24:38,795 - System.tprint - INFO - ℹ️ ✅ Uniqueness weights computed. Mean: 1.0000, Min: 0.4374, Max: 1.3121 SUCCESS
[I 2025-12-14 13:24:39,650] Trial 2404 finished with value: -0.001253168548966963 and parameters: {'trail_distance_atr_mult': 1.1821098398066692}. Best is trial 126 with value: -0.000363295272717509.
[2025-12-14 13:24:41.246] ⚖️ Computing uniqueness weights for 9018 events... INFO
2025-12-14 13:24:41,246 - System.tprint - INFO - ℹ️ ⚖️ Computing uniqueness weights for 9018 events... INFO
[2025-12-14 13:24:41.258] ✅ Uniqueness weights computed. Mean: 1.0000, Min: 0.4375, Max: 1.3125 SUCCESS
2025-12-14 13:24:41,258 - System.tprint - INFO - ℹ️ ✅ Uniqueness weights computed. Mean: 1.0000, Min: 0.4375, Max: 1.3125 SUCCESS
[I 2025-12-14 13:24:42,265] Trial 2405 finished with value: -0.002995741218431876 and parameters: {'trail_distance_atr_mult': 1.374142439691757}. Best is trial 126 with value: -0.000363295272717509.
[2025-12-14 13:24:43.924] ⚖️ Computing uniqueness weights for 9018 events... INFO
2025-12-14 13:24:43,924 - System.tprint - INFO - ℹ️ ⚖️ Computing uniqueness weights for 9018 events... INFO
[2025-12-14 13:24:43.938] ✅ Uniqueness weights computed. Mean: 1.0000, Min: 0.4375, Max: 1.3125 SUCCESS
2025-12-14 13:24:43,938 - System.tprint - INFO - ℹ️ ✅ Uniqueness weights computed. Mean: 1.0000, Min: 0.4375, Max: 1.3125 SUCCESS
[I 2025-12-14 13:24:44,927] Trial 2406 finished with value: -0.0029956668831502505 and parameters: {'trail_distance_atr_mult': 1.3606753548901647}. Best is trial 126 with value: -0.000363295272717509.
[2025-12-14 13:24:46.504] ⚖️ Computing uniqueness weights for 9018 events... INFO
2025-12-14 13:24:46,504 - System.tprint - INFO - ℹ️ ⚖️ Computing uniqueness weights for 9018 events... INFO
[2025-12-14 13:24:46.518] ✅ Uniqueness weights computed. Mean: 1.0000, Min: 0.4374, Max: 1.3121 SUCCESS
2025-12-14 13:24:46,518 - System.tprint - INFO - ℹ️ ✅ Uniqueness weights computed. Mean: 1.0000, Min: 0.4374, Max: 1.3121 SUCCESS
[I 2025-12-14 13:24:47,669] Trial 2407 finished with value: -0.00770234509383479 and parameters: {'trail_distance_atr_mult': 1.1397365513413562}. Best is trial 126 with value: -0.000363295272717509.
[2025-12-14 13:24:49.321] ⚖️ Computing uniqueness weights for 9018 events... INFO
2025-12-14 13:24:49,321 - System.tprint - INFO - ℹ️ ⚖️ Computing uniqueness weights for 9018 events... INFO
[2025-12-14 13:24:49.338] ✅ Uniqueness weights computed. Mean: 1.0000, Min: 0.4375, Max: 1.3124 SUCCESS
2025-12-14 13:24:49,338 - System.tprint - INFO - ℹ️ ✅ Uniqueness weights computed. Mean: 1.0000, Min: 0.4375, Max: 1.3124 SUCCESS
[I 2025-12-14 13:24:50,168] Trial 2408 finished with value: -0.00226852633455735 and parameters: {'trail_distance_atr_mult': 1.264268584220229}. Best is trial 126 with value: -0.000363295272717509.
[2025-12-14 13:24:51.365] ⚖️ Computing uniqueness weights for 9018 events... INFO
2025-12-14 13:24:51,365 - System.tprint - INFO - ℹ️ ⚖️ Computing uniqueness weights for 9018 events... INFO
[2025-12-14 13:24:51.374] ✅ Uniqueness weights computed. Mean: 1.0000, Min: 0.4374, Max: 1.3121 SUCCESS
2025-12-14 13:24:51,375 - System.tprint - INFO - ℹ️ ✅ Uniqueness weights computed. Mean: 1.0000, Min: 0.4374, Max: 1.3121 SUCCESS
[I 2025-12-14 13:24:52,095] Trial 2409 finished with value: -0.004891466896593381 and parameters: {'trail_distance_atr_mult': 1.1921364659317055}. Best is trial 126 with value: -0.000363295272717509.
[2025-12-14 13:24:53.338] ⚖️ Computing uniqueness weights for 9018 events... INFO
2025-12-14 13:24:53,338 - System.tprint - INFO - ℹ️ ⚖️ Computing uniqueness weights for 9018 events... INFO
[2025-12-14 13:24:53.349] ✅ Uniqueness weights computed. Mean: 1.0000, Min: 0.4372, Max: 1.3117 SUCCESS
2025-12-14 13:24:53,351 - System.tprint - INFO - ℹ️ ✅ Uniqueness weights computed. Mean: 1.0000, Min: 0.4372, Max: 1.3117 SUCCESS
[I 2025-12-14 13:24:54,357] Trial 2410 finished with value: -0.007479331783459741 and parameters: {'trail_distance_atr_mult': 0.70088803548819}. Best is trial 126 with value: -0.000363295272717509.
[2025-12-14 13:24:55.699] ⚖️ Computing uniqueness weights for 9018 events... INFO
2025-12-14 13:24:55,699 - System.tprint - INFO - ℹ️ ⚖️ Computing uniqueness weights for 9018 events... INFO
[2025-12-14 13:24:55.711] ✅ Uniqueness weights computed. Mean: 1.0000, Min: 0.4374, Max: 1.3121 SUCCESS
2025-12-14 13:24:55,711 - System.tprint - INFO - ℹ️ ✅ Uniqueness weights computed. Mean: 1.0000, Min: 0.4374, Max: 1.3121 SUCCESS
[I 2025-12-14 13:24:56,527] Trial 2411 finished with value: -0.007507965903519911 and parameters: {'trail_distance_atr_mult': 1.1713369898423036}. Best is trial 126 with value: -0.000363295272717509.
[2025-12-14 13:24:57.840] ⚖️ Computing uniqueness weights for 9018 events... INFO
2025-12-14 13:24:57,840 - System.tprint - INFO - ℹ️ ⚖️ Computing uniqueness weights for 9018 events... INFO
[2025-12-14 13:24:57.850] ✅ Uniqueness weights computed. Mean: 1.0000, Min: 0.4373, Max: 1.3118 SUCCESS
2025-12-14 13:24:57,850 - System.tprint - INFO - ℹ️ ✅ Uniqueness weights computed. Mean: 1.0000, Min: 0.4373, Max: 1.3118 SUCCESS
[I 2025-12-14 13:24:58,821] Trial 2412 finished with value: -0.006721162669581604 and parameters: {'trail_distance_atr_mult': 0.9002994911514957}. Best is trial 126 with value: -0.000363295272717509.
[2025-12-14 13:25:01.300] ⚖️ Computing uniqueness weights for 9018 events... INFO
2025-12-14 13:25:01,300 - System.tprint - INFO - ℹ️ ⚖️ Computing uniqueness weights for 9018 events... INFO
[2025-12-14 13:25:01.309] ✅ Uniqueness weights computed. Mean: 1.0000, Min: 0.4373, Max: 1.3120 SUCCESS
2025-12-14 13:25:01,309 - System.tprint - INFO - ℹ️ ✅ Uniqueness weights computed. Mean: 1.0000, Min: 0.4373, Max: 1.3120 SUCCESS
[I 2025-12-14 13:25:02,096] Trial 2413 finished with value: -0.0015839332641032224 and parameters: {'trail_distance_atr_mult': 1.0847878938147641}. Best is trial 126 with value: -0.000363295272717509.
[2025-12-14 13:25:03.730] ⚖️ Computing uniqueness weights for 9018 events... INFO
2025-12-14 13:25:03,730 - System.tprint - INFO - ℹ️ ⚖️ Computing uniqueness weights for 9018 events... INFO
[2025-12-14 13:25:03.742] ✅ Uniqueness weights computed. Mean: 1.0000, Min: 0.4372, Max: 1.3117 SUCCESS
2025-12-14 13:25:03,743 - System.tprint - INFO - ℹ️ ✅ Uniqueness weights computed. Mean: 1.0000, Min: 0.4372, Max: 1.3117 SUCCESS
