[I 2025-12-14 13:25:04,916] Trial 2414 finished with value: -0.007479331783459741 and parameters: {'trail_distance_atr_mult': 0.6703691731070455}. Best is trial 126 with value: -0.000363295272717509.
[2025-12-14 13:25:07.120] ⚖️ Computing uniqueness weights for 9018 events... INFO
2025-12-14 13:25:07,121 - System.tprint - INFO - ℹ️ ⚖️ Computing uniqueness weights for 9018 events... INFO
[2025-12-14 13:25:07.135] ✅ Uniqueness weights computed. Mean: 1.0000, Min: 0.4375, Max: 1.3125 SUCCESS
2025-12-14 13:25:07,136 - System.tprint - INFO - ℹ️ ✅ Uniqueness weights computed. Mean: 1.0000, Min: 0.4375, Max: 1.3125 SUCCESS
[I 2025-12-14 13:25:08,321] Trial 2415 finished with value: -0.002995671607411399 and parameters: {'trail_distance_atr_mult': 1.3659196632431214}. Best is trial 126 with value: -0.000363295272717509.
[2025-12-14 13:25:09.553] ⚖️ Computing uniqueness weights for 9018 events... INFO
2025-12-14 13:25:09,553 - System.tprint - INFO - ℹ️ ⚖️ Computing uniqueness weights for 9018 events... INFO
[2025-12-14 13:25:09.564] ✅ Uniqueness weights computed. Mean: 1.0000, Min: 0.4373, Max: 1.3119 SUCCESS
2025-12-14 13:25:09,564 - System.tprint - INFO - ℹ️ ✅ Uniqueness weights computed. Mean: 1.0000, Min: 0.4373, Max: 1.3119 SUCCESS
[I 2025-12-14 13:25:10,476] Trial 2416 finished with value: -0.006751250992831828 and parameters: {'trail_distance_atr_mult': 1.0075774601848586}. Best is trial 126 with value: -0.000363295272717509.
[2025-12-14 13:25:12.037] ⚖️ Computing uniqueness weights for 9018 events... INFO
2025-12-14 13:25:12,037 - System.tprint - INFO - ℹ️ ⚖️ Computing uniqueness weights for 9018 events... INFO
[2025-12-14 13:25:12.051] ✅ Uniqueness weights computed. Mean: 1.0000, Min: 0.4374, Max: 1.3121 SUCCESS
2025-12-14 13:25:12,052 - System.tprint - INFO - ℹ️ ✅ Uniqueness weights computed. Mean: 1.0000, Min: 0.4374, Max: 1.3121 SUCCESS
[I 2025-12-14 13:25:13,035] Trial 2417 finished with value: -0.007445841055694438 and parameters: {'trail_distance_atr_mult': 1.168367459125157}. Best is trial 126 with value: -0.000363295272717509.
[2025-12-14 13:25:14.609] ⚖️ Computing uniqueness weights for 9018 events... INFO
2025-12-14 13:25:14,610 - System.tprint - INFO - ℹ️ ⚖️ Computing uniqueness weights for 9018 events... INFO
[2025-12-14 13:25:14.622] ✅ Uniqueness weights computed. Mean: 1.0000, Min: 0.4373, Max: 1.3118 SUCCESS
2025-12-14 13:25:14,623 - System.tprint - INFO - ℹ️ ✅ Uniqueness weights computed. Mean: 1.0000, Min: 0.4373, Max: 1.3118 SUCCESS
[I 2025-12-14 13:25:15,672] Trial 2418 finished with value: -0.00680451861564613 and parameters: {'trail_distance_atr_mult': 0.8282609495941256}. Best is trial 126 with value: -0.000363295272717509.
[2025-12-14 13:25:17.318] ⚖️ Computing uniqueness weights for 9018 events... INFO
2025-12-14 13:25:17,318 - System.tprint - INFO - ℹ️ ⚖️ Computing uniqueness weights for 9018 events... INFO
[2025-12-14 13:25:17.329] ✅ Uniqueness weights computed. Mean: 1.0000, Min: 0.4373, Max: 1.3119 SUCCESS
2025-12-14 13:25:17,330 - System.tprint - INFO - ℹ️ ✅ Uniqueness weights computed. Mean: 1.0000, Min: 0.4373, Max: 1.3119 SUCCESS
[I 2025-12-14 13:25:18,326] Trial 2419 finished with value: -0.0030846832625720027 and parameters: {'trail_distance_atr_mult': 1.0230401061802135}. Best is trial 126 with value: -0.000363295272717509.
[2025-12-14 13:25:19.837] ⚖️ Computing uniqueness weights for 9018 events... INFO
2025-12-14 13:25:19,838 - System.tprint - INFO - ℹ️ ⚖️ Computing uniqueness weights for 9018 events... INFO
[2025-12-14 13:25:19.848] ✅ Uniqueness weights computed. Mean: 1.0000, Min: 0.4374, Max: 1.3122 SUCCESS
2025-12-14 13:25:19,848 - System.tprint - INFO - ℹ️ ✅ Uniqueness weights computed. Mean: 1.0000, Min: 0.4374, Max: 1.3122 SUCCESS
[I 2025-12-14 13:25:20,638] Trial 2420 finished with value: -0.003015690945820223 and parameters: {'trail_distance_atr_mult': 1.207929239387851}. Best is trial 126 with value: -0.000363295272717509.
[2025-12-14 13:25:21.852] ⚖️ Computing uniqueness weights for 9018 events... INFO
2025-12-14 13:25:21,852 - System.tprint - INFO - ℹ️ ⚖️ Computing uniqueness weights for 9018 events... INFO
[2025-12-14 13:25:21.863] ✅ Uniqueness weights computed. Mean: 1.0000, Min: 0.4372, Max: 1.3117 SUCCESS
2025-12-14 13:25:21,863 - System.tprint - INFO - ℹ️ ✅ Uniqueness weights computed. Mean: 1.0000, Min: 0.4372, Max: 1.3117 SUCCESS
[I 2025-12-14 13:25:22,609] Trial 2421 finished with value: -0.006728200306406154 and parameters: {'trail_distance_atr_mult': 0.7794441699441694}. Best is trial 126 with value: -0.000363295272717509.
[2025-12-14 13:25:23.829] ⚖️ Computing uniqueness weights for 9018 events... INFO
2025-12-14 13:25:23,829 - System.tprint - INFO - ℹ️ ⚖️ Computing uniqueness weights for 9018 events... INFO
[2025-12-14 13:25:23.839] ✅ Uniqueness weights computed. Mean: 1.0000, Min: 0.4373, Max: 1.3118 SUCCESS
2025-12-14 13:25:23,839 - System.tprint - INFO - ℹ️ ✅ Uniqueness weights computed. Mean: 1.0000, Min: 0.4373, Max: 1.3118 SUCCESS
[I 2025-12-14 13:25:24,534] Trial 2422 finished with value: -0.0067584102621035 and parameters: {'trail_distance_atr_mult': 0.9797320835791095}. Best is trial 126 with value: -0.000363295272717509.
[2025-12-14 13:25:25.760] ⚖️ Computing uniqueness weights for 9018 events... INFO
2025-12-14 13:25:25,760 - System.tprint - INFO - ℹ️ ⚖️ Computing uniqueness weights for 9018 events... INFO
[2025-12-14 13:25:25.770] ✅ Uniqueness weights computed. Mean: 1.0000, Min: 0.4375, Max: 1.3125 SUCCESS
2025-12-14 13:25:25,770 - System.tprint - INFO - ℹ️ ✅ Uniqueness weights computed. Mean: 1.0000, Min: 0.4375, Max: 1.3125 SUCCESS
[I 2025-12-14 13:25:26,550] Trial 2423 finished with value: -0.00299566835972976 and parameters: {'trail_distance_atr_mult': 1.362416143348019}. Best is trial 126 with value: -0.000363295272717509.
[2025-12-14 13:25:27.751] ⚖️ Computing uniqueness weights for 9018 events... INFO
2025-12-14 13:25:27,751 - System.tprint - INFO - ℹ️ ⚖️ Computing uniqueness weights for 9018 events... INFO
[2025-12-14 13:25:27.761] ✅ Uniqueness weights computed. Mean: 1.0000, Min: 0.4372, Max: 1.3117 SUCCESS
2025-12-14 13:25:27,761 - System.tprint - INFO - ℹ️ ✅ Uniqueness weights computed. Mean: 1.0000, Min: 0.4372, Max: 1.3117 SUCCESS
[I 2025-12-14 13:25:28,496] Trial 2424 finished with value: -0.007546852514577222 and parameters: {'trail_distance_atr_mult': 0.6187913378346555}. Best is trial 126 with value: -0.000363295272717509.
[2025-12-14 13:25:29.700] ⚖️ Computing uniqueness weights for 9018 events... INFO
2025-12-14 13:25:29,701 - System.tprint - INFO - ℹ️ ⚖️ Computing uniqueness weights for 9018 events... INFO
[2025-12-14 13:25:29.710] ✅ Uniqueness weights computed. Mean: 1.0000, Min: 0.4374, Max: 1.3121 SUCCESS
2025-12-14 13:25:29,710 - System.tprint - INFO - ℹ️ ✅ Uniqueness weights computed. Mean: 1.0000, Min: 0.4374, Max: 1.3121 SUCCESS
[I 2025-12-14 13:25:30,607] Trial 2425 finished with value: -0.0012531697609554815 and parameters: {'trail_distance_atr_mult': 1.1847132329752823}. Best is trial 126 with value: -0.000363295272717509.
[2025-12-14 13:25:32.028] ⚖️ Computing uniqueness weights for 9018 events... INFO
2025-12-14 13:25:32,029 - System.tprint - INFO - ℹ️ ⚖️ Computing uniqueness weights for 9018 events... INFO
[2025-12-14 13:25:32.039] ✅ Uniqueness weights computed. Mean: 1.0000, Min: 0.4373, Max: 1.3118 SUCCESS
2025-12-14 13:25:32,039 - System.tprint - INFO - ℹ️ ✅ Uniqueness weights computed. Mean: 1.0000, Min: 0.4373, Max: 1.3118 SUCCESS
[I 2025-12-14 13:25:32,770] Trial 2426 finished with value: -0.0066810987197081124 and parameters: {'trail_distance_atr_mult': 0.8821672478609328}. Best is trial 126 with value: -0.000363295272717509.
[2025-12-14 13:25:33.966] ⚖️ Computing uniqueness weights for 9018 events... INFO
2025-12-14 13:25:33,967 - System.tprint - INFO - ℹ️ ⚖️ Computing uniqueness weights for 9018 events... INFO
[2025-12-14 13:25:33.976] ✅ Uniqueness weights computed. Mean: 1.0000, Min: 0.4384, Max: 1.3152 SUCCESS
2025-12-14 13:25:33,976 - System.tprint - INFO - ℹ️ ✅ Uniqueness weights computed. Mean: 1.0000, Min: 0.4384, Max: 1.3152 SUCCESS
[I 2025-12-14 13:25:34,669] Trial 2427 finished with value: -0.00840957312469809 and parameters: {'trail_distance_atr_mult': 2.7208384740327913}. Best is trial 126 with value: -0.000363295272717509.
[2025-12-14 13:25:35.867] ⚖️ Computing uniqueness weights for 9018 events... INFO
2025-12-14 13:25:35,867 - System.tprint - INFO - ℹ️ ⚖️ Computing uniqueness weights for 9018 events... INFO
[2025-12-14 13:25:35.878] ✅ Uniqueness weights computed. Mean: 1.0000, Min: 0.4373, Max: 1.3120 SUCCESS
2025-12-14 13:25:35,878 - System.tprint - INFO - ℹ️ ✅ Uniqueness weights computed. Mean: 1.0000, Min: 0.4373, Max: 1.3120 SUCCESS
[I 2025-12-14 13:25:36,720] Trial 2428 finished with value: -0.0075272539246915154 and parameters: {'trail_distance_atr_mult': 1.0609156380289047}. Best is trial 126 with value: -0.000363295272717509.
[2025-12-14 13:25:38.305] ⚖️ Computing uniqueness weights for 9018 events... INFO
2025-12-14 13:25:38,305 - System.tprint - INFO - ℹ️ ⚖️ Computing uniqueness weights for 9018 events... INFO
[2025-12-14 13:25:38.316] ✅ Uniqueness weights computed. Mean: 1.0000, Min: 0.4372, Max: 1.3117 SUCCESS
2025-12-14 13:25:38,316 - System.tprint - INFO - ℹ️ ✅ Uniqueness weights computed. Mean: 1.0000, Min: 0.4372, Max: 1.3117 SUCCESS
[I 2025-12-14 13:25:39,683] Trial 2429 finished with value: -0.00672784567233701 and parameters: {'trail_distance_atr_mult': 0.814088289225502}. Best is trial 126 with value: -0.000363295272717509.
[2025-12-14 13:25:41.131] ⚖️ Computing uniqueness weights for 9018 events... INFO
2025-12-14 13:25:41,131 - System.tprint - INFO - ℹ️ ⚖️ Computing uniqueness weights for 9018 events... INFO
[2025-12-14 13:25:41.143] ✅ Uniqueness weights computed. Mean: 1.0000, Min: 0.4374, Max: 1.3121 SUCCESS
2025-12-14 13:25:41,143 - System.tprint - INFO - ℹ️ ✅ Uniqueness weights computed. Mean: 1.0000, Min: 0.4374, Max: 1.3121 SUCCESS
[I 2025-12-14 13:25:42,051] Trial 2430 finished with value: -0.004891532882640263 and parameters: {'trail_distance_atr_mult': 1.1894528286800181}. Best is trial 126 with value: -0.000363295272717509.
[2025-12-14 13:25:43.308] ⚖️ Computing uniqueness weights for 9018 events... INFO
2025-12-14 13:25:43,309 - System.tprint - INFO - ℹ️ ⚖️ Computing uniqueness weights for 9018 events... INFO
[2025-12-14 13:25:43.319] ✅ Uniqueness weights computed. Mean: 1.0000, Min: 0.4372, Max: 1.3117 SUCCESS
2025-12-14 13:25:43,319 - System.tprint - INFO - ℹ️ ✅ Uniqueness weights computed. Mean: 1.0000, Min: 0.4372, Max: 1.3117 SUCCESS
[I 2025-12-14 13:25:44,002] Trial 2431 finished with value: -0.007321828937469562 and parameters: {'trail_distance_atr_mult': 0.5096935632436377}. Best is trial 126 with value: -0.000363295272717509.
[2025-12-14 13:25:45.591] ⚖️ Computing uniqueness weights for 9018 events... INFO
2025-12-14 13:25:45,591 - System.tprint - INFO - ℹ️ ⚖️ Computing uniqueness weights for 9018 events... INFO
[2025-12-14 13:25:45.602] ✅ Uniqueness weights computed. Mean: 1.0000, Min: 0.4373, Max: 1.3119 SUCCESS
2025-12-14 13:25:45,603 - System.tprint - INFO - ℹ️ ✅ Uniqueness weights computed. Mean: 1.0000, Min: 0.4373, Max: 1.3119 SUCCESS
[I 2025-12-14 13:25:46,443] Trial 2432 finished with value: -0.003084682850077933 and parameters: {'trail_distance_atr_mult': 1.0224609142600012}. Best is trial 126 with value: -0.000363295272717509.
[2025-12-14 13:25:47.689] ⚖️ Computing uniqueness weights for 9018 events... INFO
2025-12-14 13:25:47,690 - System.tprint - INFO - ℹ️ ⚖️ Computing uniqueness weights for 9018 events... INFO
[2025-12-14 13:25:47.699] ✅ Uniqueness weights computed. Mean: 1.0000, Min: 0.4375, Max: 1.3124 SUCCESS
2025-12-14 13:25:47,699 - System.tprint - INFO - ℹ️ ✅ Uniqueness weights computed. Mean: 1.0000, Min: 0.4375, Max: 1.3124 SUCCESS
[I 2025-12-14 13:25:48,481] Trial 2433 finished with value: -0.0032373666543501706 and parameters: {'trail_distance_atr_mult': 1.3528726369703699}. Best is trial 126 with value: -0.000363295272717509.
[2025-12-14 13:25:49.688] ⚖️ Computing uniqueness weights for 9018 events... INFO
2025-12-14 13:25:49,688 - System.tprint - INFO - ℹ️ ⚖️ Computing uniqueness weights for 9018 events... INFO
[2025-12-14 13:25:49.698] ✅ Uniqueness weights computed. Mean: 1.0000, Min: 0.4373, Max: 1.3118 SUCCESS
2025-12-14 13:25:49,698 - System.tprint - INFO - ℹ️ ✅ Uniqueness weights computed. Mean: 1.0000, Min: 0.4373, Max: 1.3118 SUCCESS
[I 2025-12-14 13:25:50,438] Trial 2434 finished with value: -0.006681095541670066 and parameters: {'trail_distance_atr_mult': 0.8838018120468368}. Best is trial 126 with value: -0.000363295272717509.
[2025-12-14 13:25:51.652] ⚖️ Computing uniqueness weights for 9018 events... INFO
2025-12-14 13:25:51,652 - System.tprint - INFO - ℹ️ ⚖️ Computing uniqueness weights for 9018 events... INFO
[2025-12-14 13:25:51.662] ✅ Uniqueness weights computed. Mean: 1.0000, Min: 0.4374, Max: 1.3121 SUCCESS
2025-12-14 13:25:51,662 - System.tprint - INFO - ℹ️ ✅ Uniqueness weights computed. Mean: 1.0000, Min: 0.4374, Max: 1.3121 SUCCESS
[I 2025-12-14 13:25:52,385] Trial 2435 finished with value: -0.00770125628819613 and parameters: {'trail_distance_atr_mult': 1.154657266361443}. Best is trial 126 with value: -0.000363295272717509.
[2025-12-14 13:25:53.786] ⚖️ Computing uniqueness weights for 9018 events... INFO
2025-12-14 13:25:53,787 - System.tprint - INFO - ℹ️ ⚖️ Computing uniqueness weights for 9018 events... INFO
[2025-12-14 13:25:53.799] ✅ Uniqueness weights computed. Mean: 1.0000, Min: 0.4373, Max: 1.3119 SUCCESS
2025-12-14 13:25:53,799 - System.tprint - INFO - ℹ️ ✅ Uniqueness weights computed. Mean: 1.0000, Min: 0.4373, Max: 1.3119 SUCCESS
[I 2025-12-14 13:25:54,869] Trial 2436 finished with value: -0.003084684154301974 and parameters: {'trail_distance_atr_mult': 1.0243144379121982}. Best is trial 126 with value: -0.000363295272717509.
[2025-12-14 13:25:57.269] ⚖️ Computing uniqueness weights for 9018 events... INFO
2025-12-14 13:25:57,269 - System.tprint - INFO - ℹ️ ⚖️ Computing uniqueness weights for 9018 events... INFO
[2025-12-14 13:25:57.284] ✅ Uniqueness weights computed. Mean: 1.0000, Min: 0.4372, Max: 1.3117 SUCCESS
2025-12-14 13:25:57,285 - System.tprint - INFO - ℹ️ ✅ Uniqueness weights computed. Mean: 1.0000, Min: 0.4372, Max: 1.3117 SUCCESS
[I 2025-12-14 13:25:58,246] Trial 2437 finished with value: -0.007479331783459741 and parameters: {'trail_distance_atr_mult': 0.6882426036335465}. Best is trial 126 with value: -0.000363295272717509.
[2025-12-14 13:25:59.515] ⚖️ Computing uniqueness weights for 9018 events... INFO
2025-12-14 13:25:59,516 - System.tprint - INFO - ℹ️ ⚖️ Computing uniqueness weights for 9018 events... INFO
[2025-12-14 13:25:59.531] ✅ Uniqueness weights computed. Mean: 1.0000, Min: 0.4373, Max: 1.3120 SUCCESS
2025-12-14 13:25:59,531 - System.tprint - INFO - ℹ️ ✅ Uniqueness weights computed. Mean: 1.0000, Min: 0.4373, Max: 1.3120 SUCCESS
[I 2025-12-14 13:26:00,542] Trial 2438 finished with value: -0.0078164880328336 and parameters: {'trail_distance_atr_mult': 1.1183345120971513}. Best is trial 126 with value: -0.000363295272717509.
[2025-12-14 13:26:02.010] ⚖️ Computing uniqueness weights for 9018 events... INFO
2025-12-14 13:26:02,011 - System.tprint - INFO - ℹ️ ⚖️ Computing uniqueness weights for 9018 events... INFO
[2025-12-14 13:26:02.022] ✅ Uniqueness weights computed. Mean: 1.0000, Min: 0.4373, Max: 1.3118 SUCCESS
2025-12-14 13:26:02,023 - System.tprint - INFO - ℹ️ ✅ Uniqueness weights computed. Mean: 1.0000, Min: 0.4373, Max: 1.3118 SUCCESS
[I 2025-12-14 13:26:02,914] Trial 2439 finished with value: -0.00668113806232638 and parameters: {'trail_distance_atr_mult': 0.8714569179522256}. Best is trial 126 with value: -0.000363295272717509.
[2025-12-14 13:26:04.300] ⚖️ Computing uniqueness weights for 9018 events... INFO
2025-12-14 13:26:04,300 - System.tprint - INFO - ℹ️ ⚖️ Computing uniqueness weights for 9018 events... INFO
[2025-12-14 13:26:04.311] ✅ Uniqueness weights computed. Mean: 1.0000, Min: 0.4375, Max: 1.3124 SUCCESS
2025-12-14 13:26:04,311 - System.tprint - INFO - ℹ️ ✅ Uniqueness weights computed. Mean: 1.0000, Min: 0.4375, Max: 1.3124 SUCCESS
[I 2025-12-14 13:26:05,202] Trial 2440 finished with value: -0.002251518730574363 and parameters: {'trail_distance_atr_mult': 1.247922767636006}. Best is trial 126 with value: -0.000363295272717509.
[2025-12-14 13:26:06.590] ⚖️ Computing uniqueness weights for 9018 events... INFO
2025-12-14 13:26:06,590 - System.tprint - INFO - ℹ️ ⚖️ Computing uniqueness weights for 9018 events... INFO
[2025-12-14 13:26:06.602] ✅ Uniqueness weights computed. Mean: 1.0000, Min: 0.4373, Max: 1.3118 SUCCESS
2025-12-14 13:26:06,602 - System.tprint - INFO - ℹ️ ✅ Uniqueness weights computed. Mean: 1.0000, Min: 0.4373, Max: 1.3118 SUCCESS
[I 2025-12-14 13:26:07,505] Trial 2441 finished with value: -0.006758356149452784 and parameters: {'trail_distance_atr_mult': 0.9710274873775442}. Best is trial 126 with value: -0.000363295272717509.
[2025-12-14 13:26:08.747] ⚖️ Computing uniqueness weights for 9018 events... INFO
2025-12-14 13:26:08,747 - System.tprint - INFO - ℹ️ ⚖️ Computing uniqueness weights for 9018 events... INFO
[2025-12-14 13:26:08.757] ✅ Uniqueness weights computed. Mean: 1.0000, Min: 0.4372, Max: 1.3117 SUCCESS
2025-12-14 13:26:08,757 - System.tprint - INFO - ℹ️ ✅ Uniqueness weights computed. Mean: 1.0000, Min: 0.4372, Max: 1.3117 SUCCESS
[I 2025-12-14 13:26:09,391] Trial 2442 finished with value: -0.006747771112534924 and parameters: {'trail_distance_atr_mult': 0.7603200917613865}. Best is trial 126 with value: -0.000363295272717509.
[2025-12-14 13:26:10.610] ⚖️ Computing uniqueness weights for 9018 events... INFO
2025-12-14 13:26:10,611 - System.tprint - INFO - ℹ️ ⚖️ Computing uniqueness weights for 9018 events... INFO
[2025-12-14 13:26:10.620] ✅ Uniqueness weights computed. Mean: 1.0000, Min: 0.4374, Max: 1.3121 SUCCESS
2025-12-14 13:26:10,621 - System.tprint - INFO - ℹ️ ✅ Uniqueness weights computed. Mean: 1.0000, Min: 0.4374, Max: 1.3121 SUCCESS
[I 2025-12-14 13:26:11,299] Trial 2443 finished with value: -0.007701239993945451 and parameters: {'trail_distance_atr_mult': 1.157670351699871}. Best is trial 126 with value: -0.000363295272717509.
[2025-12-14 13:26:12.506] ⚖️ Computing uniqueness weights for 9018 events... INFO
2025-12-14 13:26:12,506 - System.tprint - INFO - ℹ️ ⚖️ Computing uniqueness weights for 9018 events... INFO
[2025-12-14 13:26:12.516] ✅ Uniqueness weights computed. Mean: 1.0000, Min: 0.4373, Max: 1.3119 SUCCESS
2025-12-14 13:26:12,517 - System.tprint - INFO - ℹ️ ✅ Uniqueness weights computed. Mean: 1.0000, Min: 0.4373, Max: 1.3119 SUCCESS
[I 2025-12-14 13:26:13,151] Trial 2444 finished with value: -0.006751210646005587 and parameters: {'trail_distance_atr_mult': 0.9950078097179516}. Best is trial 126 with value: -0.000363295272717509.
[2025-12-14 13:26:14.372] ⚖️ Computing uniqueness weights for 9018 events... INFO
2025-12-14 13:26:14,372 - System.tprint - INFO - ℹ️ ⚖️ Computing uniqueness weights for 9018 events... INFO
[2025-12-14 13:26:14.382] ✅ Uniqueness weights computed. Mean: 1.0000, Min: 0.4375, Max: 1.3125 SUCCESS
2025-12-14 13:26:14,382 - System.tprint - INFO - ℹ️ ✅ Uniqueness weights computed. Mean: 1.0000, Min: 0.4375, Max: 1.3125 SUCCESS
[I 2025-12-14 13:26:15,046] Trial 2445 finished with value: -0.0031811749872422196 and parameters: {'trail_distance_atr_mult': 1.3714822227872359}. Best is trial 126 with value: -0.000363295272717509.
[2025-12-14 13:26:16.271] ⚖️ Computing uniqueness weights for 9018 events... INFO
2025-12-14 13:26:16,271 - System.tprint - INFO - ℹ️ ⚖️ Computing uniqueness weights for 9018 events... INFO
[2025-12-14 13:26:16.282] ✅ Uniqueness weights computed. Mean: 1.0000, Min: 0.4372, Max: 1.3117 SUCCESS
2025-12-14 13:26:16,283 - System.tprint - INFO - ℹ️ ✅ Uniqueness weights computed. Mean: 1.0000, Min: 0.4372, Max: 1.3117 SUCCESS
[I 2025-12-14 13:26:16,927] Trial 2446 finished with value: -0.007479331783459741 and parameters: {'trail_distance_atr_mult': 0.7121661795806095}. Best is trial 126 with value: -0.000363295272717509.
[2025-12-14 13:26:18.153] ⚖️ Computing uniqueness weights for 9018 events... INFO
2025-12-14 13:26:18,154 - System.tprint - INFO - ℹ️ ⚖️ Computing uniqueness weights for 9018 events... INFO
[2025-12-14 13:26:18.163] ✅ Uniqueness weights computed. Mean: 1.0000, Min: 0.4374, Max: 1.3121 SUCCESS
2025-12-14 13:26:18,163 - System.tprint - INFO - ℹ️ ✅ Uniqueness weights computed. Mean: 1.0000, Min: 0.4374, Max: 1.3121 SUCCESS
[I 2025-12-14 13:26:18,825] Trial 2447 finished with value: -0.007094670459749079 and parameters: {'trail_distance_atr_mult': 1.1800265023816703}. Best is trial 126 with value: -0.000363295272717509.
[2025-12-14 13:26:20.027] ⚖️ Computing uniqueness weights for 9018 events... INFO
2025-12-14 13:26:20,027 - System.tprint - INFO - ℹ️ ⚖️ Computing uniqueness weights for 9018 events... INFO
[2025-12-14 13:26:20.036] ✅ Uniqueness weights computed. Mean: 1.0000, Min: 0.4373, Max: 1.3118 SUCCESS
2025-12-14 13:26:20,036 - System.tprint - INFO - ℹ️ ✅ Uniqueness weights computed. Mean: 1.0000, Min: 0.4373, Max: 1.3118 SUCCESS
[I 2025-12-14 13:26:20,686] Trial 2448 finished with value: -0.0067583861967511925 and parameters: {'trail_distance_atr_mult': 0.9758552869230266}. Best is trial 126 with value: -0.000363295272717509.
[2025-12-14 13:26:21.897] ⚖️ Computing uniqueness weights for 9018 events... INFO
2025-12-14 13:26:21,897 - System.tprint - INFO - ℹ️ ⚖️ Computing uniqueness weights for 9018 events... INFO
[2025-12-14 13:26:21.907] ✅ Uniqueness weights computed. Mean: 1.0000, Min: 0.4373, Max: 1.3118 SUCCESS
2025-12-14 13:26:21,907 - System.tprint - INFO - ℹ️ ✅ Uniqueness weights computed. Mean: 1.0000, Min: 0.4373, Max: 1.3118 SUCCESS
