[I 2025-12-14 12:14:05,115] Trial 454 finished with value: -0.002270911946610106 and parameters: {'trail_distance_atr_mult': 1.567238109583292}. Best is trial 126 with value: -0.000363295272717509.
[2025-12-14 12:14:06.590] ⚖️ Computing uniqueness weights for 9018 events... INFO
2025-12-14 12:14:06,590 - System.tprint - INFO - ℹ️ ⚖️ Computing uniqueness weights for 9018 events... INFO
[2025-12-14 12:14:06.604] ✅ Uniqueness weights computed. Mean: 1.0000, Min: 0.4375, Max: 1.3126 SUCCESS
2025-12-14 12:14:06,604 - System.tprint - INFO - ℹ️ ✅ Uniqueness weights computed. Mean: 1.0000, Min: 0.4375, Max: 1.3126 SUCCESS
[I 2025-12-14 12:14:07,803] Trial 455 finished with value: -0.003624584088015376 and parameters: {'trail_distance_atr_mult': 1.5259129311995503}. Best is trial 126 with value: -0.000363295272717509.
[2025-12-14 12:14:09.261] ⚖️ Computing uniqueness weights for 9018 events... INFO
2025-12-14 12:14:09,262 - System.tprint - INFO - ℹ️ ⚖️ Computing uniqueness weights for 9018 events... INFO
[2025-12-14 12:14:09.274] ✅ Uniqueness weights computed. Mean: 1.0000, Min: 0.4376, Max: 1.3129 SUCCESS
2025-12-14 12:14:09,274 - System.tprint - INFO - ℹ️ ✅ Uniqueness weights computed. Mean: 1.0000, Min: 0.4376, Max: 1.3129 SUCCESS
[I 2025-12-14 12:14:10,155] Trial 456 finished with value: -0.005158003646043631 and parameters: {'trail_distance_atr_mult': 1.694961457733443}. Best is trial 126 with value: -0.000363295272717509.
[2025-12-14 12:14:11.555] ⚖️ Computing uniqueness weights for 9018 events... INFO
2025-12-14 12:14:11,555 - System.tprint - INFO - ℹ️ ⚖️ Computing uniqueness weights for 9018 events... INFO
[2025-12-14 12:14:11.565] ✅ Uniqueness weights computed. Mean: 1.0000, Min: 0.4375, Max: 1.3125 SUCCESS
2025-12-14 12:14:11,565 - System.tprint - INFO - ℹ️ ✅ Uniqueness weights computed. Mean: 1.0000, Min: 0.4375, Max: 1.3125 SUCCESS
[I 2025-12-14 12:14:12,457] Trial 457 finished with value: -0.0029957410926771135 and parameters: {'trail_distance_atr_mult': 1.3739522395482426}. Best is trial 126 with value: -0.000363295272717509.
[2025-12-14 12:14:13.838] ⚖️ Computing uniqueness weights for 9018 events... INFO
2025-12-14 12:14:13,838 - System.tprint - INFO - ℹ️ ⚖️ Computing uniqueness weights for 9018 events... INFO
[2025-12-14 12:14:13.850] ✅ Uniqueness weights computed. Mean: 1.0000, Min: 0.4376, Max: 1.3127 SUCCESS
2025-12-14 12:14:13,850 - System.tprint - INFO - ℹ️ ✅ Uniqueness weights computed. Mean: 1.0000, Min: 0.4376, Max: 1.3127 SUCCESS
[I 2025-12-14 12:14:14,741] Trial 458 finished with value: -0.003172270783729094 and parameters: {'trail_distance_atr_mult': 1.6043129050316205}. Best is trial 126 with value: -0.000363295272717509.
[2025-12-14 12:14:16.138] ⚖️ Computing uniqueness weights for 9018 events... INFO
2025-12-14 12:14:16,138 - System.tprint - INFO - ℹ️ ⚖️ Computing uniqueness weights for 9018 events... INFO
[2025-12-14 12:14:16.148] ✅ Uniqueness weights computed. Mean: 1.0000, Min: 0.4375, Max: 1.3124 SUCCESS
2025-12-14 12:14:16,148 - System.tprint - INFO - ℹ️ ✅ Uniqueness weights computed. Mean: 1.0000, Min: 0.4375, Max: 1.3124 SUCCESS
[I 2025-12-14 12:14:17,018] Trial 459 finished with value: -0.0046405034817464325 and parameters: {'trail_distance_atr_mult': 1.2855755060818677}. Best is trial 126 with value: -0.000363295272717509.
[2025-12-14 12:14:18.405] ⚖️ Computing uniqueness weights for 9018 events... INFO
2025-12-14 12:14:18,405 - System.tprint - INFO - ℹ️ ⚖️ Computing uniqueness weights for 9018 events... INFO
[2025-12-14 12:14:18.417] ✅ Uniqueness weights computed. Mean: 1.0000, Min: 0.4373, Max: 1.3118 SUCCESS
2025-12-14 12:14:18,417 - System.tprint - INFO - ℹ️ ✅ Uniqueness weights computed. Mean: 1.0000, Min: 0.4373, Max: 1.3118 SUCCESS
[I 2025-12-14 12:14:19,297] Trial 460 finished with value: -0.0066546536086601665 and parameters: {'trail_distance_atr_mult': 0.8217487018793963}. Best is trial 126 with value: -0.000363295272717509.
[2025-12-14 12:14:20.686] ⚖️ Computing uniqueness weights for 9018 events... INFO
2025-12-14 12:14:20,686 - System.tprint - INFO - ℹ️ ⚖️ Computing uniqueness weights for 9018 events... INFO
[2025-12-14 12:14:20.698] ✅ Uniqueness weights computed. Mean: 1.0000, Min: 0.4376, Max: 1.3127 SUCCESS
2025-12-14 12:14:20,699 - System.tprint - INFO - ℹ️ ✅ Uniqueness weights computed. Mean: 1.0000, Min: 0.4376, Max: 1.3127 SUCCESS
[I 2025-12-14 12:14:21,579] Trial 461 finished with value: -0.00317227077499884 and parameters: {'trail_distance_atr_mult': 1.6076762740429538}. Best is trial 126 with value: -0.000363295272717509.
[2025-12-14 12:14:22.981] ⚖️ Computing uniqueness weights for 9018 events... INFO
2025-12-14 12:14:22,981 - System.tprint - INFO - ℹ️ ⚖️ Computing uniqueness weights for 9018 events... INFO
[2025-12-14 12:14:22.991] ✅ Uniqueness weights computed. Mean: 1.0000, Min: 0.4376, Max: 1.3127 SUCCESS
2025-12-14 12:14:22,991 - System.tprint - INFO - ℹ️ ✅ Uniqueness weights computed. Mean: 1.0000, Min: 0.4376, Max: 1.3127 SUCCESS
[I 2025-12-14 12:14:23,872] Trial 462 finished with value: -0.0022707819713461783 and parameters: {'trail_distance_atr_mult': 1.5928095297108695}. Best is trial 126 with value: -0.000363295272717509.
[2025-12-14 12:14:25.265] ⚖️ Computing uniqueness weights for 9018 events... INFO
2025-12-14 12:14:25,265 - System.tprint - INFO - ℹ️ ⚖️ Computing uniqueness weights for 9018 events... INFO
[2025-12-14 12:14:25.277] ✅ Uniqueness weights computed. Mean: 1.0000, Min: 0.4377, Max: 1.3131 SUCCESS
2025-12-14 12:14:25,277 - System.tprint - INFO - ℹ️ ✅ Uniqueness weights computed. Mean: 1.0000, Min: 0.4377, Max: 1.3131 SUCCESS
[I 2025-12-14 12:14:26,234] Trial 463 finished with value: -0.007430902014813123 and parameters: {'trail_distance_atr_mult': 1.8076284286104876}. Best is trial 126 with value: -0.000363295272717509.
[2025-12-14 12:14:27.611] ⚖️ Computing uniqueness weights for 9018 events... INFO
2025-12-14 12:14:27,612 - System.tprint - INFO - ℹ️ ⚖️ Computing uniqueness weights for 9018 events... INFO
[2025-12-14 12:14:27.623] ✅ Uniqueness weights computed. Mean: 1.0000, Min: 0.4376, Max: 1.3129 SUCCESS
2025-12-14 12:14:27,623 - System.tprint - INFO - ℹ️ ✅ Uniqueness weights computed. Mean: 1.0000, Min: 0.4376, Max: 1.3129 SUCCESS
[I 2025-12-14 12:14:28,501] Trial 464 finished with value: -0.003749753739427604 and parameters: {'trail_distance_atr_mult': 1.6659000993399573}. Best is trial 126 with value: -0.000363295272717509.
[2025-12-14 12:14:29.889] ⚖️ Computing uniqueness weights for 9018 events... INFO
2025-12-14 12:14:29,889 - System.tprint - INFO - ℹ️ ⚖️ Computing uniqueness weights for 9018 events... INFO
[2025-12-14 12:14:29.900] ✅ Uniqueness weights computed. Mean: 1.0000, Min: 0.4375, Max: 1.3125 SUCCESS
2025-12-14 12:14:29,900 - System.tprint - INFO - ℹ️ ✅ Uniqueness weights computed. Mean: 1.0000, Min: 0.4375, Max: 1.3125 SUCCESS
[I 2025-12-14 12:14:30,782] Trial 465 finished with value: -0.004187316521982589 and parameters: {'trail_distance_atr_mult': 1.4652106931880888}. Best is trial 126 with value: -0.000363295272717509.
[2025-12-14 12:14:32.225] ⚖️ Computing uniqueness weights for 9018 events... INFO
2025-12-14 12:14:32,226 - System.tprint - INFO - ℹ️ ⚖️ Computing uniqueness weights for 9018 events... INFO
[2025-12-14 12:14:32.237] ✅ Uniqueness weights computed. Mean: 1.0000, Min: 0.4375, Max: 1.3125 SUCCESS
2025-12-14 12:14:32,237 - System.tprint - INFO - ℹ️ ✅ Uniqueness weights computed. Mean: 1.0000, Min: 0.4375, Max: 1.3125 SUCCESS
[I 2025-12-14 12:14:33,115] Trial 466 finished with value: -0.006658973833766693 and parameters: {'trail_distance_atr_mult': 1.5060569964575996}. Best is trial 126 with value: -0.000363295272717509.
[2025-12-14 12:14:34.501] ⚖️ Computing uniqueness weights for 9018 events... INFO
2025-12-14 12:14:34,501 - System.tprint - INFO - ℹ️ ⚖️ Computing uniqueness weights for 9018 events... INFO
[2025-12-14 12:14:34.513] ✅ Uniqueness weights computed. Mean: 1.0000, Min: 0.4376, Max: 1.3127 SUCCESS
2025-12-14 12:14:34,513 - System.tprint - INFO - ℹ️ ✅ Uniqueness weights computed. Mean: 1.0000, Min: 0.4376, Max: 1.3127 SUCCESS
[I 2025-12-14 12:14:35,383] Trial 467 finished with value: -0.006077146382581709 and parameters: {'trail_distance_atr_mult': 1.618671866163183}. Best is trial 126 with value: -0.000363295272717509.
[2025-12-14 12:14:36.765] ⚖️ Computing uniqueness weights for 9018 events... INFO
2025-12-14 12:14:36,766 - System.tprint - INFO - ℹ️ ⚖️ Computing uniqueness weights for 9018 events... INFO
[2025-12-14 12:14:36.776] ✅ Uniqueness weights computed. Mean: 1.0000, Min: 0.4375, Max: 1.3126 SUCCESS
2025-12-14 12:14:36,776 - System.tprint - INFO - ℹ️ ✅ Uniqueness weights computed. Mean: 1.0000, Min: 0.4375, Max: 1.3126 SUCCESS
[I 2025-12-14 12:14:37,724] Trial 468 finished with value: -0.002270959619510551 and parameters: {'trail_distance_atr_mult': 1.5587890581413784}. Best is trial 126 with value: -0.000363295272717509.
[2025-12-14 12:14:39.097] ⚖️ Computing uniqueness weights for 9018 events... INFO
2025-12-14 12:14:39,097 - System.tprint - INFO - ℹ️ ⚖️ Computing uniqueness weights for 9018 events... INFO
[2025-12-14 12:14:39.108] ✅ Uniqueness weights computed. Mean: 1.0000, Min: 0.4375, Max: 1.3126 SUCCESS
2025-12-14 12:14:39,108 - System.tprint - INFO - ℹ️ ✅ Uniqueness weights computed. Mean: 1.0000, Min: 0.4375, Max: 1.3126 SUCCESS
[I 2025-12-14 12:14:39,992] Trial 469 finished with value: -0.002270940498176443 and parameters: {'trail_distance_atr_mult': 1.5621066634710559}. Best is trial 126 with value: -0.000363295272717509.
[2025-12-14 12:14:41.375] ⚖️ Computing uniqueness weights for 9018 events... INFO
2025-12-14 12:14:41,376 - System.tprint - INFO - ℹ️ ⚖️ Computing uniqueness weights for 9018 events... INFO
[2025-12-14 12:14:41.387] ✅ Uniqueness weights computed. Mean: 1.0000, Min: 0.4377, Max: 1.3131 SUCCESS
2025-12-14 12:14:41,387 - System.tprint - INFO - ℹ️ ✅ Uniqueness weights computed. Mean: 1.0000, Min: 0.4377, Max: 1.3131 SUCCESS
[I 2025-12-14 12:14:42,254] Trial 470 finished with value: -0.005800677345030391 and parameters: {'trail_distance_atr_mult': 1.822394196366339}. Best is trial 126 with value: -0.000363295272717509.
[2025-12-14 12:14:43.635] ⚖️ Computing uniqueness weights for 9018 events... INFO
2025-12-14 12:14:43,636 - System.tprint - INFO - ℹ️ ⚖️ Computing uniqueness weights for 9018 events... INFO
[2025-12-14 12:14:43.647] ✅ Uniqueness weights computed. Mean: 1.0000, Min: 0.4375, Max: 1.3124 SUCCESS
2025-12-14 12:14:43,647 - System.tprint - INFO - ℹ️ ✅ Uniqueness weights computed. Mean: 1.0000, Min: 0.4375, Max: 1.3124 SUCCESS
[I 2025-12-14 12:14:44,526] Trial 471 finished with value: -0.0032373668053105762 and parameters: {'trail_distance_atr_mult': 1.348303276002159}. Best is trial 126 with value: -0.000363295272717509.
[2025-12-14 12:14:45.904] ⚖️ Computing uniqueness weights for 9018 events... INFO
2025-12-14 12:14:45,904 - System.tprint - INFO - ℹ️ ⚖️ Computing uniqueness weights for 9018 events... INFO
[2025-12-14 12:14:45.915] ✅ Uniqueness weights computed. Mean: 1.0000, Min: 0.4376, Max: 1.3127 SUCCESS
2025-12-14 12:14:45,915 - System.tprint - INFO - ℹ️ ✅ Uniqueness weights computed. Mean: 1.0000, Min: 0.4376, Max: 1.3127 SUCCESS
[I 2025-12-14 12:14:46,896] Trial 472 finished with value: -0.0031722716280699996 and parameters: {'trail_distance_atr_mult': 1.6002113192271363}. Best is trial 126 with value: -0.000363295272717509.
[2025-12-14 12:14:48.396] ⚖️ Computing uniqueness weights for 9018 events... INFO
2025-12-14 12:14:48,396 - System.tprint - INFO - ℹ️ ⚖️ Computing uniqueness weights for 9018 events... INFO
[2025-12-14 12:14:48.410] ✅ Uniqueness weights computed. Mean: 1.0000, Min: 0.4373, Max: 1.3120 SUCCESS
2025-12-14 12:14:48,410 - System.tprint - INFO - ℹ️ ✅ Uniqueness weights computed. Mean: 1.0000, Min: 0.4373, Max: 1.3120 SUCCESS
[I 2025-12-14 12:14:49,306] Trial 473 finished with value: -0.0008138613707982634 and parameters: {'trail_distance_atr_mult': 1.09769437261442}. Best is trial 126 with value: -0.000363295272717509.
[2025-12-14 12:14:50.695] ⚖️ Computing uniqueness weights for 9018 events... INFO
2025-12-14 12:14:50,695 - System.tprint - INFO - ℹ️ ⚖️ Computing uniqueness weights for 9018 events... INFO
[2025-12-14 12:14:50.706] ✅ Uniqueness weights computed. Mean: 1.0000, Min: 0.4373, Max: 1.3118 SUCCESS
2025-12-14 12:14:50,706 - System.tprint - INFO - ℹ️ ✅ Uniqueness weights computed. Mean: 1.0000, Min: 0.4373, Max: 1.3118 SUCCESS
[I 2025-12-14 12:14:51,579] Trial 474 finished with value: -0.006741874449189624 and parameters: {'trail_distance_atr_mult': 0.9819049908542138}. Best is trial 126 with value: -0.000363295272717509.
[2025-12-14 12:14:52.955] ⚖️ Computing uniqueness weights for 9018 events... INFO
2025-12-14 12:14:52,955 - System.tprint - INFO - ℹ️ ⚖️ Computing uniqueness weights for 9018 events... INFO
[2025-12-14 12:14:52.967] ✅ Uniqueness weights computed. Mean: 1.0000, Min: 0.4373, Max: 1.3119 SUCCESS
2025-12-14 12:14:52,967 - System.tprint - INFO - ℹ️ ✅ Uniqueness weights computed. Mean: 1.0000, Min: 0.4373, Max: 1.3119 SUCCESS
[I 2025-12-14 12:14:53,845] Trial 475 finished with value: -0.0030846801377299215 and parameters: {'trail_distance_atr_mult': 1.0187250194502955}. Best is trial 126 with value: -0.000363295272717509.
[2025-12-14 12:14:55.231] ⚖️ Computing uniqueness weights for 9018 events... INFO
2025-12-14 12:14:55,232 - System.tprint - INFO - ℹ️ ⚖️ Computing uniqueness weights for 9018 events... INFO
[2025-12-14 12:14:55.242] ✅ Uniqueness weights computed. Mean: 1.0000, Min: 0.4374, Max: 1.3121 SUCCESS
2025-12-14 12:14:55,242 - System.tprint - INFO - ℹ️ ✅ Uniqueness weights computed. Mean: 1.0000, Min: 0.4374, Max: 1.3121 SUCCESS
[I 2025-12-14 12:14:56,132] Trial 476 finished with value: -0.007094574705715145 and parameters: {'trail_distance_atr_mult': 1.1750205202780757}. Best is trial 126 with value: -0.000363295272717509.
[2025-12-14 12:14:57.711] ⚖️ Computing uniqueness weights for 9018 events... INFO
2025-12-14 12:14:57,712 - System.tprint - INFO - ℹ️ ⚖️ Computing uniqueness weights for 9018 events... INFO
[2025-12-14 12:14:57.724] ✅ Uniqueness weights computed. Mean: 1.0000, Min: 0.4373, Max: 1.3120 SUCCESS
2025-12-14 12:14:57,724 - System.tprint - INFO - ℹ️ ✅ Uniqueness weights computed. Mean: 1.0000, Min: 0.4373, Max: 1.3120 SUCCESS
[I 2025-12-14 12:14:58,635] Trial 477 finished with value: -0.0008138612150158943 and parameters: {'trail_distance_atr_mult': 1.0995628262390775}. Best is trial 126 with value: -0.000363295272717509.
[2025-12-14 12:15:00.386] ⚖️ Computing uniqueness weights for 9018 events... INFO
2025-12-14 12:15:00,386 - System.tprint - INFO - ℹ️ ⚖️ Computing uniqueness weights for 9018 events... INFO
[2025-12-14 12:15:00.401] ✅ Uniqueness weights computed. Mean: 1.0000, Min: 0.4373, Max: 1.3118 SUCCESS
2025-12-14 12:15:00,401 - System.tprint - INFO - ℹ️ ✅ Uniqueness weights computed. Mean: 1.0000, Min: 0.4373, Max: 1.3118 SUCCESS
[I 2025-12-14 12:15:01,377] Trial 478 finished with value: -0.006778407230182778 and parameters: {'trail_distance_atr_mult': 0.9415631733725457}. Best is trial 126 with value: -0.000363295272717509.
[2025-12-14 12:15:02.826] ⚖️ Computing uniqueness weights for 9018 events... INFO
2025-12-14 12:15:02,826 - System.tprint - INFO - ℹ️ ⚖️ Computing uniqueness weights for 9018 events... INFO
[2025-12-14 12:15:02.837] ✅ Uniqueness weights computed. Mean: 1.0000, Min: 0.4373, Max: 1.3119 SUCCESS
2025-12-14 12:15:02,837 - System.tprint - INFO - ℹ️ ✅ Uniqueness weights computed. Mean: 1.0000, Min: 0.4373, Max: 1.3119 SUCCESS
[I 2025-12-14 12:15:03,707] Trial 479 finished with value: -0.007527230105016358 and parameters: {'trail_distance_atr_mult': 1.0283495822790196}. Best is trial 126 with value: -0.000363295272717509.
[2025-12-14 12:15:05.232] ⚖️ Computing uniqueness weights for 9018 events... INFO
2025-12-14 12:15:05,232 - System.tprint - INFO - ℹ️ ⚖️ Computing uniqueness weights for 9018 events... INFO
[2025-12-14 12:15:05.244] ✅ Uniqueness weights computed. Mean: 1.0000, Min: 0.4373, Max: 1.3119 SUCCESS
2025-12-14 12:15:05,245 - System.tprint - INFO - ℹ️ ✅ Uniqueness weights computed. Mean: 1.0000, Min: 0.4373, Max: 1.3119 SUCCESS
[I 2025-12-14 12:15:06,175] Trial 480 finished with value: -0.007527230842455202 and parameters: {'trail_distance_atr_mult': 1.0420014246834548}. Best is trial 126 with value: -0.000363295272717509.
[2025-12-14 12:15:07.598] ⚖️ Computing uniqueness weights for 9018 events... INFO
2025-12-14 12:15:07,598 - System.tprint - INFO - ℹ️ ⚖️ Computing uniqueness weights for 9018 events... INFO
[2025-12-14 12:15:07.609] ✅ Uniqueness weights computed. Mean: 1.0000, Min: 0.4374, Max: 1.3122 SUCCESS
2025-12-14 12:15:07,609 - System.tprint - INFO - ℹ️ ✅ Uniqueness weights computed. Mean: 1.0000, Min: 0.4374, Max: 1.3122 SUCCESS
[I 2025-12-14 12:15:08,520] Trial 481 finished with value: -0.0030156889462775523 and parameters: {'trail_distance_atr_mult': 1.2091137079291987}. Best is trial 126 with value: -0.000363295272717509.
[2025-12-14 12:15:09.924] ⚖️ Computing uniqueness weights for 9018 events... INFO
2025-12-14 12:15:09,925 - System.tprint - INFO - ℹ️ ⚖️ Computing uniqueness weights for 9018 events... INFO
[2025-12-14 12:15:09.935] ✅ Uniqueness weights computed. Mean: 1.0000, Min: 0.4374, Max: 1.3123 SUCCESS
2025-12-14 12:15:09,935 - System.tprint - INFO - ℹ️ ✅ Uniqueness weights computed. Mean: 1.0000, Min: 0.4374, Max: 1.3123 SUCCESS
[I 2025-12-14 12:15:10,836] Trial 482 finished with value: -0.004494437021241652 and parameters: {'trail_distance_atr_mult': 1.2332950547977237}. Best is trial 126 with value: -0.000363295272717509.
[2025-12-14 12:15:12.225] ⚖️ Computing uniqueness weights for 9018 events... INFO
2025-12-14 12:15:12,225 - System.tprint - INFO - ℹ️ ⚖️ Computing uniqueness weights for 9018 events... INFO
[2025-12-14 12:15:12.236] ✅ Uniqueness weights computed. Mean: 1.0000, Min: 0.4375, Max: 1.3124 SUCCESS
2025-12-14 12:15:12,236 - System.tprint - INFO - ℹ️ ✅ Uniqueness weights computed. Mean: 1.0000, Min: 0.4375, Max: 1.3124 SUCCESS
[I 2025-12-14 12:15:13,119] Trial 483 finished with value: -0.0032373689469032425 and parameters: {'trail_distance_atr_mult': 1.3355879101949046}. Best is trial 126 with value: -0.000363295272717509.
[2025-12-14 12:15:14.488] ⚖️ Computing uniqueness weights for 9018 events... INFO
2025-12-14 12:15:14,488 - System.tprint - INFO - ℹ️ ⚖️ Computing uniqueness weights for 9018 events... INFO
[2025-12-14 12:15:14.498] ✅ Uniqueness weights computed. Mean: 1.0000, Min: 0.4375, Max: 1.3125 SUCCESS
2025-12-14 12:15:14,499 - System.tprint - INFO - ℹ️ ✅ Uniqueness weights computed. Mean: 1.0000, Min: 0.4375, Max: 1.3125 SUCCESS
[I 2025-12-14 12:15:15,375] Trial 484 finished with value: -0.004818487289032942 and parameters: {'trail_distance_atr_mult': 1.4687972218321428}. Best is trial 126 with value: -0.000363295272717509.
[2025-12-14 12:15:16.765] ⚖️ Computing uniqueness weights for 9018 events... INFO
2025-12-14 12:15:16,765 - System.tprint - INFO - ℹ️ ⚖️ Computing uniqueness weights for 9018 events... INFO
[2025-12-14 12:15:16.776] ✅ Uniqueness weights computed. Mean: 1.0000, Min: 0.4376, Max: 1.3129 SUCCESS
2025-12-14 12:15:16,776 - System.tprint - INFO - ℹ️ ✅ Uniqueness weights computed. Mean: 1.0000, Min: 0.4376, Max: 1.3129 SUCCESS
[I 2025-12-14 12:15:17,653] Trial 485 finished with value: -0.0037497525444497243 and parameters: {'trail_distance_atr_mult': 1.6643534561695823}. Best is trial 126 with value: -0.000363295272717509.
[2025-12-14 12:15:19.041] ⚖️ Computing uniqueness weights for 9018 events... INFO
2025-12-14 12:15:19,041 - System.tprint - INFO - ℹ️ ⚖️ Computing uniqueness weights for 9018 events... INFO
[2025-12-14 12:15:19.054] ✅ Uniqueness weights computed. Mean: 1.0000, Min: 0.4373, Max: 1.3120 SUCCESS
2025-12-14 12:15:19,054 - System.tprint - INFO - ℹ️ ✅ Uniqueness weights computed. Mean: 1.0000, Min: 0.4373, Max: 1.3120 SUCCESS
[I 2025-12-14 12:15:19,952] Trial 486 finished with value: -0.0015839332874333146 and parameters: {'trail_distance_atr_mult': 1.0846401068424387}. Best is trial 126 with value: -0.000363295272717509.
[2025-12-14 12:15:21.337] ⚖️ Computing uniqueness weights for 9018 events... INFO
2025-12-14 12:15:21,337 - System.tprint - INFO - ℹ️ ⚖️ Computing uniqueness weights for 9018 events... INFO
[2025-12-14 12:15:21.348] ✅ Uniqueness weights computed. Mean: 1.0000, Min: 0.4373, Max: 1.3118 SUCCESS
2025-12-14 12:15:21,348 - System.tprint - INFO - ℹ️ ✅ Uniqueness weights computed. Mean: 1.0000, Min: 0.4373, Max: 1.3118 SUCCESS
[I 2025-12-14 12:15:22,246] Trial 487 finished with value: -0.0067212575058913605 and parameters: {'trail_distance_atr_mult': 0.9112797102832944}. Best is trial 126 with value: -0.000363295272717509.
[2025-12-14 12:15:23.630] ⚖️ Computing uniqueness weights for 9018 events... INFO
2025-12-14 12:15:23,631 - System.tprint - INFO - ℹ️ ⚖️ Computing uniqueness weights for 9018 events... INFO
[2025-12-14 12:15:23.641] ✅ Uniqueness weights computed. Mean: 1.0000, Min: 0.4373, Max: 1.3120 SUCCESS
2025-12-14 12:15:23,642 - System.tprint - INFO - ℹ️ ✅ Uniqueness weights computed. Mean: 1.0000, Min: 0.4373, Max: 1.3120 SUCCESS
[I 2025-12-14 12:15:24,521] Trial 488 finished with value: -0.007527268222053295 and parameters: {'trail_distance_atr_mult': 1.0732695858567372}. Best is trial 126 with value: -0.000363295272717509.
[2025-12-14 12:15:25.906] ⚖️ Computing uniqueness weights for 9018 events... INFO
2025-12-14 12:15:25,906 - System.tprint - INFO - ℹ️ ⚖️ Computing uniqueness weights for 9018 events... INFO
[2025-12-14 12:15:25.919] ✅ Uniqueness weights computed. Mean: 1.0000, Min: 0.4373, Max: 1.3120 SUCCESS
2025-12-14 12:15:25,919 - System.tprint - INFO - ℹ️ ✅ Uniqueness weights computed. Mean: 1.0000, Min: 0.4373, Max: 1.3120 SUCCESS
