[I 2025-12-14 12:03:49,745] Trial 209 finished with value: -0.006837426068853938 and parameters: {'trail_distance_atr_mult': 1.7148353809565478}. Best is trial 126 with value: -0.000363295272717509.
[2025-12-14 12:03:51.490] ⚖️ Computing uniqueness weights for 9018 events... INFO
2025-12-14 12:03:51,490 - System.tprint - INFO - ℹ️ ⚖️ Computing uniqueness weights for 9018 events... INFO
[2025-12-14 12:03:51.505] ✅ Uniqueness weights computed. Mean: 1.0000, Min: 0.4375, Max: 1.3125 SUCCESS
2025-12-14 12:03:51,505 - System.tprint - INFO - ℹ️ ✅ Uniqueness weights computed. Mean: 1.0000, Min: 0.4375, Max: 1.3125 SUCCESS
[I 2025-12-14 12:03:52,615] Trial 210 finished with value: -0.004401994124681005 and parameters: {'trail_distance_atr_mult': 1.4008038110720964}. Best is trial 126 with value: -0.000363295272717509.
[2025-12-14 12:03:54.318] ⚖️ Computing uniqueness weights for 9018 events... INFO
2025-12-14 12:03:54,319 - System.tprint - INFO - ℹ️ ⚖️ Computing uniqueness weights for 9018 events... INFO
[2025-12-14 12:03:54.333] ✅ Uniqueness weights computed. Mean: 1.0000, Min: 0.4375, Max: 1.3125 SUCCESS
2025-12-14 12:03:54,333 - System.tprint - INFO - ℹ️ ✅ Uniqueness weights computed. Mean: 1.0000, Min: 0.4375, Max: 1.3125 SUCCESS
[I 2025-12-14 12:03:55,440] Trial 211 finished with value: -0.006463552902152473 and parameters: {'trail_distance_atr_mult': 1.487497176197845}. Best is trial 126 with value: -0.000363295272717509.
[2025-12-14 12:03:57.223] ⚖️ Computing uniqueness weights for 9018 events... INFO
2025-12-14 12:03:57,224 - System.tprint - INFO - ℹ️ ⚖️ Computing uniqueness weights for 9018 events... INFO
[2025-12-14 12:03:57.239] ✅ Uniqueness weights computed. Mean: 1.0000, Min: 0.4377, Max: 1.3132 SUCCESS
2025-12-14 12:03:57,239 - System.tprint - INFO - ℹ️ ✅ Uniqueness weights computed. Mean: 1.0000, Min: 0.4377, Max: 1.3132 SUCCESS
[I 2025-12-14 12:03:58,271] Trial 212 finished with value: -0.005763627289272337 and parameters: {'trail_distance_atr_mult': 1.8946218753620907}. Best is trial 126 with value: -0.000363295272717509.
[2025-12-14 12:04:00.609] ⚖️ Computing uniqueness weights for 9018 events... INFO
2025-12-14 12:04:00,611 - System.tprint - INFO - ℹ️ ⚖️ Computing uniqueness weights for 9018 events... INFO
[2025-12-14 12:04:00.632] ✅ Uniqueness weights computed. Mean: 1.0000, Min: 0.4375, Max: 1.3124 SUCCESS
2025-12-14 12:04:00,632 - System.tprint - INFO - ℹ️ ✅ Uniqueness weights computed. Mean: 1.0000, Min: 0.4375, Max: 1.3124 SUCCESS
[I 2025-12-14 12:04:01,750] Trial 213 finished with value: -0.0046842240735662675 and parameters: {'trail_distance_atr_mult': 1.289959037615058}. Best is trial 126 with value: -0.000363295272717509.
[2025-12-14 12:04:03.215] ⚖️ Computing uniqueness weights for 9018 events... INFO
2025-12-14 12:04:03,216 - System.tprint - INFO - ℹ️ ⚖️ Computing uniqueness weights for 9018 events... INFO
[2025-12-14 12:04:03.226] ✅ Uniqueness weights computed. Mean: 1.0000, Min: 0.4376, Max: 1.3127 SUCCESS
2025-12-14 12:04:03,226 - System.tprint - INFO - ℹ️ ✅ Uniqueness weights computed. Mean: 1.0000, Min: 0.4376, Max: 1.3127 SUCCESS
[I 2025-12-14 12:04:04,093] Trial 214 finished with value: -0.004397611030272436 and parameters: {'trail_distance_atr_mult': 1.6135639076436656}. Best is trial 126 with value: -0.000363295272717509.
[2025-12-14 12:04:05.609] ⚖️ Computing uniqueness weights for 9018 events... INFO
2025-12-14 12:04:05,609 - System.tprint - INFO - ℹ️ ⚖️ Computing uniqueness weights for 9018 events... INFO
[2025-12-14 12:04:05.620] ✅ Uniqueness weights computed. Mean: 1.0000, Min: 0.4376, Max: 1.3127 SUCCESS
2025-12-14 12:04:05,620 - System.tprint - INFO - ℹ️ ✅ Uniqueness weights computed. Mean: 1.0000, Min: 0.4376, Max: 1.3127 SUCCESS
[I 2025-12-14 12:04:06,498] Trial 215 finished with value: -0.004195672365517234 and parameters: {'trail_distance_atr_mult': 1.6118941712278343}. Best is trial 126 with value: -0.000363295272717509.
[2025-12-14 12:04:07.897] ⚖️ Computing uniqueness weights for 9018 events... INFO
2025-12-14 12:04:07,898 - System.tprint - INFO - ℹ️ ⚖️ Computing uniqueness weights for 9018 events... INFO
[2025-12-14 12:04:07.909] ✅ Uniqueness weights computed. Mean: 1.0000, Min: 0.4375, Max: 1.3126 SUCCESS
2025-12-14 12:04:07,910 - System.tprint - INFO - ℹ️ ✅ Uniqueness weights computed. Mean: 1.0000, Min: 0.4375, Max: 1.3126 SUCCESS
[I 2025-12-14 12:04:08,809] Trial 216 finished with value: -0.002269795973945675 and parameters: {'trail_distance_atr_mult': 1.5497438614562398}. Best is trial 126 with value: -0.000363295272717509.
[2025-12-14 12:04:10.251] ⚖️ Computing uniqueness weights for 9018 events... INFO
2025-12-14 12:04:10,251 - System.tprint - INFO - ℹ️ ⚖️ Computing uniqueness weights for 9018 events... INFO
[2025-12-14 12:04:10.262] ✅ Uniqueness weights computed. Mean: 1.0000, Min: 0.4375, Max: 1.3126 SUCCESS
2025-12-14 12:04:10,262 - System.tprint - INFO - ℹ️ ✅ Uniqueness weights computed. Mean: 1.0000, Min: 0.4375, Max: 1.3126 SUCCESS
[I 2025-12-14 12:04:11,133] Trial 217 finished with value: -0.00332683224362107 and parameters: {'trail_distance_atr_mult': 1.5232064578183646}. Best is trial 126 with value: -0.000363295272717509.
[2025-12-14 12:04:12.509] ⚖️ Computing uniqueness weights for 9018 events... INFO
2025-12-14 12:04:12,509 - System.tprint - INFO - ℹ️ ⚖️ Computing uniqueness weights for 9018 events... INFO
[2025-12-14 12:04:12.520] ✅ Uniqueness weights computed. Mean: 1.0000, Min: 0.4377, Max: 1.3130 SUCCESS
2025-12-14 12:04:12,520 - System.tprint - INFO - ℹ️ ✅ Uniqueness weights computed. Mean: 1.0000, Min: 0.4377, Max: 1.3130 SUCCESS
[I 2025-12-14 12:04:13,402] Trial 218 finished with value: -0.005709518691058337 and parameters: {'trail_distance_atr_mult': 1.7271993720463041}. Best is trial 126 with value: -0.000363295272717509.
[2025-12-14 12:04:14.781] ⚖️ Computing uniqueness weights for 9018 events... INFO
2025-12-14 12:04:14,781 - System.tprint - INFO - ℹ️ ⚖️ Computing uniqueness weights for 9018 events... INFO
[2025-12-14 12:04:14.792] ✅ Uniqueness weights computed. Mean: 1.0000, Min: 0.4375, Max: 1.3125 SUCCESS
2025-12-14 12:04:14,792 - System.tprint - INFO - ℹ️ ✅ Uniqueness weights computed. Mean: 1.0000, Min: 0.4375, Max: 1.3125 SUCCESS
[I 2025-12-14 12:04:15,664] Trial 219 finished with value: -0.002995745653514257 and parameters: {'trail_distance_atr_mult': 1.3794611678728397}. Best is trial 126 with value: -0.000363295272717509.
[2025-12-14 12:04:17.034] ⚖️ Computing uniqueness weights for 9018 events... INFO
2025-12-14 12:04:17,034 - System.tprint - INFO - ℹ️ ⚖️ Computing uniqueness weights for 9018 events... INFO
[2025-12-14 12:04:17.045] ✅ Uniqueness weights computed. Mean: 1.0000, Min: 0.4375, Max: 1.3125 SUCCESS
2025-12-14 12:04:17,045 - System.tprint - INFO - ℹ️ ✅ Uniqueness weights computed. Mean: 1.0000, Min: 0.4375, Max: 1.3125 SUCCESS
[I 2025-12-14 12:04:17,922] Trial 220 finished with value: -0.006659013214136226 and parameters: {'trail_distance_atr_mult': 1.499402353516341}. Best is trial 126 with value: -0.000363295272717509.
[2025-12-14 12:04:19.314] ⚖️ Computing uniqueness weights for 9018 events... INFO
2025-12-14 12:04:19,315 - System.tprint - INFO - ℹ️ ⚖️ Computing uniqueness weights for 9018 events... INFO
[2025-12-14 12:04:19.326] ✅ Uniqueness weights computed. Mean: 1.0000, Min: 0.4376, Max: 1.3128 SUCCESS
2025-12-14 12:04:19,326 - System.tprint - INFO - ℹ️ ✅ Uniqueness weights computed. Mean: 1.0000, Min: 0.4376, Max: 1.3128 SUCCESS
[I 2025-12-14 12:04:20,259] Trial 221 finished with value: -0.005991669106134012 and parameters: {'trail_distance_atr_mult': 1.6416570678792475}. Best is trial 126 with value: -0.000363295272717509.
[2025-12-14 12:04:21.663] ⚖️ Computing uniqueness weights for 9018 events... INFO
2025-12-14 12:04:21,663 - System.tprint - INFO - ℹ️ ⚖️ Computing uniqueness weights for 9018 events... INFO
[2025-12-14 12:04:21.675] ✅ Uniqueness weights computed. Mean: 1.0000, Min: 0.4375, Max: 1.3126 SUCCESS
2025-12-14 12:04:21,675 - System.tprint - INFO - ℹ️ ✅ Uniqueness weights computed. Mean: 1.0000, Min: 0.4375, Max: 1.3126 SUCCESS
[I 2025-12-14 12:04:22,556] Trial 222 finished with value: -0.002270966198579897 and parameters: {'trail_distance_atr_mult': 1.5568218553509068}. Best is trial 126 with value: -0.000363295272717509.
[2025-12-14 12:04:23.961] ⚖️ Computing uniqueness weights for 9018 events... INFO
2025-12-14 12:04:23,962 - System.tprint - INFO - ℹ️ ⚖️ Computing uniqueness weights for 9018 events... INFO
[2025-12-14 12:04:23.972] ✅ Uniqueness weights computed. Mean: 1.0000, Min: 0.4377, Max: 1.3130 SUCCESS
2025-12-14 12:04:23,972 - System.tprint - INFO - ℹ️ ✅ Uniqueness weights computed. Mean: 1.0000, Min: 0.4377, Max: 1.3130 SUCCESS
[I 2025-12-14 12:04:24,862] Trial 223 finished with value: -0.0059318620044954045 and parameters: {'trail_distance_atr_mult': 1.760688932313173}. Best is trial 126 with value: -0.000363295272717509.
[2025-12-14 12:04:26.243] ⚖️ Computing uniqueness weights for 9018 events... INFO
2025-12-14 12:04:26,243 - System.tprint - INFO - ℹ️ ⚖️ Computing uniqueness weights for 9018 events... INFO
[2025-12-14 12:04:26.254] ✅ Uniqueness weights computed. Mean: 1.0000, Min: 0.4375, Max: 1.3125 SUCCESS
2025-12-14 12:04:26,254 - System.tprint - INFO - ℹ️ ✅ Uniqueness weights computed. Mean: 1.0000, Min: 0.4375, Max: 1.3125 SUCCESS
[I 2025-12-14 12:04:27,146] Trial 224 finished with value: -0.004401911002861422 and parameters: {'trail_distance_atr_mult': 1.3861503513757911}. Best is trial 126 with value: -0.000363295272717509.
[2025-12-14 12:04:28.593] ⚖️ Computing uniqueness weights for 9018 events... INFO
2025-12-14 12:04:28,594 - System.tprint - INFO - ℹ️ ⚖️ Computing uniqueness weights for 9018 events... INFO
[2025-12-14 12:04:28.608] ✅ Uniqueness weights computed. Mean: 1.0000, Min: 0.4375, Max: 1.3126 SUCCESS
2025-12-14 12:04:28,608 - System.tprint - INFO - ℹ️ ✅ Uniqueness weights computed. Mean: 1.0000, Min: 0.4375, Max: 1.3126 SUCCESS
[I 2025-12-14 12:04:29,484] Trial 225 finished with value: -0.003915169736008885 and parameters: {'trail_distance_atr_mult': 1.5292942036067187}. Best is trial 126 with value: -0.000363295272717509.
[2025-12-14 12:04:30.903] ⚖️ Computing uniqueness weights for 9018 events... INFO
2025-12-14 12:04:30,903 - System.tprint - INFO - ℹ️ ⚖️ Computing uniqueness weights for 9018 events... INFO
[2025-12-14 12:04:30.915] ✅ Uniqueness weights computed. Mean: 1.0000, Min: 0.4377, Max: 1.3130 SUCCESS
2025-12-14 12:04:30,915 - System.tprint - INFO - ℹ️ ✅ Uniqueness weights computed. Mean: 1.0000, Min: 0.4377, Max: 1.3130 SUCCESS
[I 2025-12-14 12:04:32,069] Trial 226 finished with value: -0.005709583158000875 and parameters: {'trail_distance_atr_mult': 1.7258031297215919}. Best is trial 126 with value: -0.000363295272717509.
[2025-12-14 12:04:33.497] ⚖️ Computing uniqueness weights for 9018 events... INFO
2025-12-14 12:04:33,497 - System.tprint - INFO - ℹ️ ⚖️ Computing uniqueness weights for 9018 events... INFO
[2025-12-14 12:04:33.508] ✅ Uniqueness weights computed. Mean: 1.0000, Min: 0.4375, Max: 1.3126 SUCCESS
2025-12-14 12:04:33,508 - System.tprint - INFO - ℹ️ ✅ Uniqueness weights computed. Mean: 1.0000, Min: 0.4375, Max: 1.3126 SUCCESS
[I 2025-12-14 12:04:34,447] Trial 227 finished with value: -0.0027005744408050425 and parameters: {'trail_distance_atr_mult': 1.5416948824685144}. Best is trial 126 with value: -0.000363295272717509.
[2025-12-14 12:04:35.871] ⚖️ Computing uniqueness weights for 9018 events... INFO
2025-12-14 12:04:35,871 - System.tprint - INFO - ℹ️ ⚖️ Computing uniqueness weights for 9018 events... INFO
[2025-12-14 12:04:35.882] ✅ Uniqueness weights computed. Mean: 1.0000, Min: 0.4375, Max: 1.3126 SUCCESS
2025-12-14 12:04:35,883 - System.tprint - INFO - ℹ️ ✅ Uniqueness weights computed. Mean: 1.0000, Min: 0.4375, Max: 1.3126 SUCCESS
[I 2025-12-14 12:04:36,773] Trial 228 finished with value: -0.0039151685634705 and parameters: {'trail_distance_atr_mult': 1.5284640699603624}. Best is trial 126 with value: -0.000363295272717509.
[2025-12-14 12:04:38.172] ⚖️ Computing uniqueness weights for 9018 events... INFO
2025-12-14 12:04:38,172 - System.tprint - INFO - ℹ️ ⚖️ Computing uniqueness weights for 9018 events... INFO
[2025-12-14 12:04:38.184] ✅ Uniqueness weights computed. Mean: 1.0000, Min: 0.4375, Max: 1.3126 SUCCESS
2025-12-14 12:04:38,184 - System.tprint - INFO - ℹ️ ✅ Uniqueness weights computed. Mean: 1.0000, Min: 0.4375, Max: 1.3126 SUCCESS
[I 2025-12-14 12:04:39,060] Trial 229 finished with value: -0.0022709105554831175 and parameters: {'trail_distance_atr_mult': 1.5674819464382463}. Best is trial 126 with value: -0.000363295272717509.
[2025-12-14 12:04:40.692] ⚖️ Computing uniqueness weights for 9018 events... INFO
2025-12-14 12:04:40,692 - System.tprint - INFO - ℹ️ ⚖️ Computing uniqueness weights for 9018 events... INFO
[2025-12-14 12:04:40.702] ✅ Uniqueness weights computed. Mean: 1.0000, Min: 0.4377, Max: 1.3131 SUCCESS
2025-12-14 12:04:40,702 - System.tprint - INFO - ℹ️ ✅ Uniqueness weights computed. Mean: 1.0000, Min: 0.4377, Max: 1.3131 SUCCESS
[I 2025-12-14 12:04:41,564] Trial 230 finished with value: -0.008316056214923654 and parameters: {'trail_distance_atr_mult': 1.8027960406339973}. Best is trial 126 with value: -0.000363295272717509.
[2025-12-14 12:04:42.940] ⚖️ Computing uniqueness weights for 9018 events... INFO
2025-12-14 12:04:42,940 - System.tprint - INFO - ℹ️ ⚖️ Computing uniqueness weights for 9018 events... INFO
[2025-12-14 12:04:42.951] ✅ Uniqueness weights computed. Mean: 1.0000, Min: 0.4375, Max: 1.3125 SUCCESS
2025-12-14 12:04:42,952 - System.tprint - INFO - ℹ️ ✅ Uniqueness weights computed. Mean: 1.0000, Min: 0.4375, Max: 1.3125 SUCCESS
[I 2025-12-14 12:04:43,838] Trial 231 finished with value: -0.0029956690920314305 and parameters: {'trail_distance_atr_mult': 1.3631754732776757}. Best is trial 126 with value: -0.000363295272717509.
[2025-12-14 12:04:45.501] ⚖️ Computing uniqueness weights for 9018 events... INFO
2025-12-14 12:04:45,502 - System.tprint - INFO - ℹ️ ⚖️ Computing uniqueness weights for 9018 events... INFO
[2025-12-14 12:04:45.517] ✅ Uniqueness weights computed. Mean: 1.0000, Min: 0.4376, Max: 1.3127 SUCCESS
2025-12-14 12:04:45,517 - System.tprint - INFO - ℹ️ ✅ Uniqueness weights computed. Mean: 1.0000, Min: 0.4376, Max: 1.3127 SUCCESS
[I 2025-12-14 12:04:46,419] Trial 232 finished with value: -0.0022708168663365695 and parameters: {'trail_distance_atr_mult': 1.5855540838659714}. Best is trial 126 with value: -0.000363295272717509.
[2025-12-14 12:04:47.945] ⚖️ Computing uniqueness weights for 9018 events... INFO
2025-12-14 12:04:47,945 - System.tprint - INFO - ℹ️ ⚖️ Computing uniqueness weights for 9018 events... INFO
[2025-12-14 12:04:47.960] ✅ Uniqueness weights computed. Mean: 1.0000, Min: 0.4377, Max: 1.3131 SUCCESS
2025-12-14 12:04:47,960 - System.tprint - INFO - ℹ️ ✅ Uniqueness weights computed. Mean: 1.0000, Min: 0.4377, Max: 1.3131 SUCCESS
[I 2025-12-14 12:04:49,102] Trial 233 finished with value: -0.0049274124013689805 and parameters: {'trail_distance_atr_mult': 1.8213568097505075}. Best is trial 126 with value: -0.000363295272717509.
[2025-12-14 12:04:50.766] ⚖️ Computing uniqueness weights for 9018 events... INFO
2025-12-14 12:04:50,767 - System.tprint - INFO - ℹ️ ⚖️ Computing uniqueness weights for 9018 events... INFO
[2025-12-14 12:04:50.780] ✅ Uniqueness weights computed. Mean: 1.0000, Min: 0.4375, Max: 1.3126 SUCCESS
2025-12-14 12:04:50,781 - System.tprint - INFO - ℹ️ ✅ Uniqueness weights computed. Mean: 1.0000, Min: 0.4375, Max: 1.3126 SUCCESS
[I 2025-12-14 12:04:51,919] Trial 234 finished with value: -0.002270899986749113 and parameters: {'trail_distance_atr_mult': 1.5694283611889395}. Best is trial 126 with value: -0.000363295272717509.
[2025-12-14 12:04:54.359] ⚖️ Computing uniqueness weights for 9018 events... INFO
2025-12-14 12:04:54,360 - System.tprint - INFO - ℹ️ ⚖️ Computing uniqueness weights for 9018 events... INFO
[2025-12-14 12:04:54.378] ✅ Uniqueness weights computed. Mean: 1.0000, Min: 0.4376, Max: 1.3127 SUCCESS
2025-12-14 12:04:54,378 - System.tprint - INFO - ℹ️ ✅ Uniqueness weights computed. Mean: 1.0000, Min: 0.4376, Max: 1.3127 SUCCESS
[I 2025-12-14 12:04:55,689] Trial 235 finished with value: -0.0022708459954708065 and parameters: {'trail_distance_atr_mult': 1.5797318228995796}. Best is trial 126 with value: -0.000363295272717509.
[2025-12-14 12:04:57.544] ⚖️ Computing uniqueness weights for 9018 events... INFO
2025-12-14 12:04:57,544 - System.tprint - INFO - ℹ️ ⚖️ Computing uniqueness weights for 9018 events... INFO
[2025-12-14 12:04:57.554] ✅ Uniqueness weights computed. Mean: 1.0000, Min: 0.4376, Max: 1.3128 SUCCESS
2025-12-14 12:04:57,555 - System.tprint - INFO - ℹ️ ✅ Uniqueness weights computed. Mean: 1.0000, Min: 0.4376, Max: 1.3128 SUCCESS
[I 2025-12-14 12:04:58,425] Trial 236 finished with value: -0.005991393756967925 and parameters: {'trail_distance_atr_mult': 1.6332679946023572}. Best is trial 126 with value: -0.000363295272717509.
[2025-12-14 12:05:00.080] ⚖️ Computing uniqueness weights for 9018 events... INFO
2025-12-14 12:05:00,080 - System.tprint - INFO - ℹ️ ⚖️ Computing uniqueness weights for 9018 events... INFO
[2025-12-14 12:05:00.094] ✅ Uniqueness weights computed. Mean: 1.0000, Min: 0.4375, Max: 1.3125 SUCCESS
2025-12-14 12:05:00,094 - System.tprint - INFO - ℹ️ ✅ Uniqueness weights computed. Mean: 1.0000, Min: 0.4375, Max: 1.3125 SUCCESS
[I 2025-12-14 12:05:00,998] Trial 237 finished with value: -0.004402008469193465 and parameters: {'trail_distance_atr_mult': 1.4036603541788815}. Best is trial 126 with value: -0.000363295272717509.
[2025-12-14 12:05:02.387] ⚖️ Computing uniqueness weights for 9018 events... INFO
2025-12-14 12:05:02,387 - System.tprint - INFO - ℹ️ ⚖️ Computing uniqueness weights for 9018 events... INFO
[2025-12-14 12:05:02.398] ✅ Uniqueness weights computed. Mean: 1.0000, Min: 0.4377, Max: 1.3130 SUCCESS
2025-12-14 12:05:02,398 - System.tprint - INFO - ℹ️ ✅ Uniqueness weights computed. Mean: 1.0000, Min: 0.4377, Max: 1.3130 SUCCESS
[I 2025-12-14 12:05:03,289] Trial 238 finished with value: -0.008195389207862058 and parameters: {'trail_distance_atr_mult': 1.7309778856095421}. Best is trial 126 with value: -0.000363295272717509.
[2025-12-14 12:05:04.673] ⚖️ Computing uniqueness weights for 9018 events... INFO
2025-12-14 12:05:04,673 - System.tprint - INFO - ℹ️ ⚖️ Computing uniqueness weights for 9018 events... INFO
[2025-12-14 12:05:04.683] ✅ Uniqueness weights computed. Mean: 1.0000, Min: 0.4374, Max: 1.3123 SUCCESS
2025-12-14 12:05:04,683 - System.tprint - INFO - ℹ️ ✅ Uniqueness weights computed. Mean: 1.0000, Min: 0.4374, Max: 1.3123 SUCCESS
[I 2025-12-14 12:05:05,573] Trial 239 finished with value: -0.0044944396778320034 and parameters: {'trail_distance_atr_mult': 1.232805862398815}. Best is trial 126 with value: -0.000363295272717509.
[2025-12-14 12:05:07.005] ⚖️ Computing uniqueness weights for 9018 events... INFO
2025-12-14 12:05:07,005 - System.tprint - INFO - ℹ️ ⚖️ Computing uniqueness weights for 9018 events... INFO
[2025-12-14 12:05:07.017] ✅ Uniqueness weights computed. Mean: 1.0000, Min: 0.4375, Max: 1.3126 SUCCESS
2025-12-14 12:05:07,017 - System.tprint - INFO - ℹ️ ✅ Uniqueness weights computed. Mean: 1.0000, Min: 0.4375, Max: 1.3126 SUCCESS
[I 2025-12-14 12:05:07,904] Trial 240 finished with value: -0.0022709308018347097 and parameters: {'trail_distance_atr_mult': 1.563834187318793}. Best is trial 126 with value: -0.000363295272717509.
[2025-12-14 12:05:09.288] ⚖️ Computing uniqueness weights for 9018 events... INFO
2025-12-14 12:05:09,289 - System.tprint - INFO - ℹ️ ⚖️ Computing uniqueness weights for 9018 events... INFO
[2025-12-14 12:05:09.301] ✅ Uniqueness weights computed. Mean: 1.0000, Min: 0.4376, Max: 1.3127 SUCCESS
2025-12-14 12:05:09,301 - System.tprint - INFO - ℹ️ ✅ Uniqueness weights computed. Mean: 1.0000, Min: 0.4376, Max: 1.3127 SUCCESS
[I 2025-12-14 12:05:10,180] Trial 241 finished with value: -0.003172270613617377 and parameters: {'trail_distance_atr_mult': 1.6083413415904728}. Best is trial 126 with value: -0.000363295272717509.
[2025-12-14 12:05:11.558] ⚖️ Computing uniqueness weights for 9018 events... INFO
2025-12-14 12:05:11,558 - System.tprint - INFO - ℹ️ ⚖️ Computing uniqueness weights for 9018 events... INFO
[2025-12-14 12:05:11.570] ✅ Uniqueness weights computed. Mean: 1.0000, Min: 0.4376, Max: 1.3127 SUCCESS
2025-12-14 12:05:11,570 - System.tprint - INFO - ℹ️ ✅ Uniqueness weights computed. Mean: 1.0000, Min: 0.4376, Max: 1.3127 SUCCESS
[I 2025-12-14 12:05:12,526] Trial 242 finished with value: -0.00227082552906057 and parameters: {'trail_distance_atr_mult': 1.5837943439167357}. Best is trial 126 with value: -0.000363295272717509.
[2025-12-14 12:05:13.924] ⚖️ Computing uniqueness weights for 9018 events... INFO
2025-12-14 12:05:13,924 - System.tprint - INFO - ℹ️ ⚖️ Computing uniqueness weights for 9018 events... INFO
[2025-12-14 12:05:13.935] ✅ Uniqueness weights computed. Mean: 1.0000, Min: 0.4376, Max: 1.3127 SUCCESS
2025-12-14 12:05:13,935 - System.tprint - INFO - ℹ️ ✅ Uniqueness weights computed. Mean: 1.0000, Min: 0.4376, Max: 1.3127 SUCCESS
[I 2025-12-14 12:05:17,078] Trial 243 finished with value: -0.005451856765902133 and parameters: {'trail_distance_atr_mult': 1.6144780262040712}. Best is trial 126 with value: -0.000363295272717509.
2025-12-14 12:05:19,936 - src.utils.hardware.m1_memory_optimizer.M1MemoryOptimizer - INFO - ℹ️ 🧹 Moderate cleanup: 165 objects collected
[2025-12-14 12:05:21.645] ⚖️ Computing uniqueness weights for 9018 events... INFO
2025-12-14 12:05:21,645 - System.tprint - INFO - ℹ️ ⚖️ Computing uniqueness weights for 9018 events... INFO
[2025-12-14 12:05:21.660] ✅ Uniqueness weights computed. Mean: 1.0000, Min: 0.4375, Max: 1.3126 SUCCESS
2025-12-14 12:05:21,660 - System.tprint - INFO - ℹ️ ✅ Uniqueness weights computed. Mean: 1.0000, Min: 0.4375, Max: 1.3126 SUCCESS
