[I 2025-12-14 13:28:44,685] Trial 2519 finished with value: -0.006804522270594887 and parameters: {'trail_distance_atr_mult': 0.8297398315583123}. Best is trial 126 with value: -0.000363295272717509.
[2025-12-14 13:28:45.895] ⚖️ Computing uniqueness weights for 9018 events... INFO
2025-12-14 13:28:45,895 - System.tprint - INFO - ℹ️ ⚖️ Computing uniqueness weights for 9018 events... INFO
[2025-12-14 13:28:45.905] ✅ Uniqueness weights computed. Mean: 1.0000, Min: 0.4374, Max: 1.3121 SUCCESS
2025-12-14 13:28:45,905 - System.tprint - INFO - ℹ️ ✅ Uniqueness weights computed. Mean: 1.0000, Min: 0.4374, Max: 1.3121 SUCCESS
[I 2025-12-14 13:28:46,546] Trial 2520 finished with value: -0.004891524121620252 and parameters: {'trail_distance_atr_mult': 1.1898105856420624}. Best is trial 126 with value: -0.000363295272717509.
[2025-12-14 13:28:47.762] ⚖️ Computing uniqueness weights for 9018 events... INFO
2025-12-14 13:28:47,762 - System.tprint - INFO - ℹ️ ⚖️ Computing uniqueness weights for 9018 events... INFO
[2025-12-14 13:28:47.772] ✅ Uniqueness weights computed. Mean: 1.0000, Min: 0.4373, Max: 1.3119 SUCCESS
2025-12-14 13:28:47,772 - System.tprint - INFO - ℹ️ ✅ Uniqueness weights computed. Mean: 1.0000, Min: 0.4373, Max: 1.3119 SUCCESS
[I 2025-12-14 13:28:48,452] Trial 2521 finished with value: -0.007527229818508624 and parameters: {'trail_distance_atr_mult': 1.0293659379259288}. Best is trial 126 with value: -0.000363295272717509.
[2025-12-14 13:28:49.674] ⚖️ Computing uniqueness weights for 9018 events... INFO
2025-12-14 13:28:49,674 - System.tprint - INFO - ℹ️ ⚖️ Computing uniqueness weights for 9018 events... INFO
[2025-12-14 13:28:49.683] ✅ Uniqueness weights computed. Mean: 1.0000, Min: 0.4372, Max: 1.3117 SUCCESS
2025-12-14 13:28:49,684 - System.tprint - INFO - ℹ️ ✅ Uniqueness weights computed. Mean: 1.0000, Min: 0.4372, Max: 1.3117 SUCCESS
[I 2025-12-14 13:28:50,326] Trial 2522 finished with value: -0.00672797525919071 and parameters: {'trail_distance_atr_mult': 0.8019065673638349}. Best is trial 126 with value: -0.000363295272717509.
[2025-12-14 13:28:51.535] ⚖️ Computing uniqueness weights for 9018 events... INFO
2025-12-14 13:28:51,535 - System.tprint - INFO - ℹ️ ⚖️ Computing uniqueness weights for 9018 events... INFO
[2025-12-14 13:28:51.544] ✅ Uniqueness weights computed. Mean: 1.0000, Min: 0.4374, Max: 1.3121 SUCCESS
2025-12-14 13:28:51,544 - System.tprint - INFO - ℹ️ ✅ Uniqueness weights computed. Mean: 1.0000, Min: 0.4374, Max: 1.3121 SUCCESS
[I 2025-12-14 13:28:52,181] Trial 2523 finished with value: -0.004891427034644367 and parameters: {'trail_distance_atr_mult': 1.1937597570607006}. Best is trial 126 with value: -0.000363295272717509.
[2025-12-14 13:28:53.351] ⚖️ Computing uniqueness weights for 9018 events... INFO
2025-12-14 13:28:53,354 - System.tprint - INFO - ℹ️ ⚖️ Computing uniqueness weights for 9018 events... INFO
[2025-12-14 13:28:53.370] ✅ Uniqueness weights computed. Mean: 1.0000, Min: 0.4373, Max: 1.3118 SUCCESS
2025-12-14 13:28:53,370 - System.tprint - INFO - ℹ️ ✅ Uniqueness weights computed. Mean: 1.0000, Min: 0.4373, Max: 1.3118 SUCCESS
[I 2025-12-14 13:28:54,018] Trial 2524 finished with value: -0.006758310347468572 and parameters: {'trail_distance_atr_mult': 0.9636969100720504}. Best is trial 126 with value: -0.000363295272717509.
[2025-12-14 13:28:55.234] ⚖️ Computing uniqueness weights for 9018 events... INFO
2025-12-14 13:28:55,234 - System.tprint - INFO - ℹ️ ⚖️ Computing uniqueness weights for 9018 events... INFO
[2025-12-14 13:28:55.245] ✅ Uniqueness weights computed. Mean: 1.0000, Min: 0.4372, Max: 1.3117 SUCCESS
2025-12-14 13:28:55,245 - System.tprint - INFO - ℹ️ ✅ Uniqueness weights computed. Mean: 1.0000, Min: 0.4372, Max: 1.3117 SUCCESS
[I 2025-12-14 13:28:55,882] Trial 2525 finished with value: -0.007479331783459741 and parameters: {'trail_distance_atr_mult': 0.6685542252224455}. Best is trial 126 with value: -0.000363295272717509.
[2025-12-14 13:28:57.081] ⚖️ Computing uniqueness weights for 9018 events... INFO
2025-12-14 13:28:57,081 - System.tprint - INFO - ℹ️ ⚖️ Computing uniqueness weights for 9018 events... INFO
[2025-12-14 13:28:57.091] ✅ Uniqueness weights computed. Mean: 1.0000, Min: 0.4374, Max: 1.3121 SUCCESS
2025-12-14 13:28:57,091 - System.tprint - INFO - ℹ️ ✅ Uniqueness weights computed. Mean: 1.0000, Min: 0.4374, Max: 1.3121 SUCCESS
[I 2025-12-14 13:28:57,724] Trial 2526 finished with value: -0.004891594839426985 and parameters: {'trail_distance_atr_mult': 1.1869302599353073}. Best is trial 126 with value: -0.000363295272717509.
[2025-12-14 13:28:58.935] ⚖️ Computing uniqueness weights for 9018 events... INFO
2025-12-14 13:28:58,935 - System.tprint - INFO - ℹ️ ⚖️ Computing uniqueness weights for 9018 events... INFO
[2025-12-14 13:28:58.945] ✅ Uniqueness weights computed. Mean: 1.0000, Min: 0.4375, Max: 1.3125 SUCCESS
2025-12-14 13:28:58,945 - System.tprint - INFO - ℹ️ ✅ Uniqueness weights computed. Mean: 1.0000, Min: 0.4375, Max: 1.3125 SUCCESS
[I 2025-12-14 13:28:59,657] Trial 2527 finished with value: -0.0029956707687474023 and parameters: {'trail_distance_atr_mult': 1.3650571255624626}. Best is trial 126 with value: -0.000363295272717509.
[2025-12-14 13:29:00.856] ⚖️ Computing uniqueness weights for 9018 events... INFO
2025-12-14 13:29:00,857 - System.tprint - INFO - ℹ️ ⚖️ Computing uniqueness weights for 9018 events... INFO
[2025-12-14 13:29:00.866] ✅ Uniqueness weights computed. Mean: 1.0000, Min: 0.4373, Max: 1.3118 SUCCESS
2025-12-14 13:29:00,866 - System.tprint - INFO - ℹ️ ✅ Uniqueness weights computed. Mean: 1.0000, Min: 0.4373, Max: 1.3118 SUCCESS
[I 2025-12-14 13:29:01,505] Trial 2528 finished with value: -0.006888960674011586 and parameters: {'trail_distance_atr_mult': 0.9230408589447373}. Best is trial 126 with value: -0.000363295272717509.
[2025-12-14 13:29:02.709] ⚖️ Computing uniqueness weights for 9018 events... INFO
2025-12-14 13:29:02,709 - System.tprint - INFO - ℹ️ ⚖️ Computing uniqueness weights for 9018 events... INFO
[2025-12-14 13:29:02.719] ✅ Uniqueness weights computed. Mean: 1.0000, Min: 0.4373, Max: 1.3120 SUCCESS
2025-12-14 13:29:02,719 - System.tprint - INFO - ℹ️ ✅ Uniqueness weights computed. Mean: 1.0000, Min: 0.4373, Max: 1.3120 SUCCESS
[I 2025-12-14 13:29:03,358] Trial 2529 finished with value: -0.007527248335547146 and parameters: {'trail_distance_atr_mult': 1.056298254658818}. Best is trial 126 with value: -0.000363295272717509.
[2025-12-14 13:29:04.566] ⚖️ Computing uniqueness weights for 9018 events... INFO
2025-12-14 13:29:04,566 - System.tprint - INFO - ℹ️ ⚖️ Computing uniqueness weights for 9018 events... INFO
[2025-12-14 13:29:04.576] ✅ Uniqueness weights computed. Mean: 1.0000, Min: 0.4372, Max: 1.3117 SUCCESS
2025-12-14 13:29:04,577 - System.tprint - INFO - ℹ️ ✅ Uniqueness weights computed. Mean: 1.0000, Min: 0.4372, Max: 1.3117 SUCCESS
[I 2025-12-14 13:29:05,229] Trial 2530 finished with value: -0.00672803080541155 and parameters: {'trail_distance_atr_mult': 0.7965082985953649}. Best is trial 126 with value: -0.000363295272717509.
[2025-12-14 13:29:06.428] ⚖️ Computing uniqueness weights for 9018 events... INFO
2025-12-14 13:29:06,428 - System.tprint - INFO - ℹ️ ⚖️ Computing uniqueness weights for 9018 events... INFO
[2025-12-14 13:29:06.437] ✅ Uniqueness weights computed. Mean: 1.0000, Min: 0.4374, Max: 1.3121 SUCCESS
2025-12-14 13:29:06,437 - System.tprint - INFO - ℹ️ ✅ Uniqueness weights computed. Mean: 1.0000, Min: 0.4374, Max: 1.3121 SUCCESS
[I 2025-12-14 13:29:07,108] Trial 2531 finished with value: -0.007445867197582573 and parameters: {'trail_distance_atr_mult': 1.1674162190167825}. Best is trial 126 with value: -0.000363295272717509.
[2025-12-14 13:29:08.256] ⚖️ Computing uniqueness weights for 9018 events... INFO
2025-12-14 13:29:08,256 - System.tprint - INFO - ℹ️ ⚖️ Computing uniqueness weights for 9018 events... INFO
[2025-12-14 13:29:08.266] ✅ Uniqueness weights computed. Mean: 1.0000, Min: 0.4373, Max: 1.3119 SUCCESS
2025-12-14 13:29:08,266 - System.tprint - INFO - ℹ️ ✅ Uniqueness weights computed. Mean: 1.0000, Min: 0.4373, Max: 1.3119 SUCCESS
[I 2025-12-14 13:29:08,955] Trial 2532 finished with value: -0.00308468186268714 and parameters: {'trail_distance_atr_mult': 1.0211178003535788}. Best is trial 126 with value: -0.000363295272717509.
[2025-12-14 13:29:10.152] ⚖️ Computing uniqueness weights for 9018 events... INFO
2025-12-14 13:29:10,153 - System.tprint - INFO - ℹ️ ⚖️ Computing uniqueness weights for 9018 events... INFO
[2025-12-14 13:29:10.163] ✅ Uniqueness weights computed. Mean: 1.0000, Min: 0.4373, Max: 1.3118 SUCCESS
2025-12-14 13:29:10,163 - System.tprint - INFO - ℹ️ ✅ Uniqueness weights computed. Mean: 1.0000, Min: 0.4373, Max: 1.3118 SUCCESS
[I 2025-12-14 13:29:10,804] Trial 2533 finished with value: -0.00680450804426007 and parameters: {'trail_distance_atr_mult': 0.8244877145673943}. Best is trial 126 with value: -0.000363295272717509.
[2025-12-14 13:29:12.002] ⚖️ Computing uniqueness weights for 9018 events... INFO
2025-12-14 13:29:12,002 - System.tprint - INFO - ℹ️ ⚖️ Computing uniqueness weights for 9018 events... INFO
[2025-12-14 13:29:12.012] ✅ Uniqueness weights computed. Mean: 1.0000, Min: 0.4374, Max: 1.3121 SUCCESS
2025-12-14 13:29:12,012 - System.tprint - INFO - ℹ️ ✅ Uniqueness weights computed. Mean: 1.0000, Min: 0.4374, Max: 1.3121 SUCCESS
[I 2025-12-14 13:29:12,844] Trial 2534 finished with value: -0.004891450978909753 and parameters: {'trail_distance_atr_mult': 1.1927817583084046}. Best is trial 126 with value: -0.000363295272717509.
[2025-12-14 13:29:14.064] ⚖️ Computing uniqueness weights for 9018 events... INFO
2025-12-14 13:29:14,064 - System.tprint - INFO - ℹ️ ⚖️ Computing uniqueness weights for 9018 events... INFO
[2025-12-14 13:29:14.074] ✅ Uniqueness weights computed. Mean: 1.0000, Min: 0.4372, Max: 1.3117 SUCCESS
2025-12-14 13:29:14,074 - System.tprint - INFO - ℹ️ ✅ Uniqueness weights computed. Mean: 1.0000, Min: 0.4372, Max: 1.3117 SUCCESS
[I 2025-12-14 13:29:14,718] Trial 2535 finished with value: -0.0034849037732859996 and parameters: {'trail_distance_atr_mult': 0.6424802336290862}. Best is trial 126 with value: -0.000363295272717509.
[2025-12-14 13:29:15.942] ⚖️ Computing uniqueness weights for 9018 events... INFO
2025-12-14 13:29:15,942 - System.tprint - INFO - ℹ️ ⚖️ Computing uniqueness weights for 9018 events... INFO
[2025-12-14 13:29:15.952] ✅ Uniqueness weights computed. Mean: 1.0000, Min: 0.4373, Max: 1.3119 SUCCESS
2025-12-14 13:29:15,952 - System.tprint - INFO - ℹ️ ✅ Uniqueness weights computed. Mean: 1.0000, Min: 0.4373, Max: 1.3119 SUCCESS
[I 2025-12-14 13:29:16,595] Trial 2536 finished with value: -0.003084675375134646 and parameters: {'trail_distance_atr_mult': 1.0122188317711744}. Best is trial 126 with value: -0.000363295272717509.
[2025-12-14 13:29:17.780] ⚖️ Computing uniqueness weights for 9018 events... INFO
2025-12-14 13:29:17,781 - System.tprint - INFO - ℹ️ ⚖️ Computing uniqueness weights for 9018 events... INFO
[2025-12-14 13:29:17.790] ✅ Uniqueness weights computed. Mean: 1.0000, Min: 0.4374, Max: 1.3122 SUCCESS
2025-12-14 13:29:17,790 - System.tprint - INFO - ℹ️ ✅ Uniqueness weights computed. Mean: 1.0000, Min: 0.4374, Max: 1.3122 SUCCESS
[I 2025-12-14 13:29:18,453] Trial 2537 finished with value: -0.003015688202046432 and parameters: {'trail_distance_atr_mult': 1.2095543630887924}. Best is trial 126 with value: -0.000363295272717509.
[2025-12-14 13:29:19.724] ⚖️ Computing uniqueness weights for 9018 events... INFO
2025-12-14 13:29:19,724 - System.tprint - INFO - ℹ️ ⚖️ Computing uniqueness weights for 9018 events... INFO
[2025-12-14 13:29:19.735] ✅ Uniqueness weights computed. Mean: 1.0000, Min: 0.4375, Max: 1.3125 SUCCESS
2025-12-14 13:29:19,735 - System.tprint - INFO - ℹ️ ✅ Uniqueness weights computed. Mean: 1.0000, Min: 0.4375, Max: 1.3125 SUCCESS
[I 2025-12-14 13:29:20,483] Trial 2538 finished with value: -0.002995749685997821 and parameters: {'trail_distance_atr_mult': 1.3836664415202198}. Best is trial 126 with value: -0.000363295272717509.
[2025-12-14 13:29:21.710] ⚖️ Computing uniqueness weights for 9018 events... INFO
2025-12-14 13:29:21,710 - System.tprint - INFO - ℹ️ ⚖️ Computing uniqueness weights for 9018 events... INFO
[2025-12-14 13:29:21.719] ✅ Uniqueness weights computed. Mean: 1.0000, Min: 0.4373, Max: 1.3118 SUCCESS
2025-12-14 13:29:21,720 - System.tprint - INFO - ℹ️ ✅ Uniqueness weights computed. Mean: 1.0000, Min: 0.4373, Max: 1.3118 SUCCESS
[I 2025-12-14 13:29:22,356] Trial 2539 finished with value: -0.006681078471028825 and parameters: {'trail_distance_atr_mult': 0.8929459213548226}. Best is trial 126 with value: -0.000363295272717509.
[2025-12-14 13:29:23.559] ⚖️ Computing uniqueness weights for 9018 events... INFO
2025-12-14 13:29:23,560 - System.tprint - INFO - ℹ️ ⚖️ Computing uniqueness weights for 9018 events... INFO
[2025-12-14 13:29:23.569] ✅ Uniqueness weights computed. Mean: 1.0000, Min: 0.4373, Max: 1.3120 SUCCESS
2025-12-14 13:29:23,569 - System.tprint - INFO - ℹ️ ✅ Uniqueness weights computed. Mean: 1.0000, Min: 0.4373, Max: 1.3120 SUCCESS
[I 2025-12-14 13:29:24,214] Trial 2540 finished with value: -0.007527254873682431 and parameters: {'trail_distance_atr_mult': 1.0617422240741015}. Best is trial 126 with value: -0.000363295272717509.
[2025-12-14 13:29:25.413] ⚖️ Computing uniqueness weights for 9018 events... INFO
2025-12-14 13:29:25,413 - System.tprint - INFO - ℹ️ ⚖️ Computing uniqueness weights for 9018 events... INFO
[2025-12-14 13:29:25.423] ✅ Uniqueness weights computed. Mean: 1.0000, Min: 0.4372, Max: 1.3117 SUCCESS
2025-12-14 13:29:25,423 - System.tprint - INFO - ℹ️ ✅ Uniqueness weights computed. Mean: 1.0000, Min: 0.4372, Max: 1.3117 SUCCESS
[I 2025-12-14 13:29:26,134] Trial 2541 finished with value: -0.007546852514577222 and parameters: {'trail_distance_atr_mult': 0.6264150976862753}. Best is trial 126 with value: -0.000363295272717509.
[2025-12-14 13:29:27.350] ⚖️ Computing uniqueness weights for 9018 events... INFO
2025-12-14 13:29:27,350 - System.tprint - INFO - ℹ️ ⚖️ Computing uniqueness weights for 9018 events... INFO
[2025-12-14 13:29:27.361] ✅ Uniqueness weights computed. Mean: 1.0000, Min: 0.4373, Max: 1.3118 SUCCESS
2025-12-14 13:29:27,361 - System.tprint - INFO - ℹ️ ✅ Uniqueness weights computed. Mean: 1.0000, Min: 0.4373, Max: 1.3118 SUCCESS
[I 2025-12-14 13:29:28,001] Trial 2542 finished with value: -0.0065844324987354725 and parameters: {'trail_distance_atr_mult': 0.8486357336014654}. Best is trial 126 with value: -0.000363295272717509.
[2025-12-14 13:29:29.197] ⚖️ Computing uniqueness weights for 9018 events... INFO
2025-12-14 13:29:29,198 - System.tprint - INFO - ℹ️ ⚖️ Computing uniqueness weights for 9018 events... INFO
[2025-12-14 13:29:29.208] ✅ Uniqueness weights computed. Mean: 1.0000, Min: 0.4374, Max: 1.3122 SUCCESS
2025-12-14 13:29:29,208 - System.tprint - INFO - ℹ️ ✅ Uniqueness weights computed. Mean: 1.0000, Min: 0.4374, Max: 1.3122 SUCCESS
[I 2025-12-14 13:29:29,843] Trial 2543 finished with value: -0.002990208547558749 and parameters: {'trail_distance_atr_mult': 1.217171415674852}. Best is trial 126 with value: -0.000363295272717509.
[2025-12-14 13:29:31.052] ⚖️ Computing uniqueness weights for 9018 events... INFO
2025-12-14 13:29:31,052 - System.tprint - INFO - ℹ️ ⚖️ Computing uniqueness weights for 9018 events... INFO
[2025-12-14 13:29:31.063] ✅ Uniqueness weights computed. Mean: 1.0000, Min: 0.4373, Max: 1.3119 SUCCESS
2025-12-14 13:29:31,063 - System.tprint - INFO - ℹ️ ✅ Uniqueness weights computed. Mean: 1.0000, Min: 0.4373, Max: 1.3119 SUCCESS
[I 2025-12-14 13:29:31,699] Trial 2544 finished with value: -0.007527227473481554 and parameters: {'trail_distance_atr_mult': 1.0366889211998176}. Best is trial 126 with value: -0.000363295272717509.
[2025-12-14 13:29:32.925] ⚖️ Computing uniqueness weights for 9018 events... INFO
2025-12-14 13:29:32,925 - System.tprint - INFO - ℹ️ ⚖️ Computing uniqueness weights for 9018 events... INFO
[2025-12-14 13:29:32.935] ✅ Uniqueness weights computed. Mean: 1.0000, Min: 0.4372, Max: 1.3117 SUCCESS
2025-12-14 13:29:32,935 - System.tprint - INFO - ℹ️ ✅ Uniqueness weights computed. Mean: 1.0000, Min: 0.4372, Max: 1.3117 SUCCESS
[I 2025-12-14 13:29:33,579] Trial 2545 finished with value: -0.006727941788529163 and parameters: {'trail_distance_atr_mult': 0.8051226324708849}. Best is trial 126 with value: -0.000363295272717509.
[2025-12-14 13:29:34.792] ⚖️ Computing uniqueness weights for 9018 events... INFO
2025-12-14 13:29:34,792 - System.tprint - INFO - ℹ️ ⚖️ Computing uniqueness weights for 9018 events... INFO
[2025-12-14 13:29:34.802] ✅ Uniqueness weights computed. Mean: 1.0000, Min: 0.4375, Max: 1.3125 SUCCESS
2025-12-14 13:29:34,802 - System.tprint - INFO - ℹ️ ✅ Uniqueness weights computed. Mean: 1.0000, Min: 0.4375, Max: 1.3125 SUCCESS
[I 2025-12-14 13:29:35,461] Trial 2546 finished with value: -0.002995670855580811 and parameters: {'trail_distance_atr_mult': 1.365126264410218}. Best is trial 126 with value: -0.000363295272717509.
[2025-12-14 13:29:36.707] ⚖️ Computing uniqueness weights for 9018 events... INFO
2025-12-14 13:29:36,707 - System.tprint - INFO - ℹ️ ⚖️ Computing uniqueness weights for 9018 events... INFO
[2025-12-14 13:29:36.718] ✅ Uniqueness weights computed. Mean: 1.0000, Min: 0.4373, Max: 1.3120 SUCCESS
2025-12-14 13:29:36,718 - System.tprint - INFO - ℹ️ ✅ Uniqueness weights computed. Mean: 1.0000, Min: 0.4373, Max: 1.3120 SUCCESS
[I 2025-12-14 13:29:37,348] Trial 2547 finished with value: -0.007527253640929814 and parameters: {'trail_distance_atr_mult': 1.0607346700401306}. Best is trial 126 with value: -0.000363295272717509.
[2025-12-14 13:29:38.566] ⚖️ Computing uniqueness weights for 9018 events... INFO
2025-12-14 13:29:38,567 - System.tprint - INFO - ℹ️ ⚖️ Computing uniqueness weights for 9018 events... INFO
[2025-12-14 13:29:38.576] ✅ Uniqueness weights computed. Mean: 1.0000, Min: 0.4372, Max: 1.3117 SUCCESS
2025-12-14 13:29:38,577 - System.tprint - INFO - ℹ️ ✅ Uniqueness weights computed. Mean: 1.0000, Min: 0.4372, Max: 1.3117 SUCCESS
[I 2025-12-14 13:29:39,214] Trial 2548 finished with value: -0.007479331783459741 and parameters: {'trail_distance_atr_mult': 0.6673738479436513}. Best is trial 126 with value: -0.000363295272717509.
[2025-12-14 13:29:40.416] ⚖️ Computing uniqueness weights for 9018 events... INFO
2025-12-14 13:29:40,416 - System.tprint - INFO - ℹ️ ⚖️ Computing uniqueness weights for 9018 events... INFO
[2025-12-14 13:29:40.426] ✅ Uniqueness weights computed. Mean: 1.0000, Min: 0.4374, Max: 1.3121 SUCCESS
2025-12-14 13:29:40,426 - System.tprint - INFO - ℹ️ ✅ Uniqueness weights computed. Mean: 1.0000, Min: 0.4374, Max: 1.3121 SUCCESS
[I 2025-12-14 13:29:41,060] Trial 2549 finished with value: -0.0074458403084147135 and parameters: {'trail_distance_atr_mult': 1.1703271318564494}. Best is trial 126 with value: -0.000363295272717509.
[2025-12-14 13:29:42.261] ⚖️ Computing uniqueness weights for 9018 events... INFO
2025-12-14 13:29:42,261 - System.tprint - INFO - ℹ️ ⚖️ Computing uniqueness weights for 9018 events... INFO
[2025-12-14 13:29:42.271] ✅ Uniqueness weights computed. Mean: 1.0000, Min: 0.4373, Max: 1.3118 SUCCESS
2025-12-14 13:29:42,271 - System.tprint - INFO - ℹ️ ✅ Uniqueness weights computed. Mean: 1.0000, Min: 0.4373, Max: 1.3118 SUCCESS
[I 2025-12-14 13:29:42,910] Trial 2550 finished with value: -0.006888961901991553 and parameters: {'trail_distance_atr_mult': 0.9237805843279746}. Best is trial 126 with value: -0.000363295272717509.
[2025-12-14 13:29:44.101] ⚖️ Computing uniqueness weights for 9018 events... INFO
2025-12-14 13:29:44,101 - System.tprint - INFO - ℹ️ ⚖️ Computing uniqueness weights for 9018 events... INFO
[2025-12-14 13:29:44.111] ✅ Uniqueness weights computed. Mean: 1.0000, Min: 0.4374, Max: 1.3121 SUCCESS
2025-12-14 13:29:44,111 - System.tprint - INFO - ℹ️ ✅ Uniqueness weights computed. Mean: 1.0000, Min: 0.4374, Max: 1.3121 SUCCESS
[I 2025-12-14 13:29:44,749] Trial 2551 finished with value: -0.00752960945884598 and parameters: {'trail_distance_atr_mult': 1.1654677463108096}. Best is trial 126 with value: -0.000363295272717509.
[2025-12-14 13:29:45.968] ⚖️ Computing uniqueness weights for 9018 events... INFO
2025-12-14 13:29:45,968 - System.tprint - INFO - ℹ️ ⚖️ Computing uniqueness weights for 9018 events... INFO
[2025-12-14 13:29:45.978] ✅ Uniqueness weights computed. Mean: 1.0000, Min: 0.4373, Max: 1.3118 SUCCESS
2025-12-14 13:29:45,978 - System.tprint - INFO - ℹ️ ✅ Uniqueness weights computed. Mean: 1.0000, Min: 0.4373, Max: 1.3118 SUCCESS
[I 2025-12-14 13:29:46,742] Trial 2552 finished with value: -0.0068889667408663655 and parameters: {'trail_distance_atr_mult': 0.9265728526483535}. Best is trial 126 with value: -0.000363295272717509.
[2025-12-14 13:29:48.898] ⚖️ Computing uniqueness weights for 9018 events... INFO
2025-12-14 13:29:48,899 - System.tprint - INFO - ℹ️ ⚖️ Computing uniqueness weights for 9018 events... INFO
[2025-12-14 13:29:48.914] ✅ Uniqueness weights computed. Mean: 1.0000, Min: 0.4372, Max: 1.3117 SUCCESS
2025-12-14 13:29:48,914 - System.tprint - INFO - ℹ️ ✅ Uniqueness weights computed. Mean: 1.0000, Min: 0.4372, Max: 1.3117 SUCCESS
[I 2025-12-14 13:29:50,034] Trial 2553 finished with value: -0.0034849037542104768 and parameters: {'trail_distance_atr_mult': 0.65578118761084}. Best is trial 126 with value: -0.000363295272717509.
[2025-12-14 13:29:51.349] ⚖️ Computing uniqueness weights for 9018 events... INFO
2025-12-14 13:29:51,349 - System.tprint - INFO - ℹ️ ⚖️ Computing uniqueness weights for 9018 events... INFO
[2025-12-14 13:29:51.360] ✅ Uniqueness weights computed. Mean: 1.0000, Min: 0.4373, Max: 1.3119 SUCCESS
2025-12-14 13:29:51,360 - System.tprint - INFO - ℹ️ ✅ Uniqueness weights computed. Mean: 1.0000, Min: 0.4373, Max: 1.3119 SUCCESS
