[I 2025-12-14 12:09:58,189] Trial 349 finished with value: -0.006463385096823785 and parameters: {'trail_distance_atr_mult': 1.4898508318337569}. Best is trial 126 with value: -0.000363295272717509.
[2025-12-14 12:09:59.913] ⚖️ Computing uniqueness weights for 9018 events... INFO
2025-12-14 12:09:59,913 - System.tprint - INFO - ℹ️ ⚖️ Computing uniqueness weights for 9018 events... INFO
[2025-12-14 12:09:59.927] ✅ Uniqueness weights computed. Mean: 1.0000, Min: 0.4377, Max: 1.3132 SUCCESS
2025-12-14 12:09:59,927 - System.tprint - INFO - ℹ️ ✅ Uniqueness weights computed. Mean: 1.0000, Min: 0.4377, Max: 1.3132 SUCCESS
[I 2025-12-14 12:10:00,833] Trial 350 finished with value: -0.003435687217386867 and parameters: {'trail_distance_atr_mult': 1.8999361234114822}. Best is trial 126 with value: -0.000363295272717509.
[2025-12-14 12:10:02.232] ⚖️ Computing uniqueness weights for 9018 events... INFO
2025-12-14 12:10:02,232 - System.tprint - INFO - ℹ️ ⚖️ Computing uniqueness weights for 9018 events... INFO
[2025-12-14 12:10:02.245] ✅ Uniqueness weights computed. Mean: 1.0000, Min: 0.4375, Max: 1.3126 SUCCESS
2025-12-14 12:10:02,245 - System.tprint - INFO - ℹ️ ✅ Uniqueness weights computed. Mean: 1.0000, Min: 0.4375, Max: 1.3126 SUCCESS
[I 2025-12-14 12:10:03,160] Trial 351 finished with value: -0.003326758711651532 and parameters: {'trail_distance_atr_mult': 1.5178571971467039}. Best is trial 126 with value: -0.000363295272717509.
[2025-12-14 12:10:05.150] ⚖️ Computing uniqueness weights for 9018 events... INFO
2025-12-14 12:10:05,150 - System.tprint - INFO - ℹ️ ⚖️ Computing uniqueness weights for 9018 events... INFO
[2025-12-14 12:10:05.165] ✅ Uniqueness weights computed. Mean: 1.0000, Min: 0.4376, Max: 1.3128 SUCCESS
2025-12-14 12:10:05,165 - System.tprint - INFO - ℹ️ ✅ Uniqueness weights computed. Mean: 1.0000, Min: 0.4376, Max: 1.3128 SUCCESS
[I 2025-12-14 12:10:06,097] Trial 352 finished with value: -0.004921841818099096 and parameters: {'trail_distance_atr_mult': 1.6461426386797628}. Best is trial 126 with value: -0.000363295272717509.
[2025-12-14 12:10:07.643] ⚖️ Computing uniqueness weights for 9018 events... INFO
2025-12-14 12:10:07,644 - System.tprint - INFO - ℹ️ ⚖️ Computing uniqueness weights for 9018 events... INFO
[2025-12-14 12:10:07.655] ✅ Uniqueness weights computed. Mean: 1.0000, Min: 0.4374, Max: 1.3121 SUCCESS
2025-12-14 12:10:07,655 - System.tprint - INFO - ℹ️ ✅ Uniqueness weights computed. Mean: 1.0000, Min: 0.4374, Max: 1.3121 SUCCESS
[I 2025-12-14 12:10:08,540] Trial 353 finished with value: -0.0048914097854610115 and parameters: {'trail_distance_atr_mult': 1.1944591444940846}. Best is trial 126 with value: -0.000363295272717509.
[2025-12-14 12:10:09.956] ⚖️ Computing uniqueness weights for 9018 events... INFO
2025-12-14 12:10:09,956 - System.tprint - INFO - ℹ️ ⚖️ Computing uniqueness weights for 9018 events... INFO
[2025-12-14 12:10:09.970] ✅ Uniqueness weights computed. Mean: 1.0000, Min: 0.4375, Max: 1.3126 SUCCESS
2025-12-14 12:10:09,970 - System.tprint - INFO - ℹ️ ✅ Uniqueness weights computed. Mean: 1.0000, Min: 0.4375, Max: 1.3126 SUCCESS
[I 2025-12-14 12:10:10,859] Trial 354 finished with value: -0.003915178444412362 and parameters: {'trail_distance_atr_mult': 1.534698260529982}. Best is trial 126 with value: -0.000363295272717509.
[2025-12-14 12:10:12.264] ⚖️ Computing uniqueness weights for 9018 events... INFO
2025-12-14 12:10:12,264 - System.tprint - INFO - ℹ️ ⚖️ Computing uniqueness weights for 9018 events... INFO
[2025-12-14 12:10:12.276] ✅ Uniqueness weights computed. Mean: 1.0000, Min: 0.4376, Max: 1.3127 SUCCESS
2025-12-14 12:10:12,277 - System.tprint - INFO - ℹ️ ✅ Uniqueness weights computed. Mean: 1.0000, Min: 0.4376, Max: 1.3127 SUCCESS
[I 2025-12-14 12:10:13,162] Trial 355 finished with value: -0.0031722714164015304 and parameters: {'trail_distance_atr_mult': 1.601735770073858}. Best is trial 126 with value: -0.000363295272717509.
[2025-12-14 12:10:14.611] ⚖️ Computing uniqueness weights for 9018 events... INFO
2025-12-14 12:10:14,612 - System.tprint - INFO - ℹ️ ⚖️ Computing uniqueness weights for 9018 events... INFO
[2025-12-14 12:10:14.626] ✅ Uniqueness weights computed. Mean: 1.0000, Min: 0.4375, Max: 1.3125 SUCCESS
2025-12-14 12:10:14,626 - System.tprint - INFO - ℹ️ ✅ Uniqueness weights computed. Mean: 1.0000, Min: 0.4375, Max: 1.3125 SUCCESS
[I 2025-12-14 12:10:15,535] Trial 356 finished with value: -0.004401953507823769 and parameters: {'trail_distance_atr_mult': 1.3927007659078816}. Best is trial 126 with value: -0.000363295272717509.
[2025-12-14 12:10:16.989] ⚖️ Computing uniqueness weights for 9018 events... INFO
2025-12-14 12:10:16,989 - System.tprint - INFO - ℹ️ ⚖️ Computing uniqueness weights for 9018 events... INFO
[2025-12-14 12:10:17.000] ✅ Uniqueness weights computed. Mean: 1.0000, Min: 0.4377, Max: 1.3130 SUCCESS
2025-12-14 12:10:17,000 - System.tprint - INFO - ℹ️ ✅ Uniqueness weights computed. Mean: 1.0000, Min: 0.4377, Max: 1.3130 SUCCESS
[I 2025-12-14 12:10:17,887] Trial 357 finished with value: -0.007127654366842345 and parameters: {'trail_distance_atr_mult': 1.7840929633070275}. Best is trial 126 with value: -0.000363295272717509.
[2025-12-14 12:10:19.299] ⚖️ Computing uniqueness weights for 9018 events... INFO
2025-12-14 12:10:19,299 - System.tprint - INFO - ℹ️ ⚖️ Computing uniqueness weights for 9018 events... INFO
[2025-12-14 12:10:19.310] ✅ Uniqueness weights computed. Mean: 1.0000, Min: 0.4375, Max: 1.3125 SUCCESS
2025-12-14 12:10:19,310 - System.tprint - INFO - ℹ️ ✅ Uniqueness weights computed. Mean: 1.0000, Min: 0.4375, Max: 1.3125 SUCCESS
[I 2025-12-14 12:10:20,315] Trial 358 finished with value: -0.004014199124532025 and parameters: {'trail_distance_atr_mult': 1.41626462726719}. Best is trial 126 with value: -0.000363295272717509.
[2025-12-14 12:10:21.742] ⚖️ Computing uniqueness weights for 9018 events... INFO
2025-12-14 12:10:21,742 - System.tprint - INFO - ℹ️ ⚖️ Computing uniqueness weights for 9018 events... INFO
[2025-12-14 12:10:21.754] ✅ Uniqueness weights computed. Mean: 1.0000, Min: 0.4376, Max: 1.3129 SUCCESS
2025-12-14 12:10:21,754 - System.tprint - INFO - ℹ️ ✅ Uniqueness weights computed. Mean: 1.0000, Min: 0.4376, Max: 1.3129 SUCCESS
[I 2025-12-14 12:10:22,648] Trial 359 finished with value: -0.0050876455167642946 and parameters: {'trail_distance_atr_mult': 1.6682386850323845}. Best is trial 126 with value: -0.000363295272717509.
[2025-12-14 12:10:24.050] ⚖️ Computing uniqueness weights for 9018 events... INFO
2025-12-14 12:10:24,050 - System.tprint - INFO - ℹ️ ⚖️ Computing uniqueness weights for 9018 events... INFO
[2025-12-14 12:10:24.062] ✅ Uniqueness weights computed. Mean: 1.0000, Min: 0.4375, Max: 1.3124 SUCCESS
2025-12-14 12:10:24,062 - System.tprint - INFO - ℹ️ ✅ Uniqueness weights computed. Mean: 1.0000, Min: 0.4375, Max: 1.3124 SUCCESS
[I 2025-12-14 12:10:24,956] Trial 360 finished with value: -0.004691738895562964 and parameters: {'trail_distance_atr_mult': 1.3125213228059895}. Best is trial 126 with value: -0.000363295272717509.
[2025-12-14 12:10:26.440] ⚖️ Computing uniqueness weights for 9018 events... INFO
2025-12-14 12:10:26,440 - System.tprint - INFO - ℹ️ ⚖️ Computing uniqueness weights for 9018 events... INFO
[2025-12-14 12:10:26.451] ✅ Uniqueness weights computed. Mean: 1.0000, Min: 0.4376, Max: 1.3128 SUCCESS
2025-12-14 12:10:26,452 - System.tprint - INFO - ℹ️ ✅ Uniqueness weights computed. Mean: 1.0000, Min: 0.4376, Max: 1.3128 SUCCESS
[I 2025-12-14 12:10:27,335] Trial 361 finished with value: -0.006464515574072489 and parameters: {'trail_distance_atr_mult': 1.627379830384759}. Best is trial 126 with value: -0.000363295272717509.
[2025-12-14 12:10:28.737] ⚖️ Computing uniqueness weights for 9018 events... INFO
2025-12-14 12:10:28,738 - System.tprint - INFO - ℹ️ ⚖️ Computing uniqueness weights for 9018 events... INFO
[2025-12-14 12:10:28.749] ✅ Uniqueness weights computed. Mean: 1.0000, Min: 0.4375, Max: 1.3126 SUCCESS
2025-12-14 12:10:28,749 - System.tprint - INFO - ℹ️ ✅ Uniqueness weights computed. Mean: 1.0000, Min: 0.4375, Max: 1.3126 SUCCESS
[I 2025-12-14 12:10:29,633] Trial 362 finished with value: -0.0022708859423077265 and parameters: {'trail_distance_atr_mult': 1.572053209073441}. Best is trial 126 with value: -0.000363295272717509.
[2025-12-14 12:10:31.046] ⚖️ Computing uniqueness weights for 9018 events... INFO
2025-12-14 12:10:31,046 - System.tprint - INFO - ℹ️ ⚖️ Computing uniqueness weights for 9018 events... INFO
[2025-12-14 12:10:31.057] ✅ Uniqueness weights computed. Mean: 1.0000, Min: 0.4375, Max: 1.3126 SUCCESS
2025-12-14 12:10:31,057 - System.tprint - INFO - ℹ️ ✅ Uniqueness weights computed. Mean: 1.0000, Min: 0.4375, Max: 1.3126 SUCCESS
[I 2025-12-14 12:10:31,955] Trial 363 finished with value: -0.002269796787612394 and parameters: {'trail_distance_atr_mult': 1.5485474434135387}. Best is trial 126 with value: -0.000363295272717509.
[2025-12-14 12:10:33.361] ⚖️ Computing uniqueness weights for 9018 events... INFO
2025-12-14 12:10:33,361 - System.tprint - INFO - ℹ️ ⚖️ Computing uniqueness weights for 9018 events... INFO
[2025-12-14 12:10:33.373] ✅ Uniqueness weights computed. Mean: 1.0000, Min: 0.4375, Max: 1.3126 SUCCESS
2025-12-14 12:10:33,373 - System.tprint - INFO - ℹ️ ✅ Uniqueness weights computed. Mean: 1.0000, Min: 0.4375, Max: 1.3126 SUCCESS
[I 2025-12-14 12:10:34,256] Trial 364 finished with value: -0.0022708867399918843 and parameters: {'trail_distance_atr_mult': 1.5718964197717162}. Best is trial 126 with value: -0.000363295272717509.
[2025-12-14 12:10:35.647] ⚖️ Computing uniqueness weights for 9018 events... INFO
2025-12-14 12:10:35,647 - System.tprint - INFO - ℹ️ ⚖️ Computing uniqueness weights for 9018 events... INFO
[2025-12-14 12:10:35.658] ✅ Uniqueness weights computed. Mean: 1.0000, Min: 0.4375, Max: 1.3126 SUCCESS
2025-12-14 12:10:35,659 - System.tprint - INFO - ℹ️ ✅ Uniqueness weights computed. Mean: 1.0000, Min: 0.4375, Max: 1.3126 SUCCESS
[I 2025-12-14 12:10:36,547] Trial 365 finished with value: -0.002270935053147833 and parameters: {'trail_distance_atr_mult': 1.5630839795053593}. Best is trial 126 with value: -0.000363295272717509.
[2025-12-14 12:10:37.952] ⚖️ Computing uniqueness weights for 9018 events... INFO
2025-12-14 12:10:37,952 - System.tprint - INFO - ℹ️ ⚖️ Computing uniqueness weights for 9018 events... INFO
[2025-12-14 12:10:37.965] ✅ Uniqueness weights computed. Mean: 1.0000, Min: 0.4377, Max: 1.3130 SUCCESS
2025-12-14 12:10:37,965 - System.tprint - INFO - ℹ️ ✅ Uniqueness weights computed. Mean: 1.0000, Min: 0.4377, Max: 1.3130 SUCCESS
[I 2025-12-14 12:10:38,853] Trial 366 finished with value: -0.006899442739082243 and parameters: {'trail_distance_atr_mult': 1.7091537734544962}. Best is trial 126 with value: -0.000363295272717509.
[2025-12-14 12:10:40.276] ⚖️ Computing uniqueness weights for 9018 events... INFO
2025-12-14 12:10:40,277 - System.tprint - INFO - ℹ️ ⚖️ Computing uniqueness weights for 9018 events... INFO
[2025-12-14 12:10:40.288] ✅ Uniqueness weights computed. Mean: 1.0000, Min: 0.4375, Max: 1.3125 SUCCESS
2025-12-14 12:10:40,288 - System.tprint - INFO - ℹ️ ✅ Uniqueness weights computed. Mean: 1.0000, Min: 0.4375, Max: 1.3125 SUCCESS
[I 2025-12-14 12:10:41,177] Trial 367 finished with value: -0.004187389106966096 and parameters: {'trail_distance_atr_mult': 1.4551653665535325}. Best is trial 126 with value: -0.000363295272717509.
[2025-12-14 12:10:42.569] ⚖️ Computing uniqueness weights for 9018 events... INFO
2025-12-14 12:10:42,569 - System.tprint - INFO - ℹ️ ⚖️ Computing uniqueness weights for 9018 events... INFO
[2025-12-14 12:10:42.580] ✅ Uniqueness weights computed. Mean: 1.0000, Min: 0.4376, Max: 1.3127 SUCCESS
2025-12-14 12:10:42,580 - System.tprint - INFO - ℹ️ ✅ Uniqueness weights computed. Mean: 1.0000, Min: 0.4376, Max: 1.3127 SUCCESS
[I 2025-12-14 12:10:43,458] Trial 368 finished with value: -0.0031722708667222444 and parameters: {'trail_distance_atr_mult': 1.607264465566004}. Best is trial 126 with value: -0.000363295272717509.
[2025-12-14 12:10:44.869] ⚖️ Computing uniqueness weights for 9018 events... INFO
2025-12-14 12:10:44,869 - System.tprint - INFO - ℹ️ ⚖️ Computing uniqueness weights for 9018 events... INFO
[2025-12-14 12:10:44.879] ✅ Uniqueness weights computed. Mean: 1.0000, Min: 0.4375, Max: 1.3125 SUCCESS
2025-12-14 12:10:44,879 - System.tprint - INFO - ℹ️ ✅ Uniqueness weights computed. Mean: 1.0000, Min: 0.4375, Max: 1.3125 SUCCESS
[I 2025-12-14 12:10:45,787] Trial 369 finished with value: -0.004818486046322727 and parameters: {'trail_distance_atr_mult': 1.4759406583303034}. Best is trial 126 with value: -0.000363295272717509.
[2025-12-14 12:10:47.255] ⚖️ Computing uniqueness weights for 9018 events... INFO
2025-12-14 12:10:47,255 - System.tprint - INFO - ℹ️ ⚖️ Computing uniqueness weights for 9018 events... INFO
[2025-12-14 12:10:47.267] ✅ Uniqueness weights computed. Mean: 1.0000, Min: 0.4377, Max: 1.3130 SUCCESS
2025-12-14 12:10:47,267 - System.tprint - INFO - ℹ️ ✅ Uniqueness weights computed. Mean: 1.0000, Min: 0.4377, Max: 1.3130 SUCCESS
[I 2025-12-14 12:10:48,154] Trial 370 finished with value: -0.007089204718449465 and parameters: {'trail_distance_atr_mult': 1.7748045971569908}. Best is trial 126 with value: -0.000363295272717509.
[2025-12-14 12:10:49.552] ⚖️ Computing uniqueness weights for 9018 events... INFO
2025-12-14 12:10:49,552 - System.tprint - INFO - ℹ️ ⚖️ Computing uniqueness weights for 9018 events... INFO
[2025-12-14 12:10:49.564] ✅ Uniqueness weights computed. Mean: 1.0000, Min: 0.4375, Max: 1.3125 SUCCESS
2025-12-14 12:10:49,564 - System.tprint - INFO - ℹ️ ✅ Uniqueness weights computed. Mean: 1.0000, Min: 0.4375, Max: 1.3125 SUCCESS
[I 2025-12-14 12:10:50,518] Trial 371 finished with value: -0.004014227594870883 and parameters: {'trail_distance_atr_mult': 1.4063324030484703}. Best is trial 126 with value: -0.000363295272717509.
[2025-12-14 12:10:51.982] ⚖️ Computing uniqueness weights for 9018 events... INFO
2025-12-14 12:10:51,983 - System.tprint - INFO - ℹ️ ⚖️ Computing uniqueness weights for 9018 events... INFO
[2025-12-14 12:10:51.994] ✅ Uniqueness weights computed. Mean: 1.0000, Min: 0.4376, Max: 1.3127 SUCCESS
2025-12-14 12:10:51,994 - System.tprint - INFO - ℹ️ ✅ Uniqueness weights computed. Mean: 1.0000, Min: 0.4376, Max: 1.3127 SUCCESS
[I 2025-12-14 12:10:52,890] Trial 372 finished with value: -0.0022708595736264997 and parameters: {'trail_distance_atr_mult': 1.5770830427164537}. Best is trial 126 with value: -0.000363295272717509.
[2025-12-14 12:10:54.290] ⚖️ Computing uniqueness weights for 9018 events... INFO
2025-12-14 12:10:54,290 - System.tprint - INFO - ℹ️ ⚖️ Computing uniqueness weights for 9018 events... INFO
[2025-12-14 12:10:54.301] ✅ Uniqueness weights computed. Mean: 1.0000, Min: 0.4376, Max: 1.3129 SUCCESS
2025-12-14 12:10:54,301 - System.tprint - INFO - ℹ️ ✅ Uniqueness weights computed. Mean: 1.0000, Min: 0.4376, Max: 1.3129 SUCCESS
[I 2025-12-14 12:10:55,229] Trial 373 finished with value: -0.0063640983875926545 and parameters: {'trail_distance_atr_mult': 1.6517291501377551}. Best is trial 126 with value: -0.000363295272717509.
[2025-12-14 12:10:56.783] ⚖️ Computing uniqueness weights for 9018 events... INFO
2025-12-14 12:10:56,784 - System.tprint - INFO - ℹ️ ⚖️ Computing uniqueness weights for 9018 events... INFO
[2025-12-14 12:10:56.800] ✅ Uniqueness weights computed. Mean: 1.0000, Min: 0.4375, Max: 1.3126 SUCCESS
2025-12-14 12:10:56,800 - System.tprint - INFO - ℹ️ ✅ Uniqueness weights computed. Mean: 1.0000, Min: 0.4375, Max: 1.3126 SUCCESS
[I 2025-12-14 12:10:57,863] Trial 374 finished with value: -0.003915179434544682 and parameters: {'trail_distance_atr_mult': 1.5352965590783803}. Best is trial 126 with value: -0.000363295272717509.
[2025-12-14 12:10:59.606] ⚖️ Computing uniqueness weights for 9018 events... INFO
2025-12-14 12:10:59,606 - System.tprint - INFO - ℹ️ ⚖️ Computing uniqueness weights for 9018 events... INFO
[2025-12-14 12:10:59.618] ✅ Uniqueness weights computed. Mean: 1.0000, Min: 0.4375, Max: 1.3126 SUCCESS
2025-12-14 12:10:59,618 - System.tprint - INFO - ℹ️ ✅ Uniqueness weights computed. Mean: 1.0000, Min: 0.4375, Max: 1.3126 SUCCESS
[I 2025-12-14 12:11:00,522] Trial 375 finished with value: -0.0022709242457002936 and parameters: {'trail_distance_atr_mult': 1.5649953813783501}. Best is trial 126 with value: -0.000363295272717509.
[2025-12-14 12:11:01.933] ⚖️ Computing uniqueness weights for 9018 events... INFO
2025-12-14 12:11:01,933 - System.tprint - INFO - ℹ️ ⚖️ Computing uniqueness weights for 9018 events... INFO
[2025-12-14 12:11:01.944] ✅ Uniqueness weights computed. Mean: 1.0000, Min: 0.4377, Max: 1.3130 SUCCESS
2025-12-14 12:11:01,944 - System.tprint - INFO - ℹ️ ✅ Uniqueness weights computed. Mean: 1.0000, Min: 0.4377, Max: 1.3130 SUCCESS
[I 2025-12-14 12:11:02,827] Trial 376 finished with value: -0.005256519343058658 and parameters: {'trail_distance_atr_mult': 1.696675996257112}. Best is trial 126 with value: -0.000363295272717509.
[2025-12-14 12:11:04.227] ⚖️ Computing uniqueness weights for 9018 events... INFO
2025-12-14 12:11:04,228 - System.tprint - INFO - ℹ️ ⚖️ Computing uniqueness weights for 9018 events... INFO
[2025-12-14 12:11:04.239] ✅ Uniqueness weights computed. Mean: 1.0000, Min: 0.4375, Max: 1.3125 SUCCESS
2025-12-14 12:11:04,239 - System.tprint - INFO - ℹ️ ✅ Uniqueness weights computed. Mean: 1.0000, Min: 0.4375, Max: 1.3125 SUCCESS
[I 2025-12-14 12:11:05,123] Trial 377 finished with value: -0.006659014993454009 and parameters: {'trail_distance_atr_mult': 1.4991005829973836}. Best is trial 126 with value: -0.000363295272717509.
[2025-12-14 12:11:06.530] ⚖️ Computing uniqueness weights for 9018 events... INFO
2025-12-14 12:11:06,530 - System.tprint - INFO - ℹ️ ⚖️ Computing uniqueness weights for 9018 events... INFO
[2025-12-14 12:11:06.540] ✅ Uniqueness weights computed. Mean: 1.0000, Min: 0.4375, Max: 1.3125 SUCCESS
2025-12-14 12:11:06,541 - System.tprint - INFO - ℹ️ ✅ Uniqueness weights computed. Mean: 1.0000, Min: 0.4375, Max: 1.3125 SUCCESS
[I 2025-12-14 12:11:07,426] Trial 378 finished with value: -0.006659012976683748 and parameters: {'trail_distance_atr_mult': 1.4994394726020213}. Best is trial 126 with value: -0.000363295272717509.
[2025-12-14 12:11:08.821] ⚖️ Computing uniqueness weights for 9018 events... INFO
2025-12-14 12:11:08,821 - System.tprint - INFO - ℹ️ ⚖️ Computing uniqueness weights for 9018 events... INFO
[2025-12-14 12:11:08.833] ✅ Uniqueness weights computed. Mean: 1.0000, Min: 0.4377, Max: 1.3132 SUCCESS
2025-12-14 12:11:08,833 - System.tprint - INFO - ℹ️ ✅ Uniqueness weights computed. Mean: 1.0000, Min: 0.4377, Max: 1.3132 SUCCESS
[I 2025-12-14 12:11:09,713] Trial 379 finished with value: -0.003435610389478683 and parameters: {'trail_distance_atr_mult': 1.9044615279272585}. Best is trial 126 with value: -0.000363295272717509.
[2025-12-14 12:11:11.112] ⚖️ Computing uniqueness weights for 9018 events... INFO
2025-12-14 12:11:11,112 - System.tprint - INFO - ℹ️ ⚖️ Computing uniqueness weights for 9018 events... INFO
[2025-12-14 12:11:11.124] ✅ Uniqueness weights computed. Mean: 1.0000, Min: 0.4375, Max: 1.3124 SUCCESS
2025-12-14 12:11:11,124 - System.tprint - INFO - ℹ️ ✅ Uniqueness weights computed. Mean: 1.0000, Min: 0.4375, Max: 1.3124 SUCCESS
[I 2025-12-14 12:11:12,021] Trial 380 finished with value: -0.0032373665831478804 and parameters: {'trail_distance_atr_mult': 1.3508871933900573}. Best is trial 126 with value: -0.000363295272717509.
[2025-12-14 12:11:13.419] ⚖️ Computing uniqueness weights for 9018 events... INFO
2025-12-14 12:11:13,419 - System.tprint - INFO - ℹ️ ⚖️ Computing uniqueness weights for 9018 events... INFO
[2025-12-14 12:11:13.429] ✅ Uniqueness weights computed. Mean: 1.0000, Min: 0.4375, Max: 1.3126 SUCCESS
2025-12-14 12:11:13,430 - System.tprint - INFO - ℹ️ ✅ Uniqueness weights computed. Mean: 1.0000, Min: 0.4375, Max: 1.3126 SUCCESS
[I 2025-12-14 12:11:14,319] Trial 381 finished with value: -0.0039151664883314155 and parameters: {'trail_distance_atr_mult': 1.527118512752059}. Best is trial 126 with value: -0.000363295272717509.
[2025-12-14 12:11:15.727] ⚖️ Computing uniqueness weights for 9018 events... INFO
2025-12-14 12:11:15,727 - System.tprint - INFO - ℹ️ ⚖️ Computing uniqueness weights for 9018 events... INFO
[2025-12-14 12:11:15.738] ✅ Uniqueness weights computed. Mean: 1.0000, Min: 0.4376, Max: 1.3129 SUCCESS
2025-12-14 12:11:15,738 - System.tprint - INFO - ℹ️ ✅ Uniqueness weights computed. Mean: 1.0000, Min: 0.4376, Max: 1.3129 SUCCESS
[I 2025-12-14 12:11:16,652] Trial 382 finished with value: -0.005135809335286732 and parameters: {'trail_distance_atr_mult': 1.6799392857512623}. Best is trial 126 with value: -0.000363295272717509.
[2025-12-14 12:11:18.125] ⚖️ Computing uniqueness weights for 9018 events... INFO
2025-12-14 12:11:18,125 - System.tprint - INFO - ℹ️ ⚖️ Computing uniqueness weights for 9018 events... INFO
[2025-12-14 12:11:18.139] ✅ Uniqueness weights computed. Mean: 1.0000, Min: 0.4376, Max: 1.3127 SUCCESS
2025-12-14 12:11:18,140 - System.tprint - INFO - ℹ️ ✅ Uniqueness weights computed. Mean: 1.0000, Min: 0.4376, Max: 1.3127 SUCCESS
[I 2025-12-14 12:11:19,132] Trial 383 finished with value: -0.0022708010188524875 and parameters: {'trail_distance_atr_mult': 1.5888015907455613}. Best is trial 126 with value: -0.000363295272717509.
[2025-12-14 12:11:20.580] ⚖️ Computing uniqueness weights for 9018 events... INFO
2025-12-14 12:11:20,580 - System.tprint - INFO - ℹ️ ⚖️ Computing uniqueness weights for 9018 events... INFO
[2025-12-14 12:11:20.591] ✅ Uniqueness weights computed. Mean: 1.0000, Min: 0.4376, Max: 1.3129 SUCCESS
2025-12-14 12:11:20,591 - System.tprint - INFO - ℹ️ ✅ Uniqueness weights computed. Mean: 1.0000, Min: 0.4376, Max: 1.3129 SUCCESS
