[I 2025-12-14 12:45:26,228] Trial 1259 finished with value: -0.006721238179210752 and parameters: {'trail_distance_atr_mult': 0.9094949690591908}. Best is trial 126 with value: -0.000363295272717509.
[2025-12-14 12:45:27.425] ⚖️ Computing uniqueness weights for 9018 events... INFO
2025-12-14 12:45:27,425 - System.tprint - INFO - ℹ️ ⚖️ Computing uniqueness weights for 9018 events... INFO
[2025-12-14 12:45:27.434] ✅ Uniqueness weights computed. Mean: 1.0000, Min: 0.4373, Max: 1.3119 SUCCESS
2025-12-14 12:45:27,435 - System.tprint - INFO - ℹ️ ✅ Uniqueness weights computed. Mean: 1.0000, Min: 0.4373, Max: 1.3119 SUCCESS
[I 2025-12-14 12:45:28,077] Trial 1260 finished with value: -0.007527228211970969 and parameters: {'trail_distance_atr_mult': 1.0398522496634515}. Best is trial 126 with value: -0.000363295272717509.
[2025-12-14 12:45:29.283] ⚖️ Computing uniqueness weights for 9018 events... INFO
2025-12-14 12:45:29,283 - System.tprint - INFO - ℹ️ ⚖️ Computing uniqueness weights for 9018 events... INFO
[2025-12-14 12:45:29.294] ✅ Uniqueness weights computed. Mean: 1.0000, Min: 0.4373, Max: 1.3120 SUCCESS
2025-12-14 12:45:29,294 - System.tprint - INFO - ℹ️ ✅ Uniqueness weights computed. Mean: 1.0000, Min: 0.4373, Max: 1.3120 SUCCESS
[I 2025-12-14 12:45:29,930] Trial 1261 finished with value: -0.0075272681188451995 and parameters: {'trail_distance_atr_mult': 1.0742834161723762}. Best is trial 126 with value: -0.000363295272717509.
[2025-12-14 12:45:31.136] ⚖️ Computing uniqueness weights for 9018 events... INFO
2025-12-14 12:45:31,136 - System.tprint - INFO - ℹ️ ⚖️ Computing uniqueness weights for 9018 events... INFO
[2025-12-14 12:45:31.147] ✅ Uniqueness weights computed. Mean: 1.0000, Min: 0.4373, Max: 1.3120 SUCCESS
2025-12-14 12:45:31,147 - System.tprint - INFO - ℹ️ ✅ Uniqueness weights computed. Mean: 1.0000, Min: 0.4373, Max: 1.3120 SUCCESS
[I 2025-12-14 12:45:31,786] Trial 1262 finished with value: -0.007527253434174259 and parameters: {'trail_distance_atr_mult': 1.0605929008798776}. Best is trial 126 with value: -0.000363295272717509.
[2025-12-14 12:45:32.993] ⚖️ Computing uniqueness weights for 9018 events... INFO
2025-12-14 12:45:32,994 - System.tprint - INFO - ℹ️ ⚖️ Computing uniqueness weights for 9018 events... INFO
[2025-12-14 12:45:33.004] ✅ Uniqueness weights computed. Mean: 1.0000, Min: 0.4373, Max: 1.3118 SUCCESS
2025-12-14 12:45:33,004 - System.tprint - INFO - ℹ️ ✅ Uniqueness weights computed. Mean: 1.0000, Min: 0.4373, Max: 1.3118 SUCCESS
[I 2025-12-14 12:45:33,637] Trial 1263 finished with value: -0.0067212695477371475 and parameters: {'trail_distance_atr_mult': 0.9125245050392213}. Best is trial 126 with value: -0.000363295272717509.
[2025-12-14 12:45:34.848] ⚖️ Computing uniqueness weights for 9018 events... INFO
2025-12-14 12:45:34,848 - System.tprint - INFO - ℹ️ ⚖️ Computing uniqueness weights for 9018 events... INFO
[2025-12-14 12:45:34.858] ✅ Uniqueness weights computed. Mean: 1.0000, Min: 0.4373, Max: 1.3120 SUCCESS
2025-12-14 12:45:34,858 - System.tprint - INFO - ℹ️ ✅ Uniqueness weights computed. Mean: 1.0000, Min: 0.4373, Max: 1.3120 SUCCESS
[I 2025-12-14 12:45:35,497] Trial 1264 finished with value: -0.0015839332893529802 and parameters: {'trail_distance_atr_mult': 1.0846358771867335}. Best is trial 126 with value: -0.000363295272717509.
[2025-12-14 12:45:36.708] ⚖️ Computing uniqueness weights for 9018 events... INFO
2025-12-14 12:45:36,708 - System.tprint - INFO - ℹ️ ⚖️ Computing uniqueness weights for 9018 events... INFO
[2025-12-14 12:45:36.718] ✅ Uniqueness weights computed. Mean: 1.0000, Min: 0.4373, Max: 1.3118 SUCCESS
2025-12-14 12:45:36,718 - System.tprint - INFO - ℹ️ ✅ Uniqueness weights computed. Mean: 1.0000, Min: 0.4373, Max: 1.3118 SUCCESS
[I 2025-12-14 12:45:37,347] Trial 1265 finished with value: -0.0067212502340194226 and parameters: {'trail_distance_atr_mult': 0.9106611839733944}. Best is trial 126 with value: -0.000363295272717509.
[2025-12-14 12:45:38.549] ⚖️ Computing uniqueness weights for 9018 events... INFO
2025-12-14 12:45:38,549 - System.tprint - INFO - ℹ️ ⚖️ Computing uniqueness weights for 9018 events... INFO
[2025-12-14 12:45:38.559] ✅ Uniqueness weights computed. Mean: 1.0000, Min: 0.4373, Max: 1.3119 SUCCESS
2025-12-14 12:45:38,559 - System.tprint - INFO - ℹ️ ✅ Uniqueness weights computed. Mean: 1.0000, Min: 0.4373, Max: 1.3119 SUCCESS
[I 2025-12-14 12:45:39,194] Trial 1266 finished with value: -0.007527237191921769 and parameters: {'trail_distance_atr_mult': 1.047160198952475}. Best is trial 126 with value: -0.000363295272717509.
[2025-12-14 12:45:40.388] ⚖️ Computing uniqueness weights for 9018 events... INFO
2025-12-14 12:45:40,388 - System.tprint - INFO - ℹ️ ⚖️ Computing uniqueness weights for 9018 events... INFO
[2025-12-14 12:45:40.398] ✅ Uniqueness weights computed. Mean: 1.0000, Min: 0.4373, Max: 1.3120 SUCCESS
2025-12-14 12:45:40,398 - System.tprint - INFO - ℹ️ ✅ Uniqueness weights computed. Mean: 1.0000, Min: 0.4373, Max: 1.3120 SUCCESS
[I 2025-12-14 12:45:41,045] Trial 1267 finished with value: -0.007527263920915914 and parameters: {'trail_distance_atr_mult': 1.0692780781427598}. Best is trial 126 with value: -0.000363295272717509.
[2025-12-14 12:45:42.293] ⚖️ Computing uniqueness weights for 9018 events... INFO
2025-12-14 12:45:42,293 - System.tprint - INFO - ℹ️ ⚖️ Computing uniqueness weights for 9018 events... INFO
[2025-12-14 12:45:42.302] ✅ Uniqueness weights computed. Mean: 1.0000, Min: 0.4373, Max: 1.3120 SUCCESS
2025-12-14 12:45:42,302 - System.tprint - INFO - ℹ️ ✅ Uniqueness weights computed. Mean: 1.0000, Min: 0.4373, Max: 1.3120 SUCCESS
[I 2025-12-14 12:45:42,989] Trial 1268 finished with value: -0.0075272677670375435 and parameters: {'trail_distance_atr_mult': 1.0757154551730719}. Best is trial 126 with value: -0.000363295272717509.
[2025-12-14 12:45:44.509] ⚖️ Computing uniqueness weights for 9018 events... INFO
2025-12-14 12:45:44,511 - System.tprint - INFO - ℹ️ ⚖️ Computing uniqueness weights for 9018 events... INFO
[2025-12-14 12:45:44.523] ✅ Uniqueness weights computed. Mean: 1.0000, Min: 0.4373, Max: 1.3120 SUCCESS
2025-12-14 12:45:44,524 - System.tprint - INFO - ℹ️ ✅ Uniqueness weights computed. Mean: 1.0000, Min: 0.4373, Max: 1.3120 SUCCESS
[I 2025-12-14 12:45:45,529] Trial 1269 finished with value: -0.0075820194963838565 and parameters: {'trail_distance_atr_mult': 1.0775332432265763}. Best is trial 126 with value: -0.000363295272717509.
[2025-12-14 12:45:47.406] ⚖️ Computing uniqueness weights for 9018 events... INFO
2025-12-14 12:45:47,406 - System.tprint - INFO - ℹ️ ⚖️ Computing uniqueness weights for 9018 events... INFO
[2025-12-14 12:45:47.415] ✅ Uniqueness weights computed. Mean: 1.0000, Min: 0.4372, Max: 1.3117 SUCCESS
2025-12-14 12:45:47,416 - System.tprint - INFO - ℹ️ ✅ Uniqueness weights computed. Mean: 1.0000, Min: 0.4372, Max: 1.3117 SUCCESS
[I 2025-12-14 12:45:48,311] Trial 1270 finished with value: -0.006728173598621169 and parameters: {'trail_distance_atr_mult': 0.7821900088537057}. Best is trial 126 with value: -0.000363295272717509.
[2025-12-14 12:45:49.690] ⚖️ Computing uniqueness weights for 9018 events... INFO
2025-12-14 12:45:49,690 - System.tprint - INFO - ℹ️ ⚖️ Computing uniqueness weights for 9018 events... INFO
[2025-12-14 12:45:49.702] ✅ Uniqueness weights computed. Mean: 1.0000, Min: 0.4373, Max: 1.3120 SUCCESS
2025-12-14 12:45:49,702 - System.tprint - INFO - ℹ️ ✅ Uniqueness weights computed. Mean: 1.0000, Min: 0.4373, Max: 1.3120 SUCCESS
[I 2025-12-14 12:45:50,625] Trial 1271 finished with value: -0.001600657138716743 and parameters: {'trail_distance_atr_mult': 1.0827924275334186}. Best is trial 126 with value: -0.000363295272717509.
[2025-12-14 12:45:52.092] ⚖️ Computing uniqueness weights for 9018 events... INFO
2025-12-14 12:45:52,092 - System.tprint - INFO - ℹ️ ⚖️ Computing uniqueness weights for 9018 events... INFO
[2025-12-14 12:45:52.107] ✅ Uniqueness weights computed. Mean: 1.0000, Min: 0.4373, Max: 1.3118 SUCCESS
2025-12-14 12:45:52,108 - System.tprint - INFO - ℹ️ ✅ Uniqueness weights computed. Mean: 1.0000, Min: 0.4373, Max: 1.3118 SUCCESS
[I 2025-12-14 12:45:53,017] Trial 1272 finished with value: -0.006720413688446551 and parameters: {'trail_distance_atr_mult': 0.896553571753254}. Best is trial 126 with value: -0.000363295272717509.
[2025-12-14 12:45:54.414] ⚖️ Computing uniqueness weights for 9018 events... INFO
2025-12-14 12:45:54,414 - System.tprint - INFO - ℹ️ ⚖️ Computing uniqueness weights for 9018 events... INFO
[2025-12-14 12:45:54.426] ✅ Uniqueness weights computed. Mean: 1.0000, Min: 0.4373, Max: 1.3118 SUCCESS
2025-12-14 12:45:54,426 - System.tprint - INFO - ℹ️ ✅ Uniqueness weights computed. Mean: 1.0000, Min: 0.4373, Max: 1.3118 SUCCESS
[I 2025-12-14 12:45:55,227] Trial 1273 finished with value: -0.006721248723820654 and parameters: {'trail_distance_atr_mult': 0.9105362931994666}. Best is trial 126 with value: -0.000363295272717509.
[2025-12-14 12:45:56.443] ⚖️ Computing uniqueness weights for 9018 events... INFO
2025-12-14 12:45:56,443 - System.tprint - INFO - ℹ️ ⚖️ Computing uniqueness weights for 9018 events... INFO
[2025-12-14 12:45:56.453] ✅ Uniqueness weights computed. Mean: 1.0000, Min: 0.4373, Max: 1.3119 SUCCESS
2025-12-14 12:45:56,453 - System.tprint - INFO - ℹ️ ✅ Uniqueness weights computed. Mean: 1.0000, Min: 0.4373, Max: 1.3119 SUCCESS
[I 2025-12-14 12:45:57,094] Trial 1274 finished with value: -0.007527241029782867 and parameters: {'trail_distance_atr_mult': 1.050302558485118}. Best is trial 126 with value: -0.000363295272717509.
[2025-12-14 12:45:58.284] ⚖️ Computing uniqueness weights for 9018 events... INFO
2025-12-14 12:45:58,284 - System.tprint - INFO - ℹ️ ⚖️ Computing uniqueness weights for 9018 events... INFO
[2025-12-14 12:45:58.294] ✅ Uniqueness weights computed. Mean: 1.0000, Min: 0.4373, Max: 1.3120 SUCCESS
2025-12-14 12:45:58,294 - System.tprint - INFO - ℹ️ ✅ Uniqueness weights computed. Mean: 1.0000, Min: 0.4373, Max: 1.3120 SUCCESS
[I 2025-12-14 12:45:58,989] Trial 1275 finished with value: -0.007527249830032943 and parameters: {'trail_distance_atr_mult': 1.0576249117590644}. Best is trial 126 with value: -0.000363295272717509.
[2025-12-14 12:46:00.179] ⚖️ Computing uniqueness weights for 9018 events... INFO
2025-12-14 12:46:00,179 - System.tprint - INFO - ℹ️ ⚖️ Computing uniqueness weights for 9018 events... INFO
[2025-12-14 12:46:00.189] ✅ Uniqueness weights computed. Mean: 1.0000, Min: 0.4373, Max: 1.3120 SUCCESS
2025-12-14 12:46:00,189 - System.tprint - INFO - ℹ️ ✅ Uniqueness weights computed. Mean: 1.0000, Min: 0.4373, Max: 1.3120 SUCCESS
[I 2025-12-14 12:46:00,836] Trial 1276 finished with value: -0.007527249872933809 and parameters: {'trail_distance_atr_mult': 1.0576523283949582}. Best is trial 126 with value: -0.000363295272717509.
[2025-12-14 12:46:02.033] ⚖️ Computing uniqueness weights for 9018 events... INFO
2025-12-14 12:46:02,034 - System.tprint - INFO - ℹ️ ⚖️ Computing uniqueness weights for 9018 events... INFO
[2025-12-14 12:46:02.043] ✅ Uniqueness weights computed. Mean: 1.0000, Min: 0.4373, Max: 1.3120 SUCCESS
2025-12-14 12:46:02,043 - System.tprint - INFO - ℹ️ ✅ Uniqueness weights computed. Mean: 1.0000, Min: 0.4373, Max: 1.3120 SUCCESS
[I 2025-12-14 12:46:02,734] Trial 1277 finished with value: -0.007816487980186129 and parameters: {'trail_distance_atr_mult': 1.1180781418934866}. Best is trial 126 with value: -0.000363295272717509.
[2025-12-14 12:46:03.950] ⚖️ Computing uniqueness weights for 9018 events... INFO
2025-12-14 12:46:03,950 - System.tprint - INFO - ℹ️ ⚖️ Computing uniqueness weights for 9018 events... INFO
[2025-12-14 12:46:03.960] ✅ Uniqueness weights computed. Mean: 1.0000, Min: 0.4373, Max: 1.3120 SUCCESS
2025-12-14 12:46:03,960 - System.tprint - INFO - ℹ️ ✅ Uniqueness weights computed. Mean: 1.0000, Min: 0.4373, Max: 1.3120 SUCCESS
[I 2025-12-14 12:46:04,602] Trial 1278 finished with value: -0.0008138618856659317 and parameters: {'trail_distance_atr_mult': 1.0901780863281514}. Best is trial 126 with value: -0.000363295272717509.
[2025-12-14 12:46:05.785] ⚖️ Computing uniqueness weights for 9018 events... INFO
2025-12-14 12:46:05,785 - System.tprint - INFO - ℹ️ ⚖️ Computing uniqueness weights for 9018 events... INFO
[2025-12-14 12:46:05.794] ✅ Uniqueness weights computed. Mean: 1.0000, Min: 0.4373, Max: 1.3118 SUCCESS
2025-12-14 12:46:05,795 - System.tprint - INFO - ℹ️ ✅ Uniqueness weights computed. Mean: 1.0000, Min: 0.4373, Max: 1.3118 SUCCESS
[I 2025-12-14 12:46:06,650] Trial 1279 finished with value: -0.006584453386834731 and parameters: {'trail_distance_atr_mult': 0.8566728367596478}. Best is trial 126 with value: -0.000363295272717509.
[2025-12-14 12:46:07.855] ⚖️ Computing uniqueness weights for 9018 events... INFO
2025-12-14 12:46:07,855 - System.tprint - INFO - ℹ️ ⚖️ Computing uniqueness weights for 9018 events... INFO
[2025-12-14 12:46:07.864] ✅ Uniqueness weights computed. Mean: 1.0000, Min: 0.4373, Max: 1.3118 SUCCESS
2025-12-14 12:46:07,865 - System.tprint - INFO - ℹ️ ✅ Uniqueness weights computed. Mean: 1.0000, Min: 0.4373, Max: 1.3118 SUCCESS
[I 2025-12-14 12:46:08,590] Trial 1280 finished with value: -0.006741910251486527 and parameters: {'trail_distance_atr_mult': 0.9865034325201668}. Best is trial 126 with value: -0.000363295272717509.
[2025-12-14 12:46:09.817] ⚖️ Computing uniqueness weights for 9018 events... INFO
2025-12-14 12:46:09,817 - System.tprint - INFO - ℹ️ ⚖️ Computing uniqueness weights for 9018 events... INFO
[2025-12-14 12:46:09.826] ✅ Uniqueness weights computed. Mean: 1.0000, Min: 0.4373, Max: 1.3120 SUCCESS
2025-12-14 12:46:09,826 - System.tprint - INFO - ℹ️ ✅ Uniqueness weights computed. Mean: 1.0000, Min: 0.4373, Max: 1.3120 SUCCESS
[I 2025-12-14 12:46:10,461] Trial 1281 finished with value: -0.007527259014631547 and parameters: {'trail_distance_atr_mult': 1.065184192892909}. Best is trial 126 with value: -0.000363295272717509.
[2025-12-14 12:46:11.686] ⚖️ Computing uniqueness weights for 9018 events... INFO
2025-12-14 12:46:11,686 - System.tprint - INFO - ℹ️ ⚖️ Computing uniqueness weights for 9018 events... INFO
[2025-12-14 12:46:11.695] ✅ Uniqueness weights computed. Mean: 1.0000, Min: 0.4373, Max: 1.3118 SUCCESS
2025-12-14 12:46:11,695 - System.tprint - INFO - ℹ️ ✅ Uniqueness weights computed. Mean: 1.0000, Min: 0.4373, Max: 1.3118 SUCCESS
[I 2025-12-14 12:46:12,328] Trial 1282 finished with value: -0.006716226414149102 and parameters: {'trail_distance_atr_mult': 0.8942289586970988}. Best is trial 126 with value: -0.000363295272717509.
[2025-12-14 12:46:13.548] ⚖️ Computing uniqueness weights for 9018 events... INFO
2025-12-14 12:46:13,548 - System.tprint - INFO - ℹ️ ⚖️ Computing uniqueness weights for 9018 events... INFO
[2025-12-14 12:46:13.558] ✅ Uniqueness weights computed. Mean: 1.0000, Min: 0.4373, Max: 1.3120 SUCCESS
2025-12-14 12:46:13,559 - System.tprint - INFO - ℹ️ ✅ Uniqueness weights computed. Mean: 1.0000, Min: 0.4373, Max: 1.3120 SUCCESS
[I 2025-12-14 12:46:14,194] Trial 1283 finished with value: -0.0008138619911674367 and parameters: {'trail_distance_atr_mult': 1.0888566700506164}. Best is trial 126 with value: -0.000363295272717509.
[2025-12-14 12:46:15.417] ⚖️ Computing uniqueness weights for 9018 events... INFO
2025-12-14 12:46:15,417 - System.tprint - INFO - ℹ️ ⚖️ Computing uniqueness weights for 9018 events... INFO
[2025-12-14 12:46:15.427] ✅ Uniqueness weights computed. Mean: 1.0000, Min: 0.4373, Max: 1.3118 SUCCESS
2025-12-14 12:46:15,427 - System.tprint - INFO - ℹ️ ✅ Uniqueness weights computed. Mean: 1.0000, Min: 0.4373, Max: 1.3118 SUCCESS
[I 2025-12-14 12:46:16,060] Trial 1284 finished with value: -0.006721163770444275 and parameters: {'trail_distance_atr_mult': 0.9004811117924422}. Best is trial 126 with value: -0.000363295272717509.
[2025-12-14 12:46:17.253] ⚖️ Computing uniqueness weights for 9018 events... INFO
2025-12-14 12:46:17,253 - System.tprint - INFO - ℹ️ ⚖️ Computing uniqueness weights for 9018 events... INFO
[2025-12-14 12:46:17.263] ✅ Uniqueness weights computed. Mean: 1.0000, Min: 0.4373, Max: 1.3120 SUCCESS
2025-12-14 12:46:17,263 - System.tprint - INFO - ℹ️ ✅ Uniqueness weights computed. Mean: 1.0000, Min: 0.4373, Max: 1.3120 SUCCESS
[I 2025-12-14 12:46:17,930] Trial 1285 finished with value: -0.00752725620280263 and parameters: {'trail_distance_atr_mult': 1.0628251391879588}. Best is trial 126 with value: -0.000363295272717509.
[2025-12-14 12:46:19.088] ⚖️ Computing uniqueness weights for 9018 events... INFO
2025-12-14 12:46:19,088 - System.tprint - INFO - ℹ️ ⚖️ Computing uniqueness weights for 9018 events... INFO
[2025-12-14 12:46:19.097] ✅ Uniqueness weights computed. Mean: 1.0000, Min: 0.4373, Max: 1.3119 SUCCESS
2025-12-14 12:46:19,097 - System.tprint - INFO - ℹ️ ✅ Uniqueness weights computed. Mean: 1.0000, Min: 0.4373, Max: 1.3119 SUCCESS
[I 2025-12-14 12:46:19,767] Trial 1286 finished with value: -0.007527227586043679 and parameters: {'trail_distance_atr_mult': 1.0394172717533217}. Best is trial 126 with value: -0.000363295272717509.
[2025-12-14 12:46:20.963] ⚖️ Computing uniqueness weights for 9018 events... INFO
2025-12-14 12:46:20,963 - System.tprint - INFO - ℹ️ ⚖️ Computing uniqueness weights for 9018 events... INFO
[2025-12-14 12:46:20.973] ✅ Uniqueness weights computed. Mean: 1.0000, Min: 0.4373, Max: 1.3120 SUCCESS
2025-12-14 12:46:20,973 - System.tprint - INFO - ℹ️ ✅ Uniqueness weights computed. Mean: 1.0000, Min: 0.4373, Max: 1.3120 SUCCESS
[I 2025-12-14 12:46:21,647] Trial 1287 finished with value: -0.0008138614689163472 and parameters: {'trail_distance_atr_mult': 1.095939984695112}. Best is trial 126 with value: -0.000363295272717509.
[2025-12-14 12:46:22.850] ⚖️ Computing uniqueness weights for 9018 events... INFO
2025-12-14 12:46:22,851 - System.tprint - INFO - ℹ️ ⚖️ Computing uniqueness weights for 9018 events... INFO
[2025-12-14 12:46:22.862] ✅ Uniqueness weights computed. Mean: 1.0000, Min: 0.4372, Max: 1.3117 SUCCESS
2025-12-14 12:46:22,862 - System.tprint - INFO - ℹ️ ✅ Uniqueness weights computed. Mean: 1.0000, Min: 0.4372, Max: 1.3117 SUCCESS
[I 2025-12-14 12:46:23,564] Trial 1288 finished with value: -0.007479331783459741 and parameters: {'trail_distance_atr_mult': 0.6943549919668974}. Best is trial 126 with value: -0.000363295272717509.
[2025-12-14 12:46:24.837] ⚖️ Computing uniqueness weights for 9018 events... INFO
2025-12-14 12:46:24,838 - System.tprint - INFO - ℹ️ ⚖️ Computing uniqueness weights for 9018 events... INFO
[2025-12-14 12:46:24.848] ✅ Uniqueness weights computed. Mean: 1.0000, Min: 0.4373, Max: 1.3118 SUCCESS
2025-12-14 12:46:24,848 - System.tprint - INFO - ℹ️ ✅ Uniqueness weights computed. Mean: 1.0000, Min: 0.4373, Max: 1.3118 SUCCESS
[I 2025-12-14 12:46:25,609] Trial 1289 finished with value: -0.006778402214348327 and parameters: {'trail_distance_atr_mult': 0.9385890484714239}. Best is trial 126 with value: -0.000363295272717509.
[2025-12-14 12:46:26.784] ⚖️ Computing uniqueness weights for 9018 events... INFO
2025-12-14 12:46:26,784 - System.tprint - INFO - ℹ️ ⚖️ Computing uniqueness weights for 9018 events... INFO
[2025-12-14 12:46:26.794] ✅ Uniqueness weights computed. Mean: 1.0000, Min: 0.4373, Max: 1.3120 SUCCESS
2025-12-14 12:46:26,794 - System.tprint - INFO - ℹ️ ✅ Uniqueness weights computed. Mean: 1.0000, Min: 0.4373, Max: 1.3120 SUCCESS
[I 2025-12-14 12:46:27,594] Trial 1290 finished with value: -0.0075272540031039665 and parameters: {'trail_distance_atr_mult': 1.060991379494593}. Best is trial 126 with value: -0.000363295272717509.
[2025-12-14 12:46:29.144] ⚖️ Computing uniqueness weights for 9018 events... INFO
2025-12-14 12:46:29,145 - System.tprint - INFO - ℹ️ ⚖️ Computing uniqueness weights for 9018 events... INFO
[2025-12-14 12:46:29.158] ✅ Uniqueness weights computed. Mean: 1.0000, Min: 0.4373, Max: 1.3120 SUCCESS
2025-12-14 12:46:29,158 - System.tprint - INFO - ℹ️ ✅ Uniqueness weights computed. Mean: 1.0000, Min: 0.4373, Max: 1.3120 SUCCESS
[I 2025-12-14 12:46:30,145] Trial 1291 finished with value: -0.0016006574029433125 and parameters: {'trail_distance_atr_mult': 1.081574633749662}. Best is trial 126 with value: -0.000363295272717509.
[2025-12-14 12:46:31.866] ⚖️ Computing uniqueness weights for 9018 events... INFO
2025-12-14 12:46:31,866 - System.tprint - INFO - ℹ️ ⚖️ Computing uniqueness weights for 9018 events... INFO
[2025-12-14 12:46:31.876] ✅ Uniqueness weights computed. Mean: 1.0000, Min: 0.4373, Max: 1.3118 SUCCESS
2025-12-14 12:46:31,876 - System.tprint - INFO - ℹ️ ✅ Uniqueness weights computed. Mean: 1.0000, Min: 0.4373, Max: 1.3118 SUCCESS
[I 2025-12-14 12:46:32,746] Trial 1292 finished with value: -0.006888960449021558 and parameters: {'trail_distance_atr_mult': 0.9229404930902027}. Best is trial 126 with value: -0.000363295272717509.
[2025-12-14 12:46:34.177] ⚖️ Computing uniqueness weights for 9018 events... INFO
2025-12-14 12:46:34,178 - System.tprint - INFO - ℹ️ ⚖️ Computing uniqueness weights for 9018 events... INFO
[2025-12-14 12:46:34.189] ✅ Uniqueness weights computed. Mean: 1.0000, Min: 0.4373, Max: 1.3120 SUCCESS
2025-12-14 12:46:34,190 - System.tprint - INFO - ℹ️ ✅ Uniqueness weights computed. Mean: 1.0000, Min: 0.4373, Max: 1.3120 SUCCESS
[I 2025-12-14 12:46:35,087] Trial 1293 finished with value: -0.00752725957082184 and parameters: {'trail_distance_atr_mult': 1.0656097579983501}. Best is trial 126 with value: -0.000363295272717509.
[2025-12-14 12:46:36.474] ⚖️ Computing uniqueness weights for 9018 events... INFO
2025-12-14 12:46:36,474 - System.tprint - INFO - ℹ️ ⚖️ Computing uniqueness weights for 9018 events... INFO
[2025-12-14 12:46:36.485] ✅ Uniqueness weights computed. Mean: 1.0000, Min: 0.4373, Max: 1.3120 SUCCESS
2025-12-14 12:46:36,485 - System.tprint - INFO - ℹ️ ✅ Uniqueness weights computed. Mean: 1.0000, Min: 0.4373, Max: 1.3120 SUCCESS
