[I 2025-12-14 12:08:23,047] Trial 314 finished with value: -0.0022707934718973494 and parameters: {'trail_distance_atr_mult': 1.5903771154900006}. Best is trial 126 with value: -0.000363295272717509.
[2025-12-14 12:08:24.906] ⚖️ Computing uniqueness weights for 9018 events... INFO
2025-12-14 12:08:24,907 - System.tprint - INFO - ℹ️ ⚖️ Computing uniqueness weights for 9018 events... INFO
[2025-12-14 12:08:24.921] ✅ Uniqueness weights computed. Mean: 1.0000, Min: 0.4376, Max: 1.3128 SUCCESS
2025-12-14 12:08:24,921 - System.tprint - INFO - ℹ️ ✅ Uniqueness weights computed. Mean: 1.0000, Min: 0.4376, Max: 1.3128 SUCCESS
[I 2025-12-14 12:08:26,097] Trial 315 finished with value: -0.005991698383256751 and parameters: {'trail_distance_atr_mult': 1.6425382034250067}. Best is trial 126 with value: -0.000363295272717509.
[2025-12-14 12:08:28.420] ⚖️ Computing uniqueness weights for 9018 events... INFO
2025-12-14 12:08:28,421 - System.tprint - INFO - ℹ️ ⚖️ Computing uniqueness weights for 9018 events... INFO
[2025-12-14 12:08:28.438] ✅ Uniqueness weights computed. Mean: 1.0000, Min: 0.4376, Max: 1.3127 SUCCESS
2025-12-14 12:08:28,438 - System.tprint - INFO - ℹ️ ✅ Uniqueness weights computed. Mean: 1.0000, Min: 0.4376, Max: 1.3127 SUCCESS
[I 2025-12-14 12:08:29,735] Trial 316 finished with value: -0.002270841188129142 and parameters: {'trail_distance_atr_mult': 1.580680205293816}. Best is trial 126 with value: -0.000363295272717509.
[2025-12-14 12:08:31.567] ⚖️ Computing uniqueness weights for 9018 events... INFO
2025-12-14 12:08:31,567 - System.tprint - INFO - ℹ️ ⚖️ Computing uniqueness weights for 9018 events... INFO
[2025-12-14 12:08:31.581] ✅ Uniqueness weights computed. Mean: 1.0000, Min: 0.4376, Max: 1.3128 SUCCESS
2025-12-14 12:08:31,582 - System.tprint - INFO - ℹ️ ✅ Uniqueness weights computed. Mean: 1.0000, Min: 0.4376, Max: 1.3128 SUCCESS
[I 2025-12-14 12:08:32,779] Trial 317 finished with value: -0.006486731062093283 and parameters: {'trail_distance_atr_mult': 1.6300582631922347}. Best is trial 126 with value: -0.000363295272717509.
[2025-12-14 12:08:34.613] ⚖️ Computing uniqueness weights for 9018 events... INFO
2025-12-14 12:08:34,613 - System.tprint - INFO - ℹ️ ⚖️ Computing uniqueness weights for 9018 events... INFO
[2025-12-14 12:08:34.627] ✅ Uniqueness weights computed. Mean: 1.0000, Min: 0.4375, Max: 1.3126 SUCCESS
2025-12-14 12:08:34,628 - System.tprint - INFO - ℹ️ ✅ Uniqueness weights computed. Mean: 1.0000, Min: 0.4375, Max: 1.3126 SUCCESS
[I 2025-12-14 12:08:35,895] Trial 318 finished with value: -0.002875566544332802 and parameters: {'trail_distance_atr_mult': 1.5430315193378579}. Best is trial 126 with value: -0.000363295272717509.
[2025-12-14 12:08:38.092] ⚖️ Computing uniqueness weights for 9018 events... INFO
2025-12-14 12:08:38,092 - System.tprint - INFO - ℹ️ ⚖️ Computing uniqueness weights for 9018 events... INFO
[2025-12-14 12:08:38.107] ✅ Uniqueness weights computed. Mean: 1.0000, Min: 0.4377, Max: 1.3132 SUCCESS
2025-12-14 12:08:38,107 - System.tprint - INFO - ℹ️ ✅ Uniqueness weights computed. Mean: 1.0000, Min: 0.4377, Max: 1.3132 SUCCESS
[I 2025-12-14 12:08:39,120] Trial 319 finished with value: -0.005425694565417989 and parameters: {'trail_distance_atr_mult': 1.8893679898669633}. Best is trial 126 with value: -0.000363295272717509.
[2025-12-14 12:08:41.048] ⚖️ Computing uniqueness weights for 9018 events... INFO
2025-12-14 12:08:41,049 - System.tprint - INFO - ℹ️ ⚖️ Computing uniqueness weights for 9018 events... INFO
[2025-12-14 12:08:41.065] ✅ Uniqueness weights computed. Mean: 1.0000, Min: 0.4375, Max: 1.3125 SUCCESS
2025-12-14 12:08:41,066 - System.tprint - INFO - ℹ️ ✅ Uniqueness weights computed. Mean: 1.0000, Min: 0.4375, Max: 1.3125 SUCCESS
[I 2025-12-14 12:08:42,312] Trial 320 finished with value: -0.006659002969300133 and parameters: {'trail_distance_atr_mult': 1.5011290200727596}. Best is trial 126 with value: -0.000363295272717509.
[2025-12-14 12:08:44.331] ⚖️ Computing uniqueness weights for 9018 events... INFO
2025-12-14 12:08:44,331 - System.tprint - INFO - ℹ️ ⚖️ Computing uniqueness weights for 9018 events... INFO
[2025-12-14 12:08:44.345] ✅ Uniqueness weights computed. Mean: 1.0000, Min: 0.4376, Max: 1.3127 SUCCESS
2025-12-14 12:08:44,345 - System.tprint - INFO - ℹ️ ✅ Uniqueness weights computed. Mean: 1.0000, Min: 0.4376, Max: 1.3127 SUCCESS
[I 2025-12-14 12:08:45,544] Trial 321 finished with value: -0.0031722709621743875 and parameters: {'trail_distance_atr_mult': 1.606676251872337}. Best is trial 126 with value: -0.000363295272717509.
[2025-12-14 12:08:48.033] ⚖️ Computing uniqueness weights for 9018 events... INFO
2025-12-14 12:08:48,034 - System.tprint - INFO - ℹ️ ⚖️ Computing uniqueness weights for 9018 events... INFO
[2025-12-14 12:08:48.050] ✅ Uniqueness weights computed. Mean: 1.0000, Min: 0.4375, Max: 1.3125 SUCCESS
2025-12-14 12:08:48,050 - System.tprint - INFO - ℹ️ ✅ Uniqueness weights computed. Mean: 1.0000, Min: 0.4375, Max: 1.3125 SUCCESS
[I 2025-12-14 12:08:49,462] Trial 322 finished with value: -0.0029956699158167005 and parameters: {'trail_distance_atr_mult': 1.3641356872920154}. Best is trial 126 with value: -0.000363295272717509.
[2025-12-14 12:08:51.721] ⚖️ Computing uniqueness weights for 9018 events... INFO
2025-12-14 12:08:51,721 - System.tprint - INFO - ℹ️ ⚖️ Computing uniqueness weights for 9018 events... INFO
[2025-12-14 12:08:51.739] ✅ Uniqueness weights computed. Mean: 1.0000, Min: 0.4377, Max: 1.3130 SUCCESS
2025-12-14 12:08:51,739 - System.tprint - INFO - ℹ️ ✅ Uniqueness weights computed. Mean: 1.0000, Min: 0.4377, Max: 1.3130 SUCCESS
[I 2025-12-14 12:08:53,001] Trial 323 finished with value: -0.005256519307367722 and parameters: {'trail_distance_atr_mult': 1.6966944230880858}. Best is trial 126 with value: -0.000363295272717509.
[2025-12-14 12:08:55.160] ⚖️ Computing uniqueness weights for 9018 events... INFO
2025-12-14 12:08:55,161 - System.tprint - INFO - ℹ️ ⚖️ Computing uniqueness weights for 9018 events... INFO
[2025-12-14 12:08:55.178] ✅ Uniqueness weights computed. Mean: 1.0000, Min: 0.4375, Max: 1.3125 SUCCESS
2025-12-14 12:08:55,179 - System.tprint - INFO - ℹ️ ✅ Uniqueness weights computed. Mean: 1.0000, Min: 0.4375, Max: 1.3125 SUCCESS
[I 2025-12-14 12:08:56,711] Trial 324 finished with value: -0.00481848752867976 and parameters: {'trail_distance_atr_mult': 1.4681938311582785}. Best is trial 126 with value: -0.000363295272717509.
[2025-12-14 12:08:59.090] ⚖️ Computing uniqueness weights for 9018 events... INFO
2025-12-14 12:08:59,090 - System.tprint - INFO - ℹ️ ⚖️ Computing uniqueness weights for 9018 events... INFO
[2025-12-14 12:08:59.107] ✅ Uniqueness weights computed. Mean: 1.0000, Min: 0.4376, Max: 1.3129 SUCCESS
2025-12-14 12:08:59,107 - System.tprint - INFO - ℹ️ ✅ Uniqueness weights computed. Mean: 1.0000, Min: 0.4376, Max: 1.3129 SUCCESS
[I 2025-12-14 12:09:00,348] Trial 325 finished with value: -0.0051579989976926 and parameters: {'trail_distance_atr_mult': 1.6874995446258292}. Best is trial 126 with value: -0.000363295272717509.
[2025-12-14 12:09:02.456] ⚖️ Computing uniqueness weights for 9018 events... INFO
2025-12-14 12:09:02,456 - System.tprint - INFO - ℹ️ ⚖️ Computing uniqueness weights for 9018 events... INFO
[2025-12-14 12:09:02.470] ✅ Uniqueness weights computed. Mean: 1.0000, Min: 0.4374, Max: 1.3123 SUCCESS
2025-12-14 12:09:02,470 - System.tprint - INFO - ℹ️ ✅ Uniqueness weights computed. Mean: 1.0000, Min: 0.4374, Max: 1.3123 SUCCESS
[I 2025-12-14 12:09:03,445] Trial 326 finished with value: -0.0044943829433252876 and parameters: {'trail_distance_atr_mult': 1.243423512735855}. Best is trial 126 with value: -0.000363295272717509.
[2025-12-14 12:09:05.381] ⚖️ Computing uniqueness weights for 9018 events... INFO
2025-12-14 12:09:05,382 - System.tprint - INFO - ℹ️ ⚖️ Computing uniqueness weights for 9018 events... INFO
[2025-12-14 12:09:05.396] ✅ Uniqueness weights computed. Mean: 1.0000, Min: 0.4376, Max: 1.3127 SUCCESS
2025-12-14 12:09:05,397 - System.tprint - INFO - ℹ️ ✅ Uniqueness weights computed. Mean: 1.0000, Min: 0.4376, Max: 1.3127 SUCCESS
[I 2025-12-14 12:09:06,291] Trial 327 finished with value: -0.0022708657240142435 and parameters: {'trail_distance_atr_mult': 1.5758920210102814}. Best is trial 126 with value: -0.000363295272717509.
[2025-12-14 12:09:07.736] ⚖️ Computing uniqueness weights for 9018 events... INFO
2025-12-14 12:09:07,736 - System.tprint - INFO - ℹ️ ⚖️ Computing uniqueness weights for 9018 events... INFO
[2025-12-14 12:09:07.748] ✅ Uniqueness weights computed. Mean: 1.0000, Min: 0.4376, Max: 1.3127 SUCCESS
2025-12-14 12:09:07,748 - System.tprint - INFO - ℹ️ ✅ Uniqueness weights computed. Mean: 1.0000, Min: 0.4376, Max: 1.3127 SUCCESS
[I 2025-12-14 12:09:08,648] Trial 328 finished with value: -0.003172270875522389 and parameters: {'trail_distance_atr_mult': 1.60425351879787}. Best is trial 126 with value: -0.000363295272717509.
[2025-12-14 12:09:10.057] ⚖️ Computing uniqueness weights for 9018 events... INFO
2025-12-14 12:09:10,058 - System.tprint - INFO - ℹ️ ⚖️ Computing uniqueness weights for 9018 events... INFO
[2025-12-14 12:09:10.069] ✅ Uniqueness weights computed. Mean: 1.0000, Min: 0.4375, Max: 1.3126 SUCCESS
2025-12-14 12:09:10,069 - System.tprint - INFO - ℹ️ ✅ Uniqueness weights computed. Mean: 1.0000, Min: 0.4375, Max: 1.3126 SUCCESS
[I 2025-12-14 12:09:10,958] Trial 329 finished with value: -0.0033267750127352583 and parameters: {'trail_distance_atr_mult': 1.5190400505963528}. Best is trial 126 with value: -0.000363295272717509.
[2025-12-14 12:09:12.449] ⚖️ Computing uniqueness weights for 9018 events... INFO
2025-12-14 12:09:12,450 - System.tprint - INFO - ℹ️ ⚖️ Computing uniqueness weights for 9018 events... INFO
[2025-12-14 12:09:12.462] ✅ Uniqueness weights computed. Mean: 1.0000, Min: 0.4377, Max: 1.3131 SUCCESS
2025-12-14 12:09:12,462 - System.tprint - INFO - ℹ️ ✅ Uniqueness weights computed. Mean: 1.0000, Min: 0.4377, Max: 1.3131 SUCCESS
[I 2025-12-14 12:09:13,342] Trial 330 finished with value: -0.007302633449760987 and parameters: {'trail_distance_atr_mult': 1.818458472067321}. Best is trial 126 with value: -0.000363295272717509.
[2025-12-14 12:09:14.744] ⚖️ Computing uniqueness weights for 9018 events... INFO
2025-12-14 12:09:14,744 - System.tprint - INFO - ℹ️ ⚖️ Computing uniqueness weights for 9018 events... INFO
[2025-12-14 12:09:14.755] ✅ Uniqueness weights computed. Mean: 1.0000, Min: 0.4375, Max: 1.3125 SUCCESS
2025-12-14 12:09:14,755 - System.tprint - INFO - ℹ️ ✅ Uniqueness weights computed. Mean: 1.0000, Min: 0.4375, Max: 1.3125 SUCCESS
[I 2025-12-14 12:09:15,652] Trial 331 finished with value: -0.004187372427947879 and parameters: {'trail_distance_atr_mult': 1.4592279925977414}. Best is trial 126 with value: -0.000363295272717509.
[2025-12-14 12:09:17.116] ⚖️ Computing uniqueness weights for 9018 events... INFO
2025-12-14 12:09:17,117 - System.tprint - INFO - ℹ️ ⚖️ Computing uniqueness weights for 9018 events... INFO
[2025-12-14 12:09:17.132] ✅ Uniqueness weights computed. Mean: 1.0000, Min: 0.4376, Max: 1.3127 SUCCESS
2025-12-14 12:09:17,132 - System.tprint - INFO - ℹ️ ✅ Uniqueness weights computed. Mean: 1.0000, Min: 0.4376, Max: 1.3127 SUCCESS
[I 2025-12-14 12:09:18,063] Trial 332 finished with value: -0.002270839280403978 and parameters: {'trail_distance_atr_mult': 1.5810500681141193}. Best is trial 126 with value: -0.000363295272717509.
[2025-12-14 12:09:19.479] ⚖️ Computing uniqueness weights for 9018 events... INFO
2025-12-14 12:09:19,479 - System.tprint - INFO - ℹ️ ⚖️ Computing uniqueness weights for 9018 events... INFO
[2025-12-14 12:09:19.490] ✅ Uniqueness weights computed. Mean: 1.0000, Min: 0.4377, Max: 1.3130 SUCCESS
2025-12-14 12:09:19,490 - System.tprint - INFO - ℹ️ ✅ Uniqueness weights computed. Mean: 1.0000, Min: 0.4377, Max: 1.3130 SUCCESS
[I 2025-12-14 12:09:20,467] Trial 333 finished with value: -0.005709884197628235 and parameters: {'trail_distance_atr_mult': 1.7193551997277912}. Best is trial 126 with value: -0.000363295272717509.
[2025-12-14 12:09:21.895] ⚖️ Computing uniqueness weights for 9018 events... INFO
2025-12-14 12:09:21,895 - System.tprint - INFO - ℹ️ ⚖️ Computing uniqueness weights for 9018 events... INFO
[2025-12-14 12:09:21.907] ✅ Uniqueness weights computed. Mean: 1.0000, Min: 0.4375, Max: 1.3126 SUCCESS
2025-12-14 12:09:21,907 - System.tprint - INFO - ℹ️ ✅ Uniqueness weights computed. Mean: 1.0000, Min: 0.4375, Max: 1.3126 SUCCESS
[I 2025-12-14 12:09:22,803] Trial 334 finished with value: -0.003915171070286516 and parameters: {'trail_distance_atr_mult': 1.5300243085703744}. Best is trial 126 with value: -0.000363295272717509.
[2025-12-14 12:09:24.263] ⚖️ Computing uniqueness weights for 9018 events... INFO
2025-12-14 12:09:24,263 - System.tprint - INFO - ℹ️ ⚖️ Computing uniqueness weights for 9018 events... INFO
[2025-12-14 12:09:24.274] ✅ Uniqueness weights computed. Mean: 1.0000, Min: 0.4375, Max: 1.3126 SUCCESS
2025-12-14 12:09:24,274 - System.tprint - INFO - ℹ️ ✅ Uniqueness weights computed. Mean: 1.0000, Min: 0.4375, Max: 1.3126 SUCCESS
[I 2025-12-14 12:09:25,164] Trial 335 finished with value: -0.003915176019042138 and parameters: {'trail_distance_atr_mult': 1.53317862721283}. Best is trial 126 with value: -0.000363295272717509.
[2025-12-14 12:09:26.570] ⚖️ Computing uniqueness weights for 9018 events... INFO
2025-12-14 12:09:26,570 - System.tprint - INFO - ℹ️ ⚖️ Computing uniqueness weights for 9018 events... INFO
[2025-12-14 12:09:26.581] ✅ Uniqueness weights computed. Mean: 1.0000, Min: 0.4375, Max: 1.3124 SUCCESS
2025-12-14 12:09:26,582 - System.tprint - INFO - ℹ️ ✅ Uniqueness weights computed. Mean: 1.0000, Min: 0.4375, Max: 1.3124 SUCCESS
[I 2025-12-14 12:09:27,482] Trial 336 finished with value: -0.003237366703158566 and parameters: {'trail_distance_atr_mult': 1.3489772227789134}. Best is trial 126 with value: -0.000363295272717509.
[2025-12-14 12:09:28.884] ⚖️ Computing uniqueness weights for 9018 events... INFO
2025-12-14 12:09:28,884 - System.tprint - INFO - ℹ️ ⚖️ Computing uniqueness weights for 9018 events... INFO
[2025-12-14 12:09:28.896] ✅ Uniqueness weights computed. Mean: 1.0000, Min: 0.4376, Max: 1.3129 SUCCESS
2025-12-14 12:09:28,896 - System.tprint - INFO - ℹ️ ✅ Uniqueness weights computed. Mean: 1.0000, Min: 0.4376, Max: 1.3129 SUCCESS
[I 2025-12-14 12:09:29,779] Trial 337 finished with value: -0.005157998307084075 and parameters: {'trail_distance_atr_mult': 1.6863004788098275}. Best is trial 126 with value: -0.000363295272717509.
[2025-12-14 12:09:31.331] ⚖️ Computing uniqueness weights for 9018 events... INFO
2025-12-14 12:09:31,331 - System.tprint - INFO - ℹ️ ⚖️ Computing uniqueness weights for 9018 events... INFO
[2025-12-14 12:09:31.343] ✅ Uniqueness weights computed. Mean: 1.0000, Min: 0.4375, Max: 1.3126 SUCCESS
2025-12-14 12:09:31,343 - System.tprint - INFO - ℹ️ ✅ Uniqueness weights computed. Mean: 1.0000, Min: 0.4375, Max: 1.3126 SUCCESS
[I 2025-12-14 12:09:32,227] Trial 338 finished with value: -0.0033267729166877066 and parameters: {'trail_distance_atr_mult': 1.5188740596906543}. Best is trial 126 with value: -0.000363295272717509.
[2025-12-14 12:09:33.629] ⚖️ Computing uniqueness weights for 9018 events... INFO
2025-12-14 12:09:33,629 - System.tprint - INFO - ℹ️ ⚖️ Computing uniqueness weights for 9018 events... INFO
[2025-12-14 12:09:33.640] ✅ Uniqueness weights computed. Mean: 1.0000, Min: 0.4374, Max: 1.3121 SUCCESS
2025-12-14 12:09:33,640 - System.tprint - INFO - ℹ️ ✅ Uniqueness weights computed. Mean: 1.0000, Min: 0.4374, Max: 1.3121 SUCCESS
[I 2025-12-14 12:09:34,515] Trial 339 finished with value: -0.007691777330623806 and parameters: {'trail_distance_atr_mult': 1.1607244412184612}. Best is trial 126 with value: -0.000363295272717509.
[2025-12-14 12:09:35.920] ⚖️ Computing uniqueness weights for 9018 events... INFO
2025-12-14 12:09:35,920 - System.tprint - INFO - ℹ️ ⚖️ Computing uniqueness weights for 9018 events... INFO
[2025-12-14 12:09:35.931] ✅ Uniqueness weights computed. Mean: 1.0000, Min: 0.4377, Max: 1.3130 SUCCESS
2025-12-14 12:09:35,931 - System.tprint - INFO - ℹ️ ✅ Uniqueness weights computed. Mean: 1.0000, Min: 0.4377, Max: 1.3130 SUCCESS
[I 2025-12-14 12:09:36,824] Trial 340 finished with value: -0.005709468762269108 and parameters: {'trail_distance_atr_mult': 1.7283010489389723}. Best is trial 126 with value: -0.000363295272717509.
[2025-12-14 12:09:38.228] ⚖️ Computing uniqueness weights for 9018 events... INFO
2025-12-14 12:09:38,228 - System.tprint - INFO - ℹ️ ⚖️ Computing uniqueness weights for 9018 events... INFO
[2025-12-14 12:09:38.241] ✅ Uniqueness weights computed. Mean: 1.0000, Min: 0.4375, Max: 1.3126 SUCCESS
2025-12-14 12:09:38,241 - System.tprint - INFO - ℹ️ ✅ Uniqueness weights computed. Mean: 1.0000, Min: 0.4375, Max: 1.3126 SUCCESS
[I 2025-12-14 12:09:39,117] Trial 341 finished with value: -0.003915169879570732 and parameters: {'trail_distance_atr_mult': 1.5293759564034783}. Best is trial 126 with value: -0.000363295272717509.
[2025-12-14 12:09:40.506] ⚖️ Computing uniqueness weights for 9018 events... INFO
2025-12-14 12:09:40,506 - System.tprint - INFO - ℹ️ ⚖️ Computing uniqueness weights for 9018 events... INFO
[2025-12-14 12:09:40.517] ✅ Uniqueness weights computed. Mean: 1.0000, Min: 0.4375, Max: 1.3126 SUCCESS
2025-12-14 12:09:40,518 - System.tprint - INFO - ℹ️ ✅ Uniqueness weights computed. Mean: 1.0000, Min: 0.4375, Max: 1.3126 SUCCESS
[I 2025-12-14 12:09:41,408] Trial 342 finished with value: -0.003915169723359747 and parameters: {'trail_distance_atr_mult': 1.5292983029098903}. Best is trial 126 with value: -0.000363295272717509.
[2025-12-14 12:09:42.805] ⚖️ Computing uniqueness weights for 9018 events... INFO
2025-12-14 12:09:42,805 - System.tprint - INFO - ℹ️ ⚖️ Computing uniqueness weights for 9018 events... INFO
[2025-12-14 12:09:42.817] ✅ Uniqueness weights computed. Mean: 1.0000, Min: 0.4376, Max: 1.3129 SUCCESS
2025-12-14 12:09:42,817 - System.tprint - INFO - ℹ️ ✅ Uniqueness weights computed. Mean: 1.0000, Min: 0.4376, Max: 1.3129 SUCCESS
[I 2025-12-14 12:09:43,785] Trial 343 finished with value: -0.006364087528819368 and parameters: {'trail_distance_atr_mult': 1.6523902608689214}. Best is trial 126 with value: -0.000363295272717509.
[2025-12-14 12:09:45.190] ⚖️ Computing uniqueness weights for 9018 events... INFO
2025-12-14 12:09:45,191 - System.tprint - INFO - ℹ️ ⚖️ Computing uniqueness weights for 9018 events... INFO
[2025-12-14 12:09:45.202] ✅ Uniqueness weights computed. Mean: 1.0000, Min: 0.4375, Max: 1.3125 SUCCESS
2025-12-14 12:09:45,202 - System.tprint - INFO - ℹ️ ✅ Uniqueness weights computed. Mean: 1.0000, Min: 0.4375, Max: 1.3125 SUCCESS
[I 2025-12-14 12:09:46,092] Trial 344 finished with value: -0.002995743061303751 and parameters: {'trail_distance_atr_mult': 1.376412180037477}. Best is trial 126 with value: -0.000363295272717509.
[2025-12-14 12:09:47.500] ⚖️ Computing uniqueness weights for 9018 events... INFO
2025-12-14 12:09:47,501 - System.tprint - INFO - ℹ️ ⚖️ Computing uniqueness weights for 9018 events... INFO
[2025-12-14 12:09:47.512] ✅ Uniqueness weights computed. Mean: 1.0000, Min: 0.4376, Max: 1.3129 SUCCESS
2025-12-14 12:09:47,512 - System.tprint - INFO - ℹ️ ✅ Uniqueness weights computed. Mean: 1.0000, Min: 0.4376, Max: 1.3129 SUCCESS
[I 2025-12-14 12:09:48,409] Trial 345 finished with value: -0.004845380071015701 and parameters: {'trail_distance_atr_mult': 1.6746056304818522}. Best is trial 126 with value: -0.000363295272717509.
[2025-12-14 12:09:50.072] ⚖️ Computing uniqueness weights for 9018 events... INFO
2025-12-14 12:09:50,072 - System.tprint - INFO - ℹ️ ⚖️ Computing uniqueness weights for 9018 events... INFO
[2025-12-14 12:09:50.086] ✅ Uniqueness weights computed. Mean: 1.0000, Min: 0.4375, Max: 1.3125 SUCCESS
2025-12-14 12:09:50,087 - System.tprint - INFO - ℹ️ ✅ Uniqueness weights computed. Mean: 1.0000, Min: 0.4375, Max: 1.3125 SUCCESS
[I 2025-12-14 12:09:51,017] Trial 346 finished with value: -0.004401924168108338 and parameters: {'trail_distance_atr_mult': 1.3889122190938739}. Best is trial 126 with value: -0.000363295272717509.
[2025-12-14 12:09:52.433] ⚖️ Computing uniqueness weights for 9018 events... INFO
2025-12-14 12:09:52,434 - System.tprint - INFO - ℹ️ ⚖️ Computing uniqueness weights for 9018 events... INFO
[2025-12-14 12:09:52.445] ✅ Uniqueness weights computed. Mean: 1.0000, Min: 0.4375, Max: 1.3126 SUCCESS
2025-12-14 12:09:52,445 - System.tprint - INFO - ℹ️ ✅ Uniqueness weights computed. Mean: 1.0000, Min: 0.4375, Max: 1.3126 SUCCESS
[I 2025-12-14 12:09:53,391] Trial 347 finished with value: -0.002270915377580267 and parameters: {'trail_distance_atr_mult': 1.5666103324569383}. Best is trial 126 with value: -0.000363295272717509.
[2025-12-14 12:09:54.866] ⚖️ Computing uniqueness weights for 9018 events... INFO
2025-12-14 12:09:54,866 - System.tprint - INFO - ℹ️ ⚖️ Computing uniqueness weights for 9018 events... INFO
[2025-12-14 12:09:54.877] ✅ Uniqueness weights computed. Mean: 1.0000, Min: 0.4376, Max: 1.3128 SUCCESS
2025-12-14 12:09:54,877 - System.tprint - INFO - ℹ️ ✅ Uniqueness weights computed. Mean: 1.0000, Min: 0.4376, Max: 1.3128 SUCCESS
[I 2025-12-14 12:09:55,763] Trial 348 finished with value: -0.005991360501657362 and parameters: {'trail_distance_atr_mult': 1.632239617103792}. Best is trial 126 with value: -0.000363295272717509.
[2025-12-14 12:09:57.293] ⚖️ Computing uniqueness weights for 9018 events... INFO
2025-12-14 12:09:57,293 - System.tprint - INFO - ℹ️ ⚖️ Computing uniqueness weights for 9018 events... INFO
[2025-12-14 12:09:57.305] ✅ Uniqueness weights computed. Mean: 1.0000, Min: 0.4375, Max: 1.3125 SUCCESS
2025-12-14 12:09:57,305 - System.tprint - INFO - ℹ️ ✅ Uniqueness weights computed. Mean: 1.0000, Min: 0.4375, Max: 1.3125 SUCCESS
