[I 2025-12-14 11:55:46,677] Trial 70 finished with value: -0.004891615893072067 and parameters: {'trail_distance_atr_mult': 1.1860802961599912}. Best is trial 64 with value: -0.0012531696027358891.
[2025-12-14 11:55:48.042] ⚖️ Computing uniqueness weights for 9018 events... INFO
2025-12-14 11:55:48,043 - System.tprint - INFO - ℹ️ ⚖️ Computing uniqueness weights for 9018 events... INFO
[2025-12-14 11:55:48.053] ✅ Uniqueness weights computed. Mean: 1.0000, Min: 0.4374, Max: 1.3122 SUCCESS
2025-12-14 11:55:48,053 - System.tprint - INFO - ℹ️ ✅ Uniqueness weights computed. Mean: 1.0000, Min: 0.4374, Max: 1.3122 SUCCESS
[I 2025-12-14 11:55:48,916] Trial 71 finished with value: -0.005810673026772374 and parameters: {'trail_distance_atr_mult': 1.199187579504863}. Best is trial 64 with value: -0.0012531696027358891.
[2025-12-14 11:55:50.278] ⚖️ Computing uniqueness weights for 9018 events... INFO
2025-12-14 11:55:50,279 - System.tprint - INFO - ℹ️ ⚖️ Computing uniqueness weights for 9018 events... INFO
[2025-12-14 11:55:50.289] ✅ Uniqueness weights computed. Mean: 1.0000, Min: 0.4375, Max: 1.3124 SUCCESS
2025-12-14 11:55:50,290 - System.tprint - INFO - ℹ️ ✅ Uniqueness weights computed. Mean: 1.0000, Min: 0.4375, Max: 1.3124 SUCCESS
[I 2025-12-14 11:55:51,149] Trial 72 finished with value: -0.0022685322956810705 and parameters: {'trail_distance_atr_mult': 1.2629142860494758}. Best is trial 64 with value: -0.0012531696027358891.
[2025-12-14 11:55:52.523] ⚖️ Computing uniqueness weights for 9018 events... INFO
2025-12-14 11:55:52,524 - System.tprint - INFO - ℹ️ ⚖️ Computing uniqueness weights for 9018 events... INFO
[2025-12-14 11:55:52.536] ✅ Uniqueness weights computed. Mean: 1.0000, Min: 0.4374, Max: 1.3121 SUCCESS
2025-12-14 11:55:52,536 - System.tprint - INFO - ℹ️ ✅ Uniqueness weights computed. Mean: 1.0000, Min: 0.4374, Max: 1.3121 SUCCESS
[I 2025-12-14 11:55:53,379] Trial 73 finished with value: -0.007702313789954755 and parameters: {'trail_distance_atr_mult': 1.1455517108956683}. Best is trial 64 with value: -0.0012531696027358891.
[2025-12-14 11:55:54.743] ⚖️ Computing uniqueness weights for 9018 events... INFO
2025-12-14 11:55:54,743 - System.tprint - INFO - ℹ️ ⚖️ Computing uniqueness weights for 9018 events... INFO
[2025-12-14 11:55:54.755] ✅ Uniqueness weights computed. Mean: 1.0000, Min: 0.4374, Max: 1.3123 SUCCESS
2025-12-14 11:55:54,755 - System.tprint - INFO - ℹ️ ✅ Uniqueness weights computed. Mean: 1.0000, Min: 0.4374, Max: 1.3123 SUCCESS
[I 2025-12-14 11:55:55,612] Trial 74 finished with value: -0.0044944238070722614 and parameters: {'trail_distance_atr_mult': 1.2357861414325502}. Best is trial 64 with value: -0.0012531696027358891.
[2025-12-14 11:55:56.979] ⚖️ Computing uniqueness weights for 9018 events... INFO
2025-12-14 11:55:56,979 - System.tprint - INFO - ℹ️ ⚖️ Computing uniqueness weights for 9018 events... INFO
[2025-12-14 11:55:56.990] ✅ Uniqueness weights computed. Mean: 1.0000, Min: 0.4375, Max: 1.3126 SUCCESS
2025-12-14 11:55:56,990 - System.tprint - INFO - ℹ️ ✅ Uniqueness weights computed. Mean: 1.0000, Min: 0.4375, Max: 1.3126 SUCCESS
[I 2025-12-14 11:55:57,850] Trial 75 finished with value: -0.002270889973323681 and parameters: {'trail_distance_atr_mult': 1.5712897400604042}. Best is trial 64 with value: -0.0012531696027358891.
[2025-12-14 11:55:59.354] ⚖️ Computing uniqueness weights for 9018 events... INFO
2025-12-14 11:55:59,355 - System.tprint - INFO - ℹ️ ⚖️ Computing uniqueness weights for 9018 events... INFO
[2025-12-14 11:55:59.367] ✅ Uniqueness weights computed. Mean: 1.0000, Min: 0.4375, Max: 1.3124 SUCCESS
2025-12-14 11:55:59,367 - System.tprint - INFO - ℹ️ ✅ Uniqueness weights computed. Mean: 1.0000, Min: 0.4375, Max: 1.3124 SUCCESS
[I 2025-12-14 11:56:00,292] Trial 76 finished with value: -0.002251505888989896 and parameters: {'trail_distance_atr_mult': 1.2504519798329752}. Best is trial 64 with value: -0.0012531696027358891.
[2025-12-14 11:56:01.762] ⚖️ Computing uniqueness weights for 9018 events... INFO
2025-12-14 11:56:01,762 - System.tprint - INFO - ℹ️ ⚖️ Computing uniqueness weights for 9018 events... INFO
[2025-12-14 11:56:01.775] ✅ Uniqueness weights computed. Mean: 1.0000, Min: 0.4375, Max: 1.3126 SUCCESS
2025-12-14 11:56:01,775 - System.tprint - INFO - ℹ️ ✅ Uniqueness weights computed. Mean: 1.0000, Min: 0.4375, Max: 1.3126 SUCCESS
[I 2025-12-14 11:56:02,641] Trial 77 finished with value: -0.0022697973876171533 and parameters: {'trail_distance_atr_mult': 1.54771393486692}. Best is trial 64 with value: -0.0012531696027358891.
[2025-12-14 11:56:04.019] ⚖️ Computing uniqueness weights for 9018 events... INFO
2025-12-14 11:56:04,020 - System.tprint - INFO - ℹ️ ⚖️ Computing uniqueness weights for 9018 events... INFO
[2025-12-14 11:56:04.030] ✅ Uniqueness weights computed. Mean: 1.0000, Min: 0.4376, Max: 1.3129 SUCCESS
2025-12-14 11:56:04,030 - System.tprint - INFO - ℹ️ ✅ Uniqueness weights computed. Mean: 1.0000, Min: 0.4376, Max: 1.3129 SUCCESS
[I 2025-12-14 11:56:04,888] Trial 78 finished with value: -0.004845421347997866 and parameters: {'trail_distance_atr_mult': 1.6705544538445416}. Best is trial 64 with value: -0.0012531696027358891.
[2025-12-14 11:56:06.279] ⚖️ Computing uniqueness weights for 9018 events... INFO
2025-12-14 11:56:06,279 - System.tprint - INFO - ℹ️ ⚖️ Computing uniqueness weights for 9018 events... INFO
[2025-12-14 11:56:06.290] ✅ Uniqueness weights computed. Mean: 1.0000, Min: 0.4376, Max: 1.3129 SUCCESS
2025-12-14 11:56:06,290 - System.tprint - INFO - ℹ️ ✅ Uniqueness weights computed. Mean: 1.0000, Min: 0.4376, Max: 1.3129 SUCCESS
[I 2025-12-14 11:56:07,166] Trial 79 finished with value: -0.005135808638379323 and parameters: {'trail_distance_atr_mult': 1.678978104762039}. Best is trial 64 with value: -0.0012531696027358891.
[2025-12-14 11:56:08.551] ⚖️ Computing uniqueness weights for 9018 events... INFO
2025-12-14 11:56:08,551 - System.tprint - INFO - ℹ️ ⚖️ Computing uniqueness weights for 9018 events... INFO
[2025-12-14 11:56:08.563] ✅ Uniqueness weights computed. Mean: 1.0000, Min: 0.4376, Max: 1.3127 SUCCESS
2025-12-14 11:56:08,563 - System.tprint - INFO - ℹ️ ✅ Uniqueness weights computed. Mean: 1.0000, Min: 0.4376, Max: 1.3127 SUCCESS
[I 2025-12-14 11:56:09,415] Trial 80 finished with value: -0.0024570533747326254 and parameters: {'trail_distance_atr_mult': 1.595325418727836}. Best is trial 64 with value: -0.0012531696027358891.
[2025-12-14 11:56:10.781] ⚖️ Computing uniqueness weights for 9018 events... INFO
2025-12-14 11:56:10,781 - System.tprint - INFO - ℹ️ ⚖️ Computing uniqueness weights for 9018 events... INFO
[2025-12-14 11:56:10.793] ✅ Uniqueness weights computed. Mean: 1.0000, Min: 0.4376, Max: 1.3128 SUCCESS
2025-12-14 11:56:10,793 - System.tprint - INFO - ℹ️ ✅ Uniqueness weights computed. Mean: 1.0000, Min: 0.4376, Max: 1.3128 SUCCESS
[I 2025-12-14 11:56:11,648] Trial 81 finished with value: -0.005991545599283936 and parameters: {'trail_distance_atr_mult': 1.637924428550166}. Best is trial 64 with value: -0.0012531696027358891.
[2025-12-14 11:56:13.083] ⚖️ Computing uniqueness weights for 9018 events... INFO
2025-12-14 11:56:13,084 - System.tprint - INFO - ℹ️ ⚖️ Computing uniqueness weights for 9018 events... INFO
[2025-12-14 11:56:13.095] ✅ Uniqueness weights computed. Mean: 1.0000, Min: 0.4376, Max: 1.3127 SUCCESS
2025-12-14 11:56:13,095 - System.tprint - INFO - ℹ️ ✅ Uniqueness weights computed. Mean: 1.0000, Min: 0.4376, Max: 1.3127 SUCCESS
[I 2025-12-14 11:56:13,947] Trial 82 finished with value: -0.0022707899713446758 and parameters: {'trail_distance_atr_mult': 1.59111089448527}. Best is trial 64 with value: -0.0012531696027358891.
[2025-12-14 11:56:15.325] ⚖️ Computing uniqueness weights for 9018 events... INFO
2025-12-14 11:56:15,325 - System.tprint - INFO - ℹ️ ⚖️ Computing uniqueness weights for 9018 events... INFO
[2025-12-14 11:56:15.337] ✅ Uniqueness weights computed. Mean: 1.0000, Min: 0.4377, Max: 1.3130 SUCCESS
2025-12-14 11:56:15,338 - System.tprint - INFO - ℹ️ ✅ Uniqueness weights computed. Mean: 1.0000, Min: 0.4377, Max: 1.3130 SUCCESS
[I 2025-12-14 11:56:16,195] Trial 83 finished with value: -0.008482233372361774 and parameters: {'trail_distance_atr_mult': 1.7500924721492057}. Best is trial 64 with value: -0.0012531696027358891.
[2025-12-14 11:56:17.572] ⚖️ Computing uniqueness weights for 9018 events... INFO
2025-12-14 11:56:17,572 - System.tprint - INFO - ℹ️ ⚖️ Computing uniqueness weights for 9018 events... INFO
[2025-12-14 11:56:17.584] ✅ Uniqueness weights computed. Mean: 1.0000, Min: 0.4376, Max: 1.3127 SUCCESS
2025-12-14 11:56:17,584 - System.tprint - INFO - ℹ️ ✅ Uniqueness weights computed. Mean: 1.0000, Min: 0.4376, Max: 1.3127 SUCCESS
[I 2025-12-14 11:56:18,511] Trial 84 finished with value: -0.0022708006786868657 and parameters: {'trail_distance_atr_mult': 1.5888823959084322}. Best is trial 64 with value: -0.0012531696027358891.
[2025-12-14 11:56:19.876] ⚖️ Computing uniqueness weights for 9018 events... INFO
2025-12-14 11:56:19,877 - System.tprint - INFO - ℹ️ ⚖️ Computing uniqueness weights for 9018 events... INFO
[2025-12-14 11:56:19.887] ✅ Uniqueness weights computed. Mean: 1.0000, Min: 0.4375, Max: 1.3126 SUCCESS
2025-12-14 11:56:19,888 - System.tprint - INFO - ℹ️ ✅ Uniqueness weights computed. Mean: 1.0000, Min: 0.4375, Max: 1.3126 SUCCESS
[I 2025-12-14 11:56:20,740] Trial 85 finished with value: -0.002270923417344832 and parameters: {'trail_distance_atr_mult': 1.5651610369788815}. Best is trial 64 with value: -0.0012531696027358891.
[2025-12-14 11:56:22.111] ⚖️ Computing uniqueness weights for 9018 events... INFO
2025-12-14 11:56:22,111 - System.tprint - INFO - ℹ️ ⚖️ Computing uniqueness weights for 9018 events... INFO
[2025-12-14 11:56:22.123] ✅ Uniqueness weights computed. Mean: 1.0000, Min: 0.4375, Max: 1.3126 SUCCESS
2025-12-14 11:56:22,123 - System.tprint - INFO - ℹ️ ✅ Uniqueness weights computed. Mean: 1.0000, Min: 0.4375, Max: 1.3126 SUCCESS
[I 2025-12-14 11:56:22,977] Trial 86 finished with value: -0.002270920378473764 and parameters: {'trail_distance_atr_mult': 1.5657065978271638}. Best is trial 64 with value: -0.0012531696027358891.
[2025-12-14 11:56:24.359] ⚖️ Computing uniqueness weights for 9018 events... INFO
2025-12-14 11:56:24,359 - System.tprint - INFO - ℹ️ ⚖️ Computing uniqueness weights for 9018 events... INFO
[2025-12-14 11:56:24.371] ✅ Uniqueness weights computed. Mean: 1.0000, Min: 0.4376, Max: 1.3129 SUCCESS
2025-12-14 11:56:24,371 - System.tprint - INFO - ℹ️ ✅ Uniqueness weights computed. Mean: 1.0000, Min: 0.4376, Max: 1.3129 SUCCESS
[I 2025-12-14 11:56:25,219] Trial 87 finished with value: -0.0037497540043472536 and parameters: {'trail_distance_atr_mult': 1.6661446707954817}. Best is trial 64 with value: -0.0012531696027358891.
[2025-12-14 11:56:26.598] ⚖️ Computing uniqueness weights for 9018 events... INFO
2025-12-14 11:56:26,598 - System.tprint - INFO - ℹ️ ⚖️ Computing uniqueness weights for 9018 events... INFO
[2025-12-14 11:56:26.610] ✅ Uniqueness weights computed. Mean: 1.0000, Min: 0.4375, Max: 1.3126 SUCCESS
2025-12-14 11:56:26,610 - System.tprint - INFO - ℹ️ ✅ Uniqueness weights computed. Mean: 1.0000, Min: 0.4375, Max: 1.3126 SUCCESS
[I 2025-12-14 11:56:27,468] Trial 88 finished with value: -0.0022709542639050674 and parameters: {'trail_distance_atr_mult': 1.5597049272899381}. Best is trial 64 with value: -0.0012531696027358891.
[2025-12-14 11:56:28.863] ⚖️ Computing uniqueness weights for 9018 events... INFO
2025-12-14 11:56:28,863 - System.tprint - INFO - ℹ️ ⚖️ Computing uniqueness weights for 9018 events... INFO
[2025-12-14 11:56:28.874] ✅ Uniqueness weights computed. Mean: 1.0000, Min: 0.4375, Max: 1.3126 SUCCESS
2025-12-14 11:56:28,874 - System.tprint - INFO - ℹ️ ✅ Uniqueness weights computed. Mean: 1.0000, Min: 0.4375, Max: 1.3126 SUCCESS
[I 2025-12-14 11:56:29,774] Trial 89 finished with value: -0.002700574355182558 and parameters: {'trail_distance_atr_mult': 1.5418148574238957}. Best is trial 64 with value: -0.0012531696027358891.
[2025-12-14 11:56:31.142] ⚖️ Computing uniqueness weights for 9018 events... INFO
2025-12-14 11:56:31,142 - System.tprint - INFO - ℹ️ ⚖️ Computing uniqueness weights for 9018 events... INFO
[2025-12-14 11:56:31.153] ✅ Uniqueness weights computed. Mean: 1.0000, Min: 0.4375, Max: 1.3126 SUCCESS
2025-12-14 11:56:31,153 - System.tprint - INFO - ℹ️ ✅ Uniqueness weights computed. Mean: 1.0000, Min: 0.4375, Max: 1.3126 SUCCESS
[I 2025-12-14 11:56:32,001] Trial 90 finished with value: -0.003915172385773012 and parameters: {'trail_distance_atr_mult': 1.5309100012471681}. Best is trial 64 with value: -0.0012531696027358891.
[2025-12-14 11:56:33.464] ⚖️ Computing uniqueness weights for 9018 events... INFO
2025-12-14 11:56:33,465 - System.tprint - INFO - ℹ️ ⚖️ Computing uniqueness weights for 9018 events... INFO
[2025-12-14 11:56:33.477] ✅ Uniqueness weights computed. Mean: 1.0000, Min: 0.4375, Max: 1.3125 SUCCESS
2025-12-14 11:56:33,477 - System.tprint - INFO - ℹ️ ✅ Uniqueness weights computed. Mean: 1.0000, Min: 0.4375, Max: 1.3125 SUCCESS
[I 2025-12-14 11:56:34,348] Trial 91 finished with value: -0.004187328623075937 and parameters: {'trail_distance_atr_mult': 1.4619715658736971}. Best is trial 64 with value: -0.0012531696027358891.
[2025-12-14 11:56:35.756] ⚖️ Computing uniqueness weights for 9018 events... INFO
2025-12-14 11:56:35,756 - System.tprint - INFO - ℹ️ ⚖️ Computing uniqueness weights for 9018 events... INFO
[2025-12-14 11:56:35.770] ✅ Uniqueness weights computed. Mean: 1.0000, Min: 0.4375, Max: 1.3126 SUCCESS
2025-12-14 11:56:35,770 - System.tprint - INFO - ℹ️ ✅ Uniqueness weights computed. Mean: 1.0000, Min: 0.4375, Max: 1.3126 SUCCESS
[I 2025-12-14 11:56:36,627] Trial 92 finished with value: -0.0022709510104883964 and parameters: {'trail_distance_atr_mult': 1.5602684576790629}. Best is trial 64 with value: -0.0012531696027358891.
[2025-12-14 11:56:37.999] ⚖️ Computing uniqueness weights for 9018 events... INFO
2025-12-14 11:56:37,999 - System.tprint - INFO - ℹ️ ⚖️ Computing uniqueness weights for 9018 events... INFO
[2025-12-14 11:56:38.011] ✅ Uniqueness weights computed. Mean: 1.0000, Min: 0.4375, Max: 1.3125 SUCCESS
2025-12-14 11:56:38,011 - System.tprint - INFO - ℹ️ ✅ Uniqueness weights computed. Mean: 1.0000, Min: 0.4375, Max: 1.3125 SUCCESS
[I 2025-12-14 11:56:38,878] Trial 93 finished with value: -0.003950362417504929 and parameters: {'trail_distance_atr_mult': 1.4232597323664222}. Best is trial 64 with value: -0.0012531696027358891.
[2025-12-14 11:56:40.255] ⚖️ Computing uniqueness weights for 9018 events... INFO
2025-12-14 11:56:40,256 - System.tprint - INFO - ℹ️ ⚖️ Computing uniqueness weights for 9018 events... INFO
[2025-12-14 11:56:40.266] ✅ Uniqueness weights computed. Mean: 1.0000, Min: 0.4377, Max: 1.3130 SUCCESS
2025-12-14 11:56:40,266 - System.tprint - INFO - ℹ️ ✅ Uniqueness weights computed. Mean: 1.0000, Min: 0.4377, Max: 1.3130 SUCCESS
[I 2025-12-14 11:56:41,116] Trial 94 finished with value: -0.009062917002782417 and parameters: {'trail_distance_atr_mult': 1.7410765236646044}. Best is trial 64 with value: -0.0012531696027358891.
[2025-12-14 11:56:42.497] ⚖️ Computing uniqueness weights for 9018 events... INFO
2025-12-14 11:56:42,498 - System.tprint - INFO - ℹ️ ⚖️ Computing uniqueness weights for 9018 events... INFO
[2025-12-14 11:56:42.509] ✅ Uniqueness weights computed. Mean: 1.0000, Min: 0.4375, Max: 1.3126 SUCCESS
2025-12-14 11:56:42,509 - System.tprint - INFO - ℹ️ ✅ Uniqueness weights computed. Mean: 1.0000, Min: 0.4375, Max: 1.3126 SUCCESS
[I 2025-12-14 11:56:43,514] Trial 95 finished with value: -0.0027005746776205676 and parameters: {'trail_distance_atr_mult': 1.5411834987861406}. Best is trial 64 with value: -0.0012531696027358891.
[2025-12-14 11:56:45.067] ⚖️ Computing uniqueness weights for 9018 events... INFO
2025-12-14 11:56:45,067 - System.tprint - INFO - ℹ️ ⚖️ Computing uniqueness weights for 9018 events... INFO
[2025-12-14 11:56:45.078] ✅ Uniqueness weights computed. Mean: 1.0000, Min: 0.4375, Max: 1.3126 SUCCESS
2025-12-14 11:56:45,078 - System.tprint - INFO - ℹ️ ✅ Uniqueness weights computed. Mean: 1.0000, Min: 0.4375, Max: 1.3126 SUCCESS
[I 2025-12-14 11:56:45,943] Trial 96 finished with value: -0.003915178699040166 and parameters: {'trail_distance_atr_mult': 1.534743976068995}. Best is trial 64 with value: -0.0012531696027358891.
[2025-12-14 11:56:47.393] ⚖️ Computing uniqueness weights for 9018 events... INFO
2025-12-14 11:56:47,394 - System.tprint - INFO - ℹ️ ⚖️ Computing uniqueness weights for 9018 events... INFO
[2025-12-14 11:56:47.406] ✅ Uniqueness weights computed. Mean: 1.0000, Min: 0.4375, Max: 1.3125 SUCCESS
2025-12-14 11:56:47,406 - System.tprint - INFO - ℹ️ ✅ Uniqueness weights computed. Mean: 1.0000, Min: 0.4375, Max: 1.3125 SUCCESS
[I 2025-12-14 11:56:48,393] Trial 97 finished with value: -0.0029957422352275766 and parameters: {'trail_distance_atr_mult': 1.3755008230235537}. Best is trial 64 with value: -0.0012531696027358891.
[2025-12-14 11:56:49.865] ⚖️ Computing uniqueness weights for 9018 events... INFO
2025-12-14 11:56:49,865 - System.tprint - INFO - ℹ️ ⚖️ Computing uniqueness weights for 9018 events... INFO
[2025-12-14 11:56:49.875] ✅ Uniqueness weights computed. Mean: 1.0000, Min: 0.4377, Max: 1.3130 SUCCESS
2025-12-14 11:56:49,875 - System.tprint - INFO - ℹ️ ✅ Uniqueness weights computed. Mean: 1.0000, Min: 0.4377, Max: 1.3130 SUCCESS
[I 2025-12-14 11:56:50,746] Trial 98 finished with value: -0.006820296113795899 and parameters: {'trail_distance_atr_mult': 1.7157337597534568}. Best is trial 64 with value: -0.0012531696027358891.
[2025-12-14 11:56:52.117] ⚖️ Computing uniqueness weights for 9018 events... INFO
2025-12-14 11:56:52,117 - System.tprint - INFO - ℹ️ ⚖️ Computing uniqueness weights for 9018 events... INFO
[2025-12-14 11:56:52.130] ✅ Uniqueness weights computed. Mean: 1.0000, Min: 0.4375, Max: 1.3124 SUCCESS
2025-12-14 11:56:52,131 - System.tprint - INFO - ℹ️ ✅ Uniqueness weights computed. Mean: 1.0000, Min: 0.4375, Max: 1.3124 SUCCESS
[I 2025-12-14 11:56:52,986] Trial 99 finished with value: -0.0032373731514876046 and parameters: {'trail_distance_atr_mult': 1.3246424768759268}. Best is trial 64 with value: -0.0012531696027358891.
[2025-12-14 11:56:54.372] ⚖️ Computing uniqueness weights for 9018 events... INFO
2025-12-14 11:56:54,372 - System.tprint - INFO - ℹ️ ⚖️ Computing uniqueness weights for 9018 events... INFO
[2025-12-14 11:56:54.384] ✅ Uniqueness weights computed. Mean: 1.0000, Min: 0.4377, Max: 1.3131 SUCCESS
2025-12-14 11:56:54,384 - System.tprint - INFO - ℹ️ ✅ Uniqueness weights computed. Mean: 1.0000, Min: 0.4377, Max: 1.3131 SUCCESS
[I 2025-12-14 11:56:55,246] Trial 100 finished with value: -0.005791485384157022 and parameters: {'trail_distance_atr_mult': 1.8354224553461767}. Best is trial 64 with value: -0.0012531696027358891.
[2025-12-14 11:56:56.611] ⚖️ Computing uniqueness weights for 9018 events... INFO
2025-12-14 11:56:56,611 - System.tprint - INFO - ℹ️ ⚖️ Computing uniqueness weights for 9018 events... INFO
[2025-12-14 11:56:56.623] ✅ Uniqueness weights computed. Mean: 1.0000, Min: 0.4375, Max: 1.3126 SUCCESS
2025-12-14 11:56:56,623 - System.tprint - INFO - ℹ️ ✅ Uniqueness weights computed. Mean: 1.0000, Min: 0.4375, Max: 1.3126 SUCCESS
[I 2025-12-14 11:56:57,481] Trial 101 finished with value: -0.0022708982511974404 and parameters: {'trail_distance_atr_mult': 1.5697430342850325}. Best is trial 64 with value: -0.0012531696027358891.
[2025-12-14 11:56:58.962] ⚖️ Computing uniqueness weights for 9018 events... INFO
2025-12-14 11:56:58,962 - System.tprint - INFO - ℹ️ ⚖️ Computing uniqueness weights for 9018 events... INFO
[2025-12-14 11:56:58.973] ✅ Uniqueness weights computed. Mean: 1.0000, Min: 0.4375, Max: 1.3125 SUCCESS
2025-12-14 11:56:58,973 - System.tprint - INFO - ℹ️ ✅ Uniqueness weights computed. Mean: 1.0000, Min: 0.4375, Max: 1.3125 SUCCESS
[I 2025-12-14 11:56:59,867] Trial 102 finished with value: -0.004187369488071488 and parameters: {'trail_distance_atr_mult': 1.4599578124187884}. Best is trial 64 with value: -0.0012531696027358891.
[2025-12-14 11:57:01.268] ⚖️ Computing uniqueness weights for 9018 events... INFO
2025-12-14 11:57:01,268 - System.tprint - INFO - ℹ️ ⚖️ Computing uniqueness weights for 9018 events... INFO
[2025-12-14 11:57:01.279] ✅ Uniqueness weights computed. Mean: 1.0000, Min: 0.4376, Max: 1.3127 SUCCESS
2025-12-14 11:57:01,280 - System.tprint - INFO - ℹ️ ✅ Uniqueness weights computed. Mean: 1.0000, Min: 0.4376, Max: 1.3127 SUCCESS
[I 2025-12-14 11:57:02,145] Trial 103 finished with value: -0.002270833935680709 and parameters: {'trail_distance_atr_mult': 1.5821127354679032}. Best is trial 64 with value: -0.0012531696027358891.
[2025-12-14 11:57:03.650] ⚖️ Computing uniqueness weights for 9018 events... INFO
2025-12-14 11:57:03,651 - System.tprint - INFO - ℹ️ ⚖️ Computing uniqueness weights for 9018 events... INFO
[2025-12-14 11:57:03.666] ✅ Uniqueness weights computed. Mean: 1.0000, Min: 0.4377, Max: 1.3130 SUCCESS
2025-12-14 11:57:03,666 - System.tprint - INFO - ℹ️ ✅ Uniqueness weights computed. Mean: 1.0000, Min: 0.4377, Max: 1.3130 SUCCESS
[I 2025-12-14 11:57:04,602] Trial 104 finished with value: -0.007127655113474088 and parameters: {'trail_distance_atr_mult': 1.7819035348354793}. Best is trial 64 with value: -0.0012531696027358891.
[2025-12-14 11:57:05.986] ⚖️ Computing uniqueness weights for 9018 events... INFO
2025-12-14 11:57:05,987 - System.tprint - INFO - ℹ️ ⚖️ Computing uniqueness weights for 9018 events... INFO
[2025-12-14 11:57:05.998] ✅ Uniqueness weights computed. Mean: 1.0000, Min: 0.4375, Max: 1.3124 SUCCESS
2025-12-14 11:57:05,998 - System.tprint - INFO - ℹ️ ✅ Uniqueness weights computed. Mean: 1.0000, Min: 0.4375, Max: 1.3124 SUCCESS
