[I 2025-12-14 12:44:20,474] Trial 1224 finished with value: -0.006721226924020976 and parameters: {'trail_distance_atr_mult': 0.9082305660190477}. Best is trial 126 with value: -0.000363295272717509.
[2025-12-14 12:44:21.677] ⚖️ Computing uniqueness weights for 9018 events... INFO
2025-12-14 12:44:21,677 - System.tprint - INFO - ℹ️ ⚖️ Computing uniqueness weights for 9018 events... INFO
[2025-12-14 12:44:21.687] ✅ Uniqueness weights computed. Mean: 1.0000, Min: 0.4373, Max: 1.3120 SUCCESS
2025-12-14 12:44:21,687 - System.tprint - INFO - ℹ️ ✅ Uniqueness weights computed. Mean: 1.0000, Min: 0.4373, Max: 1.3120 SUCCESS
[I 2025-12-14 12:44:22,342] Trial 1225 finished with value: -0.007816488377825597 and parameters: {'trail_distance_atr_mult': 1.127984081908715}. Best is trial 126 with value: -0.000363295272717509.
[2025-12-14 12:44:23.547] ⚖️ Computing uniqueness weights for 9018 events... INFO
2025-12-14 12:44:23,547 - System.tprint - INFO - ℹ️ ⚖️ Computing uniqueness weights for 9018 events... INFO
[2025-12-14 12:44:23.556] ✅ Uniqueness weights computed. Mean: 1.0000, Min: 0.4373, Max: 1.3120 SUCCESS
2025-12-14 12:44:23,556 - System.tprint - INFO - ℹ️ ✅ Uniqueness weights computed. Mean: 1.0000, Min: 0.4373, Max: 1.3120 SUCCESS
[I 2025-12-14 12:44:24,191] Trial 1226 finished with value: -0.0008138614633287036 and parameters: {'trail_distance_atr_mult': 1.0960571727268764}. Best is trial 126 with value: -0.000363295272717509.
[2025-12-14 12:44:25.391] ⚖️ Computing uniqueness weights for 9018 events... INFO
2025-12-14 12:44:25,392 - System.tprint - INFO - ℹ️ ⚖️ Computing uniqueness weights for 9018 events... INFO
[2025-12-14 12:44:25.401] ✅ Uniqueness weights computed. Mean: 1.0000, Min: 0.4373, Max: 1.3118 SUCCESS
2025-12-14 12:44:25,401 - System.tprint - INFO - ℹ️ ✅ Uniqueness weights computed. Mean: 1.0000, Min: 0.4373, Max: 1.3118 SUCCESS
[I 2025-12-14 12:44:26,042] Trial 1227 finished with value: -0.006681181727540032 and parameters: {'trail_distance_atr_mult': 0.8625308985653071}. Best is trial 126 with value: -0.000363295272717509.
[2025-12-14 12:44:27.248] ⚖️ Computing uniqueness weights for 9018 events... INFO
2025-12-14 12:44:27,248 - System.tprint - INFO - ℹ️ ⚖️ Computing uniqueness weights for 9018 events... INFO
[2025-12-14 12:44:27.258] ✅ Uniqueness weights computed. Mean: 1.0000, Min: 0.4373, Max: 1.3119 SUCCESS
2025-12-14 12:44:27,258 - System.tprint - INFO - ℹ️ ✅ Uniqueness weights computed. Mean: 1.0000, Min: 0.4373, Max: 1.3119 SUCCESS
[I 2025-12-14 12:44:27,895] Trial 1228 finished with value: -0.003084685774616504 and parameters: {'trail_distance_atr_mult': 1.026471813176374}. Best is trial 126 with value: -0.000363295272717509.
[2025-12-14 12:44:29.080] ⚖️ Computing uniqueness weights for 9018 events... INFO
2025-12-14 12:44:29,081 - System.tprint - INFO - ℹ️ ⚖️ Computing uniqueness weights for 9018 events... INFO
[2025-12-14 12:44:29.091] ✅ Uniqueness weights computed. Mean: 1.0000, Min: 0.4373, Max: 1.3120 SUCCESS
2025-12-14 12:44:29,091 - System.tprint - INFO - ℹ️ ✅ Uniqueness weights computed. Mean: 1.0000, Min: 0.4373, Max: 1.3120 SUCCESS
[I 2025-12-14 12:44:29,730] Trial 1229 finished with value: -0.007527264133030802 and parameters: {'trail_distance_atr_mult': 1.0694024632993773}. Best is trial 126 with value: -0.000363295272717509.
[2025-12-14 12:44:30.928] ⚖️ Computing uniqueness weights for 9018 events... INFO
2025-12-14 12:44:30,928 - System.tprint - INFO - ℹ️ ⚖️ Computing uniqueness weights for 9018 events... INFO
[2025-12-14 12:44:30.938] ✅ Uniqueness weights computed. Mean: 1.0000, Min: 0.4373, Max: 1.3120 SUCCESS
2025-12-14 12:44:30,938 - System.tprint - INFO - ℹ️ ✅ Uniqueness weights computed. Mean: 1.0000, Min: 0.4373, Max: 1.3120 SUCCESS
[I 2025-12-14 12:44:31,574] Trial 1230 finished with value: -0.007527248718526813 and parameters: {'trail_distance_atr_mult': 1.056707805089183}. Best is trial 126 with value: -0.000363295272717509.
[2025-12-14 12:44:32.804] ⚖️ Computing uniqueness weights for 9018 events... INFO
2025-12-14 12:44:32,805 - System.tprint - INFO - ℹ️ ⚖️ Computing uniqueness weights for 9018 events... INFO
[2025-12-14 12:44:32.814] ✅ Uniqueness weights computed. Mean: 1.0000, Min: 0.4373, Max: 1.3118 SUCCESS
2025-12-14 12:44:32,814 - System.tprint - INFO - ℹ️ ✅ Uniqueness weights computed. Mean: 1.0000, Min: 0.4373, Max: 1.3118 SUCCESS
[I 2025-12-14 12:44:33,450] Trial 1231 finished with value: -0.006681100615355707 and parameters: {'trail_distance_atr_mult': 0.8811858889584567}. Best is trial 126 with value: -0.000363295272717509.
[2025-12-14 12:44:34.659] ⚖️ Computing uniqueness weights for 9018 events... INFO
2025-12-14 12:44:34,659 - System.tprint - INFO - ℹ️ ⚖️ Computing uniqueness weights for 9018 events... INFO
[2025-12-14 12:44:34.669] ✅ Uniqueness weights computed. Mean: 1.0000, Min: 0.4373, Max: 1.3120 SUCCESS
2025-12-14 12:44:34,669 - System.tprint - INFO - ℹ️ ✅ Uniqueness weights computed. Mean: 1.0000, Min: 0.4373, Max: 1.3120 SUCCESS
[I 2025-12-14 12:44:35,305] Trial 1232 finished with value: -0.007816488337808838 and parameters: {'trail_distance_atr_mult': 1.1276328789420587}. Best is trial 126 with value: -0.000363295272717509.
[2025-12-14 12:44:36.503] ⚖️ Computing uniqueness weights for 9018 events... INFO
2025-12-14 12:44:36,503 - System.tprint - INFO - ℹ️ ⚖️ Computing uniqueness weights for 9018 events... INFO
[2025-12-14 12:44:36.514] ✅ Uniqueness weights computed. Mean: 1.0000, Min: 0.4373, Max: 1.3120 SUCCESS
2025-12-14 12:44:36,514 - System.tprint - INFO - ℹ️ ✅ Uniqueness weights computed. Mean: 1.0000, Min: 0.4373, Max: 1.3120 SUCCESS
[I 2025-12-14 12:44:37,147] Trial 1233 finished with value: -0.0008138613079627219 and parameters: {'trail_distance_atr_mult': 1.0984860435603887}. Best is trial 126 with value: -0.000363295272717509.
[2025-12-14 12:44:38.292] ⚖️ Computing uniqueness weights for 9018 events... INFO
2025-12-14 12:44:38,292 - System.tprint - INFO - ℹ️ ⚖️ Computing uniqueness weights for 9018 events... INFO
[2025-12-14 12:44:38.302] ✅ Uniqueness weights computed. Mean: 1.0000, Min: 0.4373, Max: 1.3118 SUCCESS
2025-12-14 12:44:38,302 - System.tprint - INFO - ℹ️ ✅ Uniqueness weights computed. Mean: 1.0000, Min: 0.4373, Max: 1.3118 SUCCESS
[I 2025-12-14 12:44:38,947] Trial 1234 finished with value: -0.006721157065313202 and parameters: {'trail_distance_atr_mult': 0.8995946246668811}. Best is trial 126 with value: -0.000363295272717509.
[2025-12-14 12:44:40.111] ⚖️ Computing uniqueness weights for 9018 events... INFO
2025-12-14 12:44:40,111 - System.tprint - INFO - ℹ️ ⚖️ Computing uniqueness weights for 9018 events... INFO
[2025-12-14 12:44:40.121] ✅ Uniqueness weights computed. Mean: 1.0000, Min: 0.4373, Max: 1.3118 SUCCESS
2025-12-14 12:44:40,121 - System.tprint - INFO - ℹ️ ✅ Uniqueness weights computed. Mean: 1.0000, Min: 0.4373, Max: 1.3118 SUCCESS
[I 2025-12-14 12:44:40,811] Trial 1235 finished with value: -0.006758322473874483 and parameters: {'trail_distance_atr_mult': 0.965647486332849}. Best is trial 126 with value: -0.000363295272717509.
[2025-12-14 12:44:42.020] ⚖️ Computing uniqueness weights for 9018 events... INFO
2025-12-14 12:44:42,020 - System.tprint - INFO - ℹ️ ⚖️ Computing uniqueness weights for 9018 events... INFO
[2025-12-14 12:44:42.030] ✅ Uniqueness weights computed. Mean: 1.0000, Min: 0.4373, Max: 1.3120 SUCCESS
2025-12-14 12:44:42,030 - System.tprint - INFO - ℹ️ ✅ Uniqueness weights computed. Mean: 1.0000, Min: 0.4373, Max: 1.3120 SUCCESS
[I 2025-12-14 12:44:42,664] Trial 1236 finished with value: -0.007527266758225449 and parameters: {'trail_distance_atr_mult': 1.0716125966647763}. Best is trial 126 with value: -0.000363295272717509.
[2025-12-14 12:44:43.878] ⚖️ Computing uniqueness weights for 9018 events... INFO
2025-12-14 12:44:43,878 - System.tprint - INFO - ℹ️ ⚖️ Computing uniqueness weights for 9018 events... INFO
[2025-12-14 12:44:43.887] ✅ Uniqueness weights computed. Mean: 1.0000, Min: 0.4372, Max: 1.3117 SUCCESS
2025-12-14 12:44:43,887 - System.tprint - INFO - ℹ️ ✅ Uniqueness weights computed. Mean: 1.0000, Min: 0.4372, Max: 1.3117 SUCCESS
[I 2025-12-14 12:44:44,524] Trial 1237 finished with value: -0.007479331783459741 and parameters: {'trail_distance_atr_mult': 0.6812086887142059}. Best is trial 126 with value: -0.000363295272717509.
[2025-12-14 12:44:45.721] ⚖️ Computing uniqueness weights for 9018 events... INFO
2025-12-14 12:44:45,721 - System.tprint - INFO - ℹ️ ⚖️ Computing uniqueness weights for 9018 events... INFO
[2025-12-14 12:44:45.731] ✅ Uniqueness weights computed. Mean: 1.0000, Min: 0.4373, Max: 1.3120 SUCCESS
2025-12-14 12:44:45,731 - System.tprint - INFO - ℹ️ ✅ Uniqueness weights computed. Mean: 1.0000, Min: 0.4373, Max: 1.3120 SUCCESS
[I 2025-12-14 12:44:46,365] Trial 1238 finished with value: -0.007527267806199774 and parameters: {'trail_distance_atr_mult': 1.0725403605909465}. Best is trial 126 with value: -0.000363295272717509.
[2025-12-14 12:44:47.575] ⚖️ Computing uniqueness weights for 9018 events... INFO
2025-12-14 12:44:47,575 - System.tprint - INFO - ℹ️ ⚖️ Computing uniqueness weights for 9018 events... INFO
[2025-12-14 12:44:47.584] ✅ Uniqueness weights computed. Mean: 1.0000, Min: 0.4373, Max: 1.3120 SUCCESS
2025-12-14 12:44:47,584 - System.tprint - INFO - ℹ️ ✅ Uniqueness weights computed. Mean: 1.0000, Min: 0.4373, Max: 1.3120 SUCCESS
[I 2025-12-14 12:44:48,222] Trial 1239 finished with value: -0.0016006570903537361 and parameters: {'trail_distance_atr_mult': 1.0830616069486756}. Best is trial 126 with value: -0.000363295272717509.
[2025-12-14 12:44:49.445] ⚖️ Computing uniqueness weights for 9018 events... INFO
2025-12-14 12:44:49,446 - System.tprint - INFO - ℹ️ ⚖️ Computing uniqueness weights for 9018 events... INFO
[2025-12-14 12:44:49.456] ✅ Uniqueness weights computed. Mean: 1.0000, Min: 0.4373, Max: 1.3118 SUCCESS
2025-12-14 12:44:49,456 - System.tprint - INFO - ℹ️ ✅ Uniqueness weights computed. Mean: 1.0000, Min: 0.4373, Max: 1.3118 SUCCESS
[I 2025-12-14 12:44:50,112] Trial 1240 finished with value: -0.0066810921297319305 and parameters: {'trail_distance_atr_mult': 0.8855834192000632}. Best is trial 126 with value: -0.000363295272717509.
[2025-12-14 12:44:51.309] ⚖️ Computing uniqueness weights for 9018 events... INFO
2025-12-14 12:44:51,309 - System.tprint - INFO - ℹ️ ⚖️ Computing uniqueness weights for 9018 events... INFO
[2025-12-14 12:44:51.318] ✅ Uniqueness weights computed. Mean: 1.0000, Min: 0.4373, Max: 1.3119 SUCCESS
2025-12-14 12:44:51,318 - System.tprint - INFO - ℹ️ ✅ Uniqueness weights computed. Mean: 1.0000, Min: 0.4373, Max: 1.3119 SUCCESS
[I 2025-12-14 12:44:51,959] Trial 1241 finished with value: -0.0030846843619523542 and parameters: {'trail_distance_atr_mult': 1.0246037565025266}. Best is trial 126 with value: -0.000363295272717509.
[2025-12-14 12:44:53.158] ⚖️ Computing uniqueness weights for 9018 events... INFO
2025-12-14 12:44:53,158 - System.tprint - INFO - ℹ️ ⚖️ Computing uniqueness weights for 9018 events... INFO
[2025-12-14 12:44:53.168] ✅ Uniqueness weights computed. Mean: 1.0000, Min: 0.4373, Max: 1.3120 SUCCESS
2025-12-14 12:44:53,168 - System.tprint - INFO - ℹ️ ✅ Uniqueness weights computed. Mean: 1.0000, Min: 0.4373, Max: 1.3120 SUCCESS
[I 2025-12-14 12:44:53,816] Trial 1242 finished with value: -0.007527265934626012 and parameters: {'trail_distance_atr_mult': 1.0708173712724591}. Best is trial 126 with value: -0.000363295272717509.
[2025-12-14 12:44:55.013] ⚖️ Computing uniqueness weights for 9018 events... INFO
2025-12-14 12:44:55,013 - System.tprint - INFO - ℹ️ ⚖️ Computing uniqueness weights for 9018 events... INFO
[2025-12-14 12:44:55.022] ✅ Uniqueness weights computed. Mean: 1.0000, Min: 0.4373, Max: 1.3120 SUCCESS
2025-12-14 12:44:55,022 - System.tprint - INFO - ℹ️ ✅ Uniqueness weights computed. Mean: 1.0000, Min: 0.4373, Max: 1.3120 SUCCESS
[I 2025-12-14 12:44:55,668] Trial 1243 finished with value: -0.007527252504772149 and parameters: {'trail_distance_atr_mult': 1.059749581278745}. Best is trial 126 with value: -0.000363295272717509.
[2025-12-14 12:44:56.889] ⚖️ Computing uniqueness weights for 9018 events... INFO
2025-12-14 12:44:56,890 - System.tprint - INFO - ℹ️ ⚖️ Computing uniqueness weights for 9018 events... INFO
[2025-12-14 12:44:56.900] ✅ Uniqueness weights computed. Mean: 1.0000, Min: 0.4373, Max: 1.3118 SUCCESS
2025-12-14 12:44:56,900 - System.tprint - INFO - ℹ️ ✅ Uniqueness weights computed. Mean: 1.0000, Min: 0.4373, Max: 1.3118 SUCCESS
[I 2025-12-14 12:44:57,655] Trial 1244 finished with value: -0.006681087496756463 and parameters: {'trail_distance_atr_mult': 0.8880414860450094}. Best is trial 126 with value: -0.000363295272717509.
[2025-12-14 12:44:58.895] ⚖️ Computing uniqueness weights for 9018 events... INFO
2025-12-14 12:44:58,895 - System.tprint - INFO - ℹ️ ⚖️ Computing uniqueness weights for 9018 events... INFO
[2025-12-14 12:44:58.906] ✅ Uniqueness weights computed. Mean: 1.0000, Min: 0.4373, Max: 1.3120 SUCCESS
2025-12-14 12:44:58,906 - System.tprint - INFO - ℹ️ ✅ Uniqueness weights computed. Mean: 1.0000, Min: 0.4373, Max: 1.3120 SUCCESS
[I 2025-12-14 12:44:59,710] Trial 1245 finished with value: -0.001600656967640314 and parameters: {'trail_distance_atr_mult': 1.0836869706400147}. Best is trial 126 with value: -0.000363295272717509.
[2025-12-14 12:45:01.157] ⚖️ Computing uniqueness weights for 9018 events... INFO
2025-12-14 12:45:01,157 - System.tprint - INFO - ℹ️ ⚖️ Computing uniqueness weights for 9018 events... INFO
[2025-12-14 12:45:01.169] ✅ Uniqueness weights computed. Mean: 1.0000, Min: 0.4373, Max: 1.3118 SUCCESS
2025-12-14 12:45:01,169 - System.tprint - INFO - ℹ️ ✅ Uniqueness weights computed. Mean: 1.0000, Min: 0.4373, Max: 1.3118 SUCCESS
[I 2025-12-14 12:45:01,942] Trial 1246 finished with value: -0.006721199186610841 and parameters: {'trail_distance_atr_mult': 0.9050390579714329}. Best is trial 126 with value: -0.000363295272717509.
[2025-12-14 12:45:03.295] ⚖️ Computing uniqueness weights for 9018 events... INFO
2025-12-14 12:45:03,295 - System.tprint - INFO - ℹ️ ⚖️ Computing uniqueness weights for 9018 events... INFO
[2025-12-14 12:45:03.306] ✅ Uniqueness weights computed. Mean: 1.0000, Min: 0.4373, Max: 1.3119 SUCCESS
2025-12-14 12:45:03,306 - System.tprint - INFO - ℹ️ ✅ Uniqueness weights computed. Mean: 1.0000, Min: 0.4373, Max: 1.3119 SUCCESS
[I 2025-12-14 12:45:03,989] Trial 1247 finished with value: -0.007527236422512386 and parameters: {'trail_distance_atr_mult': 1.0465817585010735}. Best is trial 126 with value: -0.000363295272717509.
[2025-12-14 12:45:05.180] ⚖️ Computing uniqueness weights for 9018 events... INFO
2025-12-14 12:45:05,180 - System.tprint - INFO - ℹ️ ⚖️ Computing uniqueness weights for 9018 events... INFO
[2025-12-14 12:45:05.190] ✅ Uniqueness weights computed. Mean: 1.0000, Min: 0.4373, Max: 1.3119 SUCCESS
2025-12-14 12:45:05,191 - System.tprint - INFO - ℹ️ ✅ Uniqueness weights computed. Mean: 1.0000, Min: 0.4373, Max: 1.3119 SUCCESS
[I 2025-12-14 12:45:05,875] Trial 1248 finished with value: -0.0075272300801419376 and parameters: {'trail_distance_atr_mult': 1.0285012546899757}. Best is trial 126 with value: -0.000363295272717509.
[2025-12-14 12:45:07.063] ⚖️ Computing uniqueness weights for 9018 events... INFO
2025-12-14 12:45:07,063 - System.tprint - INFO - ℹ️ ⚖️ Computing uniqueness weights for 9018 events... INFO
[2025-12-14 12:45:07.073] ✅ Uniqueness weights computed. Mean: 1.0000, Min: 0.4373, Max: 1.3120 SUCCESS
2025-12-14 12:45:07,074 - System.tprint - INFO - ℹ️ ✅ Uniqueness weights computed. Mean: 1.0000, Min: 0.4373, Max: 1.3120 SUCCESS
[I 2025-12-14 12:45:07,772] Trial 1249 finished with value: -0.007527254135800216 and parameters: {'trail_distance_atr_mult': 1.0611458605273814}. Best is trial 126 with value: -0.000363295272717509.
[2025-12-14 12:45:08.988] ⚖️ Computing uniqueness weights for 9018 events... INFO
2025-12-14 12:45:08,988 - System.tprint - INFO - ℹ️ ⚖️ Computing uniqueness weights for 9018 events... INFO
[2025-12-14 12:45:08.997] ✅ Uniqueness weights computed. Mean: 1.0000, Min: 0.4373, Max: 1.3120 SUCCESS
2025-12-14 12:45:08,997 - System.tprint - INFO - ℹ️ ✅ Uniqueness weights computed. Mean: 1.0000, Min: 0.4373, Max: 1.3120 SUCCESS
[I 2025-12-14 12:45:09,630] Trial 1250 finished with value: -0.007658105252366342 and parameters: {'trail_distance_atr_mult': 1.1048120806073078}. Best is trial 126 with value: -0.000363295272717509.
[2025-12-14 12:45:10.837] ⚖️ Computing uniqueness weights for 9018 events... INFO
2025-12-14 12:45:10,837 - System.tprint - INFO - ℹ️ ⚖️ Computing uniqueness weights for 9018 events... INFO
[2025-12-14 12:45:10.847] ✅ Uniqueness weights computed. Mean: 1.0000, Min: 0.4373, Max: 1.3118 SUCCESS
2025-12-14 12:45:10,847 - System.tprint - INFO - ℹ️ ✅ Uniqueness weights computed. Mean: 1.0000, Min: 0.4373, Max: 1.3118 SUCCESS
[I 2025-12-14 12:45:11,483] Trial 1251 finished with value: -0.006888954753642377 and parameters: {'trail_distance_atr_mult': 0.9196254913863957}. Best is trial 126 with value: -0.000363295272717509.
[2025-12-14 12:45:12.675] ⚖️ Computing uniqueness weights for 9018 events... INFO
2025-12-14 12:45:12,675 - System.tprint - INFO - ℹ️ ⚖️ Computing uniqueness weights for 9018 events... INFO
[2025-12-14 12:45:12.685] ✅ Uniqueness weights computed. Mean: 1.0000, Min: 0.4373, Max: 1.3120 SUCCESS
2025-12-14 12:45:12,685 - System.tprint - INFO - ℹ️ ✅ Uniqueness weights computed. Mean: 1.0000, Min: 0.4373, Max: 1.3120 SUCCESS
[I 2025-12-14 12:45:13,319] Trial 1252 finished with value: -0.007658106951862768 and parameters: {'trail_distance_atr_mult': 1.103914336988287}. Best is trial 126 with value: -0.000363295272717509.
[2025-12-14 12:45:14.531] ⚖️ Computing uniqueness weights for 9018 events... INFO
2025-12-14 12:45:14,532 - System.tprint - INFO - ℹ️ ⚖️ Computing uniqueness weights for 9018 events... INFO
[2025-12-14 12:45:14.541] ✅ Uniqueness weights computed. Mean: 1.0000, Min: 0.4373, Max: 1.3120 SUCCESS
2025-12-14 12:45:14,541 - System.tprint - INFO - ℹ️ ✅ Uniqueness weights computed. Mean: 1.0000, Min: 0.4373, Max: 1.3120 SUCCESS
[I 2025-12-14 12:45:15,170] Trial 1253 finished with value: -0.0008138613915059028 and parameters: {'trail_distance_atr_mult': 1.0972295713771325}. Best is trial 126 with value: -0.000363295272717509.
[2025-12-14 12:45:16.367] ⚖️ Computing uniqueness weights for 9018 events... INFO
2025-12-14 12:45:16,367 - System.tprint - INFO - ℹ️ ⚖️ Computing uniqueness weights for 9018 events... INFO
[2025-12-14 12:45:16.376] ✅ Uniqueness weights computed. Mean: 1.0000, Min: 0.4373, Max: 1.3118 SUCCESS
2025-12-14 12:45:16,376 - System.tprint - INFO - ℹ️ ✅ Uniqueness weights computed. Mean: 1.0000, Min: 0.4373, Max: 1.3118 SUCCESS
[I 2025-12-14 12:45:17,011] Trial 1254 finished with value: -0.006584446455601574 and parameters: {'trail_distance_atr_mult': 0.8540171704038819}. Best is trial 126 with value: -0.000363295272717509.
[2025-12-14 12:45:18.234] ⚖️ Computing uniqueness weights for 9018 events... INFO
2025-12-14 12:45:18,234 - System.tprint - INFO - ℹ️ ⚖️ Computing uniqueness weights for 9018 events... INFO
[2025-12-14 12:45:18.243] ✅ Uniqueness weights computed. Mean: 1.0000, Min: 0.4373, Max: 1.3118 SUCCESS
2025-12-14 12:45:18,243 - System.tprint - INFO - ℹ️ ✅ Uniqueness weights computed. Mean: 1.0000, Min: 0.4373, Max: 1.3118 SUCCESS
[I 2025-12-14 12:45:18,875] Trial 1255 finished with value: -0.006778396710596166 and parameters: {'trail_distance_atr_mult': 0.9353784797709761}. Best is trial 126 with value: -0.000363295272717509.
[2025-12-14 12:45:20.083] ⚖️ Computing uniqueness weights for 9018 events... INFO
2025-12-14 12:45:20,083 - System.tprint - INFO - ℹ️ ⚖️ Computing uniqueness weights for 9018 events... INFO
[2025-12-14 12:45:20.095] ✅ Uniqueness weights computed. Mean: 1.0000, Min: 0.4373, Max: 1.3120 SUCCESS
2025-12-14 12:45:20,095 - System.tprint - INFO - ℹ️ ✅ Uniqueness weights computed. Mean: 1.0000, Min: 0.4373, Max: 1.3120 SUCCESS
[I 2025-12-14 12:45:20,740] Trial 1256 finished with value: -0.007527263583042831 and parameters: {'trail_distance_atr_mult': 1.0689474755754351}. Best is trial 126 with value: -0.000363295272717509.
[2025-12-14 12:45:21.904] ⚖️ Computing uniqueness weights for 9018 events... INFO
2025-12-14 12:45:21,904 - System.tprint - INFO - ℹ️ ⚖️ Computing uniqueness weights for 9018 events... INFO
[2025-12-14 12:45:21.914] ✅ Uniqueness weights computed. Mean: 1.0000, Min: 0.4373, Max: 1.3120 SUCCESS
2025-12-14 12:45:21,915 - System.tprint - INFO - ℹ️ ✅ Uniqueness weights computed. Mean: 1.0000, Min: 0.4373, Max: 1.3120 SUCCESS
[I 2025-12-14 12:45:22,563] Trial 1257 finished with value: -0.0008138619420675459 and parameters: {'trail_distance_atr_mult': 1.089555606357659}. Best is trial 126 with value: -0.000363295272717509.
[2025-12-14 12:45:23.705] ⚖️ Computing uniqueness weights for 9018 events... INFO
2025-12-14 12:45:23,705 - System.tprint - INFO - ℹ️ ⚖️ Computing uniqueness weights for 9018 events... INFO
[2025-12-14 12:45:23.715] ✅ Uniqueness weights computed. Mean: 1.0000, Min: 0.4372, Max: 1.3117 SUCCESS
2025-12-14 12:45:23,715 - System.tprint - INFO - ℹ️ ✅ Uniqueness weights computed. Mean: 1.0000, Min: 0.4372, Max: 1.3117 SUCCESS
[I 2025-12-14 12:45:24,377] Trial 1258 finished with value: -0.007479331783459741 and parameters: {'trail_distance_atr_mult': 0.7093649421883604}. Best is trial 126 with value: -0.000363295272717509.
[2025-12-14 12:45:25.584] ⚖️ Computing uniqueness weights for 9018 events... INFO
2025-12-14 12:45:25,584 - System.tprint - INFO - ℹ️ ⚖️ Computing uniqueness weights for 9018 events... INFO
[2025-12-14 12:45:25.594] ✅ Uniqueness weights computed. Mean: 1.0000, Min: 0.4373, Max: 1.3118 SUCCESS
2025-12-14 12:45:25,594 - System.tprint - INFO - ℹ️ ✅ Uniqueness weights computed. Mean: 1.0000, Min: 0.4373, Max: 1.3118 SUCCESS
