[I 2025-12-14 12:06:52,029] Trial 279 finished with value: -0.004014225902881302 and parameters: {'trail_distance_atr_mult': 1.4067360101355888}. Best is trial 126 with value: -0.000363295272717509.
[2025-12-14 12:06:53.435] ⚖️ Computing uniqueness weights for 9018 events... INFO
2025-12-14 12:06:53,435 - System.tprint - INFO - ℹ️ ⚖️ Computing uniqueness weights for 9018 events... INFO
[2025-12-14 12:06:53.445] ✅ Uniqueness weights computed. Mean: 1.0000, Min: 0.4376, Max: 1.3127 SUCCESS
2025-12-14 12:06:53,446 - System.tprint - INFO - ℹ️ ✅ Uniqueness weights computed. Mean: 1.0000, Min: 0.4376, Max: 1.3127 SUCCESS
[I 2025-12-14 12:06:54,323] Trial 280 finished with value: -0.0024570531641387155 and parameters: {'trail_distance_atr_mult': 1.5958843459904841}. Best is trial 126 with value: -0.000363295272717509.
[2025-12-14 12:06:55.721] ⚖️ Computing uniqueness weights for 9018 events... INFO
2025-12-14 12:06:55,721 - System.tprint - INFO - ℹ️ ⚖️ Computing uniqueness weights for 9018 events... INFO
[2025-12-14 12:06:55.732] ✅ Uniqueness weights computed. Mean: 1.0000, Min: 0.4376, Max: 1.3127 SUCCESS
2025-12-14 12:06:55,732 - System.tprint - INFO - ℹ️ ✅ Uniqueness weights computed. Mean: 1.0000, Min: 0.4376, Max: 1.3127 SUCCESS
[I 2025-12-14 12:06:56,624] Trial 281 finished with value: -0.00227080860222049 and parameters: {'trail_distance_atr_mult': 1.587233534348658}. Best is trial 126 with value: -0.000363295272717509.
[2025-12-14 12:06:58.027] ⚖️ Computing uniqueness weights for 9018 events... INFO
2025-12-14 12:06:58,027 - System.tprint - INFO - ℹ️ ⚖️ Computing uniqueness weights for 9018 events... INFO
[2025-12-14 12:06:58.039] ✅ Uniqueness weights computed. Mean: 1.0000, Min: 0.4376, Max: 1.3128 SUCCESS
2025-12-14 12:06:58,040 - System.tprint - INFO - ℹ️ ✅ Uniqueness weights computed. Mean: 1.0000, Min: 0.4376, Max: 1.3128 SUCCESS
[I 2025-12-14 12:06:59,053] Trial 282 finished with value: -0.0059914145687827765 and parameters: {'trail_distance_atr_mult': 1.633909231752715}. Best is trial 126 with value: -0.000363295272717509.
[2025-12-14 12:07:00.660] ⚖️ Computing uniqueness weights for 9018 events... INFO
2025-12-14 12:07:00,661 - System.tprint - INFO - ℹ️ ⚖️ Computing uniqueness weights for 9018 events... INFO
[2025-12-14 12:07:00.671] ✅ Uniqueness weights computed. Mean: 1.0000, Min: 0.4375, Max: 1.3125 SUCCESS
2025-12-14 12:07:00,671 - System.tprint - INFO - ℹ️ ✅ Uniqueness weights computed. Mean: 1.0000, Min: 0.4375, Max: 1.3125 SUCCESS
[I 2025-12-14 12:07:01,557] Trial 283 finished with value: -0.006658967662336389 and parameters: {'trail_distance_atr_mult': 1.5070903892053558}. Best is trial 126 with value: -0.000363295272717509.
[2025-12-14 12:07:03.371] ⚖️ Computing uniqueness weights for 9018 events... INFO
2025-12-14 12:07:03,371 - System.tprint - INFO - ℹ️ ⚖️ Computing uniqueness weights for 9018 events... INFO
[2025-12-14 12:07:03.385] ✅ Uniqueness weights computed. Mean: 1.0000, Min: 0.4375, Max: 1.3124 SUCCESS
2025-12-14 12:07:03,386 - System.tprint - INFO - ℹ️ ✅ Uniqueness weights computed. Mean: 1.0000, Min: 0.4375, Max: 1.3124 SUCCESS
[I 2025-12-14 12:07:04,346] Trial 284 finished with value: -0.0022685287592472516 and parameters: {'trail_distance_atr_mult': 1.263719310194269}. Best is trial 126 with value: -0.000363295272717509.
[2025-12-14 12:07:06.104] ⚖️ Computing uniqueness weights for 9018 events... INFO
2025-12-14 12:07:06,104 - System.tprint - INFO - ℹ️ ⚖️ Computing uniqueness weights for 9018 events... INFO
[2025-12-14 12:07:06.121] ✅ Uniqueness weights computed. Mean: 1.0000, Min: 0.4373, Max: 1.3118 SUCCESS
2025-12-14 12:07:06,121 - System.tprint - INFO - ℹ️ ✅ Uniqueness weights computed. Mean: 1.0000, Min: 0.4373, Max: 1.3118 SUCCESS
[I 2025-12-14 12:07:07,271] Trial 285 finished with value: -0.006758368633219752 and parameters: {'trail_distance_atr_mult': 0.973035501883109}. Best is trial 126 with value: -0.000363295272717509.
[2025-12-14 12:07:08.942] ⚖️ Computing uniqueness weights for 9018 events... INFO
2025-12-14 12:07:08,943 - System.tprint - INFO - ℹ️ ⚖️ Computing uniqueness weights for 9018 events... INFO
[2025-12-14 12:07:08.956] ✅ Uniqueness weights computed. Mean: 1.0000, Min: 0.4374, Max: 1.3123 SUCCESS
2025-12-14 12:07:08,956 - System.tprint - INFO - ℹ️ ✅ Uniqueness weights computed. Mean: 1.0000, Min: 0.4374, Max: 1.3123 SUCCESS
[I 2025-12-14 12:07:10,129] Trial 286 finished with value: -0.004494442758205493 and parameters: {'trail_distance_atr_mult': 1.232197218843098}. Best is trial 126 with value: -0.000363295272717509.
[2025-12-14 12:07:12.389] ⚖️ Computing uniqueness weights for 9018 events... INFO
2025-12-14 12:07:12,389 - System.tprint - INFO - ℹ️ ⚖️ Computing uniqueness weights for 9018 events... INFO
[2025-12-14 12:07:12.404] ✅ Uniqueness weights computed. Mean: 1.0000, Min: 0.4375, Max: 1.3124 SUCCESS
2025-12-14 12:07:12,404 - System.tprint - INFO - ℹ️ ✅ Uniqueness weights computed. Mean: 1.0000, Min: 0.4375, Max: 1.3124 SUCCESS
[I 2025-12-14 12:07:13,492] Trial 287 finished with value: -0.0022685305895185364 and parameters: {'trail_distance_atr_mult': 1.2633065159934596}. Best is trial 126 with value: -0.000363295272717509.
[2025-12-14 12:07:14.887] ⚖️ Computing uniqueness weights for 9018 events... INFO
2025-12-14 12:07:14,887 - System.tprint - INFO - ℹ️ ⚖️ Computing uniqueness weights for 9018 events... INFO
[2025-12-14 12:07:14.897] ✅ Uniqueness weights computed. Mean: 1.0000, Min: 0.4373, Max: 1.3120 SUCCESS
2025-12-14 12:07:14,897 - System.tprint - INFO - ℹ️ ✅ Uniqueness weights computed. Mean: 1.0000, Min: 0.4373, Max: 1.3120 SUCCESS
[I 2025-12-14 12:07:15,806] Trial 288 finished with value: -0.007658091907716321 and parameters: {'trail_distance_atr_mult': 1.1126746967050996}. Best is trial 126 with value: -0.000363295272717509.
[2025-12-14 12:07:17.254] ⚖️ Computing uniqueness weights for 9018 events... INFO
2025-12-14 12:07:17,254 - System.tprint - INFO - ℹ️ ⚖️ Computing uniqueness weights for 9018 events... INFO
[2025-12-14 12:07:17.266] ✅ Uniqueness weights computed. Mean: 1.0000, Min: 0.4374, Max: 1.3121 SUCCESS
2025-12-14 12:07:17,266 - System.tprint - INFO - ℹ️ ✅ Uniqueness weights computed. Mean: 1.0000, Min: 0.4374, Max: 1.3121 SUCCESS
[I 2025-12-14 12:07:18,215] Trial 289 finished with value: -0.007701226779612735 and parameters: {'trail_distance_atr_mult': 1.1600863579895397}. Best is trial 126 with value: -0.000363295272717509.
[2025-12-14 12:07:19.611] ⚖️ Computing uniqueness weights for 9018 events... INFO
2025-12-14 12:07:19,611 - System.tprint - INFO - ℹ️ ⚖️ Computing uniqueness weights for 9018 events... INFO
[2025-12-14 12:07:19.622] ✅ Uniqueness weights computed. Mean: 1.0000, Min: 0.4375, Max: 1.3124 SUCCESS
2025-12-14 12:07:19,622 - System.tprint - INFO - ℹ️ ✅ Uniqueness weights computed. Mean: 1.0000, Min: 0.4375, Max: 1.3124 SUCCESS
[I 2025-12-14 12:07:20,568] Trial 290 finished with value: -0.0003632965731863707 and parameters: {'trail_distance_atr_mult': 1.2709134039171488}. Best is trial 126 with value: -0.000363295272717509.
[2025-12-14 12:07:21.989] ⚖️ Computing uniqueness weights for 9018 events... INFO
2025-12-14 12:07:21,990 - System.tprint - INFO - ℹ️ ⚖️ Computing uniqueness weights for 9018 events... INFO
[2025-12-14 12:07:22.001] ✅ Uniqueness weights computed. Mean: 1.0000, Min: 0.4374, Max: 1.3121 SUCCESS
2025-12-14 12:07:22,001 - System.tprint - INFO - ℹ️ ✅ Uniqueness weights computed. Mean: 1.0000, Min: 0.4374, Max: 1.3121 SUCCESS
[I 2025-12-14 12:07:23,007] Trial 291 finished with value: -0.007094564535884722 and parameters: {'trail_distance_atr_mult': 1.1744774074042557}. Best is trial 126 with value: -0.000363295272717509.
[2025-12-14 12:07:24.638] ⚖️ Computing uniqueness weights for 9018 events... INFO
2025-12-14 12:07:24,638 - System.tprint - INFO - ℹ️ ⚖️ Computing uniqueness weights for 9018 events... INFO
[2025-12-14 12:07:24.649] ✅ Uniqueness weights computed. Mean: 1.0000, Min: 0.4374, Max: 1.3121 SUCCESS
2025-12-14 12:07:24,650 - System.tprint - INFO - ℹ️ ✅ Uniqueness weights computed. Mean: 1.0000, Min: 0.4374, Max: 1.3121 SUCCESS
[I 2025-12-14 12:07:25,535] Trial 292 finished with value: -0.004891443871973898 and parameters: {'trail_distance_atr_mult': 1.1930758852287104}. Best is trial 126 with value: -0.000363295272717509.
[2025-12-14 12:07:26.971] ⚖️ Computing uniqueness weights for 9018 events... INFO
2025-12-14 12:07:26,972 - System.tprint - INFO - ℹ️ ⚖️ Computing uniqueness weights for 9018 events... INFO
[2025-12-14 12:07:26.983] ✅ Uniqueness weights computed. Mean: 1.0000, Min: 0.4375, Max: 1.3124 SUCCESS
2025-12-14 12:07:26,983 - System.tprint - INFO - ℹ️ ✅ Uniqueness weights computed. Mean: 1.0000, Min: 0.4375, Max: 1.3124 SUCCESS
[I 2025-12-14 12:07:27,896] Trial 293 finished with value: -0.0022685419151341497 and parameters: {'trail_distance_atr_mult': 1.2577719950397737}. Best is trial 126 with value: -0.000363295272717509.
[2025-12-14 12:07:29.308] ⚖️ Computing uniqueness weights for 9018 events... INFO
2025-12-14 12:07:29,308 - System.tprint - INFO - ℹ️ ⚖️ Computing uniqueness weights for 9018 events... INFO
[2025-12-14 12:07:29.319] ✅ Uniqueness weights computed. Mean: 1.0000, Min: 0.4374, Max: 1.3121 SUCCESS
2025-12-14 12:07:29,319 - System.tprint - INFO - ℹ️ ✅ Uniqueness weights computed. Mean: 1.0000, Min: 0.4374, Max: 1.3121 SUCCESS
[I 2025-12-14 12:07:30,226] Trial 294 finished with value: -0.0012531694877045997 and parameters: {'trail_distance_atr_mult': 1.1840727854162023}. Best is trial 126 with value: -0.000363295272717509.
[2025-12-14 12:07:31.637] ⚖️ Computing uniqueness weights for 9018 events... INFO
2025-12-14 12:07:31,637 - System.tprint - INFO - ℹ️ ⚖️ Computing uniqueness weights for 9018 events... INFO
[2025-12-14 12:07:31.648] ✅ Uniqueness weights computed. Mean: 1.0000, Min: 0.4373, Max: 1.3119 SUCCESS
2025-12-14 12:07:31,648 - System.tprint - INFO - ℹ️ ✅ Uniqueness weights computed. Mean: 1.0000, Min: 0.4373, Max: 1.3119 SUCCESS
[I 2025-12-14 12:07:32,524] Trial 295 finished with value: -0.007527243079055667 and parameters: {'trail_distance_atr_mult': 1.0521099750170129}. Best is trial 126 with value: -0.000363295272717509.
[2025-12-14 12:07:33.940] ⚖️ Computing uniqueness weights for 9018 events... INFO
2025-12-14 12:07:33,940 - System.tprint - INFO - ℹ️ ⚖️ Computing uniqueness weights for 9018 events... INFO
[2025-12-14 12:07:33.951] ✅ Uniqueness weights computed. Mean: 1.0000, Min: 0.4374, Max: 1.3122 SUCCESS
2025-12-14 12:07:33,952 - System.tprint - INFO - ℹ️ ✅ Uniqueness weights computed. Mean: 1.0000, Min: 0.4374, Max: 1.3122 SUCCESS
[I 2025-12-14 12:07:34,838] Trial 296 finished with value: -0.003015697506561239 and parameters: {'trail_distance_atr_mult': 1.203995042723847}. Best is trial 126 with value: -0.000363295272717509.
[2025-12-14 12:07:36.243] ⚖️ Computing uniqueness weights for 9018 events... INFO
2025-12-14 12:07:36,244 - System.tprint - INFO - ℹ️ ⚖️ Computing uniqueness weights for 9018 events... INFO
[2025-12-14 12:07:36.254] ✅ Uniqueness weights computed. Mean: 1.0000, Min: 0.4374, Max: 1.3122 SUCCESS
2025-12-14 12:07:36,254 - System.tprint - INFO - ℹ️ ✅ Uniqueness weights computed. Mean: 1.0000, Min: 0.4374, Max: 1.3122 SUCCESS
[I 2025-12-14 12:07:37,222] Trial 297 finished with value: -0.0032650145831733717 and parameters: {'trail_distance_atr_mult': 1.2152390920986842}. Best is trial 126 with value: -0.000363295272717509.
[2025-12-14 12:07:38.684] ⚖️ Computing uniqueness weights for 9018 events... INFO
2025-12-14 12:07:38,685 - System.tprint - INFO - ℹ️ ⚖️ Computing uniqueness weights for 9018 events... INFO
[2025-12-14 12:07:38.697] ✅ Uniqueness weights computed. Mean: 1.0000, Min: 0.4374, Max: 1.3122 SUCCESS
2025-12-14 12:07:38,697 - System.tprint - INFO - ℹ️ ✅ Uniqueness weights computed. Mean: 1.0000, Min: 0.4374, Max: 1.3122 SUCCESS
[I 2025-12-14 12:07:39,602] Trial 298 finished with value: -0.003265019756484497 and parameters: {'trail_distance_atr_mult': 1.2145075868146729}. Best is trial 126 with value: -0.000363295272717509.
[2025-12-14 12:07:41.009] ⚖️ Computing uniqueness weights for 9018 events... INFO
2025-12-14 12:07:41,009 - System.tprint - INFO - ℹ️ ⚖️ Computing uniqueness weights for 9018 events... INFO
[2025-12-14 12:07:41.020] ✅ Uniqueness weights computed. Mean: 1.0000, Min: 0.4375, Max: 1.3124 SUCCESS
2025-12-14 12:07:41,020 - System.tprint - INFO - ℹ️ ✅ Uniqueness weights computed. Mean: 1.0000, Min: 0.4375, Max: 1.3124 SUCCESS
[I 2025-12-14 12:07:41,920] Trial 299 finished with value: -0.0032373544691712717 and parameters: {'trail_distance_atr_mult': 1.3165510880967248}. Best is trial 126 with value: -0.000363295272717509.
[2025-12-14 12:07:43.511] ⚖️ Computing uniqueness weights for 9018 events... INFO
2025-12-14 12:07:43,512 - System.tprint - INFO - ℹ️ ⚖️ Computing uniqueness weights for 9018 events... INFO
[2025-12-14 12:07:43.524] ✅ Uniqueness weights computed. Mean: 1.0000, Min: 0.4375, Max: 1.3124 SUCCESS
2025-12-14 12:07:43,524 - System.tprint - INFO - ℹ️ ✅ Uniqueness weights computed. Mean: 1.0000, Min: 0.4375, Max: 1.3124 SUCCESS
[I 2025-12-14 12:07:44,514] Trial 300 finished with value: -0.004695282965968109 and parameters: {'trail_distance_atr_mult': 1.3063568357299928}. Best is trial 126 with value: -0.000363295272717509.
[2025-12-14 12:07:46.118] ⚖️ Computing uniqueness weights for 9018 events... INFO
2025-12-14 12:07:46,118 - System.tprint - INFO - ℹ️ ⚖️ Computing uniqueness weights for 9018 events... INFO
[2025-12-14 12:07:46.129] ✅ Uniqueness weights computed. Mean: 1.0000, Min: 0.4375, Max: 1.3124 SUCCESS
2025-12-14 12:07:46,129 - System.tprint - INFO - ℹ️ ✅ Uniqueness weights computed. Mean: 1.0000, Min: 0.4375, Max: 1.3124 SUCCESS
[I 2025-12-14 12:07:47,168] Trial 301 finished with value: -0.0032373736038227123 and parameters: {'trail_distance_atr_mult': 1.3241482260064759}. Best is trial 126 with value: -0.000363295272717509.
[2025-12-14 12:07:48.630] ⚖️ Computing uniqueness weights for 9018 events... INFO
2025-12-14 12:07:48,630 - System.tprint - INFO - ℹ️ ⚖️ Computing uniqueness weights for 9018 events... INFO
[2025-12-14 12:07:48.642] ✅ Uniqueness weights computed. Mean: 1.0000, Min: 0.4375, Max: 1.3125 SUCCESS
2025-12-14 12:07:48,642 - System.tprint - INFO - ℹ️ ✅ Uniqueness weights computed. Mean: 1.0000, Min: 0.4375, Max: 1.3125 SUCCESS
[I 2025-12-14 12:07:49,584] Trial 302 finished with value: -0.0029957412041964047 and parameters: {'trail_distance_atr_mult': 1.3740576635454274}. Best is trial 126 with value: -0.000363295272717509.
[2025-12-14 12:07:51.099] ⚖️ Computing uniqueness weights for 9018 events... INFO
2025-12-14 12:07:51,102 - System.tprint - INFO - ℹ️ ⚖️ Computing uniqueness weights for 9018 events... INFO
[2025-12-14 12:07:51.115] ✅ Uniqueness weights computed. Mean: 1.0000, Min: 0.4375, Max: 1.3125 SUCCESS
2025-12-14 12:07:51,115 - System.tprint - INFO - ℹ️ ✅ Uniqueness weights computed. Mean: 1.0000, Min: 0.4375, Max: 1.3125 SUCCESS
[I 2025-12-14 12:07:52,071] Trial 303 finished with value: -0.004402002671413717 and parameters: {'trail_distance_atr_mult': 1.402522911289234}. Best is trial 126 with value: -0.000363295272717509.
[2025-12-14 12:07:53.545] ⚖️ Computing uniqueness weights for 9018 events... INFO
2025-12-14 12:07:53,546 - System.tprint - INFO - ℹ️ ⚖️ Computing uniqueness weights for 9018 events... INFO
[2025-12-14 12:07:53.556] ✅ Uniqueness weights computed. Mean: 1.0000, Min: 0.4383, Max: 1.3148 SUCCESS
2025-12-14 12:07:53,556 - System.tprint - INFO - ℹ️ ✅ Uniqueness weights computed. Mean: 1.0000, Min: 0.4383, Max: 1.3148 SUCCESS
[I 2025-12-14 12:07:54,514] Trial 304 finished with value: -0.006321649167818073 and parameters: {'trail_distance_atr_mult': 2.4098228373737713}. Best is trial 126 with value: -0.000363295272717509.
[2025-12-14 12:07:56.059] ⚖️ Computing uniqueness weights for 9018 events... INFO
2025-12-14 12:07:56,059 - System.tprint - INFO - ℹ️ ⚖️ Computing uniqueness weights for 9018 events... INFO
[2025-12-14 12:07:56.072] ✅ Uniqueness weights computed. Mean: 1.0000, Min: 0.4373, Max: 1.3118 SUCCESS
2025-12-14 12:07:56,073 - System.tprint - INFO - ℹ️ ✅ Uniqueness weights computed. Mean: 1.0000, Min: 0.4373, Max: 1.3118 SUCCESS
[I 2025-12-14 12:07:57,068] Trial 305 finished with value: -0.006584452459771962 and parameters: {'trail_distance_atr_mult': 0.8563655615334377}. Best is trial 126 with value: -0.000363295272717509.
[2025-12-14 12:07:58.676] ⚖️ Computing uniqueness weights for 9018 events... INFO
2025-12-14 12:07:58,677 - System.tprint - INFO - ℹ️ ⚖️ Computing uniqueness weights for 9018 events... INFO
[2025-12-14 12:07:58.693] ✅ Uniqueness weights computed. Mean: 1.0000, Min: 0.4375, Max: 1.3125 SUCCESS
2025-12-14 12:07:58,694 - System.tprint - INFO - ℹ️ ✅ Uniqueness weights computed. Mean: 1.0000, Min: 0.4375, Max: 1.3125 SUCCESS
[I 2025-12-14 12:07:59,937] Trial 306 finished with value: -0.006463697237257721 and parameters: {'trail_distance_atr_mult': 1.485482452905065}. Best is trial 126 with value: -0.000363295272717509.
[2025-12-14 12:08:01.450] ⚖️ Computing uniqueness weights for 9018 events... INFO
2025-12-14 12:08:01,450 - System.tprint - INFO - ℹ️ ⚖️ Computing uniqueness weights for 9018 events... INFO
[2025-12-14 12:08:01.462] ✅ Uniqueness weights computed. Mean: 1.0000, Min: 0.4376, Max: 1.3127 SUCCESS
2025-12-14 12:08:01,462 - System.tprint - INFO - ℹ️ ✅ Uniqueness weights computed. Mean: 1.0000, Min: 0.4376, Max: 1.3127 SUCCESS
[I 2025-12-14 12:08:02,390] Trial 307 finished with value: -0.0022708277903520225 and parameters: {'trail_distance_atr_mult': 1.583336121701295}. Best is trial 126 with value: -0.000363295272717509.
[2025-12-14 12:08:03.925] ⚖️ Computing uniqueness weights for 9018 events... INFO
2025-12-14 12:08:03,925 - System.tprint - INFO - ℹ️ ⚖️ Computing uniqueness weights for 9018 events... INFO
[2025-12-14 12:08:03.936] ✅ Uniqueness weights computed. Mean: 1.0000, Min: 0.4376, Max: 1.3129 SUCCESS
2025-12-14 12:08:03,936 - System.tprint - INFO - ℹ️ ✅ Uniqueness weights computed. Mean: 1.0000, Min: 0.4376, Max: 1.3129 SUCCESS
[I 2025-12-14 12:08:04,865] Trial 308 finished with value: -0.005135807777798857 and parameters: {'trail_distance_atr_mult': 1.677765914953983}. Best is trial 126 with value: -0.000363295272717509.
[2025-12-14 12:08:06.518] ⚖️ Computing uniqueness weights for 9018 events... INFO
2025-12-14 12:08:06,518 - System.tprint - INFO - ℹ️ ⚖️ Computing uniqueness weights for 9018 events... INFO
[2025-12-14 12:08:06.530] ✅ Uniqueness weights computed. Mean: 1.0000, Min: 0.4375, Max: 1.3125 SUCCESS
2025-12-14 12:08:06,530 - System.tprint - INFO - ℹ️ ✅ Uniqueness weights computed. Mean: 1.0000, Min: 0.4375, Max: 1.3125 SUCCESS
[I 2025-12-14 12:08:07,450] Trial 309 finished with value: -0.00646281360833575 and parameters: {'trail_distance_atr_mult': 1.497946851457026}. Best is trial 126 with value: -0.000363295272717509.
[2025-12-14 12:08:08.993] ⚖️ Computing uniqueness weights for 9018 events... INFO
2025-12-14 12:08:08,994 - System.tprint - INFO - ℹ️ ⚖️ Computing uniqueness weights for 9018 events... INFO
[2025-12-14 12:08:09.008] ✅ Uniqueness weights computed. Mean: 1.0000, Min: 0.4376, Max: 1.3129 SUCCESS
2025-12-14 12:08:09,008 - System.tprint - INFO - ℹ️ ✅ Uniqueness weights computed. Mean: 1.0000, Min: 0.4376, Max: 1.3129 SUCCESS
[I 2025-12-14 12:08:09,929] Trial 310 finished with value: -0.005069948885410015 and parameters: {'trail_distance_atr_mult': 1.6755511879467382}. Best is trial 126 with value: -0.000363295272717509.
[2025-12-14 12:08:12.124] ⚖️ Computing uniqueness weights for 9018 events... INFO
2025-12-14 12:08:12,125 - System.tprint - INFO - ℹ️ ⚖️ Computing uniqueness weights for 9018 events... INFO
[2025-12-14 12:08:12.141] ✅ Uniqueness weights computed. Mean: 1.0000, Min: 0.4375, Max: 1.3125 SUCCESS
2025-12-14 12:08:12,141 - System.tprint - INFO - ℹ️ ✅ Uniqueness weights computed. Mean: 1.0000, Min: 0.4375, Max: 1.3125 SUCCESS
[I 2025-12-14 12:08:13,312] Trial 311 finished with value: -0.003947709163488049 and parameters: {'trail_distance_atr_mult': 1.4353243265388882}. Best is trial 126 with value: -0.000363295272717509.
[2025-12-14 12:08:15.101] ⚖️ Computing uniqueness weights for 9018 events... INFO
2025-12-14 12:08:15,101 - System.tprint - INFO - ℹ️ ⚖️ Computing uniqueness weights for 9018 events... INFO
[2025-12-14 12:08:15.117] ✅ Uniqueness weights computed. Mean: 1.0000, Min: 0.4377, Max: 1.3131 SUCCESS
2025-12-14 12:08:15,118 - System.tprint - INFO - ℹ️ ✅ Uniqueness weights computed. Mean: 1.0000, Min: 0.4377, Max: 1.3131 SUCCESS
[I 2025-12-14 12:08:16,326] Trial 312 finished with value: -0.008182194238957136 and parameters: {'trail_distance_atr_mult': 1.7997370408639348}. Best is trial 126 with value: -0.000363295272717509.
[2025-12-14 12:08:18.142] ⚖️ Computing uniqueness weights for 9018 events... INFO
2025-12-14 12:08:18,142 - System.tprint - INFO - ℹ️ ⚖️ Computing uniqueness weights for 9018 events... INFO
[2025-12-14 12:08:18.154] ✅ Uniqueness weights computed. Mean: 1.0000, Min: 0.4375, Max: 1.3125 SUCCESS
2025-12-14 12:08:18,155 - System.tprint - INFO - ℹ️ ✅ Uniqueness weights computed. Mean: 1.0000, Min: 0.4375, Max: 1.3125 SUCCESS
[I 2025-12-14 12:08:19,194] Trial 313 finished with value: -0.003946455644446294 and parameters: {'trail_distance_atr_mult': 1.4398140951962153}. Best is trial 126 with value: -0.000363295272717509.
[2025-12-14 12:08:21.394] ⚖️ Computing uniqueness weights for 9018 events... INFO
2025-12-14 12:08:21,394 - System.tprint - INFO - ℹ️ ⚖️ Computing uniqueness weights for 9018 events... INFO
[2025-12-14 12:08:21.415] ✅ Uniqueness weights computed. Mean: 1.0000, Min: 0.4376, Max: 1.3127 SUCCESS
2025-12-14 12:08:21,415 - System.tprint - INFO - ℹ️ ✅ Uniqueness weights computed. Mean: 1.0000, Min: 0.4376, Max: 1.3127 SUCCESS
