[I 2025-12-14 13:19:43,123] Trial 2274 finished with value: -0.006758390122205877 and parameters: {'trail_distance_atr_mult': 0.976496971623882}. Best is trial 126 with value: -0.000363295272717509.
[2025-12-14 13:19:44.341] ⚖️ Computing uniqueness weights for 9018 events... INFO
2025-12-14 13:19:44,341 - System.tprint - INFO - ℹ️ ⚖️ Computing uniqueness weights for 9018 events... INFO
[2025-12-14 13:19:44.351] ✅ Uniqueness weights computed. Mean: 1.0000, Min: 0.4374, Max: 1.3121 SUCCESS
2025-12-14 13:19:44,351 - System.tprint - INFO - ℹ️ ✅ Uniqueness weights computed. Mean: 1.0000, Min: 0.4374, Max: 1.3121 SUCCESS
[I 2025-12-14 13:19:44,985] Trial 2275 finished with value: -0.0070946720341428585 and parameters: {'trail_distance_atr_mult': 1.1801056080176853}. Best is trial 126 with value: -0.000363295272717509.
[2025-12-14 13:19:46.190] ⚖️ Computing uniqueness weights for 9018 events... INFO
2025-12-14 13:19:46,190 - System.tprint - INFO - ℹ️ ⚖️ Computing uniqueness weights for 9018 events... INFO
[2025-12-14 13:19:46.200] ✅ Uniqueness weights computed. Mean: 1.0000, Min: 0.4372, Max: 1.3117 SUCCESS
2025-12-14 13:19:46,201 - System.tprint - INFO - ℹ️ ✅ Uniqueness weights computed. Mean: 1.0000, Min: 0.4372, Max: 1.3117 SUCCESS
[I 2025-12-14 13:19:46,859] Trial 2276 finished with value: -0.007479331783459741 and parameters: {'trail_distance_atr_mult': 0.6778442561297511}. Best is trial 126 with value: -0.000363295272717509.
[2025-12-14 13:19:48.072] ⚖️ Computing uniqueness weights for 9018 events... INFO
2025-12-14 13:19:48,072 - System.tprint - INFO - ℹ️ ⚖️ Computing uniqueness weights for 9018 events... INFO
[2025-12-14 13:19:48.082] ✅ Uniqueness weights computed. Mean: 1.0000, Min: 0.4373, Max: 1.3118 SUCCESS
2025-12-14 13:19:48,082 - System.tprint - INFO - ℹ️ ✅ Uniqueness weights computed. Mean: 1.0000, Min: 0.4373, Max: 1.3118 SUCCESS
[I 2025-12-14 13:19:48,721] Trial 2277 finished with value: -0.006681088273282984 and parameters: {'trail_distance_atr_mult': 0.887627593915015}. Best is trial 126 with value: -0.000363295272717509.
[2025-12-14 13:19:49.938] ⚖️ Computing uniqueness weights for 9018 events... INFO
2025-12-14 13:19:49,939 - System.tprint - INFO - ℹ️ ⚖️ Computing uniqueness weights for 9018 events... INFO
[2025-12-14 13:19:49.948] ✅ Uniqueness weights computed. Mean: 1.0000, Min: 0.4373, Max: 1.3119 SUCCESS
2025-12-14 13:19:49,948 - System.tprint - INFO - ℹ️ ✅ Uniqueness weights computed. Mean: 1.0000, Min: 0.4373, Max: 1.3119 SUCCESS
[I 2025-12-14 13:19:50,672] Trial 2278 finished with value: -0.0075272363210295325 and parameters: {'trail_distance_atr_mult': 1.046451946281978}. Best is trial 126 with value: -0.000363295272717509.
[2025-12-14 13:19:52.004] ⚖️ Computing uniqueness weights for 9018 events... INFO
2025-12-14 13:19:52,005 - System.tprint - INFO - ℹ️ ⚖️ Computing uniqueness weights for 9018 events... INFO
[2025-12-14 13:19:52.015] ✅ Uniqueness weights computed. Mean: 1.0000, Min: 0.4375, Max: 1.3124 SUCCESS
2025-12-14 13:19:52,015 - System.tprint - INFO - ℹ️ ✅ Uniqueness weights computed. Mean: 1.0000, Min: 0.4375, Max: 1.3124 SUCCESS
[I 2025-12-14 13:19:52,946] Trial 2279 finished with value: -0.0032373665579812777 and parameters: {'trail_distance_atr_mult': 1.352676619032367}. Best is trial 126 with value: -0.000363295272717509.
[2025-12-14 13:19:54.883] ⚖️ Computing uniqueness weights for 9018 events... INFO
2025-12-14 13:19:54,883 - System.tprint - INFO - ℹ️ ⚖️ Computing uniqueness weights for 9018 events... INFO
[2025-12-14 13:19:54.897] ✅ Uniqueness weights computed. Mean: 1.0000, Min: 0.4373, Max: 1.3118 SUCCESS
2025-12-14 13:19:54,897 - System.tprint - INFO - ℹ️ ✅ Uniqueness weights computed. Mean: 1.0000, Min: 0.4373, Max: 1.3118 SUCCESS
[I 2025-12-14 13:19:55,817] Trial 2280 finished with value: -0.00680454546365095 and parameters: {'trail_distance_atr_mult': 0.8448874834733476}. Best is trial 126 with value: -0.000363295272717509.
[2025-12-14 13:19:57.215] ⚖️ Computing uniqueness weights for 9018 events... INFO
2025-12-14 13:19:57,215 - System.tprint - INFO - ℹ️ ⚖️ Computing uniqueness weights for 9018 events... INFO
[2025-12-14 13:19:57.229] ✅ Uniqueness weights computed. Mean: 1.0000, Min: 0.4374, Max: 1.3121 SUCCESS
2025-12-14 13:19:57,229 - System.tprint - INFO - ℹ️ ✅ Uniqueness weights computed. Mean: 1.0000, Min: 0.4374, Max: 1.3121 SUCCESS
[I 2025-12-14 13:19:58,310] Trial 2281 finished with value: -0.007701256676041855 and parameters: {'trail_distance_atr_mult': 1.1545792323776585}. Best is trial 126 with value: -0.000363295272717509.
[2025-12-14 13:19:59.826] ⚖️ Computing uniqueness weights for 9018 events... INFO
2025-12-14 13:19:59,826 - System.tprint - INFO - ℹ️ ⚖️ Computing uniqueness weights for 9018 events... INFO
[2025-12-14 13:19:59.837] ✅ Uniqueness weights computed. Mean: 1.0000, Min: 0.4373, Max: 1.3119 SUCCESS
2025-12-14 13:19:59,837 - System.tprint - INFO - ℹ️ ✅ Uniqueness weights computed. Mean: 1.0000, Min: 0.4373, Max: 1.3119 SUCCESS
[I 2025-12-14 13:20:00,801] Trial 2282 finished with value: -0.007527228086841022 and parameters: {'trail_distance_atr_mult': 1.034943884293394}. Best is trial 126 with value: -0.000363295272717509.
[2025-12-14 13:20:02.256] ⚖️ Computing uniqueness weights for 9018 events... INFO
2025-12-14 13:20:02,256 - System.tprint - INFO - ℹ️ ⚖️ Computing uniqueness weights for 9018 events... INFO
[2025-12-14 13:20:02.266] ✅ Uniqueness weights computed. Mean: 1.0000, Min: 0.4372, Max: 1.3117 SUCCESS
2025-12-14 13:20:02,267 - System.tprint - INFO - ℹ️ ✅ Uniqueness weights computed. Mean: 1.0000, Min: 0.4372, Max: 1.3117 SUCCESS
[I 2025-12-14 13:20:03,154] Trial 2283 finished with value: -0.0034849037542104768 and parameters: {'trail_distance_atr_mult': 0.6569580462371886}. Best is trial 126 with value: -0.000363295272717509.
[2025-12-14 13:20:04.542] ⚖️ Computing uniqueness weights for 9018 events... INFO
2025-12-14 13:20:04,542 - System.tprint - INFO - ℹ️ ⚖️ Computing uniqueness weights for 9018 events... INFO
[2025-12-14 13:20:04.555] ✅ Uniqueness weights computed. Mean: 1.0000, Min: 0.4373, Max: 1.3118 SUCCESS
2025-12-14 13:20:04,555 - System.tprint - INFO - ℹ️ ✅ Uniqueness weights computed. Mean: 1.0000, Min: 0.4373, Max: 1.3118 SUCCESS
[I 2025-12-14 13:20:05,451] Trial 2284 finished with value: -0.00671622773737845 and parameters: {'trail_distance_atr_mult': 0.8937305850951336}. Best is trial 126 with value: -0.000363295272717509.
[2025-12-14 13:20:06.843] ⚖️ Computing uniqueness weights for 9018 events... INFO
2025-12-14 13:20:06,843 - System.tprint - INFO - ℹ️ ⚖️ Computing uniqueness weights for 9018 events... INFO
[2025-12-14 13:20:06.854] ✅ Uniqueness weights computed. Mean: 1.0000, Min: 0.4374, Max: 1.3122 SUCCESS
2025-12-14 13:20:06,854 - System.tprint - INFO - ℹ️ ✅ Uniqueness weights computed. Mean: 1.0000, Min: 0.4374, Max: 1.3122 SUCCESS
[I 2025-12-14 13:20:07,752] Trial 2285 finished with value: -0.005810673194590819 and parameters: {'trail_distance_atr_mult': 1.1994800309531362}. Best is trial 126 with value: -0.000363295272717509.
[2025-12-14 13:20:09.133] ⚖️ Computing uniqueness weights for 9018 events... INFO
2025-12-14 13:20:09,133 - System.tprint - INFO - ℹ️ ⚖️ Computing uniqueness weights for 9018 events... INFO
[2025-12-14 13:20:09.146] ✅ Uniqueness weights computed. Mean: 1.0000, Min: 0.4373, Max: 1.3119 SUCCESS
2025-12-14 13:20:09,146 - System.tprint - INFO - ℹ️ ✅ Uniqueness weights computed. Mean: 1.0000, Min: 0.4373, Max: 1.3119 SUCCESS
[I 2025-12-14 13:20:09,868] Trial 2286 finished with value: -0.007527229084956792 and parameters: {'trail_distance_atr_mult': 1.0314665030910257}. Best is trial 126 with value: -0.000363295272717509.
[2025-12-14 13:20:11.062] ⚖️ Computing uniqueness weights for 9018 events... INFO
2025-12-14 13:20:11,062 - System.tprint - INFO - ℹ️ ⚖️ Computing uniqueness weights for 9018 events... INFO
[2025-12-14 13:20:11.072] ✅ Uniqueness weights computed. Mean: 1.0000, Min: 0.4375, Max: 1.3124 SUCCESS
2025-12-14 13:20:11,072 - System.tprint - INFO - ℹ️ ✅ Uniqueness weights computed. Mean: 1.0000, Min: 0.4375, Max: 1.3124 SUCCESS
[I 2025-12-14 13:20:11,740] Trial 2287 finished with value: -0.0032373690497127816 and parameters: {'trail_distance_atr_mult': 1.3356768312588536}. Best is trial 126 with value: -0.000363295272717509.
[2025-12-14 13:20:12.947] ⚖️ Computing uniqueness weights for 9018 events... INFO
2025-12-14 13:20:12,947 - System.tprint - INFO - ℹ️ ⚖️ Computing uniqueness weights for 9018 events... INFO
[2025-12-14 13:20:12.957] ✅ Uniqueness weights computed. Mean: 1.0000, Min: 0.4373, Max: 1.3118 SUCCESS
2025-12-14 13:20:12,957 - System.tprint - INFO - ℹ️ ✅ Uniqueness weights computed. Mean: 1.0000, Min: 0.4373, Max: 1.3118 SUCCESS
[I 2025-12-14 13:20:13,662] Trial 2288 finished with value: -0.006721167482302363 and parameters: {'trail_distance_atr_mult': 0.9009845198201233}. Best is trial 126 with value: -0.000363295272717509.
[2025-12-14 13:20:14.885] ⚖️ Computing uniqueness weights for 9018 events... INFO
2025-12-14 13:20:14,885 - System.tprint - INFO - ℹ️ ⚖️ Computing uniqueness weights for 9018 events... INFO
[2025-12-14 13:20:14.894] ✅ Uniqueness weights computed. Mean: 1.0000, Min: 0.4372, Max: 1.3117 SUCCESS
2025-12-14 13:20:14,894 - System.tprint - INFO - ℹ️ ✅ Uniqueness weights computed. Mean: 1.0000, Min: 0.4372, Max: 1.3117 SUCCESS
[I 2025-12-14 13:20:15,538] Trial 2289 finished with value: -0.007321828937469562 and parameters: {'trail_distance_atr_mult': 0.5084812310353785}. Best is trial 126 with value: -0.000363295272717509.
[2025-12-14 13:20:16.877] ⚖️ Computing uniqueness weights for 9018 events... INFO
2025-12-14 13:20:16,877 - System.tprint - INFO - ℹ️ ⚖️ Computing uniqueness weights for 9018 events... INFO
[2025-12-14 13:20:16.887] ✅ Uniqueness weights computed. Mean: 1.0000, Min: 0.4374, Max: 1.3121 SUCCESS
2025-12-14 13:20:16,887 - System.tprint - INFO - ℹ️ ✅ Uniqueness weights computed. Mean: 1.0000, Min: 0.4374, Max: 1.3121 SUCCESS
[I 2025-12-14 13:20:17,658] Trial 2290 finished with value: -0.00709463821300285 and parameters: {'trail_distance_atr_mult': 1.1783494134982524}. Best is trial 126 with value: -0.000363295272717509.
[2025-12-14 13:20:18.823] ⚖️ Computing uniqueness weights for 9018 events... INFO
2025-12-14 13:20:18,823 - System.tprint - INFO - ℹ️ ⚖️ Computing uniqueness weights for 9018 events... INFO
[2025-12-14 13:20:18.832] ✅ Uniqueness weights computed. Mean: 1.0000, Min: 0.4372, Max: 1.3117 SUCCESS
2025-12-14 13:20:18,833 - System.tprint - INFO - ℹ️ ✅ Uniqueness weights computed. Mean: 1.0000, Min: 0.4372, Max: 1.3117 SUCCESS
[I 2025-12-14 13:20:19,499] Trial 2291 finished with value: -0.006747776346441647 and parameters: {'trail_distance_atr_mult': 0.7582919685857061}. Best is trial 126 with value: -0.000363295272717509.
[2025-12-14 13:20:20.707] ⚖️ Computing uniqueness weights for 9018 events... INFO
2025-12-14 13:20:20,707 - System.tprint - INFO - ℹ️ ⚖️ Computing uniqueness weights for 9018 events... INFO
[2025-12-14 13:20:20.716] ✅ Uniqueness weights computed. Mean: 1.0000, Min: 0.4373, Max: 1.3119 SUCCESS
2025-12-14 13:20:20,716 - System.tprint - INFO - ℹ️ ✅ Uniqueness weights computed. Mean: 1.0000, Min: 0.4373, Max: 1.3119 SUCCESS
[I 2025-12-14 13:20:21,385] Trial 2292 finished with value: -0.0075272342349668765 and parameters: {'trail_distance_atr_mult': 1.044805013648166}. Best is trial 126 with value: -0.000363295272717509.
[2025-12-14 13:20:22.597] ⚖️ Computing uniqueness weights for 9018 events... INFO
2025-12-14 13:20:22,598 - System.tprint - INFO - ℹ️ ⚖️ Computing uniqueness weights for 9018 events... INFO
[2025-12-14 13:20:22.607] ✅ Uniqueness weights computed. Mean: 1.0000, Min: 0.4374, Max: 1.3121 SUCCESS
2025-12-14 13:20:22,607 - System.tprint - INFO - ℹ️ ✅ Uniqueness weights computed. Mean: 1.0000, Min: 0.4374, Max: 1.3121 SUCCESS
[I 2025-12-14 13:20:23,253] Trial 2293 finished with value: -0.0076914491738297374 and parameters: {'trail_distance_atr_mult': 1.163754465478955}. Best is trial 126 with value: -0.000363295272717509.
[2025-12-14 13:20:24.459] ⚖️ Computing uniqueness weights for 9018 events... INFO
2025-12-14 13:20:24,459 - System.tprint - INFO - ℹ️ ⚖️ Computing uniqueness weights for 9018 events... INFO
[2025-12-14 13:20:24.469] ✅ Uniqueness weights computed. Mean: 1.0000, Min: 0.4373, Max: 1.3118 SUCCESS
2025-12-14 13:20:24,469 - System.tprint - INFO - ℹ️ ✅ Uniqueness weights computed. Mean: 1.0000, Min: 0.4373, Max: 1.3118 SUCCESS
[I 2025-12-14 13:20:25,155] Trial 2294 finished with value: -0.0068045159929930885 and parameters: {'trail_distance_atr_mult': 0.8272852668660796}. Best is trial 126 with value: -0.000363295272717509.
[2025-12-14 13:20:26.357] ⚖️ Computing uniqueness weights for 9018 events... INFO
2025-12-14 13:20:26,357 - System.tprint - INFO - ℹ️ ⚖️ Computing uniqueness weights for 9018 events... INFO
[2025-12-14 13:20:26.367] ✅ Uniqueness weights computed. Mean: 1.0000, Min: 0.4373, Max: 1.3119 SUCCESS
2025-12-14 13:20:26,367 - System.tprint - INFO - ℹ️ ✅ Uniqueness weights computed. Mean: 1.0000, Min: 0.4373, Max: 1.3119 SUCCESS
[I 2025-12-14 13:20:27,009] Trial 2295 finished with value: -0.0030846814567287322 and parameters: {'trail_distance_atr_mult': 1.020568997039794}. Best is trial 126 with value: -0.000363295272717509.
[2025-12-14 13:20:28.229] ⚖️ Computing uniqueness weights for 9018 events... INFO
2025-12-14 13:20:28,229 - System.tprint - INFO - ℹ️ ⚖️ Computing uniqueness weights for 9018 events... INFO
[2025-12-14 13:20:28.239] ✅ Uniqueness weights computed. Mean: 1.0000, Min: 0.4375, Max: 1.3125 SUCCESS
2025-12-14 13:20:28,239 - System.tprint - INFO - ℹ️ ✅ Uniqueness weights computed. Mean: 1.0000, Min: 0.4375, Max: 1.3125 SUCCESS
[I 2025-12-14 13:20:28,873] Trial 2296 finished with value: -0.0029956703228750194 and parameters: {'trail_distance_atr_mult': 1.3647147941566051}. Best is trial 126 with value: -0.000363295272717509.
[2025-12-14 13:20:30.092] ⚖️ Computing uniqueness weights for 9018 events... INFO
2025-12-14 13:20:30,093 - System.tprint - INFO - ℹ️ ⚖️ Computing uniqueness weights for 9018 events... INFO
[2025-12-14 13:20:30.102] ✅ Uniqueness weights computed. Mean: 1.0000, Min: 0.4374, Max: 1.3121 SUCCESS
2025-12-14 13:20:30,102 - System.tprint - INFO - ℹ️ ✅ Uniqueness weights computed. Mean: 1.0000, Min: 0.4374, Max: 1.3121 SUCCESS
[I 2025-12-14 13:20:30,741] Trial 2297 finished with value: -0.007529610452219657 and parameters: {'trail_distance_atr_mult': 1.1654361053081916}. Best is trial 126 with value: -0.000363295272717509.
[2025-12-14 13:20:31.958] ⚖️ Computing uniqueness weights for 9018 events... INFO
2025-12-14 13:20:31,958 - System.tprint - INFO - ℹ️ ⚖️ Computing uniqueness weights for 9018 events... INFO
[2025-12-14 13:20:31.968] ✅ Uniqueness weights computed. Mean: 1.0000, Min: 0.4372, Max: 1.3117 SUCCESS
2025-12-14 13:20:31,968 - System.tprint - INFO - ℹ️ ✅ Uniqueness weights computed. Mean: 1.0000, Min: 0.4372, Max: 1.3117 SUCCESS
[I 2025-12-14 13:20:32,627] Trial 2298 finished with value: -0.0013758900745022133 and parameters: {'trail_distance_atr_mult': 0.7391980507729937}. Best is trial 126 with value: -0.000363295272717509.
[2025-12-14 13:20:33.833] ⚖️ Computing uniqueness weights for 9018 events... INFO
2025-12-14 13:20:33,833 - System.tprint - INFO - ℹ️ ⚖️ Computing uniqueness weights for 9018 events... INFO
[2025-12-14 13:20:33.843] ✅ Uniqueness weights computed. Mean: 1.0000, Min: 0.4373, Max: 1.3118 SUCCESS
2025-12-14 13:20:33,843 - System.tprint - INFO - ℹ️ ✅ Uniqueness weights computed. Mean: 1.0000, Min: 0.4373, Max: 1.3118 SUCCESS
[I 2025-12-14 13:20:34,476] Trial 2299 finished with value: -0.006778422257214832 and parameters: {'trail_distance_atr_mult': 0.9535468053433716}. Best is trial 126 with value: -0.000363295272717509.
[2025-12-14 13:20:35.692] ⚖️ Computing uniqueness weights for 9018 events... INFO
2025-12-14 13:20:35,692 - System.tprint - INFO - ℹ️ ⚖️ Computing uniqueness weights for 9018 events... INFO
[2025-12-14 13:20:35.701] ✅ Uniqueness weights computed. Mean: 1.0000, Min: 0.4374, Max: 1.3121 SUCCESS
2025-12-14 13:20:35,702 - System.tprint - INFO - ℹ️ ✅ Uniqueness weights computed. Mean: 1.0000, Min: 0.4374, Max: 1.3121 SUCCESS
[I 2025-12-14 13:20:36,338] Trial 2300 finished with value: -0.001691505477609226 and parameters: {'trail_distance_atr_mult': 1.1346983904852501}. Best is trial 126 with value: -0.000363295272717509.
[2025-12-14 13:20:37.527] ⚖️ Computing uniqueness weights for 9018 events... INFO
2025-12-14 13:20:37,527 - System.tprint - INFO - ℹ️ ⚖️ Computing uniqueness weights for 9018 events... INFO
[2025-12-14 13:20:37.536] ✅ Uniqueness weights computed. Mean: 1.0000, Min: 0.4372, Max: 1.3117 SUCCESS
2025-12-14 13:20:37,536 - System.tprint - INFO - ℹ️ ✅ Uniqueness weights computed. Mean: 1.0000, Min: 0.4372, Max: 1.3117 SUCCESS
[I 2025-12-14 13:20:38,175] Trial 2301 finished with value: -0.007479331783459741 and parameters: {'trail_distance_atr_mult': 0.6894122119462714}. Best is trial 126 with value: -0.000363295272717509.
[2025-12-14 13:20:39.375] ⚖️ Computing uniqueness weights for 9018 events... INFO
2025-12-14 13:20:39,375 - System.tprint - INFO - ℹ️ ⚖️ Computing uniqueness weights for 9018 events... INFO
[2025-12-14 13:20:39.386] ✅ Uniqueness weights computed. Mean: 1.0000, Min: 0.4373, Max: 1.3118 SUCCESS
2025-12-14 13:20:39,386 - System.tprint - INFO - ℹ️ ✅ Uniqueness weights computed. Mean: 1.0000, Min: 0.4373, Max: 1.3118 SUCCESS
[I 2025-12-14 13:20:40,019] Trial 2302 finished with value: -0.006758371268984029 and parameters: {'trail_distance_atr_mult': 0.9734693433392999}. Best is trial 126 with value: -0.000363295272717509.
[2025-12-14 13:20:41.228] ⚖️ Computing uniqueness weights for 9018 events... INFO
2025-12-14 13:20:41,228 - System.tprint - INFO - ℹ️ ⚖️ Computing uniqueness weights for 9018 events... INFO
[2025-12-14 13:20:41.238] ✅ Uniqueness weights computed. Mean: 1.0000, Min: 0.4374, Max: 1.3121 SUCCESS
2025-12-14 13:20:41,238 - System.tprint - INFO - ℹ️ ✅ Uniqueness weights computed. Mean: 1.0000, Min: 0.4374, Max: 1.3121 SUCCESS
[I 2025-12-14 13:20:41,873] Trial 2303 finished with value: -0.007094592959830992 and parameters: {'trail_distance_atr_mult': 1.1759858912876235}. Best is trial 126 with value: -0.000363295272717509.
[2025-12-14 13:20:43.078] ⚖️ Computing uniqueness weights for 9018 events... INFO
2025-12-14 13:20:43,078 - System.tprint - INFO - ℹ️ ⚖️ Computing uniqueness weights for 9018 events... INFO
[2025-12-14 13:20:43.088] ✅ Uniqueness weights computed. Mean: 1.0000, Min: 0.4375, Max: 1.3124 SUCCESS
2025-12-14 13:20:43,088 - System.tprint - INFO - ℹ️ ✅ Uniqueness weights computed. Mean: 1.0000, Min: 0.4375, Max: 1.3124 SUCCESS
[I 2025-12-14 13:20:43,723] Trial 2304 finished with value: -0.003237370972232968 and parameters: {'trail_distance_atr_mult': 1.3293693353363647}. Best is trial 126 with value: -0.000363295272717509.
[2025-12-14 13:20:44.933] ⚖️ Computing uniqueness weights for 9018 events... INFO
2025-12-14 13:20:44,933 - System.tprint - INFO - ℹ️ ⚖️ Computing uniqueness weights for 9018 events... INFO
[2025-12-14 13:20:44.943] ✅ Uniqueness weights computed. Mean: 1.0000, Min: 0.4373, Max: 1.3118 SUCCESS
2025-12-14 13:20:44,943 - System.tprint - INFO - ℹ️ ✅ Uniqueness weights computed. Mean: 1.0000, Min: 0.4373, Max: 1.3118 SUCCESS
[I 2025-12-14 13:20:45,581] Trial 2305 finished with value: -0.006681179570790218 and parameters: {'trail_distance_atr_mult': 0.8629739773705439}. Best is trial 126 with value: -0.000363295272717509.
[2025-12-14 13:20:46.783] ⚖️ Computing uniqueness weights for 9018 events... INFO
2025-12-14 13:20:46,783 - System.tprint - INFO - ℹ️ ⚖️ Computing uniqueness weights for 9018 events... INFO
[2025-12-14 13:20:46.792] ✅ Uniqueness weights computed. Mean: 1.0000, Min: 0.4373, Max: 1.3119 SUCCESS
2025-12-14 13:20:46,792 - System.tprint - INFO - ℹ️ ✅ Uniqueness weights computed. Mean: 1.0000, Min: 0.4373, Max: 1.3119 SUCCESS
[I 2025-12-14 13:20:47,428] Trial 2306 finished with value: -0.00308467583133949 and parameters: {'trail_distance_atr_mult': 1.0129612384310709}. Best is trial 126 with value: -0.000363295272717509.
[2025-12-14 13:20:48.640] ⚖️ Computing uniqueness weights for 9018 events... INFO
2025-12-14 13:20:48,640 - System.tprint - INFO - ℹ️ ⚖️ Computing uniqueness weights for 9018 events... INFO
[2025-12-14 13:20:48.650] ✅ Uniqueness weights computed. Mean: 1.0000, Min: 0.4372, Max: 1.3117 SUCCESS
2025-12-14 13:20:48,650 - System.tprint - INFO - ℹ️ ✅ Uniqueness weights computed. Mean: 1.0000, Min: 0.4372, Max: 1.3117 SUCCESS
[I 2025-12-14 13:20:49,288] Trial 2307 finished with value: -0.007546852514577222 and parameters: {'trail_distance_atr_mult': 0.6297216161496506}. Best is trial 126 with value: -0.000363295272717509.
[2025-12-14 13:20:50.491] ⚖️ Computing uniqueness weights for 9018 events... INFO
2025-12-14 13:20:50,491 - System.tprint - INFO - ℹ️ ⚖️ Computing uniqueness weights for 9018 events... INFO
[2025-12-14 13:20:50.502] ✅ Uniqueness weights computed. Mean: 1.0000, Min: 0.4374, Max: 1.3121 SUCCESS
2025-12-14 13:20:50,503 - System.tprint - INFO - ℹ️ ✅ Uniqueness weights computed. Mean: 1.0000, Min: 0.4374, Max: 1.3121 SUCCESS
[I 2025-12-14 13:20:51,139] Trial 2308 finished with value: -0.007094657034906527 and parameters: {'trail_distance_atr_mult': 1.179331945526727}. Best is trial 126 with value: -0.000363295272717509.
[2025-12-14 13:20:52.345] ⚖️ Computing uniqueness weights for 9018 events... INFO
2025-12-14 13:20:52,345 - System.tprint - INFO - ℹ️ ⚖️ Computing uniqueness weights for 9018 events... INFO
[2025-12-14 13:20:52.355] ✅ Uniqueness weights computed. Mean: 1.0000, Min: 0.4373, Max: 1.3118 SUCCESS
2025-12-14 13:20:52,355 - System.tprint - INFO - ℹ️ ✅ Uniqueness weights computed. Mean: 1.0000, Min: 0.4373, Max: 1.3118 SUCCESS
