[I 2025-12-14 12:05:22,923] Trial 244 finished with value: -0.003915185958580118 and parameters: {'trail_distance_atr_mult': 1.5393862750105314}. Best is trial 126 with value: -0.000363295272717509.
[2025-12-14 12:05:25.010] ⚖️ Computing uniqueness weights for 9018 events... INFO
2025-12-14 12:05:25,011 - System.tprint - INFO - ℹ️ ⚖️ Computing uniqueness weights for 9018 events... INFO
[2025-12-14 12:05:25.023] ✅ Uniqueness weights computed. Mean: 1.0000, Min: 0.4378, Max: 1.3133 SUCCESS
2025-12-14 12:05:25,023 - System.tprint - INFO - ℹ️ ✅ Uniqueness weights computed. Mean: 1.0000, Min: 0.4378, Max: 1.3133 SUCCESS
[I 2025-12-14 12:05:26,260] Trial 245 finished with value: -0.0028709823360213702 and parameters: {'trail_distance_atr_mult': 1.962660700224766}. Best is trial 126 with value: -0.000363295272717509.
[2025-12-14 12:05:28.868] ⚖️ Computing uniqueness weights for 9018 events... INFO
2025-12-14 12:05:28,868 - System.tprint - INFO - ℹ️ ⚖️ Computing uniqueness weights for 9018 events... INFO
[2025-12-14 12:05:28.884] ✅ Uniqueness weights computed. Mean: 1.0000, Min: 0.4375, Max: 1.3125 SUCCESS
2025-12-14 12:05:28,884 - System.tprint - INFO - ℹ️ ✅ Uniqueness weights computed. Mean: 1.0000, Min: 0.4375, Max: 1.3125 SUCCESS
[I 2025-12-14 12:05:29,901] Trial 246 finished with value: -0.003949057382452385 and parameters: {'trail_distance_atr_mult': 1.429836672626565}. Best is trial 126 with value: -0.000363295272717509.
[2025-12-14 12:05:31.778] ⚖️ Computing uniqueness weights for 9018 events... INFO
2025-12-14 12:05:31,779 - System.tprint - INFO - ℹ️ ⚖️ Computing uniqueness weights for 9018 events... INFO
[2025-12-14 12:05:31.794] ✅ Uniqueness weights computed. Mean: 1.0000, Min: 0.4376, Max: 1.3129 SUCCESS
2025-12-14 12:05:31,795 - System.tprint - INFO - ℹ️ ✅ Uniqueness weights computed. Mean: 1.0000, Min: 0.4376, Max: 1.3129 SUCCESS
[I 2025-12-14 12:05:32,924] Trial 247 finished with value: -0.004239079527585728 and parameters: {'trail_distance_atr_mult': 1.6570805245055795}. Best is trial 126 with value: -0.000363295272717509.
[2025-12-14 12:05:34.766] ⚖️ Computing uniqueness weights for 9018 events... INFO
2025-12-14 12:05:34,767 - System.tprint - INFO - ℹ️ ⚖️ Computing uniqueness weights for 9018 events... INFO
[2025-12-14 12:05:34.780] ✅ Uniqueness weights computed. Mean: 1.0000, Min: 0.4375, Max: 1.3126 SUCCESS
2025-12-14 12:05:34,780 - System.tprint - INFO - ℹ️ ✅ Uniqueness weights computed. Mean: 1.0000, Min: 0.4375, Max: 1.3126 SUCCESS
[I 2025-12-14 12:05:35,679] Trial 248 finished with value: -0.0022709687882722486 and parameters: {'trail_distance_atr_mult': 1.5532607654357133}. Best is trial 126 with value: -0.000363295272717509.
[2025-12-14 12:05:37.133] ⚖️ Computing uniqueness weights for 9018 events... INFO
2025-12-14 12:05:37,133 - System.tprint - INFO - ℹ️ ⚖️ Computing uniqueness weights for 9018 events... INFO
[2025-12-14 12:05:37.146] ✅ Uniqueness weights computed. Mean: 1.0000, Min: 0.4375, Max: 1.3126 SUCCESS
2025-12-14 12:05:37,146 - System.tprint - INFO - ℹ️ ✅ Uniqueness weights computed. Mean: 1.0000, Min: 0.4375, Max: 1.3126 SUCCESS
[I 2025-12-14 12:05:38,067] Trial 249 finished with value: -0.0043144066949183605 and parameters: {'trail_distance_atr_mult': 1.5081931046905312}. Best is trial 126 with value: -0.000363295272717509.
[2025-12-14 12:05:39.472] ⚖️ Computing uniqueness weights for 9018 events... INFO
2025-12-14 12:05:39,472 - System.tprint - INFO - ℹ️ ⚖️ Computing uniqueness weights for 9018 events... INFO
[2025-12-14 12:05:39.483] ✅ Uniqueness weights computed. Mean: 1.0000, Min: 0.4377, Max: 1.3130 SUCCESS
2025-12-14 12:05:39,483 - System.tprint - INFO - ℹ️ ✅ Uniqueness weights computed. Mean: 1.0000, Min: 0.4377, Max: 1.3130 SUCCESS
[I 2025-12-14 12:05:40,366] Trial 250 finished with value: -0.0068374382943317685 and parameters: {'trail_distance_atr_mult': 1.713825404942961}. Best is trial 126 with value: -0.000363295272717509.
[2025-12-14 12:05:41.999] ⚖️ Computing uniqueness weights for 9018 events... INFO
2025-12-14 12:05:41,999 - System.tprint - INFO - ℹ️ ⚖️ Computing uniqueness weights for 9018 events... INFO
[2025-12-14 12:05:42.011] ✅ Uniqueness weights computed. Mean: 1.0000, Min: 0.4375, Max: 1.3124 SUCCESS
2025-12-14 12:05:42,011 - System.tprint - INFO - ℹ️ ✅ Uniqueness weights computed. Mean: 1.0000, Min: 0.4375, Max: 1.3124 SUCCESS
[I 2025-12-14 12:05:42,894] Trial 251 finished with value: -0.003237373133909517 and parameters: {'trail_distance_atr_mult': 1.324864458096919}. Best is trial 126 with value: -0.000363295272717509.
[2025-12-14 12:05:44.359] ⚖️ Computing uniqueness weights for 9018 events... INFO
2025-12-14 12:05:44,359 - System.tprint - INFO - ℹ️ ⚖️ Computing uniqueness weights for 9018 events... INFO
[2025-12-14 12:05:44.369] ✅ Uniqueness weights computed. Mean: 1.0000, Min: 0.4377, Max: 1.3130 SUCCESS
2025-12-14 12:05:44,369 - System.tprint - INFO - ℹ️ ✅ Uniqueness weights computed. Mean: 1.0000, Min: 0.4377, Max: 1.3130 SUCCESS
[I 2025-12-14 12:05:45,257] Trial 252 finished with value: -0.004907871532001628 and parameters: {'trail_distance_atr_mult': 1.701857065796043}. Best is trial 126 with value: -0.000363295272717509.
[2025-12-14 12:05:46.667] ⚖️ Computing uniqueness weights for 9018 events... INFO
2025-12-14 12:05:46,667 - System.tprint - INFO - ℹ️ ⚖️ Computing uniqueness weights for 9018 events... INFO
[2025-12-14 12:05:46.679] ✅ Uniqueness weights computed. Mean: 1.0000, Min: 0.4375, Max: 1.3125 SUCCESS
2025-12-14 12:05:46,679 - System.tprint - INFO - ℹ️ ✅ Uniqueness weights computed. Mean: 1.0000, Min: 0.4375, Max: 1.3125 SUCCESS
[I 2025-12-14 12:05:47,577] Trial 253 finished with value: -0.004401929593562905 and parameters: {'trail_distance_atr_mult': 1.3899719065988692}. Best is trial 126 with value: -0.000363295272717509.
[2025-12-14 12:05:48.999] ⚖️ Computing uniqueness weights for 9018 events... INFO
2025-12-14 12:05:48,999 - System.tprint - INFO - ℹ️ ⚖️ Computing uniqueness weights for 9018 events... INFO
[2025-12-14 12:05:49.010] ✅ Uniqueness weights computed. Mean: 1.0000, Min: 0.4376, Max: 1.3127 SUCCESS
2025-12-14 12:05:49,010 - System.tprint - INFO - ℹ️ ✅ Uniqueness weights computed. Mean: 1.0000, Min: 0.4376, Max: 1.3127 SUCCESS
[I 2025-12-14 12:05:49,943] Trial 254 finished with value: -0.0022708282614853307 and parameters: {'trail_distance_atr_mult': 1.5832499757574234}. Best is trial 126 with value: -0.000363295272717509.
[2025-12-14 12:05:51.382] ⚖️ Computing uniqueness weights for 9018 events... INFO
2025-12-14 12:05:51,382 - System.tprint - INFO - ℹ️ ⚖️ Computing uniqueness weights for 9018 events... INFO
[2025-12-14 12:05:51.393] ✅ Uniqueness weights computed. Mean: 1.0000, Min: 0.4376, Max: 1.3129 SUCCESS
2025-12-14 12:05:51,393 - System.tprint - INFO - ℹ️ ✅ Uniqueness weights computed. Mean: 1.0000, Min: 0.4376, Max: 1.3129 SUCCESS
[I 2025-12-14 12:05:52,304] Trial 255 finished with value: -0.0048453911464905524 and parameters: {'trail_distance_atr_mult': 1.6735423172953514}. Best is trial 126 with value: -0.000363295272717509.
[2025-12-14 12:05:53.969] ⚖️ Computing uniqueness weights for 9018 events... INFO
2025-12-14 12:05:53,969 - System.tprint - INFO - ℹ️ ⚖️ Computing uniqueness weights for 9018 events... INFO
[2025-12-14 12:05:53.985] ✅ Uniqueness weights computed. Mean: 1.0000, Min: 0.4375, Max: 1.3126 SUCCESS
2025-12-14 12:05:53,985 - System.tprint - INFO - ℹ️ ✅ Uniqueness weights computed. Mean: 1.0000, Min: 0.4375, Max: 1.3126 SUCCESS
[I 2025-12-14 12:05:54,956] Trial 256 finished with value: -0.003326667783975407 and parameters: {'trail_distance_atr_mult': 1.5174575210211714}. Best is trial 126 with value: -0.000363295272717509.
[2025-12-14 12:05:56.528] ⚖️ Computing uniqueness weights for 9018 events... INFO
2025-12-14 12:05:56,528 - System.tprint - INFO - ℹ️ ⚖️ Computing uniqueness weights for 9018 events... INFO
[2025-12-14 12:05:56.539] ✅ Uniqueness weights computed. Mean: 1.0000, Min: 0.4377, Max: 1.3130 SUCCESS
2025-12-14 12:05:56,539 - System.tprint - INFO - ℹ️ ✅ Uniqueness weights computed. Mean: 1.0000, Min: 0.4377, Max: 1.3130 SUCCESS
[I 2025-12-14 12:05:57,639] Trial 257 finished with value: -0.0052565201170490985 and parameters: {'trail_distance_atr_mult': 1.69845017644419}. Best is trial 126 with value: -0.000363295272717509.
[2025-12-14 12:05:59.658] ⚖️ Computing uniqueness weights for 9018 events... INFO
2025-12-14 12:05:59,659 - System.tprint - INFO - ℹ️ ⚖️ Computing uniqueness weights for 9018 events... INFO
[2025-12-14 12:05:59.672] ✅ Uniqueness weights computed. Mean: 1.0000, Min: 0.4375, Max: 1.3125 SUCCESS
2025-12-14 12:05:59,672 - System.tprint - INFO - ℹ️ ✅ Uniqueness weights computed. Mean: 1.0000, Min: 0.4375, Max: 1.3125 SUCCESS
[I 2025-12-14 12:06:00,813] Trial 258 finished with value: -0.003949978595630152 and parameters: {'trail_distance_atr_mult': 1.4252932205988254}. Best is trial 126 with value: -0.000363295272717509.
[2025-12-14 12:06:02.731] ⚖️ Computing uniqueness weights for 9018 events... INFO
2025-12-14 12:06:02,732 - System.tprint - INFO - ℹ️ ⚖️ Computing uniqueness weights for 9018 events... INFO
[2025-12-14 12:06:02.753] ✅ Uniqueness weights computed. Mean: 1.0000, Min: 0.4375, Max: 1.3126 SUCCESS
2025-12-14 12:06:02,754 - System.tprint - INFO - ℹ️ ✅ Uniqueness weights computed. Mean: 1.0000, Min: 0.4375, Max: 1.3126 SUCCESS
[I 2025-12-14 12:06:04,016] Trial 259 finished with value: -0.0022697970792681494 and parameters: {'trail_distance_atr_mult': 1.5480931955195139}. Best is trial 126 with value: -0.000363295272717509.
[2025-12-14 12:06:05.960] ⚖️ Computing uniqueness weights for 9018 events... INFO
2025-12-14 12:06:05,960 - System.tprint - INFO - ℹ️ ⚖️ Computing uniqueness weights for 9018 events... INFO
[2025-12-14 12:06:05.973] ✅ Uniqueness weights computed. Mean: 1.0000, Min: 0.4373, Max: 1.3118 SUCCESS
2025-12-14 12:06:05,973 - System.tprint - INFO - ℹ️ ✅ Uniqueness weights computed. Mean: 1.0000, Min: 0.4373, Max: 1.3118 SUCCESS
[I 2025-12-14 12:06:06,918] Trial 260 finished with value: -0.00675834281330822 and parameters: {'trail_distance_atr_mult': 0.9688894570252282}. Best is trial 126 with value: -0.000363295272717509.
[2025-12-14 12:06:08.335] ⚖️ Computing uniqueness weights for 9018 events... INFO
2025-12-14 12:06:08,335 - System.tprint - INFO - ℹ️ ⚖️ Computing uniqueness weights for 9018 events... INFO
[2025-12-14 12:06:08.348] ✅ Uniqueness weights computed. Mean: 1.0000, Min: 0.4375, Max: 1.3126 SUCCESS
2025-12-14 12:06:08,348 - System.tprint - INFO - ℹ️ ✅ Uniqueness weights computed. Mean: 1.0000, Min: 0.4375, Max: 1.3126 SUCCESS
[I 2025-12-14 12:06:09,296] Trial 261 finished with value: -0.002270887677788944 and parameters: {'trail_distance_atr_mult': 1.57171263624378}. Best is trial 126 with value: -0.000363295272717509.
[2025-12-14 12:06:10.707] ⚖️ Computing uniqueness weights for 9018 events... INFO
2025-12-14 12:06:10,707 - System.tprint - INFO - ℹ️ ⚖️ Computing uniqueness weights for 9018 events... INFO
[2025-12-14 12:06:10.719] ✅ Uniqueness weights computed. Mean: 1.0000, Min: 0.4376, Max: 1.3128 SUCCESS
2025-12-14 12:06:10,719 - System.tprint - INFO - ℹ️ ✅ Uniqueness weights computed. Mean: 1.0000, Min: 0.4376, Max: 1.3128 SUCCESS
[I 2025-12-14 12:06:11,614] Trial 262 finished with value: -0.005991329754490053 and parameters: {'trail_distance_atr_mult': 1.631287836233935}. Best is trial 126 with value: -0.000363295272717509.
[2025-12-14 12:06:13.018] ⚖️ Computing uniqueness weights for 9018 events... INFO
2025-12-14 12:06:13,018 - System.tprint - INFO - ℹ️ ⚖️ Computing uniqueness weights for 9018 events... INFO
[2025-12-14 12:06:13.029] ✅ Uniqueness weights computed. Mean: 1.0000, Min: 0.4375, Max: 1.3125 SUCCESS
2025-12-14 12:06:13,029 - System.tprint - INFO - ℹ️ ✅ Uniqueness weights computed. Mean: 1.0000, Min: 0.4375, Max: 1.3125 SUCCESS
[I 2025-12-14 12:06:13,926] Trial 263 finished with value: -0.004187322286897674 and parameters: {'trail_distance_atr_mult': 1.4636619715799495}. Best is trial 126 with value: -0.000363295272717509.
[2025-12-14 12:06:15.381] ⚖️ Computing uniqueness weights for 9018 events... INFO
2025-12-14 12:06:15,381 - System.tprint - INFO - ℹ️ ⚖️ Computing uniqueness weights for 9018 events... INFO
[2025-12-14 12:06:15.392] ✅ Uniqueness weights computed. Mean: 1.0000, Min: 0.4377, Max: 1.3131 SUCCESS
2025-12-14 12:06:15,393 - System.tprint - INFO - ℹ️ ✅ Uniqueness weights computed. Mean: 1.0000, Min: 0.4377, Max: 1.3131 SUCCESS
[I 2025-12-14 12:06:16,759] Trial 264 finished with value: -0.00495132198316568 and parameters: {'trail_distance_atr_mult': 1.8657824743107856}. Best is trial 126 with value: -0.000363295272717509.
[2025-12-14 12:06:18.181] ⚖️ Computing uniqueness weights for 9018 events... INFO
2025-12-14 12:06:18,181 - System.tprint - INFO - ℹ️ ⚖️ Computing uniqueness weights for 9018 events... INFO
[2025-12-14 12:06:18.193] ✅ Uniqueness weights computed. Mean: 1.0000, Min: 0.4375, Max: 1.3125 SUCCESS
2025-12-14 12:06:18,193 - System.tprint - INFO - ℹ️ ✅ Uniqueness weights computed. Mean: 1.0000, Min: 0.4375, Max: 1.3125 SUCCESS
[I 2025-12-14 12:06:19,082] Trial 265 finished with value: -0.0064636767851794 and parameters: {'trail_distance_atr_mult': 1.4857647006339771}. Best is trial 126 with value: -0.000363295272717509.
[2025-12-14 12:06:20.570] ⚖️ Computing uniqueness weights for 9018 events... INFO
2025-12-14 12:06:20,570 - System.tprint - INFO - ℹ️ ⚖️ Computing uniqueness weights for 9018 events... INFO
[2025-12-14 12:06:20.581] ✅ Uniqueness weights computed. Mean: 1.0000, Min: 0.4376, Max: 1.3129 SUCCESS
2025-12-14 12:06:20,581 - System.tprint - INFO - ℹ️ ✅ Uniqueness weights computed. Mean: 1.0000, Min: 0.4376, Max: 1.3129 SUCCESS
[I 2025-12-14 12:06:21,488] Trial 266 finished with value: -0.004239076759634599 and parameters: {'trail_distance_atr_mult': 1.6559397722711813}. Best is trial 126 with value: -0.000363295272717509.
[2025-12-14 12:06:22.897] ⚖️ Computing uniqueness weights for 9018 events... INFO
2025-12-14 12:06:22,897 - System.tprint - INFO - ℹ️ ⚖️ Computing uniqueness weights for 9018 events... INFO
[2025-12-14 12:06:22.908] ✅ Uniqueness weights computed. Mean: 1.0000, Min: 0.4375, Max: 1.3126 SUCCESS
2025-12-14 12:06:22,908 - System.tprint - INFO - ℹ️ ✅ Uniqueness weights computed. Mean: 1.0000, Min: 0.4375, Max: 1.3126 SUCCESS
[I 2025-12-14 12:06:23,795] Trial 267 finished with value: -0.0033268340806613906 and parameters: {'trail_distance_atr_mult': 1.5233173987782538}. Best is trial 126 with value: -0.000363295272717509.
[2025-12-14 12:06:25.209] ⚖️ Computing uniqueness weights for 9018 events... INFO
2025-12-14 12:06:25,209 - System.tprint - INFO - ℹ️ ⚖️ Computing uniqueness weights for 9018 events... INFO
[2025-12-14 12:06:25.221] ✅ Uniqueness weights computed. Mean: 1.0000, Min: 0.4375, Max: 1.3126 SUCCESS
2025-12-14 12:06:25,221 - System.tprint - INFO - ℹ️ ✅ Uniqueness weights computed. Mean: 1.0000, Min: 0.4375, Max: 1.3126 SUCCESS
[I 2025-12-14 12:06:26,114] Trial 268 finished with value: -0.0027005745983637295 and parameters: {'trail_distance_atr_mult': 1.5413346329295994}. Best is trial 126 with value: -0.000363295272717509.
[2025-12-14 12:06:27.520] ⚖️ Computing uniqueness weights for 9018 events... INFO
2025-12-14 12:06:27,520 - System.tprint - INFO - ℹ️ ⚖️ Computing uniqueness weights for 9018 events... INFO
[2025-12-14 12:06:27.531] ✅ Uniqueness weights computed. Mean: 1.0000, Min: 0.4375, Max: 1.3124 SUCCESS
2025-12-14 12:06:27,531 - System.tprint - INFO - ℹ️ ✅ Uniqueness weights computed. Mean: 1.0000, Min: 0.4375, Max: 1.3124 SUCCESS
[I 2025-12-14 12:06:28,445] Trial 269 finished with value: -0.003237366767094493 and parameters: {'trail_distance_atr_mult': 1.3482623202571873}. Best is trial 126 with value: -0.000363295272717509.
[2025-12-14 12:06:29.860] ⚖️ Computing uniqueness weights for 9018 events... INFO
2025-12-14 12:06:29,860 - System.tprint - INFO - ℹ️ ⚖️ Computing uniqueness weights for 9018 events... INFO
[2025-12-14 12:06:29.872] ✅ Uniqueness weights computed. Mean: 1.0000, Min: 0.4377, Max: 1.3130 SUCCESS
2025-12-14 12:06:29,872 - System.tprint - INFO - ℹ️ ✅ Uniqueness weights computed. Mean: 1.0000, Min: 0.4377, Max: 1.3130 SUCCESS
[I 2025-12-14 12:06:30,757] Trial 270 finished with value: -0.007089197816200978 and parameters: {'trail_distance_atr_mult': 1.7738037834651252}. Best is trial 126 with value: -0.000363295272717509.
[2025-12-14 12:06:32.169] ⚖️ Computing uniqueness weights for 9018 events... INFO
2025-12-14 12:06:32,170 - System.tprint - INFO - ℹ️ ⚖️ Computing uniqueness weights for 9018 events... INFO
[2025-12-14 12:06:32.180] ✅ Uniqueness weights computed. Mean: 1.0000, Min: 0.4376, Max: 1.3127 SUCCESS
2025-12-14 12:06:32,181 - System.tprint - INFO - ℹ️ ✅ Uniqueness weights computed. Mean: 1.0000, Min: 0.4376, Max: 1.3127 SUCCESS
[I 2025-12-14 12:06:33,071] Trial 271 finished with value: -0.00227078959459794 and parameters: {'trail_distance_atr_mult': 1.5911887471023036}. Best is trial 126 with value: -0.000363295272717509.
[2025-12-14 12:06:34.526] ⚖️ Computing uniqueness weights for 9018 events... INFO
2025-12-14 12:06:34,526 - System.tprint - INFO - ℹ️ ⚖️ Computing uniqueness weights for 9018 events... INFO
[2025-12-14 12:06:34.540] ✅ Uniqueness weights computed. Mean: 1.0000, Min: 0.4377, Max: 1.3130 SUCCESS
2025-12-14 12:06:34,540 - System.tprint - INFO - ℹ️ ✅ Uniqueness weights computed. Mean: 1.0000, Min: 0.4377, Max: 1.3130 SUCCESS
[I 2025-12-14 12:06:35,455] Trial 272 finished with value: -0.004907872532160205 and parameters: {'trail_distance_atr_mult': 1.705514145355391}. Best is trial 126 with value: -0.000363295272717509.
[2025-12-14 12:06:36.862] ⚖️ Computing uniqueness weights for 9018 events... INFO
2025-12-14 12:06:36,862 - System.tprint - INFO - ℹ️ ⚖️ Computing uniqueness weights for 9018 events... INFO
[2025-12-14 12:06:36.873] ✅ Uniqueness weights computed. Mean: 1.0000, Min: 0.4375, Max: 1.3125 SUCCESS
2025-12-14 12:06:36,873 - System.tprint - INFO - ℹ️ ✅ Uniqueness weights computed. Mean: 1.0000, Min: 0.4375, Max: 1.3125 SUCCESS
[I 2025-12-14 12:06:37,778] Trial 273 finished with value: -0.0031811695334164132 and parameters: {'trail_distance_atr_mult': 1.370641385203989}. Best is trial 126 with value: -0.000363295272717509.
[2025-12-14 12:06:39.207] ⚖️ Computing uniqueness weights for 9018 events... INFO
2025-12-14 12:06:39,208 - System.tprint - INFO - ℹ️ ⚖️ Computing uniqueness weights for 9018 events... INFO
[2025-12-14 12:06:39.218] ✅ Uniqueness weights computed. Mean: 1.0000, Min: 0.4376, Max: 1.3127 SUCCESS
2025-12-14 12:06:39,218 - System.tprint - INFO - ℹ️ ✅ Uniqueness weights computed. Mean: 1.0000, Min: 0.4376, Max: 1.3127 SUCCESS
[I 2025-12-14 12:06:40,184] Trial 274 finished with value: -0.0031722714808663775 and parameters: {'trail_distance_atr_mult': 1.6006251341715192}. Best is trial 126 with value: -0.000363295272717509.
[2025-12-14 12:06:41.581] ⚖️ Computing uniqueness weights for 9018 events... INFO
2025-12-14 12:06:41,582 - System.tprint - INFO - ℹ️ ⚖️ Computing uniqueness weights for 9018 events... INFO
[2025-12-14 12:06:41.592] ✅ Uniqueness weights computed. Mean: 1.0000, Min: 0.4376, Max: 1.3127 SUCCESS
2025-12-14 12:06:41,592 - System.tprint - INFO - ℹ️ ✅ Uniqueness weights computed. Mean: 1.0000, Min: 0.4376, Max: 1.3127 SUCCESS
[I 2025-12-14 12:06:42,503] Trial 275 finished with value: -0.002270807321790986 and parameters: {'trail_distance_atr_mult': 1.587493212871902}. Best is trial 126 with value: -0.000363295272717509.
[2025-12-14 12:06:43.902] ⚖️ Computing uniqueness weights for 9018 events... INFO
2025-12-14 12:06:43,902 - System.tprint - INFO - ℹ️ ⚖️ Computing uniqueness weights for 9018 events... INFO
[2025-12-14 12:06:43.912] ✅ Uniqueness weights computed. Mean: 1.0000, Min: 0.4376, Max: 1.3129 SUCCESS
2025-12-14 12:06:43,913 - System.tprint - INFO - ℹ️ ✅ Uniqueness weights computed. Mean: 1.0000, Min: 0.4376, Max: 1.3129 SUCCESS
[I 2025-12-14 12:06:44,803] Trial 276 finished with value: -0.005157998316665061 and parameters: {'trail_distance_atr_mult': 1.6863711224509412}. Best is trial 126 with value: -0.000363295272717509.
[2025-12-14 12:06:46.265] ⚖️ Computing uniqueness weights for 9018 events... INFO
2025-12-14 12:06:46,265 - System.tprint - INFO - ℹ️ ⚖️ Computing uniqueness weights for 9018 events... INFO
[2025-12-14 12:06:46.278] ✅ Uniqueness weights computed. Mean: 1.0000, Min: 0.4375, Max: 1.3125 SUCCESS
2025-12-14 12:06:46,278 - System.tprint - INFO - ℹ️ ✅ Uniqueness weights computed. Mean: 1.0000, Min: 0.4375, Max: 1.3125 SUCCESS
[I 2025-12-14 12:06:47,160] Trial 277 finished with value: -0.006463539957129832 and parameters: {'trail_distance_atr_mult': 1.4876721603422183}. Best is trial 126 with value: -0.000363295272717509.
[2025-12-14 12:06:48.732] ⚖️ Computing uniqueness weights for 9018 events... INFO
2025-12-14 12:06:48,733 - System.tprint - INFO - ℹ️ ⚖️ Computing uniqueness weights for 9018 events... INFO
[2025-12-14 12:06:48.744] ✅ Uniqueness weights computed. Mean: 1.0000, Min: 0.4377, Max: 1.3131 SUCCESS
2025-12-14 12:06:48,745 - System.tprint - INFO - ℹ️ ✅ Uniqueness weights computed. Mean: 1.0000, Min: 0.4377, Max: 1.3131 SUCCESS
[I 2025-12-14 12:06:49,638] Trial 278 finished with value: -0.005800657212047821 and parameters: {'trail_distance_atr_mult': 1.82327658904589}. Best is trial 126 with value: -0.000363295272717509.
[2025-12-14 12:06:51.105] ⚖️ Computing uniqueness weights for 9018 events... INFO
2025-12-14 12:06:51,105 - System.tprint - INFO - ℹ️ ⚖️ Computing uniqueness weights for 9018 events... INFO
[2025-12-14 12:06:51.117] ✅ Uniqueness weights computed. Mean: 1.0000, Min: 0.4375, Max: 1.3125 SUCCESS
2025-12-14 12:06:51,117 - System.tprint - INFO - ℹ️ ✅ Uniqueness weights computed. Mean: 1.0000, Min: 0.4375, Max: 1.3125 SUCCESS
