[I 2026-05-22 12:08:41,498] Trial 19 finished with value: 0.5823814055144201 and parameters: {'max_depth': 4, 'subsample': 0.6252549493700954, 'reg_alpha': 1.8630239662495895, 'reg_lambda': 8.622650888340027, 'min_child_samples_pct': 0.025752960461138806, 'min_child_weight': 39.036346437832925, 'min_split_gain': 0.009257975120024341, 'colsample_bytree': 0.6927779614487612}. Best is trial 9 with value: 0.5913473571460877.
[2026-05-22 10:08:41 UTC] LGBM HPO trial 20 fold 1/3 started: train_rows=6666, valid_rows=3334, depth=3.
[2026-05-22 10:08:41 UTC] LGBM HPO trial 20 fold 1/3 complete: partial_J=0.5991, elapsed=0.2s.
[2026-05-22 10:08:41 UTC] LGBM HPO trial 20 fold 2/3 started: train_rows=6667, valid_rows=3333, depth=3.
[2026-05-22 10:08:42 UTC] LGBM HPO trial 20 fold 2/3 complete: partial_J=0.5866, elapsed=0.7s.
[2026-05-22 10:08:42 UTC] LGBM HPO trial 20 fold 3/3 started: train_rows=6667, valid_rows=3333, depth=3.
[2026-05-22 10:08:43 UTC] LGBM HPO trial 20 fold 3/3 complete: partial_J=0.5833, elapsed=0.6s.
[2026-05-22 10:08:43 UTC] LGBM HPO trial 20 complete: J=0.5833, raw_J=0.5964, elapsed=1.6s.
[I 2026-05-22 12:08:43,060] Trial 20 finished with value: 0.5833110221366716 and parameters: {'max_depth': 3, 'subsample': 0.7294589049262504, 'reg_alpha': 4.938160424165492, 'reg_lambda': 2.6769252898226323, 'min_child_samples_pct': 0.03643501189877935, 'min_child_weight': 33.23796683773408, 'min_split_gain': 0.00043734754345836515, 'colsample_bytree': 0.6566786248590365}. Best is trial 9 with value: 0.5913473571460877.
[2026-05-22 10:08:43 UTC] LGBM HPO trial 21 fold 1/3 started: train_rows=6666, valid_rows=3334, depth=4.
[2026-05-22 10:08:43 UTC] LGBM HPO trial 21 fold 1/3 complete: partial_J=0.6054, elapsed=0.3s.
[2026-05-22 10:08:43 UTC] LGBM HPO trial 21 fold 2/3 started: train_rows=6667, valid_rows=3333, depth=4.
[2026-05-22 10:08:44 UTC] LGBM HPO trial 21 fold 2/3 complete: partial_J=0.5854, elapsed=0.7s.
[2026-05-22 10:08:44 UTC] LGBM HPO trial 21 fold 3/3 started: train_rows=6667, valid_rows=3333, depth=4.
[2026-05-22 10:08:44 UTC] LGBM HPO trial 21 fold 3/3 complete: partial_J=0.5748, elapsed=0.7s.
[2026-05-22 10:08:44 UTC] LGBM HPO trial 21 complete: J=0.5748, raw_J=0.5864, elapsed=1.8s.
[I 2026-05-22 12:08:44,816] Trial 21 finished with value: 0.5748452183465146 and parameters: {'max_depth': 4, 'subsample': 0.6824179619305883, 'reg_alpha': 1.1860421249626576, 'reg_lambda': 3.314752436765806, 'min_child_samples_pct': 0.04129724023027273, 'min_child_weight': 51.823868721943654, 'min_split_gain': 0.0013012332260320368, 'colsample_bytree': 0.692038403509165}. Best is trial 9 with value: 0.5913473571460877.
[2026-05-22 10:08:44 UTC] LGBM HPO trial 22 fold 1/3 started: train_rows=6666, valid_rows=3334, depth=5.
[2026-05-22 10:08:45 UTC] LGBM HPO trial 22 fold 1/3 complete: partial_J=0.6050, elapsed=0.2s.
[2026-05-22 10:08:45 UTC] LGBM HPO trial 22 fold 2/3 started: train_rows=6667, valid_rows=3333, depth=5.
[2026-05-22 10:08:45 UTC] LGBM HPO trial 22 fold 2/3 complete: partial_J=0.5901, elapsed=0.7s.
[2026-05-22 10:08:45 UTC] LGBM HPO trial 22 fold 3/3 started: train_rows=6667, valid_rows=3333, depth=5.
[2026-05-22 10:08:46 UTC] LGBM HPO trial 22 fold 3/3 complete: partial_J=0.5870, elapsed=0.8s.
[2026-05-22 10:08:46 UTC] LGBM HPO trial 22 complete: J=0.5870, raw_J=0.5998, elapsed=1.7s.
[I 2026-05-22 12:08:46,560] Trial 22 finished with value: 0.5869676766093206 and parameters: {'max_depth': 5, 'subsample': 0.6922947818458407, 'reg_alpha': 0.9358890787067585, 'reg_lambda': 3.4996231873216153, 'min_child_samples_pct': 0.04638516904978183, 'min_child_weight': 59.08683010173166, 'min_split_gain': 0.0023043946542890496, 'colsample_bytree': 0.6808825105596537}. Best is trial 9 with value: 0.5913473571460877.
[2026-05-22 10:08:46 UTC] LGBM HPO trial 23 fold 1/3 started: train_rows=6666, valid_rows=3334, depth=5.
[2026-05-22 10:08:47 UTC] LGBM HPO trial 23 fold 1/3 complete: partial_J=0.6079, elapsed=0.5s.
[2026-05-22 10:08:47 UTC] LGBM HPO trial 23 fold 2/3 started: train_rows=6667, valid_rows=3333, depth=5.
[2026-05-22 10:08:47 UTC] LGBM HPO trial 23 fold 2/3 complete: partial_J=0.5991, elapsed=0.6s.
[2026-05-22 10:08:47 UTC] LGBM HPO trial 23 fold 3/3 started: train_rows=6667, valid_rows=3333, depth=5.
[2026-05-22 10:08:48 UTC] LGBM HPO trial 23 fold 3/3 complete: partial_J=0.5900, elapsed=1.0s.
[2026-05-22 10:08:48 UTC] LGBM HPO trial 23 complete: J=0.5900, raw_J=0.5991, elapsed=2.1s.
[I 2026-05-22 12:08:48,670] Trial 23 finished with value: 0.589956195049221 and parameters: {'max_depth': 5, 'subsample': 0.7151731860031182, 'reg_alpha': 0.5624045049540809, 'reg_lambda': 2.8158121693395572, 'min_child_samples_pct': 0.039413175071823014, 'min_child_weight': 48.47633966292459, 'min_split_gain': 0.004743747620078232, 'colsample_bytree': 0.7402706647290307}. Best is trial 9 with value: 0.5913473571460877.
[2026-05-22 10:08:48 UTC] LGBM HPO trial 24 fold 1/3 started: train_rows=6666, valid_rows=3334, depth=5.
[2026-05-22 10:08:49 UTC] LGBM HPO trial 24 fold 1/3 complete: partial_J=0.6073, elapsed=0.4s.
[2026-05-22 10:08:49 UTC] LGBM HPO trial 24 fold 2/3 started: train_rows=6667, valid_rows=3333, depth=5.
[2026-05-22 10:08:49 UTC] LGBM HPO trial 24 fold 2/3 complete: partial_J=0.5802, elapsed=0.7s.
[2026-05-22 10:08:49 UTC] LGBM HPO trial 24 fold 3/3 started: train_rows=6667, valid_rows=3333, depth=5.
[2026-05-22 10:08:50 UTC] LGBM HPO trial 24 fold 3/3 complete: partial_J=0.5663, elapsed=0.8s.
[2026-05-22 10:08:50 UTC] LGBM HPO trial 24 complete: J=0.5663, raw_J=0.5769, elapsed=1.9s.
[I 2026-05-22 12:08:50,589] Trial 24 finished with value: 0.5663203244298359 and parameters: {'max_depth': 5, 'subsample': 0.713066960809681, 'reg_alpha': 0.4870818914290369, 'reg_lambda': 4.9025088296715875, 'min_child_samples_pct': 0.025042505695220825, 'min_child_weight': 47.066512679990154, 'min_split_gain': 0.007895340198392827, 'colsample_bytree': 0.7499644812205124}. Best is trial 9 with value: 0.5913473571460877.
[2026-05-22 10:08:50 UTC] LGBM HPO trial 25 fold 1/3 started: train_rows=6666, valid_rows=3334, depth=5.
[2026-05-22 10:08:50 UTC] LGBM HPO trial 25 fold 1/3 complete: partial_J=0.6076, elapsed=0.4s.
[2026-05-22 10:08:50 UTC] LGBM HPO trial 25 fold 2/3 started: train_rows=6667, valid_rows=3333, depth=5.
[2026-05-22 10:08:51 UTC] LGBM HPO trial 25 fold 2/3 complete: partial_J=0.5950, elapsed=0.6s.
[2026-05-22 10:08:51 UTC] LGBM HPO trial 25 fold 3/3 started: train_rows=6667, valid_rows=3333, depth=5.
[2026-05-22 10:08:52 UTC] LGBM HPO trial 25 fold 3/3 complete: partial_J=0.5887, elapsed=0.6s.
[2026-05-22 10:08:52 UTC] LGBM HPO trial 25 complete: J=0.5887, raw_J=0.5981, elapsed=1.5s.
[I 2026-05-22 12:08:52,122] Trial 25 finished with value: 0.5886828461205179 and parameters: {'max_depth': 5, 'subsample': 0.7506557380480915, 'reg_alpha': 0.2666493867676922, 'reg_lambda': 11.398880953680885, 'min_child_samples_pct': 0.031480038303017155, 'min_child_weight': 64.30062795515033, 'min_split_gain': 0.0047821993778377515, 'colsample_bytree': 0.7271256328573702}. Best is trial 9 with value: 0.5913473571460877.
[2026-05-22 10:08:52 UTC] LGBM HPO trial 26 fold 1/3 started: train_rows=6666, valid_rows=3334, depth=5.
[2026-05-22 10:08:52 UTC] LGBM HPO trial 26 fold 1/3 complete: partial_J=0.6010, elapsed=0.4s.
[2026-05-22 10:08:52 UTC] LGBM HPO trial 26 fold 2/3 started: train_rows=6667, valid_rows=3333, depth=5.
[2026-05-22 10:08:53 UTC] LGBM HPO trial 26 fold 2/3 complete: partial_J=0.5857, elapsed=0.9s.
[2026-05-22 10:08:53 UTC] LGBM HPO trial 26 fold 3/3 started: train_rows=6667, valid_rows=3333, depth=5.
[2026-05-22 10:08:54 UTC] LGBM HPO trial 26 fold 3/3 complete: partial_J=0.5754, elapsed=1.1s.
[2026-05-22 10:08:54 UTC] LGBM HPO trial 26 complete: J=0.5754, raw_J=0.5861, elapsed=2.5s.
[I 2026-05-22 12:08:54,627] Trial 26 finished with value: 0.5753902123091927 and parameters: {'max_depth': 5, 'subsample': 0.7529018023291145, 'reg_alpha': 0.2283164667228515, 'reg_lambda': 11.345137608251802, 'min_child_samples_pct': 0.03173967960654515, 'min_child_weight': 65.33997546252891, 'min_split_gain': 0.004258304266386768, 'colsample_bytree': 0.7795160371864417}. Best is trial 9 with value: 0.5913473571460877.
[2026-05-22 10:08:54 UTC] LGBM HPO trial 27 fold 1/3 started: train_rows=6666, valid_rows=3334, depth=5.
[2026-05-22 10:08:55 UTC] LGBM HPO trial 27 fold 1/3 complete: partial_J=0.6012, elapsed=0.4s.
[2026-05-22 10:08:55 UTC] LGBM HPO trial 27 fold 2/3 started: train_rows=6667, valid_rows=3333, depth=5.
[2026-05-22 10:08:56 UTC] LGBM HPO trial 27 fold 2/3 complete: partial_J=0.5822, elapsed=1.0s.
[2026-05-22 10:08:56 UTC] LGBM HPO trial 27 fold 3/3 started: train_rows=6667, valid_rows=3333, depth=5.
[2026-05-22 10:08:57 UTC] LGBM HPO trial 27 fold 3/3 complete: partial_J=0.5703, elapsed=1.0s.
[2026-05-22 10:08:57 UTC] LGBM HPO trial 27 complete: J=0.5703, raw_J=0.5828, elapsed=2.4s.
[I 2026-05-22 12:08:57,056] Trial 27 finished with value: 0.5703392643123506 and parameters: {'max_depth': 5, 'subsample': 0.7476315613071765, 'reg_alpha': 0.3656631212136142, 'reg_lambda': 6.990888037094785, 'min_child_samples_pct': 0.039347078310083265, 'min_child_weight': 56.08685967759901, 'min_split_gain': 0.004621208316910904, 'colsample_bytree': 0.7327390322741248}. Best is trial 9 with value: 0.5913473571460877.
[2026-05-22 10:08:57 UTC] LGBM HPO trial 28 fold 1/3 started: train_rows=6666, valid_rows=3334, depth=5.
[2026-05-22 10:08:57 UTC] LGBM HPO trial 28 fold 1/3 complete: partial_J=0.6035, elapsed=0.4s.
[2026-05-22 10:08:57 UTC] LGBM HPO trial 28 fold 2/3 started: train_rows=6667, valid_rows=3333, depth=5.
[2026-05-22 10:08:58 UTC] LGBM HPO trial 28 fold 2/3 complete: partial_J=0.5887, elapsed=1.0s.
[2026-05-22 10:08:58 UTC] LGBM HPO trial 28 fold 3/3 started: train_rows=6667, valid_rows=3333, depth=5.
[2026-05-22 10:08:59 UTC] LGBM HPO trial 28 fold 3/3 complete: partial_J=0.5840, elapsed=1.0s.
[2026-05-22 10:08:59 UTC] LGBM HPO trial 28 complete: J=0.5840, raw_J=0.5961, elapsed=2.4s.
[I 2026-05-22 12:08:59,472] Trial 28 finished with value: 0.5840441324597664 and parameters: {'max_depth': 5, 'subsample': 0.7221261369987141, 'reg_alpha': 0.24326466763901358, 'reg_lambda': 12.270354265996408, 'min_child_samples_pct': 0.033332768340538, 'min_child_weight': 41.00072583247004, 'min_split_gain': 0.01581059108889232, 'colsample_bytree': 0.7791202523307017}. Best is trial 9 with value: 0.5913473571460877.
[2026-05-22 10:08:59 UTC] LGBM HPO trial 29 fold 1/3 started: train_rows=6666, valid_rows=3334, depth=5.
[2026-05-22 10:09:00 UTC] LGBM HPO trial 29 fold 1/3 complete: partial_J=0.5976, elapsed=0.6s.
[2026-05-22 10:09:00 UTC] LGBM HPO trial 29 fold 2/3 started: train_rows=6667, valid_rows=3333, depth=5.
[2026-05-22 10:09:00 UTC] LGBM HPO trial 29 fold 2/3 complete: partial_J=0.5798, elapsed=0.9s.
[2026-05-22 10:09:00 UTC] LGBM HPO trial 29 fold 3/3 started: train_rows=6667, valid_rows=3333, depth=5.
[2026-05-22 10:09:02 UTC] LGBM HPO trial 29 fold 3/3 complete: partial_J=0.5683, elapsed=1.3s.
[2026-05-22 10:09:02 UTC] LGBM HPO trial 29 complete: J=0.5683, raw_J=0.5764, elapsed=2.8s.
[I 2026-05-22 12:09:02,231] Trial 29 finished with value: 0.5683369712797571 and parameters: {'max_depth': 5, 'subsample': 0.7649377754340543, 'reg_alpha': 0.881834731823992, 'reg_lambda': 19.641735655763433, 'min_child_samples_pct': 0.029195211047282784, 'min_child_weight': 28.41608539991124, 'min_split_gain': 0.01032375965296616, 'colsample_bytree': 0.7643564628064518}. Best is trial 9 with value: 0.5913473571460877.
[2026-05-22 10:09:02 UTC] LGBM HPO trial 30 fold 1/3 started: train_rows=6666, valid_rows=3334, depth=5.
[2026-05-22 10:09:02 UTC] LGBM HPO trial 30 fold 1/3 complete: partial_J=0.6015, elapsed=0.5s.
[2026-05-22 10:09:02 UTC] LGBM HPO trial 30 fold 2/3 started: train_rows=6667, valid_rows=3333, depth=5.
[2026-05-22 10:09:03 UTC] LGBM HPO trial 30 fold 2/3 complete: partial_J=0.5901, elapsed=1.2s.
[2026-05-22 10:09:03 UTC] LGBM HPO trial 30 fold 3/3 started: train_rows=6667, valid_rows=3333, depth=5.
[2026-05-22 10:09:04 UTC] LGBM HPO trial 30 fold 3/3 complete: partial_J=0.5840, elapsed=0.8s.
[2026-05-22 10:09:04 UTC] LGBM HPO trial 30 complete: J=0.5840, raw_J=0.5942, elapsed=2.6s.
[I 2026-05-22 12:09:04,802] Trial 30 finished with value: 0.5840153991255804 and parameters: {'max_depth': 5, 'subsample': 0.6985626080744699, 'reg_alpha': 0.6479286289973181, 'reg_lambda': 8.241961208025348, 'min_child_samples_pct': 0.03957295672623724, 'min_child_weight': 49.83026132633533, 'min_split_gain': 0.006219105147036368, 'colsample_bytree': 0.7076683643787605}. Best is trial 9 with value: 0.5913473571460877.
[2026-05-22 10:09:04 UTC] LGBM HPO trial 31 fold 1/3 started: train_rows=6666, valid_rows=3334, depth=4.
[2026-05-22 10:09:05 UTC] LGBM HPO trial 31 fold 1/3 complete: partial_J=0.6028, elapsed=0.4s.
[2026-05-22 10:09:05 UTC] LGBM HPO trial 31 fold 2/3 started: train_rows=6667, valid_rows=3333, depth=4.
[2026-05-22 10:09:05 UTC] LGBM HPO trial 31 fold 2/3 complete: partial_J=0.5868, elapsed=0.7s.
[2026-05-22 10:09:05 UTC] LGBM HPO trial 31 fold 3/3 started: train_rows=6667, valid_rows=3333, depth=4.
[2026-05-22 10:09:06 UTC] LGBM HPO trial 31 fold 3/3 complete: partial_J=0.5910, elapsed=0.6s.
[2026-05-22 10:09:06 UTC] LGBM HPO trial 31 complete: J=0.5910, raw_J=0.5999, elapsed=1.8s.
[I 2026-05-22 12:09:06,573] Trial 31 finished with value: 0.5909502939686495 and parameters: {'max_depth': 4, 'subsample': 0.737687322085361, 'reg_alpha': 3.164398235344291, 'reg_lambda': 2.7269850677243817, 'min_child_samples_pct': 0.027567944714947112, 'min_child_weight': 65.72685354814516, 'min_split_gain': 0.002177250525812089, 'colsample_bytree': 0.7382993714830874}. Best is trial 9 with value: 0.5913473571460877.
[2026-05-22 10:09:06 UTC] LGBM HPO trial 32 fold 1/3 started: train_rows=6666, valid_rows=3334, depth=4.
[2026-05-22 10:09:06 UTC] LGBM HPO trial 32 fold 1/3 complete: partial_J=0.6019, elapsed=0.3s.
[2026-05-22 10:09:06 UTC] LGBM HPO trial 32 fold 2/3 started: train_rows=6667, valid_rows=3333, depth=4.
[2026-05-22 10:09:07 UTC] LGBM HPO trial 32 fold 2/3 complete: partial_J=0.5867, elapsed=0.6s.
[2026-05-22 10:09:07 UTC] LGBM HPO trial 32 fold 3/3 started: train_rows=6667, valid_rows=3333, depth=4.
[2026-05-22 10:09:08 UTC] LGBM HPO trial 32 fold 3/3 complete: partial_J=0.5798, elapsed=0.5s.
[2026-05-22 10:09:08 UTC] LGBM HPO trial 32 complete: J=0.5798, raw_J=0.5904, elapsed=1.5s.
[I 2026-05-22 12:09:08,058] Trial 32 finished with value: 0.579797861366105 and parameters: {'max_depth': 4, 'subsample': 0.738197585885922, 'reg_alpha': 0.48991799335180286, 'reg_lambda': 4.514081610500306, 'min_child_samples_pct': 0.028618356640407926, 'min_child_weight': 67.60777619872539, 'min_split_gain': 0.0023905353923775927, 'colsample_bytree': 0.7351045781658713}. Best is trial 9 with value: 0.5913473571460877.
[2026-05-22 10:09:08 UTC] LGBM HPO trial 33 fold 1/3 started: train_rows=6666, valid_rows=3334, depth=3.
[2026-05-22 10:09:08 UTC] LGBM HPO trial 33 fold 1/3 complete: partial_J=0.6050, elapsed=0.2s.
[2026-05-22 10:09:08 UTC] LGBM HPO trial 33 fold 2/3 started: train_rows=6667, valid_rows=3333, depth=3.
[2026-05-22 10:09:08 UTC] LGBM HPO trial 33 fold 2/3 complete: partial_J=0.5909, elapsed=0.5s.
[2026-05-22 10:09:08 UTC] LGBM HPO trial 33 fold 3/3 started: train_rows=6667, valid_rows=3333, depth=3.
[2026-05-22 10:09:09 UTC] LGBM HPO trial 33 fold 3/3 complete: partial_J=0.5886, elapsed=0.4s.
[2026-05-22 10:09:09 UTC] LGBM HPO trial 33 complete: J=0.5886, raw_J=0.6016, elapsed=1.2s.
[I 2026-05-22 12:09:09,273] Trial 33 finished with value: 0.588569438226943 and parameters: {'max_depth': 3, 'subsample': 0.7608141838549294, 'reg_alpha': 1.5691572974851806, 'reg_lambda': 10.248500613499825, 'min_child_samples_pct': 0.03716470195013799, 'min_child_weight': 65.33408349923047, 'min_split_gain': 0.0033701941084065884, 'colsample_bytree': 0.7111230838721734}. Best is trial 9 with value: 0.5913473571460877.
[2026-05-22 10:09:09 UTC] LGBM HPO trial 34 fold 1/3 started: train_rows=6666, valid_rows=3334, depth=4.
[2026-05-22 10:09:09 UTC] LGBM HPO trial 34 fold 1/3 complete: partial_J=0.5985, elapsed=0.2s.
[2026-05-22 10:09:09 UTC] LGBM HPO trial 34 fold 2/3 started: train_rows=6667, valid_rows=3333, depth=4.
[2026-05-22 10:09:10 UTC] LGBM HPO trial 34 fold 2/3 complete: partial_J=0.5870, elapsed=0.6s.
[2026-05-22 10:09:10 UTC] LGBM HPO trial 34 fold 3/3 started: train_rows=6667, valid_rows=3333, depth=4.
[2026-05-22 10:09:10 UTC] LGBM HPO trial 34 fold 3/3 complete: partial_J=0.5832, elapsed=0.6s.
[2026-05-22 10:09:10 UTC] LGBM HPO trial 34 complete: J=0.5832, raw_J=0.5964, elapsed=1.5s.
[I 2026-05-22 12:09:10,755] Trial 34 finished with value: 0.5832196715818107 and parameters: {'max_depth': 4, 'subsample': 0.7184950835666003, 'reg_alpha': 0.24286669287935753, 'reg_lambda': 2.7912606466782415, 'min_child_samples_pct': 0.049665597133736014, 'min_child_weight': 57.31161128718341, 'min_split_gain': 0.0018073586524689745, 'colsample_bytree': 0.733066399168123}. Best is trial 9 with value: 0.5913473571460877.
[2026-05-22 10:09:10 UTC] LGBM HPO trial 35 fold 1/3 started: train_rows=6666, valid_rows=3334, depth=6.
[2026-05-22 10:09:11 UTC] LGBM HPO trial 35 fold 1/3 complete: partial_J=0.6054, elapsed=0.4s.
[2026-05-22 10:09:11 UTC] LGBM HPO trial 35 fold 2/3 started: train_rows=6667, valid_rows=3333, depth=6.
[2026-05-22 10:09:11 UTC] LGBM HPO trial 35 fold 2/3 complete: partial_J=0.5876, elapsed=0.8s.
[2026-05-22 10:09:11 UTC] LGBM HPO trial 35 fold 3/3 started: train_rows=6667, valid_rows=3333, depth=6.
[2026-05-22 10:09:12 UTC] LGBM HPO trial 35 fold 3/3 complete: partial_J=0.5780, elapsed=0.9s.
[2026-05-22 10:09:12 UTC] LGBM HPO trial 35 complete: J=0.5780, raw_J=0.5886, elapsed=2.1s.
[I 2026-05-22 12:09:12,850] Trial 35 finished with value: 0.5779561602333206 and parameters: {'max_depth': 6, 'subsample': 0.6649780706861379, 'reg_alpha': 0.11062483542657897, 'reg_lambda': 2.2596228352319727, 'min_child_samples_pct': 0.027848305371188122, 'min_child_weight': 62.23456179020442, 'min_split_gain': 0.0009144650060875998, 'colsample_bytree': 0.7627830221428524}. Best is trial 9 with value: 0.5913473571460877.
[2026-05-22 10:09:12 UTC] LGBM HPO trial 36 fold 1/3 started: train_rows=6666, valid_rows=3334, depth=3.
[2026-05-22 10:09:13 UTC] LGBM HPO trial 36 fold 1/3 complete: partial_J=0.6077, elapsed=0.2s.
[2026-05-22 10:09:13 UTC] LGBM HPO trial 36 fold 2/3 started: train_rows=6667, valid_rows=3333, depth=3.
[2026-05-22 10:09:14 UTC] LGBM HPO trial 36 fold 2/3 complete: partial_J=0.5815, elapsed=0.9s.
[2026-05-22 10:09:14 UTC] LGBM HPO trial 36 fold 3/3 started: train_rows=6667, valid_rows=3333, depth=3.
[2026-05-22 10:09:14 UTC] LGBM HPO trial 36 fold 3/3 complete: partial_J=0.5786, elapsed=0.6s.
[2026-05-22 10:09:14 UTC] LGBM HPO trial 36 complete: J=0.5786, raw_J=0.5926, elapsed=1.7s.
[I 2026-05-22 12:09:14,579] Trial 36 finished with value: 0.578647962713674 and parameters: {'max_depth': 3, 'subsample': 0.7067094725018213, 'reg_alpha': 2.9150001269953973, 'reg_lambda': 4.079609615879649, 'min_child_samples_pct': 0.03345976467804652, 'min_child_weight': 65.67374518470992, 'min_split_gain': 0.005319627489728304, 'colsample_bytree': 0.7241406885498564}. Best is trial 9 with value: 0.5913473571460877.
[2026-05-22 10:09:14 UTC] LGBM HPO trial 37 fold 1/3 started: train_rows=6666, valid_rows=3334, depth=6.
[2026-05-22 10:09:14 UTC] LGBM HPO trial 37 fold 1/3 complete: partial_J=0.6064, elapsed=0.3s.
[2026-05-22 10:09:14 UTC] LGBM HPO trial 37 fold 2/3 started: train_rows=6667, valid_rows=3333, depth=6.
[2026-05-22 10:09:15 UTC] LGBM HPO trial 37 fold 2/3 complete: partial_J=0.5952, elapsed=0.7s.
[2026-05-22 10:09:15 UTC] LGBM HPO trial 37 fold 3/3 started: train_rows=6667, valid_rows=3333, depth=6.
[2026-05-22 10:09:16 UTC] LGBM HPO trial 37 fold 3/3 complete: partial_J=0.5897, elapsed=0.7s.
[2026-05-22 10:09:16 UTC] LGBM HPO trial 37 complete: J=0.5897, raw_J=0.6008, elapsed=1.7s.
[I 2026-05-22 12:09:16,274] Trial 37 finished with value: 0.5897101953972307 and parameters: {'max_depth': 6, 'subsample': 0.7429431900682775, 'reg_alpha': 0.16391793541190014, 'reg_lambda': 17.79315910769477, 'min_child_samples_pct': 0.04451539639082419, 'min_child_weight': 44.6087356284288, 'min_split_gain': 0.0032263062504619966, 'colsample_bytree': 0.7387546275687893}. Best is trial 9 with value: 0.5913473571460877.
[2026-05-22 10:09:16 UTC] LGBM HPO trial 38 fold 1/3 started: train_rows=6666, valid_rows=3334, depth=6.
[2026-05-22 10:09:16 UTC] LGBM HPO trial 38 fold 1/3 complete: partial_J=0.6026, elapsed=0.3s.
[2026-05-22 10:09:16 UTC] LGBM HPO trial 38 fold 2/3 started: train_rows=6667, valid_rows=3333, depth=6.
[2026-05-22 10:09:17 UTC] LGBM HPO trial 38 fold 2/3 complete: partial_J=0.5852, elapsed=0.7s.
[2026-05-22 10:09:17 UTC] LGBM HPO trial 38 fold 3/3 started: train_rows=6667, valid_rows=3333, depth=6.
[2026-05-22 10:09:18 UTC] LGBM HPO trial 38 fold 3/3 complete: partial_J=0.5771, elapsed=0.8s.
[2026-05-22 10:09:18 UTC] LGBM HPO trial 38 complete: J=0.5771, raw_J=0.5895, elapsed=1.9s.
