[I 2026-05-22 12:52:43,959] Trial 47 finished with value: 3.3984357783570887 and parameters: {'sl_mult': 2.1, 'adverse_exit_min_mae_sl_frac': 0.5, 'capital_protect_mfe_mult': 0.1, 'capital_protect_regression_frac': 0.9500000000000001, 'adverse_exit_min_speed': 1.3000000000000003, 'adverse_exit_theta_quantile': 0.65}. Best is trial 11 with value: 4.088492455391679.
[I 2026-05-22 12:52:44,021] Trial 48 finished with value: 3.3139059478766284 and parameters: {'sl_mult': 0.8, 'adverse_exit_min_mae_sl_frac': 0.65, 'capital_protect_mfe_mult': 0.30000000000000004, 'capital_protect_regression_frac': 0.2, 'adverse_exit_min_speed': 1.4000000000000001, 'adverse_exit_theta_quantile': 0.75}. Best is trial 11 with value: 4.088492455391679.
[I 2026-05-22 12:52:44,081] Trial 49 finished with value: 3.8019441349199044 and parameters: {'sl_mult': 0.6, 'adverse_exit_min_mae_sl_frac': 0.5, 'capital_protect_mfe_mult': 3.0, 'capital_protect_regression_frac': 0.55, 'adverse_exit_min_speed': 1.5, 'adverse_exit_theta_quantile': 0.6}. Best is trial 11 with value: 4.088492455391679.
[I 2026-05-22 12:52:44,150] Trial 50 finished with value: 3.4265450460545255 and parameters: {'sl_mult': 2.9000000000000004, 'adverse_exit_min_mae_sl_frac': 0.6000000000000001, 'capital_protect_mfe_mult': 0.5, 'capital_protect_regression_frac': 0.8500000000000001, 'adverse_exit_min_speed': 1.2000000000000002, 'adverse_exit_theta_quantile': 0.7}. Best is trial 11 with value: 4.088492455391679.
[I 2026-05-22 12:52:44,207] Trial 51 finished with value: 4.088492455391679 and parameters: {'sl_mult': 0.5, 'adverse_exit_min_mae_sl_frac': 0.55, 'capital_protect_mfe_mult': 0.0, 'capital_protect_regression_frac': 0.8, 'adverse_exit_min_speed': 1.5, 'adverse_exit_theta_quantile': 0.7}. Best is trial 11 with value: 4.088492455391679.
[I 2026-05-22 12:52:44,266] Trial 52 finished with value: 3.840531052276492 and parameters: {'sl_mult': 0.7, 'adverse_exit_min_mae_sl_frac': 0.55, 'capital_protect_mfe_mult': 0.0, 'capital_protect_regression_frac': 0.8, 'adverse_exit_min_speed': 1.5, 'adverse_exit_theta_quantile': 0.65}. Best is trial 11 with value: 4.088492455391679.
[I 2026-05-22 12:52:44,328] Trial 53 finished with value: 4.010298918909394 and parameters: {'sl_mult': 0.5, 'adverse_exit_min_mae_sl_frac': 0.45, 'capital_protect_mfe_mult': 0.1, 'capital_protect_regression_frac': 0.7000000000000001, 'adverse_exit_min_speed': 1.4000000000000001, 'adverse_exit_theta_quantile': 0.7}. Best is trial 11 with value: 4.088492455391679.
[I 2026-05-22 12:52:44,392] Trial 54 finished with value: 3.358701876574196 and parameters: {'sl_mult': 1.0, 'adverse_exit_min_mae_sl_frac': 0.5, 'capital_protect_mfe_mult': 0.30000000000000004, 'capital_protect_regression_frac': 0.75, 'adverse_exit_min_speed': 1.3000000000000003, 'adverse_exit_theta_quantile': 0.75}. Best is trial 11 with value: 4.088492455391679.
[I 2026-05-22 12:52:44,450] Trial 55 finished with value: 3.9354339001467453 and parameters: {'sl_mult': 0.6, 'adverse_exit_min_mae_sl_frac': 0.55, 'capital_protect_mfe_mult': 0.0, 'capital_protect_regression_frac': 0.8500000000000001, 'adverse_exit_min_speed': 1.5, 'adverse_exit_theta_quantile': 0.65}. Best is trial 11 with value: 4.088492455391679.
[I 2026-05-22 12:52:44,513] Trial 56 finished with value: 3.47140169555787 and parameters: {'sl_mult': 0.9, 'adverse_exit_min_mae_sl_frac': 0.6000000000000001, 'capital_protect_mfe_mult': 0.4, 'capital_protect_regression_frac': 0.9, 'adverse_exit_min_speed': 1.4000000000000001, 'adverse_exit_theta_quantile': 0.8}. Best is trial 11 with value: 4.088492455391679.
[I 2026-05-22 12:52:44,577] Trial 57 finished with value: 3.657548665383365 and parameters: {'sl_mult': 0.7, 'adverse_exit_min_mae_sl_frac': 0.55, 'capital_protect_mfe_mult': 0.6000000000000001, 'capital_protect_regression_frac': 0.8, 'adverse_exit_min_speed': 1.3000000000000003, 'adverse_exit_theta_quantile': 0.7}. Best is trial 11 with value: 4.088492455391679.
[I 2026-05-22 12:52:44,668] Trial 58 finished with value: 3.4947577739978444 and parameters: {'sl_mult': 1.1, 'adverse_exit_min_mae_sl_frac': 0.45, 'capital_protect_mfe_mult': 0.1, 'capital_protect_regression_frac': 0.9500000000000001, 'adverse_exit_min_speed': 1.5, 'adverse_exit_theta_quantile': 0.65}. Best is trial 11 with value: 4.088492455391679.
[I 2026-05-22 12:52:44,741] Trial 59 finished with value: 3.99165550020989 and parameters: {'sl_mult': 0.5, 'adverse_exit_min_mae_sl_frac': 0.30000000000000004, 'capital_protect_mfe_mult': 0.30000000000000004, 'capital_protect_regression_frac': 0.7000000000000001, 'adverse_exit_min_speed': 1.4000000000000001, 'adverse_exit_theta_quantile': 0.6}. Best is trial 11 with value: 4.088492455391679.
[I 2026-05-22 12:52:44,816] Trial 60 finished with value: 3.475873218989 and parameters: {'sl_mult': 0.8, 'adverse_exit_min_mae_sl_frac': 0.5, 'capital_protect_mfe_mult': 0.2, 'capital_protect_regression_frac': 0.65, 'adverse_exit_min_speed': 1.0, 'adverse_exit_theta_quantile': 0.75}. Best is trial 11 with value: 4.088492455391679.
[I 2026-05-22 12:52:44,876] Trial 61 finished with value: 4.088492455391679 and parameters: {'sl_mult': 0.5, 'adverse_exit_min_mae_sl_frac': 0.55, 'capital_protect_mfe_mult': 0.0, 'capital_protect_regression_frac': 0.8, 'adverse_exit_min_speed': 1.5, 'adverse_exit_theta_quantile': 0.7}. Best is trial 11 with value: 4.088492455391679.
2026-05-22 12:52:45,399 - __main__ - INFO - ℹ️ Policy medoid selection: trailing_medoid=41 stage2_medoid=12 best_trial_stage2=11 final_sl=0.500 adverse_enabled=True
2026-05-22 12:52:45,447 - __main__ - INFO - ℹ️ 
--- short_loc_ema_stack_pos_24_0_43357179_compression_ratio_-0_33411601_mkt_ret_eq_24h_1_1280091_mkt_ret_eq_24h_-0_81129736_up_down_semivol_ratio_tanh_-0_39156261 | cv_fold_2_train | top_30 ---
2026-05-22 12:52:45,447 - __main__ - INFO - ℹ️ Period: 2026-01-15 to 2026-05-15
2026-05-22 12:52:45,447 - __main__ - INFO - ℹ️ Trades: 2103 selected from 10875 candidates (concurrency skipped=8772)
2026-05-22 12:52:45,447 - __main__ - INFO - ℹ️ Net PnL/Trade (Bankroll): 0.20%
2026-05-22 12:52:45,447 - __main__ - INFO - ℹ️ Net PnL/Trade (Sized): 1.36%
2026-05-22 12:52:45,447 - __main__ - INFO - ℹ️ Avg Win: 5.45%, Avg Loss: -1.30%
2026-05-22 12:52:45,447 - __main__ - INFO - ℹ️ Hit Rate (trailing profit only): 38.8%; positive-PnL rate: 39.3%
2026-05-22 12:52:45,447 - __main__ - INFO - ℹ️ Exit mix: trailing=815 (38.8%), capital_protect=0 (0.0%), full_sl=1272 (60.5%), adverse_fast=0 (0.0%), timeout=16 (0.8%)
2026-05-22 12:52:45,447 - __main__ - INFO - ℹ️ Sortino (W / M): 100.00 / 100.00
2026-05-22 12:52:45,447 - __main__ - INFO - ℹ️ Max DD: -12.76%
2026-05-22 12:52:45,447 - __main__ - INFO - ℹ️ Time Under Water: 34.5 days
2026-05-22 12:52:45,447 - __main__ - INFO - ℹ️ PnL Std (W / M): 26.56% / 77.31%
2026-05-22 12:52:45,503 - __main__ - INFO - ℹ️ 
--- short_loc_ema_stack_pos_24_0_43357179_compression_ratio_-0_33411601_mkt_ret_eq_24h_1_1280091_mkt_ret_eq_24h_-0_81129736_up_down_semivol_ratio_tanh_-0_39156261 | cv_fold_2_train | top_20 ---
2026-05-22 12:52:45,503 - __main__ - INFO - ℹ️ Period: 2026-01-15 to 2026-05-15
2026-05-22 12:52:45,503 - __main__ - INFO - ℹ️ Trades: 2103 selected from 10875 candidates (concurrency skipped=8772)
2026-05-22 12:52:45,503 - __main__ - INFO - ℹ️ Net PnL/Trade (Bankroll): 0.20%
2026-05-22 12:52:45,503 - __main__ - INFO - ℹ️ Net PnL/Trade (Sized): 1.36%
2026-05-22 12:52:45,503 - __main__ - INFO - ℹ️ Avg Win: 5.45%, Avg Loss: -1.30%
2026-05-22 12:52:45,503 - __main__ - INFO - ℹ️ Hit Rate (trailing profit only): 38.8%; positive-PnL rate: 39.3%
2026-05-22 12:52:45,503 - __main__ - INFO - ℹ️ Exit mix: trailing=815 (38.8%), capital_protect=0 (0.0%), full_sl=1272 (60.5%), adverse_fast=0 (0.0%), timeout=16 (0.8%)
2026-05-22 12:52:45,503 - __main__ - INFO - ℹ️ Sortino (W / M): 100.00 / 100.00
2026-05-22 12:52:45,503 - __main__ - INFO - ℹ️ Max DD: -12.76%
2026-05-22 12:52:45,503 - __main__ - INFO - ℹ️ Time Under Water: 34.5 days
2026-05-22 12:52:45,504 - __main__ - INFO - ℹ️ PnL Std (W / M): 26.56% / 77.31%
2026-05-22 12:52:45,554 - __main__ - INFO - ℹ️ 
--- short_loc_ema_stack_pos_24_0_43357179_compression_ratio_-0_33411601_mkt_ret_eq_24h_1_1280091_mkt_ret_eq_24h_-0_81129736_up_down_semivol_ratio_tanh_-0_39156261 | cv_fold_2_train | top_15 ---
2026-05-22 12:52:45,554 - __main__ - INFO - ℹ️ Period: 2026-01-15 to 2026-05-15
2026-05-22 12:52:45,554 - __main__ - INFO - ℹ️ Trades: 2103 selected from 10875 candidates (concurrency skipped=8772)
2026-05-22 12:52:45,554 - __main__ - INFO - ℹ️ Net PnL/Trade (Bankroll): 0.20%
2026-05-22 12:52:45,554 - __main__ - INFO - ℹ️ Net PnL/Trade (Sized): 1.36%
2026-05-22 12:52:45,554 - __main__ - INFO - ℹ️ Avg Win: 5.45%, Avg Loss: -1.30%
2026-05-22 12:52:45,554 - __main__ - INFO - ℹ️ Hit Rate (trailing profit only): 38.8%; positive-PnL rate: 39.3%
2026-05-22 12:52:45,554 - __main__ - INFO - ℹ️ Exit mix: trailing=815 (38.8%), capital_protect=0 (0.0%), full_sl=1272 (60.5%), adverse_fast=0 (0.0%), timeout=16 (0.8%)
2026-05-22 12:52:45,555 - __main__ - INFO - ℹ️ Sortino (W / M): 100.00 / 100.00
2026-05-22 12:52:45,555 - __main__ - INFO - ℹ️ Max DD: -12.76%
2026-05-22 12:52:45,555 - __main__ - INFO - ℹ️ Time Under Water: 34.5 days
2026-05-22 12:52:45,555 - __main__ - INFO - ℹ️ PnL Std (W / M): 26.56% / 77.31%
2026-05-22 12:52:45,602 - __main__ - INFO - ℹ️ 
--- short_loc_ema_stack_pos_24_0_43357179_compression_ratio_-0_33411601_mkt_ret_eq_24h_1_1280091_mkt_ret_eq_24h_-0_81129736_up_down_semivol_ratio_tanh_-0_39156261 | cv_fold_2_train | top_10 ---
2026-05-22 12:52:45,602 - __main__ - INFO - ℹ️ Period: 2026-01-15 to 2026-05-15
2026-05-22 12:52:45,602 - __main__ - INFO - ℹ️ Trades: 2103 selected from 10875 candidates (concurrency skipped=8772)
2026-05-22 12:52:45,602 - __main__ - INFO - ℹ️ Net PnL/Trade (Bankroll): 0.20%
2026-05-22 12:52:45,602 - __main__ - INFO - ℹ️ Net PnL/Trade (Sized): 1.36%
2026-05-22 12:52:45,602 - __main__ - INFO - ℹ️ Avg Win: 5.45%, Avg Loss: -1.30%
2026-05-22 12:52:45,602 - __main__ - INFO - ℹ️ Hit Rate (trailing profit only): 38.8%; positive-PnL rate: 39.3%
2026-05-22 12:52:45,602 - __main__ - INFO - ℹ️ Exit mix: trailing=815 (38.8%), capital_protect=0 (0.0%), full_sl=1272 (60.5%), adverse_fast=0 (0.0%), timeout=16 (0.8%)
2026-05-22 12:52:45,602 - __main__ - INFO - ℹ️ Sortino (W / M): 100.00 / 100.00
2026-05-22 12:52:45,602 - __main__ - INFO - ℹ️ Max DD: -12.76%
2026-05-22 12:52:45,602 - __main__ - INFO - ℹ️ Time Under Water: 34.5 days
2026-05-22 12:52:45,602 - __main__ - INFO - ℹ️ PnL Std (W / M): 26.56% / 77.31%
2026-05-22 12:52:45,644 - __main__ - INFO - ℹ️ 
--- short_loc_ema_stack_pos_24_0_43357179_compression_ratio_-0_33411601_mkt_ret_eq_24h_1_1280091_mkt_ret_eq_24h_-0_81129736_up_down_semivol_ratio_tanh_-0_39156261 | cv_fold_2_train | top_5 ---
2026-05-22 12:52:45,644 - __main__ - INFO - ℹ️ Period: 2026-01-15 to 2026-05-15
2026-05-22 12:52:45,644 - __main__ - INFO - ℹ️ Trades: 1937 selected from 9032 candidates (concurrency skipped=7095)
2026-05-22 12:52:45,644 - __main__ - INFO - ℹ️ Net PnL/Trade (Bankroll): 0.21%
2026-05-22 12:52:45,644 - __main__ - INFO - ℹ️ Net PnL/Trade (Sized): 1.43%
2026-05-22 12:52:45,645 - __main__ - INFO - ℹ️ Avg Win: 5.53%, Avg Loss: -1.30%
2026-05-22 12:52:45,645 - __main__ - INFO - ℹ️ Hit Rate (trailing profit only): 39.3%; positive-PnL rate: 40.0%
2026-05-22 12:52:45,645 - __main__ - INFO - ℹ️ Exit mix: trailing=762 (39.3%), capital_protect=0 (0.0%), full_sl=1160 (59.9%), adverse_fast=0 (0.0%), timeout=15 (0.8%)
2026-05-22 12:52:45,645 - __main__ - INFO - ℹ️ Sortino (W / M): 100.00 / 100.00
2026-05-22 12:52:45,645 - __main__ - INFO - ℹ️ Max DD: -12.54%
2026-05-22 12:52:45,645 - __main__ - INFO - ℹ️ Time Under Water: 34.5 days
2026-05-22 12:52:45,645 - __main__ - INFO - ℹ️ PnL Std (W / M): 25.26% / 73.40%
2026-05-22 12:52:45,664 - __main__ - INFO - ℹ️ 
--- short_loc_ema_stack_pos_24_0_43357179_compression_ratio_-0_33411601_mkt_ret_eq_24h_1_1280091_mkt_ret_eq_24h_-0_81129736_up_down_semivol_ratio_tanh_-0_39156261 | cv_fold_2_train | top_1 ---
2026-05-22 12:52:45,665 - __main__ - INFO - ℹ️ Period: 2026-01-16 to 2026-05-15
2026-05-22 12:52:45,665 - __main__ - INFO - ℹ️ Trades: 780 selected from 1796 candidates (concurrency skipped=1016)
2026-05-22 12:52:45,665 - __main__ - INFO - ℹ️ Net PnL/Trade (Bankroll): 0.29%
2026-05-22 12:52:45,665 - __main__ - INFO - ℹ️ Net PnL/Trade (Sized): 1.94%
2026-05-22 12:52:45,665 - __main__ - INFO - ℹ️ Avg Win: 5.41%, Avg Loss: -1.29%
2026-05-22 12:52:45,665 - __main__ - INFO - ℹ️ Hit Rate (trailing profit only): 47.3%; positive-PnL rate: 48.2%
2026-05-22 12:52:45,665 - __main__ - INFO - ℹ️ Exit mix: trailing=369 (47.3%), capital_protect=0 (0.0%), full_sl=401 (51.4%), adverse_fast=0 (0.0%), timeout=10 (1.3%)
2026-05-22 12:52:45,665 - __main__ - INFO - ℹ️ Sortino (W / M): 100.00 / 100.00
2026-05-22 12:52:45,665 - __main__ - INFO - ℹ️ Max DD: -5.44%
2026-05-22 12:52:45,665 - __main__ - INFO - ℹ️ Time Under Water: 34.5 days
2026-05-22 12:52:45,665 - __main__ - INFO - ℹ️ PnL Std (W / M): 15.00% / 42.94%
2026-05-22 12:52:45,694 - __main__ - INFO - ℹ️ 
--- short_loc_ema_stack_pos_24_0_43357179_compression_ratio_-0_33411601_mkt_ret_eq_24h_1_1280091_mkt_ret_eq_24h_-0_81129736_up_down_semivol_ratio_tanh_-0_39156261 | cv_fold_2_validation | top_30 ---
2026-05-22 12:52:45,694 - __main__ - INFO - ℹ️ Period: 2026-03-03 to 2026-04-06
2026-05-22 12:52:45,694 - __main__ - INFO - ℹ️ Trades: 858 selected from 5438 candidates (concurrency skipped=4580)
2026-05-22 12:52:45,694 - __main__ - INFO - ℹ️ Net PnL/Trade (Bankroll): 0.15%
2026-05-22 12:52:45,694 - __main__ - INFO - ℹ️ Net PnL/Trade (Sized): 1.03%
2026-05-22 12:52:45,694 - __main__ - INFO - ℹ️ Avg Win: 4.64%, Avg Loss: -1.30%
2026-05-22 12:52:45,694 - __main__ - INFO - ℹ️ Hit Rate (trailing profit only): 38.7%; positive-PnL rate: 39.2%
2026-05-22 12:52:45,694 - __main__ - INFO - ℹ️ Exit mix: trailing=332 (38.7%), capital_protect=0 (0.0%), full_sl=522 (60.8%), adverse_fast=0 (0.0%), timeout=4 (0.5%)
2026-05-22 12:52:45,694 - __main__ - INFO - ℹ️ Sortino (W / M): 100.00 / 100.00
2026-05-22 12:52:45,694 - __main__ - INFO - ℹ️ Max DD: -7.69%
2026-05-22 12:52:45,694 - __main__ - INFO - ℹ️ Time Under Water: 3.2 days
2026-05-22 12:52:45,694 - __main__ - INFO - ℹ️ PnL Std (W / M): 15.86% / 66.97%
2026-05-22 12:52:45,724 - __main__ - INFO - ℹ️ 
--- short_loc_ema_stack_pos_24_0_43357179_compression_ratio_-0_33411601_mkt_ret_eq_24h_1_1280091_mkt_ret_eq_24h_-0_81129736_up_down_semivol_ratio_tanh_-0_39156261 | cv_fold_2_validation | top_20 ---
2026-05-22 12:52:45,724 - __main__ - INFO - ℹ️ Period: 2026-03-03 to 2026-04-06
2026-05-22 12:52:45,724 - __main__ - INFO - ℹ️ Trades: 858 selected from 5438 candidates (concurrency skipped=4580)
2026-05-22 12:52:45,724 - __main__ - INFO - ℹ️ Net PnL/Trade (Bankroll): 0.15%
2026-05-22 12:52:45,724 - __main__ - INFO - ℹ️ Net PnL/Trade (Sized): 1.03%
2026-05-22 12:52:45,724 - __main__ - INFO - ℹ️ Avg Win: 4.64%, Avg Loss: -1.30%
2026-05-22 12:52:45,724 - __main__ - INFO - ℹ️ Hit Rate (trailing profit only): 38.7%; positive-PnL rate: 39.2%
2026-05-22 12:52:45,724 - __main__ - INFO - ℹ️ Exit mix: trailing=332 (38.7%), capital_protect=0 (0.0%), full_sl=522 (60.8%), adverse_fast=0 (0.0%), timeout=4 (0.5%)
2026-05-22 12:52:45,724 - __main__ - INFO - ℹ️ Sortino (W / M): 100.00 / 100.00
2026-05-22 12:52:45,724 - __main__ - INFO - ℹ️ Max DD: -7.69%
2026-05-22 12:52:45,724 - __main__ - INFO - ℹ️ Time Under Water: 3.2 days
2026-05-22 12:52:45,724 - __main__ - INFO - ℹ️ PnL Std (W / M): 15.86% / 66.97%
2026-05-22 12:52:45,754 - __main__ - INFO - ℹ️ 
--- short_loc_ema_stack_pos_24_0_43357179_compression_ratio_-0_33411601_mkt_ret_eq_24h_1_1280091_mkt_ret_eq_24h_-0_81129736_up_down_semivol_ratio_tanh_-0_39156261 | cv_fold_2_validation | top_15 ---
2026-05-22 12:52:45,754 - __main__ - INFO - ℹ️ Period: 2026-03-03 to 2026-04-06
2026-05-22 12:52:45,754 - __main__ - INFO - ℹ️ Trades: 858 selected from 5438 candidates (concurrency skipped=4580)
2026-05-22 12:52:45,754 - __main__ - INFO - ℹ️ Net PnL/Trade (Bankroll): 0.15%
2026-05-22 12:52:45,754 - __main__ - INFO - ℹ️ Net PnL/Trade (Sized): 1.03%
2026-05-22 12:52:45,754 - __main__ - INFO - ℹ️ Avg Win: 4.64%, Avg Loss: -1.30%
2026-05-22 12:52:45,754 - __main__ - INFO - ℹ️ Hit Rate (trailing profit only): 38.7%; positive-PnL rate: 39.2%
2026-05-22 12:52:45,755 - __main__ - INFO - ℹ️ Exit mix: trailing=332 (38.7%), capital_protect=0 (0.0%), full_sl=522 (60.8%), adverse_fast=0 (0.0%), timeout=4 (0.5%)
2026-05-22 12:52:45,755 - __main__ - INFO - ℹ️ Sortino (W / M): 100.00 / 100.00
2026-05-22 12:52:45,755 - __main__ - INFO - ℹ️ Max DD: -7.69%
2026-05-22 12:52:45,755 - __main__ - INFO - ℹ️ Time Under Water: 3.2 days
2026-05-22 12:52:45,755 - __main__ - INFO - ℹ️ PnL Std (W / M): 15.86% / 66.97%
2026-05-22 12:52:45,784 - __main__ - INFO - ℹ️ 
--- short_loc_ema_stack_pos_24_0_43357179_compression_ratio_-0_33411601_mkt_ret_eq_24h_1_1280091_mkt_ret_eq_24h_-0_81129736_up_down_semivol_ratio_tanh_-0_39156261 | cv_fold_2_validation | top_10 ---
2026-05-22 12:52:45,784 - __main__ - INFO - ℹ️ Period: 2026-03-03 to 2026-04-06
2026-05-22 12:52:45,784 - __main__ - INFO - ℹ️ Trades: 858 selected from 5438 candidates (concurrency skipped=4580)
2026-05-22 12:52:45,784 - __main__ - INFO - ℹ️ Net PnL/Trade (Bankroll): 0.15%
2026-05-22 12:52:45,784 - __main__ - INFO - ℹ️ Net PnL/Trade (Sized): 1.03%
2026-05-22 12:52:45,784 - __main__ - INFO - ℹ️ Avg Win: 4.64%, Avg Loss: -1.30%
2026-05-22 12:52:45,784 - __main__ - INFO - ℹ️ Hit Rate (trailing profit only): 38.7%; positive-PnL rate: 39.2%
2026-05-22 12:52:45,784 - __main__ - INFO - ℹ️ Exit mix: trailing=332 (38.7%), capital_protect=0 (0.0%), full_sl=522 (60.8%), adverse_fast=0 (0.0%), timeout=4 (0.5%)
2026-05-22 12:52:45,784 - __main__ - INFO - ℹ️ Sortino (W / M): 100.00 / 100.00
2026-05-22 12:52:45,784 - __main__ - INFO - ℹ️ Max DD: -7.69%
2026-05-22 12:52:45,784 - __main__ - INFO - ℹ️ Time Under Water: 3.2 days
2026-05-22 12:52:45,784 - __main__ - INFO - ℹ️ PnL Std (W / M): 15.86% / 66.97%
2026-05-22 12:52:45,812 - __main__ - INFO - ℹ️ 
--- short_loc_ema_stack_pos_24_0_43357179_compression_ratio_-0_33411601_mkt_ret_eq_24h_1_1280091_mkt_ret_eq_24h_-0_81129736_up_down_semivol_ratio_tanh_-0_39156261 | cv_fold_2_validation | top_5 ---
2026-05-22 12:52:45,812 - __main__ - INFO - ℹ️ Period: 2026-03-03 to 2026-04-06
2026-05-22 12:52:45,812 - __main__ - INFO - ℹ️ Trades: 822 selected from 4562 candidates (concurrency skipped=3740)
2026-05-22 12:52:45,812 - __main__ - INFO - ℹ️ Net PnL/Trade (Bankroll): 0.15%
2026-05-22 12:52:45,812 - __main__ - INFO - ℹ️ Net PnL/Trade (Sized): 1.01%
2026-05-22 12:52:45,812 - __main__ - INFO - ℹ️ Avg Win: 4.63%, Avg Loss: -1.30%
2026-05-22 12:52:45,812 - __main__ - INFO - ℹ️ Hit Rate (trailing profit only): 38.6%; positive-PnL rate: 38.9%
2026-05-22 12:52:45,812 - __main__ - INFO - ℹ️ Exit mix: trailing=317 (38.6%), capital_protect=0 (0.0%), full_sl=502 (61.1%), adverse_fast=0 (0.0%), timeout=3 (0.4%)
2026-05-22 12:52:45,812 - __main__ - INFO - ℹ️ Sortino (W / M): 100.00 / 100.00
2026-05-22 12:52:45,812 - __main__ - INFO - ℹ️ Max DD: -7.57%
2026-05-22 12:52:45,812 - __main__ - INFO - ℹ️ Time Under Water: 3.3 days
2026-05-22 12:52:45,812 - __main__ - INFO - ℹ️ PnL Std (W / M): 14.02% / 62.65%
2026-05-22 12:52:45,829 - __main__ - INFO - ℹ️ 
--- short_loc_ema_stack_pos_24_0_43357179_compression_ratio_-0_33411601_mkt_ret_eq_24h_1_1280091_mkt_ret_eq_24h_-0_81129736_up_down_semivol_ratio_tanh_-0_39156261 | cv_fold_2_validation | top_1 ---
2026-05-22 12:52:45,829 - __main__ - INFO - ℹ️ Period: 2026-03-03 to 2026-04-06
2026-05-22 12:52:45,829 - __main__ - INFO - ℹ️ Trades: 391 selected from 923 candidates (concurrency skipped=532)
2026-05-22 12:52:45,829 - __main__ - INFO - ℹ️ Net PnL/Trade (Bankroll): 0.19%
2026-05-22 12:52:45,829 - __main__ - INFO - ℹ️ Net PnL/Trade (Sized): 1.25%
2026-05-22 12:52:45,829 - __main__ - INFO - ℹ️ Avg Win: 4.46%, Avg Loss: -1.30%
2026-05-22 12:52:45,829 - __main__ - INFO - ℹ️ Hit Rate (trailing profit only): 43.7%; positive-PnL rate: 44.2%
2026-05-22 12:52:45,829 - __main__ - INFO - ℹ️ Exit mix: trailing=171 (43.7%), capital_protect=0 (0.0%), full_sl=218 (55.8%), adverse_fast=0 (0.0%), timeout=2 (0.5%)
2026-05-22 12:52:45,829 - __main__ - INFO - ℹ️ Sortino (W / M): 100.00 / 100.00
2026-05-22 12:52:45,829 - __main__ - INFO - ℹ️ Max DD: -3.85%
2026-05-22 12:52:45,829 - __main__ - INFO - ℹ️ Time Under Water: 4.2 days
2026-05-22 12:52:45,829 - __main__ - INFO - ℹ️ PnL Std (W / M): 8.24% / 41.55%
2026-05-22 12:52:45,830 - __main__ - INFO - ℹ️ [short_loc_ema_stack_pos_24_0_43357179_compression_ratio_-0_33411601_mkt_ret_eq_24h_1_1280091_mkt_ret_eq_24h_-0_81129736_up_down_semivol_ratio_tanh_-0_39156261] CV fold 2/3 best_params={'sl_mult': 0.5, 'trailing_activation_mult': 1.25, 'trailing_power': 1.6, 'trailing_squash_divisor': 1.0, 'giveback_beta': 0.5, 'capital_protect_mfe_mult': 0.0, 'capital_protect_regression_frac': 0.8, 'adverse_exit_enabled': True, 'adverse_exit_min_mae_atr': 0.2, 'adverse_exit_min_speed': 1.5, 'adverse_exit_theta_quantile': 0.7, 'adverse_exit_alpha': 1.0, 'adverse_exit_beta': 1.0, 'adverse_exit_delta': 1.0, 'adverse_exit_fast_bars': 4, 'adverse_exit_max_mfe_atr': 0.25, 'provisional_trailing_stage_sl_mult': 0.5, 'sl_mult_source': 'capital_preservation_adverse_exit_top15_cluster_medoid', 'max_concurrent_trades': 4, 'max_concurrent_per_asset': 1, 'stage2_selection_method': 'top15_cluster_medoid'} best_size_power=1.100 train_top5_avg=0.002125 val_top5_avg=0.001497
2026-05-22 12:52:45,830 - __main__ - INFO - ℹ️ [short_loc_ema_stack_pos_24_0_43357179_compression_ratio_-0_33411601_mkt_ret_eq_24h_1_1280091_mkt_ret_eq_24h_-0_81129736_up_down_semivol_ratio_tanh_-0_39156261] CV fold 2 train-validation gap top5: avg_net=0.000628 win_rate=0.0077 sortino=0.0000 maxdd=-0.049686
[I 2026-05-22 12:52:45,835] A new study created in memory with name: no-name-6cd9b3ae-e356-4685-9b24-b90f844777a0
