[I 2026-05-22 12:57:25,405] Trial 7 finished with value: 0.7892746911904156 and parameters: {'alpha_base': 0.27728168328829056, 'alpha_recency': 1.4543769416468377, 'alpha_trade_quality': 1.1626992350416718, 'alpha_tp_opportunity': 1.4092484123462836, 'alpha_meta_magnitude': 1.3422410256414732, 'min_n_eff_ratio': 0.5783199830488681, 'max_top1pct': 0.18828113525346754}. Best is trial 0 with value: 0.8039037013035945.
[2026-05-22 10:57:25 UTC] CV fold complete | fold=1 seed=42 buckets_scored=1 train_size=18388 valid_size=6000 ic=0.723663 decile_spread=0.050829 pred_mean=0.000727 pred_std=0.022089 valid_ret_mean=0.001303 weighted_valid_ret_mean=0.001793 mem_mb=6645.250000
[2026-05-22 10:57:25 UTC] CV fold complete | fold=2 seed=42 buckets_scored=1 train_size=704 valid_size=6000 ic=0.761276 decile_spread=0.054492 pred_mean=0.001242 pred_std=0.022910 valid_ret_mean=0.001377 weighted_valid_ret_mean=0.001545 mem_mb=6645.250000
[2026-05-22 10:57:25 UTC] CV fold complete | fold=3 seed=42 buckets_scored=1 train_size=7827 valid_size=6000 ic=0.785268 decile_spread=0.065936 pred_mean=0.002586 pred_std=0.019975 valid_ret_mean=0.002759 weighted_valid_ret_mean=0.003238 mem_mb=6645.250000
[2026-05-22 10:57:25 UTC] CV fold complete | fold=4 seed=42 buckets_scored=1 train_size=6207 valid_size=6000 ic=0.822494 decile_spread=0.062673 pred_mean=0.001917 pred_std=0.020035 valid_ret_mean=0.002249 weighted_valid_ret_mean=0.002649 mem_mb=6645.250000
[2026-05-22 10:57:25 UTC] CV fold complete | fold=5 seed=42 buckets_scored=1 train_size=10275 valid_size=6000 ic=0.836147 decile_spread=0.080426 pred_mean=0.001769 pred_std=0.022487 valid_ret_mean=0.002870 weighted_valid_ret_mean=0.003191 mem_mb=6645.250000
[2026-05-22 10:57:25 UTC] CV fold complete | fold=1 seed=123 buckets_scored=1 train_size=18388 valid_size=6000 ic=0.723663 decile_spread=0.050829 pred_mean=0.000727 pred_std=0.022089 valid_ret_mean=0.001303 weighted_valid_ret_mean=0.001793 mem_mb=6645.250000
[2026-05-22 10:57:25 UTC] CV fold complete | fold=2 seed=123 buckets_scored=1 train_size=704 valid_size=6000 ic=0.761276 decile_spread=0.054492 pred_mean=0.001242 pred_std=0.022910 valid_ret_mean=0.001377 weighted_valid_ret_mean=0.001545 mem_mb=6645.250000
[2026-05-22 10:57:25 UTC] CV fold complete | fold=3 seed=123 buckets_scored=1 train_size=7827 valid_size=6000 ic=0.785268 decile_spread=0.065936 pred_mean=0.002586 pred_std=0.019975 valid_ret_mean=0.002759 weighted_valid_ret_mean=0.003238 mem_mb=6645.250000
[2026-05-22 10:57:25 UTC] CV fold complete | fold=4 seed=123 buckets_scored=1 train_size=6207 valid_size=6000 ic=0.822494 decile_spread=0.062673 pred_mean=0.001917 pred_std=0.020035 valid_ret_mean=0.002249 weighted_valid_ret_mean=0.002649 mem_mb=6645.250000
[2026-05-22 10:57:25 UTC] CV fold complete | fold=5 seed=123 buckets_scored=1 train_size=10275 valid_size=6000 ic=0.836147 decile_spread=0.080426 pred_mean=0.001769 pred_std=0.022487 valid_ret_mean=0.002870 weighted_valid_ret_mean=0.003191 mem_mb=6645.250000
[2026-05-22 10:57:25 UTC] Objective evaluated | n_eff=27435.700074 n_eff_ratio=0.914523 top1pct_share=0.021001 ic_mean=0.785770 ic_std=0.000000 decile_spread_mean=0.062871 objective=0.785770 weighted_return_mean=0.002437 mem_mb=6645.250000
[2026-05-22 10:57:25 UTC] Optuna trial | trial=8 score=0.785770 n_eff=27435.700074 n_eff_ratio=0.914523 top1pct_weight_share=0.021001 weighted_return_mean=0.002437 weight_std=0.552597 mem_mb=6645.250000
[I 2026-05-22 12:57:25,450] Trial 8 finished with value: 0.7857696487993759 and parameters: {'alpha_base': 0.13273875307787925, 'alpha_recency': 0.2939742936287178, 'alpha_trade_quality': 0.0678409333658071, 'alpha_tp_opportunity': 0.4879954961448965, 'alpha_meta_magnitude': 0.583015934534223, 'min_n_eff_ratio': 0.31707922541911676, 'max_top1pct': 0.17431062637278943}. Best is trial 0 with value: 0.8039037013035945.
[2026-05-22 10:57:25 UTC] CV fold complete | fold=1 seed=42 buckets_scored=1 train_size=18388 valid_size=6000 ic=0.734447 decile_spread=0.052051 pred_mean=0.000876 pred_std=0.021601 valid_ret_mean=0.001303 weighted_valid_ret_mean=0.001564 mem_mb=6645.250000
[2026-05-22 10:57:25 UTC] CV fold complete | fold=2 seed=42 buckets_scored=1 train_size=704 valid_size=6000 ic=0.769060 decile_spread=0.054937 pred_mean=0.001108 pred_std=0.022756 valid_ret_mean=0.001377 weighted_valid_ret_mean=0.001090 mem_mb=6645.250000
[2026-05-22 10:57:25 UTC] CV fold complete | fold=3 seed=42 buckets_scored=1 train_size=7827 valid_size=6000 ic=0.810528 decile_spread=0.066924 pred_mean=0.002243 pred_std=0.019684 valid_ret_mean=0.002759 weighted_valid_ret_mean=0.003005 mem_mb=6645.250000
[2026-05-22 10:57:25 UTC] CV fold complete | fold=4 seed=42 buckets_scored=1 train_size=6207 valid_size=6000 ic=0.828263 decile_spread=0.062497 pred_mean=0.001908 pred_std=0.020099 valid_ret_mean=0.002249 weighted_valid_ret_mean=0.002360 mem_mb=6645.250000
[2026-05-22 10:57:25 UTC] CV fold complete | fold=5 seed=42 buckets_scored=1 train_size=10275 valid_size=6000 ic=0.842825 decile_spread=0.079686 pred_mean=0.001624 pred_std=0.022561 valid_ret_mean=0.002870 weighted_valid_ret_mean=0.002809 mem_mb=6645.250000
[2026-05-22 10:57:25 UTC] CV fold complete | fold=1 seed=123 buckets_scored=1 train_size=18388 valid_size=6000 ic=0.734447 decile_spread=0.052051 pred_mean=0.000876 pred_std=0.021601 valid_ret_mean=0.001303 weighted_valid_ret_mean=0.001564 mem_mb=6645.250000
[2026-05-22 10:57:25 UTC] CV fold complete | fold=2 seed=123 buckets_scored=1 train_size=704 valid_size=6000 ic=0.769060 decile_spread=0.054937 pred_mean=0.001108 pred_std=0.022756 valid_ret_mean=0.001377 weighted_valid_ret_mean=0.001090 mem_mb=6645.250000
[2026-05-22 10:57:25 UTC] CV fold complete | fold=3 seed=123 buckets_scored=1 train_size=7827 valid_size=6000 ic=0.810528 decile_spread=0.066924 pred_mean=0.002243 pred_std=0.019684 valid_ret_mean=0.002759 weighted_valid_ret_mean=0.003005 mem_mb=6645.250000
[2026-05-22 10:57:25 UTC] CV fold complete | fold=4 seed=123 buckets_scored=1 train_size=6207 valid_size=6000 ic=0.828263 decile_spread=0.062497 pred_mean=0.001908 pred_std=0.020099 valid_ret_mean=0.002249 weighted_valid_ret_mean=0.002360 mem_mb=6645.250000
[2026-05-22 10:57:25 UTC] CV fold complete | fold=5 seed=123 buckets_scored=1 train_size=10275 valid_size=6000 ic=0.842825 decile_spread=0.079686 pred_mean=0.001624 pred_std=0.022561 valid_ret_mean=0.002870 weighted_valid_ret_mean=0.002809 mem_mb=6645.250000
[2026-05-22 10:57:25 UTC] Objective evaluated | n_eff=23815.264500 n_eff_ratio=0.793842 top1pct_share=0.038998 ic_mean=0.797025 ic_std=0.000000 decile_spread_mean=0.063219 objective=0.797025 weighted_return_mean=0.002088 mem_mb=6645.250000
[2026-05-22 10:57:25 UTC] Optuna trial | trial=9 score=0.797025 n_eff=23815.264500 n_eff_ratio=0.793842 top1pct_weight_share=0.038998 weighted_return_mean=0.002088 weight_std=0.455563 mem_mb=6645.250000
[I 2026-05-22 12:57:25,495] Trial 9 finished with value: 0.7970246307009058 and parameters: {'alpha_base': 0.5351299900403839, 'alpha_recency': 0.42140176453107114, 'alpha_trade_quality': 0.8140441247373726, 'alpha_tp_opportunity': 0.21138633746214397, 'alpha_meta_magnitude': 1.2032954711310595, 'min_n_eff_ratio': 0.15964051494381667, 'max_top1pct': 0.1980330404900776}. Best is trial 0 with value: 0.8039037013035945.
[2026-05-22 10:57:25 UTC] CV fold complete | fold=1 seed=42 buckets_scored=1 train_size=18388 valid_size=6000 ic=0.743944 decile_spread=0.052979 pred_mean=0.001078 pred_std=0.020858 valid_ret_mean=0.001303 weighted_valid_ret_mean=0.000804 mem_mb=6645.250000
[2026-05-22 10:57:25 UTC] CV fold complete | fold=2 seed=42 buckets_scored=1 train_size=704 valid_size=6000 ic=0.780498 decile_spread=0.055846 pred_mean=0.001271 pred_std=0.021490 valid_ret_mean=0.001377 weighted_valid_ret_mean=0.000604 mem_mb=6645.250000
[2026-05-22 10:57:25 UTC] CV fold complete | fold=3 seed=42 buckets_scored=1 train_size=7827 valid_size=6000 ic=0.821536 decile_spread=0.067475 pred_mean=0.002283 pred_std=0.018384 valid_ret_mean=0.002759 weighted_valid_ret_mean=0.002411 mem_mb=6645.250000
[2026-05-22 10:57:25 UTC] CV fold complete | fold=4 seed=42 buckets_scored=1 train_size=6207 valid_size=6000 ic=0.834056 decile_spread=0.062825 pred_mean=0.001946 pred_std=0.018820 valid_ret_mean=0.002249 weighted_valid_ret_mean=0.001857 mem_mb=6645.250000
[2026-05-22 10:57:25 UTC] CV fold complete | fold=5 seed=42 buckets_scored=1 train_size=10275 valid_size=6000 ic=0.847958 decile_spread=0.080017 pred_mean=0.001672 pred_std=0.021447 valid_ret_mean=0.002870 weighted_valid_ret_mean=0.002363 mem_mb=6645.250000
[2026-05-22 10:57:25 UTC] CV fold complete | fold=1 seed=123 buckets_scored=1 train_size=18388 valid_size=6000 ic=0.743944 decile_spread=0.052979 pred_mean=0.001078 pred_std=0.020858 valid_ret_mean=0.001303 weighted_valid_ret_mean=0.000804 mem_mb=6645.250000
[2026-05-22 10:57:25 UTC] CV fold complete | fold=2 seed=123 buckets_scored=1 train_size=704 valid_size=6000 ic=0.780498 decile_spread=0.055846 pred_mean=0.001271 pred_std=0.021490 valid_ret_mean=0.001377 weighted_valid_ret_mean=0.000604 mem_mb=6645.250000
[2026-05-22 10:57:25 UTC] CV fold complete | fold=3 seed=123 buckets_scored=1 train_size=7827 valid_size=6000 ic=0.821536 decile_spread=0.067475 pred_mean=0.002283 pred_std=0.018384 valid_ret_mean=0.002759 weighted_valid_ret_mean=0.002411 mem_mb=6645.250000
[2026-05-22 10:57:25 UTC] CV fold complete | fold=4 seed=123 buckets_scored=1 train_size=6207 valid_size=6000 ic=0.834056 decile_spread=0.062825 pred_mean=0.001946 pred_std=0.018820 valid_ret_mean=0.002249 weighted_valid_ret_mean=0.001857 mem_mb=6645.250000
[2026-05-22 10:57:25 UTC] CV fold complete | fold=5 seed=123 buckets_scored=1 train_size=10275 valid_size=6000 ic=0.847958 decile_spread=0.080017 pred_mean=0.001672 pred_std=0.021447 valid_ret_mean=0.002870 weighted_valid_ret_mean=0.002363 mem_mb=6645.250000
[2026-05-22 10:57:25 UTC] Objective evaluated | n_eff=22251.333902 n_eff_ratio=0.741711 top1pct_share=0.041790 ic_mean=0.805598 ic_std=0.000000 decile_spread_mean=0.063828 objective=0.805598 weighted_return_mean=0.001486 mem_mb=6645.250000
[2026-05-22 10:57:25 UTC] Optuna trial | trial=10 score=0.805598 n_eff=22251.333902 n_eff_ratio=0.741711 top1pct_weight_share=0.041790 weighted_return_mean=0.001486 weight_std=0.543131 mem_mb=6645.250000
[I 2026-05-22 12:57:25,558] Trial 10 finished with value: 0.8055982626829887 and parameters: {'alpha_base': 0.7704950355933129, 'alpha_recency': 1.0592004779335946, 'alpha_trade_quality': 1.4543056661817992, 'alpha_tp_opportunity': 1.3984355128676813, 'alpha_meta_magnitude': 0.02305160599215647, 'min_n_eff_ratio': 0.41843467377614124, 'max_top1pct': 0.05227163556541353}. Best is trial 10 with value: 0.8055982626829887.
[2026-05-22 10:57:25 UTC] CV fold complete | fold=1 seed=42 buckets_scored=1 train_size=18388 valid_size=6000 ic=0.744379 decile_spread=0.053049 pred_mean=0.001082 pred_std=0.020844 valid_ret_mean=0.001303 weighted_valid_ret_mean=0.000799 mem_mb=6645.250000
[2026-05-22 10:57:25 UTC] CV fold complete | fold=2 seed=42 buckets_scored=1 train_size=704 valid_size=6000 ic=0.780585 decile_spread=0.055898 pred_mean=0.001278 pred_std=0.021480 valid_ret_mean=0.001377 weighted_valid_ret_mean=0.000601 mem_mb=6645.250000
[2026-05-22 10:57:25 UTC] CV fold complete | fold=3 seed=42 buckets_scored=1 train_size=7827 valid_size=6000 ic=0.821208 decile_spread=0.067480 pred_mean=0.002296 pred_std=0.018372 valid_ret_mean=0.002759 weighted_valid_ret_mean=0.002395 mem_mb=6645.250000
[2026-05-22 10:57:25 UTC] CV fold complete | fold=4 seed=42 buckets_scored=1 train_size=6207 valid_size=6000 ic=0.834016 decile_spread=0.062787 pred_mean=0.001951 pred_std=0.018803 valid_ret_mean=0.002249 weighted_valid_ret_mean=0.001839 mem_mb=6645.250000
[2026-05-22 10:57:25 UTC] CV fold complete | fold=5 seed=42 buckets_scored=1 train_size=10275 valid_size=6000 ic=0.847931 decile_spread=0.080040 pred_mean=0.001679 pred_std=0.021432 valid_ret_mean=0.002870 weighted_valid_ret_mean=0.002349 mem_mb=6645.250000
[2026-05-22 10:57:25 UTC] CV fold complete | fold=1 seed=123 buckets_scored=1 train_size=18388 valid_size=6000 ic=0.744379 decile_spread=0.053049 pred_mean=0.001082 pred_std=0.020844 valid_ret_mean=0.001303 weighted_valid_ret_mean=0.000799 mem_mb=6645.250000
[2026-05-22 10:57:25 UTC] CV fold complete | fold=2 seed=123 buckets_scored=1 train_size=704 valid_size=6000 ic=0.780585 decile_spread=0.055898 pred_mean=0.001278 pred_std=0.021480 valid_ret_mean=0.001377 weighted_valid_ret_mean=0.000601 mem_mb=6645.250000
[2026-05-22 10:57:25 UTC] CV fold complete | fold=3 seed=123 buckets_scored=1 train_size=7827 valid_size=6000 ic=0.821208 decile_spread=0.067480 pred_mean=0.002296 pred_std=0.018372 valid_ret_mean=0.002759 weighted_valid_ret_mean=0.002395 mem_mb=6645.250000
[2026-05-22 10:57:25 UTC] CV fold complete | fold=4 seed=123 buckets_scored=1 train_size=6207 valid_size=6000 ic=0.834016 decile_spread=0.062787 pred_mean=0.001951 pred_std=0.018803 valid_ret_mean=0.002249 weighted_valid_ret_mean=0.001839 mem_mb=6645.250000
[2026-05-22 10:57:25 UTC] CV fold complete | fold=5 seed=123 buckets_scored=1 train_size=10275 valid_size=6000 ic=0.847931 decile_spread=0.080040 pred_mean=0.001679 pred_std=0.021432 valid_ret_mean=0.002870 weighted_valid_ret_mean=0.002349 mem_mb=6645.250000
[2026-05-22 10:57:25 UTC] Objective evaluated | n_eff=22382.616858 n_eff_ratio=0.746087 top1pct_share=0.041241 ic_mean=0.805624 ic_std=0.000000 decile_spread_mean=0.063851 objective=0.805624 weighted_return_mean=0.001476 mem_mb=6645.250000
[2026-05-22 10:57:25 UTC] Optuna trial | trial=11 score=0.805624 n_eff=22382.616858 n_eff_ratio=0.746087 top1pct_weight_share=0.041241 weighted_return_mean=0.001476 weight_std=0.544068 mem_mb=6645.250000
[I 2026-05-22 12:57:25,620] Trial 11 finished with value: 0.8056236904862691 and parameters: {'alpha_base': 0.7301962476899072, 'alpha_recency': 1.089412275111958, 'alpha_trade_quality': 1.496348261918297, 'alpha_tp_opportunity': 1.4906028556838427, 'alpha_meta_magnitude': 0.01384150356667646, 'min_n_eff_ratio': 0.43199292137091355, 'max_top1pct': 0.054284542586443524}. Best is trial 11 with value: 0.8056236904862691.
[2026-05-22 10:57:25 UTC] CV fold complete | fold=1 seed=42 buckets_scored=1 train_size=18388 valid_size=6000 ic=0.743659 decile_spread=0.052822 pred_mean=0.001074 pred_std=0.020868 valid_ret_mean=0.001303 weighted_valid_ret_mean=0.000802 mem_mb=6645.250000
[2026-05-22 10:57:25 UTC] CV fold complete | fold=2 seed=42 buckets_scored=1 train_size=704 valid_size=6000 ic=0.780215 decile_spread=0.055680 pred_mean=0.001262 pred_std=0.021493 valid_ret_mean=0.001377 weighted_valid_ret_mean=0.000592 mem_mb=6645.250000
[2026-05-22 10:57:25 UTC] CV fold complete | fold=3 seed=42 buckets_scored=1 train_size=7827 valid_size=6000 ic=0.822002 decile_spread=0.067520 pred_mean=0.002261 pred_std=0.018384 valid_ret_mean=0.002759 weighted_valid_ret_mean=0.002414 mem_mb=6645.250000
[2026-05-22 10:57:25 UTC] CV fold complete | fold=4 seed=42 buckets_scored=1 train_size=6207 valid_size=6000 ic=0.834109 decile_spread=0.062825 pred_mean=0.001935 pred_std=0.018827 valid_ret_mean=0.002249 weighted_valid_ret_mean=0.001867 mem_mb=6645.250000
[2026-05-22 10:57:25 UTC] CV fold complete | fold=5 seed=42 buckets_scored=1 train_size=10275 valid_size=6000 ic=0.848026 decile_spread=0.080030 pred_mean=0.001660 pred_std=0.021453 valid_ret_mean=0.002870 weighted_valid_ret_mean=0.002365 mem_mb=6645.250000
[2026-05-22 10:57:25 UTC] CV fold complete | fold=1 seed=123 buckets_scored=1 train_size=18388 valid_size=6000 ic=0.743659 decile_spread=0.052822 pred_mean=0.001074 pred_std=0.020868 valid_ret_mean=0.001303 weighted_valid_ret_mean=0.000802 mem_mb=6645.250000
[2026-05-22 10:57:25 UTC] CV fold complete | fold=2 seed=123 buckets_scored=1 train_size=704 valid_size=6000 ic=0.780215 decile_spread=0.055680 pred_mean=0.001262 pred_std=0.021493 valid_ret_mean=0.001377 weighted_valid_ret_mean=0.000592 mem_mb=6645.250000
[2026-05-22 10:57:25 UTC] CV fold complete | fold=3 seed=123 buckets_scored=1 train_size=7827 valid_size=6000 ic=0.822002 decile_spread=0.067520 pred_mean=0.002261 pred_std=0.018384 valid_ret_mean=0.002759 weighted_valid_ret_mean=0.002414 mem_mb=6645.250000
[2026-05-22 10:57:25 UTC] CV fold complete | fold=4 seed=123 buckets_scored=1 train_size=6207 valid_size=6000 ic=0.834109 decile_spread=0.062825 pred_mean=0.001935 pred_std=0.018827 valid_ret_mean=0.002249 weighted_valid_ret_mean=0.001867 mem_mb=6645.250000
[2026-05-22 10:57:25 UTC] CV fold complete | fold=5 seed=123 buckets_scored=1 train_size=10275 valid_size=6000 ic=0.848026 decile_spread=0.080030 pred_mean=0.001660 pred_std=0.021453 valid_ret_mean=0.002870 weighted_valid_ret_mean=0.002365 mem_mb=6645.250000
[2026-05-22 10:57:25 UTC] Objective evaluated | n_eff=22052.928691 n_eff_ratio=0.735098 top1pct_share=0.042338 ic_mean=0.805602 ic_std=0.000000 decile_spread_mean=0.063775 objective=0.805602 weighted_return_mean=0.001484 mem_mb=6645.250000
[2026-05-22 10:57:25 UTC] Optuna trial | trial=12 score=0.805602 n_eff=22052.928691 n_eff_ratio=0.735098 top1pct_weight_share=0.042338 weighted_return_mean=0.001484 weight_std=0.548762 mem_mb=6645.250000
[I 2026-05-22 12:57:25,680] Trial 12 finished with value: 0.8056022675871246 and parameters: {'alpha_base': 0.9522790609563592, 'alpha_recency': 1.0530254265853616, 'alpha_trade_quality': 1.4928204780105023, 'alpha_tp_opportunity': 1.4985012547962149, 'alpha_meta_magnitude': 0.011649344390779132, 'min_n_eff_ratio': 0.4100753632511687, 'max_top1pct': 0.05675249254677074}. Best is trial 11 with value: 0.8056236904862691.
[2026-05-22 10:57:25 UTC] CV fold complete | fold=1 seed=42 buckets_scored=1 train_size=18388 valid_size=6000 ic=0.742099 decile_spread=0.052678 pred_mean=0.001035 pred_std=0.021011 valid_ret_mean=0.001303 weighted_valid_ret_mean=0.000934 mem_mb=6645.250000
[2026-05-22 10:57:25 UTC] CV fold complete | fold=2 seed=42 buckets_scored=1 train_size=704 valid_size=6000 ic=0.777708 decile_spread=0.055591 pred_mean=0.001243 pred_std=0.021736 valid_ret_mean=0.001377 weighted_valid_ret_mean=0.000660 mem_mb=6645.250000
[2026-05-22 10:57:25 UTC] CV fold complete | fold=3 seed=42 buckets_scored=1 train_size=7827 valid_size=6000 ic=0.819446 decile_spread=0.067349 pred_mean=0.002267 pred_std=0.018625 valid_ret_mean=0.002759 weighted_valid_ret_mean=0.002488 mem_mb=6645.250000
[2026-05-22 10:57:25 UTC] CV fold complete | fold=4 seed=42 buckets_scored=1 train_size=6207 valid_size=6000 ic=0.833052 decile_spread=0.062728 pred_mean=0.001930 pred_std=0.019056 valid_ret_mean=0.002249 weighted_valid_ret_mean=0.001931 mem_mb=6645.250000
[2026-05-22 10:57:25 UTC] CV fold complete | fold=5 seed=42 buckets_scored=1 train_size=10275 valid_size=6000 ic=0.847074 decile_spread=0.080081 pred_mean=0.001656 pred_std=0.021651 valid_ret_mean=0.002870 weighted_valid_ret_mean=0.002413 mem_mb=6645.250000
[2026-05-22 10:57:25 UTC] CV fold complete | fold=1 seed=123 buckets_scored=1 train_size=18388 valid_size=6000 ic=0.742099 decile_spread=0.052678 pred_mean=0.001035 pred_std=0.021011 valid_ret_mean=0.001303 weighted_valid_ret_mean=0.000934 mem_mb=6645.250000
[2026-05-22 10:57:25 UTC] CV fold complete | fold=2 seed=123 buckets_scored=1 train_size=704 valid_size=6000 ic=0.777708 decile_spread=0.055591 pred_mean=0.001243 pred_std=0.021736 valid_ret_mean=0.001377 weighted_valid_ret_mean=0.000660 mem_mb=6645.250000
[2026-05-22 10:57:25 UTC] CV fold complete | fold=3 seed=123 buckets_scored=1 train_size=7827 valid_size=6000 ic=0.819446 decile_spread=0.067349 pred_mean=0.002267 pred_std=0.018625 valid_ret_mean=0.002759 weighted_valid_ret_mean=0.002488 mem_mb=6645.250000
[2026-05-22 10:57:25 UTC] CV fold complete | fold=4 seed=123 buckets_scored=1 train_size=6207 valid_size=6000 ic=0.833052 decile_spread=0.062728 pred_mean=0.001930 pred_std=0.019056 valid_ret_mean=0.002249 weighted_valid_ret_mean=0.001931 mem_mb=6645.250000
[2026-05-22 10:57:25 UTC] CV fold complete | fold=5 seed=123 buckets_scored=1 train_size=10275 valid_size=6000 ic=0.847074 decile_spread=0.080081 pred_mean=0.001656 pred_std=0.021651 valid_ret_mean=0.002870 weighted_valid_ret_mean=0.002413 mem_mb=6645.250000
[2026-05-22 10:57:25 UTC] Objective evaluated | n_eff=22611.683539 n_eff_ratio=0.753723 top1pct_share=0.040077 ic_mean=0.803876 ic_std=0.000000 decile_spread_mean=0.063686 objective=0.803876 weighted_return_mean=0.001572 mem_mb=6645.250000
[2026-05-22 10:57:25 UTC] Optuna trial | trial=13 score=0.803876 n_eff=22611.683539 n_eff_ratio=0.753723 top1pct_weight_share=0.040077 weighted_return_mean=0.001572 weight_std=0.536502 mem_mb=6645.250000
