[I 2026-05-22 13:12:43,283] Trial 0 finished with value: 0.6522106762902914 and parameters: {'max_depth': 3, 'subsample': 0.655084745070151, 'reg_alpha': 0.15950985951987745, 'reg_lambda': 2.961062018519071, 'min_child_samples_pct': 0.04416556369212639, 'min_child_weight': 51.81887368145049, 'min_split_gain': 0.013192355609826774, 'colsample_bytree': 0.6484554049462076}. Best is trial 0 with value: 0.6522106762902914.
[2026-05-22 11:12:43 UTC] LGBM HPO trial 1 fold 1/3 started: train_rows=6666, valid_rows=3334, depth=4.
[2026-05-22 11:12:43 UTC] LGBM HPO trial 1 fold 1/3 complete: partial_J=0.6426, elapsed=0.4s.
[2026-05-22 11:12:43 UTC] LGBM HPO trial 1 fold 2/3 started: train_rows=6667, valid_rows=3333, depth=4.
[2026-05-22 11:12:44 UTC] LGBM HPO trial 1 fold 2/3 complete: partial_J=0.6491, elapsed=0.4s.
[2026-05-22 11:12:44 UTC] LGBM HPO trial 1 fold 3/3 started: train_rows=6667, valid_rows=3333, depth=4.
[2026-05-22 11:12:44 UTC] LGBM HPO trial 1 fold 3/3 complete: partial_J=0.6361, elapsed=0.3s.
[2026-05-22 11:12:44 UTC] LGBM HPO trial 1 complete: J=0.6361, elapsed=1.1s.
[I 2026-05-22 13:12:44,341] Trial 1 finished with value: 0.6360757310913001 and parameters: {'max_depth': 4, 'subsample': 0.6978883534254071, 'reg_alpha': 0.5504554096397875, 'reg_lambda': 11.132291278194105, 'min_child_samples_pct': 0.04309331075800773, 'min_child_weight': 51.3848221138471, 'min_split_gain': 0.002638061265430701, 'colsample_bytree': 0.7550101926722962}. Best is trial 0 with value: 0.6522106762902914.
[2026-05-22 11:12:44 UTC] LGBM HPO trial 2 fold 1/3 started: train_rows=6666, valid_rows=3334, depth=3.
[2026-05-22 11:12:44 UTC] LGBM HPO trial 2 fold 1/3 complete: partial_J=0.6710, elapsed=0.4s.
[2026-05-22 11:12:44 UTC] LGBM HPO trial 2 fold 2/3 started: train_rows=6667, valid_rows=3333, depth=3.
[2026-05-22 11:12:45 UTC] LGBM HPO trial 2 fold 2/3 complete: partial_J=0.6612, elapsed=0.3s.
[2026-05-22 11:12:45 UTC] LGBM HPO trial 2 fold 3/3 started: train_rows=6667, valid_rows=3333, depth=3.
[2026-05-22 11:12:45 UTC] LGBM HPO trial 2 fold 3/3 complete: partial_J=0.6512, elapsed=0.4s.
[2026-05-22 11:12:45 UTC] LGBM HPO trial 2 complete: J=0.6512, elapsed=1.1s.
[I 2026-05-22 13:12:45,457] Trial 2 finished with value: 0.6512426134935825 and parameters: {'max_depth': 3, 'subsample': 0.7949694409991567, 'reg_alpha': 0.3311441301768742, 'reg_lambda': 17.844248804135024, 'min_child_samples_pct': 0.03460803987956892, 'min_child_weight': 29.254026782005496, 'min_split_gain': 0.0008687749165600013, 'colsample_bytree': 0.6788563100226249}. Best is trial 0 with value: 0.6522106762902914.
[2026-05-22 11:12:45 UTC] LGBM HPO trial 3 fold 1/3 started: train_rows=6666, valid_rows=3334, depth=3.
[2026-05-22 11:12:45 UTC] LGBM HPO trial 3 fold 1/3 complete: partial_J=0.6642, elapsed=0.3s.
[2026-05-22 11:12:45 UTC] LGBM HPO trial 3 fold 2/3 started: train_rows=6667, valid_rows=3333, depth=3.
[2026-05-22 11:12:45 UTC] LGBM HPO trial 3 fold 2/3 complete: partial_J=0.6543, elapsed=0.2s.
[2026-05-22 11:12:45 UTC] LGBM HPO trial 3 fold 3/3 started: train_rows=6667, valid_rows=3333, depth=3.
[2026-05-22 11:12:46 UTC] LGBM HPO trial 3 fold 3/3 complete: partial_J=0.6504, elapsed=0.3s.
[2026-05-22 11:12:46 UTC] LGBM HPO trial 3 complete: J=0.6504, elapsed=0.8s.
[I 2026-05-22 13:12:46,235] Trial 3 finished with value: 0.6504281352881398 and parameters: {'max_depth': 3, 'subsample': 0.6424032342010463, 'reg_alpha': 1.630964416328646, 'reg_lambda': 3.0446009888522014, 'min_child_samples_pct': 0.04135860857579657, 'min_child_weight': 36.008623095579615, 'min_split_gain': 0.01305075375581858, 'colsample_bytree': 0.7390642836305485}. Best is trial 0 with value: 0.6522106762902914.
[2026-05-22 11:12:46 UTC] LGBM HPO trial 4 fold 1/3 started: train_rows=6666, valid_rows=3334, depth=6.
[2026-05-22 11:12:46 UTC] LGBM HPO trial 4 fold 1/3 complete: partial_J=0.6625, elapsed=0.4s.
[2026-05-22 11:12:46 UTC] LGBM HPO trial 4 fold 2/3 started: train_rows=6667, valid_rows=3333, depth=6.
[2026-05-22 11:12:47 UTC] LGBM HPO trial 4 fold 2/3 complete: partial_J=0.6580, elapsed=0.3s.
[2026-05-22 11:12:47 UTC] LGBM HPO trial 4 fold 3/3 started: train_rows=6667, valid_rows=3333, depth=6.
[2026-05-22 11:12:47 UTC] LGBM HPO trial 4 fold 3/3 complete: partial_J=0.6532, elapsed=0.4s.
[2026-05-22 11:12:47 UTC] LGBM HPO trial 4 complete: J=0.6532, elapsed=1.2s.
[I 2026-05-22 13:12:47,397] Trial 4 finished with value: 0.6532388546990461 and parameters: {'max_depth': 6, 'subsample': 0.7880633853388452, 'reg_alpha': 0.6063998168129986, 'reg_lambda': 3.3754873025585934, 'min_child_samples_pct': 0.042398540047523414, 'min_child_weight': 60.23561659313545, 'min_split_gain': 0.0018610486432000604, 'colsample_bytree': 0.7144503148744605}. Best is trial 4 with value: 0.6532388546990461.
[2026-05-22 11:12:47 UTC] LGBM HPO trial 5 fold 1/3 started: train_rows=6666, valid_rows=3334, depth=4.
[2026-05-22 11:12:47 UTC] LGBM HPO trial 5 fold 1/3 complete: partial_J=0.6602, elapsed=0.3s.
[2026-05-22 11:12:47 UTC] LGBM HPO trial 5 fold 2/3 started: train_rows=6667, valid_rows=3333, depth=4.
[2026-05-22 11:12:48 UTC] LGBM HPO trial 5 fold 2/3 complete: partial_J=0.6539, elapsed=0.3s.
[2026-05-22 11:12:48 UTC] LGBM HPO trial 5 fold 3/3 started: train_rows=6667, valid_rows=3333, depth=4.
[2026-05-22 11:12:48 UTC] LGBM HPO trial 5 fold 3/3 complete: partial_J=0.6563, elapsed=0.3s.
[2026-05-22 11:12:48 UTC] LGBM HPO trial 5 complete: J=0.6563, elapsed=0.9s.
[I 2026-05-22 13:12:48,347] Trial 5 finished with value: 0.6563483814369371 and parameters: {'max_depth': 4, 'subsample': 0.7577017718639777, 'reg_alpha': 0.8898300788458986, 'reg_lambda': 9.965204254901087, 'min_child_samples_pct': 0.034259796415007183, 'min_child_weight': 49.39826975014205, 'min_split_gain': 0.0027696334377868294, 'colsample_bytree': 0.6402881675670391}. Best is trial 5 with value: 0.6563483814369371.
[2026-05-22 11:12:48 UTC] LGBM HPO trial 6 fold 1/3 started: train_rows=6666, valid_rows=3334, depth=3.
[2026-05-22 11:12:48 UTC] LGBM HPO trial 6 fold 1/3 complete: partial_J=0.6660, elapsed=0.4s.
[2026-05-22 11:12:48 UTC] LGBM HPO trial 6 fold 2/3 started: train_rows=6667, valid_rows=3333, depth=3.
[2026-05-22 11:12:49 UTC] LGBM HPO trial 6 fold 2/3 complete: partial_J=0.6554, elapsed=0.5s.
[2026-05-22 11:12:49 UTC] LGBM HPO trial 6 fold 3/3 started: train_rows=6667, valid_rows=3333, depth=3.
[2026-05-22 11:12:49 UTC] LGBM HPO trial 6 fold 3/3 complete: partial_J=0.6487, elapsed=0.4s.
[2026-05-22 11:12:49 UTC] LGBM HPO trial 6 complete: J=0.6487, elapsed=1.3s.
[I 2026-05-22 13:12:49,662] Trial 6 finished with value: 0.6487119607847756 and parameters: {'max_depth': 3, 'subsample': 0.6434663706347292, 'reg_alpha': 1.0071253120799069, 'reg_lambda': 17.46043841709966, 'min_child_samples_pct': 0.02302392814181157, 'min_child_weight': 28.99158089103851, 'min_split_gain': 0.00029936595427724767, 'colsample_bytree': 0.6058711949502471}. Best is trial 5 with value: 0.6563483814369371.
[2026-05-22 11:12:49 UTC] LGBM HPO trial 7 fold 1/3 started: train_rows=6666, valid_rows=3334, depth=3.
[2026-05-22 11:12:50 UTC] LGBM HPO trial 7 fold 1/3 complete: partial_J=0.6637, elapsed=0.5s.
[2026-05-22 11:12:50 UTC] LGBM HPO trial 7 fold 2/3 started: train_rows=6667, valid_rows=3333, depth=3.
[2026-05-22 11:12:50 UTC] LGBM HPO trial 7 fold 2/3 complete: partial_J=0.6495, elapsed=0.4s.
[2026-05-22 11:12:50 UTC] LGBM HPO trial 7 fold 3/3 started: train_rows=6667, valid_rows=3333, depth=3.
[2026-05-22 11:12:50 UTC] LGBM HPO trial 7 fold 3/3 complete: partial_J=0.6429, elapsed=0.3s.
[2026-05-22 11:12:50 UTC] LGBM HPO trial 7 complete: J=0.6429, elapsed=1.1s.
[I 2026-05-22 13:12:50,799] Trial 7 finished with value: 0.6428541705483547 and parameters: {'max_depth': 3, 'subsample': 0.7969871871651367, 'reg_alpha': 0.8399111968911567, 'reg_lambda': 4.933714187008918, 'min_child_samples_pct': 0.03337823046688563, 'min_child_weight': 29.93728638586786, 'min_split_gain': 0.005727489589012733, 'colsample_bytree': 0.7080800449754637}. Best is trial 5 with value: 0.6563483814369371.
[2026-05-22 11:12:50 UTC] LGBM HPO trial 8 fold 1/3 started: train_rows=6666, valid_rows=3334, depth=3.
[2026-05-22 11:12:51 UTC] LGBM HPO trial 8 fold 1/3 complete: partial_J=0.6593, elapsed=0.3s.
[2026-05-22 11:12:51 UTC] LGBM HPO trial 8 fold 2/3 started: train_rows=6667, valid_rows=3333, depth=3.
[2026-05-22 11:12:51 UTC] LGBM HPO trial 8 fold 2/3 complete: partial_J=0.6482, elapsed=0.3s.
[2026-05-22 11:12:51 UTC] LGBM HPO trial 8 fold 3/3 started: train_rows=6667, valid_rows=3333, depth=3.
[2026-05-22 11:12:51 UTC] LGBM HPO trial 8 fold 3/3 complete: partial_J=0.6433, elapsed=0.3s.
[2026-05-22 11:12:51 UTC] LGBM HPO trial 8 complete: J=0.6433, elapsed=1.0s.
[I 2026-05-22 13:12:51,762] Trial 8 finished with value: 0.6432591458386541 and parameters: {'max_depth': 3, 'subsample': 0.6592771594364455, 'reg_alpha': 1.8487019323868428, 'reg_lambda': 8.82992420795371, 'min_child_samples_pct': 0.02488166311993103, 'min_child_weight': 33.86354648386278, 'min_split_gain': 0.0001263124677932376, 'colsample_bytree': 0.7512623699194678}. Best is trial 5 with value: 0.6563483814369371.
[2026-05-22 11:12:51 UTC] LGBM HPO trial 9 fold 1/3 started: train_rows=6666, valid_rows=3334, depth=4.
[2026-05-22 11:12:52 UTC] LGBM HPO trial 9 fold 1/3 complete: partial_J=0.6576, elapsed=0.4s.
[2026-05-22 11:12:52 UTC] LGBM HPO trial 9 fold 2/3 started: train_rows=6667, valid_rows=3333, depth=4.
[2026-05-22 11:12:52 UTC] LGBM HPO trial 9 fold 2/3 complete: partial_J=0.6598, elapsed=0.4s.
[2026-05-22 11:12:52 UTC] LGBM HPO trial 9 fold 3/3 started: train_rows=6667, valid_rows=3333, depth=4.
[2026-05-22 11:12:52 UTC] LGBM HPO trial 9 fold 3/3 complete: partial_J=0.6538, elapsed=0.4s.
[2026-05-22 11:12:52 UTC] LGBM HPO trial 9 complete: J=0.6538, elapsed=1.2s.
[I 2026-05-22 13:12:52,974] Trial 9 finished with value: 0.6537911424796108 and parameters: {'max_depth': 4, 'subsample': 0.7551731763614065, 'reg_alpha': 1.4306242859940161, 'reg_lambda': 15.662117844728547, 'min_child_samples_pct': 0.03949991751372516, 'min_child_weight': 20.501797539936323, 'min_split_gain': 0.00039754186959625043, 'colsample_bytree': 0.6727491269249398}. Best is trial 5 with value: 0.6563483814369371.
[2026-05-22 11:12:52 UTC] LGBM HPO trial 10 fold 1/3 started: train_rows=6666, valid_rows=3334, depth=6.
[2026-05-22 11:12:53 UTC] LGBM HPO trial 10 fold 1/3 complete: partial_J=0.6605, elapsed=0.4s.
[2026-05-22 11:12:53 UTC] LGBM HPO trial 10 fold 2/3 started: train_rows=6667, valid_rows=3333, depth=6.
[2026-05-22 11:12:53 UTC] LGBM HPO trial 10 fold 2/3 complete: partial_J=0.6561, elapsed=0.5s.
[2026-05-22 11:12:53 UTC] LGBM HPO trial 10 fold 3/3 started: train_rows=6667, valid_rows=3333, depth=6.
[2026-05-22 11:12:54 UTC] LGBM HPO trial 10 fold 3/3 complete: partial_J=0.6491, elapsed=0.4s.
[2026-05-22 11:12:54 UTC] LGBM HPO trial 10 complete: J=0.6491, elapsed=1.3s.
[I 2026-05-22 13:12:54,259] Trial 10 finished with value: 0.6491482512594298 and parameters: {'max_depth': 6, 'subsample': 0.7315731157311417, 'reg_alpha': 0.12412484987486215, 'reg_lambda': 6.080264363655233, 'min_child_samples_pct': 0.05775345414486063, 'min_child_weight': 69.93584471615775, 'min_split_gain': 0.025313793028502726, 'colsample_bytree': 0.6183397720440175}. Best is trial 5 with value: 0.6563483814369371.
[2026-05-22 11:12:54 UTC] LGBM HPO trial 11 fold 1/3 started: train_rows=6666, valid_rows=3334, depth=5.
[2026-05-22 11:12:54 UTC] LGBM HPO trial 11 fold 1/3 complete: partial_J=0.6618, elapsed=0.4s.
[2026-05-22 11:12:54 UTC] LGBM HPO trial 11 fold 2/3 started: train_rows=6667, valid_rows=3333, depth=5.
[2026-05-22 11:12:55 UTC] LGBM HPO trial 11 fold 2/3 complete: partial_J=0.6532, elapsed=0.4s.
[2026-05-22 11:12:55 UTC] LGBM HPO trial 11 fold 3/3 started: train_rows=6667, valid_rows=3333, depth=5.
[2026-05-22 11:12:55 UTC] LGBM HPO trial 11 fold 3/3 complete: partial_J=0.6471, elapsed=0.3s.
[2026-05-22 11:12:55 UTC] LGBM HPO trial 11 complete: J=0.6471, elapsed=1.1s.
[I 2026-05-22 13:12:55,368] Trial 11 finished with value: 0.6470625133683051 and parameters: {'max_depth': 5, 'subsample': 0.7436105866017144, 'reg_alpha': 4.728137161497802, 'reg_lambda': 10.942622387802286, 'min_child_samples_pct': 0.053276093728563914, 'min_child_weight': 20.148943544163433, 'min_split_gain': 0.0008429290238694305, 'colsample_bytree': 0.6574218401398911}. Best is trial 5 with value: 0.6563483814369371.
[2026-05-22 11:12:55 UTC] LGBM HPO trial 12 fold 1/3 started: train_rows=6666, valid_rows=3334, depth=4.
[2026-05-22 11:12:55 UTC] LGBM HPO trial 12 fold 1/3 complete: partial_J=0.6681, elapsed=0.5s.
[2026-05-22 11:12:55 UTC] LGBM HPO trial 12 fold 2/3 started: train_rows=6667, valid_rows=3333, depth=4.
[2026-05-22 11:12:56 UTC] LGBM HPO trial 12 fold 2/3 complete: partial_J=0.6544, elapsed=0.4s.
[2026-05-22 11:12:56 UTC] LGBM HPO trial 12 fold 3/3 started: train_rows=6667, valid_rows=3333, depth=4.
[2026-05-22 11:12:56 UTC] LGBM HPO trial 12 fold 3/3 complete: partial_J=0.6440, elapsed=0.4s.
[2026-05-22 11:12:56 UTC] LGBM HPO trial 12 complete: J=0.6440, elapsed=1.3s.
[I 2026-05-22 13:12:56,692] Trial 12 finished with value: 0.6440126996422532 and parameters: {'max_depth': 4, 'subsample': 0.7519185757827406, 'reg_alpha': 3.222672339957699, 'reg_lambda': 13.044521568873519, 'min_child_samples_pct': 0.03343493231052297, 'min_child_weight': 42.85847577033867, 'min_split_gain': 0.00048549064532378653, 'colsample_bytree': 0.6497090310294533}. Best is trial 5 with value: 0.6563483814369371.
[2026-05-22 11:12:56 UTC] LGBM HPO trial 13 fold 1/3 started: train_rows=6666, valid_rows=3334, depth=5.
[2026-05-22 11:12:57 UTC] LGBM HPO trial 13 fold 1/3 complete: partial_J=0.6638, elapsed=0.4s.
[2026-05-22 11:12:57 UTC] LGBM HPO trial 13 fold 2/3 started: train_rows=6667, valid_rows=3333, depth=5.
[2026-05-22 11:12:57 UTC] LGBM HPO trial 13 fold 2/3 complete: partial_J=0.6510, elapsed=0.4s.
[2026-05-22 11:12:57 UTC] LGBM HPO trial 13 fold 3/3 started: train_rows=6667, valid_rows=3333, depth=5.
[2026-05-22 11:12:57 UTC] LGBM HPO trial 13 fold 3/3 complete: partial_J=0.6434, elapsed=0.4s.
[2026-05-22 11:12:57 UTC] LGBM HPO trial 13 complete: J=0.6434, elapsed=1.2s.
[I 2026-05-22 13:12:57,900] Trial 13 finished with value: 0.6433858686927787 and parameters: {'max_depth': 5, 'subsample': 0.7065544908378434, 'reg_alpha': 1.6651048543637408, 'reg_lambda': 8.06826829084126, 'min_child_samples_pct': 0.04980021758459402, 'min_child_weight': 44.82990052469102, 'min_split_gain': 0.00010346477782508499, 'colsample_bytree': 0.7976950269463348}. Best is trial 5 with value: 0.6563483814369371.
[2026-05-22 11:12:57 UTC] LGBM HPO trial 14 fold 1/3 started: train_rows=6666, valid_rows=3334, depth=4.
[2026-05-22 11:12:58 UTC] LGBM HPO trial 14 fold 1/3 complete: partial_J=0.6691, elapsed=0.5s.
[2026-05-22 11:12:58 UTC] LGBM HPO trial 14 fold 2/3 started: train_rows=6667, valid_rows=3333, depth=4.
[2026-05-22 11:12:58 UTC] LGBM HPO trial 14 fold 2/3 complete: partial_J=0.6571, elapsed=0.4s.
[2026-05-22 11:12:58 UTC] LGBM HPO trial 14 fold 3/3 started: train_rows=6667, valid_rows=3333, depth=4.
[2026-05-22 11:12:59 UTC] LGBM HPO trial 14 fold 3/3 complete: partial_J=0.6531, elapsed=0.4s.
[2026-05-22 11:12:59 UTC] LGBM HPO trial 14 complete: J=0.6531, elapsed=1.3s.
[I 2026-05-22 13:12:59,197] Trial 14 finished with value: 0.6531276690648327 and parameters: {'max_depth': 4, 'subsample': 0.7636999472003677, 'reg_alpha': 0.34858380602995176, 'reg_lambda': 14.409192902746838, 'min_child_samples_pct': 0.027774303369729712, 'min_child_weight': 20.937159952518446, 'min_split_gain': 0.003369375332012804, 'colsample_bytree': 0.6767902329180621}. Best is trial 5 with value: 0.6563483814369371.
[2026-05-22 11:12:59 UTC] LGBM HPO trial 15 fold 1/3 started: train_rows=6666, valid_rows=3334, depth=5.
[2026-05-22 11:12:59 UTC] LGBM HPO trial 15 fold 1/3 complete: partial_J=0.6573, elapsed=0.6s.
[2026-05-22 11:12:59 UTC] LGBM HPO trial 15 fold 2/3 started: train_rows=6667, valid_rows=3333, depth=5.
[2026-05-22 11:13:00 UTC] LGBM HPO trial 15 fold 2/3 complete: partial_J=0.6552, elapsed=0.4s.
[2026-05-22 11:13:00 UTC] LGBM HPO trial 15 fold 3/3 started: train_rows=6667, valid_rows=3333, depth=5.
[2026-05-22 11:13:00 UTC] LGBM HPO trial 15 fold 3/3 complete: partial_J=0.6526, elapsed=0.4s.
[2026-05-22 11:13:00 UTC] LGBM HPO trial 15 complete: J=0.6526, elapsed=1.4s.
[I 2026-05-22 13:13:00,590] Trial 15 finished with value: 0.6525673995026339 and parameters: {'max_depth': 5, 'subsample': 0.7131344822110052, 'reg_alpha': 1.2844779312615215, 'reg_lambda': 8.199043474162195, 'min_child_samples_pct': 0.03665032030751104, 'min_child_weight': 54.92031026772119, 'min_split_gain': 0.0002839113509537376, 'colsample_bytree': 0.6277024684218063}. Best is trial 5 with value: 0.6563483814369371.
[2026-05-22 11:13:00 UTC] LGBM HPO trial 16 fold 1/3 started: train_rows=6666, valid_rows=3334, depth=4.
[2026-05-22 11:13:01 UTC] LGBM HPO trial 16 fold 1/3 complete: partial_J=0.6548, elapsed=0.4s.
[2026-05-22 11:13:01 UTC] LGBM HPO trial 16 fold 2/3 started: train_rows=6667, valid_rows=3333, depth=4.
[2026-05-22 11:13:01 UTC] LGBM HPO trial 16 fold 2/3 complete: partial_J=0.6477, elapsed=0.3s.
[2026-05-22 11:13:01 UTC] LGBM HPO trial 16 pruned at fold 2/3 (partial_J=0.6477).
[I 2026-05-22 13:13:01,364] Trial 16 pruned. 
[2026-05-22 11:13:01 UTC] LGBM HPO trial 17 fold 1/3 started: train_rows=6666, valid_rows=3334, depth=4.
[2026-05-22 11:13:01 UTC] LGBM HPO trial 17 fold 1/3 complete: partial_J=0.6589, elapsed=0.4s.
[2026-05-22 11:13:01 UTC] LGBM HPO trial 17 fold 2/3 started: train_rows=6667, valid_rows=3333, depth=4.
[2026-05-22 11:13:02 UTC] LGBM HPO trial 17 fold 2/3 complete: partial_J=0.6632, elapsed=0.3s.
[2026-05-22 11:13:02 UTC] LGBM HPO trial 17 fold 3/3 started: train_rows=6667, valid_rows=3333, depth=4.
[2026-05-22 11:13:02 UTC] LGBM HPO trial 17 fold 3/3 complete: partial_J=0.6509, elapsed=0.4s.
[2026-05-22 11:13:02 UTC] LGBM HPO trial 17 complete: J=0.6509, elapsed=1.2s.
[I 2026-05-22 13:13:02,543] Trial 17 finished with value: 0.6509488981888212 and parameters: {'max_depth': 4, 'subsample': 0.769872900170843, 'reg_alpha': 0.35808196741877263, 'reg_lambda': 19.48155997328565, 'min_child_samples_pct': 0.04818483131134657, 'min_child_weight': 38.843617189123286, 'min_split_gain': 0.006339180941689573, 'colsample_bytree': 0.6366469042443382}. Best is trial 5 with value: 0.6563483814369371.
[2026-05-22 11:13:02 UTC] LGBM HPO trial 18 fold 1/3 started: train_rows=6666, valid_rows=3334, depth=5.
[2026-05-22 11:13:02 UTC] LGBM HPO trial 18 fold 1/3 complete: partial_J=0.6599, elapsed=0.4s.
[2026-05-22 11:13:02 UTC] LGBM HPO trial 18 fold 2/3 started: train_rows=6667, valid_rows=3333, depth=5.
[2026-05-22 11:13:03 UTC] LGBM HPO trial 18 fold 2/3 complete: partial_J=0.6577, elapsed=0.4s.
[2026-05-22 11:13:03 UTC] LGBM HPO trial 18 fold 3/3 started: train_rows=6667, valid_rows=3333, depth=5.
[2026-05-22 11:13:03 UTC] LGBM HPO trial 18 fold 3/3 complete: partial_J=0.6531, elapsed=0.6s.
[2026-05-22 11:13:03 UTC] LGBM HPO trial 18 complete: J=0.6531, elapsed=1.4s.
[I 2026-05-22 13:13:03,906] Trial 18 finished with value: 0.6530525057848184 and parameters: {'max_depth': 5, 'subsample': 0.6835744332411888, 'reg_alpha': 2.554234567644023, 'reg_lambda': 2.06654201666283, 'min_child_samples_pct': 0.03868391375370703, 'min_child_weight': 40.33841812458269, 'min_split_gain': 0.00040255490403766277, 'colsample_bytree': 0.6017820728896566}. Best is trial 5 with value: 0.6563483814369371.
[2026-05-22 11:13:03 UTC] LGBM HPO trial 19 fold 1/3 started: train_rows=6666, valid_rows=3334, depth=4.
[2026-05-22 11:13:04 UTC] LGBM HPO trial 19 fold 1/3 complete: partial_J=0.6679, elapsed=0.4s.
[2026-05-22 11:13:04 UTC] LGBM HPO trial 19 fold 2/3 started: train_rows=6667, valid_rows=3333, depth=4.
[2026-05-22 11:13:04 UTC] LGBM HPO trial 19 fold 2/3 complete: partial_J=0.6490, elapsed=0.4s.
[2026-05-22 11:13:04 UTC] LGBM HPO trial 19 fold 3/3 started: train_rows=6667, valid_rows=3333, depth=4.
[2026-05-22 11:13:05 UTC] LGBM HPO trial 19 fold 3/3 complete: partial_J=0.6422, elapsed=0.4s.
[2026-05-22 11:13:05 UTC] LGBM HPO trial 19 complete: J=0.6422, elapsed=1.3s.
[I 2026-05-22 13:13:05,181] Trial 19 finished with value: 0.6422316631516269 and parameters: {'max_depth': 4, 'subsample': 0.7340957313304676, 'reg_alpha': 1.0230313627426098, 'reg_lambda': 14.093707051491936, 'min_child_samples_pct': 0.020308554073765608, 'min_child_weight': 48.891710256509946, 'min_split_gain': 0.00019879133415308392, 'colsample_bytree': 0.6661889239439522}. Best is trial 5 with value: 0.6563483814369371.
[2026-05-22 11:13:05 UTC] LGBM HPO trial 20 fold 1/3 started: train_rows=6666, valid_rows=3334, depth=5.
[2026-05-22 11:13:05 UTC] LGBM HPO trial 20 fold 1/3 complete: partial_J=0.6681, elapsed=0.4s.
[2026-05-22 11:13:05 UTC] LGBM HPO trial 20 fold 2/3 started: train_rows=6667, valid_rows=3333, depth=5.
[2026-05-22 11:13:05 UTC] LGBM HPO trial 20 fold 2/3 complete: partial_J=0.6490, elapsed=0.4s.
[2026-05-22 11:13:05 UTC] LGBM HPO trial 20 fold 3/3 started: train_rows=6667, valid_rows=3333, depth=5.
[2026-05-22 11:13:06 UTC] LGBM HPO trial 20 fold 3/3 complete: partial_J=0.6362, elapsed=0.4s.
[2026-05-22 11:13:06 UTC] LGBM HPO trial 20 complete: J=0.6362, elapsed=1.1s.
