[I 2026-05-22 12:52:29,858] Trial 103 finished with value: 1.817449681655853 and parameters: {'sl_mult': 0.6, 'adverse_exit_min_mae_sl_frac': 0.2, 'capital_protect_mfe_mult': 2.3000000000000003, 'capital_protect_regression_frac': 0.8, 'adverse_exit_min_speed': 0.30000000000000004, 'adverse_exit_theta_quantile': 0.9}. Best is trial 91 with value: 1.968388413026696.
[I 2026-05-22 12:52:29,915] Trial 104 finished with value: 2.0659385676903184 and parameters: {'sl_mult': 0.5, 'adverse_exit_min_mae_sl_frac': 0.2, 'capital_protect_mfe_mult': 2.1, 'capital_protect_regression_frac': 0.8500000000000001, 'adverse_exit_min_speed': 0.30000000000000004, 'adverse_exit_theta_quantile': 0.9}. Best is trial 104 with value: 2.0659385676903184.
[I 2026-05-22 12:52:29,972] Trial 105 finished with value: 1.9115362392825772 and parameters: {'sl_mult': 0.6, 'adverse_exit_min_mae_sl_frac': 0.2, 'capital_protect_mfe_mult': 2.1, 'capital_protect_regression_frac': 0.9, 'adverse_exit_min_speed': 0.30000000000000004, 'adverse_exit_theta_quantile': 0.9}. Best is trial 104 with value: 2.0659385676903184.
[I 2026-05-22 12:52:30,029] Trial 106 finished with value: 1.7155123270407784 and parameters: {'sl_mult': 0.7, 'adverse_exit_min_mae_sl_frac': 0.2, 'capital_protect_mfe_mult': 2.3000000000000003, 'capital_protect_regression_frac': 0.8500000000000001, 'adverse_exit_min_speed': 0.4, 'adverse_exit_theta_quantile': 0.9}. Best is trial 104 with value: 2.0659385676903184.
[I 2026-05-22 12:52:30,086] Trial 107 finished with value: 1.610239117636229 and parameters: {'sl_mult': 0.8, 'adverse_exit_min_mae_sl_frac': 0.25, 'capital_protect_mfe_mult': 2.5, 'capital_protect_regression_frac': 0.8, 'adverse_exit_min_speed': 0.2, 'adverse_exit_theta_quantile': 0.9}. Best is trial 104 with value: 2.0659385676903184.
[I 2026-05-22 12:52:30,143] Trial 108 finished with value: 2.073661632783478 and parameters: {'sl_mult': 0.5, 'adverse_exit_min_mae_sl_frac': 0.30000000000000004, 'capital_protect_mfe_mult': 2.3000000000000003, 'capital_protect_regression_frac': 0.8500000000000001, 'adverse_exit_min_speed': 0.30000000000000004, 'adverse_exit_theta_quantile': 0.95}. Best is trial 108 with value: 2.073661632783478.
[I 2026-05-22 12:52:30,200] Trial 109 finished with value: 1.9268401732755591 and parameters: {'sl_mult': 0.6, 'adverse_exit_min_mae_sl_frac': 0.2, 'capital_protect_mfe_mult': 2.2, 'capital_protect_regression_frac': 0.9500000000000001, 'adverse_exit_min_speed': 0.30000000000000004, 'adverse_exit_theta_quantile': 0.95}. Best is trial 108 with value: 2.073661632783478.
[I 2026-05-22 12:52:30,260] Trial 110 finished with value: 1.4248786703392398 and parameters: {'sl_mult': 2.2, 'adverse_exit_min_mae_sl_frac': 0.25, 'capital_protect_mfe_mult': 2.3000000000000003, 'capital_protect_regression_frac': 0.8500000000000001, 'adverse_exit_min_speed': 0.4, 'adverse_exit_theta_quantile': 0.95}. Best is trial 108 with value: 2.073661632783478.
[I 2026-05-22 12:52:30,317] Trial 111 finished with value: 1.9268401732755591 and parameters: {'sl_mult': 0.6, 'adverse_exit_min_mae_sl_frac': 0.2, 'capital_protect_mfe_mult': 2.2, 'capital_protect_regression_frac': 0.9500000000000001, 'adverse_exit_min_speed': 0.30000000000000004, 'adverse_exit_theta_quantile': 0.95}. Best is trial 108 with value: 2.073661632783478.
[I 2026-05-22 12:52:30,374] Trial 112 finished with value: 2.081777430087095 and parameters: {'sl_mult': 0.5, 'adverse_exit_min_mae_sl_frac': 0.2, 'capital_protect_mfe_mult': 2.1, 'capital_protect_regression_frac': 0.9, 'adverse_exit_min_speed': 0.30000000000000004, 'adverse_exit_theta_quantile': 0.95}. Best is trial 112 with value: 2.081777430087095.
[I 2026-05-22 12:52:30,431] Trial 113 finished with value: 2.0751327303645666 and parameters: {'sl_mult': 0.5, 'adverse_exit_min_mae_sl_frac': 0.2, 'capital_protect_mfe_mult': 2.0, 'capital_protect_regression_frac': 0.9, 'adverse_exit_min_speed': 0.30000000000000004, 'adverse_exit_theta_quantile': 0.95}. Best is trial 112 with value: 2.081777430087095.
[I 2026-05-22 12:52:30,519] Trial 114 finished with value: 2.098444439418381 and parameters: {'sl_mult': 0.5, 'adverse_exit_min_mae_sl_frac': 0.2, 'capital_protect_mfe_mult': 1.8, 'capital_protect_regression_frac': 0.9, 'adverse_exit_min_speed': 0.4, 'adverse_exit_theta_quantile': 0.95}. Best is trial 114 with value: 2.098444439418381.
[I 2026-05-22 12:52:30,580] Trial 115 finished with value: 1.7693515266815667 and parameters: {'sl_mult': 0.7, 'adverse_exit_min_mae_sl_frac': 0.2, 'capital_protect_mfe_mult': 1.9000000000000001, 'capital_protect_regression_frac': 0.9, 'adverse_exit_min_speed': 0.1, 'adverse_exit_theta_quantile': 0.95}. Best is trial 114 with value: 2.098444439418381.
[I 2026-05-22 12:52:30,641] Trial 116 finished with value: 2.1458921310899313 and parameters: {'sl_mult': 0.5, 'adverse_exit_min_mae_sl_frac': 0.2, 'capital_protect_mfe_mult': 1.8, 'capital_protect_regression_frac': 1.0, 'adverse_exit_min_speed': 0.2, 'adverse_exit_theta_quantile': 0.95}. Best is trial 116 with value: 2.1458921310899313.
[I 2026-05-22 12:52:30,702] Trial 117 finished with value: 1.9363538475794484 and parameters: {'sl_mult': 0.6, 'adverse_exit_min_mae_sl_frac': 0.2, 'capital_protect_mfe_mult': 1.7000000000000002, 'capital_protect_regression_frac': 1.0, 'adverse_exit_min_speed': 0.2, 'adverse_exit_theta_quantile': 0.95}. Best is trial 116 with value: 2.1458921310899313.
[I 2026-05-22 12:52:30,763] Trial 118 finished with value: 2.0940193263289983 and parameters: {'sl_mult': 0.5, 'adverse_exit_min_mae_sl_frac': 0.2, 'capital_protect_mfe_mult': 1.8, 'capital_protect_regression_frac': 0.9, 'adverse_exit_min_speed': 0.2, 'adverse_exit_theta_quantile': 0.95}. Best is trial 116 with value: 2.1458921310899313.
[I 2026-05-22 12:52:30,824] Trial 119 finished with value: 1.7848236534104216 and parameters: {'sl_mult': 0.7, 'adverse_exit_min_mae_sl_frac': 0.2, 'capital_protect_mfe_mult': 1.6, 'capital_protect_regression_frac': 0.9500000000000001, 'adverse_exit_min_speed': 0.2, 'adverse_exit_theta_quantile': 0.95}. Best is trial 116 with value: 2.1458921310899313.
[I 2026-05-22 12:52:30,993] Trial 120 finished with value: 1.6746348862041487 and parameters: {'sl_mult': 0.8, 'adverse_exit_min_mae_sl_frac': 0.2, 'capital_protect_mfe_mult': 2.0, 'capital_protect_regression_frac': 0.9, 'adverse_exit_min_speed': 0.1, 'adverse_exit_theta_quantile': 0.95}. Best is trial 116 with value: 2.1458921310899313.
[I 2026-05-22 12:52:31,053] Trial 121 finished with value: 2.0718553149548824 and parameters: {'sl_mult': 0.5, 'adverse_exit_min_mae_sl_frac': 0.2, 'capital_protect_mfe_mult': 1.8, 'capital_protect_regression_frac': 0.8500000000000001, 'adverse_exit_min_speed': 0.4, 'adverse_exit_theta_quantile': 0.95}. Best is trial 116 with value: 2.1458921310899313.
[I 2026-05-22 12:52:31,113] Trial 122 finished with value: 2.098444439418381 and parameters: {'sl_mult': 0.5, 'adverse_exit_min_mae_sl_frac': 0.2, 'capital_protect_mfe_mult': 1.8, 'capital_protect_regression_frac': 0.9, 'adverse_exit_min_speed': 0.4, 'adverse_exit_theta_quantile': 0.95}. Best is trial 116 with value: 2.1458921310899313.
[I 2026-05-22 12:52:31,173] Trial 123 finished with value: 1.9089900536549975 and parameters: {'sl_mult': 0.6, 'adverse_exit_min_mae_sl_frac': 0.2, 'capital_protect_mfe_mult': 1.8, 'capital_protect_regression_frac': 0.9, 'adverse_exit_min_speed': 0.4, 'adverse_exit_theta_quantile': 0.95}. Best is trial 116 with value: 2.1458921310899313.
[I 2026-05-22 12:52:31,232] Trial 124 finished with value: 2.0718553149548824 and parameters: {'sl_mult': 0.5, 'adverse_exit_min_mae_sl_frac': 0.25, 'capital_protect_mfe_mult': 1.8, 'capital_protect_regression_frac': 0.8500000000000001, 'adverse_exit_min_speed': 0.5, 'adverse_exit_theta_quantile': 0.95}. Best is trial 116 with value: 2.1458921310899313.
[I 2026-05-22 12:52:31,291] Trial 125 finished with value: 1.8544710205955197 and parameters: {'sl_mult': 0.6, 'adverse_exit_min_mae_sl_frac': 0.2, 'capital_protect_mfe_mult': 1.8, 'capital_protect_regression_frac': 0.8500000000000001, 'adverse_exit_min_speed': 0.5, 'adverse_exit_theta_quantile': 0.95}. Best is trial 116 with value: 2.1458921310899313.
[I 2026-05-22 12:52:31,351] Trial 126 finished with value: 1.7952843058214056 and parameters: {'sl_mult': 0.7, 'adverse_exit_min_mae_sl_frac': 0.25, 'capital_protect_mfe_mult': 1.9000000000000001, 'capital_protect_regression_frac': 1.0, 'adverse_exit_min_speed': 0.4, 'adverse_exit_theta_quantile': 0.95}. Best is trial 116 with value: 2.1458921310899313.
[I 2026-05-22 12:52:31,410] Trial 127 finished with value: 2.133832267433172 and parameters: {'sl_mult': 0.5, 'adverse_exit_min_mae_sl_frac': 0.2, 'capital_protect_mfe_mult': 1.6, 'capital_protect_regression_frac': 0.9500000000000001, 'adverse_exit_min_speed': 0.4, 'adverse_exit_theta_quantile': 0.95}. Best is trial 116 with value: 2.1458921310899313.
[I 2026-05-22 12:52:31,470] Trial 128 finished with value: 2.133832267433172 and parameters: {'sl_mult': 0.5, 'adverse_exit_min_mae_sl_frac': 0.2, 'capital_protect_mfe_mult': 1.6, 'capital_protect_regression_frac': 0.9500000000000001, 'adverse_exit_min_speed': 0.5, 'adverse_exit_theta_quantile': 0.95}. Best is trial 116 with value: 2.1458921310899313.
[I 2026-05-22 12:52:31,530] Trial 129 finished with value: 1.9216930830938508 and parameters: {'sl_mult': 0.6, 'adverse_exit_min_mae_sl_frac': 0.2, 'capital_protect_mfe_mult': 1.6, 'capital_protect_regression_frac': 0.9500000000000001, 'adverse_exit_min_speed': 0.5, 'adverse_exit_theta_quantile': 0.95}. Best is trial 116 with value: 2.1458921310899313.
[I 2026-05-22 12:52:31,590] Trial 130 finished with value: 1.778363979543792 and parameters: {'sl_mult': 0.7, 'adverse_exit_min_mae_sl_frac': 0.2, 'capital_protect_mfe_mult': 1.8, 'capital_protect_regression_frac': 0.9, 'adverse_exit_min_speed': 0.4, 'adverse_exit_theta_quantile': 0.95}. Best is trial 116 with value: 2.1458921310899313.
[I 2026-05-22 12:52:31,649] Trial 131 finished with value: 2.1503204283711965 and parameters: {'sl_mult': 0.5, 'adverse_exit_min_mae_sl_frac': 0.2, 'capital_protect_mfe_mult': 1.5, 'capital_protect_regression_frac': 1.0, 'adverse_exit_min_speed': 0.4, 'adverse_exit_theta_quantile': 0.95}. Best is trial 131 with value: 2.1503204283711965.
[I 2026-05-22 12:52:31,708] Trial 132 finished with value: 2.1503204283711965 and parameters: {'sl_mult': 0.5, 'adverse_exit_min_mae_sl_frac': 0.2, 'capital_protect_mfe_mult': 1.4000000000000001, 'capital_protect_regression_frac': 1.0, 'adverse_exit_min_speed': 0.5, 'adverse_exit_theta_quantile': 0.95}. Best is trial 131 with value: 2.1503204283711965.
[I 2026-05-22 12:52:31,773] Trial 133 finished with value: 1.6999302745854947 and parameters: {'sl_mult': 3.1, 'adverse_exit_min_mae_sl_frac': 0.2, 'capital_protect_mfe_mult': 1.4000000000000001, 'capital_protect_regression_frac': 1.0, 'adverse_exit_min_speed': 0.5, 'adverse_exit_theta_quantile': 0.95}. Best is trial 131 with value: 2.1503204283711965.
[I 2026-05-22 12:52:31,833] Trial 134 finished with value: 1.9216480797244002 and parameters: {'sl_mult': 0.6, 'adverse_exit_min_mae_sl_frac': 0.2, 'capital_protect_mfe_mult': 1.5, 'capital_protect_regression_frac': 0.9500000000000001, 'adverse_exit_min_speed': 0.5, 'adverse_exit_theta_quantile': 0.95}. Best is trial 131 with value: 2.1503204283711965.
[I 2026-05-22 12:52:31,893] Trial 135 finished with value: 2.1503204283711965 and parameters: {'sl_mult': 0.5, 'adverse_exit_min_mae_sl_frac': 0.2, 'capital_protect_mfe_mult': 1.6, 'capital_protect_regression_frac': 1.0, 'adverse_exit_min_speed': 0.4, 'adverse_exit_theta_quantile': 0.95}. Best is trial 131 with value: 2.1503204283711965.
[I 2026-05-22 12:52:31,953] Trial 136 finished with value: 1.9407615272415568 and parameters: {'sl_mult': 0.6, 'adverse_exit_min_mae_sl_frac': 0.2, 'capital_protect_mfe_mult': 1.4000000000000001, 'capital_protect_regression_frac': 1.0, 'adverse_exit_min_speed': 0.4, 'adverse_exit_theta_quantile': 0.95}. Best is trial 131 with value: 2.1503204283711965.
[I 2026-05-22 12:52:32,014] Trial 137 finished with value: 2.133832267433172 and parameters: {'sl_mult': 0.5, 'adverse_exit_min_mae_sl_frac': 0.2, 'capital_protect_mfe_mult': 1.6, 'capital_protect_regression_frac': 0.9500000000000001, 'adverse_exit_min_speed': 0.5, 'adverse_exit_theta_quantile': 0.95}. Best is trial 131 with value: 2.1503204283711965.
[I 2026-05-22 12:52:32,074] Trial 138 finished with value: 1.9216480797244002 and parameters: {'sl_mult': 0.6, 'adverse_exit_min_mae_sl_frac': 0.2, 'capital_protect_mfe_mult': 1.5, 'capital_protect_regression_frac': 0.9500000000000001, 'adverse_exit_min_speed': 0.4, 'adverse_exit_theta_quantile': 0.95}. Best is trial 131 with value: 2.1503204283711965.
[I 2026-05-22 12:52:32,134] Trial 139 finished with value: 2.1503204283711965 and parameters: {'sl_mult': 0.5, 'adverse_exit_min_mae_sl_frac': 0.2, 'capital_protect_mfe_mult': 1.7000000000000002, 'capital_protect_regression_frac': 1.0, 'adverse_exit_min_speed': 0.4, 'adverse_exit_theta_quantile': 0.95}. Best is trial 131 with value: 2.1503204283711965.
[I 2026-05-22 12:52:32,195] Trial 140 finished with value: 1.7946973330166656 and parameters: {'sl_mult': 0.7, 'adverse_exit_min_mae_sl_frac': 0.2, 'capital_protect_mfe_mult': 1.6, 'capital_protect_regression_frac': 1.0, 'adverse_exit_min_speed': 0.5, 'adverse_exit_theta_quantile': 0.95}. Best is trial 131 with value: 2.1503204283711965.
[I 2026-05-22 12:52:32,254] Trial 141 finished with value: 2.133862121909624 and parameters: {'sl_mult': 0.5, 'adverse_exit_min_mae_sl_frac': 0.2, 'capital_protect_mfe_mult': 1.7000000000000002, 'capital_protect_regression_frac': 0.9500000000000001, 'adverse_exit_min_speed': 0.4, 'adverse_exit_theta_quantile': 0.95}. Best is trial 131 with value: 2.1503204283711965.
[I 2026-05-22 12:52:32,314] Trial 142 finished with value: 2.133862121909624 and parameters: {'sl_mult': 0.5, 'adverse_exit_min_mae_sl_frac': 0.2, 'capital_protect_mfe_mult': 1.7000000000000002, 'capital_protect_regression_frac': 0.9500000000000001, 'adverse_exit_min_speed': 0.4, 'adverse_exit_theta_quantile': 0.95}. Best is trial 131 with value: 2.1503204283711965.
[I 2026-05-22 12:52:32,374] Trial 143 finished with value: 2.133862121909624 and parameters: {'sl_mult': 0.5, 'adverse_exit_min_mae_sl_frac': 0.2, 'capital_protect_mfe_mult': 1.7000000000000002, 'capital_protect_regression_frac': 0.9500000000000001, 'adverse_exit_min_speed': 0.4, 'adverse_exit_theta_quantile': 0.95}. Best is trial 131 with value: 2.1503204283711965.
[I 2026-05-22 12:52:32,434] Trial 144 finished with value: 1.9337090591056039 and parameters: {'sl_mult': 0.6, 'adverse_exit_min_mae_sl_frac': 0.2, 'capital_protect_mfe_mult': 1.7000000000000002, 'capital_protect_regression_frac': 0.9500000000000001, 'adverse_exit_min_speed': 0.4, 'adverse_exit_theta_quantile': 0.95}. Best is trial 131 with value: 2.1503204283711965.
[I 2026-05-22 12:52:32,493] Trial 145 finished with value: 2.1503204283711965 and parameters: {'sl_mult': 0.5, 'adverse_exit_min_mae_sl_frac': 0.2, 'capital_protect_mfe_mult': 1.7000000000000002, 'capital_protect_regression_frac': 1.0, 'adverse_exit_min_speed': 0.4, 'adverse_exit_theta_quantile': 0.95}. Best is trial 131 with value: 2.1503204283711965.
[I 2026-05-22 12:52:32,552] Trial 146 finished with value: 1.9407615272415568 and parameters: {'sl_mult': 0.6, 'adverse_exit_min_mae_sl_frac': 0.2, 'capital_protect_mfe_mult': 1.7000000000000002, 'capital_protect_regression_frac': 1.0, 'adverse_exit_min_speed': 0.5, 'adverse_exit_theta_quantile': 0.95}. Best is trial 131 with value: 2.1503204283711965.
[I 2026-05-22 12:52:32,616] Trial 147 finished with value: 1.4814791717450135 and parameters: {'sl_mult': 2.6, 'adverse_exit_min_mae_sl_frac': 0.2, 'capital_protect_mfe_mult': 1.3, 'capital_protect_regression_frac': 1.0, 'adverse_exit_min_speed': 0.5, 'adverse_exit_theta_quantile': 0.95}. Best is trial 131 with value: 2.1503204283711965.
[I 2026-05-22 12:52:32,676] Trial 148 finished with value: 1.7952843058214056 and parameters: {'sl_mult': 0.7, 'adverse_exit_min_mae_sl_frac': 0.2, 'capital_protect_mfe_mult': 1.7000000000000002, 'capital_protect_regression_frac': 1.0, 'adverse_exit_min_speed': 0.4, 'adverse_exit_theta_quantile': 0.95}. Best is trial 131 with value: 2.1503204283711965.
[I 2026-05-22 12:52:32,736] Trial 149 finished with value: 2.133832267433172 and parameters: {'sl_mult': 0.5, 'adverse_exit_min_mae_sl_frac': 0.2, 'capital_protect_mfe_mult': 1.6, 'capital_protect_regression_frac': 0.9500000000000001, 'adverse_exit_min_speed': 0.4, 'adverse_exit_theta_quantile': 0.95}. Best is trial 131 with value: 2.1503204283711965.
[I 2026-05-22 12:52:32,797] Trial 150 finished with value: 1.6872488150111167 and parameters: {'sl_mult': 0.8, 'adverse_exit_min_mae_sl_frac': 0.2, 'capital_protect_mfe_mult': 1.6, 'capital_protect_regression_frac': 0.9500000000000001, 'adverse_exit_min_speed': 0.4, 'adverse_exit_theta_quantile': 0.95}. Best is trial 131 with value: 2.1503204283711965.
[I 2026-05-22 12:52:32,857] Trial 151 finished with value: 2.13380241295672 and parameters: {'sl_mult': 0.5, 'adverse_exit_min_mae_sl_frac': 0.2, 'capital_protect_mfe_mult': 1.5, 'capital_protect_regression_frac': 0.9500000000000001, 'adverse_exit_min_speed': 0.4, 'adverse_exit_theta_quantile': 0.95}. Best is trial 131 with value: 2.1503204283711965.
[I 2026-05-22 12:52:33,025] Trial 152 finished with value: 2.1503204283711965 and parameters: {'sl_mult': 0.5, 'adverse_exit_min_mae_sl_frac': 0.2, 'capital_protect_mfe_mult': 1.5, 'capital_protect_regression_frac': 1.0, 'adverse_exit_min_speed': 0.4, 'adverse_exit_theta_quantile': 0.95}. Best is trial 131 with value: 2.1503204283711965.
[I 2026-05-22 12:52:33,085] Trial 153 finished with value: 1.9407615272415568 and parameters: {'sl_mult': 0.6, 'adverse_exit_min_mae_sl_frac': 0.2, 'capital_protect_mfe_mult': 1.4000000000000001, 'capital_protect_regression_frac': 1.0, 'adverse_exit_min_speed': 0.4, 'adverse_exit_theta_quantile': 0.95}. Best is trial 131 with value: 2.1503204283711965.
[I 2026-05-22 12:52:33,146] Trial 154 finished with value: 2.13380241295672 and parameters: {'sl_mult': 0.5, 'adverse_exit_min_mae_sl_frac': 0.25, 'capital_protect_mfe_mult': 1.5, 'capital_protect_regression_frac': 0.9500000000000001, 'adverse_exit_min_speed': 0.5, 'adverse_exit_theta_quantile': 0.95}. Best is trial 131 with value: 2.1503204283711965.
[I 2026-05-22 12:52:33,206] Trial 155 finished with value: 1.907499205516069 and parameters: {'sl_mult': 0.6, 'adverse_exit_min_mae_sl_frac': 0.25, 'capital_protect_mfe_mult': 1.2000000000000002, 'capital_protect_regression_frac': 0.9500000000000001, 'adverse_exit_min_speed': 0.5, 'adverse_exit_theta_quantile': 0.95}. Best is trial 131 with value: 2.1503204283711965.
[I 2026-05-22 12:52:33,267] Trial 156 finished with value: 1.7883706464257556 and parameters: {'sl_mult': 0.7, 'adverse_exit_min_mae_sl_frac': 0.25, 'capital_protect_mfe_mult': 1.5, 'capital_protect_regression_frac': 0.9500000000000001, 'adverse_exit_min_speed': 0.5, 'adverse_exit_theta_quantile': 0.95}. Best is trial 131 with value: 2.1503204283711965.
[I 2026-05-22 12:52:33,328] Trial 157 finished with value: 2.1503204283711965 and parameters: {'sl_mult': 0.5, 'adverse_exit_min_mae_sl_frac': 0.2, 'capital_protect_mfe_mult': 1.3, 'capital_protect_regression_frac': 1.0, 'adverse_exit_min_speed': 0.5, 'adverse_exit_theta_quantile': 0.95}. Best is trial 131 with value: 2.1503204283711965.
[I 2026-05-22 12:52:33,389] Trial 158 finished with value: 1.9396476244641234 and parameters: {'sl_mult': 0.6, 'adverse_exit_min_mae_sl_frac': 0.2, 'capital_protect_mfe_mult': 1.3, 'capital_protect_regression_frac': 1.0, 'adverse_exit_min_speed': 0.4, 'adverse_exit_theta_quantile': 0.5}. Best is trial 131 with value: 2.1503204283711965.
[I 2026-05-22 12:52:33,449] Trial 159 finished with value: 2.1503204283711965 and parameters: {'sl_mult': 0.5, 'adverse_exit_min_mae_sl_frac': 0.2, 'capital_protect_mfe_mult': 1.6, 'capital_protect_regression_frac': 1.0, 'adverse_exit_min_speed': 0.4, 'adverse_exit_theta_quantile': 0.95}. Best is trial 131 with value: 2.1503204283711965.
[I 2026-05-22 12:52:33,509] Trial 160 finished with value: 2.1503204283711965 and parameters: {'sl_mult': 0.5, 'adverse_exit_min_mae_sl_frac': 0.2, 'capital_protect_mfe_mult': 1.6, 'capital_protect_regression_frac': 1.0, 'adverse_exit_min_speed': 0.5, 'adverse_exit_theta_quantile': 0.95}. Best is trial 131 with value: 2.1503204283711965.
[I 2026-05-22 12:52:33,569] Trial 161 finished with value: 2.1503204283711965 and parameters: {'sl_mult': 0.5, 'adverse_exit_min_mae_sl_frac': 0.2, 'capital_protect_mfe_mult': 1.6, 'capital_protect_regression_frac': 1.0, 'adverse_exit_min_speed': 0.5, 'adverse_exit_theta_quantile': 0.95}. Best is trial 131 with value: 2.1503204283711965.
[I 2026-05-22 12:52:33,629] Trial 162 finished with value: 1.9407615272415568 and parameters: {'sl_mult': 0.6, 'adverse_exit_min_mae_sl_frac': 0.2, 'capital_protect_mfe_mult': 1.6, 'capital_protect_regression_frac': 1.0, 'adverse_exit_min_speed': 0.6, 'adverse_exit_theta_quantile': 0.95}. Best is trial 131 with value: 2.1503204283711965.
[I 2026-05-22 12:52:33,693] Trial 163 finished with value: 2.1503204283711965 and parameters: {'sl_mult': 0.5, 'adverse_exit_min_mae_sl_frac': 0.2, 'capital_protect_mfe_mult': 1.3, 'capital_protect_regression_frac': 1.0, 'adverse_exit_min_speed': 0.5, 'adverse_exit_theta_quantile': 0.95}. Best is trial 131 with value: 2.1503204283711965.
[I 2026-05-22 12:52:33,755] Trial 164 finished with value: 2.1503204283711965 and parameters: {'sl_mult': 0.5, 'adverse_exit_min_mae_sl_frac': 0.2, 'capital_protect_mfe_mult': 1.1, 'capital_protect_regression_frac': 1.0, 'adverse_exit_min_speed': 0.5, 'adverse_exit_theta_quantile': 0.95}. Best is trial 131 with value: 2.1503204283711965.
