[I 2026-05-22 12:52:34,915] Trial 181 finished with value: 2.1503204283711965 and parameters: {'sl_mult': 0.5, 'adverse_exit_min_mae_sl_frac': 0.2, 'capital_protect_mfe_mult': 1.3, 'capital_protect_regression_frac': 1.0, 'adverse_exit_min_speed': 0.5, 'adverse_exit_theta_quantile': 0.95}. Best is trial 131 with value: 2.1503204283711965.
2026-05-22 12:52:35,348 - __main__ - INFO - ℹ️ Policy medoid selection: trailing_medoid=18 stage2_medoid=132 best_trial_stage2=131 final_sl=0.500 adverse_enabled=True
2026-05-22 12:52:35,395 - __main__ - INFO - ℹ️ 
--- short_loc_ema_stack_pos_24_0_43357179_compression_ratio_-0_33411601_mkt_ret_eq_24h_1_1280091_mkt_ret_eq_24h_-0_81129736_up_down_semivol_ratio_tanh_-0_39156261 | cv_fold_1_train | top_30 ---
2026-05-22 12:52:35,396 - __main__ - INFO - ℹ️ Period: 2026-03-03 to 2026-05-15
2026-05-22 12:52:35,396 - __main__ - INFO - ℹ️ Trades: 2186 selected from 10875 candidates (concurrency skipped=8689)
2026-05-22 12:52:35,396 - __main__ - INFO - ℹ️ Net PnL/Trade (Bankroll): 0.10%
2026-05-22 12:52:35,396 - __main__ - INFO - ℹ️ Net PnL/Trade (Sized): 0.68%
2026-05-22 12:52:35,396 - __main__ - INFO - ℹ️ Avg Win: 3.38%, Avg Loss: -1.30%
2026-05-22 12:52:35,396 - __main__ - INFO - ℹ️ Hit Rate (trailing profit only): 42.0%; positive-PnL rate: 42.3%
2026-05-22 12:52:35,396 - __main__ - INFO - ℹ️ Exit mix: trailing=919 (42.0%), capital_protect=0 (0.0%), full_sl=1261 (57.7%), adverse_fast=0 (0.0%), timeout=6 (0.3%)
2026-05-22 12:52:35,396 - __main__ - INFO - ℹ️ Sortino (W / M): 100.00 / 100.00
2026-05-22 12:52:35,396 - __main__ - INFO - ℹ️ Max DD: -8.15%
2026-05-22 12:52:35,396 - __main__ - INFO - ℹ️ Time Under Water: 7.0 days
2026-05-22 12:52:35,396 - __main__ - INFO - ℹ️ PnL Std (W / M): 12.52% / 33.19%
2026-05-22 12:52:35,444 - __main__ - INFO - ℹ️ 
--- short_loc_ema_stack_pos_24_0_43357179_compression_ratio_-0_33411601_mkt_ret_eq_24h_1_1280091_mkt_ret_eq_24h_-0_81129736_up_down_semivol_ratio_tanh_-0_39156261 | cv_fold_1_train | top_20 ---
2026-05-22 12:52:35,444 - __main__ - INFO - ℹ️ Period: 2026-03-03 to 2026-05-15
2026-05-22 12:52:35,444 - __main__ - INFO - ℹ️ Trades: 2186 selected from 10875 candidates (concurrency skipped=8689)
2026-05-22 12:52:35,444 - __main__ - INFO - ℹ️ Net PnL/Trade (Bankroll): 0.10%
2026-05-22 12:52:35,444 - __main__ - INFO - ℹ️ Net PnL/Trade (Sized): 0.68%
2026-05-22 12:52:35,444 - __main__ - INFO - ℹ️ Avg Win: 3.38%, Avg Loss: -1.30%
2026-05-22 12:52:35,444 - __main__ - INFO - ℹ️ Hit Rate (trailing profit only): 42.0%; positive-PnL rate: 42.3%
2026-05-22 12:52:35,444 - __main__ - INFO - ℹ️ Exit mix: trailing=919 (42.0%), capital_protect=0 (0.0%), full_sl=1261 (57.7%), adverse_fast=0 (0.0%), timeout=6 (0.3%)
2026-05-22 12:52:35,444 - __main__ - INFO - ℹ️ Sortino (W / M): 100.00 / 100.00
2026-05-22 12:52:35,444 - __main__ - INFO - ℹ️ Max DD: -8.15%
2026-05-22 12:52:35,444 - __main__ - INFO - ℹ️ Time Under Water: 7.0 days
2026-05-22 12:52:35,444 - __main__ - INFO - ℹ️ PnL Std (W / M): 12.52% / 33.19%
2026-05-22 12:52:35,492 - __main__ - INFO - ℹ️ 
--- short_loc_ema_stack_pos_24_0_43357179_compression_ratio_-0_33411601_mkt_ret_eq_24h_1_1280091_mkt_ret_eq_24h_-0_81129736_up_down_semivol_ratio_tanh_-0_39156261 | cv_fold_1_train | top_15 ---
2026-05-22 12:52:35,492 - __main__ - INFO - ℹ️ Period: 2026-03-03 to 2026-05-15
2026-05-22 12:52:35,493 - __main__ - INFO - ℹ️ Trades: 2186 selected from 10875 candidates (concurrency skipped=8689)
2026-05-22 12:52:35,493 - __main__ - INFO - ℹ️ Net PnL/Trade (Bankroll): 0.10%
2026-05-22 12:52:35,493 - __main__ - INFO - ℹ️ Net PnL/Trade (Sized): 0.68%
2026-05-22 12:52:35,493 - __main__ - INFO - ℹ️ Avg Win: 3.38%, Avg Loss: -1.30%
2026-05-22 12:52:35,493 - __main__ - INFO - ℹ️ Hit Rate (trailing profit only): 42.0%; positive-PnL rate: 42.3%
2026-05-22 12:52:35,493 - __main__ - INFO - ℹ️ Exit mix: trailing=919 (42.0%), capital_protect=0 (0.0%), full_sl=1261 (57.7%), adverse_fast=0 (0.0%), timeout=6 (0.3%)
2026-05-22 12:52:35,493 - __main__ - INFO - ℹ️ Sortino (W / M): 100.00 / 100.00
2026-05-22 12:52:35,493 - __main__ - INFO - ℹ️ Max DD: -8.15%
2026-05-22 12:52:35,493 - __main__ - INFO - ℹ️ Time Under Water: 7.0 days
2026-05-22 12:52:35,493 - __main__ - INFO - ℹ️ PnL Std (W / M): 12.52% / 33.19%
2026-05-22 12:52:35,541 - __main__ - INFO - ℹ️ 
--- short_loc_ema_stack_pos_24_0_43357179_compression_ratio_-0_33411601_mkt_ret_eq_24h_1_1280091_mkt_ret_eq_24h_-0_81129736_up_down_semivol_ratio_tanh_-0_39156261 | cv_fold_1_train | top_10 ---
2026-05-22 12:52:35,541 - __main__ - INFO - ℹ️ Period: 2026-03-03 to 2026-05-15
2026-05-22 12:52:35,541 - __main__ - INFO - ℹ️ Trades: 2186 selected from 10875 candidates (concurrency skipped=8689)
2026-05-22 12:52:35,541 - __main__ - INFO - ℹ️ Net PnL/Trade (Bankroll): 0.10%
2026-05-22 12:52:35,541 - __main__ - INFO - ℹ️ Net PnL/Trade (Sized): 0.68%
2026-05-22 12:52:35,541 - __main__ - INFO - ℹ️ Avg Win: 3.38%, Avg Loss: -1.30%
2026-05-22 12:52:35,541 - __main__ - INFO - ℹ️ Hit Rate (trailing profit only): 42.0%; positive-PnL rate: 42.3%
2026-05-22 12:52:35,541 - __main__ - INFO - ℹ️ Exit mix: trailing=919 (42.0%), capital_protect=0 (0.0%), full_sl=1261 (57.7%), adverse_fast=0 (0.0%), timeout=6 (0.3%)
2026-05-22 12:52:35,541 - __main__ - INFO - ℹ️ Sortino (W / M): 100.00 / 100.00
2026-05-22 12:52:35,541 - __main__ - INFO - ℹ️ Max DD: -8.15%
2026-05-22 12:52:35,541 - __main__ - INFO - ℹ️ Time Under Water: 7.0 days
2026-05-22 12:52:35,541 - __main__ - INFO - ℹ️ PnL Std (W / M): 12.52% / 33.19%
2026-05-22 12:52:35,584 - __main__ - INFO - ℹ️ 
--- short_loc_ema_stack_pos_24_0_43357179_compression_ratio_-0_33411601_mkt_ret_eq_24h_1_1280091_mkt_ret_eq_24h_-0_81129736_up_down_semivol_ratio_tanh_-0_39156261 | cv_fold_1_train | top_5 ---
2026-05-22 12:52:35,585 - __main__ - INFO - ℹ️ Period: 2026-03-03 to 2026-05-15
2026-05-22 12:52:35,585 - __main__ - INFO - ℹ️ Trades: 2058 selected from 9116 candidates (concurrency skipped=7058)
2026-05-22 12:52:35,585 - __main__ - INFO - ℹ️ Net PnL/Trade (Bankroll): 0.10%
2026-05-22 12:52:35,585 - __main__ - INFO - ℹ️ Net PnL/Trade (Sized): 0.70%
2026-05-22 12:52:35,585 - __main__ - INFO - ℹ️ Avg Win: 3.38%, Avg Loss: -1.30%
2026-05-22 12:52:35,585 - __main__ - INFO - ℹ️ Hit Rate (trailing profit only): 42.4%; positive-PnL rate: 42.6%
2026-05-22 12:52:35,585 - __main__ - INFO - ℹ️ Exit mix: trailing=872 (42.4%), capital_protect=0 (0.0%), full_sl=1181 (57.4%), adverse_fast=0 (0.0%), timeout=5 (0.2%)
2026-05-22 12:52:35,585 - __main__ - INFO - ℹ️ Sortino (W / M): 100.00 / 100.00
2026-05-22 12:52:35,585 - __main__ - INFO - ℹ️ Max DD: -9.17%
2026-05-22 12:52:35,585 - __main__ - INFO - ℹ️ Time Under Water: 5.2 days
2026-05-22 12:52:35,585 - __main__ - INFO - ℹ️ PnL Std (W / M): 11.71% / 32.41%
2026-05-22 12:52:35,606 - __main__ - INFO - ℹ️ 
--- short_loc_ema_stack_pos_24_0_43357179_compression_ratio_-0_33411601_mkt_ret_eq_24h_1_1280091_mkt_ret_eq_24h_-0_81129736_up_down_semivol_ratio_tanh_-0_39156261 | cv_fold_1_train | top_1 ---
2026-05-22 12:52:35,606 - __main__ - INFO - ℹ️ Period: 2026-03-03 to 2026-05-15
2026-05-22 12:52:35,606 - __main__ - INFO - ℹ️ Trades: 836 selected from 1846 candidates (concurrency skipped=1010)
2026-05-22 12:52:35,606 - __main__ - INFO - ℹ️ Net PnL/Trade (Bankroll): 0.14%
2026-05-22 12:52:35,606 - __main__ - INFO - ℹ️ Net PnL/Trade (Sized): 0.91%
2026-05-22 12:52:35,606 - __main__ - INFO - ℹ️ Avg Win: 3.31%, Avg Loss: -1.30%
2026-05-22 12:52:35,606 - __main__ - INFO - ℹ️ Hit Rate (trailing profit only): 47.6%; positive-PnL rate: 47.8%
2026-05-22 12:52:35,606 - __main__ - INFO - ℹ️ Exit mix: trailing=398 (47.6%), capital_protect=0 (0.0%), full_sl=436 (52.2%), adverse_fast=0 (0.0%), timeout=2 (0.2%)
2026-05-22 12:52:35,606 - __main__ - INFO - ℹ️ Sortino (W / M): 100.00 / 100.00
2026-05-22 12:52:35,606 - __main__ - INFO - ℹ️ Max DD: -4.63%
2026-05-22 12:52:35,606 - __main__ - INFO - ℹ️ Time Under Water: 8.0 days
2026-05-22 12:52:35,606 - __main__ - INFO - ℹ️ PnL Std (W / M): 7.21% / 22.62%
2026-05-22 12:52:35,637 - __main__ - INFO - ℹ️ 
--- short_loc_ema_stack_pos_24_0_43357179_compression_ratio_-0_33411601_mkt_ret_eq_24h_1_1280091_mkt_ret_eq_24h_-0_81129736_up_down_semivol_ratio_tanh_-0_39156261 | cv_fold_1_validation | top_30 ---
2026-05-22 12:52:35,637 - __main__ - INFO - ℹ️ Period: 2026-01-15 to 2026-03-03
2026-05-22 12:52:35,637 - __main__ - INFO - ℹ️ Trades: 1117 selected from 5438 candidates (concurrency skipped=4321)
2026-05-22 12:52:35,637 - __main__ - INFO - ℹ️ Net PnL/Trade (Bankroll): 0.28%
2026-05-22 12:52:35,637 - __main__ - INFO - ℹ️ Net PnL/Trade (Sized): 1.92%
2026-05-22 12:52:35,637 - __main__ - INFO - ℹ️ Avg Win: 4.96%, Avg Loss: -1.29%
2026-05-22 12:52:35,637 - __main__ - INFO - ℹ️ Hit Rate (trailing profit only): 50.8%; positive-PnL rate: 51.4%
2026-05-22 12:52:35,638 - __main__ - INFO - ℹ️ Exit mix: trailing=567 (50.8%), capital_protect=0 (0.0%), full_sl=539 (48.3%), adverse_fast=0 (0.0%), timeout=11 (1.0%)
2026-05-22 12:52:35,638 - __main__ - INFO - ℹ️ Sortino (W / M): 100.00 / 100.00
2026-05-22 12:52:35,638 - __main__ - INFO - ℹ️ Max DD: -11.91%
2026-05-22 12:52:35,638 - __main__ - INFO - ℹ️ Time Under Water: 3.1 days
2026-05-22 12:52:35,638 - __main__ - INFO - ℹ️ PnL Std (W / M): 27.83% / 93.79%
2026-05-22 12:52:35,669 - __main__ - INFO - ℹ️ 
--- short_loc_ema_stack_pos_24_0_43357179_compression_ratio_-0_33411601_mkt_ret_eq_24h_1_1280091_mkt_ret_eq_24h_-0_81129736_up_down_semivol_ratio_tanh_-0_39156261 | cv_fold_1_validation | top_20 ---
2026-05-22 12:52:35,669 - __main__ - INFO - ℹ️ Period: 2026-01-15 to 2026-03-03
2026-05-22 12:52:35,669 - __main__ - INFO - ℹ️ Trades: 1117 selected from 5438 candidates (concurrency skipped=4321)
2026-05-22 12:52:35,669 - __main__ - INFO - ℹ️ Net PnL/Trade (Bankroll): 0.28%
2026-05-22 12:52:35,669 - __main__ - INFO - ℹ️ Net PnL/Trade (Sized): 1.92%
2026-05-22 12:52:35,669 - __main__ - INFO - ℹ️ Avg Win: 4.96%, Avg Loss: -1.29%
2026-05-22 12:52:35,669 - __main__ - INFO - ℹ️ Hit Rate (trailing profit only): 50.8%; positive-PnL rate: 51.4%
2026-05-22 12:52:35,669 - __main__ - INFO - ℹ️ Exit mix: trailing=567 (50.8%), capital_protect=0 (0.0%), full_sl=539 (48.3%), adverse_fast=0 (0.0%), timeout=11 (1.0%)
2026-05-22 12:52:35,669 - __main__ - INFO - ℹ️ Sortino (W / M): 100.00 / 100.00
2026-05-22 12:52:35,669 - __main__ - INFO - ℹ️ Max DD: -11.91%
2026-05-22 12:52:35,669 - __main__ - INFO - ℹ️ Time Under Water: 3.1 days
2026-05-22 12:52:35,669 - __main__ - INFO - ℹ️ PnL Std (W / M): 27.83% / 93.79%
2026-05-22 12:52:35,701 - __main__ - INFO - ℹ️ 
--- short_loc_ema_stack_pos_24_0_43357179_compression_ratio_-0_33411601_mkt_ret_eq_24h_1_1280091_mkt_ret_eq_24h_-0_81129736_up_down_semivol_ratio_tanh_-0_39156261 | cv_fold_1_validation | top_15 ---
2026-05-22 12:52:35,701 - __main__ - INFO - ℹ️ Period: 2026-01-15 to 2026-03-03
2026-05-22 12:52:35,701 - __main__ - INFO - ℹ️ Trades: 1117 selected from 5438 candidates (concurrency skipped=4321)
2026-05-22 12:52:35,701 - __main__ - INFO - ℹ️ Net PnL/Trade (Bankroll): 0.28%
2026-05-22 12:52:35,701 - __main__ - INFO - ℹ️ Net PnL/Trade (Sized): 1.92%
2026-05-22 12:52:35,701 - __main__ - INFO - ℹ️ Avg Win: 4.96%, Avg Loss: -1.29%
2026-05-22 12:52:35,701 - __main__ - INFO - ℹ️ Hit Rate (trailing profit only): 50.8%; positive-PnL rate: 51.4%
2026-05-22 12:52:35,701 - __main__ - INFO - ℹ️ Exit mix: trailing=567 (50.8%), capital_protect=0 (0.0%), full_sl=539 (48.3%), adverse_fast=0 (0.0%), timeout=11 (1.0%)
2026-05-22 12:52:35,701 - __main__ - INFO - ℹ️ Sortino (W / M): 100.00 / 100.00
2026-05-22 12:52:35,701 - __main__ - INFO - ℹ️ Max DD: -11.91%
2026-05-22 12:52:35,701 - __main__ - INFO - ℹ️ Time Under Water: 3.1 days
2026-05-22 12:52:35,701 - __main__ - INFO - ℹ️ PnL Std (W / M): 27.83% / 93.79%
2026-05-22 12:52:35,732 - __main__ - INFO - ℹ️ 
--- short_loc_ema_stack_pos_24_0_43357179_compression_ratio_-0_33411601_mkt_ret_eq_24h_1_1280091_mkt_ret_eq_24h_-0_81129736_up_down_semivol_ratio_tanh_-0_39156261 | cv_fold_1_validation | top_10 ---
2026-05-22 12:52:35,732 - __main__ - INFO - ℹ️ Period: 2026-01-15 to 2026-03-03
2026-05-22 12:52:35,732 - __main__ - INFO - ℹ️ Trades: 1117 selected from 5438 candidates (concurrency skipped=4321)
2026-05-22 12:52:35,732 - __main__ - INFO - ℹ️ Net PnL/Trade (Bankroll): 0.28%
2026-05-22 12:52:35,732 - __main__ - INFO - ℹ️ Net PnL/Trade (Sized): 1.92%
2026-05-22 12:52:35,732 - __main__ - INFO - ℹ️ Avg Win: 4.96%, Avg Loss: -1.29%
2026-05-22 12:52:35,732 - __main__ - INFO - ℹ️ Hit Rate (trailing profit only): 50.8%; positive-PnL rate: 51.4%
2026-05-22 12:52:35,732 - __main__ - INFO - ℹ️ Exit mix: trailing=567 (50.8%), capital_protect=0 (0.0%), full_sl=539 (48.3%), adverse_fast=0 (0.0%), timeout=11 (1.0%)
2026-05-22 12:52:35,732 - __main__ - INFO - ℹ️ Sortino (W / M): 100.00 / 100.00
2026-05-22 12:52:35,732 - __main__ - INFO - ℹ️ Max DD: -11.91%
2026-05-22 12:52:35,732 - __main__ - INFO - ℹ️ Time Under Water: 3.1 days
2026-05-22 12:52:35,732 - __main__ - INFO - ℹ️ PnL Std (W / M): 27.83% / 93.79%
2026-05-22 12:52:35,761 - __main__ - INFO - ℹ️ 
--- short_loc_ema_stack_pos_24_0_43357179_compression_ratio_-0_33411601_mkt_ret_eq_24h_1_1280091_mkt_ret_eq_24h_-0_81129736_up_down_semivol_ratio_tanh_-0_39156261 | cv_fold_1_validation | top_5 ---
2026-05-22 12:52:35,761 - __main__ - INFO - ℹ️ Period: 2026-01-15 to 2026-03-03
2026-05-22 12:52:35,761 - __main__ - INFO - ℹ️ Trades: 1036 selected from 4478 candidates (concurrency skipped=3442)
2026-05-22 12:52:35,761 - __main__ - INFO - ℹ️ Net PnL/Trade (Bankroll): 0.30%
2026-05-22 12:52:35,761 - __main__ - INFO - ℹ️ Net PnL/Trade (Sized): 1.99%
2026-05-22 12:52:35,761 - __main__ - INFO - ℹ️ Avg Win: 4.99%, Avg Loss: -1.29%
2026-05-22 12:52:35,762 - __main__ - INFO - ℹ️ Hit Rate (trailing profit only): 51.5%; positive-PnL rate: 52.2%
2026-05-22 12:52:35,762 - __main__ - INFO - ℹ️ Exit mix: trailing=534 (51.5%), capital_protect=0 (0.0%), full_sl=492 (47.5%), adverse_fast=0 (0.0%), timeout=10 (1.0%)
2026-05-22 12:52:35,762 - __main__ - INFO - ℹ️ Sortino (W / M): 100.00 / 100.00
2026-05-22 12:52:35,762 - __main__ - INFO - ℹ️ Max DD: -11.69%
2026-05-22 12:52:35,762 - __main__ - INFO - ℹ️ Time Under Water: 3.2 days
2026-05-22 12:52:35,762 - __main__ - INFO - ℹ️ PnL Std (W / M): 26.92% / 93.91%
2026-05-22 12:52:35,779 - __main__ - INFO - ℹ️ 
--- short_loc_ema_stack_pos_24_0_43357179_compression_ratio_-0_33411601_mkt_ret_eq_24h_1_1280091_mkt_ret_eq_24h_-0_81129736_up_down_semivol_ratio_tanh_-0_39156261 | cv_fold_1_validation | top_1 ---
2026-05-22 12:52:35,779 - __main__ - INFO - ℹ️ Period: 2026-01-16 to 2026-03-03
2026-05-22 12:52:35,779 - __main__ - INFO - ℹ️ Trades: 420 selected from 873 candidates (concurrency skipped=453)
2026-05-22 12:52:35,780 - __main__ - INFO - ℹ️ Net PnL/Trade (Bankroll): 0.39%
2026-05-22 12:52:35,780 - __main__ - INFO - ℹ️ Net PnL/Trade (Sized): 2.59%
2026-05-22 12:52:35,780 - __main__ - INFO - ℹ️ Avg Win: 5.00%, Avg Loss: -1.28%
2026-05-22 12:52:35,780 - __main__ - INFO - ℹ️ Hit Rate (trailing profit only): 60.7%; positive-PnL rate: 61.7%
2026-05-22 12:52:35,780 - __main__ - INFO - ℹ️ Exit mix: trailing=255 (60.7%), capital_protect=0 (0.0%), full_sl=158 (37.6%), adverse_fast=0 (0.0%), timeout=7 (1.7%)
2026-05-22 12:52:35,780 - __main__ - INFO - ℹ️ Sortino (W / M): 100.00 / 100.00
2026-05-22 12:52:35,780 - __main__ - INFO - ℹ️ Max DD: -5.05%
2026-05-22 12:52:35,780 - __main__ - INFO - ℹ️ Time Under Water: 3.1 days
2026-05-22 12:52:35,780 - __main__ - INFO - ℹ️ PnL Std (W / M): 17.23% / 51.98%
2026-05-22 12:52:35,780 - __main__ - INFO - ℹ️ [short_loc_ema_stack_pos_24_0_43357179_compression_ratio_-0_33411601_mkt_ret_eq_24h_1_1280091_mkt_ret_eq_24h_-0_81129736_up_down_semivol_ratio_tanh_-0_39156261] CV fold 1/3 best_params={'sl_mult': 0.5, 'trailing_activation_mult': 0.5, 'trailing_power': 1.8, 'trailing_squash_divisor': 1.0, 'giveback_beta': 0.8, 'capital_protect_mfe_mult': 1.4000000000000001, 'capital_protect_regression_frac': 1.0, 'adverse_exit_enabled': True, 'adverse_exit_min_mae_atr': 0.1, 'adverse_exit_min_speed': 0.5, 'adverse_exit_theta_quantile': 0.95, 'adverse_exit_alpha': 1.0, 'adverse_exit_beta': 1.0, 'adverse_exit_delta': 1.0, 'adverse_exit_fast_bars': 4, 'adverse_exit_max_mfe_atr': 0.25, 'provisional_trailing_stage_sl_mult': 0.5, 'sl_mult_source': 'capital_preservation_adverse_exit_top15_cluster_medoid', 'max_concurrent_trades': 4, 'max_concurrent_per_asset': 1, 'stage2_selection_method': 'top15_cluster_medoid'} best_size_power=1.100 train_top5_avg=0.001032 val_top5_avg=0.002954
2026-05-22 12:52:35,780 - __main__ - INFO - ℹ️ [short_loc_ema_stack_pos_24_0_43357179_compression_ratio_-0_33411601_mkt_ret_eq_24h_1_1280091_mkt_ret_eq_24h_-0_81129736_up_down_semivol_ratio_tanh_-0_39156261] CV fold 1 train-validation gap top5: avg_net=-0.001922 win_rate=-0.0917 sortino=0.0000 maxdd=0.025240
[I 2026-05-22 12:52:35,785] A new study created in memory with name: no-name-1a8f23fe-0f74-41fc-a404-225b84b8d6ca
[I 2026-05-22 12:52:35,829] Trial 0 finished with value: 3.4931031207437626 and parameters: {'sl_mult': 0.5, 'trailing_activation_mult': 2.0, 'trailing_power': 1.9, 'trailing_squash_divisor': 3.0, 'giveback_beta': 0.8, 'capital_protect_mfe_mult': 1.0, 'capital_protect_regression_frac': 0.65}. Best is trial 0 with value: 3.4931031207437626.
[I 2026-05-22 12:52:35,873] Trial 1 finished with value: 2.6094736237369944 and parameters: {'sl_mult': 1.1, 'trailing_activation_mult': 2.0, 'trailing_power': 1.9, 'trailing_squash_divisor': 3.5, 'giveback_beta': 0.8, 'capital_protect_mfe_mult': 1.5, 'capital_protect_regression_frac': 0.65}. Best is trial 0 with value: 3.4931031207437626.
[I 2026-05-22 12:52:35,918] Trial 2 finished with value: 2.6233905777102335 and parameters: {'sl_mult': 1.3, 'trailing_activation_mult': 2.5, 'trailing_power': 1.8, 'trailing_squash_divisor': 3.5, 'giveback_beta': 0.95, 'capital_protect_mfe_mult': 0.75, 'capital_protect_regression_frac': 0.65}. Best is trial 0 with value: 3.4931031207437626.
[I 2026-05-22 12:52:35,960] Trial 3 finished with value: 3.517987055471167 and parameters: {'sl_mult': 1.0, 'trailing_activation_mult': 1.0, 'trailing_power': 1.7, 'trailing_squash_divisor': 1.0, 'giveback_beta': 0.4, 'capital_protect_mfe_mult': 1.0, 'capital_protect_regression_frac': 0.55}. Best is trial 3 with value: 3.517987055471167.
[I 2026-05-22 12:52:36,002] Trial 4 finished with value: 3.9713623919175007 and parameters: {'sl_mult': 0.5, 'trailing_activation_mult': 1.0, 'trailing_power': 1.6, 'trailing_squash_divisor': 1.5, 'giveback_beta': 0.7, 'capital_protect_mfe_mult': 1.0, 'capital_protect_regression_frac': 0.25}. Best is trial 4 with value: 3.9713623919175007.
[I 2026-05-22 12:52:36,044] Trial 5 finished with value: 2.7997103886737023 and parameters: {'sl_mult': 1.4, 'trailing_activation_mult': 0.5, 'trailing_power': 1.3, 'trailing_squash_divisor': 4.0, 'giveback_beta': 0.4, 'capital_protect_mfe_mult': 1.25, 'capital_protect_regression_frac': 0.35}. Best is trial 4 with value: 3.9713623919175007.
[I 2026-05-22 12:52:36,188] Trial 6 finished with value: 3.419574816443492 and parameters: {'sl_mult': 1.3, 'trailing_activation_mult': 0.75, 'trailing_power': 1.7, 'trailing_squash_divisor': 1.5, 'giveback_beta': 0.5, 'capital_protect_mfe_mult': 1.5, 'capital_protect_regression_frac': 0.45}. Best is trial 4 with value: 3.9713623919175007.
[I 2026-05-22 12:52:36,231] Trial 7 finished with value: 3.20477674784197 and parameters: {'sl_mult': 1.2, 'trailing_activation_mult': 1.25, 'trailing_power': 1.6, 'trailing_squash_divisor': 2.0, 'giveback_beta': 0.7, 'capital_protect_mfe_mult': 1.5, 'capital_protect_regression_frac': 0.35}. Best is trial 4 with value: 3.9713623919175007.
[I 2026-05-22 12:52:36,273] Trial 8 finished with value: 4.003864909021649 and parameters: {'sl_mult': 0.5, 'trailing_activation_mult': 1.0, 'trailing_power': 1.2, 'trailing_squash_divisor': 1.0, 'giveback_beta': 0.9, 'capital_protect_mfe_mult': 0.75, 'capital_protect_regression_frac': 0.45}. Best is trial 8 with value: 4.003864909021649.
[I 2026-05-22 12:52:36,318] Trial 9 finished with value: 2.7668933287553954 and parameters: {'sl_mult': 1.3, 'trailing_activation_mult': 2.5, 'trailing_power': 1.9, 'trailing_squash_divisor': 3.0, 'giveback_beta': 0.3, 'capital_protect_mfe_mult': 0.75, 'capital_protect_regression_frac': 0.65}. Best is trial 8 with value: 4.003864909021649.
[I 2026-05-22 12:52:36,362] Trial 10 finished with value: 2.507442359853303 and parameters: {'sl_mult': 0.8, 'trailing_activation_mult': 1.5, 'trailing_power': 1.2, 'trailing_squash_divisor': 5.0, 'giveback_beta': 0.9, 'capital_protect_mfe_mult': 0.0, 'capital_protect_regression_frac': 0.45}. Best is trial 8 with value: 4.003864909021649.
[I 2026-05-22 12:52:36,405] Trial 11 finished with value: 4.003864909021649 and parameters: {'sl_mult': 0.5, 'trailing_activation_mult': 1.0, 'trailing_power': 1.2, 'trailing_squash_divisor': 1.0, 'giveback_beta': 0.9, 'capital_protect_mfe_mult': 0.75, 'capital_protect_regression_frac': 0.25}. Best is trial 8 with value: 4.003864909021649.
[I 2026-05-22 12:52:36,448] Trial 12 finished with value: 3.8392136120703073 and parameters: {'sl_mult': 0.6, 'trailing_activation_mult': 1.0, 'trailing_power': 1.2, 'trailing_squash_divisor': 1.0, 'giveback_beta': 0.9, 'capital_protect_mfe_mult': 0.75, 'capital_protect_regression_frac': 0.25}. Best is trial 8 with value: 4.003864909021649.
[I 2026-05-22 12:52:36,491] Trial 13 finished with value: 3.5901383858639746 and parameters: {'sl_mult': 0.9, 'trailing_activation_mult': 1.0, 'trailing_power': 1.2, 'trailing_squash_divisor': 1.0, 'giveback_beta': 0.6, 'capital_protect_mfe_mult': 0.75, 'capital_protect_regression_frac': 0.45}. Best is trial 8 with value: 4.003864909021649.
