[I 2026-05-22 11:43:31,676] Trial 0 finished with value: 0.9837914009467449 and parameters: {'alpha_base': 0.5618101782710437, 'alpha_recency': 1.4260714596148742, 'alpha_trade_quality': 1.0979909127171077, 'alpha_tp_opportunity': 0.8979877262955549, 'alpha_meta_magnitude': 0.23402796066365478, 'min_n_eff_ratio': 0.22479561626896213, 'max_top1pct': 0.058712541825229926}. Best is trial 0 with value: 0.9837914009467449.
[2026-05-22 09:43:31 UTC] Objective rejected | n_eff=22864.362064 min_n_eff=22978.623379 n_eff_ratio=0.762145 top1pct_share=0.035747 max_top1pct=0.081851 weighted_return_mean=0.324897 mem_mb=6615.593750
[2026-05-22 09:43:31 UTC] Optuna trial | trial=1 score=-10.000000 n_eff=22864.362064 n_eff_ratio=0.762145 top1pct_weight_share=0.035747 weighted_return_mean=0.324897 weight_std=0.597089 mem_mb=6615.593750
[I 2026-05-22 11:43:31,685] Trial 1 finished with value: -10.0 and parameters: {'alpha_base': 1.2992642186624028, 'alpha_recency': 0.9016725176148133, 'alpha_trade_quality': 1.0621088666940683, 'alpha_tp_opportunity': 0.03087674144370367, 'alpha_meta_magnitude': 1.4548647782429915, 'min_n_eff_ratio': 0.7659541126403374, 'max_top1pct': 0.08185086660174143}. Best is trial 0 with value: 0.9837914009467449.
[2026-05-22 09:43:31 UTC] CV fold complete | fold=1 seed=42 buckets_scored=1 train_size=18388 valid_size=6000 ic=0.984061 decile_spread=0.629596 pred_mean=0.265019 pred_std=0.243763 valid_ret_mean=0.265011 weighted_valid_ret_mean=0.325861 mem_mb=6615.593750
[2026-05-22 09:43:31 UTC] CV fold complete | fold=2 seed=42 buckets_scored=1 train_size=704 valid_size=6000 ic=0.986963 decile_spread=0.654393 pred_mean=0.267697 pred_std=0.245651 valid_ret_mean=0.267595 weighted_valid_ret_mean=0.330315 mem_mb=6615.593750
[2026-05-22 09:43:31 UTC] CV fold complete | fold=3 seed=42 buckets_scored=1 train_size=7827 valid_size=6000 ic=0.986574 decile_spread=0.689038 pred_mean=0.287305 pred_std=0.252704 valid_ret_mean=0.287295 weighted_valid_ret_mean=0.345183 mem_mb=6615.593750
[2026-05-22 09:43:31 UTC] CV fold complete | fold=4 seed=42 buckets_scored=1 train_size=6207 valid_size=6000 ic=0.979966 decile_spread=0.746499 pred_mean=0.292520 pred_std=0.267474 valid_ret_mean=0.292507 weighted_valid_ret_mean=0.360046 mem_mb=6615.593750
[2026-05-22 09:43:31 UTC] CV fold complete | fold=5 seed=42 buckets_scored=1 train_size=10275 valid_size=6000 ic=0.981445 decile_spread=0.776905 pred_mean=0.308834 pred_std=0.271685 valid_ret_mean=0.308823 weighted_valid_ret_mean=0.374983 mem_mb=6615.593750
[2026-05-22 09:43:31 UTC] CV fold complete | fold=1 seed=123 buckets_scored=1 train_size=18388 valid_size=6000 ic=0.984061 decile_spread=0.629596 pred_mean=0.265019 pred_std=0.243763 valid_ret_mean=0.265011 weighted_valid_ret_mean=0.325861 mem_mb=6615.593750
[2026-05-22 09:43:31 UTC] CV fold complete | fold=2 seed=123 buckets_scored=1 train_size=704 valid_size=6000 ic=0.986963 decile_spread=0.654393 pred_mean=0.267697 pred_std=0.245651 valid_ret_mean=0.267595 weighted_valid_ret_mean=0.330315 mem_mb=6615.593750
[2026-05-22 09:43:31 UTC] CV fold complete | fold=3 seed=123 buckets_scored=1 train_size=7827 valid_size=6000 ic=0.986574 decile_spread=0.689038 pred_mean=0.287305 pred_std=0.252704 valid_ret_mean=0.287295 weighted_valid_ret_mean=0.345183 mem_mb=6615.593750
[2026-05-22 09:43:31 UTC] CV fold complete | fold=4 seed=123 buckets_scored=1 train_size=6207 valid_size=6000 ic=0.979966 decile_spread=0.746499 pred_mean=0.292520 pred_std=0.267474 valid_ret_mean=0.292507 weighted_valid_ret_mean=0.360046 mem_mb=6615.593750
[2026-05-22 09:43:31 UTC] CV fold complete | fold=5 seed=123 buckets_scored=1 train_size=10275 valid_size=6000 ic=0.981445 decile_spread=0.776905 pred_mean=0.308834 pred_std=0.271685 valid_ret_mean=0.308823 weighted_valid_ret_mean=0.374983 mem_mb=6615.593750
[2026-05-22 09:43:31 UTC] Objective evaluated | n_eff=24016.579189 n_eff_ratio=0.800553 top1pct_share=0.031195 ic_mean=0.983802 ic_std=0.000000 decile_spread_mean=0.699286 objective=0.983802 weighted_return_mean=0.345270 mem_mb=6615.593750
[2026-05-22 09:43:31 UTC] Optuna trial | trial=2 score=0.983802 n_eff=24016.579189 n_eff_ratio=0.800553 top1pct_weight_share=0.031195 weighted_return_mean=0.345270 weight_std=0.603146 mem_mb=6615.593750
[I 2026-05-22 11:43:31,721] Trial 2 finished with value: 0.983801669685724 and parameters: {'alpha_base': 0.2727374508106509, 'alpha_recency': 0.2751067647801507, 'alpha_trade_quality': 0.4563633644393066, 'alpha_tp_opportunity': 0.7871346474483567, 'alpha_meta_magnitude': 0.6479175279631737, 'min_n_eff_ratio': 0.3329833121584336, 'max_top1pct': 0.14177793420835694}. Best is trial 2 with value: 0.983801669685724.
[2026-05-22 09:43:31 UTC] CV fold complete | fold=1 seed=42 buckets_scored=1 train_size=18388 valid_size=6000 ic=0.984060 decile_spread=0.629596 pred_mean=0.265024 pred_std=0.243765 valid_ret_mean=0.265011 weighted_valid_ret_mean=0.352329 mem_mb=6615.593750
[2026-05-22 09:43:31 UTC] CV fold complete | fold=2 seed=42 buckets_scored=1 train_size=704 valid_size=6000 ic=0.986930 decile_spread=0.654393 pred_mean=0.267793 pred_std=0.245552 valid_ret_mean=0.267595 weighted_valid_ret_mean=0.353464 mem_mb=6615.593750
[2026-05-22 09:43:31 UTC] CV fold complete | fold=3 seed=42 buckets_scored=1 train_size=7827 valid_size=6000 ic=0.986579 decile_spread=0.689038 pred_mean=0.287308 pred_std=0.252706 valid_ret_mean=0.287295 weighted_valid_ret_mean=0.368843 mem_mb=6615.593750
[2026-05-22 09:43:31 UTC] CV fold complete | fold=4 seed=42 buckets_scored=1 train_size=6207 valid_size=6000 ic=0.979966 decile_spread=0.746499 pred_mean=0.292526 pred_std=0.267471 valid_ret_mean=0.292507 weighted_valid_ret_mean=0.385342 mem_mb=6615.593750
[2026-05-22 09:43:31 UTC] CV fold complete | fold=5 seed=42 buckets_scored=1 train_size=10275 valid_size=6000 ic=0.981437 decile_spread=0.776905 pred_mean=0.308837 pred_std=0.271687 valid_ret_mean=0.308823 weighted_valid_ret_mean=0.400196 mem_mb=6615.593750
[2026-05-22 09:43:31 UTC] CV fold complete | fold=1 seed=123 buckets_scored=1 train_size=18388 valid_size=6000 ic=0.984060 decile_spread=0.629596 pred_mean=0.265024 pred_std=0.243765 valid_ret_mean=0.265011 weighted_valid_ret_mean=0.352329 mem_mb=6615.593750
[2026-05-22 09:43:31 UTC] CV fold complete | fold=2 seed=123 buckets_scored=1 train_size=704 valid_size=6000 ic=0.986930 decile_spread=0.654393 pred_mean=0.267793 pred_std=0.245552 valid_ret_mean=0.267595 weighted_valid_ret_mean=0.353464 mem_mb=6615.593750
[2026-05-22 09:43:31 UTC] CV fold complete | fold=3 seed=123 buckets_scored=1 train_size=7827 valid_size=6000 ic=0.986579 decile_spread=0.689038 pred_mean=0.287308 pred_std=0.252706 valid_ret_mean=0.287295 weighted_valid_ret_mean=0.368843 mem_mb=6615.593750
[2026-05-22 09:43:31 UTC] CV fold complete | fold=4 seed=123 buckets_scored=1 train_size=6207 valid_size=6000 ic=0.979966 decile_spread=0.746499 pred_mean=0.292526 pred_std=0.267471 valid_ret_mean=0.292507 weighted_valid_ret_mean=0.385342 mem_mb=6615.593750
[2026-05-22 09:43:31 UTC] CV fold complete | fold=5 seed=123 buckets_scored=1 train_size=10275 valid_size=6000 ic=0.981437 decile_spread=0.776905 pred_mean=0.308837 pred_std=0.271687 valid_ret_mean=0.308823 weighted_valid_ret_mean=0.400196 mem_mb=6615.593750
[2026-05-22 09:43:31 UTC] Objective evaluated | n_eff=24177.960360 n_eff_ratio=0.805932 top1pct_share=0.027193 ic_mean=0.983794 ic_std=0.000000 decile_spread_mean=0.699286 objective=0.983794 weighted_return_mean=0.370797 mem_mb=6615.593750
[2026-05-22 09:43:31 UTC] Optuna trial | trial=3 score=0.983794 n_eff=24177.960360 n_eff_ratio=0.805932 top1pct_weight_share=0.027193 weighted_return_mean=0.370797 weight_std=0.682536 mem_mb=6615.593750
[I 2026-05-22 11:43:31,759] Trial 3 finished with value: 0.9837944300280629 and parameters: {'alpha_base': 0.20924079097806275, 'alpha_recency': 0.43821697280282723, 'alpha_trade_quality': 0.5495427649405376, 'alpha_tp_opportunity': 0.6841049763255539, 'alpha_meta_magnitude': 1.1777639420895203, 'min_n_eff_ratio': 0.2597390257266878, 'max_top1pct': 0.12713516576204176}. Best is trial 2 with value: 0.983801669685724.
[2026-05-22 09:43:31 UTC] Objective rejected | n_eff=21982.711107 min_n_eff=25773.252894 n_eff_ratio=0.732757 top1pct_share=0.035896 max_top1pct=0.194845 weighted_return_mean=0.302731 mem_mb=6615.593750
[2026-05-22 09:43:31 UTC] Optuna trial | trial=4 score=-10.000000 n_eff=21982.711107 n_eff_ratio=0.732757 top1pct_weight_share=0.035896 weighted_return_mean=0.302731 weight_std=0.662993 mem_mb=6615.593750
[I 2026-05-22 11:43:31,769] Trial 4 finished with value: -10.0 and parameters: {'alpha_base': 0.8886218532930636, 'alpha_recency': 0.06967561907999659, 'alpha_trade_quality': 0.9113172778521575, 'alpha_tp_opportunity': 0.2557861855309373, 'alpha_meta_magnitude': 0.09757738947791927, 'min_n_eff_ratio': 0.8591084298026667, 'max_top1pct': 0.19484480496118392}. Best is trial 2 with value: 0.983801669685724.
[2026-05-22 09:43:31 UTC] CV fold complete | fold=1 seed=42 buckets_scored=1 train_size=18388 valid_size=6000 ic=0.984060 decile_spread=0.629596 pred_mean=0.265013 pred_std=0.243756 valid_ret_mean=0.265011 weighted_valid_ret_mean=0.289228 mem_mb=6615.593750
[2026-05-22 09:43:31 UTC] CV fold complete | fold=2 seed=42 buckets_scored=1 train_size=704 valid_size=6000 ic=0.986859 decile_spread=0.654634 pred_mean=0.267598 pred_std=0.245619 valid_ret_mean=0.267595 weighted_valid_ret_mean=0.292460 mem_mb=6615.593750
[2026-05-22 09:43:31 UTC] CV fold complete | fold=3 seed=42 buckets_scored=1 train_size=7827 valid_size=6000 ic=0.986553 decile_spread=0.689038 pred_mean=0.287299 pred_std=0.252691 valid_ret_mean=0.287295 weighted_valid_ret_mean=0.301365 mem_mb=6615.593750
[2026-05-22 09:43:31 UTC] CV fold complete | fold=4 seed=42 buckets_scored=1 train_size=6207 valid_size=6000 ic=0.979963 decile_spread=0.746499 pred_mean=0.292512 pred_std=0.267453 valid_ret_mean=0.292507 weighted_valid_ret_mean=0.306590 mem_mb=6615.593750
[2026-05-22 09:43:31 UTC] CV fold complete | fold=5 seed=42 buckets_scored=1 train_size=10275 valid_size=6000 ic=0.981445 decile_spread=0.776461 pred_mean=0.308832 pred_std=0.271663 valid_ret_mean=0.308823 weighted_valid_ret_mean=0.321418 mem_mb=6615.593750
[2026-05-22 09:43:31 UTC] CV fold complete | fold=1 seed=123 buckets_scored=1 train_size=18388 valid_size=6000 ic=0.984060 decile_spread=0.629596 pred_mean=0.265013 pred_std=0.243756 valid_ret_mean=0.265011 weighted_valid_ret_mean=0.289228 mem_mb=6615.593750
[2026-05-22 09:43:31 UTC] CV fold complete | fold=2 seed=123 buckets_scored=1 train_size=704 valid_size=6000 ic=0.986859 decile_spread=0.654634 pred_mean=0.267598 pred_std=0.245619 valid_ret_mean=0.267595 weighted_valid_ret_mean=0.292460 mem_mb=6615.593750
[2026-05-22 09:43:31 UTC] CV fold complete | fold=3 seed=123 buckets_scored=1 train_size=7827 valid_size=6000 ic=0.986553 decile_spread=0.689038 pred_mean=0.287299 pred_std=0.252691 valid_ret_mean=0.287295 weighted_valid_ret_mean=0.301365 mem_mb=6615.593750
[2026-05-22 09:43:31 UTC] CV fold complete | fold=4 seed=123 buckets_scored=1 train_size=6207 valid_size=6000 ic=0.979963 decile_spread=0.746499 pred_mean=0.292512 pred_std=0.267453 valid_ret_mean=0.292507 weighted_valid_ret_mean=0.306590 mem_mb=6615.593750
[2026-05-22 09:43:31 UTC] CV fold complete | fold=5 seed=123 buckets_scored=1 train_size=10275 valid_size=6000 ic=0.981445 decile_spread=0.776461 pred_mean=0.308832 pred_std=0.271663 valid_ret_mean=0.308823 weighted_valid_ret_mean=0.321418 mem_mb=6615.593750
[2026-05-22 09:43:31 UTC] Objective evaluated | n_eff=20371.790623 n_eff_ratio=0.679060 top1pct_share=0.054430 ic_mean=0.983776 ic_std=0.000000 decile_spread_mean=0.699245 objective=0.983776 weighted_return_mean=0.300433 mem_mb=6615.593750
[2026-05-22 09:43:31 UTC] Optuna trial | trial=5 score=0.983776 n_eff=20371.790623 n_eff_ratio=0.679060 top1pct_weight_share=0.054430 weighted_return_mean=0.300433 weight_std=0.485536 mem_mb=6615.593750
[I 2026-05-22 11:43:31,815] Trial 5 finished with value: 0.983775897647722 and parameters: {'alpha_base': 1.2125960221746916, 'alpha_recency': 0.45692065376005603, 'alpha_trade_quality': 0.1465081710095758, 'alpha_tp_opportunity': 1.0263495397682354, 'alpha_meta_magnitude': 0.660228740609402, 'min_n_eff_ratio': 0.19763058787582308, 'max_top1pct': 0.12427653651669054}. Best is trial 2 with value: 0.983801669685724.
[2026-05-22 09:43:31 UTC] CV fold complete | fold=1 seed=42 buckets_scored=1 train_size=18388 valid_size=6000 ic=0.984064 decile_spread=0.629596 pred_mean=0.265025 pred_std=0.243762 valid_ret_mean=0.265011 weighted_valid_ret_mean=0.348818 mem_mb=6615.593750
[2026-05-22 09:43:31 UTC] CV fold complete | fold=2 seed=42 buckets_scored=1 train_size=704 valid_size=6000 ic=0.987000 decile_spread=0.654393 pred_mean=0.267767 pred_std=0.245636 valid_ret_mean=0.267595 weighted_valid_ret_mean=0.350684 mem_mb=6615.593750
[2026-05-22 09:43:31 UTC] CV fold complete | fold=3 seed=42 buckets_scored=1 train_size=7827 valid_size=6000 ic=0.986581 decile_spread=0.689337 pred_mean=0.287309 pred_std=0.252708 valid_ret_mean=0.287295 weighted_valid_ret_mean=0.370370 mem_mb=6615.593750
[2026-05-22 09:43:31 UTC] CV fold complete | fold=4 seed=42 buckets_scored=1 train_size=6207 valid_size=6000 ic=0.979966 decile_spread=0.746499 pred_mean=0.292523 pred_std=0.267484 valid_ret_mean=0.292507 weighted_valid_ret_mean=0.391951 mem_mb=6615.593750
[2026-05-22 09:43:31 UTC] CV fold complete | fold=5 seed=42 buckets_scored=1 train_size=10275 valid_size=6000 ic=0.981440 decile_spread=0.777800 pred_mean=0.308835 pred_std=0.271695 valid_ret_mean=0.308823 weighted_valid_ret_mean=0.407843 mem_mb=6615.593750
[2026-05-22 09:43:31 UTC] CV fold complete | fold=1 seed=123 buckets_scored=1 train_size=18388 valid_size=6000 ic=0.984064 decile_spread=0.629596 pred_mean=0.265025 pred_std=0.243762 valid_ret_mean=0.265011 weighted_valid_ret_mean=0.348818 mem_mb=6615.593750
[2026-05-22 09:43:31 UTC] CV fold complete | fold=2 seed=123 buckets_scored=1 train_size=704 valid_size=6000 ic=0.987000 decile_spread=0.654393 pred_mean=0.267767 pred_std=0.245636 valid_ret_mean=0.267595 weighted_valid_ret_mean=0.350684 mem_mb=6615.593750
[2026-05-22 09:43:31 UTC] CV fold complete | fold=3 seed=123 buckets_scored=1 train_size=7827 valid_size=6000 ic=0.986581 decile_spread=0.689337 pred_mean=0.287309 pred_std=0.252708 valid_ret_mean=0.287295 weighted_valid_ret_mean=0.370370 mem_mb=6615.593750
[2026-05-22 09:43:31 UTC] CV fold complete | fold=4 seed=123 buckets_scored=1 train_size=6207 valid_size=6000 ic=0.979966 decile_spread=0.746499 pred_mean=0.292523 pred_std=0.267484 valid_ret_mean=0.292507 weighted_valid_ret_mean=0.391951 mem_mb=6615.593750
[2026-05-22 09:43:31 UTC] CV fold complete | fold=5 seed=123 buckets_scored=1 train_size=10275 valid_size=6000 ic=0.981440 decile_spread=0.777800 pred_mean=0.308835 pred_std=0.271695 valid_ret_mean=0.308823 weighted_valid_ret_mean=0.407843 mem_mb=6615.593750
[2026-05-22 09:43:31 UTC] Objective evaluated | n_eff=24704.660002 n_eff_ratio=0.823489 top1pct_share=0.019002 ic_mean=0.983810 ic_std=0.000000 decile_spread_mean=0.699525 objective=0.983810 weighted_return_mean=0.373010 mem_mb=6615.593750
[2026-05-22 09:43:31 UTC] Optuna trial | trial=6 score=0.983810 n_eff=24704.660002 n_eff_ratio=0.823489 top1pct_weight_share=0.019002 weighted_return_mean=0.373010 weight_std=0.952717 mem_mb=6615.593750
[I 2026-05-22 11:43:31,855] Trial 6 finished with value: 0.9838103303286504 and parameters: {'alpha_base': 0.05158278167282759, 'alpha_recency': 1.3639806031181732, 'alpha_trade_quality': 0.3881699724000254, 'alpha_tp_opportunity': 0.993783426530973, 'alpha_meta_magnitude': 0.46756661413411643, 'min_n_eff_ratio': 0.5160544169422486, 'max_top1pct': 0.13200654190149197}. Best is trial 6 with value: 0.9838103303286504.
[2026-05-22 09:43:31 UTC] CV fold complete | fold=1 seed=42 buckets_scored=1 train_size=18388 valid_size=6000 ic=0.984061 decile_spread=0.629795 pred_mean=0.265021 pred_std=0.243766 valid_ret_mean=0.265011 weighted_valid_ret_mean=0.346945 mem_mb=6615.593750
[2026-05-22 09:43:31 UTC] CV fold complete | fold=2 seed=42 buckets_scored=1 train_size=704 valid_size=6000 ic=0.986901 decile_spread=0.654392 pred_mean=0.267845 pred_std=0.245448 valid_ret_mean=0.267595 weighted_valid_ret_mean=0.343913 mem_mb=6615.593750
[2026-05-22 09:43:31 UTC] CV fold complete | fold=3 seed=42 buckets_scored=1 train_size=7827 valid_size=6000 ic=0.986576 decile_spread=0.689038 pred_mean=0.287313 pred_std=0.252693 valid_ret_mean=0.287295 weighted_valid_ret_mean=0.356774 mem_mb=6615.593750
[2026-05-22 09:43:31 UTC] CV fold complete | fold=4 seed=42 buckets_scored=1 train_size=6207 valid_size=6000 ic=0.979966 decile_spread=0.746499 pred_mean=0.292530 pred_std=0.267457 valid_ret_mean=0.292507 weighted_valid_ret_mean=0.372209 mem_mb=6615.593750
[2026-05-22 09:43:31 UTC] CV fold complete | fold=5 seed=42 buckets_scored=1 train_size=10275 valid_size=6000 ic=0.981445 decile_spread=0.776461 pred_mean=0.308841 pred_std=0.271671 valid_ret_mean=0.308823 weighted_valid_ret_mean=0.386296 mem_mb=6615.593750
[2026-05-22 09:43:31 UTC] CV fold complete | fold=1 seed=123 buckets_scored=1 train_size=18388 valid_size=6000 ic=0.984061 decile_spread=0.629795 pred_mean=0.265021 pred_std=0.243766 valid_ret_mean=0.265011 weighted_valid_ret_mean=0.346945 mem_mb=6615.593750
[2026-05-22 09:43:31 UTC] CV fold complete | fold=2 seed=123 buckets_scored=1 train_size=704 valid_size=6000 ic=0.986901 decile_spread=0.654392 pred_mean=0.267845 pred_std=0.245448 valid_ret_mean=0.267595 weighted_valid_ret_mean=0.343913 mem_mb=6615.593750
[2026-05-22 09:43:31 UTC] CV fold complete | fold=3 seed=123 buckets_scored=1 train_size=7827 valid_size=6000 ic=0.986576 decile_spread=0.689038 pred_mean=0.287313 pred_std=0.252693 valid_ret_mean=0.287295 weighted_valid_ret_mean=0.356774 mem_mb=6615.593750
[2026-05-22 09:43:31 UTC] CV fold complete | fold=4 seed=123 buckets_scored=1 train_size=6207 valid_size=6000 ic=0.979966 decile_spread=0.746499 pred_mean=0.292530 pred_std=0.267457 valid_ret_mean=0.292507 weighted_valid_ret_mean=0.372209 mem_mb=6615.593750
[2026-05-22 09:43:31 UTC] CV fold complete | fold=5 seed=123 buckets_scored=1 train_size=10275 valid_size=6000 ic=0.981445 decile_spread=0.776461 pred_mean=0.308841 pred_std=0.271671 valid_ret_mean=0.308823 weighted_valid_ret_mean=0.386296 mem_mb=6615.593750
[2026-05-22 09:43:31 UTC] Objective evaluated | n_eff=23933.868144 n_eff_ratio=0.797796 top1pct_share=0.030926 ic_mean=0.983790 ic_std=0.000000 decile_spread_mean=0.699237 objective=0.983790 weighted_return_mean=0.360103 mem_mb=6615.593750
[2026-05-22 09:43:31 UTC] Optuna trial | trial=7 score=0.983790 n_eff=23933.868144 n_eff_ratio=0.797796 top1pct_weight_share=0.030926 weighted_return_mean=0.360103 weight_std=0.608626 mem_mb=6615.593750
