[I 2026-05-22 12:52:22,708] Trial 66 finished with value: 0.4524311169050634 and parameters: {'sl_mult': 0.5, 'trailing_activation_mult': 1.5, 'trailing_power': 1.8, 'trailing_squash_divisor': 6.0, 'giveback_beta': 0.8, 'capital_protect_mfe_mult': 0.75, 'capital_protect_regression_frac': 0.55}. Best is trial 33 with value: 2.1979053551447576.
[I 2026-05-22 12:52:22,754] Trial 67 finished with value: 1.0577120633388404 and parameters: {'sl_mult': 1.1, 'trailing_activation_mult': 0.5, 'trailing_power': 1.2, 'trailing_squash_divisor': 5.0, 'giveback_beta': 0.4, 'capital_protect_mfe_mult': 1.5, 'capital_protect_regression_frac': 0.65}. Best is trial 33 with value: 2.1979053551447576.
[I 2026-05-22 12:52:22,801] Trial 68 finished with value: 1.266574226063676 and parameters: {'sl_mult': 0.5, 'trailing_activation_mult': 2.5, 'trailing_power': 1.8, 'trailing_squash_divisor': 1.0, 'giveback_beta': 0.7, 'capital_protect_mfe_mult': 1.25, 'capital_protect_regression_frac': 0.45}. Best is trial 33 with value: 2.1979053551447576.
[I 2026-05-22 12:52:22,847] Trial 69 finished with value: 1.5037694750149968 and parameters: {'sl_mult': 1.2, 'trailing_activation_mult': 0.5, 'trailing_power': 1.7, 'trailing_squash_divisor': 1.0, 'giveback_beta': 0.9, 'capital_protect_mfe_mult': 0.75, 'capital_protect_regression_frac': 0.35}. Best is trial 33 with value: 2.1979053551447576.
[I 2026-05-22 12:52:22,893] Trial 70 finished with value: 1.65158258684678 and parameters: {'sl_mult': 0.9, 'trailing_activation_mult': 0.5, 'trailing_power': 1.9, 'trailing_squash_divisor': 1.0, 'giveback_beta': 0.8, 'capital_protect_mfe_mult': 0.0, 'capital_protect_regression_frac': 0.65}. Best is trial 33 with value: 2.1979053551447576.
[I 2026-05-22 12:52:22,938] Trial 71 finished with value: 2.1503204283711965 and parameters: {'sl_mult': 0.5, 'trailing_activation_mult': 0.5, 'trailing_power': 1.8, 'trailing_squash_divisor': 1.0, 'giveback_beta': 0.8, 'capital_protect_mfe_mult': 1.5, 'capital_protect_regression_frac': 0.65}. Best is trial 33 with value: 2.1979053551447576.
[I 2026-05-22 12:52:22,983] Trial 72 finished with value: 2.1503204283711965 and parameters: {'sl_mult': 0.5, 'trailing_activation_mult': 0.5, 'trailing_power': 1.8, 'trailing_squash_divisor': 1.0, 'giveback_beta': 0.8, 'capital_protect_mfe_mult': 1.5, 'capital_protect_regression_frac': 0.65}. Best is trial 33 with value: 2.1979053551447576.
[I 2026-05-22 12:52:23,136] Trial 73 finished with value: 2.1503204283711965 and parameters: {'sl_mult': 0.5, 'trailing_activation_mult': 0.5, 'trailing_power': 1.8, 'trailing_squash_divisor': 1.0, 'giveback_beta': 0.8, 'capital_protect_mfe_mult': 1.5, 'capital_protect_regression_frac': 0.65}. Best is trial 33 with value: 2.1979053551447576.
[I 2026-05-22 12:52:23,183] Trial 74 finished with value: 1.072380691266153 and parameters: {'sl_mult': 0.8, 'trailing_activation_mult': 2.0, 'trailing_power': 1.8, 'trailing_squash_divisor': 1.0, 'giveback_beta': 0.4, 'capital_protect_mfe_mult': 1.5, 'capital_protect_regression_frac': 0.65}. Best is trial 33 with value: 2.1979053551447576.
[I 2026-05-22 12:52:23,230] Trial 75 finished with value: 1.2819005024182843 and parameters: {'sl_mult': 1.4, 'trailing_activation_mult': 0.5, 'trailing_power': 1.8, 'trailing_squash_divisor': 2.0, 'giveback_beta': 0.6, 'capital_protect_mfe_mult': 0.75, 'capital_protect_regression_frac': 0.65}. Best is trial 33 with value: 2.1979053551447576.
[I 2026-05-22 12:52:23,276] Trial 76 finished with value: 1.3444312572391937 and parameters: {'sl_mult': 1.3, 'trailing_activation_mult': 1.0, 'trailing_power': 1.8, 'trailing_squash_divisor': 1.0, 'giveback_beta': 0.8, 'capital_protect_mfe_mult': 0.75, 'capital_protect_regression_frac': 0.35}. Best is trial 33 with value: 2.1979053551447576.
[I 2026-05-22 12:52:23,323] Trial 77 finished with value: 1.232792982875253 and parameters: {'sl_mult': 0.5, 'trailing_activation_mult': 1.25, 'trailing_power': 1.8, 'trailing_squash_divisor': 3.5, 'giveback_beta': 0.95, 'capital_protect_mfe_mult': 0.75, 'capital_protect_regression_frac': 0.65}. Best is trial 33 with value: 2.1979053551447576.
[I 2026-05-22 12:52:23,371] Trial 78 finished with value: 0.9581623010541079 and parameters: {'sl_mult': 1.5, 'trailing_activation_mult': 0.75, 'trailing_power': 1.5, 'trailing_squash_divisor': 2.5, 'giveback_beta': 0.8, 'capital_protect_mfe_mult': 1.0, 'capital_protect_regression_frac': 0.55}. Best is trial 33 with value: 2.1979053551447576.
[I 2026-05-22 12:52:23,416] Trial 79 finished with value: 1.6374606368888636 and parameters: {'sl_mult': 1.0, 'trailing_activation_mult': 0.5, 'trailing_power': 1.8, 'trailing_squash_divisor': 1.0, 'giveback_beta': 0.3, 'capital_protect_mfe_mult': 0.75, 'capital_protect_regression_frac': 0.25}. Best is trial 33 with value: 2.1979053551447576.
[I 2026-05-22 12:52:23,462] Trial 80 finished with value: 1.1740816133911722 and parameters: {'sl_mult': 0.5, 'trailing_activation_mult': 1.5, 'trailing_power': 2.0, 'trailing_squash_divisor': 4.0, 'giveback_beta': 0.8, 'capital_protect_mfe_mult': 1.5, 'capital_protect_regression_frac': 0.65}. Best is trial 33 with value: 2.1979053551447576.
[I 2026-05-22 12:52:23,508] Trial 81 finished with value: 2.1503204283711965 and parameters: {'sl_mult': 0.5, 'trailing_activation_mult': 0.5, 'trailing_power': 1.8, 'trailing_squash_divisor': 1.0, 'giveback_beta': 0.8, 'capital_protect_mfe_mult': 0.75, 'capital_protect_regression_frac': 0.65}. Best is trial 33 with value: 2.1979053551447576.
[I 2026-05-22 12:52:23,553] Trial 82 finished with value: 2.1741954600845927 and parameters: {'sl_mult': 0.5, 'trailing_activation_mult': 0.5, 'trailing_power': 1.6, 'trailing_squash_divisor': 1.0, 'giveback_beta': 0.8, 'capital_protect_mfe_mult': 0.75, 'capital_protect_regression_frac': 0.65}. Best is trial 33 with value: 2.1979053551447576.
[I 2026-05-22 12:52:23,599] Trial 83 finished with value: 2.1741954600845927 and parameters: {'sl_mult': 0.5, 'trailing_activation_mult': 0.5, 'trailing_power': 1.6, 'trailing_squash_divisor': 1.0, 'giveback_beta': 0.8, 'capital_protect_mfe_mult': 0.75, 'capital_protect_regression_frac': 0.65}. Best is trial 33 with value: 2.1979053551447576.
[I 2026-05-22 12:52:23,625] A new study created in memory with name: no-name-3451c106-b65f-43dd-8b61-ac33ba5d8976
[I 2026-05-22 12:52:23,673] Trial 0 finished with value: 1.3767414020607247 and parameters: {'sl_mult': 2.5, 'adverse_exit_min_mae_sl_frac': 0.7, 'capital_protect_mfe_mult': 2.5, 'capital_protect_regression_frac': 0.9500000000000001, 'adverse_exit_min_speed': 1.1, 'adverse_exit_theta_quantile': 0.8}. Best is trial 0 with value: 1.3767414020607247.
[I 2026-05-22 12:52:23,722] Trial 1 finished with value: 1.2266664322698488 and parameters: {'sl_mult': 2.4000000000000004, 'adverse_exit_min_mae_sl_frac': 0.55, 'capital_protect_mfe_mult': 1.7000000000000002, 'capital_protect_regression_frac': 0.7000000000000001, 'adverse_exit_min_speed': 1.0, 'adverse_exit_theta_quantile': 0.9}. Best is trial 0 with value: 1.3767414020607247.
[I 2026-05-22 12:52:23,769] Trial 2 finished with value: 1.2592547768261284 and parameters: {'sl_mult': 1.3, 'adverse_exit_min_mae_sl_frac': 0.7, 'capital_protect_mfe_mult': 1.1, 'capital_protect_regression_frac': 0.55, 'adverse_exit_min_speed': 0.4, 'adverse_exit_theta_quantile': 0.7}. Best is trial 0 with value: 1.3767414020607247.
[I 2026-05-22 12:52:23,819] Trial 3 finished with value: 1.3080097460304387 and parameters: {'sl_mult': 2.8000000000000003, 'adverse_exit_min_mae_sl_frac': 0.5, 'capital_protect_mfe_mult': 0.1, 'capital_protect_regression_frac': 0.6000000000000001, 'adverse_exit_min_speed': 0.9, 'adverse_exit_theta_quantile': 0.55}. Best is trial 0 with value: 1.3767414020607247.
[I 2026-05-22 12:52:23,866] Trial 4 finished with value: 1.3115339359093923 and parameters: {'sl_mult': 2.2, 'adverse_exit_min_mae_sl_frac': 0.25, 'capital_protect_mfe_mult': 2.9000000000000004, 'capital_protect_regression_frac': 0.45, 'adverse_exit_min_speed': 1.0, 'adverse_exit_theta_quantile': 0.65}. Best is trial 0 with value: 1.3767414020607247.
[I 2026-05-22 12:52:23,911] Trial 5 finished with value: 1.6287533468886977 and parameters: {'sl_mult': 0.6, 'adverse_exit_min_mae_sl_frac': 0.55, 'capital_protect_mfe_mult': 1.9000000000000001, 'capital_protect_regression_frac': 0.35000000000000003, 'adverse_exit_min_speed': 0.6, 'adverse_exit_theta_quantile': 0.9}. Best is trial 5 with value: 1.6287533468886977.
[I 2026-05-22 12:52:23,959] Trial 6 finished with value: 1.4322646119515412 and parameters: {'sl_mult': 2.3, 'adverse_exit_min_mae_sl_frac': 0.7, 'capital_protect_mfe_mult': 1.3, 'capital_protect_regression_frac': 1.0, 'adverse_exit_min_speed': 0.8, 'adverse_exit_theta_quantile': 0.5}. Best is trial 5 with value: 1.6287533468886977.
[I 2026-05-22 12:52:24,004] Trial 7 finished with value: 1.5244512541539734 and parameters: {'sl_mult': 0.6, 'adverse_exit_min_mae_sl_frac': 0.45, 'capital_protect_mfe_mult': 1.2000000000000002, 'capital_protect_regression_frac': 0.30000000000000004, 'adverse_exit_min_speed': 1.2000000000000002, 'adverse_exit_theta_quantile': 0.7}. Best is trial 5 with value: 1.6287533468886977.
[I 2026-05-22 12:52:24,053] Trial 8 finished with value: 1.3391384510527131 and parameters: {'sl_mult': 3.5, 'adverse_exit_min_mae_sl_frac': 0.25, 'capital_protect_mfe_mult': 1.3, 'capital_protect_regression_frac': 0.4, 'adverse_exit_min_speed': 0.30000000000000004, 'adverse_exit_theta_quantile': 0.55}. Best is trial 5 with value: 1.6287533468886977.
[I 2026-05-22 12:52:24,102] Trial 9 finished with value: 1.4042367816728074 and parameters: {'sl_mult': 3.2, 'adverse_exit_min_mae_sl_frac': 0.7, 'capital_protect_mfe_mult': 2.8000000000000003, 'capital_protect_regression_frac': 0.45, 'adverse_exit_min_speed': 1.5, 'adverse_exit_theta_quantile': 0.5}. Best is trial 5 with value: 1.6287533468886977.
[I 2026-05-22 12:52:24,157] Trial 10 finished with value: 1.8151178555766818 and parameters: {'sl_mult': 0.5, 'adverse_exit_min_mae_sl_frac': 0.4, 'capital_protect_mfe_mult': 2.1, 'capital_protect_regression_frac': 0.0, 'adverse_exit_min_speed': 0.6, 'adverse_exit_theta_quantile': 0.95}. Best is trial 10 with value: 1.8151178555766818.
[I 2026-05-22 12:52:24,211] Trial 11 finished with value: 1.788502447467181 and parameters: {'sl_mult': 0.5, 'adverse_exit_min_mae_sl_frac': 0.4, 'capital_protect_mfe_mult': 2.0, 'capital_protect_regression_frac': 0.0, 'adverse_exit_min_speed': 0.6, 'adverse_exit_theta_quantile': 0.95}. Best is trial 10 with value: 1.8151178555766818.
[I 2026-05-22 12:52:24,267] Trial 12 finished with value: 1.1118966999754776 and parameters: {'sl_mult': 1.4, 'adverse_exit_min_mae_sl_frac': 0.35000000000000003, 'capital_protect_mfe_mult': 2.2, 'capital_protect_regression_frac': 0.0, 'adverse_exit_min_speed': 0.1, 'adverse_exit_theta_quantile': 0.95}. Best is trial 10 with value: 1.8151178555766818.
[I 2026-05-22 12:52:24,322] Trial 13 finished with value: 1.2072970961540705 and parameters: {'sl_mult': 1.2000000000000002, 'adverse_exit_min_mae_sl_frac': 0.4, 'capital_protect_mfe_mult': 2.2, 'capital_protect_regression_frac': 0.0, 'adverse_exit_min_speed': 0.6, 'adverse_exit_theta_quantile': 0.8}. Best is trial 10 with value: 1.8151178555766818.
[I 2026-05-22 12:52:24,377] Trial 14 finished with value: 1.1639950681012123 and parameters: {'sl_mult': 0.9, 'adverse_exit_min_mae_sl_frac': 0.35000000000000003, 'capital_protect_mfe_mult': 0.4, 'capital_protect_regression_frac': 0.15000000000000002, 'adverse_exit_min_speed': 0.7000000000000001, 'adverse_exit_theta_quantile': 0.95}. Best is trial 10 with value: 1.8151178555766818.
[I 2026-05-22 12:52:24,436] Trial 15 finished with value: 0.8156306255841628 and parameters: {'sl_mult': 1.7000000000000002, 'adverse_exit_min_mae_sl_frac': 0.30000000000000004, 'capital_protect_mfe_mult': 0.7000000000000001, 'capital_protect_regression_frac': 0.15000000000000002, 'adverse_exit_min_speed': 0.4, 'adverse_exit_theta_quantile': 0.9}. Best is trial 10 with value: 1.8151178555766818.
[I 2026-05-22 12:52:24,600] Trial 16 finished with value: 1.133445665682666 and parameters: {'sl_mult': 0.9, 'adverse_exit_min_mae_sl_frac': 0.2, 'capital_protect_mfe_mult': 2.0, 'capital_protect_regression_frac': 0.15000000000000002, 'adverse_exit_min_speed': 0.1, 'adverse_exit_theta_quantile': 0.8}. Best is trial 10 with value: 1.8151178555766818.
[I 2026-05-22 12:52:24,657] Trial 17 finished with value: 1.1246207815362141 and parameters: {'sl_mult': 1.7000000000000002, 'adverse_exit_min_mae_sl_frac': 0.6000000000000001, 'capital_protect_mfe_mult': 2.4000000000000004, 'capital_protect_regression_frac': 0.25, 'adverse_exit_min_speed': 0.5, 'adverse_exit_theta_quantile': 0.8500000000000001}. Best is trial 10 with value: 1.8151178555766818.
[I 2026-05-22 12:52:24,712] Trial 18 finished with value: 1.7406290823215387 and parameters: {'sl_mult': 0.5, 'adverse_exit_min_mae_sl_frac': 0.4, 'capital_protect_mfe_mult': 1.7000000000000002, 'capital_protect_regression_frac': 0.0, 'adverse_exit_min_speed': 1.4000000000000001, 'adverse_exit_theta_quantile': 0.95}. Best is trial 10 with value: 1.8151178555766818.
[I 2026-05-22 12:52:24,767] Trial 19 finished with value: 1.358327545717475 and parameters: {'sl_mult': 0.9, 'adverse_exit_min_mae_sl_frac': 0.45, 'capital_protect_mfe_mult': 2.7, 'capital_protect_regression_frac': 0.1, 'adverse_exit_min_speed': 0.8, 'adverse_exit_theta_quantile': 0.8500000000000001}. Best is trial 10 with value: 1.8151178555766818.
[I 2026-05-22 12:52:24,825] Trial 20 finished with value: 1.2198457238264382 and parameters: {'sl_mult': 1.8, 'adverse_exit_min_mae_sl_frac': 0.6000000000000001, 'capital_protect_mfe_mult': 1.6, 'capital_protect_regression_frac': 0.8, 'adverse_exit_min_speed': 0.30000000000000004, 'adverse_exit_theta_quantile': 0.75}. Best is trial 10 with value: 1.8151178555766818.
[I 2026-05-22 12:52:24,879] Trial 21 finished with value: 1.7839993390924065 and parameters: {'sl_mult': 0.5, 'adverse_exit_min_mae_sl_frac': 0.4, 'capital_protect_mfe_mult': 1.9000000000000001, 'capital_protect_regression_frac': 0.0, 'adverse_exit_min_speed': 1.5, 'adverse_exit_theta_quantile': 0.95}. Best is trial 10 with value: 1.8151178555766818.
[I 2026-05-22 12:52:24,935] Trial 22 finished with value: 1.3481568507006159 and parameters: {'sl_mult': 0.8, 'adverse_exit_min_mae_sl_frac': 0.35000000000000003, 'capital_protect_mfe_mult': 2.0, 'capital_protect_regression_frac': 0.25, 'adverse_exit_min_speed': 1.3000000000000003, 'adverse_exit_theta_quantile': 0.95}. Best is trial 10 with value: 1.8151178555766818.
[I 2026-05-22 12:52:24,991] Trial 23 finished with value: 1.2537776347628096 and parameters: {'sl_mult': 1.1, 'adverse_exit_min_mae_sl_frac': 0.4, 'capital_protect_mfe_mult': 2.3000000000000003, 'capital_protect_regression_frac': 0.1, 'adverse_exit_min_speed': 0.7000000000000001, 'adverse_exit_theta_quantile': 0.8500000000000001}. Best is trial 10 with value: 1.8151178555766818.
[I 2026-05-22 12:52:25,046] Trial 24 finished with value: 1.7603401804546592 and parameters: {'sl_mult': 0.5, 'adverse_exit_min_mae_sl_frac': 0.5, 'capital_protect_mfe_mult': 1.9000000000000001, 'capital_protect_regression_frac': 0.05, 'adverse_exit_min_speed': 0.6, 'adverse_exit_theta_quantile': 0.9}. Best is trial 10 with value: 1.8151178555766818.
[I 2026-05-22 12:52:25,102] Trial 25 finished with value: 1.2947152873763117 and parameters: {'sl_mult': 0.7, 'adverse_exit_min_mae_sl_frac': 0.30000000000000004, 'capital_protect_mfe_mult': 0.9, 'capital_protect_regression_frac': 0.2, 'adverse_exit_min_speed': 0.8, 'adverse_exit_theta_quantile': 0.95}. Best is trial 10 with value: 1.8151178555766818.
[I 2026-05-22 12:52:25,159] Trial 26 finished with value: 1.1017732568638166 and parameters: {'sl_mult': 1.5, 'adverse_exit_min_mae_sl_frac': 0.45, 'capital_protect_mfe_mult': 2.6, 'capital_protect_regression_frac': 0.05, 'adverse_exit_min_speed': 0.5, 'adverse_exit_theta_quantile': 0.9}. Best is trial 10 with value: 1.8151178555766818.
[I 2026-05-22 12:52:25,215] Trial 27 finished with value: 1.1754139486467465 and parameters: {'sl_mult': 1.0, 'adverse_exit_min_mae_sl_frac': 0.30000000000000004, 'capital_protect_mfe_mult': 1.5, 'capital_protect_regression_frac': 0.25, 'adverse_exit_min_speed': 1.5, 'adverse_exit_theta_quantile': 0.8500000000000001}. Best is trial 10 with value: 1.8151178555766818.
[I 2026-05-22 12:52:25,271] Trial 28 finished with value: 1.7805841373949078 and parameters: {'sl_mult': 0.5, 'adverse_exit_min_mae_sl_frac': 0.4, 'capital_protect_mfe_mult': 2.2, 'capital_protect_regression_frac': 0.1, 'adverse_exit_min_speed': 1.2000000000000002, 'adverse_exit_theta_quantile': 0.95}. Best is trial 10 with value: 1.8151178555766818.
[I 2026-05-22 12:52:25,327] Trial 29 finished with value: 1.520822716091061 and parameters: {'sl_mult': 1.1, 'adverse_exit_min_mae_sl_frac': 0.5, 'capital_protect_mfe_mult': 2.5, 'capital_protect_regression_frac': 0.9, 'adverse_exit_min_speed': 1.0, 'adverse_exit_theta_quantile': 0.75}. Best is trial 10 with value: 1.8151178555766818.
[I 2026-05-22 12:52:25,386] Trial 30 finished with value: 1.1856558723549824 and parameters: {'sl_mult': 2.6, 'adverse_exit_min_mae_sl_frac': 0.35000000000000003, 'capital_protect_mfe_mult': 1.8, 'capital_protect_regression_frac': 0.0, 'adverse_exit_min_speed': 0.30000000000000004, 'adverse_exit_theta_quantile': 0.8}. Best is trial 10 with value: 1.8151178555766818.
[I 2026-05-22 12:52:25,441] Trial 31 finished with value: 1.7805841373949078 and parameters: {'sl_mult': 0.5, 'adverse_exit_min_mae_sl_frac': 0.45, 'capital_protect_mfe_mult': 2.2, 'capital_protect_regression_frac': 0.1, 'adverse_exit_min_speed': 1.2000000000000002, 'adverse_exit_theta_quantile': 0.95}. Best is trial 10 with value: 1.8151178555766818.
[I 2026-05-22 12:52:25,497] Trial 32 finished with value: 1.3978160056780324 and parameters: {'sl_mult': 0.7, 'adverse_exit_min_mae_sl_frac': 0.4, 'capital_protect_mfe_mult': 1.5, 'capital_protect_regression_frac': 0.05, 'adverse_exit_min_speed': 1.3000000000000003, 'adverse_exit_theta_quantile': 0.9}. Best is trial 10 with value: 1.8151178555766818.
[I 2026-05-22 12:52:25,553] Trial 33 finished with value: 1.3110259604727617 and parameters: {'sl_mult': 0.8, 'adverse_exit_min_mae_sl_frac': 0.4, 'capital_protect_mfe_mult': 2.1, 'capital_protect_regression_frac': 0.2, 'adverse_exit_min_speed': 1.1, 'adverse_exit_theta_quantile': 0.95}. Best is trial 10 with value: 1.8151178555766818.
[I 2026-05-22 12:52:25,609] Trial 34 finished with value: 1.859868446618202 and parameters: {'sl_mult': 0.5, 'adverse_exit_min_mae_sl_frac': 0.55, 'capital_protect_mfe_mult': 3.0, 'capital_protect_regression_frac': 0.1, 'adverse_exit_min_speed': 1.4000000000000001, 'adverse_exit_theta_quantile': 0.9}. Best is trial 34 with value: 1.859868446618202.
[I 2026-05-22 12:52:25,665] Trial 35 finished with value: 1.3731552312965505 and parameters: {'sl_mult': 1.3, 'adverse_exit_min_mae_sl_frac': 0.55, 'capital_protect_mfe_mult': 3.0, 'capital_protect_regression_frac': 0.6000000000000001, 'adverse_exit_min_speed': 1.4000000000000001, 'adverse_exit_theta_quantile': 0.9}. Best is trial 34 with value: 1.859868446618202.
[I 2026-05-22 12:52:25,722] Trial 36 finished with value: 1.5245246739388676 and parameters: {'sl_mult': 0.7, 'adverse_exit_min_mae_sl_frac': 0.6000000000000001, 'capital_protect_mfe_mult': 2.5, 'capital_protect_regression_frac': 0.0, 'adverse_exit_min_speed': 0.9, 'adverse_exit_theta_quantile': 0.65}. Best is trial 34 with value: 1.859868446618202.
[I 2026-05-22 12:52:25,780] Trial 37 finished with value: 1.0621289685775992 and parameters: {'sl_mult': 2.1, 'adverse_exit_min_mae_sl_frac': 0.55, 'capital_protect_mfe_mult': 1.7000000000000002, 'capital_protect_regression_frac': 0.2, 'adverse_exit_min_speed': 1.4000000000000001, 'adverse_exit_theta_quantile': 0.8500000000000001}. Best is trial 34 with value: 1.859868446618202.
[I 2026-05-22 12:52:25,835] Trial 38 finished with value: 1.3330754038790473 and parameters: {'sl_mult': 1.1, 'adverse_exit_min_mae_sl_frac': 0.65, 'capital_protect_mfe_mult': 3.0, 'capital_protect_regression_frac': 0.35000000000000003, 'adverse_exit_min_speed': 1.5, 'adverse_exit_theta_quantile': 0.9}. Best is trial 34 with value: 1.859868446618202.
[I 2026-05-22 12:52:25,887] Trial 39 finished with value: 1.7946973330166656 and parameters: {'sl_mult': 0.7, 'adverse_exit_min_mae_sl_frac': 0.5, 'capital_protect_mfe_mult': 0.0, 'capital_protect_regression_frac': 0.05, 'adverse_exit_min_speed': 0.7000000000000001, 'adverse_exit_theta_quantile': 0.65}. Best is trial 34 with value: 1.859868446618202.
[I 2026-05-22 12:52:25,942] Trial 40 finished with value: 1.6030905588471795 and parameters: {'sl_mult': 0.7, 'adverse_exit_min_mae_sl_frac': 0.5, 'capital_protect_mfe_mult': 0.1, 'capital_protect_regression_frac': 0.55, 'adverse_exit_min_speed': 0.7000000000000001, 'adverse_exit_theta_quantile': 0.65}. Best is trial 34 with value: 1.859868446618202.
[I 2026-05-22 12:52:26,099] Trial 41 finished with value: 1.7377580921602203 and parameters: {'sl_mult': 0.5, 'adverse_exit_min_mae_sl_frac': 0.5, 'capital_protect_mfe_mult': 1.0, 'capital_protect_regression_frac': 0.05, 'adverse_exit_min_speed': 0.5, 'adverse_exit_theta_quantile': 0.6}. Best is trial 34 with value: 1.859868446618202.
[I 2026-05-22 12:52:26,155] Trial 42 finished with value: 1.4531508329557254 and parameters: {'sl_mult': 0.7, 'adverse_exit_min_mae_sl_frac': 0.55, 'capital_protect_mfe_mult': 0.4, 'capital_protect_regression_frac': 0.05, 'adverse_exit_min_speed': 0.9, 'adverse_exit_theta_quantile': 0.6}. Best is trial 34 with value: 1.859868446618202.
