[I 2026-05-22 12:53:21,069] Trial 0 finished with value: -inf and parameters: {'log_effect_clip_hi': 0.08996320950778901, 'min_bucket_n': 200, 'shrink_k': 800.0, 'tree_min_leaf_frac': 0.08263968801762143, 'max_leaf_nodes': 4, 'max_depth': 3, 'ccp_alpha': 0.003, 'max_bin_share': 0.6547636037327168}. Best is trial 0 with value: -inf.
[I 2026-05-22 12:53:21,204] Trial 1 finished with value: -inf and parameters: {'log_effect_clip_hi': 0.10198051453057903, 'min_bucket_n': 450, 'shrink_k': 2500.0, 'tree_min_leaf_frac': 0.06008384913193698, 'max_leaf_nodes': 3, 'max_depth': 3, 'ccp_alpha': 0.001, 'max_bin_share': 0.7707993967056}. Best is trial 0 with value: -inf.
[I 2026-05-22 12:53:21,339] Trial 2 finished with value: -inf and parameters: {'log_effect_clip_hi': 0.13725056264596477, 'min_bucket_n': 200, 'shrink_k': 800.0, 'tree_min_leaf_frac': 0.06223473005611986, 'max_leaf_nodes': 4, 'max_depth': 3, 'ccp_alpha': 0.0003, 'max_bin_share': 0.7745252329976205}. Best is trial 0 with value: -inf.
[I 2026-05-22 12:53:21,486] Trial 3 finished with value: -inf and parameters: {'log_effect_clip_hi': 0.12201062586888918, 'min_bucket_n': 200, 'shrink_k': 800.0, 'tree_min_leaf_frac': 0.03748750089007959, 'max_leaf_nodes': 4, 'max_depth': 3, 'ccp_alpha': 0.0003, 'max_bin_share': 0.7443954565357271}. Best is trial 0 with value: -inf.
[I 2026-05-22 12:53:21,630] Trial 4 finished with value: -inf and parameters: {'log_effect_clip_hi': 0.06596405149438167, 'min_bucket_n': 200, 'shrink_k': 1500.0, 'tree_min_leaf_frac': 0.0750953942422543, 'max_leaf_nodes': 3, 'max_depth': 2, 'ccp_alpha': 0.003, 'max_bin_share': 0.6559768179088192}. Best is trial 0 with value: -inf.
[I 2026-05-22 12:53:21,770] Trial 5 finished with value: -inf and parameters: {'log_effect_clip_hi': 0.08601466576213977, 'min_bucket_n': 450, 'shrink_k': 2500.0, 'tree_min_leaf_frac': 0.07684317767392936, 'max_leaf_nodes': 4, 'max_depth': 3, 'ccp_alpha': 0.003, 'max_bin_share': 0.7145538740274805}. Best is trial 0 with value: -inf.
[I 2026-05-22 12:53:21,910] Trial 6 finished with value: -inf and parameters: {'log_effect_clip_hi': 0.08514847848610614, 'min_bucket_n': 300, 'shrink_k': 1500.0, 'tree_min_leaf_frac': 0.03923389504058362, 'max_leaf_nodes': 3, 'max_depth': 2, 'ccp_alpha': 0.001, 'max_bin_share': 0.760660619728196}. Best is trial 0 with value: -inf.
[I 2026-05-22 12:53:22,050] Trial 7 finished with value: -inf and parameters: {'log_effect_clip_hi': 0.10314737935325206, 'min_bucket_n': 300, 'shrink_k': 2500.0, 'tree_min_leaf_frac': 0.07999081212573712, 'max_leaf_nodes': 3, 'max_depth': 2, 'ccp_alpha': 0.0001, 'max_bin_share': 0.6581765277637359}. Best is trial 0 with value: -inf.
[I 2026-05-22 12:53:22,191] Trial 8 finished with value: -inf and parameters: {'log_effect_clip_hi': 0.1015032497394693, 'min_bucket_n': 450, 'shrink_k': 800.0, 'tree_min_leaf_frac': 0.05154830703992233, 'max_leaf_nodes': 3, 'max_depth': 2, 'ccp_alpha': 0.0003, 'max_bin_share': 0.6260810769764201}. Best is trial 0 with value: -inf.
[I 2026-05-22 12:53:22,330] Trial 9 finished with value: -inf and parameters: {'log_effect_clip_hi': 0.09915622082220504, 'min_bucket_n': 200, 'shrink_k': 800.0, 'tree_min_leaf_frac': 0.05522807229955893, 'max_leaf_nodes': 4, 'max_depth': 2, 'ccp_alpha': 0.003, 'max_bin_share': 0.7063607297738835}. Best is trial 0 with value: -inf.
[I 2026-05-22 12:53:22,476] Trial 10 finished with value: -inf and parameters: {'log_effect_clip_hi': 0.06338320074137561, 'min_bucket_n': 200, 'shrink_k': 800.0, 'tree_min_leaf_frac': 0.08747670017209523, 'max_leaf_nodes': 4, 'max_depth': 3, 'ccp_alpha': 0.0001, 'max_bin_share': 0.6032488929504403}. Best is trial 0 with value: -inf.
[I 2026-05-22 12:53:22,622] Trial 11 finished with value: -inf and parameters: {'log_effect_clip_hi': 0.0844948332499797, 'min_bucket_n': 450, 'shrink_k': 2500.0, 'tree_min_leaf_frac': 0.06571886019286095, 'max_leaf_nodes': 3, 'max_depth': 3, 'ccp_alpha': 0.001, 'max_bin_share': 0.6742672426754084}. Best is trial 0 with value: -inf.
[I 2026-05-22 12:53:24,652] A new study created in memory with name: no-name-36b8195e-78c6-458c-b0e5-9ce334ac1741
[I 2026-05-22 12:53:24,667] Trial 0 finished with value: 0.0 and parameters: {'alpha': 0.0017670169402947942, 'l1_ratio': 0.8605714451279329}. Best is trial 0 with value: 0.0.
[I 2026-05-22 12:53:24,802] Trial 1 finished with value: 0.0 and parameters: {'alpha': 0.24658329458549083, 'l1_ratio': 0.5789267873576293}. Best is trial 0 with value: 0.0.
[I 2026-05-22 12:53:24,937] Trial 2 finished with value: 0.0 and parameters: {'alpha': 8.632008168602535e-05, 'l1_ratio': 0.22479561626896213}. Best is trial 0 with value: 0.0.
[I 2026-05-22 12:53:25,071] Trial 3 finished with value: 0.0 and parameters: {'alpha': 2.231010801867923e-05, 'l1_ratio': 0.7929409166199481}. Best is trial 0 with value: 0.0.
[I 2026-05-22 12:53:25,208] Trial 4 finished with value: 0.0 and parameters: {'alpha': 0.040428727350273294, 'l1_ratio': 0.6664580622368365}. Best is trial 0 with value: 0.0.
[I 2026-05-22 12:53:25,342] Trial 5 finished with value: 0.0 and parameters: {'alpha': 1.3289448722869181e-05, 'l1_ratio': 0.8759278817295955}. Best is trial 0 with value: 0.0.
[I 2026-05-22 12:53:25,478] Trial 6 finished with value: 0.0 and parameters: {'alpha': 0.9877700294007905, 'l1_ratio': 0.26987128854262094}. Best is trial 0 with value: 0.0.
[I 2026-05-22 12:53:25,616] Trial 7 finished with value: 0.0 and parameters: {'alpha': 0.00012329623163659834, 'l1_ratio': 0.24672360788274705}. Best is trial 0 with value: 0.0.
[I 2026-05-22 12:53:25,753] Trial 8 finished with value: 0.0 and parameters: {'alpha': 0.0006690421166498799, 'l1_ratio': 0.5198051453057903}. Best is trial 0 with value: 0.0.
[I 2026-05-22 12:53:25,890] Trial 9 finished with value: 0.0 and parameters: {'alpha': 0.0039054412752107894, 'l1_ratio': 0.3329833121584336}. Best is trial 0 with value: 0.0.
[I 2026-05-22 12:53:26,030] Trial 10 finished with value: 0.0 and parameters: {'alpha': 4.6861832284171, 'l1_ratio': 0.7171100352102655}. Best is trial 0 with value: 0.0.
[I 2026-05-22 12:53:26,169] Trial 11 finished with value: 0.0 and parameters: {'alpha': 0.07660061220138549, 'l1_ratio': 0.5413704033653539}. Best is trial 0 with value: 0.0.
[I 2026-05-22 12:53:26,309] Trial 12 finished with value: 0.0 and parameters: {'alpha': 0.19544189872884843, 'l1_ratio': 0.4113566790697846}. Best is trial 0 with value: 0.0.
[I 2026-05-22 12:53:26,447] Trial 13 finished with value: 0.0 and parameters: {'alpha': 0.006888079829117138, 'l1_ratio': 0.6103774041688488}. Best is trial 0 with value: 0.0.
[I 2026-05-22 12:53:26,589] Trial 14 finished with value: 0.0 and parameters: {'alpha': 0.0010204014271263371, 'l1_ratio': 0.11054138597067231}. Best is trial 0 with value: 0.0.
[I 2026-05-22 12:53:26,727] Trial 15 finished with value: 0.0 and parameters: {'alpha': 0.5322252849908109, 'l1_ratio': 0.8566477759789707}. Best is trial 0 with value: 0.0.
[I 2026-05-22 12:53:26,865] Trial 16 finished with value: 0.0 and parameters: {'alpha': 0.02122659579748879, 'l1_ratio': 0.7428445611683206}. Best is trial 0 with value: 0.0.
[I 2026-05-22 12:53:26,997] Trial 17 finished with value: 0.0 and parameters: {'alpha': 4.391380690182157, 'l1_ratio': 0.4407103207812903}. Best is trial 0 with value: 0.0.
[I 2026-05-22 12:53:27,129] Trial 18 finished with value: 0.0 and parameters: {'alpha': 0.001550069754788439, 'l1_ratio': 0.5876814756348999}. Best is trial 0 with value: 0.0.
[I 2026-05-22 12:53:27,261] Trial 19 finished with value: 0.0 and parameters: {'alpha': 0.2625754500844977, 'l1_ratio': 0.7972149459572025}. Best is trial 0 with value: 0.0.
[I 2026-05-22 12:53:27,396] Trial 20 finished with value: 0.0 and parameters: {'alpha': 0.0002758981316717097, 'l1_ratio': 0.6516292808965138}. Best is trial 0 with value: 0.0.
[I 2026-05-22 12:53:27,526] Trial 21 finished with value: 0.0 and parameters: {'alpha': 4.4876674046764776e-05, 'l1_ratio': 0.1401700239459921}. Best is trial 0 with value: 0.0.
[I 2026-05-22 12:53:27,658] Trial 22 finished with value: 0.0 and parameters: {'alpha': 0.00035854832971954874, 'l1_ratio': 0.4302912527830782}. Best is trial 0 with value: 0.0.
[I 2026-05-22 12:53:27,791] Trial 23 finished with value: 0.0 and parameters: {'alpha': 0.003188965589862449, 'l1_ratio': 0.19602205135096265}. Best is trial 0 with value: 0.0.
[I 2026-05-22 12:53:27,923] Trial 24 finished with value: 0.0 and parameters: {'alpha': 0.00010646905291625265, 'l1_ratio': 0.3320033205387016}. Best is trial 0 with value: 0.0.
