[I 2026-05-22 12:53:06,826] Trial 13 finished with value: 4.783728060379508 and parameters: {'sl_mult': 0.6, 'trailing_activation_mult': 0.5, 'trailing_power': 1.7, 'trailing_squash_divisor': 2.5, 'giveback_beta': 0.4, 'capital_protect_mfe_mult': 1.5, 'capital_protect_regression_frac': 0.55}. Best is trial 1 with value: 5.138065904006362.
[I 2026-05-22 12:53:06,885] Trial 14 finished with value: 4.114952293864917 and parameters: {'sl_mult': 0.5, 'trailing_activation_mult': 2.0, 'trailing_power': 1.3, 'trailing_squash_divisor': 6.0, 'giveback_beta': 0.3, 'capital_protect_mfe_mult': 0.0, 'capital_protect_regression_frac': 0.45}. Best is trial 1 with value: 5.138065904006362.
[I 2026-05-22 12:53:06,946] Trial 15 finished with value: 4.8083748912671584 and parameters: {'sl_mult': 0.8, 'trailing_activation_mult': 1.25, 'trailing_power': 2.0, 'trailing_squash_divisor': 2.0, 'giveback_beta': 0.5, 'capital_protect_mfe_mult': 0.75, 'capital_protect_regression_frac': 0.65}. Best is trial 1 with value: 5.138065904006362.
[I 2026-05-22 12:53:07,018] Trial 16 finished with value: 3.509758580039488 and parameters: {'sl_mult': 1.3, 'trailing_activation_mult': 2.5, 'trailing_power': 1.5, 'trailing_squash_divisor': 1.0, 'giveback_beta': 0.9, 'capital_protect_mfe_mult': 0.75, 'capital_protect_regression_frac': 0.55}. Best is trial 1 with value: 5.138065904006362.
[I 2026-05-22 12:53:07,081] Trial 17 finished with value: 3.78255571074551 and parameters: {'sl_mult': 0.6, 'trailing_activation_mult': 0.75, 'trailing_power': 1.2, 'trailing_squash_divisor': 5.0, 'giveback_beta': 0.6, 'capital_protect_mfe_mult': 0.0, 'capital_protect_regression_frac': 0.55}. Best is trial 1 with value: 5.138065904006362.
[I 2026-05-22 12:53:07,147] Trial 18 finished with value: 2.4832323544309474 and parameters: {'sl_mult': 0.5, 'trailing_activation_mult': 1.0, 'trailing_power': 1.9, 'trailing_squash_divisor': 6.0, 'giveback_beta': 0.95, 'capital_protect_mfe_mult': 1.25, 'capital_protect_regression_frac': 0.65}. Best is trial 1 with value: 5.138065904006362.
[I 2026-05-22 12:53:07,317] Trial 19 finished with value: 4.389790828712284 and parameters: {'sl_mult': 0.8, 'trailing_activation_mult': 1.5, 'trailing_power': 1.5, 'trailing_squash_divisor': 2.5, 'giveback_beta': 0.8, 'capital_protect_mfe_mult': 1.0, 'capital_protect_regression_frac': 0.45}. Best is trial 1 with value: 5.138065904006362.
[I 2026-05-22 12:53:07,374] Trial 20 finished with value: 4.554284394299612 and parameters: {'sl_mult': 1.1, 'trailing_activation_mult': 1.5, 'trailing_power': 2.0, 'trailing_squash_divisor': 1.5, 'giveback_beta': 0.4, 'capital_protect_mfe_mult': 1.5, 'capital_protect_regression_frac': 0.25}. Best is trial 1 with value: 5.138065904006362.
[I 2026-05-22 12:53:07,431] Trial 21 finished with value: 4.8083748912671584 and parameters: {'sl_mult': 0.8, 'trailing_activation_mult': 1.25, 'trailing_power': 2.0, 'trailing_squash_divisor': 2.0, 'giveback_beta': 0.5, 'capital_protect_mfe_mult': 0.75, 'capital_protect_regression_frac': 0.65}. Best is trial 1 with value: 5.138065904006362.
[I 2026-05-22 12:53:07,487] Trial 22 finished with value: 4.8083748912671584 and parameters: {'sl_mult': 0.8, 'trailing_activation_mult': 1.25, 'trailing_power': 2.0, 'trailing_squash_divisor': 2.0, 'giveback_beta': 0.5, 'capital_protect_mfe_mult': 0.75, 'capital_protect_regression_frac': 0.65}. Best is trial 1 with value: 5.138065904006362.
[I 2026-05-22 12:53:07,547] Trial 23 finished with value: 4.420974154354189 and parameters: {'sl_mult': 1.4, 'trailing_activation_mult': 1.25, 'trailing_power': 1.3, 'trailing_squash_divisor': 2.0, 'giveback_beta': 0.3, 'capital_protect_mfe_mult': 0.75, 'capital_protect_regression_frac': 0.65}. Best is trial 1 with value: 5.138065904006362.
[I 2026-05-22 12:53:07,605] Trial 24 finished with value: 4.472042681416497 and parameters: {'sl_mult': 0.7, 'trailing_activation_mult': 1.25, 'trailing_power': 1.7, 'trailing_squash_divisor': 3.0, 'giveback_beta': 0.5, 'capital_protect_mfe_mult': 0.75, 'capital_protect_regression_frac': 0.65}. Best is trial 1 with value: 5.138065904006362.
[I 2026-05-22 12:53:07,663] Trial 25 finished with value: 4.236325866394327 and parameters: {'sl_mult': 1.3, 'trailing_activation_mult': 1.5, 'trailing_power': 2.0, 'trailing_squash_divisor': 1.0, 'giveback_beta': 0.5, 'capital_protect_mfe_mult': 0.0, 'capital_protect_regression_frac': 0.55}. Best is trial 1 with value: 5.138065904006362.
[I 2026-05-22 12:53:07,721] Trial 26 finished with value: 4.508789051219355 and parameters: {'sl_mult': 1.2, 'trailing_activation_mult': 0.5, 'trailing_power': 1.2, 'trailing_squash_divisor': 2.0, 'giveback_beta': 0.4, 'capital_protect_mfe_mult': 0.75, 'capital_protect_regression_frac': 0.65}. Best is trial 1 with value: 5.138065904006362.
[I 2026-05-22 12:53:07,780] Trial 27 finished with value: 4.428572728621657 and parameters: {'sl_mult': 1.5, 'trailing_activation_mult': 0.75, 'trailing_power': 1.9, 'trailing_squash_divisor': 2.0, 'giveback_beta': 0.3, 'capital_protect_mfe_mult': 0.75, 'capital_protect_regression_frac': 0.65}. Best is trial 1 with value: 5.138065904006362.
[I 2026-05-22 12:53:07,841] Trial 28 finished with value: 4.214602738362737 and parameters: {'sl_mult': 0.5, 'trailing_activation_mult': 2.5, 'trailing_power': 1.2, 'trailing_squash_divisor': 1.0, 'giveback_beta': 0.7, 'capital_protect_mfe_mult': 0.0, 'capital_protect_regression_frac': 0.55}. Best is trial 1 with value: 5.138065904006362.
[I 2026-05-22 12:53:07,901] Trial 29 finished with value: 4.476696949917823 and parameters: {'sl_mult': 0.6, 'trailing_activation_mult': 2.0, 'trailing_power': 1.6, 'trailing_squash_divisor': 2.0, 'giveback_beta': 0.6, 'capital_protect_mfe_mult': 0.0, 'capital_protect_regression_frac': 0.65}. Best is trial 1 with value: 5.138065904006362.
[I 2026-05-22 12:53:07,959] Trial 30 finished with value: 4.707730822858866 and parameters: {'sl_mult': 0.8, 'trailing_activation_mult': 1.0, 'trailing_power': 1.9, 'trailing_squash_divisor': 2.0, 'giveback_beta': 0.8, 'capital_protect_mfe_mult': 1.25, 'capital_protect_regression_frac': 0.25}. Best is trial 1 with value: 5.138065904006362.
[I 2026-05-22 12:53:08,016] Trial 31 finished with value: 4.8083748912671584 and parameters: {'sl_mult': 0.8, 'trailing_activation_mult': 1.25, 'trailing_power': 2.0, 'trailing_squash_divisor': 2.0, 'giveback_beta': 0.5, 'capital_protect_mfe_mult': 0.75, 'capital_protect_regression_frac': 0.65}. Best is trial 1 with value: 5.138065904006362.
[I 2026-05-22 12:53:08,073] Trial 32 finished with value: 4.8083748912671584 and parameters: {'sl_mult': 0.8, 'trailing_activation_mult': 1.25, 'trailing_power': 2.0, 'trailing_squash_divisor': 2.0, 'giveback_beta': 0.5, 'capital_protect_mfe_mult': 0.75, 'capital_protect_regression_frac': 0.65}. Best is trial 1 with value: 5.138065904006362.
[I 2026-05-22 12:53:08,130] Trial 33 finished with value: 4.345725949516054 and parameters: {'sl_mult': 0.6, 'trailing_activation_mult': 1.25, 'trailing_power': 2.0, 'trailing_squash_divisor': 3.5, 'giveback_beta': 0.5, 'capital_protect_mfe_mult': 0.75, 'capital_protect_regression_frac': 0.65}. Best is trial 1 with value: 5.138065904006362.
[I 2026-05-22 12:53:08,189] Trial 34 finished with value: 4.2204490949166935 and parameters: {'sl_mult': 0.9, 'trailing_activation_mult': 1.25, 'trailing_power': 1.8, 'trailing_squash_divisor': 4.0, 'giveback_beta': 0.3, 'capital_protect_mfe_mult': 1.5, 'capital_protect_regression_frac': 0.65}. Best is trial 1 with value: 5.138065904006362.
[I 2026-05-22 12:53:08,247] Trial 35 finished with value: 3.859399407036835 and parameters: {'sl_mult': 0.8, 'trailing_activation_mult': 1.5, 'trailing_power': 2.0, 'trailing_squash_divisor': 3.0, 'giveback_beta': 0.95, 'capital_protect_mfe_mult': 0.75, 'capital_protect_regression_frac': 0.35}. Best is trial 1 with value: 5.138065904006362.
[I 2026-05-22 12:53:08,303] Trial 36 finished with value: 4.374409640862723 and parameters: {'sl_mult': 0.8, 'trailing_activation_mult': 0.5, 'trailing_power': 2.0, 'trailing_squash_divisor': 2.0, 'giveback_beta': 0.7, 'capital_protect_mfe_mult': 0.75, 'capital_protect_regression_frac': 0.45}. Best is trial 1 with value: 5.138065904006362.
[I 2026-05-22 12:53:08,364] Trial 37 finished with value: 2.6441942308301805 and parameters: {'sl_mult': 1.0, 'trailing_activation_mult': 1.25, 'trailing_power': 1.4, 'trailing_squash_divisor': 5.0, 'giveback_beta': 0.9, 'capital_protect_mfe_mult': 1.25, 'capital_protect_regression_frac': 0.35}. Best is trial 1 with value: 5.138065904006362.
[I 2026-05-22 12:53:08,427] Trial 38 finished with value: 4.242082282123738 and parameters: {'sl_mult': 1.4, 'trailing_activation_mult': 1.5, 'trailing_power': 1.8, 'trailing_squash_divisor': 1.5, 'giveback_beta': 0.3, 'capital_protect_mfe_mult': 1.0, 'capital_protect_regression_frac': 0.65}. Best is trial 1 with value: 5.138065904006362.
[I 2026-05-22 12:53:08,485] Trial 39 finished with value: 4.047553922957741 and parameters: {'sl_mult': 0.9, 'trailing_activation_mult': 1.0, 'trailing_power': 1.6, 'trailing_squash_divisor': 3.5, 'giveback_beta': 0.5, 'capital_protect_mfe_mult': 0.75, 'capital_protect_regression_frac': 0.65}. Best is trial 1 with value: 5.138065904006362.
[I 2026-05-22 12:53:08,543] Trial 40 finished with value: 4.536326967540663 and parameters: {'sl_mult': 0.5, 'trailing_activation_mult': 2.0, 'trailing_power': 1.2, 'trailing_squash_divisor': 4.0, 'giveback_beta': 0.4, 'capital_protect_mfe_mult': 1.5, 'capital_protect_regression_frac': 0.35}. Best is trial 1 with value: 5.138065904006362.
[I 2026-05-22 12:53:08,599] Trial 41 finished with value: 4.8083748912671584 and parameters: {'sl_mult': 0.8, 'trailing_activation_mult': 1.25, 'trailing_power': 2.0, 'trailing_squash_divisor': 2.0, 'giveback_beta': 0.5, 'capital_protect_mfe_mult': 0.75, 'capital_protect_regression_frac': 0.65}. Best is trial 1 with value: 5.138065904006362.
[I 2026-05-22 12:53:08,655] Trial 42 finished with value: 4.8083748912671584 and parameters: {'sl_mult': 0.8, 'trailing_activation_mult': 1.25, 'trailing_power': 2.0, 'trailing_squash_divisor': 2.0, 'giveback_beta': 0.5, 'capital_protect_mfe_mult': 0.75, 'capital_protect_regression_frac': 0.65}. Best is trial 1 with value: 5.138065904006362.
[I 2026-05-22 12:53:08,813] Trial 43 finished with value: 4.8083748912671584 and parameters: {'sl_mult': 0.8, 'trailing_activation_mult': 1.25, 'trailing_power': 2.0, 'trailing_squash_divisor': 2.0, 'giveback_beta': 0.5, 'capital_protect_mfe_mult': 0.75, 'capital_protect_regression_frac': 0.65}. Best is trial 1 with value: 5.138065904006362.
[I 2026-05-22 12:53:08,873] Trial 44 finished with value: 4.186972599008004 and parameters: {'sl_mult': 1.5, 'trailing_activation_mult': 1.5, 'trailing_power': 1.7, 'trailing_squash_divisor': 2.0, 'giveback_beta': 0.5, 'capital_protect_mfe_mult': 0.75, 'capital_protect_regression_frac': 0.65}. Best is trial 1 with value: 5.138065904006362.
[I 2026-05-22 12:53:08,930] Trial 45 finished with value: 5.098310574144125 and parameters: {'sl_mult': 0.7, 'trailing_activation_mult': 1.25, 'trailing_power': 1.9, 'trailing_squash_divisor': 1.0, 'giveback_beta': 0.5, 'capital_protect_mfe_mult': 0.0, 'capital_protect_regression_frac': 0.55}. Best is trial 1 with value: 5.138065904006362.
[I 2026-05-22 12:53:08,988] Trial 46 finished with value: 4.79191454439424 and parameters: {'sl_mult': 0.7, 'trailing_activation_mult': 1.5, 'trailing_power': 1.9, 'trailing_squash_divisor': 1.0, 'giveback_beta': 0.95, 'capital_protect_mfe_mult': 0.0, 'capital_protect_regression_frac': 0.55}. Best is trial 1 with value: 5.138065904006362.
[I 2026-05-22 12:53:09,045] Trial 47 finished with value: 4.977887670544442 and parameters: {'sl_mult': 0.7, 'trailing_activation_mult': 0.75, 'trailing_power': 1.9, 'trailing_squash_divisor': 1.0, 'giveback_beta': 0.4, 'capital_protect_mfe_mult': 0.0, 'capital_protect_regression_frac': 0.55}. Best is trial 1 with value: 5.138065904006362.
[I 2026-05-22 12:53:09,101] Trial 48 finished with value: 4.977887670544442 and parameters: {'sl_mult': 0.7, 'trailing_activation_mult': 0.75, 'trailing_power': 1.9, 'trailing_squash_divisor': 1.0, 'giveback_beta': 0.4, 'capital_protect_mfe_mult': 0.0, 'capital_protect_regression_frac': 0.55}. Best is trial 1 with value: 5.138065904006362.
[I 2026-05-22 12:53:09,157] Trial 49 finished with value: 4.977887670544442 and parameters: {'sl_mult': 0.7, 'trailing_activation_mult': 0.75, 'trailing_power': 1.9, 'trailing_squash_divisor': 1.0, 'giveback_beta': 0.4, 'capital_protect_mfe_mult': 0.0, 'capital_protect_regression_frac': 0.55}. Best is trial 1 with value: 5.138065904006362.
[I 2026-05-22 12:53:09,214] Trial 50 finished with value: 4.977887670544442 and parameters: {'sl_mult': 0.7, 'trailing_activation_mult': 0.75, 'trailing_power': 1.9, 'trailing_squash_divisor': 1.0, 'giveback_beta': 0.4, 'capital_protect_mfe_mult': 0.0, 'capital_protect_regression_frac': 0.55}. Best is trial 1 with value: 5.138065904006362.
[I 2026-05-22 12:53:09,270] Trial 51 finished with value: 4.977887670544442 and parameters: {'sl_mult': 0.7, 'trailing_activation_mult': 0.75, 'trailing_power': 1.9, 'trailing_squash_divisor': 1.0, 'giveback_beta': 0.4, 'capital_protect_mfe_mult': 0.0, 'capital_protect_regression_frac': 0.55}. Best is trial 1 with value: 5.138065904006362.
[I 2026-05-22 12:53:09,292] A new study created in memory with name: no-name-97d23ea0-a125-484c-9107-000192baa853
[I 2026-05-22 12:53:09,351] Trial 0 finished with value: 4.899175790173468 and parameters: {'sl_mult': 0.7, 'adverse_exit_min_mae_sl_frac': 0.7, 'capital_protect_mfe_mult': 1.1, 'capital_protect_regression_frac': 0.8500000000000001, 'adverse_exit_min_speed': 0.7000000000000001, 'adverse_exit_theta_quantile': 0.6}. Best is trial 0 with value: 4.899175790173468.
[I 2026-05-22 12:53:09,416] Trial 1 finished with value: 4.181849471153692 and parameters: {'sl_mult': 2.0, 'adverse_exit_min_mae_sl_frac': 0.4, 'capital_protect_mfe_mult': 0.30000000000000004, 'capital_protect_regression_frac': 0.65, 'adverse_exit_min_speed': 1.4000000000000001, 'adverse_exit_theta_quantile': 0.9}. Best is trial 0 with value: 4.899175790173468.
[I 2026-05-22 12:53:09,475] Trial 2 finished with value: 4.184180084860418 and parameters: {'sl_mult': 0.8, 'adverse_exit_min_mae_sl_frac': 0.45, 'capital_protect_mfe_mult': 0.6000000000000001, 'capital_protect_regression_frac': 0.0, 'adverse_exit_min_speed': 0.7000000000000001, 'adverse_exit_theta_quantile': 0.9}. Best is trial 0 with value: 4.899175790173468.
[I 2026-05-22 12:53:09,541] Trial 3 finished with value: 4.752391561167315 and parameters: {'sl_mult': 2.2, 'adverse_exit_min_mae_sl_frac': 0.2, 'capital_protect_mfe_mult': 0.2, 'capital_protect_regression_frac': 1.0, 'adverse_exit_min_speed': 1.5, 'adverse_exit_theta_quantile': 0.55}. Best is trial 0 with value: 4.899175790173468.
[I 2026-05-22 12:53:09,605] Trial 4 finished with value: 4.459366101585329 and parameters: {'sl_mult': 2.8000000000000003, 'adverse_exit_min_mae_sl_frac': 0.7, 'capital_protect_mfe_mult': 1.8, 'capital_protect_regression_frac': 0.6000000000000001, 'adverse_exit_min_speed': 1.4000000000000001, 'adverse_exit_theta_quantile': 0.65}. Best is trial 0 with value: 4.899175790173468.
[I 2026-05-22 12:53:09,670] Trial 5 finished with value: 3.878383939966443 and parameters: {'sl_mult': 3.0, 'adverse_exit_min_mae_sl_frac': 0.2, 'capital_protect_mfe_mult': 1.3, 'capital_protect_regression_frac': 0.2, 'adverse_exit_min_speed': 0.30000000000000004, 'adverse_exit_theta_quantile': 0.8}. Best is trial 0 with value: 4.899175790173468.
[I 2026-05-22 12:53:09,729] Trial 6 finished with value: 4.471672005369328 and parameters: {'sl_mult': 0.8, 'adverse_exit_min_mae_sl_frac': 0.55, 'capital_protect_mfe_mult': 2.3000000000000003, 'capital_protect_regression_frac': 0.25, 'adverse_exit_min_speed': 1.4000000000000001, 'adverse_exit_theta_quantile': 0.5}. Best is trial 0 with value: 4.899175790173468.
[I 2026-05-22 12:53:09,789] Trial 7 finished with value: 3.9705334191472503 and parameters: {'sl_mult': 1.4, 'adverse_exit_min_mae_sl_frac': 0.5, 'capital_protect_mfe_mult': 2.0, 'capital_protect_regression_frac': 0.05, 'adverse_exit_min_speed': 1.2000000000000002, 'adverse_exit_theta_quantile': 0.95}. Best is trial 0 with value: 4.899175790173468.
[I 2026-05-22 12:53:09,848] Trial 8 finished with value: 4.7493679042905566 and parameters: {'sl_mult': 1.1, 'adverse_exit_min_mae_sl_frac': 0.35000000000000003, 'capital_protect_mfe_mult': 2.9000000000000004, 'capital_protect_regression_frac': 0.8, 'adverse_exit_min_speed': 0.4, 'adverse_exit_theta_quantile': 0.8}. Best is trial 0 with value: 4.899175790173468.
[I 2026-05-22 12:53:09,911] Trial 9 finished with value: 4.34251860746881 and parameters: {'sl_mult': 1.6, 'adverse_exit_min_mae_sl_frac': 0.45, 'capital_protect_mfe_mult': 0.1, 'capital_protect_regression_frac': 0.8, 'adverse_exit_min_speed': 1.3000000000000003, 'adverse_exit_theta_quantile': 0.8500000000000001}. Best is trial 0 with value: 4.899175790173468.
[I 2026-05-22 12:53:09,979] Trial 10 finished with value: 5.061981477076188 and parameters: {'sl_mult': 0.6, 'adverse_exit_min_mae_sl_frac': 0.75, 'capital_protect_mfe_mult': 1.1, 'capital_protect_regression_frac': 1.0, 'adverse_exit_min_speed': 0.9, 'adverse_exit_theta_quantile': 0.65}. Best is trial 10 with value: 5.061981477076188.
[I 2026-05-22 12:53:10,047] Trial 11 finished with value: 5.061981477076188 and parameters: {'sl_mult': 0.6, 'adverse_exit_min_mae_sl_frac': 0.75, 'capital_protect_mfe_mult': 1.1, 'capital_protect_regression_frac': 1.0, 'adverse_exit_min_speed': 0.9, 'adverse_exit_theta_quantile': 0.65}. Best is trial 10 with value: 5.061981477076188.
[I 2026-05-22 12:53:10,115] Trial 12 finished with value: 5.3932313151657585 and parameters: {'sl_mult': 0.5, 'adverse_exit_min_mae_sl_frac': 0.75, 'capital_protect_mfe_mult': 1.0, 'capital_protect_regression_frac': 1.0, 'adverse_exit_min_speed': 1.0, 'adverse_exit_theta_quantile': 0.7}. Best is trial 12 with value: 5.3932313151657585.
[I 2026-05-22 12:53:10,183] Trial 13 finished with value: 4.819460961595178 and parameters: {'sl_mult': 0.5, 'adverse_exit_min_mae_sl_frac': 0.6000000000000001, 'capital_protect_mfe_mult': 0.7000000000000001, 'capital_protect_regression_frac': 0.5, 'adverse_exit_min_speed': 1.0, 'adverse_exit_theta_quantile': 0.7}. Best is trial 12 with value: 5.3932313151657585.
[I 2026-05-22 12:53:10,253] Trial 14 finished with value: 4.615664499986451 and parameters: {'sl_mult': 1.3, 'adverse_exit_min_mae_sl_frac': 0.65, 'capital_protect_mfe_mult': 0.8, 'capital_protect_regression_frac': 0.9, 'adverse_exit_min_speed': 1.1, 'adverse_exit_theta_quantile': 0.75}. Best is trial 12 with value: 5.3932313151657585.
[I 2026-05-22 12:53:10,329] Trial 15 finished with value: 4.275289467879338 and parameters: {'sl_mult': 3.5, 'adverse_exit_min_mae_sl_frac': 0.75, 'capital_protect_mfe_mult': 1.5, 'capital_protect_regression_frac': 0.4, 'adverse_exit_min_speed': 0.5, 'adverse_exit_theta_quantile': 0.7}. Best is trial 12 with value: 5.3932313151657585.
[I 2026-05-22 12:53:10,401] Trial 16 finished with value: 4.233258133329218 and parameters: {'sl_mult': 1.8, 'adverse_exit_min_mae_sl_frac': 0.6000000000000001, 'capital_protect_mfe_mult': 1.6, 'capital_protect_regression_frac': 0.7000000000000001, 'adverse_exit_min_speed': 0.1, 'adverse_exit_theta_quantile': 0.6}. Best is trial 12 with value: 5.3932313151657585.
[I 2026-05-22 12:53:10,487] Trial 17 finished with value: 4.770363659574651 and parameters: {'sl_mult': 1.1, 'adverse_exit_min_mae_sl_frac': 0.30000000000000004, 'capital_protect_mfe_mult': 2.5, 'capital_protect_regression_frac': 1.0, 'adverse_exit_min_speed': 0.8, 'adverse_exit_theta_quantile': 0.75}. Best is trial 12 with value: 5.3932313151657585.
[I 2026-05-22 12:53:10,685] Trial 18 finished with value: 4.542565435229335 and parameters: {'sl_mult': 2.6, 'adverse_exit_min_mae_sl_frac': 0.65, 'capital_protect_mfe_mult': 1.0, 'capital_protect_regression_frac': 0.9, 'adverse_exit_min_speed': 1.0, 'adverse_exit_theta_quantile': 0.65}. Best is trial 12 with value: 5.3932313151657585.
[I 2026-05-22 12:53:10,762] Trial 19 finished with value: 4.435086867888458 and parameters: {'sl_mult': 1.0, 'adverse_exit_min_mae_sl_frac': 0.75, 'capital_protect_mfe_mult': 0.5, 'capital_protect_regression_frac': 0.75, 'adverse_exit_min_speed': 0.6, 'adverse_exit_theta_quantile': 0.5}. Best is trial 12 with value: 5.3932313151657585.
[I 2026-05-22 12:53:10,837] Trial 20 finished with value: 4.971819378063083 and parameters: {'sl_mult': 0.5, 'adverse_exit_min_mae_sl_frac': 0.55, 'capital_protect_mfe_mult': 1.4000000000000001, 'capital_protect_regression_frac': 0.55, 'adverse_exit_min_speed': 0.9, 'adverse_exit_theta_quantile': 0.6}. Best is trial 12 with value: 5.3932313151657585.
[I 2026-05-22 12:53:10,910] Trial 21 finished with value: 5.3932313151657585 and parameters: {'sl_mult': 0.5, 'adverse_exit_min_mae_sl_frac': 0.75, 'capital_protect_mfe_mult': 1.0, 'capital_protect_regression_frac': 1.0, 'adverse_exit_min_speed': 0.9, 'adverse_exit_theta_quantile': 0.65}. Best is trial 12 with value: 5.3932313151657585.
[I 2026-05-22 12:53:10,984] Trial 22 finished with value: 4.838535738049541 and parameters: {'sl_mult': 0.9, 'adverse_exit_min_mae_sl_frac': 0.7, 'capital_protect_mfe_mult': 1.0, 'capital_protect_regression_frac': 0.9, 'adverse_exit_min_speed': 1.1, 'adverse_exit_theta_quantile': 0.7}. Best is trial 12 with value: 5.3932313151657585.
[I 2026-05-22 12:53:11,061] Trial 23 finished with value: 4.741720278188586 and parameters: {'sl_mult': 1.3, 'adverse_exit_min_mae_sl_frac': 0.65, 'capital_protect_mfe_mult': 0.8, 'capital_protect_regression_frac': 1.0, 'adverse_exit_min_speed': 0.8, 'adverse_exit_theta_quantile': 0.65}. Best is trial 12 with value: 5.3932313151657585.
