[I 2026-05-22 11:43:31,897] Trial 7 finished with value: 0.98378960962975 and parameters: {'alpha_base': 0.27728168328829056, 'alpha_recency': 1.4543769416468377, 'alpha_trade_quality': 1.1626992350416718, 'alpha_tp_opportunity': 1.4092484123462836, 'alpha_meta_magnitude': 1.3422410256414732, 'min_n_eff_ratio': 0.5783199830488681, 'max_top1pct': 0.18828113525346754}. Best is trial 6 with value: 0.9838103303286504.
[2026-05-22 09:43:31 UTC] CV fold complete | fold=1 seed=42 buckets_scored=1 train_size=18388 valid_size=6000 ic=0.984064 decile_spread=0.629795 pred_mean=0.265020 pred_std=0.243771 valid_ret_mean=0.265011 weighted_valid_ret_mean=0.341782 mem_mb=6615.593750
[2026-05-22 09:43:31 UTC] CV fold complete | fold=2 seed=42 buckets_scored=1 train_size=704 valid_size=6000 ic=0.986989 decile_spread=0.654393 pred_mean=0.267686 pred_std=0.245714 valid_ret_mean=0.267595 weighted_valid_ret_mean=0.352088 mem_mb=6615.593750
[2026-05-22 09:43:31 UTC] CV fold complete | fold=3 seed=42 buckets_scored=1 train_size=7827 valid_size=6000 ic=0.986583 decile_spread=0.689337 pred_mean=0.287304 pred_std=0.252713 valid_ret_mean=0.287295 weighted_valid_ret_mean=0.370768 mem_mb=6615.593750
[2026-05-22 09:43:31 UTC] CV fold complete | fold=4 seed=42 buckets_scored=1 train_size=6207 valid_size=6000 ic=0.979966 decile_spread=0.746499 pred_mean=0.292518 pred_std=0.267487 valid_ret_mean=0.292507 weighted_valid_ret_mean=0.387480 mem_mb=6615.593750
[2026-05-22 09:43:31 UTC] CV fold complete | fold=5 seed=42 buckets_scored=1 train_size=10275 valid_size=6000 ic=0.981440 decile_spread=0.776461 pred_mean=0.308833 pred_std=0.271696 valid_ret_mean=0.308823 weighted_valid_ret_mean=0.403182 mem_mb=6615.593750
[2026-05-22 09:43:31 UTC] CV fold complete | fold=1 seed=123 buckets_scored=1 train_size=18388 valid_size=6000 ic=0.984064 decile_spread=0.629795 pred_mean=0.265020 pred_std=0.243771 valid_ret_mean=0.265011 weighted_valid_ret_mean=0.341782 mem_mb=6615.593750
[2026-05-22 09:43:31 UTC] CV fold complete | fold=2 seed=123 buckets_scored=1 train_size=704 valid_size=6000 ic=0.986989 decile_spread=0.654393 pred_mean=0.267686 pred_std=0.245714 valid_ret_mean=0.267595 weighted_valid_ret_mean=0.352088 mem_mb=6615.593750
[2026-05-22 09:43:31 UTC] CV fold complete | fold=3 seed=123 buckets_scored=1 train_size=7827 valid_size=6000 ic=0.986583 decile_spread=0.689337 pred_mean=0.287304 pred_std=0.252713 valid_ret_mean=0.287295 weighted_valid_ret_mean=0.370768 mem_mb=6615.593750
[2026-05-22 09:43:31 UTC] CV fold complete | fold=4 seed=123 buckets_scored=1 train_size=6207 valid_size=6000 ic=0.979966 decile_spread=0.746499 pred_mean=0.292518 pred_std=0.267487 valid_ret_mean=0.292507 weighted_valid_ret_mean=0.387480 mem_mb=6615.593750
[2026-05-22 09:43:31 UTC] CV fold complete | fold=5 seed=123 buckets_scored=1 train_size=10275 valid_size=6000 ic=0.981440 decile_spread=0.776461 pred_mean=0.308833 pred_std=0.271696 valid_ret_mean=0.308823 weighted_valid_ret_mean=0.403182 mem_mb=6615.593750
[2026-05-22 09:43:31 UTC] Objective evaluated | n_eff=24466.217310 n_eff_ratio=0.815541 top1pct_share=0.025192 ic_mean=0.983808 ic_std=0.000000 decile_spread_mean=0.699297 objective=0.983808 weighted_return_mean=0.369227 mem_mb=6615.593750
[2026-05-22 09:43:31 UTC] Optuna trial | trial=8 score=0.983808 n_eff=24466.217310 n_eff_ratio=0.815541 top1pct_weight_share=0.025192 weighted_return_mean=0.369227 weight_std=0.736786 mem_mb=6615.593750
[I 2026-05-22 11:43:31,938] Trial 8 finished with value: 0.9838081721853635 and parameters: {'alpha_base': 0.13273875307787925, 'alpha_recency': 0.2939742936287178, 'alpha_trade_quality': 0.0678409333658071, 'alpha_tp_opportunity': 0.4879954961448965, 'alpha_meta_magnitude': 0.583015934534223, 'min_n_eff_ratio': 0.31707922541911676, 'max_top1pct': 0.17431062637278943}. Best is trial 6 with value: 0.9838103303286504.
[2026-05-22 09:43:31 UTC] CV fold complete | fold=1 seed=42 buckets_scored=1 train_size=18388 valid_size=6000 ic=0.984059 decile_spread=0.629795 pred_mean=0.265017 pred_std=0.243762 valid_ret_mean=0.265011 weighted_valid_ret_mean=0.326861 mem_mb=6615.593750
[2026-05-22 09:43:31 UTC] CV fold complete | fold=2 seed=42 buckets_scored=1 train_size=704 valid_size=6000 ic=0.986857 decile_spread=0.654392 pred_mean=0.267778 pred_std=0.245459 valid_ret_mean=0.267595 weighted_valid_ret_mean=0.321694 mem_mb=6615.593750
[2026-05-22 09:43:31 UTC] CV fold complete | fold=3 seed=42 buckets_scored=1 train_size=7827 valid_size=6000 ic=0.986559 decile_spread=0.689038 pred_mean=0.287310 pred_std=0.252687 valid_ret_mean=0.287295 weighted_valid_ret_mean=0.329922 mem_mb=6615.593750
[2026-05-22 09:43:31 UTC] CV fold complete | fold=4 seed=42 buckets_scored=1 train_size=6207 valid_size=6000 ic=0.979964 decile_spread=0.746499 pred_mean=0.292526 pred_std=0.267447 valid_ret_mean=0.292507 weighted_valid_ret_mean=0.339789 mem_mb=6615.593750
[2026-05-22 09:43:31 UTC] CV fold complete | fold=5 seed=42 buckets_scored=1 train_size=10275 valid_size=6000 ic=0.981445 decile_spread=0.776461 pred_mean=0.308839 pred_std=0.271662 valid_ret_mean=0.308823 weighted_valid_ret_mean=0.353860 mem_mb=6615.593750
[2026-05-22 09:43:31 UTC] CV fold complete | fold=1 seed=123 buckets_scored=1 train_size=18388 valid_size=6000 ic=0.984059 decile_spread=0.629795 pred_mean=0.265017 pred_std=0.243762 valid_ret_mean=0.265011 weighted_valid_ret_mean=0.326861 mem_mb=6615.593750
[2026-05-22 09:43:31 UTC] CV fold complete | fold=2 seed=123 buckets_scored=1 train_size=704 valid_size=6000 ic=0.986857 decile_spread=0.654392 pred_mean=0.267778 pred_std=0.245459 valid_ret_mean=0.267595 weighted_valid_ret_mean=0.321694 mem_mb=6615.593750
[2026-05-22 09:43:31 UTC] CV fold complete | fold=3 seed=123 buckets_scored=1 train_size=7827 valid_size=6000 ic=0.986559 decile_spread=0.689038 pred_mean=0.287310 pred_std=0.252687 valid_ret_mean=0.287295 weighted_valid_ret_mean=0.329922 mem_mb=6615.593750
[2026-05-22 09:43:31 UTC] CV fold complete | fold=4 seed=123 buckets_scored=1 train_size=6207 valid_size=6000 ic=0.979964 decile_spread=0.746499 pred_mean=0.292526 pred_std=0.267447 valid_ret_mean=0.292507 weighted_valid_ret_mean=0.339789 mem_mb=6615.593750
[2026-05-22 09:43:31 UTC] CV fold complete | fold=5 seed=123 buckets_scored=1 train_size=10275 valid_size=6000 ic=0.981445 decile_spread=0.776461 pred_mean=0.308839 pred_std=0.271662 valid_ret_mean=0.308823 weighted_valid_ret_mean=0.353860 mem_mb=6615.593750
[2026-05-22 09:43:31 UTC] Objective evaluated | n_eff=22745.798589 n_eff_ratio=0.758193 top1pct_share=0.042411 ic_mean=0.983777 ic_std=0.000000 decile_spread_mean=0.699237 objective=0.983777 weighted_return_mean=0.333429 mem_mb=6615.593750
[2026-05-22 09:43:31 UTC] Optuna trial | trial=9 score=0.983777 n_eff=22745.798589 n_eff_ratio=0.758193 top1pct_weight_share=0.042411 weighted_return_mean=0.333429 weight_std=0.482924 mem_mb=6615.593750
[I 2026-05-22 11:43:31,977] Trial 9 finished with value: 0.9837768256057341 and parameters: {'alpha_base': 0.5351299900403839, 'alpha_recency': 0.42140176453107114, 'alpha_trade_quality': 0.8140441247373726, 'alpha_tp_opportunity': 0.21138633746214397, 'alpha_meta_magnitude': 1.2032954711310595, 'min_n_eff_ratio': 0.15964051494381667, 'max_top1pct': 0.1980330404900776}. Best is trial 6 with value: 0.9838103303286504.
[2026-05-22 09:43:32 UTC] CV fold complete | fold=1 seed=42 buckets_scored=1 train_size=18388 valid_size=6000 ic=0.984057 decile_spread=0.629596 pred_mean=0.265015 pred_std=0.243772 valid_ret_mean=0.265011 weighted_valid_ret_mean=0.298714 mem_mb=6615.593750
[2026-05-22 09:43:32 UTC] CV fold complete | fold=2 seed=42 buckets_scored=1 train_size=704 valid_size=6000 ic=0.986946 decile_spread=0.654393 pred_mean=0.267666 pred_std=0.245619 valid_ret_mean=0.267595 weighted_valid_ret_mean=0.301120 mem_mb=6615.593750
[2026-05-22 09:43:32 UTC] CV fold complete | fold=3 seed=42 buckets_scored=1 train_size=7827 valid_size=6000 ic=0.986552 decile_spread=0.689038 pred_mean=0.287305 pred_std=0.252690 valid_ret_mean=0.287295 weighted_valid_ret_mean=0.311783 mem_mb=6615.593750
[2026-05-22 09:43:32 UTC] CV fold complete | fold=4 seed=42 buckets_scored=1 train_size=6207 valid_size=6000 ic=0.979964 decile_spread=0.746499 pred_mean=0.292518 pred_std=0.267460 valid_ret_mean=0.292507 weighted_valid_ret_mean=0.323718 mem_mb=6615.593750
[2026-05-22 09:43:32 UTC] CV fold complete | fold=5 seed=42 buckets_scored=1 train_size=10275 valid_size=6000 ic=0.981445 decile_spread=0.776461 pred_mean=0.308834 pred_std=0.271670 valid_ret_mean=0.308823 weighted_valid_ret_mean=0.337615 mem_mb=6615.593750
[2026-05-22 09:43:32 UTC] CV fold complete | fold=1 seed=123 buckets_scored=1 train_size=18388 valid_size=6000 ic=0.984057 decile_spread=0.629596 pred_mean=0.265015 pred_std=0.243772 valid_ret_mean=0.265011 weighted_valid_ret_mean=0.298714 mem_mb=6615.593750
[2026-05-22 09:43:32 UTC] CV fold complete | fold=2 seed=123 buckets_scored=1 train_size=704 valid_size=6000 ic=0.986946 decile_spread=0.654393 pred_mean=0.267666 pred_std=0.245619 valid_ret_mean=0.267595 weighted_valid_ret_mean=0.301120 mem_mb=6615.593750
[2026-05-22 09:43:32 UTC] CV fold complete | fold=3 seed=123 buckets_scored=1 train_size=7827 valid_size=6000 ic=0.986552 decile_spread=0.689038 pred_mean=0.287305 pred_std=0.252690 valid_ret_mean=0.287295 weighted_valid_ret_mean=0.311783 mem_mb=6615.593750
[2026-05-22 09:43:32 UTC] CV fold complete | fold=4 seed=123 buckets_scored=1 train_size=6207 valid_size=6000 ic=0.979964 decile_spread=0.746499 pred_mean=0.292518 pred_std=0.267460 valid_ret_mean=0.292507 weighted_valid_ret_mean=0.323718 mem_mb=6615.593750
[2026-05-22 09:43:32 UTC] CV fold complete | fold=5 seed=123 buckets_scored=1 train_size=10275 valid_size=6000 ic=0.981445 decile_spread=0.776461 pred_mean=0.308834 pred_std=0.271670 valid_ret_mean=0.308823 weighted_valid_ret_mean=0.337615 mem_mb=6615.593750
[2026-05-22 09:43:32 UTC] Objective evaluated | n_eff=22380.911183 n_eff_ratio=0.746030 top1pct_share=0.041942 ic_mean=0.983793 ic_std=0.000000 decile_spread_mean=0.699197 objective=0.983793 weighted_return_mean=0.312498 mem_mb=6615.593750
[2026-05-22 09:43:32 UTC] Optuna trial | trial=10 score=0.983793 n_eff=22380.911183 n_eff_ratio=0.746030 top1pct_weight_share=0.041942 weighted_return_mean=0.312498 weight_std=0.530545 mem_mb=6615.593750
[I 2026-05-22 11:43:32,034] Trial 10 finished with value: 0.9837929917812186 and parameters: {'alpha_base': 0.7704950355933129, 'alpha_recency': 1.0592004779335946, 'alpha_trade_quality': 1.4543056661817992, 'alpha_tp_opportunity': 1.3057404596620397, 'alpha_meta_magnitude': 0.4090303158016268, 'min_n_eff_ratio': 0.5327551265404384, 'max_top1pct': 0.1041967994662714}. Best is trial 6 with value: 0.9838103303286504.
[2026-05-22 09:43:32 UTC] CV fold complete | fold=1 seed=42 buckets_scored=1 train_size=18388 valid_size=6000 ic=0.984063 decile_spread=0.630197 pred_mean=0.265018 pred_std=0.243775 valid_ret_mean=0.265011 weighted_valid_ret_mean=0.393898 mem_mb=6615.593750
[2026-05-22 09:43:32 UTC] CV fold complete | fold=2 seed=42 buckets_scored=1 train_size=704 valid_size=6000 ic=0.986929 decile_spread=0.654634 pred_mean=0.267904 pred_std=0.245507 valid_ret_mean=0.267595 weighted_valid_ret_mean=0.394311 mem_mb=6615.593750
[2026-05-22 09:43:32 UTC] CV fold complete | fold=3 seed=42 buckets_scored=1 train_size=7827 valid_size=6000 ic=0.986588 decile_spread=0.689038 pred_mean=0.287310 pred_std=0.252716 valid_ret_mean=0.287295 weighted_valid_ret_mean=0.413472 mem_mb=6615.593750
[2026-05-22 09:43:32 UTC] CV fold complete | fold=4 seed=42 buckets_scored=1 train_size=6207 valid_size=6000 ic=0.979968 decile_spread=0.746499 pred_mean=0.292529 pred_std=0.267486 valid_ret_mean=0.292507 weighted_valid_ret_mean=0.433811 mem_mb=6615.593750
[2026-05-22 09:43:32 UTC] CV fold complete | fold=5 seed=42 buckets_scored=1 train_size=10275 valid_size=6000 ic=0.981427 decile_spread=0.776457 pred_mean=0.308837 pred_std=0.271698 valid_ret_mean=0.308823 weighted_valid_ret_mean=0.448804 mem_mb=6615.593750
[2026-05-22 09:43:32 UTC] CV fold complete | fold=1 seed=123 buckets_scored=1 train_size=18388 valid_size=6000 ic=0.984063 decile_spread=0.630197 pred_mean=0.265018 pred_std=0.243775 valid_ret_mean=0.265011 weighted_valid_ret_mean=0.393898 mem_mb=6615.593750
[2026-05-22 09:43:32 UTC] CV fold complete | fold=2 seed=123 buckets_scored=1 train_size=704 valid_size=6000 ic=0.986929 decile_spread=0.654634 pred_mean=0.267904 pred_std=0.245507 valid_ret_mean=0.267595 weighted_valid_ret_mean=0.394311 mem_mb=6615.593750
[2026-05-22 09:43:32 UTC] CV fold complete | fold=3 seed=123 buckets_scored=1 train_size=7827 valid_size=6000 ic=0.986588 decile_spread=0.689038 pred_mean=0.287310 pred_std=0.252716 valid_ret_mean=0.287295 weighted_valid_ret_mean=0.413472 mem_mb=6615.593750
[2026-05-22 09:43:32 UTC] CV fold complete | fold=4 seed=123 buckets_scored=1 train_size=6207 valid_size=6000 ic=0.979968 decile_spread=0.746499 pred_mean=0.292529 pred_std=0.267486 valid_ret_mean=0.292507 weighted_valid_ret_mean=0.433811 mem_mb=6615.593750
[2026-05-22 09:43:32 UTC] CV fold complete | fold=5 seed=123 buckets_scored=1 train_size=10275 valid_size=6000 ic=0.981427 decile_spread=0.776457 pred_mean=0.308837 pred_std=0.271698 valid_ret_mean=0.308823 weighted_valid_ret_mean=0.448804 mem_mb=6615.593750
[2026-05-22 09:43:32 UTC] Objective evaluated | n_eff=22743.722239 n_eff_ratio=0.758124 top1pct_share=0.016157 ic_mean=0.983795 ic_std=0.000000 decile_spread_mean=0.699365 objective=0.983795 weighted_return_mean=0.417055 mem_mb=6615.593750
[2026-05-22 09:43:32 UTC] Optuna trial | trial=11 score=0.983795 n_eff=22743.722239 n_eff_ratio=0.758124 top1pct_weight_share=0.016157 weighted_return_mean=0.417055 weight_std=1.375921 mem_mb=6615.593750
[I 2026-05-22 11:43:32,085] Trial 11 finished with value: 0.9837950825294346 and parameters: {'alpha_base': 0.009574655151001102, 'alpha_recency': 1.1169913491761034, 'alpha_trade_quality': 0.006193165067002508, 'alpha_tp_opportunity': 0.5052713073198855, 'alpha_meta_magnitude': 0.9236055620606503, 'min_n_eff_ratio': 0.44766331430786216, 'max_top1pct': 0.1595721593755241}. Best is trial 6 with value: 0.9838103303286504.
[2026-05-22 09:43:32 UTC] CV fold complete | fold=1 seed=42 buckets_scored=1 train_size=18388 valid_size=6000 ic=0.984061 decile_spread=0.630197 pred_mean=0.265020 pred_std=0.243769 valid_ret_mean=0.265011 weighted_valid_ret_mean=0.348843 mem_mb=6615.593750
[2026-05-22 09:43:32 UTC] CV fold complete | fold=2 seed=42 buckets_scored=1 train_size=704 valid_size=6000 ic=0.987004 decile_spread=0.654393 pred_mean=0.267759 pred_std=0.245648 valid_ret_mean=0.267595 weighted_valid_ret_mean=0.351289 mem_mb=6615.593750
[2026-05-22 09:43:32 UTC] CV fold complete | fold=3 seed=42 buckets_scored=1 train_size=7827 valid_size=6000 ic=0.986583 decile_spread=0.689038 pred_mean=0.287309 pred_std=0.252709 valid_ret_mean=0.287295 weighted_valid_ret_mean=0.371202 mem_mb=6615.593750
[2026-05-22 09:43:32 UTC] CV fold complete | fold=4 seed=42 buckets_scored=1 train_size=6207 valid_size=6000 ic=0.979966 decile_spread=0.746499 pred_mean=0.292523 pred_std=0.267486 valid_ret_mean=0.292507 weighted_valid_ret_mean=0.392791 mem_mb=6615.593750
[2026-05-22 09:43:32 UTC] CV fold complete | fold=5 seed=42 buckets_scored=1 train_size=10275 valid_size=6000 ic=0.981437 decile_spread=0.776461 pred_mean=0.308835 pred_std=0.271696 valid_ret_mean=0.308823 weighted_valid_ret_mean=0.408757 mem_mb=6615.593750
[2026-05-22 09:43:32 UTC] CV fold complete | fold=1 seed=123 buckets_scored=1 train_size=18388 valid_size=6000 ic=0.984061 decile_spread=0.630197 pred_mean=0.265020 pred_std=0.243769 valid_ret_mean=0.265011 weighted_valid_ret_mean=0.348843 mem_mb=6615.593750
[2026-05-22 09:43:32 UTC] CV fold complete | fold=2 seed=123 buckets_scored=1 train_size=704 valid_size=6000 ic=0.987004 decile_spread=0.654393 pred_mean=0.267759 pred_std=0.245648 valid_ret_mean=0.267595 weighted_valid_ret_mean=0.351289 mem_mb=6615.593750
[2026-05-22 09:43:32 UTC] CV fold complete | fold=3 seed=123 buckets_scored=1 train_size=7827 valid_size=6000 ic=0.986583 decile_spread=0.689038 pred_mean=0.287309 pred_std=0.252709 valid_ret_mean=0.287295 weighted_valid_ret_mean=0.371202 mem_mb=6615.593750
[2026-05-22 09:43:32 UTC] CV fold complete | fold=4 seed=123 buckets_scored=1 train_size=6207 valid_size=6000 ic=0.979966 decile_spread=0.746499 pred_mean=0.292523 pred_std=0.267486 valid_ret_mean=0.292507 weighted_valid_ret_mean=0.392791 mem_mb=6615.593750
[2026-05-22 09:43:32 UTC] CV fold complete | fold=5 seed=123 buckets_scored=1 train_size=10275 valid_size=6000 ic=0.981437 decile_spread=0.776461 pred_mean=0.308835 pred_std=0.271696 valid_ret_mean=0.308823 weighted_valid_ret_mean=0.408757 mem_mb=6615.593750
[2026-05-22 09:43:32 UTC] Objective evaluated | n_eff=24739.990661 n_eff_ratio=0.824666 top1pct_share=0.018832 ic_mean=0.983810 ic_std=0.000000 decile_spread_mean=0.699317 objective=0.983810 weighted_return_mean=0.373652 mem_mb=6615.593750
[2026-05-22 09:43:32 UTC] Optuna trial | trial=12 score=0.983810 n_eff=24739.990661 n_eff_ratio=0.824666 top1pct_weight_share=0.018832 weighted_return_mean=0.373652 weight_std=0.957919 mem_mb=6615.593750
[I 2026-05-22 11:43:32,137] Trial 12 finished with value: 0.9838102637299414 and parameters: {'alpha_base': 0.046582516234108404, 'alpha_recency': 0.6899174468692107, 'alpha_trade_quality': 0.322327094796348, 'alpha_tp_opportunity': 1.1510633007842093, 'alpha_meta_magnitude': 0.42160614047535283, 'min_n_eff_ratio': 0.3995723373798867, 'max_top1pct': 0.166898559489897}. Best is trial 6 with value: 0.9838103303286504.
[2026-05-22 09:43:32 UTC] CV fold complete | fold=1 seed=42 buckets_scored=1 train_size=18388 valid_size=6000 ic=0.984063 decile_spread=0.629996 pred_mean=0.265017 pred_std=0.243757 valid_ret_mean=0.265011 weighted_valid_ret_mean=0.298756 mem_mb=6615.593750
[2026-05-22 09:43:32 UTC] CV fold complete | fold=2 seed=42 buckets_scored=1 train_size=704 valid_size=6000 ic=0.986955 decile_spread=0.654393 pred_mean=0.267626 pred_std=0.245691 valid_ret_mean=0.267595 weighted_valid_ret_mean=0.304460 mem_mb=6615.593750
[2026-05-22 09:43:32 UTC] CV fold complete | fold=3 seed=42 buckets_scored=1 train_size=7827 valid_size=6000 ic=0.986567 decile_spread=0.689038 pred_mean=0.287301 pred_std=0.252700 valid_ret_mean=0.287295 weighted_valid_ret_mean=0.316850 mem_mb=6615.593750
[2026-05-22 09:43:32 UTC] CV fold complete | fold=4 seed=42 buckets_scored=1 train_size=6207 valid_size=6000 ic=0.979965 decile_spread=0.746499 pred_mean=0.292514 pred_std=0.267470 valid_ret_mean=0.292507 weighted_valid_ret_mean=0.327048 mem_mb=6615.593750
[2026-05-22 09:43:32 UTC] CV fold complete | fold=5 seed=42 buckets_scored=1 train_size=10275 valid_size=6000 ic=0.981445 decile_spread=0.776905 pred_mean=0.308832 pred_std=0.271678 valid_ret_mean=0.308823 weighted_valid_ret_mean=0.341606 mem_mb=6615.593750
[2026-05-22 09:43:32 UTC] CV fold complete | fold=1 seed=123 buckets_scored=1 train_size=18388 valid_size=6000 ic=0.984063 decile_spread=0.629996 pred_mean=0.265017 pred_std=0.243757 valid_ret_mean=0.265011 weighted_valid_ret_mean=0.298756 mem_mb=6615.593750
[2026-05-22 09:43:32 UTC] CV fold complete | fold=2 seed=123 buckets_scored=1 train_size=704 valid_size=6000 ic=0.986955 decile_spread=0.654393 pred_mean=0.267626 pred_std=0.245691 valid_ret_mean=0.267595 weighted_valid_ret_mean=0.304460 mem_mb=6615.593750
[2026-05-22 09:43:32 UTC] CV fold complete | fold=3 seed=123 buckets_scored=1 train_size=7827 valid_size=6000 ic=0.986567 decile_spread=0.689038 pred_mean=0.287301 pred_std=0.252700 valid_ret_mean=0.287295 weighted_valid_ret_mean=0.316850 mem_mb=6615.593750
[2026-05-22 09:43:32 UTC] CV fold complete | fold=4 seed=123 buckets_scored=1 train_size=6207 valid_size=6000 ic=0.979965 decile_spread=0.746499 pred_mean=0.292514 pred_std=0.267470 valid_ret_mean=0.292507 weighted_valid_ret_mean=0.327048 mem_mb=6615.593750
[2026-05-22 09:43:32 UTC] CV fold complete | fold=5 seed=123 buckets_scored=1 train_size=10275 valid_size=6000 ic=0.981445 decile_spread=0.776905 pred_mean=0.308832 pred_std=0.271678 valid_ret_mean=0.308823 weighted_valid_ret_mean=0.341606 mem_mb=6615.593750
[2026-05-22 09:43:32 UTC] Objective evaluated | n_eff=22077.116159 n_eff_ratio=0.735904 top1pct_share=0.040540 ic_mean=0.983799 ic_std=0.000000 decile_spread_mean=0.699366 objective=0.983799 weighted_return_mean=0.315245 mem_mb=6615.593750
[2026-05-22 09:43:32 UTC] Optuna trial | trial=13 score=0.983799 n_eff=22077.116159 n_eff_ratio=0.735904 top1pct_weight_share=0.040540 weighted_return_mean=0.315245 weight_std=0.561027 mem_mb=6615.593750
