[I 2026-05-22 12:52:56,944] Trial 32 finished with value: 4.705320171266794 and parameters: {'sl_mult': 3.5, 'adverse_exit_min_mae_sl_frac': 0.55, 'capital_protect_mfe_mult': 1.0, 'capital_protect_regression_frac': 0.7000000000000001, 'adverse_exit_min_speed': 1.2000000000000002, 'adverse_exit_theta_quantile': 0.65}. Best is trial 26 with value: 4.745561606343836.
[I 2026-05-22 12:52:57,010] Trial 33 finished with value: 4.621998356282711 and parameters: {'sl_mult': 3.5, 'adverse_exit_min_mae_sl_frac': 0.7, 'capital_protect_mfe_mult': 0.9, 'capital_protect_regression_frac': 0.65, 'adverse_exit_min_speed': 1.1, 'adverse_exit_theta_quantile': 0.75}. Best is trial 26 with value: 4.745561606343836.
[I 2026-05-22 12:52:57,074] Trial 34 finished with value: 4.317521745176054 and parameters: {'sl_mult': 3.0, 'adverse_exit_min_mae_sl_frac': 0.35000000000000003, 'capital_protect_mfe_mult': 2.7, 'capital_protect_regression_frac': 0.7000000000000001, 'adverse_exit_min_speed': 1.2000000000000002, 'adverse_exit_theta_quantile': 0.6}. Best is trial 26 with value: 4.745561606343836.
[I 2026-05-22 12:52:57,137] Trial 35 finished with value: 4.690094811609015 and parameters: {'sl_mult': 3.3000000000000003, 'adverse_exit_min_mae_sl_frac': 0.6000000000000001, 'capital_protect_mfe_mult': 2.4000000000000004, 'capital_protect_regression_frac': 0.8, 'adverse_exit_min_speed': 1.4000000000000001, 'adverse_exit_theta_quantile': 0.65}. Best is trial 26 with value: 4.745561606343836.
[I 2026-05-22 12:52:57,202] Trial 36 finished with value: 4.448926817579195 and parameters: {'sl_mult': 3.1, 'adverse_exit_min_mae_sl_frac': 0.6000000000000001, 'capital_protect_mfe_mult': 2.5, 'capital_protect_regression_frac': 0.7000000000000001, 'adverse_exit_min_speed': 1.4000000000000001, 'adverse_exit_theta_quantile': 0.7}. Best is trial 26 with value: 4.745561606343836.
[I 2026-05-22 12:52:57,266] Trial 37 finished with value: 4.280373930255882 and parameters: {'sl_mult': 2.8000000000000003, 'adverse_exit_min_mae_sl_frac': 0.65, 'capital_protect_mfe_mult': 2.3000000000000003, 'capital_protect_regression_frac': 0.6000000000000001, 'adverse_exit_min_speed': 1.5, 'adverse_exit_theta_quantile': 0.55}. Best is trial 26 with value: 4.745561606343836.
[I 2026-05-22 12:52:57,331] Trial 38 finished with value: 3.8887186222709715 and parameters: {'sl_mult': 2.2, 'adverse_exit_min_mae_sl_frac': 0.65, 'capital_protect_mfe_mult': 1.0, 'capital_protect_regression_frac': 0.4, 'adverse_exit_min_speed': 1.0, 'adverse_exit_theta_quantile': 0.75}. Best is trial 26 with value: 4.745561606343836.
[I 2026-05-22 12:52:57,393] Trial 39 finished with value: 3.848349675023928 and parameters: {'sl_mult': 1.5, 'adverse_exit_min_mae_sl_frac': 0.6000000000000001, 'capital_protect_mfe_mult': 2.8000000000000003, 'capital_protect_regression_frac': 0.15000000000000002, 'adverse_exit_min_speed': 1.2000000000000002, 'adverse_exit_theta_quantile': 0.65}. Best is trial 26 with value: 4.745561606343836.
[I 2026-05-22 12:52:57,454] Trial 40 finished with value: 4.089200072176754 and parameters: {'sl_mult': 0.5, 'adverse_exit_min_mae_sl_frac': 0.7, 'capital_protect_mfe_mult': 0.7000000000000001, 'capital_protect_regression_frac': 0.55, 'adverse_exit_min_speed': 0.7000000000000001, 'adverse_exit_theta_quantile': 0.5}. Best is trial 26 with value: 4.745561606343836.
[I 2026-05-22 12:52:57,518] Trial 41 finished with value: 4.647014921111986 and parameters: {'sl_mult': 3.3000000000000003, 'adverse_exit_min_mae_sl_frac': 0.5, 'capital_protect_mfe_mult': 2.5, 'capital_protect_regression_frac': 0.8, 'adverse_exit_min_speed': 1.4000000000000001, 'adverse_exit_theta_quantile': 0.65}. Best is trial 26 with value: 4.745561606343836.
[I 2026-05-22 12:52:57,583] Trial 42 finished with value: 4.702002713037655 and parameters: {'sl_mult': 3.4000000000000004, 'adverse_exit_min_mae_sl_frac': 0.55, 'capital_protect_mfe_mult': 2.2, 'capital_protect_regression_frac': 0.8, 'adverse_exit_min_speed': 1.1, 'adverse_exit_theta_quantile': 0.7}. Best is trial 26 with value: 4.745561606343836.
[I 2026-05-22 12:52:57,651] Trial 43 finished with value: 4.631952214217745 and parameters: {'sl_mult': 3.5, 'adverse_exit_min_mae_sl_frac': 0.55, 'capital_protect_mfe_mult': 0.2, 'capital_protect_regression_frac': 0.8, 'adverse_exit_min_speed': 1.1, 'adverse_exit_theta_quantile': 0.7}. Best is trial 26 with value: 4.745561606343836.
[I 2026-05-22 12:52:57,717] Trial 44 finished with value: 4.7593811507802455 and parameters: {'sl_mult': 3.4000000000000004, 'adverse_exit_min_mae_sl_frac': 0.6000000000000001, 'capital_protect_mfe_mult': 2.3000000000000003, 'capital_protect_regression_frac': 1.0, 'adverse_exit_min_speed': 0.9, 'adverse_exit_theta_quantile': 0.8500000000000001}. Best is trial 44 with value: 4.7593811507802455.
[I 2026-05-22 12:52:57,787] Trial 45 finished with value: 4.750433200551197 and parameters: {'sl_mult': 3.4000000000000004, 'adverse_exit_min_mae_sl_frac': 0.45, 'capital_protect_mfe_mult': 1.5, 'capital_protect_regression_frac': 1.0, 'adverse_exit_min_speed': 0.9, 'adverse_exit_theta_quantile': 0.8500000000000001}. Best is trial 44 with value: 4.7593811507802455.
[I 2026-05-22 12:52:57,850] Trial 46 finished with value: 4.408211642713286 and parameters: {'sl_mult': 3.0, 'adverse_exit_min_mae_sl_frac': 0.35000000000000003, 'capital_protect_mfe_mult': 1.4000000000000001, 'capital_protect_regression_frac': 1.0, 'adverse_exit_min_speed': 0.9, 'adverse_exit_theta_quantile': 0.8500000000000001}. Best is trial 44 with value: 4.7593811507802455.
[I 2026-05-22 12:52:57,914] Trial 47 finished with value: 4.75059354538098 and parameters: {'sl_mult': 3.5, 'adverse_exit_min_mae_sl_frac': 0.45, 'capital_protect_mfe_mult': 1.7000000000000002, 'capital_protect_regression_frac': 1.0, 'adverse_exit_min_speed': 0.5, 'adverse_exit_theta_quantile': 0.9}. Best is trial 44 with value: 4.7593811507802455.
[I 2026-05-22 12:52:57,978] Trial 48 finished with value: 4.4926417745882645 and parameters: {'sl_mult': 3.1, 'adverse_exit_min_mae_sl_frac': 0.4, 'capital_protect_mfe_mult': 1.6, 'capital_protect_regression_frac': 1.0, 'adverse_exit_min_speed': 0.4, 'adverse_exit_theta_quantile': 0.9}. Best is trial 44 with value: 4.7593811507802455.
[I 2026-05-22 12:52:58,150] Trial 49 finished with value: 4.709995893342421 and parameters: {'sl_mult': 3.4000000000000004, 'adverse_exit_min_mae_sl_frac': 0.30000000000000004, 'capital_protect_mfe_mult': 1.8, 'capital_protect_regression_frac': 0.9500000000000001, 'adverse_exit_min_speed': 0.30000000000000004, 'adverse_exit_theta_quantile': 0.8500000000000001}. Best is trial 44 with value: 4.7593811507802455.
[I 2026-05-22 12:52:58,213] Trial 50 finished with value: 4.230334352771751 and parameters: {'sl_mult': 1.0, 'adverse_exit_min_mae_sl_frac': 0.45, 'capital_protect_mfe_mult': 1.5, 'capital_protect_regression_frac': 0.9, 'adverse_exit_min_speed': 0.7000000000000001, 'adverse_exit_theta_quantile': 0.8}. Best is trial 44 with value: 4.7593811507802455.
[I 2026-05-22 12:52:58,279] Trial 51 finished with value: 4.684342754632235 and parameters: {'sl_mult': 3.4000000000000004, 'adverse_exit_min_mae_sl_frac': 0.25, 'capital_protect_mfe_mult': 1.8, 'capital_protect_regression_frac': 1.0, 'adverse_exit_min_speed': 0.2, 'adverse_exit_theta_quantile': 0.8500000000000001}. Best is trial 44 with value: 4.7593811507802455.
[I 2026-05-22 12:52:58,346] Trial 52 finished with value: 4.557686659670435 and parameters: {'sl_mult': 3.2, 'adverse_exit_min_mae_sl_frac': 0.30000000000000004, 'capital_protect_mfe_mult': 1.7000000000000002, 'capital_protect_regression_frac': 0.9500000000000001, 'adverse_exit_min_speed': 0.4, 'adverse_exit_theta_quantile': 0.9}. Best is trial 44 with value: 4.7593811507802455.
[I 2026-05-22 12:52:58,411] Trial 53 finished with value: 4.684528523636982 and parameters: {'sl_mult': 3.4000000000000004, 'adverse_exit_min_mae_sl_frac': 0.25, 'capital_protect_mfe_mult': 1.9000000000000001, 'capital_protect_regression_frac': 0.9, 'adverse_exit_min_speed': 0.30000000000000004, 'adverse_exit_theta_quantile': 0.8500000000000001}. Best is trial 44 with value: 4.7593811507802455.
[I 2026-05-22 12:52:58,475] Trial 54 finished with value: 4.456767696398311 and parameters: {'sl_mult': 2.9000000000000004, 'adverse_exit_min_mae_sl_frac': 0.4, 'capital_protect_mfe_mult': 2.1, 'capital_protect_regression_frac': 1.0, 'adverse_exit_min_speed': 0.5, 'adverse_exit_theta_quantile': 0.9}. Best is trial 44 with value: 4.7593811507802455.
[I 2026-05-22 12:52:58,538] Trial 55 finished with value: 4.6362848035991195 and parameters: {'sl_mult': 3.4000000000000004, 'adverse_exit_min_mae_sl_frac': 0.30000000000000004, 'capital_protect_mfe_mult': 1.9000000000000001, 'capital_protect_regression_frac': 0.9, 'adverse_exit_min_speed': 0.2, 'adverse_exit_theta_quantile': 0.8}. Best is trial 44 with value: 4.7593811507802455.
[I 2026-05-22 12:52:58,602] Trial 56 finished with value: 4.6160970601951705 and parameters: {'sl_mult': 3.2, 'adverse_exit_min_mae_sl_frac': 0.45, 'capital_protect_mfe_mult': 1.6, 'capital_protect_regression_frac': 0.9500000000000001, 'adverse_exit_min_speed': 0.5, 'adverse_exit_theta_quantile': 0.95}. Best is trial 44 with value: 4.7593811507802455.
[I 2026-05-22 12:52:58,665] Trial 57 finished with value: 4.837632736656815 and parameters: {'sl_mult': 3.5, 'adverse_exit_min_mae_sl_frac': 0.5, 'capital_protect_mfe_mult': 2.3000000000000003, 'capital_protect_regression_frac': 0.9500000000000001, 'adverse_exit_min_speed': 0.1, 'adverse_exit_theta_quantile': 0.8500000000000001}. Best is trial 57 with value: 4.837632736656815.
[I 2026-05-22 12:52:58,727] Trial 58 finished with value: 4.769117253366858 and parameters: {'sl_mult': 3.5, 'adverse_exit_min_mae_sl_frac': 0.5, 'capital_protect_mfe_mult': 2.4000000000000004, 'capital_protect_regression_frac': 1.0, 'adverse_exit_min_speed': 0.1, 'adverse_exit_theta_quantile': 0.9}. Best is trial 57 with value: 4.837632736656815.
[I 2026-05-22 12:52:58,790] Trial 59 finished with value: 4.632579923770391 and parameters: {'sl_mult': 3.2, 'adverse_exit_min_mae_sl_frac': 0.5, 'capital_protect_mfe_mult': 2.3000000000000003, 'capital_protect_regression_frac': 1.0, 'adverse_exit_min_speed': 0.1, 'adverse_exit_theta_quantile': 0.8500000000000001}. Best is trial 57 with value: 4.837632736656815.
[I 2026-05-22 12:52:58,852] Trial 60 finished with value: 4.4450000655604525 and parameters: {'sl_mult': 2.7, 'adverse_exit_min_mae_sl_frac': 0.5, 'capital_protect_mfe_mult': 2.0, 'capital_protect_regression_frac': 0.9, 'adverse_exit_min_speed': 0.1, 'adverse_exit_theta_quantile': 0.95}. Best is trial 57 with value: 4.837632736656815.
[I 2026-05-22 12:52:58,915] Trial 61 finished with value: 4.802295471727848 and parameters: {'sl_mult': 3.5, 'adverse_exit_min_mae_sl_frac': 0.45, 'capital_protect_mfe_mult': 2.5, 'capital_protect_regression_frac': 0.9500000000000001, 'adverse_exit_min_speed': 0.9, 'adverse_exit_theta_quantile': 0.9}. Best is trial 57 with value: 4.837632736656815.
[I 2026-05-22 12:52:58,976] Trial 62 finished with value: 4.802295471727848 and parameters: {'sl_mult': 3.5, 'adverse_exit_min_mae_sl_frac': 0.45, 'capital_protect_mfe_mult': 2.6, 'capital_protect_regression_frac': 1.0, 'adverse_exit_min_speed': 0.9, 'adverse_exit_theta_quantile': 0.9}. Best is trial 57 with value: 4.837632736656815.
[I 2026-05-22 12:52:59,038] Trial 63 finished with value: 4.802295471727848 and parameters: {'sl_mult': 3.5, 'adverse_exit_min_mae_sl_frac': 0.45, 'capital_protect_mfe_mult': 2.9000000000000004, 'capital_protect_regression_frac': 1.0, 'adverse_exit_min_speed': 0.9, 'adverse_exit_theta_quantile': 0.9}. Best is trial 57 with value: 4.837632736656815.
[I 2026-05-22 12:52:59,099] Trial 64 finished with value: 4.824949137121439 and parameters: {'sl_mult': 3.5, 'adverse_exit_min_mae_sl_frac': 0.45, 'capital_protect_mfe_mult': 3.0, 'capital_protect_regression_frac': 0.9500000000000001, 'adverse_exit_min_speed': 0.8, 'adverse_exit_theta_quantile': 0.9}. Best is trial 57 with value: 4.837632736656815.
[I 2026-05-22 12:52:59,161] Trial 65 finished with value: 4.61675745358225 and parameters: {'sl_mult': 3.2, 'adverse_exit_min_mae_sl_frac': 0.4, 'capital_protect_mfe_mult': 2.9000000000000004, 'capital_protect_regression_frac': 0.9500000000000001, 'adverse_exit_min_speed': 0.8, 'adverse_exit_theta_quantile': 0.9}. Best is trial 57 with value: 4.837632736656815.
[I 2026-05-22 12:52:59,223] Trial 66 finished with value: 4.7239050136413425 and parameters: {'sl_mult': 3.3000000000000003, 'adverse_exit_min_mae_sl_frac': 0.5, 'capital_protect_mfe_mult': 3.0, 'capital_protect_regression_frac': 0.9500000000000001, 'adverse_exit_min_speed': 1.0, 'adverse_exit_theta_quantile': 0.95}. Best is trial 57 with value: 4.837632736656815.
[I 2026-05-22 12:52:59,284] Trial 67 finished with value: 4.48968183058314 and parameters: {'sl_mult': 3.1, 'adverse_exit_min_mae_sl_frac': 0.35000000000000003, 'capital_protect_mfe_mult': 2.8000000000000003, 'capital_protect_regression_frac': 0.9, 'adverse_exit_min_speed': 0.8, 'adverse_exit_theta_quantile': 0.9}. Best is trial 57 with value: 4.837632736656815.
[I 2026-05-22 12:52:59,345] Trial 68 finished with value: 4.3316330799367275 and parameters: {'sl_mult': 3.0, 'adverse_exit_min_mae_sl_frac': 0.4, 'capital_protect_mfe_mult': 2.7, 'capital_protect_regression_frac': 0.8500000000000001, 'adverse_exit_min_speed': 0.9, 'adverse_exit_theta_quantile': 0.9}. Best is trial 57 with value: 4.837632736656815.
[I 2026-05-22 12:52:59,406] Trial 69 finished with value: 4.763813548814506 and parameters: {'sl_mult': 3.5, 'adverse_exit_min_mae_sl_frac': 0.5, 'capital_protect_mfe_mult': 2.9000000000000004, 'capital_protect_regression_frac': 0.9500000000000001, 'adverse_exit_min_speed': 0.9, 'adverse_exit_theta_quantile': 0.95}. Best is trial 57 with value: 4.837632736656815.
[I 2026-05-22 12:52:59,467] Trial 70 finished with value: 4.768766510393471 and parameters: {'sl_mult': 3.5, 'adverse_exit_min_mae_sl_frac': 0.5, 'capital_protect_mfe_mult': 2.9000000000000004, 'capital_protect_regression_frac': 0.9500000000000001, 'adverse_exit_min_speed': 0.7000000000000001, 'adverse_exit_theta_quantile': 0.95}. Best is trial 57 with value: 4.837632736656815.
[I 2026-05-22 12:52:59,528] Trial 71 finished with value: 4.768766510393471 and parameters: {'sl_mult': 3.5, 'adverse_exit_min_mae_sl_frac': 0.5, 'capital_protect_mfe_mult': 2.9000000000000004, 'capital_protect_regression_frac': 0.9500000000000001, 'adverse_exit_min_speed': 0.7000000000000001, 'adverse_exit_theta_quantile': 0.95}. Best is trial 57 with value: 4.837632736656815.
[I 2026-05-22 12:52:59,590] Trial 72 finished with value: 4.7252723255660385 and parameters: {'sl_mult': 3.3000000000000003, 'adverse_exit_min_mae_sl_frac': 0.45, 'capital_protect_mfe_mult': 2.6, 'capital_protect_regression_frac': 0.9, 'adverse_exit_min_speed': 0.7000000000000001, 'adverse_exit_theta_quantile': 0.95}. Best is trial 57 with value: 4.837632736656815.
[I 2026-05-22 12:52:59,651] Trial 73 finished with value: 4.790833044052124 and parameters: {'sl_mult': 3.5, 'adverse_exit_min_mae_sl_frac': 0.5, 'capital_protect_mfe_mult': 2.8000000000000003, 'capital_protect_regression_frac': 0.9500000000000001, 'adverse_exit_min_speed': 0.6, 'adverse_exit_theta_quantile': 0.95}. Best is trial 57 with value: 4.837632736656815.
[I 2026-05-22 12:52:59,710] Trial 74 finished with value: 4.213712179055437 and parameters: {'sl_mult': 2.0, 'adverse_exit_min_mae_sl_frac': 0.45, 'capital_protect_mfe_mult': 2.6, 'capital_protect_regression_frac': 0.8500000000000001, 'adverse_exit_min_speed': 0.8, 'adverse_exit_theta_quantile': 0.9}. Best is trial 57 with value: 4.837632736656815.
[I 2026-05-22 12:52:59,772] Trial 75 finished with value: 4.696143006486818 and parameters: {'sl_mult': 3.3000000000000003, 'adverse_exit_min_mae_sl_frac': 0.5, 'capital_protect_mfe_mult': 2.8000000000000003, 'capital_protect_regression_frac': 0.9, 'adverse_exit_min_speed': 0.6, 'adverse_exit_theta_quantile': 0.9}. Best is trial 57 with value: 4.837632736656815.
[I 2026-05-22 12:52:59,936] Trial 76 finished with value: 4.430009163939394 and parameters: {'sl_mult': 3.5, 'adverse_exit_min_mae_sl_frac': 0.45, 'capital_protect_mfe_mult': 3.0, 'capital_protect_regression_frac': 0.2, 'adverse_exit_min_speed': 0.8, 'adverse_exit_theta_quantile': 0.95}. Best is trial 57 with value: 4.837632736656815.
[I 2026-05-22 12:52:59,997] Trial 77 finished with value: 4.601700526918284 and parameters: {'sl_mult': 3.2, 'adverse_exit_min_mae_sl_frac': 0.45, 'capital_protect_mfe_mult': 2.8000000000000003, 'capital_protect_regression_frac': 0.8500000000000001, 'adverse_exit_min_speed': 1.0, 'adverse_exit_theta_quantile': 0.95}. Best is trial 57 with value: 4.837632736656815.
[I 2026-05-22 12:53:00,058] Trial 78 finished with value: 4.8239113702904435 and parameters: {'sl_mult': 3.4000000000000004, 'adverse_exit_min_mae_sl_frac': 0.4, 'capital_protect_mfe_mult': 2.5, 'capital_protect_regression_frac': 0.9500000000000001, 'adverse_exit_min_speed': 0.2, 'adverse_exit_theta_quantile': 0.9}. Best is trial 57 with value: 4.837632736656815.
[I 2026-05-22 12:53:00,120] Trial 79 finished with value: 4.72050516824238 and parameters: {'sl_mult': 3.3000000000000003, 'adverse_exit_min_mae_sl_frac': 0.4, 'capital_protect_mfe_mult': 2.6, 'capital_protect_regression_frac': 1.0, 'adverse_exit_min_speed': 0.2, 'adverse_exit_theta_quantile': 0.9}. Best is trial 57 with value: 4.837632736656815.
[I 2026-05-22 12:53:00,182] Trial 80 finished with value: 4.8239113702904435 and parameters: {'sl_mult': 3.4000000000000004, 'adverse_exit_min_mae_sl_frac': 0.4, 'capital_protect_mfe_mult': 2.4000000000000004, 'capital_protect_regression_frac': 0.9500000000000001, 'adverse_exit_min_speed': 0.1, 'adverse_exit_theta_quantile': 0.9}. Best is trial 57 with value: 4.837632736656815.
[I 2026-05-22 12:53:00,244] Trial 81 finished with value: 4.8239113702904435 and parameters: {'sl_mult': 3.4000000000000004, 'adverse_exit_min_mae_sl_frac': 0.4, 'capital_protect_mfe_mult': 2.4000000000000004, 'capital_protect_regression_frac': 0.9500000000000001, 'adverse_exit_min_speed': 0.1, 'adverse_exit_theta_quantile': 0.9}. Best is trial 57 with value: 4.837632736656815.
[I 2026-05-22 12:53:00,306] Trial 82 finished with value: 4.8239113702904435 and parameters: {'sl_mult': 3.4000000000000004, 'adverse_exit_min_mae_sl_frac': 0.4, 'capital_protect_mfe_mult': 2.7, 'capital_protect_regression_frac': 0.9, 'adverse_exit_min_speed': 0.1, 'adverse_exit_theta_quantile': 0.9}. Best is trial 57 with value: 4.837632736656815.
[I 2026-05-22 12:53:00,368] Trial 83 finished with value: 4.772388184024021 and parameters: {'sl_mult': 3.4000000000000004, 'adverse_exit_min_mae_sl_frac': 0.4, 'capital_protect_mfe_mult': 2.5, 'capital_protect_regression_frac': 0.9, 'adverse_exit_min_speed': 0.2, 'adverse_exit_theta_quantile': 0.8500000000000001}. Best is trial 57 with value: 4.837632736656815.
[I 2026-05-22 12:53:00,429] Trial 84 finished with value: 4.520306773367338 and parameters: {'sl_mult': 3.1, 'adverse_exit_min_mae_sl_frac': 0.35000000000000003, 'capital_protect_mfe_mult': 2.7, 'capital_protect_regression_frac': 0.9500000000000001, 'adverse_exit_min_speed': 0.1, 'adverse_exit_theta_quantile': 0.9}. Best is trial 57 with value: 4.837632736656815.
[I 2026-05-22 12:53:00,522] Trial 85 finished with value: 4.8239113702904435 and parameters: {'sl_mult': 3.4000000000000004, 'adverse_exit_min_mae_sl_frac': 0.4, 'capital_protect_mfe_mult': 2.5, 'capital_protect_regression_frac': 0.8500000000000001, 'adverse_exit_min_speed': 0.30000000000000004, 'adverse_exit_theta_quantile': 0.9}. Best is trial 57 with value: 4.837632736656815.
[I 2026-05-22 12:53:00,589] Trial 86 finished with value: 4.772388184024021 and parameters: {'sl_mult': 3.4000000000000004, 'adverse_exit_min_mae_sl_frac': 0.4, 'capital_protect_mfe_mult': 2.5, 'capital_protect_regression_frac': 0.8500000000000001, 'adverse_exit_min_speed': 0.30000000000000004, 'adverse_exit_theta_quantile': 0.8500000000000001}. Best is trial 57 with value: 4.837632736656815.
[I 2026-05-22 12:53:00,654] Trial 87 finished with value: 4.4088479685364295 and parameters: {'sl_mult': 2.9000000000000004, 'adverse_exit_min_mae_sl_frac': 0.35000000000000003, 'capital_protect_mfe_mult': 2.2, 'capital_protect_regression_frac': 0.75, 'adverse_exit_min_speed': 0.1, 'adverse_exit_theta_quantile': 0.9}. Best is trial 57 with value: 4.837632736656815.
[I 2026-05-22 12:53:00,720] Trial 88 finished with value: 4.672677775425837 and parameters: {'sl_mult': 3.3000000000000003, 'adverse_exit_min_mae_sl_frac': 0.4, 'capital_protect_mfe_mult': 2.4000000000000004, 'capital_protect_regression_frac': 0.8500000000000001, 'adverse_exit_min_speed': 0.2, 'adverse_exit_theta_quantile': 0.8500000000000001}. Best is trial 57 with value: 4.837632736656815.
[I 2026-05-22 12:53:00,784] Trial 89 finished with value: 3.8094605458900332 and parameters: {'sl_mult': 1.7000000000000002, 'adverse_exit_min_mae_sl_frac': 0.35000000000000003, 'capital_protect_mfe_mult': 2.3000000000000003, 'capital_protect_regression_frac': 0.0, 'adverse_exit_min_speed': 0.1, 'adverse_exit_theta_quantile': 0.9}. Best is trial 57 with value: 4.837632736656815.
[I 2026-05-22 12:53:00,851] Trial 90 finished with value: 4.542238303623162 and parameters: {'sl_mult': 3.2, 'adverse_exit_min_mae_sl_frac': 0.4, 'capital_protect_mfe_mult': 2.7, 'capital_protect_regression_frac': 0.9, 'adverse_exit_min_speed': 0.2, 'adverse_exit_theta_quantile': 0.8}. Best is trial 57 with value: 4.837632736656815.
[I 2026-05-22 12:53:00,923] Trial 91 finished with value: 4.85580350230448 and parameters: {'sl_mult': 3.4000000000000004, 'adverse_exit_min_mae_sl_frac': 0.45, 'capital_protect_mfe_mult': 2.6, 'capital_protect_regression_frac': 0.9500000000000001, 'adverse_exit_min_speed': 0.1, 'adverse_exit_theta_quantile': 0.9}. Best is trial 91 with value: 4.85580350230448.
