[I 2026-05-22 12:34:28,175] Trial 20 finished with value: 0.6930874701516891 and parameters: {'max_depth': 6, 'subsample': 0.6250512347025095, 'reg_alpha': 0.1348641724314685, 'reg_lambda': 5.277549725034665, 'min_child_samples_pct': 0.02875871090609863, 'min_child_weight': 35.585176301120256, 'min_split_gain': 0.0016499330075343392, 'colsample_bytree': 0.6760344848778567}. Best is trial 12 with value: 0.704347370814035.
[2026-05-22 10:34:28 UTC] LGBM HPO trial 21 fold 1/3 started: train_rows=6666, valid_rows=3334, depth=6.
[2026-05-22 10:34:32 UTC] LGBM HPO trial 21 fold 1/3 complete: partial_J=0.6972, elapsed=4.0s.
[2026-05-22 10:34:32 UTC] LGBM HPO trial 21 fold 2/3 started: train_rows=6667, valid_rows=3333, depth=6.
[2026-05-22 10:34:36 UTC] LGBM HPO trial 21 fold 2/3 complete: partial_J=0.6963, elapsed=4.1s.
[2026-05-22 10:34:36 UTC] LGBM HPO trial 21 fold 3/3 started: train_rows=6667, valid_rows=3333, depth=6.
[2026-05-22 10:34:40 UTC] LGBM HPO trial 21 fold 3/3 complete: partial_J=0.6950, elapsed=3.8s.
[2026-05-22 10:34:40 UTC] LGBM HPO trial 21 complete: J=0.6950, raw_J=0.6979, elapsed=11.9s.
[I 2026-05-22 12:34:40,061] Trial 21 finished with value: 0.6949531242497305 and parameters: {'max_depth': 6, 'subsample': 0.6614952225172672, 'reg_alpha': 0.10365227315621954, 'reg_lambda': 6.580217813551415, 'min_child_samples_pct': 0.022802255600996114, 'min_child_weight': 27.246590654157192, 'min_split_gain': 0.014669588568388901, 'colsample_bytree': 0.6029469243488176}. Best is trial 12 with value: 0.704347370814035.
[2026-05-22 10:34:40 UTC] LGBM HPO trial 22 fold 1/3 started: train_rows=6666, valid_rows=3334, depth=6.
[2026-05-22 10:34:44 UTC] LGBM HPO trial 22 fold 1/3 complete: partial_J=0.7043, elapsed=4.0s.
[2026-05-22 10:34:44 UTC] LGBM HPO trial 22 fold 2/3 started: train_rows=6667, valid_rows=3333, depth=6.
[2026-05-22 10:34:47 UTC] LGBM HPO trial 22 fold 2/3 complete: partial_J=0.6899, elapsed=3.9s.
[2026-05-22 10:34:47 UTC] LGBM HPO trial 22 fold 3/3 started: train_rows=6667, valid_rows=3333, depth=6.
[2026-05-22 10:34:51 UTC] LGBM HPO trial 22 fold 3/3 complete: partial_J=0.6811, elapsed=3.9s.
[2026-05-22 10:34:51 UTC] LGBM HPO trial 22 complete: J=0.6811, raw_J=0.6839, elapsed=11.8s.
[I 2026-05-22 12:34:51,830] Trial 22 finished with value: 0.6811196720515452 and parameters: {'max_depth': 6, 'subsample': 0.6730340549591918, 'reg_alpha': 0.1004481550338879, 'reg_lambda': 12.283771285895476, 'min_child_samples_pct': 0.023380043077321715, 'min_child_weight': 25.423831334577212, 'min_split_gain': 0.029412980554473778, 'colsample_bytree': 0.6003073510054366}. Best is trial 12 with value: 0.704347370814035.
[2026-05-22 10:34:51 UTC] LGBM HPO trial 23 fold 1/3 started: train_rows=6666, valid_rows=3334, depth=6.
[2026-05-22 10:34:56 UTC] LGBM HPO trial 23 fold 1/3 complete: partial_J=0.7174, elapsed=4.3s.
[2026-05-22 10:34:56 UTC] LGBM HPO trial 23 fold 2/3 started: train_rows=6667, valid_rows=3333, depth=6.
[2026-05-22 10:35:00 UTC] LGBM HPO trial 23 fold 2/3 complete: partial_J=0.7166, elapsed=4.3s.
[2026-05-22 10:35:00 UTC] LGBM HPO trial 23 fold 3/3 started: train_rows=6667, valid_rows=3333, depth=6.
[2026-05-22 10:35:04 UTC] LGBM HPO trial 23 fold 3/3 complete: partial_J=0.7107, elapsed=4.3s.
[2026-05-22 10:35:04 UTC] LGBM HPO trial 23 complete: J=0.7107, raw_J=0.7133, elapsed=12.9s.
[I 2026-05-22 12:35:04,747] Trial 23 finished with value: 0.7107048882271293 and parameters: {'max_depth': 6, 'subsample': 0.6962354499517722, 'reg_alpha': 0.2275249031809315, 'reg_lambda': 7.563632667702125, 'min_child_samples_pct': 0.02050741225733702, 'min_child_weight': 31.28271650385695, 'min_split_gain': 0.011505535289664321, 'colsample_bytree': 0.6272839222485352}. Best is trial 23 with value: 0.7107048882271293.
[2026-05-22 10:35:04 UTC] LGBM HPO trial 24 fold 1/3 started: train_rows=6666, valid_rows=3334, depth=5.
[2026-05-22 10:35:07 UTC] LGBM HPO trial 24 fold 1/3 complete: partial_J=0.6900, elapsed=3.1s.
[2026-05-22 10:35:07 UTC] LGBM HPO trial 24 fold 2/3 started: train_rows=6667, valid_rows=3333, depth=5.
[2026-05-22 10:35:10 UTC] LGBM HPO trial 24 fold 2/3 complete: partial_J=0.6892, elapsed=3.1s.
[2026-05-22 10:35:10 UTC] LGBM HPO trial 24 fold 3/3 started: train_rows=6667, valid_rows=3333, depth=5.
[2026-05-22 10:35:14 UTC] LGBM HPO trial 24 fold 3/3 complete: partial_J=0.6850, elapsed=3.2s.
[2026-05-22 10:35:14 UTC] LGBM HPO trial 24 complete: J=0.6850, raw_J=0.6880, elapsed=9.3s.
[I 2026-05-22 12:35:14,096] Trial 24 finished with value: 0.6850172405992472 and parameters: {'max_depth': 5, 'subsample': 0.6944777321168104, 'reg_alpha': 0.2149115698239399, 'reg_lambda': 8.083903170205312, 'min_child_samples_pct': 0.026790357476550994, 'min_child_weight': 31.685751268039436, 'min_split_gain': 0.019576002401860897, 'colsample_bytree': 0.6324192881450359}. Best is trial 23 with value: 0.7107048882271293.
[2026-05-22 10:35:14 UTC] LGBM HPO trial 25 fold 1/3 started: train_rows=6666, valid_rows=3334, depth=6.
[2026-05-22 10:35:18 UTC] LGBM HPO trial 25 fold 1/3 complete: partial_J=0.7140, elapsed=3.9s.
[2026-05-22 10:35:18 UTC] LGBM HPO trial 25 fold 2/3 started: train_rows=6667, valid_rows=3333, depth=6.
[2026-05-22 10:35:22 UTC] LGBM HPO trial 25 fold 2/3 complete: partial_J=0.7079, elapsed=4.1s.
[2026-05-22 10:35:22 UTC] LGBM HPO trial 25 fold 3/3 started: train_rows=6667, valid_rows=3333, depth=6.
[2026-05-22 10:35:26 UTC] LGBM HPO trial 25 fold 3/3 complete: partial_J=0.6985, elapsed=4.1s.
[2026-05-22 10:35:26 UTC] LGBM HPO trial 25 complete: J=0.6985, raw_J=0.7011, elapsed=12.2s.
[I 2026-05-22 12:35:26,289] Trial 25 finished with value: 0.6984987233639244 and parameters: {'max_depth': 6, 'subsample': 0.712382161410721, 'reg_alpha': 0.4849436559703069, 'reg_lambda': 5.068476198850915, 'min_child_samples_pct': 0.023230956272120476, 'min_child_weight': 23.51533572388213, 'min_split_gain': 0.009120486431491421, 'colsample_bytree': 0.6212595323480807}. Best is trial 23 with value: 0.7107048882271293.
[2026-05-22 10:35:26 UTC] LGBM HPO trial 26 fold 1/3 started: train_rows=6666, valid_rows=3334, depth=5.
[2026-05-22 10:35:29 UTC] LGBM HPO trial 26 fold 1/3 complete: partial_J=0.6892, elapsed=2.8s.
[2026-05-22 10:35:29 UTC] LGBM HPO trial 26 fold 2/3 started: train_rows=6667, valid_rows=3333, depth=5.
[2026-05-22 10:35:32 UTC] LGBM HPO trial 26 fold 2/3 complete: partial_J=0.6676, elapsed=3.0s.
[2026-05-22 10:35:32 UTC] LGBM HPO trial 26 fold 3/3 started: train_rows=6667, valid_rows=3333, depth=5.
[2026-05-22 10:35:35 UTC] LGBM HPO trial 26 fold 3/3 complete: partial_J=0.6660, elapsed=3.0s.
[2026-05-22 10:35:35 UTC] LGBM HPO trial 26 complete: J=0.6660, raw_J=0.6695, elapsed=8.8s.
[I 2026-05-22 12:35:35,089] Trial 26 finished with value: 0.6660165402898109 and parameters: {'max_depth': 5, 'subsample': 0.6880812913313966, 'reg_alpha': 0.3015489015312641, 'reg_lambda': 13.037038514529254, 'min_child_samples_pct': 0.03216912844885479, 'min_child_weight': 37.87532597890403, 'min_split_gain': 0.020311719065703077, 'colsample_bytree': 0.6161390918651046}. Best is trial 23 with value: 0.7107048882271293.
[2026-05-22 10:35:35 UTC] LGBM HPO trial 27 fold 1/3 started: train_rows=6666, valid_rows=3334, depth=6.
[2026-05-22 10:35:37 UTC] LGBM HPO trial 27 fold 1/3 complete: partial_J=0.6669, elapsed=2.1s.
[2026-05-22 10:35:37 UTC] LGBM HPO trial 27 fold 2/3 started: train_rows=6667, valid_rows=3333, depth=6.
[2026-05-22 10:35:39 UTC] LGBM HPO trial 27 fold 2/3 complete: partial_J=0.6595, elapsed=2.1s.
[2026-05-22 10:35:39 UTC] LGBM HPO trial 27 pruned at fold 2/3 (partial_J=0.6595).
[I 2026-05-22 12:35:39,344] Trial 27 pruned. 
[2026-05-22 10:35:39 UTC] LGBM HPO trial 28 fold 1/3 started: train_rows=6666, valid_rows=3334, depth=6.
[2026-05-22 10:35:43 UTC] LGBM HPO trial 28 fold 1/3 complete: partial_J=0.7014, elapsed=3.9s.
[2026-05-22 10:35:43 UTC] LGBM HPO trial 28 fold 2/3 started: train_rows=6667, valid_rows=3333, depth=6.
[2026-05-22 10:35:46 UTC] LGBM HPO trial 28 fold 2/3 complete: partial_J=0.6841, elapsed=3.7s.
[2026-05-22 10:35:46 UTC] LGBM HPO trial 28 fold 3/3 started: train_rows=6667, valid_rows=3333, depth=6.
[2026-05-22 10:35:49 UTC] LGBM HPO trial 28 fold 3/3 complete: partial_J=0.6692, elapsed=2.7s.
[2026-05-22 10:35:49 UTC] LGBM HPO trial 28 complete: J=0.6692, raw_J=0.6720, elapsed=10.2s.
[I 2026-05-22 12:35:49,559] Trial 28 finished with value: 0.669208436520181 and parameters: {'max_depth': 6, 'subsample': 0.6210977414956677, 'reg_alpha': 0.19031863517389172, 'reg_lambda': 3.59147075141054, 'min_child_samples_pct': 0.022379998443549577, 'min_child_weight': 45.152080870822886, 'min_split_gain': 0.0052068913156234, 'colsample_bytree': 0.6293550547021053}. Best is trial 23 with value: 0.7107048882271293.
[2026-05-22 10:35:49 UTC] LGBM HPO trial 29 fold 1/3 started: train_rows=6666, valid_rows=3334, depth=4.
[2026-05-22 10:35:52 UTC] LGBM HPO trial 29 fold 1/3 complete: partial_J=0.6999, elapsed=2.4s.
[2026-05-22 10:35:52 UTC] LGBM HPO trial 29 fold 2/3 started: train_rows=6667, valid_rows=3333, depth=4.
[2026-05-22 10:35:54 UTC] LGBM HPO trial 29 fold 2/3 complete: partial_J=0.6767, elapsed=2.4s.
[2026-05-22 10:35:54 UTC] LGBM HPO trial 29 fold 3/3 started: train_rows=6667, valid_rows=3333, depth=4.
[2026-05-22 10:35:56 UTC] LGBM HPO trial 29 fold 3/3 complete: partial_J=0.6621, elapsed=2.4s.
[2026-05-22 10:35:56 UTC] LGBM HPO trial 29 complete: J=0.6621, raw_J=0.6658, elapsed=7.3s.
[I 2026-05-22 12:35:56,832] Trial 29 finished with value: 0.6621262328937303 and parameters: {'max_depth': 4, 'subsample': 0.7186665277525942, 'reg_alpha': 1.3158525429090784, 'reg_lambda': 7.712927896303888, 'min_child_samples_pct': 0.030051530898353364, 'min_child_weight': 35.5122356893354, 'min_split_gain': 0.0121012206990252, 'colsample_bytree': 0.6456302287207705}. Best is trial 23 with value: 0.7107048882271293.
[2026-05-22 10:35:56 UTC] LGBM HPO trial 30 fold 1/3 started: train_rows=6666, valid_rows=3334, depth=5.
[2026-05-22 10:35:59 UTC] LGBM HPO trial 30 fold 1/3 complete: partial_J=0.7103, elapsed=3.1s.
[2026-05-22 10:35:59 UTC] LGBM HPO trial 30 fold 2/3 started: train_rows=6667, valid_rows=3333, depth=5.
[2026-05-22 10:36:02 UTC] LGBM HPO trial 30 fold 2/3 complete: partial_J=0.6849, elapsed=3.1s.
[2026-05-22 10:36:02 UTC] LGBM HPO trial 30 fold 3/3 started: train_rows=6667, valid_rows=3333, depth=5.
[2026-05-22 10:36:06 UTC] LGBM HPO trial 30 fold 3/3 complete: partial_J=0.6757, elapsed=3.2s.
[2026-05-22 10:36:06 UTC] LGBM HPO trial 30 complete: J=0.6757, raw_J=0.6790, elapsed=9.4s.
[I 2026-05-22 12:36:06,248] Trial 30 finished with value: 0.6757094891918429 and parameters: {'max_depth': 5, 'subsample': 0.664671013190028, 'reg_alpha': 0.2518633067206338, 'reg_lambda': 13.911669284768541, 'min_child_samples_pct': 0.02611236330595485, 'min_child_weight': 23.60422918338115, 'min_split_gain': 0.00012717934934305714, 'colsample_bytree': 0.6368592912660938}. Best is trial 23 with value: 0.7107048882271293.
[2026-05-22 10:36:06 UTC] LGBM HPO trial 31 fold 1/3 started: train_rows=6666, valid_rows=3334, depth=6.
[2026-05-22 10:36:10 UTC] LGBM HPO trial 31 fold 1/3 complete: partial_J=0.7131, elapsed=3.9s.
[2026-05-22 10:36:10 UTC] LGBM HPO trial 31 fold 2/3 started: train_rows=6667, valid_rows=3333, depth=6.
[2026-05-22 10:36:14 UTC] LGBM HPO trial 31 fold 2/3 complete: partial_J=0.7036, elapsed=4.2s.
[2026-05-22 10:36:14 UTC] LGBM HPO trial 31 fold 3/3 started: train_rows=6667, valid_rows=3333, depth=6.
[2026-05-22 10:36:18 UTC] LGBM HPO trial 31 fold 3/3 complete: partial_J=0.6932, elapsed=3.9s.
[2026-05-22 10:36:18 UTC] LGBM HPO trial 31 complete: J=0.6932, raw_J=0.6960, elapsed=12.0s.
[I 2026-05-22 12:36:18,267] Trial 31 finished with value: 0.6932292756002355 and parameters: {'max_depth': 6, 'subsample': 0.6426211521993638, 'reg_alpha': 0.15038822724049355, 'reg_lambda': 6.5861641292747395, 'min_child_samples_pct': 0.02113175928601915, 'min_child_weight': 28.21183219938164, 'min_split_gain': 0.012601206693263495, 'colsample_bytree': 0.6099161668903141}. Best is trial 23 with value: 0.7107048882271293.
[2026-05-22 10:36:18 UTC] LGBM HPO trial 32 fold 1/3 started: train_rows=6666, valid_rows=3334, depth=6.
[2026-05-22 10:36:22 UTC] LGBM HPO trial 32 fold 1/3 complete: partial_J=0.7211, elapsed=4.1s.
[2026-05-22 10:36:22 UTC] LGBM HPO trial 32 fold 2/3 started: train_rows=6667, valid_rows=3333, depth=6.
[2026-05-22 10:36:26 UTC] LGBM HPO trial 32 fold 2/3 complete: partial_J=0.7151, elapsed=4.3s.
[2026-05-22 10:36:26 UTC] LGBM HPO trial 32 fold 3/3 started: train_rows=6667, valid_rows=3333, depth=6.
[2026-05-22 10:36:30 UTC] LGBM HPO trial 32 fold 3/3 complete: partial_J=0.7055, elapsed=4.1s.
[2026-05-22 10:36:30 UTC] LGBM HPO trial 32 complete: J=0.7055, raw_J=0.7083, elapsed=12.6s.
[I 2026-05-22 12:36:30,835] Trial 32 finished with value: 0.7054506421485276 and parameters: {'max_depth': 6, 'subsample': 0.6669374954128535, 'reg_alpha': 0.13140094126136478, 'reg_lambda': 5.625566850845631, 'min_child_samples_pct': 0.02018427737934156, 'min_child_weight': 28.911792438265, 'min_split_gain': 0.02080187330582807, 'colsample_bytree': 0.6023898611219265}. Best is trial 23 with value: 0.7107048882271293.
[2026-05-22 10:36:30 UTC] LGBM HPO trial 33 fold 1/3 started: train_rows=6666, valid_rows=3334, depth=6.
[2026-05-22 10:36:34 UTC] LGBM HPO trial 33 fold 1/3 complete: partial_J=0.7027, elapsed=3.9s.
[2026-05-22 10:36:34 UTC] LGBM HPO trial 33 fold 2/3 started: train_rows=6667, valid_rows=3333, depth=6.
[2026-05-22 10:36:38 UTC] LGBM HPO trial 33 fold 2/3 complete: partial_J=0.6944, elapsed=3.8s.
[2026-05-22 10:36:38 UTC] LGBM HPO trial 33 fold 3/3 started: train_rows=6667, valid_rows=3333, depth=6.
[2026-05-22 10:36:42 UTC] LGBM HPO trial 33 fold 3/3 complete: partial_J=0.6924, elapsed=3.9s.
[2026-05-22 10:36:42 UTC] LGBM HPO trial 33 complete: J=0.6924, raw_J=0.6954, elapsed=11.6s.
[I 2026-05-22 12:36:42,426] Trial 33 finished with value: 0.6923978153518476 and parameters: {'max_depth': 6, 'subsample': 0.6856389410676373, 'reg_alpha': 0.397571205676356, 'reg_lambda': 5.813994543654625, 'min_child_samples_pct': 0.0240240867959782, 'min_child_weight': 33.7981287781095, 'min_split_gain': 0.02377622021890583, 'colsample_bytree': 0.613697583822858}. Best is trial 23 with value: 0.7107048882271293.
[2026-05-22 10:36:42 UTC] LGBM HPO trial 34 fold 1/3 started: train_rows=6666, valid_rows=3334, depth=6.
[2026-05-22 10:36:45 UTC] LGBM HPO trial 34 fold 1/3 complete: partial_J=0.6913, elapsed=3.5s.
[2026-05-22 10:36:45 UTC] LGBM HPO trial 34 fold 2/3 started: train_rows=6667, valid_rows=3333, depth=6.
[2026-05-22 10:36:49 UTC] LGBM HPO trial 34 fold 2/3 complete: partial_J=0.6879, elapsed=3.3s.
[2026-05-22 10:36:49 UTC] LGBM HPO trial 34 fold 3/3 started: train_rows=6667, valid_rows=3333, depth=6.
[2026-05-22 10:36:52 UTC] LGBM HPO trial 34 fold 3/3 complete: partial_J=0.6819, elapsed=3.4s.
[2026-05-22 10:36:52 UTC] LGBM HPO trial 34 complete: J=0.6819, raw_J=0.6850, elapsed=10.2s.
[I 2026-05-22 12:36:52,641] Trial 34 finished with value: 0.6819286163826781 and parameters: {'max_depth': 6, 'subsample': 0.6141623540997565, 'reg_alpha': 0.1326572263364105, 'reg_lambda': 19.79066985067324, 'min_child_samples_pct': 0.02779498929685293, 'min_child_weight': 20.155517694776393, 'min_split_gain': 0.01765530576812719, 'colsample_bytree': 0.6399755628473623}. Best is trial 23 with value: 0.7107048882271293.
[2026-05-22 10:36:52 UTC] LGBM HPO trial 35 fold 1/3 started: train_rows=6666, valid_rows=3334, depth=3.
[2026-05-22 10:36:54 UTC] LGBM HPO trial 35 fold 1/3 complete: partial_J=0.6727, elapsed=1.9s.
[2026-05-22 10:36:54 UTC] LGBM HPO trial 35 fold 2/3 started: train_rows=6667, valid_rows=3333, depth=3.
[2026-05-22 10:36:56 UTC] LGBM HPO trial 35 fold 2/3 complete: partial_J=0.6588, elapsed=1.7s.
[2026-05-22 10:36:56 UTC] LGBM HPO trial 35 pruned at fold 2/3 (partial_J=0.6588).
[I 2026-05-22 12:36:56,277] Trial 35 pruned. 
[2026-05-22 10:36:56 UTC] LGBM HPO trial 36 fold 1/3 started: train_rows=6666, valid_rows=3334, depth=5.
[2026-05-22 10:36:59 UTC] LGBM HPO trial 36 fold 1/3 complete: partial_J=0.7121, elapsed=3.2s.
[2026-05-22 10:36:59 UTC] LGBM HPO trial 36 fold 2/3 started: train_rows=6667, valid_rows=3333, depth=5.
[2026-05-22 10:37:02 UTC] LGBM HPO trial 36 fold 2/3 complete: partial_J=0.6933, elapsed=3.4s.
[2026-05-22 10:37:02 UTC] LGBM HPO trial 36 fold 3/3 started: train_rows=6667, valid_rows=3333, depth=5.
[2026-05-22 10:37:06 UTC] LGBM HPO trial 36 fold 3/3 complete: partial_J=0.6850, elapsed=3.4s.
[2026-05-22 10:37:06 UTC] LGBM HPO trial 36 complete: J=0.6850, raw_J=0.6880, elapsed=10.1s.
[I 2026-05-22 12:37:06,354] Trial 36 finished with value: 0.6849502083975914 and parameters: {'max_depth': 5, 'subsample': 0.6731137618426158, 'reg_alpha': 0.17290898612700806, 'reg_lambda': 5.615723823362482, 'min_child_samples_pct': 0.021581677132132195, 'min_child_weight': 29.657640184930713, 'min_split_gain': 0.002211376703906609, 'colsample_bytree': 0.626466247033523}. Best is trial 23 with value: 0.7107048882271293.
[2026-05-22 10:37:06 UTC] LGBM HPO trial 37 fold 1/3 started: train_rows=6666, valid_rows=3334, depth=6.
[2026-05-22 10:37:09 UTC] LGBM HPO trial 37 fold 1/3 complete: partial_J=0.6855, elapsed=2.9s.
[2026-05-22 10:37:09 UTC] LGBM HPO trial 37 fold 2/3 started: train_rows=6667, valid_rows=3333, depth=6.
[2026-05-22 10:37:12 UTC] LGBM HPO trial 37 fold 2/3 complete: partial_J=0.6767, elapsed=3.1s.
[2026-05-22 10:37:12 UTC] LGBM HPO trial 37 fold 3/3 started: train_rows=6667, valid_rows=3333, depth=6.
[2026-05-22 10:37:15 UTC] LGBM HPO trial 37 fold 3/3 complete: partial_J=0.6669, elapsed=3.0s.
[2026-05-22 10:37:15 UTC] LGBM HPO trial 37 complete: J=0.6669, raw_J=0.6704, elapsed=9.0s.
[I 2026-05-22 12:37:15,389] Trial 37 finished with value: 0.666913952175439 and parameters: {'max_depth': 6, 'subsample': 0.728267486243138, 'reg_alpha': 0.12538204938305247, 'reg_lambda': 8.522400906237547, 'min_child_samples_pct': 0.0403942025363622, 'min_child_weight': 61.24673760265253, 'min_split_gain': 0.006271752717766428, 'colsample_bytree': 0.6619586999512614}. Best is trial 23 with value: 0.7107048882271293.
[2026-05-22 10:37:15 UTC] LGBM HPO trial 38 fold 1/3 started: train_rows=6666, valid_rows=3334, depth=4.
[2026-05-22 10:37:17 UTC] LGBM HPO trial 38 fold 1/3 complete: partial_J=0.6808, elapsed=2.0s.
[2026-05-22 10:37:17 UTC] LGBM HPO trial 38 fold 2/3 started: train_rows=6667, valid_rows=3333, depth=4.
[2026-05-22 10:37:19 UTC] LGBM HPO trial 38 fold 2/3 complete: partial_J=0.6670, elapsed=2.3s.
[2026-05-22 10:37:19 UTC] LGBM HPO trial 38 fold 3/3 started: train_rows=6667, valid_rows=3333, depth=4.
[2026-05-22 10:37:22 UTC] LGBM HPO trial 38 fold 3/3 complete: partial_J=0.6585, elapsed=2.4s.
[2026-05-22 10:37:22 UTC] LGBM HPO trial 38 complete: J=0.6585, raw_J=0.6623, elapsed=6.7s.
[I 2026-05-22 12:37:22,125] Trial 38 finished with value: 0.6584957635087073 and parameters: {'max_depth': 4, 'subsample': 0.6513769371743694, 'reg_alpha': 0.24813200935557989, 'reg_lambda': 4.651145783407001, 'min_child_samples_pct': 0.025993619072720624, 'min_child_weight': 68.90456974229784, 'min_split_gain': 0.009079529770599195, 'colsample_bytree': 0.6101643034733552}. Best is trial 23 with value: 0.7107048882271293.
[2026-05-22 10:37:22 UTC] LGBM HPO trial 39 fold 1/3 started: train_rows=6666, valid_rows=3334, depth=5.
[2026-05-22 10:37:24 UTC] LGBM HPO trial 39 fold 1/3 complete: partial_J=0.6815, elapsed=2.8s.
[2026-05-22 10:37:24 UTC] LGBM HPO trial 39 fold 2/3 started: train_rows=6667, valid_rows=3333, depth=5.
[2026-05-22 10:37:27 UTC] LGBM HPO trial 39 fold 2/3 complete: partial_J=0.6704, elapsed=2.8s.
[2026-05-22 10:37:27 UTC] LGBM HPO trial 39 fold 3/3 started: train_rows=6667, valid_rows=3333, depth=5.
[2026-05-22 10:37:29 UTC] LGBM HPO trial 39 fold 3/3 complete: partial_J=0.6639, elapsed=1.7s.
[2026-05-22 10:37:29 UTC] LGBM HPO trial 39 complete: J=0.6639, raw_J=0.6674, elapsed=7.2s.
[I 2026-05-22 12:37:29,321] Trial 39 finished with value: 0.6639450460310058 and parameters: {'max_depth': 5, 'subsample': 0.6365493429910188, 'reg_alpha': 0.45780005892587905, 'reg_lambda': 3.452372677930892, 'min_child_samples_pct': 0.03278223803961604, 'min_child_weight': 37.94364369780989, 'min_split_gain': 0.015940780277535756, 'colsample_bytree': 0.7592853129489169}. Best is trial 23 with value: 0.7107048882271293.
[2026-05-22 10:37:29 UTC] LGBM HPO trial 40 fold 1/3 started: train_rows=6666, valid_rows=3334, depth=5.
[2026-05-22 10:37:32 UTC] LGBM HPO trial 40 fold 1/3 complete: partial_J=0.6910, elapsed=2.8s.
[2026-05-22 10:37:32 UTC] LGBM HPO trial 40 fold 2/3 started: train_rows=6667, valid_rows=3333, depth=5.
[2026-05-22 10:37:35 UTC] LGBM HPO trial 40 fold 2/3 complete: partial_J=0.6701, elapsed=2.9s.
[2026-05-22 10:37:35 UTC] LGBM HPO trial 40 fold 3/3 started: train_rows=6667, valid_rows=3333, depth=5.
[2026-05-22 10:37:38 UTC] LGBM HPO trial 40 fold 3/3 complete: partial_J=0.6812, elapsed=3.0s.
[2026-05-22 10:37:38 UTC] LGBM HPO trial 40 complete: J=0.6812, raw_J=0.6844, elapsed=8.7s.
