[I 2026-05-22 12:10:31,393] Trial 79 finished with value: 0.5921687727969067 and parameters: {'max_depth': 3, 'subsample': 0.7584847788556902, 'reg_alpha': 0.8443515657239727, 'reg_lambda': 3.2661990290173857, 'min_child_samples_pct': 0.04430524792679679, 'min_child_weight': 48.3556515530639, 'min_split_gain': 0.0010942240129203746, 'colsample_bytree': 0.7351183630224016}. Best is trial 75 with value: 0.594177163016645.
[2026-05-22 10:10:31 UTC] LGBM HPO complete: best_trial=75, value=0.5942, completed=80, elapsed=147.9s, params={"boosting_type": "gbdt", "colsample_bytree": 0.7120850992612004, "learning_rate": 0.02, "max_bin": 63, "max_depth": 3, "min_child_samples": 450, "min_child_weight": 59.30540644803557, "min_split_gain": 0.003910806068067883, "n_estimators": 514, "n_jobs": 3, "num_leaves": 8, "objective": "binary", "random_state": 364, "reg_alpha": 0.13088627216191048, "reg_lambda": 9.864101392068854, "subsample": 0.7478820266161611, "subsample_freq": 1, "verbosity": -1}
[2026-05-22 10:10:31 UTC] LGBM OOF CV started: rows=385501, features=71, splits=3.
[2026-05-22 10:10:31 UTC] LGBM OOF CV fold 1/3 started: train_rows=257000, valid_rows=128501.
[2026-05-22 10:10:38 UTC] LGBM OOF CV fold 1/3 complete: elapsed=7.2s.
[2026-05-22 10:10:38 UTC] LGBM OOF CV fold 2/3 started: train_rows=257001, valid_rows=128500.
[2026-05-22 10:10:46 UTC] LGBM OOF CV fold 2/3 complete: elapsed=7.4s.
[2026-05-22 10:10:46 UTC] LGBM OOF CV fold 3/3 started: train_rows=257001, valid_rows=128500.
[2026-05-22 10:10:53 UTC] LGBM OOF CV fold 3/3 complete: elapsed=7.7s.
[2026-05-22 10:10:53 UTC] LGBM OOF CV complete in 22.5s.
[2026-05-22 10:10:54 UTC] LGBM OOF distilled weights final pass 1/2 in 22.6s, ess=293061.4.
[2026-05-22 10:10:54 UTC] LGBM OOF CV started: rows=385501, features=71, splits=3.
[2026-05-22 10:10:54 UTC] LGBM OOF CV fold 1/3 started: train_rows=257000, valid_rows=128501.
[2026-05-22 10:11:01 UTC] LGBM OOF CV fold 1/3 complete: elapsed=7.6s.
[2026-05-22 10:11:01 UTC] LGBM OOF CV fold 2/3 started: train_rows=257001, valid_rows=128500.
[2026-05-22 10:11:09 UTC] LGBM OOF CV fold 2/3 complete: elapsed=7.7s.
[2026-05-22 10:11:09 UTC] LGBM OOF CV fold 3/3 started: train_rows=257001, valid_rows=128500.
[2026-05-22 10:11:17 UTC] LGBM OOF CV fold 3/3 complete: elapsed=7.8s.
[2026-05-22 10:11:17 UTC] LGBM OOF CV complete in 23.3s.
[2026-05-22 10:11:17 UTC] LGBM OOF distilled weights final pass 2/2 in 23.4s, ess=292839.5.
[2026-05-22 10:11:19 UTC] LGBM final model 1/3 started: rows=385501, features=71, sequential_distill=yes.
[2026-05-22 10:11:27 UTC] LGBM final model 1/3 fitted on 385501 rows in 8.4s; updated all-row sequential weights ess=232297.8.
[2026-05-22 10:11:27 UTC] LGBM final model 2/3 started: rows=385501, features=71, sequential_distill=yes.
[2026-05-22 10:11:36 UTC] LGBM final model 2/3 fitted on 385501 rows in 8.3s; updated all-row sequential weights ess=231985.7.
[2026-05-22 10:11:36 UTC] LGBM final model 3/3 started: rows=385501, features=71, sequential_distill=yes.
[2026-05-22 10:11:44 UTC] LGBM final model 3/3 fitted on 385501 rows in 8.3s; updated all-row sequential weights ess=231912.1.
[2026-05-22 10:11:44 UTC] LGBM final OOF/meta CV started: rows=385501, features=71, splits=3.
[2026-05-22 10:11:44 UTC] LGBM final OOF/meta fold 1/3 started: train_rows=257000, valid_rows=128501.
[2026-05-22 10:12:36 UTC] LGBM final OOF/meta fold 1/3 complete: elapsed=52.0s.
[2026-05-22 10:12:36 UTC] LGBM final OOF/meta fold 2/3 started: train_rows=257001, valid_rows=128500.
[2026-05-22 10:13:29 UTC] LGBM final OOF/meta fold 2/3 complete: elapsed=53.0s.
[2026-05-22 10:13:29 UTC] LGBM final OOF/meta fold 3/3 started: train_rows=257001, valid_rows=128500.
[2026-05-22 10:14:25 UTC] LGBM final OOF/meta fold 3/3 complete: elapsed=55.4s.
[2026-05-22 10:14:25 UTC] LGBM final OOF/meta CV complete in 161.0s.
[2026-05-22 10:14:31 UTC] LGBM stage metric comparison (candidate/prune -> fit_oof -> post-distill)
[2026-05-22 10:14:31 UTC] Metric                        |     Cand/prune |        Fit OOF |   Post-distill
[2026-05-22 10:14:31 UTC] --------------------------------------------------------------------------------
[2026-05-22 10:14:31 UTC] J_final                       |         0.6321 |         0.6508 |         0.6443
[2026-05-22 10:14:31 UTC] J_meta                        |         0.5664 |         0.6136 |         0.5982
[2026-05-22 10:14:31 UTC] J_base                        |         0.6321 |         0.6508 |         0.6443
[2026-05-22 10:14:31 UTC] J_Score                       |         0.6321 |         0.6508 |         0.6443
[2026-05-22 10:14:31 UTC] base_target_frac              |         0.3000 |         0.3000 |         0.3000
[2026-05-22 10:14:31 UTC] meta_target_frac              |         0.1500 |         0.1500 |         0.1500
[2026-05-22 10:14:31 UTC] base_salg                     |         0.8343 |         0.8739 |         0.8556
[2026-05-22 10:14:31 UTC] meta_salg                     |         0.6990 |         0.8012 |         0.7682
[2026-05-22 10:14:31 UTC] base_normalized_salg          |         0.5562 |         0.5826 |         0.5704
[2026-05-22 10:14:31 UTC] meta_normalized_salg          |         0.4660 |         0.5341 |         0.5121
[2026-05-22 10:14:31 UTC] base_precision_blend          |         0.0275 |         0.0190 |         0.0203
[2026-05-22 10:14:31 UTC] meta_precision_blend          |         0.0087 |         0.0046 |         0.0053
[2026-05-22 10:14:31 UTC] base_rank_bucket_monotonicity |         0.9674 |         0.9738 |         0.9780
[2026-05-22 10:14:31 UTC] meta_rank_bucket_monotonicity |         0.9367 |         0.9455 |         0.9418
[2026-05-22 10:14:31 UTC] base_stability                |         0.7895 |         0.8370 |         0.8169
[2026-05-22 10:14:31 UTC] meta_stability                |         0.6686 |         0.7821 |         0.7464
[2026-05-22 10:14:31 UTC] salg20                        |         0.7655 |         0.8300 |         0.8127
[2026-05-22 10:14:31 UTC] normalized_salg20             |         0.5103 |         0.5533 |         0.5418
[2026-05-22 10:14:31 UTC] precision_blend_top10_20_30   |         0.0275 |         0.0190 |         0.0203
[2026-05-22 10:14:31 UTC] precision10_norm              |         0.0038 |         0.0000 |         0.0001
[2026-05-22 10:14:31 UTC] precision20_norm              |         0.0434 |         0.0291 |         0.0313
[2026-05-22 10:14:31 UTC] precision30_norm              |         0.0431 |         0.0355 |         0.0372
[2026-05-22 10:14:31 UTC] lift20                        |         1.1188 |         1.0795 |         1.0857
[2026-05-22 10:14:31 UTC] stability20                   |         0.7203 |         0.7998 |         0.7802
[2026-05-22 10:14:31 UTC] rank_bucket_monotonicity      |         0.9442 |         0.9608 |         0.9620
[2026-05-22 10:14:31 UTC] ndcg_at_20                    |         0.6060 |         0.5964 |         0.6011
[2026-05-22 10:14:31 UTC] auc                           |         0.5373 |         0.5306 |         0.5323
[2026-05-22 10:14:31 UTC] brier                         |         0.2682 |         0.2680 |         0.2636
[2026-05-22 10:14:31 UTC] LGBM full fit done: J=0.6443, features=71, elapsed=390.7s.
[2026-05-22 10:14:31 UTC] Model Race [loc_ema_stack_pos_24_0_43357179_compression_ratio_-0_33411601_mkt_ret_eq_24h_1_1280091_mkt_ret_eq_24h_-0_81129736_up_down_semivol_ratio_tanh_-0_39156261]: full-data fit complete.
[2026-05-22 10:14:31 UTC] Model Race [loc_ema_stack_pos_24_0_43357179_compression_ratio_-0_33411601_mkt_ret_eq_24h_1_1280091_mkt_ret_eq_24h_-0_81129736_up_down_semivol_ratio_tanh_-0_39156261]: using lgbm_pipeline as best_model (J_Score=0.6443, race_J_Score=0.6321, AUC=0.5323, lift30=1.102, oof_full=385501/385501, stage_oof={'lgbm_select': 120000, 'hpo': 10000, 'fit_oof': 255501})
[2026-05-22 10:14:32 UTC] Base reg head [train_loc_ema_stack_pos_24_0_43357179_compression_ratio_-0_33411601_mkt_ret_eq_24h_1_1280091_mkt_ret_eq_24h_-0_81129736_up_down_semivol_ratio_tanh_-0_39156261_10]: skipped; train_base is configured for EBMOnLGBM classifier-only training.
[2026-05-22 10:14:33 UTC] Finished short loc_ema_stack_pos_24_0_43357179_compression_ratio_-0_33411601_mkt_ret_eq_24h_1_1280091_mkt_ret_eq_24h_-0_81129736_up_down_semivol_ratio_tanh_-0_39156261 H=10: Winner=lgbm_pipeline, Score=0.6443, RcAUC=0.5323, OOF_AUC=0.6411, RcIC=0.0956, RcBSS=0.0000, OOF_Brier=0.2315, OOF_BSS=0.0640
[2026-05-22 10:14:33 UTC]   OOF probs [post-cal]: mean=0.5020, std=0.1181, min=0.2694, max=0.9913
[2026-05-22 10:14:33 UTC]   OOF Brier=0.2315, prev=0.4485, BSS=0.0640
[2026-05-22 10:14:33 UTC]   OOF-return correlation: 0.1975
[2026-05-22 10:14:33 UTC]   Calibration: mean_pred=0.5020 vs actual_rate=0.4485
[2026-05-22 10:14:48 UTC]   AlphaPrec@10=0.6948 AlphaPrec@30=0.5815 AvgTrades/Day@10=49.62 AvgTrades/Day@30=148.84
[2026-05-22 10:14:48 UTC]   Alpha calibration: ECE@10=0.0311 profile=overconfident
[2026-05-22 10:14:49 UTC]   Per-regime BSS/AUC/Brier (6 dimensions):
[2026-05-22 10:14:49 UTC]     vol_12h: low(n=0): BSS=0.000 BSS_g=0.000 AUC=0.500 Brier=0.0000 | mid(n=385501): BSS=0.064 BSS_g=0.064 AUC=0.641 Brier=0.2315 | high(n=0): BSS=0.000 BSS_g=0.000 AUC=0.500 Brier=0.0000
[2026-05-22 10:14:49 UTC]     vol_48h: low(n=0): BSS=0.000 BSS_g=0.000 AUC=0.500 Brier=0.0000 | mid(n=385501): BSS=0.064 BSS_g=0.064 AUC=0.641 Brier=0.2315 | high(n=0): BSS=0.000 BSS_g=0.000 AUC=0.500 Brier=0.0000
[2026-05-22 10:14:49 UTC]     volume_12h: low(n=0): BSS=0.000 BSS_g=0.000 AUC=0.500 Brier=0.0000 | mid(n=385501): BSS=0.064 BSS_g=0.064 AUC=0.641 Brier=0.2315 | high(n=0): BSS=0.000 BSS_g=0.000 AUC=0.500 Brier=0.0000
[2026-05-22 10:14:49 UTC]     volume_48h: low(n=0): BSS=0.000 BSS_g=0.000 AUC=0.500 Brier=0.0000 | mid(n=385501): BSS=0.064 BSS_g=0.064 AUC=0.641 Brier=0.2315 | high(n=0): BSS=0.000 BSS_g=0.000 AUC=0.500 Brier=0.0000
[2026-05-22 10:14:49 UTC]     trend_12h: low(n=0): BSS=0.000 BSS_g=0.000 AUC=0.500 Brier=0.0000 | mid(n=385501): BSS=0.064 BSS_g=0.064 AUC=0.641 Brier=0.2315 | high(n=0): BSS=0.000 BSS_g=0.000 AUC=0.500 Brier=0.0000
[2026-05-22 10:14:49 UTC]     trend_48h: low(n=0): BSS=0.000 BSS_g=0.000 AUC=0.500 Brier=0.0000 | mid(n=385501): BSS=0.064 BSS_g=0.064 AUC=0.641 Brier=0.2315 | high(n=0): BSS=0.000 BSS_g=0.000 AUC=0.500 Brier=0.0000
[2026-05-22 10:14:58 UTC]   Base economic gate (short/loc_ema_stack_pos_24_0_43357179_compression_ratio_-0_33411601_mkt_ret_eq_24h_1_1280091_mkt_ret_eq_24h_-0_81129736_up_down_semivol_ratio_tanh_-0_39156261/H=10): top30 mean_ret=0.341721 pass=True
[2026-05-22 10:14:58 UTC]   short_loc_ema_stack_pos_24_0_43357179_compression_ratio_-0_33411601_mkt_ret_eq_24h_1_1280091_mkt_ret_eq_24h_-0_81129736_up_down_semivol_ratio_tanh_-0_39156261: Deploying 1 horizons: [10] (primary H=10)
[2026-05-22 10:14:59 UTC]   Saved base OOF stage coverage for loc_ema_stack_pos_24_0_43357179_compression_ratio_-0_33411601_mkt_ret_eq_24h_1_1280091_mkt_ret_eq_24h_-0_81129736_up_down_semivol_ratio_tanh_-0_39156261 H10: fit_oof=255501, lgbm_select=120000, hpo=10000
[2026-05-22 10:14:59 UTC]   Base OOF export for loc_ema_stack_pos_24_0_43357179_compression_ratio_-0_33411601_mkt_ret_eq_24h_1_1280091_mkt_ret_eq_24h_-0_81129736_up_down_semivol_ratio_tanh_-0_39156261 H10: full-frame coverage 385501/385501 (100.0%).
[2026-05-22 10:14:59 UTC]   Base OOF provenance for loc_ema_stack_pos_24_0_43357179_compression_ratio_-0_33411601_mkt_ret_eq_24h_1_1280091_mkt_ret_eq_24h_-0_81129736_up_down_semivol_ratio_tanh_-0_39156261 H10: distillation_passes=2, final_fit_used_all_rows=True
[2026-05-22 10:15:02 UTC]   short_loc_ema_stack_pos_24_0_43357179_compression_ratio_-0_33411601_mkt_ret_eq_24h_1_1280091_mkt_ret_eq_24h_-0_81129736_up_down_semivol_ratio_tanh_-0_39156261 H=10: Bootstrap CV(Prec@20)=0.005
[2026-05-22 10:15:02 UTC] Base models intermediate saved to /Users/remyroche/Documents/Ares/data_perp_policy_rollout_feature_selector_experiment_v3/rollout_off_new_perp/artifacts/20260522_101002/base_models_intermediate.pkl
[2026-05-22 10:15:02 UTC] Base/meta compatibility contract written to /Users/remyroche/Documents/Ares/data_perp_policy_rollout_feature_selector_experiment_v3/rollout_off_new_perp/artifacts/20260522_101002/base_meta_contract.json
[2026-05-22 10:15:02 UTC] 
=== Stage Gate Report: Alpha Models (Classifiers) ===
[2026-05-22 10:15:02 UTC]                                                                                                                                                              Model  passed  PR_AUC  Brier_Imp   Lift_k  CV_Prec_k
short_loc_ema_stack_pos_24_0_43357179_compression_ratio_-0_33411601_mkt_ret_eq_24h_1_1280091_mkt_ret_eq_24h_-0_81129736_up_down_semivol_ratio_tanh_-0_39156261_H10   False  0.2765  -0.344562 1.086469   0.004787
[2026-05-22 10:15:02 UTC] 
Alpha Stage: 0/1 passed (need 1).
[2026-05-22 10:15:02 UTC] WARNING: Alpha Stage FAILED (< 1 models passed).
[2026-05-22 10:15:02 UTC] 
=== Stage Gate Report: Meta Models (Quantile) ===
[2026-05-22 10:15:02 UTC] No Meta models evaluated.
[2026-05-22 10:15:02 UTC] 
Meta Stage: 0/0 passed (need 1).
[2026-05-22 10:15:02 UTC] WARNING: Meta Stage FAILED (< 1 models passed).
[2026-05-22 10:15:05 UTC] 
====================================================================================================
[2026-05-22 10:15:05 UTC] MODEL QUALITY REPORT
[2026-05-22 10:15:05 UTC] ====================================================================================================
[2026-05-22 10:15:05 UTC] 
--- BASE MODELS (Race Winners) ---
[2026-05-22 10:15:05 UTC] Model                             RawAUC  CalAUC  IC_bin  IC_ret  LogLoss  PR-AUC  Lift@20  BrierImp     ECE  IC_Stab  Deg
[2026-05-22 10:15:05 UTC] --------------------------------------------------------------------------------------------------------------------------
[2026-05-22 10:15:05 UTC] short_loc_ema_stack_pos_24_0_43357179_compression_ratio_-0_33411601_mkt_ret_eq_24h_1_1280091_mkt_ret_eq_24h_-0_81129736_up_down_semivol_ratio_tanh_-0_39156261_H10:lgbm_pipeline  0.5323  0.5323  0.0495  0.0711   0.7527  0.2765    1.086   -34.5%     nan      nan    N
[2026-05-22 10:15:05 UTC] 
--- BASE MODELS: none ---
[2026-05-22 10:15:05 UTC] 
--- META MODELS (Regressors): none ---
[2026-05-22 10:15:05 UTC] 
--- META MODELS (Move Classifiers): none ---
[2026-05-22 10:15:05 UTC] ====================================================================================================
[2026-05-22 10:15:05 UTC] Entering function: __exit__ in utils.py
[2026-05-22 10:15:05 UTC] END: Model Training (1850.01s)
[2026-05-22 10:15:05 UTC] Legacy EN uncertainty combiner disabled; using in-model EBM EN uncertainty artifacts only.
[2026-05-22 10:15:05 UTC] Saved trained state atomically to /Users/remyroche/Documents/Ares/data_perp_policy_rollout_feature_selector_experiment_v3/rollout_off_new_perp/artifacts/20260522_101002/models/trained_state.pkl
[2026-05-22 10:15:05 UTC] Saved training exchange contract to /Users/remyroche/Documents/Ares/data_perp_policy_rollout_feature_selector_experiment_v3/rollout_off_new_perp/artifacts/20260522_101002/models/training_exchange_contract.json
[2026-05-22 10:15:05 UTC]   short loc_ema_stack_pos_24_0_43357179_compression_ratio_-0_33411601_mkt_ret_eq_24h_1_1280091_mkt_ret_eq_24h_-0_81129736_up_down_semivol_ratio_tanh_-0_39156261: H=10, features=458
[2026-05-22 10:15:05 UTC]   spike_best: NO MODEL
[2026-05-22 10:15:05 UTC]   spike_worst: NO MODEL
[2026-05-22 10:15:05 UTC]   exh_up: NO MODEL
[2026-05-22 10:15:05 UTC]   exh_down: NO MODEL
[2026-05-22 10:15:05 UTC]   meta_models: NONE
[2026-05-22 10:15:05 UTC] WARNING: Failed to generate training report: extreme_price_movements.reports.report_generator is not available
[2026-05-22 10:15:05 UTC] Base training bucket report: None
[2026-05-22 10:15:05 UTC] Meta training bucket report: None
[2026-05-22 10:15:06 UTC] Saved consolidated base OOF: /Users/remyroche/Documents/Ares/data_perp_policy_rollout_feature_selector_experiment_v3/rollout_off_new_perp/artifacts/20260522_101002/oof/base_oof_all.parquet rows=385501 cols=5
[2026-05-22 10:15:06 UTC] STEP: MODEL TRAINING COMPLETE
[2026-05-22 10:15:06 UTC] TRAINING PIPELINE COMPLETE
[2026-05-22 10:15:06 UTC] Created OHLC data for diagnostics from 1INCH/USD:USD
[2026-05-22 10:15:06 UTC] Running breakdown diagnostics...
2026-05-22 12:15:21,385 - matplotlib.category - INFO - ℹ️ Using categorical units to plot a list of strings that are all parsable as floats or dates. If these strings should be plotted as numbers, cast to the appropriate data type before plotting.
2026-05-22 12:15:21,386 - matplotlib.category - INFO - ℹ️ Using categorical units to plot a list of strings that are all parsable as floats or dates. If these strings should be plotted as numbers, cast to the appropriate data type before plotting.
[2026-05-22 10:15:21 UTC] BREAKDOWN DIAGNOSTICS VERDICT:
[2026-05-22 10:15:21 UTC]   policy_profitable_at_any_offset: True
[2026-05-22 10:15:21 UTC]   timing_sensitive: False
[2026-05-22 10:15:21 UTC]   direction_ambiguous: False
[2026-05-22 10:15:21 UTC]   gap_risk_material: False
[2026-05-22 10:15:21 UTC]   cost_sensitivity_high: False
[2026-05-22 10:15:21 UTC] RECOMMENDATIONS:
[2026-05-22 10:15:21 UTC]   policy_profitable_at_any_offset: If false, re-check policy params / optimize overfit under cost stress.
[2026-05-22 10:15:21 UTC] Breakdown diagnostics saved to: /Users/remyroche/Documents/Ares/data_perp_policy_rollout_feature_selector_experiment_v3/rollout_off_new_perp/artifacts/20260522_101002/breakdown_diagnostics/
[2026-05-22 10:15:21 UTC] CACHE[train:end]: skipped cache wipe (mem_avail=10.2GB)
[2026-05-22 10:15:21 UTC] GC[train:end]: collected=15386
verified base intermediate model state: /Users/remyroche/Documents/Ares/data_perp_policy_rollout_feature_selector_experiment_v3/rollout_off_new_perp/artifacts/20260522_101002/base_models_intermediate.pkl
[2026-05-22 10:15:24 UTC] Entering function: retry_with_backoff in utils.py
2026-05-22 12:15:24,770 - DataQualityFramework - INFO - ℹ️ ✅ Comprehensive duplicate analyzer integrated
2026-05-22 12:15:24,771 - DataQualityFramework - INFO - ℹ️ 🔧 Unified Data Quality Framework initialized (singleton)
[2026-05-22 12:15:24.771] PERFORMANCE: DataQualityFramework initialization took 0.000s
2026-05-22 12:15:24,771 - System.tprint - INFO - ℹ️ DataQualityFramework initialization took 0.000s
2026-05-22 12:15:24,972 - ares.registry - INFO - ℹ️ Registered step: data_download
2026-05-22 12:15:24,977 - System.AdvancedQualityMetrics - INFO - ℹ️ 📊 AdvancedQualityMetrics initialized with tolerant parameters
[2026-05-22 12:15:24.977] PERFORMANCE: AdvancedQualityMetrics initialization took 0.000s
2026-05-22 12:15:24,977 - System.tprint - INFO - ℹ️ AdvancedQualityMetrics initialization took 0.000s
2026-05-22 12:15:24,979 - DataCleaner - INFO - ℹ️ Using klines-specific gap thresholds: {<GapType.SMALL: 'small'>: 65, <GapType.MEDIUM: 'medium'>: 300, <GapType.LARGE: 'large'>: 1800, <GapType.CRITICAL: 'critical'>: 3600}
[2026-05-22 12:15:24.979] PERFORMANCE: DataCleaner(klines) initialization took 0.000s
2026-05-22 12:15:24,979 - System.tprint - INFO - ℹ️ DataCleaner(klines) initialization took 0.000s
2026-05-22 12:15:24,979 - DataCleanerManager - INFO - ℹ️ 🔧 DataCleanerManager initialized (singleton)
[2026-05-22 12:15:24.989] DEBUG: 🔧 [features_common.utils] Initializing common utilities module
[2026-05-22 12:15:24.989] SUCCESS: ✅ [features_common.utils] Math validation utilities loaded
2026-05-22 12:15:24,989 - System.tprint - INFO - ℹ️ ✅ [features_common.utils] Math validation utilities loaded
[2026-05-22 12:15:24.989] DEBUG: 🔧 [features_common.utils] Common utilities module initialized
2026-05-22 12:15:27,279 - src.utils.hardware.m1_gpu_utils.M1GPUManager - INFO - ℹ️ M1 GPU Manager initialized - M1: True, Generation: m1, MPS: True
2026-05-22 12:15:27,297 - src.utils.hardware.m1_cpu_optimizer.M1CPUOptimizer - INFO - ℹ️ 🧠 M1 CPU Optimizer initialized for M1 (4P+4E cores)
[2026-05-22 12:15:27.387] DEBUG: 🔧 [transforms] Module initialized with 15 exports
2026-05-22 12:15:27,388 - src.features_common.backward_compatibility - INFO - ℹ️ Backward compatibility ensured for features_common
[2026-05-22 12:15:27.388] DEBUG: 🔧 [optimization] Module initialized with 6 exports
[2026-05-22 12:15:27.388] DEBUG: 🔧 [registry] Module initialized with BaseFeatureRegistry
[2026-05-22 12:15:27.392] DEBUG: 🚀 [features_common] Enhanced module initialized with 59 exports
[2026-05-22 12:15:27.392] SUCCESS: ✅ [features_common] All optimizations enabled by default
2026-05-22 12:15:27,392 - System.tprint - INFO - ℹ️ ✅ [features_common] All optimizations enabled by default
[2026-05-22 12:15:27.392] INFO: 🔧 [features_common] VectorBT integration available
2026-05-22 12:15:27,392 - System.tprint - INFO - ℹ️ 🔧 [features_common] VectorBT integration available
[2026-05-22 12:15:27.392] PERFORMANCE: 📊 [features_common] Performance monitoring enabled
2026-05-22 12:15:27,392 - System.tprint - INFO - ℹ️ 📊 [features_common] Performance monitoring enabled
[2026-05-22 12:15:27.392] WARNING: 💾 [features_common] Intelligent caching active
2026-05-22 12:15:27,392 - System.tprint - WARNING - ⚠️ 💾 [features_common] Intelligent caching active
2026-05-22 12:15:27,392 - System.DataStreamingManager - INFO - ℹ️ 🚀 DataStreamingManager initialized (singleton): chunk_size=10000, memory_threshold=0.8
[2026-05-22 12:15:27.392] PERFORMANCE: DataStreamingManager initialization took 0.000s
2026-05-22 12:15:27,392 - System.tprint - INFO - ℹ️ DataStreamingManager initialization took 0.000s
[2026-05-22 12:15:27.395] ✅ Custom logger available for MLCommon.ValidationUtils
2026-05-22 12:15:27,395 - System.tprint - INFO - ℹ️ ✅ Custom logger available for MLCommon.ValidationUtils
2026-05-22 12:15:27,397 - System.CrossStepValidator - INFO - ℹ️ 🔍 CrossStepValidator initialized with comprehensive consistency rules
2026-05-22 12:15:27,404 - System.UnifiedDataUtils - INFO - ℹ️ 🚀 Unified Data Utils initialized
[2026-05-22 