[I 2026-05-22 12:57:25,119] Trial 0 finished with value: 0.8039037013035945 and parameters: {'alpha_base': 0.5618101782710437, 'alpha_recency': 1.4260714596148742, 'alpha_trade_quality': 1.0979909127171077, 'alpha_tp_opportunity': 0.8979877262955549, 'alpha_meta_magnitude': 0.23402796066365478, 'min_n_eff_ratio': 0.22479561626896213, 'max_top1pct': 0.058712541825229926}. Best is trial 0 with value: 0.8039037013035945.
[2026-05-22 10:57:25 UTC] CV fold complete | fold=1 seed=42 buckets_scored=1 train_size=18388 valid_size=6000 ic=0.738693 decile_spread=0.052442 pred_mean=0.000937 pred_std=0.021344 valid_ret_mean=0.001303 weighted_valid_ret_mean=0.001195 mem_mb=6645.250000
[2026-05-22 10:57:25 UTC] CV fold complete | fold=2 seed=42 buckets_scored=1 train_size=704 valid_size=6000 ic=0.770829 decile_spread=0.055096 pred_mean=0.001254 pred_std=0.022187 valid_ret_mean=0.001377 weighted_valid_ret_mean=0.000816 mem_mb=6645.250000
[2026-05-22 10:57:25 UTC] CV fold complete | fold=3 seed=42 buckets_scored=1 train_size=7827 valid_size=6000 ic=0.807536 decile_spread=0.067074 pred_mean=0.002397 pred_std=0.019071 valid_ret_mean=0.002759 weighted_valid_ret_mean=0.002551 mem_mb=6645.250000
[2026-05-22 10:57:25 UTC] CV fold complete | fold=4 seed=42 buckets_scored=1 train_size=6207 valid_size=6000 ic=0.829393 decile_spread=0.062803 pred_mean=0.001927 pred_std=0.019380 valid_ret_mean=0.002249 weighted_valid_ret_mean=0.001995 mem_mb=6645.250000
[2026-05-22 10:57:25 UTC] CV fold complete | fold=5 seed=42 buckets_scored=1 train_size=10275 valid_size=6000 ic=0.843930 decile_spread=0.080026 pred_mean=0.001702 pred_std=0.021926 valid_ret_mean=0.002870 weighted_valid_ret_mean=0.002466 mem_mb=6645.250000
[2026-05-22 10:57:25 UTC] CV fold complete | fold=1 seed=123 buckets_scored=1 train_size=18388 valid_size=6000 ic=0.738693 decile_spread=0.052442 pred_mean=0.000937 pred_std=0.021344 valid_ret_mean=0.001303 weighted_valid_ret_mean=0.001195 mem_mb=6645.250000
[2026-05-22 10:57:25 UTC] CV fold complete | fold=2 seed=123 buckets_scored=1 train_size=704 valid_size=6000 ic=0.770829 decile_spread=0.055096 pred_mean=0.001254 pred_std=0.022187 valid_ret_mean=0.001377 weighted_valid_ret_mean=0.000816 mem_mb=6645.250000
[2026-05-22 10:57:25 UTC] CV fold complete | fold=3 seed=123 buckets_scored=1 train_size=7827 valid_size=6000 ic=0.807536 decile_spread=0.067074 pred_mean=0.002397 pred_std=0.019071 valid_ret_mean=0.002759 weighted_valid_ret_mean=0.002551 mem_mb=6645.250000
[2026-05-22 10:57:25 UTC] CV fold complete | fold=4 seed=123 buckets_scored=1 train_size=6207 valid_size=6000 ic=0.829393 decile_spread=0.062803 pred_mean=0.001927 pred_std=0.019380 valid_ret_mean=0.002249 weighted_valid_ret_mean=0.001995 mem_mb=6645.250000
[2026-05-22 10:57:25 UTC] CV fold complete | fold=5 seed=123 buckets_scored=1 train_size=10275 valid_size=6000 ic=0.843930 decile_spread=0.080026 pred_mean=0.001702 pred_std=0.021926 valid_ret_mean=0.002870 weighted_valid_ret_mean=0.002466 mem_mb=6645.250000
[2026-05-22 10:57:25 UTC] Objective evaluated | n_eff=24867.482629 n_eff_ratio=0.828916 top1pct_share=0.030362 ic_mean=0.798076 ic_std=0.000000 decile_spread_mean=0.063488 objective=0.798076 weighted_return_mean=0.001727 mem_mb=6645.250000
[2026-05-22 10:57:25 UTC] Optuna trial | trial=1 score=0.798076 n_eff=24867.482629 n_eff_ratio=0.828916 top1pct_weight_share=0.030362 weighted_return_mean=0.001727 weight_std=0.566292 mem_mb=6645.250000
[I 2026-05-22 12:57:25,168] Trial 1 finished with value: 0.7980761836330019 and parameters: {'alpha_base': 1.2992642186624028, 'alpha_recency': 0.9016725176148133, 'alpha_trade_quality': 1.0621088666940683, 'alpha_tp_opportunity': 0.03087674144370367, 'alpha_meta_magnitude': 1.4548647782429915, 'min_n_eff_ratio': 0.7659541126403374, 'max_top1pct': 0.08185086660174143}. Best is trial 0 with value: 0.8039037013035945.
[2026-05-22 10:57:25 UTC] CV fold complete | fold=1 seed=42 buckets_scored=1 train_size=18388 valid_size=6000 ic=0.733143 decile_spread=0.051862 pred_mean=0.000863 pred_std=0.021654 valid_ret_mean=0.001303 weighted_valid_ret_mean=0.001482 mem_mb=6645.250000
[2026-05-22 10:57:25 UTC] CV fold complete | fold=2 seed=42 buckets_scored=1 train_size=704 valid_size=6000 ic=0.767221 decile_spread=0.054648 pred_mean=0.001241 pred_std=0.022560 valid_ret_mean=0.001377 weighted_valid_ret_mean=0.001131 mem_mb=6645.250000
[2026-05-22 10:57:25 UTC] CV fold complete | fold=3 seed=42 buckets_scored=1 train_size=7827 valid_size=6000 ic=0.799394 decile_spread=0.066698 pred_mean=0.002481 pred_std=0.019513 valid_ret_mean=0.002759 weighted_valid_ret_mean=0.002864 mem_mb=6645.250000
[2026-05-22 10:57:25 UTC] CV fold complete | fold=4 seed=42 buckets_scored=1 train_size=6207 valid_size=6000 ic=0.826736 decile_spread=0.062872 pred_mean=0.001943 pred_std=0.019741 valid_ret_mean=0.002249 weighted_valid_ret_mean=0.002265 mem_mb=6645.250000
[2026-05-22 10:57:25 UTC] CV fold complete | fold=5 seed=42 buckets_scored=1 train_size=10275 valid_size=6000 ic=0.841095 decile_spread=0.079968 pred_mean=0.001736 pred_std=0.022236 valid_ret_mean=0.002870 weighted_valid_ret_mean=0.002777 mem_mb=6645.250000
[2026-05-22 10:57:25 UTC] CV fold complete | fold=1 seed=123 buckets_scored=1 train_size=18388 valid_size=6000 ic=0.733143 decile_spread=0.051862 pred_mean=0.000863 pred_std=0.021654 valid_ret_mean=0.001303 weighted_valid_ret_mean=0.001482 mem_mb=6645.250000
[2026-05-22 10:57:25 UTC] CV fold complete | fold=2 seed=123 buckets_scored=1 train_size=704 valid_size=6000 ic=0.767221 decile_spread=0.054648 pred_mean=0.001241 pred_std=0.022560 valid_ret_mean=0.001377 weighted_valid_ret_mean=0.001131 mem_mb=6645.250000
[2026-05-22 10:57:25 UTC] CV fold complete | fold=3 seed=123 buckets_scored=1 train_size=7827 valid_size=6000 ic=0.799394 decile_spread=0.066698 pred_mean=0.002481 pred_std=0.019513 valid_ret_mean=0.002759 weighted_valid_ret_mean=0.002864 mem_mb=6645.250000
[2026-05-22 10:57:25 UTC] CV fold complete | fold=4 seed=123 buckets_scored=1 train_size=6207 valid_size=6000 ic=0.826736 decile_spread=0.062872 pred_mean=0.001943 pred_std=0.019741 valid_ret_mean=0.002249 weighted_valid_ret_mean=0.002265 mem_mb=6645.250000
[2026-05-22 10:57:25 UTC] CV fold complete | fold=5 seed=123 buckets_scored=1 train_size=10275 valid_size=6000 ic=0.841095 decile_spread=0.079968 pred_mean=0.001736 pred_std=0.022236 valid_ret_mean=0.002870 weighted_valid_ret_mean=0.002777 mem_mb=6645.250000
[2026-05-22 10:57:25 UTC] Objective evaluated | n_eff=26121.005734 n_eff_ratio=0.870700 top1pct_share=0.026810 ic_mean=0.793518 ic_std=0.000000 decile_spread_mean=0.063210 objective=0.793518 weighted_return_mean=0.002041 mem_mb=6645.250000
[2026-05-22 10:57:25 UTC] Optuna trial | trial=2 score=0.793518 n_eff=26121.005734 n_eff_ratio=0.870700 top1pct_weight_share=0.026810 weighted_return_mean=0.002041 weight_std=0.530447 mem_mb=6645.250000
[I 2026-05-22 12:57:25,211] Trial 2 finished with value: 0.7935178152252128 and parameters: {'alpha_base': 0.2727374508106509, 'alpha_recency': 0.2751067647801507, 'alpha_trade_quality': 0.4563633644393066, 'alpha_tp_opportunity': 0.7871346474483567, 'alpha_meta_magnitude': 0.6479175279631737, 'min_n_eff_ratio': 0.3329833121584336, 'max_top1pct': 0.14177793420835694}. Best is trial 0 with value: 0.8039037013035945.
[2026-05-22 10:57:25 UTC] CV fold complete | fold=1 seed=42 buckets_scored=1 train_size=18388 valid_size=6000 ic=0.724198 decile_spread=0.050833 pred_mean=0.000691 pred_std=0.022256 valid_ret_mean=0.001303 weighted_valid_ret_mean=0.002023 mem_mb=6645.250000
[2026-05-22 10:57:25 UTC] CV fold complete | fold=2 seed=42 buckets_scored=1 train_size=704 valid_size=6000 ic=0.760092 decile_spread=0.054608 pred_mean=0.001168 pred_std=0.023225 valid_ret_mean=0.001377 weighted_valid_ret_mean=0.001708 mem_mb=6645.250000
[2026-05-22 10:57:25 UTC] CV fold complete | fold=3 seed=42 buckets_scored=1 train_size=7827 valid_size=6000 ic=0.787216 decile_spread=0.066019 pred_mean=0.002519 pred_std=0.020317 valid_ret_mean=0.002759 weighted_valid_ret_mean=0.003467 mem_mb=6645.250000
[2026-05-22 10:57:25 UTC] CV fold complete | fold=4 seed=42 buckets_scored=1 train_size=6207 valid_size=6000 ic=0.821826 decile_spread=0.062302 pred_mean=0.001918 pred_std=0.020419 valid_ret_mean=0.002249 weighted_valid_ret_mean=0.002806 mem_mb=6645.250000
[2026-05-22 10:57:25 UTC] CV fold complete | fold=5 seed=42 buckets_scored=1 train_size=10275 valid_size=6000 ic=0.835529 decile_spread=0.080531 pred_mean=0.001738 pred_std=0.022822 valid_ret_mean=0.002870 weighted_valid_ret_mean=0.003352 mem_mb=6645.250000
[2026-05-22 10:57:25 UTC] CV fold complete | fold=1 seed=123 buckets_scored=1 train_size=18388 valid_size=6000 ic=0.724198 decile_spread=0.050833 pred_mean=0.000691 pred_std=0.022256 valid_ret_mean=0.001303 weighted_valid_ret_mean=0.002023 mem_mb=6645.250000
[2026-05-22 10:57:25 UTC] CV fold complete | fold=2 seed=123 buckets_scored=1 train_size=704 valid_size=6000 ic=0.760092 decile_spread=0.054608 pred_mean=0.001168 pred_std=0.023225 valid_ret_mean=0.001377 weighted_valid_ret_mean=0.001708 mem_mb=6645.250000
[2026-05-22 10:57:25 UTC] CV fold complete | fold=3 seed=123 buckets_scored=1 train_size=7827 valid_size=6000 ic=0.787216 decile_spread=0.066019 pred_mean=0.002519 pred_std=0.020317 valid_ret_mean=0.002759 weighted_valid_ret_mean=0.003467 mem_mb=6645.250000
[2026-05-22 10:57:25 UTC] CV fold complete | fold=4 seed=123 buckets_scored=1 train_size=6207 valid_size=6000 ic=0.821826 decile_spread=0.062302 pred_mean=0.001918 pred_std=0.020419 valid_ret_mean=0.002249 weighted_valid_ret_mean=0.002806 mem_mb=6645.250000
[2026-05-22 10:57:25 UTC] CV fold complete | fold=5 seed=123 buckets_scored=1 train_size=10275 valid_size=6000 ic=0.835529 decile_spread=0.080531 pred_mean=0.001738 pred_std=0.022822 valid_ret_mean=0.002870 weighted_valid_ret_mean=0.003352 mem_mb=6645.250000
[2026-05-22 10:57:25 UTC] Objective evaluated | n_eff=26924.406592 n_eff_ratio=0.897480 top1pct_share=0.023503 ic_mean=0.785772 ic_std=0.000000 decile_spread_mean=0.062859 objective=0.785772 weighted_return_mean=0.002627 mem_mb=6645.250000
[2026-05-22 10:57:25 UTC] Optuna trial | trial=3 score=0.785772 n_eff=26924.406592 n_eff_ratio=0.897480 top1pct_weight_share=0.023503 weighted_return_mean=0.002627 weight_std=0.520658 mem_mb=6645.250000
[I 2026-05-22 12:57:25,256] Trial 3 finished with value: 0.785772163963151 and parameters: {'alpha_base': 0.20924079097806275, 'alpha_recency': 0.43821697280282723, 'alpha_trade_quality': 0.5495427649405376, 'alpha_tp_opportunity': 0.6841049763255539, 'alpha_meta_magnitude': 1.1777639420895203, 'min_n_eff_ratio': 0.2597390257266878, 'max_top1pct': 0.12713516576204176}. Best is trial 0 with value: 0.8039037013035945.
[2026-05-22 10:57:25 UTC] Objective rejected | n_eff=24884.767381 min_n_eff=25773.252894 n_eff_ratio=0.829492 top1pct_share=0.028196 max_top1pct=0.194845 weighted_return_mean=0.001365 mem_mb=6645.250000
[2026-05-22 10:57:25 UTC] Optuna trial | trial=4 score=-10.000000 n_eff=24884.767381 n_eff_ratio=0.829492 top1pct_weight_share=0.028196 weighted_return_mean=0.001365 weight_std=0.631522 mem_mb=6645.250000
[I 2026-05-22 12:57:25,267] Trial 4 finished with value: -10.0 and parameters: {'alpha_base': 0.8886218532930636, 'alpha_recency': 0.06967561907999659, 'alpha_trade_quality': 0.9113172778521575, 'alpha_tp_opportunity': 0.2557861855309373, 'alpha_meta_magnitude': 0.09757738947791927, 'min_n_eff_ratio': 0.8591084298026667, 'max_top1pct': 0.19484480496118392}. Best is trial 0 with value: 0.8039037013035945.
[2026-05-22 10:57:25 UTC] CV fold complete | fold=1 seed=42 buckets_scored=1 train_size=18388 valid_size=6000 ic=0.734264 decile_spread=0.052049 pred_mean=0.001017 pred_std=0.021044 valid_ret_mean=0.001303 weighted_valid_ret_mean=0.001059 mem_mb=6645.250000
[2026-05-22 10:57:25 UTC] CV fold complete | fold=2 seed=42 buckets_scored=1 train_size=704 valid_size=6000 ic=0.777067 decile_spread=0.055257 pred_mean=0.001115 pred_std=0.021957 valid_ret_mean=0.001377 weighted_valid_ret_mean=0.000748 mem_mb=6645.250000
[2026-05-22 10:57:25 UTC] CV fold complete | fold=3 seed=42 buckets_scored=1 train_size=7827 valid_size=6000 ic=0.823771 decile_spread=0.067446 pred_mean=0.002091 pred_std=0.018863 valid_ret_mean=0.002759 weighted_valid_ret_mean=0.002795 mem_mb=6645.250000
[2026-05-22 10:57:25 UTC] CV fold complete | fold=4 seed=42 buckets_scored=1 train_size=6207 valid_size=6000 ic=0.833775 decile_spread=0.062815 pred_mean=0.001881 pred_std=0.019403 valid_ret_mean=0.002249 weighted_valid_ret_mean=0.002232 mem_mb=6645.250000
[2026-05-22 10:57:25 UTC] CV fold complete | fold=5 seed=42 buckets_scored=1 train_size=10275 valid_size=6000 ic=0.847299 decile_spread=0.079895 pred_mean=0.001569 pred_std=0.021936 valid_ret_mean=0.002870 weighted_valid_ret_mean=0.002714 mem_mb=6645.250000
[2026-05-22 10:57:25 UTC] CV fold complete | fold=1 seed=123 buckets_scored=1 train_size=18388 valid_size=6000 ic=0.734264 decile_spread=0.052049 pred_mean=0.001017 pred_std=0.021044 valid_ret_mean=0.001303 weighted_valid_ret_mean=0.001059 mem_mb=6645.250000
[2026-05-22 10:57:25 UTC] CV fold complete | fold=2 seed=123 buckets_scored=1 train_size=704 valid_size=6000 ic=0.777067 decile_spread=0.055257 pred_mean=0.001115 pred_std=0.021957 valid_ret_mean=0.001377 weighted_valid_ret_mean=0.000748 mem_mb=6645.250000
[2026-05-22 10:57:25 UTC] CV fold complete | fold=3 seed=123 buckets_scored=1 train_size=7827 valid_size=6000 ic=0.823771 decile_spread=0.067446 pred_mean=0.002091 pred_std=0.018863 valid_ret_mean=0.002759 weighted_valid_ret_mean=0.002795 mem_mb=6645.250000
[2026-05-22 10:57:25 UTC] CV fold complete | fold=4 seed=123 buckets_scored=1 train_size=6207 valid_size=6000 ic=0.833775 decile_spread=0.062815 pred_mean=0.001881 pred_std=0.019403 valid_ret_mean=0.002249 weighted_valid_ret_mean=0.002232 mem_mb=6645.250000
[2026-05-22 10:57:25 UTC] CV fold complete | fold=5 seed=123 buckets_scored=1 train_size=10275 valid_size=6000 ic=0.847299 decile_spread=0.079895 pred_mean=0.001569 pred_std=0.021936 valid_ret_mean=0.002870 weighted_valid_ret_mean=0.002714 mem_mb=6645.250000
[2026-05-22 10:57:25 UTC] Objective evaluated | n_eff=20950.225725 n_eff_ratio=0.698341 top1pct_share=0.051665 ic_mean=0.803235 ic_std=0.000000 decile_spread_mean=0.063492 objective=0.803235 weighted_return_mean=0.001780 mem_mb=6645.250000
[2026-05-22 10:57:25 UTC] Optuna trial | trial=5 score=0.803235 n_eff=20950.225725 n_eff_ratio=0.698341 top1pct_weight_share=0.051665 weighted_return_mean=0.001780 weight_std=0.478958 mem_mb=6645.250000
[I 2026-05-22 12:57:25,317] Trial 5 finished with value: 0.8032354100349337 and parameters: {'alpha_base': 1.2125960221746916, 'alpha_recency': 0.45692065376005603, 'alpha_trade_quality': 0.1465081710095758, 'alpha_tp_opportunity': 1.0263495397682354, 'alpha_meta_magnitude': 0.660228740609402, 'min_n_eff_ratio': 0.19763058787582308, 'max_top1pct': 0.12427653651669054}. Best is trial 0 with value: 0.8039037013035945.
[2026-05-22 10:57:25 UTC] CV fold complete | fold=1 seed=42 buckets_scored=1 train_size=18388 valid_size=6000 ic=0.720826 decile_spread=0.050786 pred_mean=0.000828 pred_std=0.021850 valid_ret_mean=0.001303 weighted_valid_ret_mean=0.001865 mem_mb=6645.250000
[2026-05-22 10:57:25 UTC] CV fold complete | fold=2 seed=42 buckets_scored=1 train_size=704 valid_size=6000 ic=0.760627 decile_spread=0.054564 pred_mean=0.001326 pred_std=0.022910 valid_ret_mean=0.001377 weighted_valid_ret_mean=0.001799 mem_mb=6645.250000
[2026-05-22 10:57:25 UTC] CV fold complete | fold=3 seed=42 buckets_scored=1 train_size=7827 valid_size=6000 ic=0.777564 decile_spread=0.065361 pred_mean=0.002825 pred_std=0.019886 valid_ret_mean=0.002759 weighted_valid_ret_mean=0.003417 mem_mb=6645.250000
[2026-05-22 10:57:25 UTC] CV fold complete | fold=4 seed=42 buckets_scored=1 train_size=6207 valid_size=6000 ic=0.821538 decile_spread=0.062906 pred_mean=0.002001 pred_std=0.019870 valid_ret_mean=0.002249 weighted_valid_ret_mean=0.002783 mem_mb=6645.250000
[2026-05-22 10:57:25 UTC] CV fold complete | fold=5 seed=42 buckets_scored=1 train_size=10275 valid_size=6000 ic=0.833418 decile_spread=0.080633 pred_mean=0.001870 pred_std=0.022312 valid_ret_mean=0.002870 weighted_valid_ret_mean=0.003462 mem_mb=6645.250000
[2026-05-22 10:57:25 UTC] CV fold complete | fold=1 seed=123 buckets_scored=1 train_size=18388 valid_size=6000 ic=0.720826 decile_spread=0.050786 pred_mean=0.000828 pred_std=0.021850 valid_ret_mean=0.001303 weighted_valid_ret_mean=0.001865 mem_mb=6645.250000
[2026-05-22 10:57:25 UTC] CV fold complete | fold=2 seed=123 buckets_scored=1 train_size=704 valid_size=6000 ic=0.760627 decile_spread=0.054564 pred_mean=0.001326 pred_std=0.022910 valid_ret_mean=0.001377 weighted_valid_ret_mean=0.001799 mem_mb=6645.250000
[2026-05-22 10:57:25 UTC] CV fold complete | fold=3 seed=123 buckets_scored=1 train_size=7827 valid_size=6000 ic=0.777564 decile_spread=0.065361 pred_mean=0.002825 pred_std=0.019886 valid_ret_mean=0.002759 weighted_valid_ret_mean=0.003417 mem_mb=6645.250000
[2026-05-22 10:57:25 UTC] CV fold complete | fold=4 seed=123 buckets_scored=1 train_size=6207 valid_size=6000 ic=0.821538 decile_spread=0.062906 pred_mean=0.002001 pred_std=0.019870 valid_ret_mean=0.002249 weighted_valid_ret_mean=0.002783 mem_mb=6645.250000
[2026-05-22 10:57:25 UTC] CV fold complete | fold=5 seed=123 buckets_scored=1 train_size=10275 valid_size=6000 ic=0.833418 decile_spread=0.080633 pred_mean=0.001870 pred_std=0.022312 valid_ret_mean=0.002870 weighted_valid_ret_mean=0.003462 mem_mb=6645.250000
[2026-05-22 10:57:25 UTC] Objective evaluated | n_eff=28547.336201 n_eff_ratio=0.951578 top1pct_share=0.015544 ic_mean=0.782794 ic_std=0.000000 decile_spread_mean=0.062850 objective=0.782794 weighted_return_mean=0.002639 mem_mb=6645.250000
[2026-05-22 10:57:25 UTC] Optuna trial | trial=6 score=0.782794 n_eff=28547.336201 n_eff_ratio=0.951578 top1pct_weight_share=0.015544 weighted_return_mean=0.002639 weight_std=0.547386 mem_mb=6645.250000
[I 2026-05-22 12:57:25,360] Trial 6 finished with value: 0.7827943550486346 and parameters: {'alpha_base': 0.05158278167282759, 'alpha_recency': 1.3639806031181732, 'alpha_trade_quality': 0.3881699724000254, 'alpha_tp_opportunity': 0.993783426530973, 'alpha_meta_magnitude': 0.46756661413411643, 'min_n_eff_ratio': 0.5160544169422486, 'max_top1pct': 0.13200654190149197}. Best is trial 0 with value: 0.8039037013035945.
[2026-05-22 10:57:25 UTC] CV fold complete | fold=1 seed=42 buckets_scored=1 train_size=18388 valid_size=6000 ic=0.728717 decile_spread=0.051266 pred_mean=0.000749 pred_std=0.022082 valid_ret_mean=0.001303 weighted_valid_ret_mean=0.001934 mem_mb=6645.250000
[2026-05-22 10:57:25 UTC] CV fold complete | fold=2 seed=42 buckets_scored=1 train_size=704 valid_size=6000 ic=0.763245 decile_spread=0.054793 pred_mean=0.001157 pred_std=0.023127 valid_ret_mean=0.001377 weighted_valid_ret_mean=0.001567 mem_mb=6645.250000
[2026-05-22 10:57:25 UTC] CV fold complete | fold=3 seed=42 buckets_scored=1 train_size=7827 valid_size=6000 ic=0.793378 decile_spread=0.066368 pred_mean=0.002479 pred_std=0.020183 valid_ret_mean=0.002759 weighted_valid_ret_mean=0.003344 mem_mb=6645.250000
[2026-05-22 10:57:25 UTC] CV fold complete | fold=4 seed=42 buckets_scored=1 train_size=6207 valid_size=6000 ic=0.823483 decile_spread=0.062264 pred_mean=0.001940 pred_std=0.020364 valid_ret_mean=0.002249 weighted_valid_ret_mean=0.002649 mem_mb=6645.250000
[2026-05-22 10:57:25 UTC] CV fold complete | fold=5 seed=42 buckets_scored=1 train_size=10275 valid_size=6000 ic=0.837551 decile_spread=0.079928 pred_mean=0.001727 pred_std=0.022786 valid_ret_mean=0.002870 weighted_valid_ret_mean=0.003196 mem_mb=6645.250000
[2026-05-22 10:57:25 UTC] CV fold complete | fold=1 seed=123 buckets_scored=1 train_size=18388 valid_size=6000 ic=0.728717 decile_spread=0.051266 pred_mean=0.000749 pred_std=0.022082 valid_ret_mean=0.001303 weighted_valid_ret_mean=0.001934 mem_mb=6645.250000
[2026-05-22 10:57:25 UTC] CV fold complete | fold=2 seed=123 buckets_scored=1 train_size=704 valid_size=6000 ic=0.763245 decile_spread=0.054793 pred_mean=0.001157 pred_std=0.023127 valid_ret_mean=0.001377 weighted_valid_ret_mean=0.001567 mem_mb=6645.250000
[2026-05-22 10:57:25 UTC] CV fold complete | fold=3 seed=123 buckets_scored=1 train_size=7827 valid_size=6000 ic=0.793378 decile_spread=0.066368 pred_mean=0.002479 pred_std=0.020183 valid_ret_mean=0.002759 weighted_valid_ret_mean=0.003344 mem_mb=6645.250000
[2026-05-22 10:57:25 UTC] CV fold complete | fold=4 seed=123 buckets_scored=1 train_size=6207 valid_size=6000 ic=0.823483 decile_spread=0.062264 pred_mean=0.001940 pred_std=0.020364 valid_ret_mean=0.002249 weighted_valid_ret_mean=0.002649 mem_mb=6645.250000
[2026-05-22 10:57:25 UTC] CV fold complete | fold=5 seed=123 buckets_scored=1 train_size=10275 valid_size=6000 ic=0.837551 decile_spread=0.079928 pred_mean=0.001727 pred_std=0.022786 valid_ret_mean=0.002870 weighted_valid_ret_mean=0.003196 mem_mb=6645.250000
[2026-05-22 10:57:25 UTC] Objective evaluated | n_eff=26369.118553 n_eff_ratio=0.878971 top1pct_share=0.026563 ic_mean=0.789275 ic_std=0.000000 decile_spread_mean=0.062924 objective=0.789275 weighted_return_mean=0.002490 mem_mb=6645.250000
[2026-05-22 10:57:25 UTC] Optuna trial | trial=7 score=0.789275 n_eff=26369.118553 n_eff_ratio=0.878971 top1pct_weight_share=0.026563 weighted_return_mean=0.002490 weight_std=0.487093 mem_mb=6645.250000
