[I 2026-05-22 11:43:32,193] Trial 13 finished with value: 0.983799168042683 and parameters: {'alpha_base': 0.4826507664003974, 'alpha_recency': 0.7161390281276037, 'alpha_trade_quality': 0.39945569141369514, 'alpha_tp_opportunity': 1.1578860185701072, 'alpha_meta_magnitude': 0.37463195272149236, 'min_n_eff_ratio': 0.6075657123004322, 'max_top1pct': 0.15679667033201178}. Best is trial 6 with value: 0.9838103303286504.
[2026-05-22 09:43:32 UTC] CV fold complete | fold=1 seed=42 buckets_scored=1 train_size=18388 valid_size=6000 ic=0.984053 decile_spread=0.629596 pred_mean=0.265016 pred_std=0.243756 valid_ret_mean=0.265011 weighted_valid_ret_mean=0.299761 mem_mb=6615.593750
[2026-05-22 09:43:32 UTC] CV fold complete | fold=2 seed=42 buckets_scored=1 train_size=704 valid_size=6000 ic=0.986912 decile_spread=0.654393 pred_mean=0.267623 pred_std=0.245661 valid_ret_mean=0.267595 weighted_valid_ret_mean=0.303624 mem_mb=6615.593750
[2026-05-22 09:43:32 UTC] CV fold complete | fold=3 seed=42 buckets_scored=1 train_size=7827 valid_size=6000 ic=0.986556 decile_spread=0.689637 pred_mean=0.287301 pred_std=0.252694 valid_ret_mean=0.287295 weighted_valid_ret_mean=0.314277 mem_mb=6615.593750
[2026-05-22 09:43:32 UTC] CV fold complete | fold=4 seed=42 buckets_scored=1 train_size=6207 valid_size=6000 ic=0.979964 decile_spread=0.746894 pred_mean=0.292514 pred_std=0.267464 valid_ret_mean=0.292507 weighted_valid_ret_mean=0.321803 mem_mb=6615.593750
[2026-05-22 09:43:32 UTC] CV fold complete | fold=5 seed=42 buckets_scored=1 train_size=10275 valid_size=6000 ic=0.981445 decile_spread=0.776905 pred_mean=0.308832 pred_std=0.271672 valid_ret_mean=0.308823 weighted_valid_ret_mean=0.336525 mem_mb=6615.593750
[2026-05-22 09:43:32 UTC] CV fold complete | fold=1 seed=123 buckets_scored=1 train_size=18388 valid_size=6000 ic=0.984053 decile_spread=0.629596 pred_mean=0.265016 pred_std=0.243756 valid_ret_mean=0.265011 weighted_valid_ret_mean=0.299761 mem_mb=6615.593750
[2026-05-22 09:43:32 UTC] CV fold complete | fold=2 seed=123 buckets_scored=1 train_size=704 valid_size=6000 ic=0.986912 decile_spread=0.654393 pred_mean=0.267623 pred_std=0.245661 valid_ret_mean=0.267595 weighted_valid_ret_mean=0.303624 mem_mb=6615.593750
[2026-05-22 09:43:32 UTC] CV fold complete | fold=3 seed=123 buckets_scored=1 train_size=7827 valid_size=6000 ic=0.986556 decile_spread=0.689637 pred_mean=0.287301 pred_std=0.252694 valid_ret_mean=0.287295 weighted_valid_ret_mean=0.314277 mem_mb=6615.593750
[2026-05-22 09:43:32 UTC] CV fold complete | fold=4 seed=123 buckets_scored=1 train_size=6207 valid_size=6000 ic=0.979964 decile_spread=0.746894 pred_mean=0.292514 pred_std=0.267464 valid_ret_mean=0.292507 weighted_valid_ret_mean=0.321803 mem_mb=6615.593750
[2026-05-22 09:43:32 UTC] CV fold complete | fold=5 seed=123 buckets_scored=1 train_size=10275 valid_size=6000 ic=0.981445 decile_spread=0.776905 pred_mean=0.308832 pred_std=0.271672 valid_ret_mean=0.308823 weighted_valid_ret_mean=0.336525 mem_mb=6615.593750
[2026-05-22 09:43:32 UTC] Objective evaluated | n_eff=21343.056281 n_eff_ratio=0.711435 top1pct_share=0.046135 ic_mean=0.983786 ic_std=0.000000 decile_spread_mean=0.699485 objective=0.983786 weighted_return_mean=0.313100 mem_mb=6615.593750
[2026-05-22 09:43:32 UTC] Optuna trial | trial=14 score=0.983786 n_eff=21343.056281 n_eff_ratio=0.711435 top1pct_weight_share=0.046135 weighted_return_mean=0.313100 weight_std=0.528578 mem_mb=6615.593750
[I 2026-05-22 11:43:32,250] Trial 14 finished with value: 0.9837862000745525 and parameters: {'alpha_base': 0.9765237047573923, 'alpha_recency': 0.688174969689485, 'alpha_trade_quality': 0.28277489042971027, 'alpha_tp_opportunity': 1.1541635909895598, 'alpha_meta_magnitude': 0.8862116977823415, 'min_n_eff_ratio': 0.4302731248422478, 'max_top1pct': 0.11014339545230659}. Best is trial 6 with value: 0.9838103303286504.
[2026-05-22 09:43:32 UTC] CV fold complete | fold=1 seed=42 buckets_scored=1 train_size=18388 valid_size=6000 ic=0.984054 decile_spread=0.629996 pred_mean=0.265024 pred_std=0.243759 valid_ret_mean=0.265011 weighted_valid_ret_mean=0.309626 mem_mb=6615.593750
[2026-05-22 09:43:32 UTC] CV fold complete | fold=2 seed=42 buckets_scored=1 train_size=704 valid_size=6000 ic=0.987082 decile_spread=0.654393 pred_mean=0.267726 pred_std=0.245675 valid_ret_mean=0.267595 weighted_valid_ret_mean=0.306115 mem_mb=6615.593750
[2026-05-22 09:43:32 UTC] CV fold complete | fold=3 seed=42 buckets_scored=1 train_size=7827 valid_size=6000 ic=0.986583 decile_spread=0.689337 pred_mean=0.287306 pred_std=0.252707 valid_ret_mean=0.287295 weighted_valid_ret_mean=0.325916 mem_mb=6615.593750
[2026-05-22 09:43:32 UTC] CV fold complete | fold=4 seed=42 buckets_scored=1 train_size=6207 valid_size=6000 ic=0.979966 decile_spread=0.746499 pred_mean=0.292521 pred_std=0.267484 valid_ret_mean=0.292507 weighted_valid_ret_mean=0.350948 mem_mb=6615.593750
[2026-05-22 09:43:32 UTC] CV fold complete | fold=5 seed=42 buckets_scored=1 train_size=10275 valid_size=6000 ic=0.981428 decile_spread=0.776457 pred_mean=0.308832 pred_std=0.271699 valid_ret_mean=0.308823 weighted_valid_ret_mean=0.366566 mem_mb=6615.593750
[2026-05-22 09:43:32 UTC] CV fold complete | fold=1 seed=123 buckets_scored=1 train_size=18388 valid_size=6000 ic=0.984054 decile_spread=0.629996 pred_mean=0.265024 pred_std=0.243759 valid_ret_mean=0.265011 weighted_valid_ret_mean=0.309626 mem_mb=6615.593750
[2026-05-22 09:43:32 UTC] CV fold complete | fold=2 seed=123 buckets_scored=1 train_size=704 valid_size=6000 ic=0.987082 decile_spread=0.654393 pred_mean=0.267726 pred_std=0.245675 valid_ret_mean=0.267595 weighted_valid_ret_mean=0.306115 mem_mb=6615.593750
[2026-05-22 09:43:32 UTC] CV fold complete | fold=3 seed=123 buckets_scored=1 train_size=7827 valid_size=6000 ic=0.986583 decile_spread=0.689337 pred_mean=0.287306 pred_std=0.252707 valid_ret_mean=0.287295 weighted_valid_ret_mean=0.325916 mem_mb=6615.593750
[2026-05-22 09:43:32 UTC] CV fold complete | fold=4 seed=123 buckets_scored=1 train_size=6207 valid_size=6000 ic=0.979966 decile_spread=0.746499 pred_mean=0.292521 pred_std=0.267484 valid_ret_mean=0.292507 weighted_valid_ret_mean=0.350948 mem_mb=6615.593750
[2026-05-22 09:43:32 UTC] CV fold complete | fold=5 seed=123 buckets_scored=1 train_size=10275 valid_size=6000 ic=0.981428 decile_spread=0.776457 pred_mean=0.308832 pred_std=0.271699 valid_ret_mean=0.308823 weighted_valid_ret_mean=0.366566 mem_mb=6615.593750
[2026-05-22 09:43:32 UTC] Objective evaluated | n_eff=24367.928868 n_eff_ratio=0.812264 top1pct_share=0.017658 ic_mean=0.983823 ic_std=0.000000 decile_spread_mean=0.699336 objective=0.983823 weighted_return_mean=0.330311 mem_mb=6615.593750
[2026-05-22 09:43:32 UTC] Optuna trial | trial=15 score=0.983823 n_eff=24367.928868 n_eff_ratio=0.812264 top1pct_weight_share=0.017658 weighted_return_mean=0.330311 weight_std=1.083561 mem_mb=6615.593750
