[I 2026-05-22 12:52:45,880] Trial 0 finished with value: 4.141610637359554 and parameters: {'sl_mult': 0.6, 'trailing_activation_mult': 0.5, 'trailing_power': 1.9, 'trailing_squash_divisor': 1.5, 'giveback_beta': 0.5, 'capital_protect_mfe_mult': 1.25, 'capital_protect_regression_frac': 0.55}. Best is trial 0 with value: 4.141610637359554.
[I 2026-05-22 12:52:45,925] Trial 1 finished with value: 4.186590786121087 and parameters: {'sl_mult': 1.2, 'trailing_activation_mult': 0.75, 'trailing_power': 2.0, 'trailing_squash_divisor': 1.5, 'giveback_beta': 0.9, 'capital_protect_mfe_mult': 0.0, 'capital_protect_regression_frac': 0.45}. Best is trial 1 with value: 4.186590786121087.
[I 2026-05-22 12:52:45,973] Trial 2 finished with value: 3.529276999272406 and parameters: {'sl_mult': 0.7, 'trailing_activation_mult': 2.5, 'trailing_power': 1.4, 'trailing_squash_divisor': 3.5, 'giveback_beta': 0.95, 'capital_protect_mfe_mult': 0.75, 'capital_protect_regression_frac': 0.45}. Best is trial 1 with value: 4.186590786121087.
[I 2026-05-22 12:52:46,019] Trial 3 finished with value: 3.9120195850497113 and parameters: {'sl_mult': 0.7, 'trailing_activation_mult': 0.75, 'trailing_power': 2.0, 'trailing_squash_divisor': 2.5, 'giveback_beta': 0.5, 'capital_protect_mfe_mult': 1.0, 'capital_protect_regression_frac': 0.55}. Best is trial 1 with value: 4.186590786121087.
[I 2026-05-22 12:52:46,069] Trial 4 finished with value: 3.499201075755991 and parameters: {'sl_mult': 0.9, 'trailing_activation_mult': 2.5, 'trailing_power': 1.8, 'trailing_squash_divisor': 2.5, 'giveback_beta': 0.5, 'capital_protect_mfe_mult': 1.25, 'capital_protect_regression_frac': 0.25}. Best is trial 1 with value: 4.186590786121087.
[I 2026-05-22 12:52:46,115] Trial 5 finished with value: 3.0110007351730017 and parameters: {'sl_mult': 0.5, 'trailing_activation_mult': 2.5, 'trailing_power': 2.0, 'trailing_squash_divisor': 5.0, 'giveback_beta': 0.95, 'capital_protect_mfe_mult': 1.25, 'capital_protect_regression_frac': 0.35}. Best is trial 1 with value: 4.186590786121087.
[I 2026-05-22 12:52:46,161] Trial 6 finished with value: 3.5995716242352502 and parameters: {'sl_mult': 1.0, 'trailing_activation_mult': 0.5, 'trailing_power': 1.5, 'trailing_squash_divisor': 4.0, 'giveback_beta': 0.4, 'capital_protect_mfe_mult': 1.0, 'capital_protect_regression_frac': 0.55}. Best is trial 1 with value: 4.186590786121087.
[I 2026-05-22 12:52:46,213] Trial 7 finished with value: 3.377762340940535 and parameters: {'sl_mult': 1.2, 'trailing_activation_mult': 2.5, 'trailing_power': 1.8, 'trailing_squash_divisor': 4.0, 'giveback_beta': 0.95, 'capital_protect_mfe_mult': 1.5, 'capital_protect_regression_frac': 0.65}. Best is trial 1 with value: 4.186590786121087.
[I 2026-05-22 12:52:46,263] Trial 8 finished with value: 3.2417858622939093 and parameters: {'sl_mult': 1.2, 'trailing_activation_mult': 1.0, 'trailing_power': 1.9, 'trailing_squash_divisor': 4.0, 'giveback_beta': 0.95, 'capital_protect_mfe_mult': 0.0, 'capital_protect_regression_frac': 0.65}. Best is trial 1 with value: 4.186590786121087.
[I 2026-05-22 12:52:46,313] Trial 9 finished with value: 3.6262420944403857 and parameters: {'sl_mult': 0.8, 'trailing_activation_mult': 2.5, 'trailing_power': 1.3, 'trailing_squash_divisor': 3.5, 'giveback_beta': 0.6, 'capital_protect_mfe_mult': 0.0, 'capital_protect_regression_frac': 0.25}. Best is trial 1 with value: 4.186590786121087.
[I 2026-05-22 12:52:46,360] Trial 10 finished with value: 4.240543966088444 and parameters: {'sl_mult': 1.5, 'trailing_activation_mult': 0.75, 'trailing_power': 1.7, 'trailing_squash_divisor': 1.0, 'giveback_beta': 0.9, 'capital_protect_mfe_mult': 0.0, 'capital_protect_regression_frac': 0.45}. Best is trial 10 with value: 4.240543966088444.
[I 2026-05-22 12:52:46,405] Trial 11 finished with value: 4.181641836615745 and parameters: {'sl_mult': 1.5, 'trailing_activation_mult': 0.75, 'trailing_power': 1.7, 'trailing_squash_divisor': 1.5, 'giveback_beta': 0.9, 'capital_protect_mfe_mult': 0.0, 'capital_protect_regression_frac': 0.45}. Best is trial 10 with value: 4.240543966088444.
[I 2026-05-22 12:52:46,452] Trial 12 finished with value: 4.010571762127801 and parameters: {'sl_mult': 1.4, 'trailing_activation_mult': 1.5, 'trailing_power': 1.7, 'trailing_squash_divisor': 1.0, 'giveback_beta': 0.9, 'capital_protect_mfe_mult': 0.0, 'capital_protect_regression_frac': 0.45}. Best is trial 10 with value: 4.240543966088444.
[I 2026-05-22 12:52:46,501] Trial 13 finished with value: 3.7722777294460683 and parameters: {'sl_mult': 1.5, 'trailing_activation_mult': 2.0, 'trailing_power': 1.6, 'trailing_squash_divisor': 1.0, 'giveback_beta': 0.7, 'capital_protect_mfe_mult': 0.0, 'capital_protect_regression_frac': 0.45}. Best is trial 10 with value: 4.240543966088444.
[I 2026-05-22 12:52:46,547] Trial 14 finished with value: 3.654063457020675 and parameters: {'sl_mult': 1.3, 'trailing_activation_mult': 0.75, 'trailing_power': 1.2, 'trailing_squash_divisor': 3.0, 'giveback_beta': 0.9, 'capital_protect_mfe_mult': 0.75, 'capital_protect_regression_frac': 0.45}. Best is trial 10 with value: 4.240543966088444.
[I 2026-05-22 12:52:46,593] Trial 15 finished with value: 3.4971378804184496 and parameters: {'sl_mult': 1.1, 'trailing_activation_mult': 1.25, 'trailing_power': 1.7, 'trailing_squash_divisor': 6.0, 'giveback_beta': 0.3, 'capital_protect_mfe_mult': 1.5, 'capital_protect_regression_frac': 0.35}. Best is trial 10 with value: 4.240543966088444.
[I 2026-05-22 12:52:46,636] Trial 16 finished with value: 3.90252890122938 and parameters: {'sl_mult': 1.5, 'trailing_activation_mult': 0.75, 'trailing_power': 2.0, 'trailing_squash_divisor': 2.0, 'giveback_beta': 0.8, 'capital_protect_mfe_mult': 0.0, 'capital_protect_regression_frac': 0.45}. Best is trial 10 with value: 4.240543966088444.
[I 2026-05-22 12:52:46,681] Trial 17 finished with value: 4.168209226231556 and parameters: {'sl_mult': 1.2, 'trailing_activation_mult': 0.75, 'trailing_power': 1.4, 'trailing_squash_divisor': 1.5, 'giveback_beta': 0.9, 'capital_protect_mfe_mult': 0.0, 'capital_protect_regression_frac': 0.45}. Best is trial 10 with value: 4.240543966088444.
[I 2026-05-22 12:52:46,834] Trial 18 finished with value: 4.124453462730162 and parameters: {'sl_mult': 1.0, 'trailing_activation_mult': 1.5, 'trailing_power': 1.3, 'trailing_squash_divisor': 1.0, 'giveback_beta': 0.9, 'capital_protect_mfe_mult': 0.0, 'capital_protect_regression_frac': 0.45}. Best is trial 10 with value: 4.240543966088444.
[I 2026-05-22 12:52:46,884] Trial 19 finished with value: 3.7182373772608117 and parameters: {'sl_mult': 0.9, 'trailing_activation_mult': 2.0, 'trailing_power': 1.6, 'trailing_squash_divisor': 3.0, 'giveback_beta': 0.6, 'capital_protect_mfe_mult': 1.0, 'capital_protect_regression_frac': 0.25}. Best is trial 10 with value: 4.240543966088444.
[I 2026-05-22 12:52:46,933] Trial 20 finished with value: 3.568585199303925 and parameters: {'sl_mult': 0.8, 'trailing_activation_mult': 1.0, 'trailing_power': 1.2, 'trailing_squash_divisor': 5.0, 'giveback_beta': 0.4, 'capital_protect_mfe_mult': 0.75, 'capital_protect_regression_frac': 0.65}. Best is trial 10 with value: 4.240543966088444.
[I 2026-05-22 12:52:46,983] Trial 21 finished with value: 4.181641836615745 and parameters: {'sl_mult': 1.5, 'trailing_activation_mult': 0.75, 'trailing_power': 1.7, 'trailing_squash_divisor': 1.5, 'giveback_beta': 0.9, 'capital_protect_mfe_mult': 0.0, 'capital_protect_regression_frac': 0.45}. Best is trial 10 with value: 4.240543966088444.
[I 2026-05-22 12:52:47,037] Trial 22 finished with value: 4.181641836615745 and parameters: {'sl_mult': 1.5, 'trailing_activation_mult': 0.75, 'trailing_power': 1.7, 'trailing_squash_divisor': 1.5, 'giveback_beta': 0.9, 'capital_protect_mfe_mult': 0.0, 'capital_protect_regression_frac': 0.45}. Best is trial 10 with value: 4.240543966088444.
[I 2026-05-22 12:52:47,092] Trial 23 finished with value: 4.181641836615745 and parameters: {'sl_mult': 1.5, 'trailing_activation_mult': 0.75, 'trailing_power': 1.7, 'trailing_squash_divisor': 1.5, 'giveback_beta': 0.9, 'capital_protect_mfe_mult': 0.0, 'capital_protect_regression_frac': 0.45}. Best is trial 10 with value: 4.240543966088444.
[I 2026-05-22 12:52:47,145] Trial 24 finished with value: 4.317093488259706 and parameters: {'sl_mult': 0.5, 'trailing_activation_mult': 1.25, 'trailing_power': 1.5, 'trailing_squash_divisor': 2.0, 'giveback_beta': 0.8, 'capital_protect_mfe_mult': 0.0, 'capital_protect_regression_frac': 0.45}. Best is trial 24 with value: 4.317093488259706.
[I 2026-05-22 12:52:47,198] Trial 25 finished with value: 4.317093488259706 and parameters: {'sl_mult': 0.5, 'trailing_activation_mult': 1.25, 'trailing_power': 1.5, 'trailing_squash_divisor': 2.0, 'giveback_beta': 0.8, 'capital_protect_mfe_mult': 1.5, 'capital_protect_regression_frac': 0.45}. Best is trial 24 with value: 4.317093488259706.
[I 2026-05-22 12:52:47,249] Trial 26 finished with value: 4.317093488259706 and parameters: {'sl_mult': 0.5, 'trailing_activation_mult': 1.25, 'trailing_power': 1.5, 'trailing_squash_divisor': 2.0, 'giveback_beta': 0.8, 'capital_protect_mfe_mult': 1.5, 'capital_protect_regression_frac': 0.35}. Best is trial 24 with value: 4.317093488259706.
[I 2026-05-22 12:52:47,302] Trial 27 finished with value: 4.317093488259706 and parameters: {'sl_mult': 0.5, 'trailing_activation_mult': 1.25, 'trailing_power': 1.5, 'trailing_squash_divisor': 2.0, 'giveback_beta': 0.8, 'capital_protect_mfe_mult': 1.5, 'capital_protect_regression_frac': 0.35}. Best is trial 24 with value: 4.317093488259706.
[I 2026-05-22 12:52:47,354] Trial 28 finished with value: 4.317093488259706 and parameters: {'sl_mult': 0.5, 'trailing_activation_mult': 1.25, 'trailing_power': 1.5, 'trailing_squash_divisor': 2.0, 'giveback_beta': 0.8, 'capital_protect_mfe_mult': 1.5, 'capital_protect_regression_frac': 0.35}. Best is trial 24 with value: 4.317093488259706.
[I 2026-05-22 12:52:47,405] Trial 29 finished with value: 4.317093488259706 and parameters: {'sl_mult': 0.5, 'trailing_activation_mult': 1.25, 'trailing_power': 1.5, 'trailing_squash_divisor': 2.0, 'giveback_beta': 0.8, 'capital_protect_mfe_mult': 1.5, 'capital_protect_regression_frac': 0.35}. Best is trial 24 with value: 4.317093488259706.
[I 2026-05-22 12:52:47,458] Trial 30 finished with value: 4.317093488259706 and parameters: {'sl_mult': 0.5, 'trailing_activation_mult': 1.25, 'trailing_power': 1.5, 'trailing_squash_divisor': 2.0, 'giveback_beta': 0.8, 'capital_protect_mfe_mult': 1.5, 'capital_protect_regression_frac': 0.55}. Best is trial 24 with value: 4.317093488259706.
[I 2026-05-22 12:52:47,513] Trial 31 finished with value: 4.317093488259706 and parameters: {'sl_mult': 0.5, 'trailing_activation_mult': 1.25, 'trailing_power': 1.5, 'trailing_squash_divisor': 2.0, 'giveback_beta': 0.8, 'capital_protect_mfe_mult': 1.5, 'capital_protect_regression_frac': 0.35}. Best is trial 24 with value: 4.317093488259706.
[I 2026-05-22 12:52:47,573] Trial 32 finished with value: 4.145020498055965 and parameters: {'sl_mult': 0.6, 'trailing_activation_mult': 1.25, 'trailing_power': 1.5, 'trailing_squash_divisor': 2.0, 'giveback_beta': 0.8, 'capital_protect_mfe_mult': 1.5, 'capital_protect_regression_frac': 0.35}. Best is trial 24 with value: 4.317093488259706.
[I 2026-05-22 12:52:47,628] Trial 33 finished with value: 4.317093488259706 and parameters: {'sl_mult': 0.5, 'trailing_activation_mult': 1.25, 'trailing_power': 1.5, 'trailing_squash_divisor': 2.0, 'giveback_beta': 0.8, 'capital_protect_mfe_mult': 1.5, 'capital_protect_regression_frac': 0.35}. Best is trial 24 with value: 4.317093488259706.
[I 2026-05-22 12:52:47,684] Trial 34 finished with value: 4.317093488259706 and parameters: {'sl_mult': 0.5, 'trailing_activation_mult': 1.25, 'trailing_power': 1.5, 'trailing_squash_divisor': 2.0, 'giveback_beta': 0.8, 'capital_protect_mfe_mult': 1.5, 'capital_protect_regression_frac': 0.35}. Best is trial 24 with value: 4.317093488259706.
[I 2026-05-22 12:52:47,738] Trial 35 finished with value: 4.317093488259706 and parameters: {'sl_mult': 0.5, 'trailing_activation_mult': 1.25, 'trailing_power': 1.5, 'trailing_squash_divisor': 2.0, 'giveback_beta': 0.8, 'capital_protect_mfe_mult': 1.5, 'capital_protect_regression_frac': 0.35}. Best is trial 24 with value: 4.317093488259706.
[I 2026-05-22 12:52:47,792] Trial 36 finished with value: 2.4358743734803285 and parameters: {'sl_mult': 0.7, 'trailing_activation_mult': 0.5, 'trailing_power': 1.9, 'trailing_squash_divisor': 6.0, 'giveback_beta': 0.7, 'capital_protect_mfe_mult': 1.25, 'capital_protect_regression_frac': 0.55}. Best is trial 24 with value: 4.317093488259706.
[I 2026-05-22 12:52:47,845] Trial 37 finished with value: 4.248588951735291 and parameters: {'sl_mult': 0.5, 'trailing_activation_mult': 1.25, 'trailing_power': 1.5, 'trailing_squash_divisor': 2.5, 'giveback_beta': 0.5, 'capital_protect_mfe_mult': 1.5, 'capital_protect_regression_frac': 0.25}. Best is trial 24 with value: 4.317093488259706.
[I 2026-05-22 12:52:47,906] Trial 38 finished with value: 4.083814801927656 and parameters: {'sl_mult': 1.4, 'trailing_activation_mult': 1.25, 'trailing_power': 1.4, 'trailing_squash_divisor': 2.0, 'giveback_beta': 0.3, 'capital_protect_mfe_mult': 1.0, 'capital_protect_regression_frac': 0.35}. Best is trial 24 with value: 4.317093488259706.
[I 2026-05-22 12:52:47,964] Trial 39 finished with value: 3.2915084957843646 and parameters: {'sl_mult': 1.3, 'trailing_activation_mult': 1.25, 'trailing_power': 1.8, 'trailing_squash_divisor': 3.5, 'giveback_beta': 0.8, 'capital_protect_mfe_mult': 1.25, 'capital_protect_regression_frac': 0.65}. Best is trial 24 with value: 4.317093488259706.
[I 2026-05-22 12:52:48,018] Trial 40 finished with value: 3.9592731157317758 and parameters: {'sl_mult': 1.1, 'trailing_activation_mult': 0.5, 'trailing_power': 1.5, 'trailing_squash_divisor': 2.0, 'giveback_beta': 0.8, 'capital_protect_mfe_mult': 0.75, 'capital_protect_regression_frac': 0.35}. Best is trial 24 with value: 4.317093488259706.
[I 2026-05-22 12:52:48,073] Trial 41 finished with value: 4.317093488259706 and parameters: {'sl_mult': 0.5, 'trailing_activation_mult': 1.25, 'trailing_power': 1.5, 'trailing_squash_divisor': 2.0, 'giveback_beta': 0.8, 'capital_protect_mfe_mult': 1.5, 'capital_protect_regression_frac': 0.35}. Best is trial 24 with value: 4.317093488259706.
[I 2026-05-22 12:52:48,129] Trial 42 finished with value: 4.317093488259706 and parameters: {'sl_mult': 0.5, 'trailing_activation_mult': 1.25, 'trailing_power': 1.5, 'trailing_squash_divisor': 2.0, 'giveback_beta': 0.8, 'capital_protect_mfe_mult': 1.5, 'capital_protect_regression_frac': 0.35}. Best is trial 24 with value: 4.317093488259706.
[I 2026-05-22 12:52:48,184] Trial 43 finished with value: 4.317093488259706 and parameters: {'sl_mult': 0.5, 'trailing_activation_mult': 1.25, 'trailing_power': 1.5, 'trailing_squash_divisor': 2.0, 'giveback_beta': 0.8, 'capital_protect_mfe_mult': 1.5, 'capital_protect_regression_frac': 0.35}. Best is trial 24 with value: 4.317093488259706.
[I 2026-05-22 12:52:48,344] Trial 44 finished with value: 3.6202286891057156 and parameters: {'sl_mult': 0.6, 'trailing_activation_mult': 1.0, 'trailing_power': 1.5, 'trailing_squash_divisor': 5.0, 'giveback_beta': 0.4, 'capital_protect_mfe_mult': 1.5, 'capital_protect_regression_frac': 0.55}. Best is trial 24 with value: 4.317093488259706.
[I 2026-05-22 12:52:48,390] Trial 45 finished with value: 3.6911021159845405 and parameters: {'sl_mult': 0.5, 'trailing_activation_mult': 1.25, 'trailing_power': 1.9, 'trailing_squash_divisor': 4.0, 'giveback_beta': 0.5, 'capital_protect_mfe_mult': 1.5, 'capital_protect_regression_frac': 0.35}. Best is trial 24 with value: 4.317093488259706.
[I 2026-05-22 12:52:48,438] Trial 46 finished with value: 3.829946530540474 and parameters: {'sl_mult': 0.9, 'trailing_activation_mult': 1.5, 'trailing_power': 1.3, 'trailing_squash_divisor': 2.5, 'giveback_beta': 0.95, 'capital_protect_mfe_mult': 1.5, 'capital_protect_regression_frac': 0.25}. Best is trial 24 with value: 4.317093488259706.
[I 2026-05-22 12:52:48,487] Trial 47 finished with value: 3.8190239518182354 and parameters: {'sl_mult': 0.5, 'trailing_activation_mult': 2.5, 'trailing_power': 2.0, 'trailing_squash_divisor': 2.0, 'giveback_beta': 0.6, 'capital_protect_mfe_mult': 1.25, 'capital_protect_regression_frac': 0.65}. Best is trial 24 with value: 4.317093488259706.
[I 2026-05-22 12:52:48,537] Trial 48 finished with value: 3.6256721887504684 and parameters: {'sl_mult': 0.7, 'trailing_activation_mult': 2.0, 'trailing_power': 1.8, 'trailing_squash_divisor': 3.5, 'giveback_beta': 0.8, 'capital_protect_mfe_mult': 1.0, 'capital_protect_regression_frac': 0.45}. Best is trial 24 with value: 4.317093488259706.
[I 2026-05-22 12:52:48,587] Trial 49 finished with value: 3.7696508323191664 and parameters: {'sl_mult': 1.0, 'trailing_activation_mult': 1.25, 'trailing_power': 1.5, 'trailing_squash_divisor': 3.0, 'giveback_beta': 0.7, 'capital_protect_mfe_mult': 1.5, 'capital_protect_regression_frac': 0.35}. Best is trial 24 with value: 4.317093488259706.
[I 2026-05-22 12:52:48,636] Trial 50 finished with value: 4.421201421378646 and parameters: {'sl_mult': 0.5, 'trailing_activation_mult': 1.25, 'trailing_power': 1.6, 'trailing_squash_divisor': 2.0, 'giveback_beta': 0.3, 'capital_protect_mfe_mult': 0.75, 'capital_protect_regression_frac': 0.45}. Best is trial 50 with value: 4.421201421378646.
[I 2026-05-22 12:52:48,684] Trial 51 finished with value: 4.421201421378646 and parameters: {'sl_mult': 0.5, 'trailing_activation_mult': 1.25, 'trailing_power': 1.6, 'trailing_squash_divisor': 2.0, 'giveback_beta': 0.3, 'capital_protect_mfe_mult': 0.75, 'capital_protect_regression_frac': 0.45}. Best is trial 50 with value: 4.421201421378646.
[I 2026-05-22 12:52:48,733] Trial 52 finished with value: 4.421201421378646 and parameters: {'sl_mult': 0.5, 'trailing_activation_mult': 1.25, 'trailing_power': 1.6, 'trailing_squash_divisor': 2.0, 'giveback_beta': 0.3, 'capital_protect_mfe_mult': 0.75, 'capital_protect_regression_frac': 0.45}. Best is trial 50 with value: 4.421201421378646.
[I 2026-05-22 12:52:48,782] Trial 53 finished with value: 4.261272607278078 and parameters: {'sl_mult': 0.8, 'trailing_activation_mult': 1.25, 'trailing_power': 1.6, 'trailing_squash_divisor': 2.0, 'giveback_beta': 0.3, 'capital_protect_mfe_mult': 0.75, 'capital_protect_regression_frac': 0.45}. Best is trial 50 with value: 4.421201421378646.
[I 2026-05-22 12:52:48,832] Trial 54 finished with value: 3.6516138631966895 and parameters: {'sl_mult': 0.5, 'trailing_activation_mult': 1.25, 'trailing_power': 1.6, 'trailing_squash_divisor': 6.0, 'giveback_beta': 0.3, 'capital_protect_mfe_mult': 0.75, 'capital_protect_regression_frac': 0.45}. Best is trial 50 with value: 4.421201421378646.
[I 2026-05-22 12:52:48,882] Trial 55 finished with value: 4.248329903464764 and parameters: {'sl_mult': 1.2, 'trailing_activation_mult': 1.0, 'trailing_power': 1.6, 'trailing_squash_divisor': 2.0, 'giveback_beta': 0.3, 'capital_protect_mfe_mult': 0.75, 'capital_protect_regression_frac': 0.45}. Best is trial 50 with value: 4.421201421378646.
[I 2026-05-22 12:52:48,935] Trial 56 finished with value: 3.5424632630776616 and parameters: {'sl_mult': 1.4, 'trailing_activation_mult': 2.5, 'trailing_power': 1.6, 'trailing_squash_divisor': 2.0, 'giveback_beta': 0.3, 'capital_protect_mfe_mult': 0.75, 'capital_protect_regression_frac': 0.45}. Best is trial 50 with value: 4.421201421378646.
[I 2026-05-22 12:52:48,986] Trial 57 finished with value: 4.073388495529071 and parameters: {'sl_mult': 1.3, 'trailing_activation_mult': 1.5, 'trailing_power': 1.6, 'trailing_squash_divisor': 1.0, 'giveback_beta': 0.3, 'capital_protect_mfe_mult': 0.75, 'capital_protect_regression_frac': 0.45}. Best is trial 50 with value: 4.421201421378646.
[I 2026-05-22 12:52:49,037] Trial 58 finished with value: 3.9542613612371498 and parameters: {'sl_mult': 0.5, 'trailing_activation_mult': 2.0, 'trailing_power': 1.6, 'trailing_squash_divisor': 4.0, 'giveback_beta': 0.3, 'capital_protect_mfe_mult': 0.75, 'capital_protect_regression_frac': 0.45}. Best is trial 50 with value: 4.421201421378646.
[I 2026-05-22 12:52:49,086] Trial 59 finished with value: 3.759000338887563 and parameters: {'sl_mult': 1.1, 'trailing_activation_mult': 0.5, 'trailing_power': 1.2, 'trailing_squash_divisor': 5.0, 'giveback_beta': 0.3, 'capital_protect_mfe_mult': 0.75, 'capital_protect_regression_frac': 0.45}. Best is trial 50 with value: 4.421201421378646.
[I 2026-05-22 12:52:49,135] Trial 60 finished with value: 4.421201421378646 and parameters: {'sl_mult': 0.5, 'trailing_activation_mult': 1.25, 'trailing_power': 1.6, 'trailing_squash_divisor': 2.0, 'giveback_beta': 0.3, 'capital_protect_mfe_mult': 0.75, 'capital_protect_regression_frac': 0.45}. Best is trial 50 with value: 4.421201421378646.
[I 2026-05-22 12:52:49,184] Trial 61 finished with value: 4.421201421378646 and parameters: {'sl_mult': 0.5, 'trailing_activation_mult': 1.25, 'trailing_power': 1.6, 'trailing_squash_divisor': 2.0, 'giveback_beta': 0.3, 'capital_protect_mfe_mult': 0.75, 'capital_protect_regression_frac': 0.45}. Best is trial 50 with value: 4.421201421378646.
[I 2026-05-22 12:52:49,238] Trial 62 finished with value: 4.421201421378646 and parameters: {'sl_mult': 0.5, 'trailing_activation_mult': 1.25, 'trailing_power': 1.6, 'trailing_squash_divisor': 2.0, 'giveback_beta': 0.3, 'capital_protect_mfe_mult': 0.75, 'capital_protect_regression_frac': 0.45}. Best is trial 50 with value: 4.421201421378646.
[I 2026-05-22 12:52:49,295] Trial 63 finished with value: 4.421201421378646 and parameters: {'sl_mult': 0.5, 'trailing_activation_mult': 1.25, 'trailing_power': 1.6, 'trailing_squash_divisor': 2.0, 'giveback_beta': 0.3, 'capital_protect_mfe_mult': 0.75, 'capital_protect_regression_frac': 0.45}. Best is trial 50 with value: 4.421201421378646.
