[I 2026-05-22 12:52:49,343] Trial 64 finished with value: 4.2391705511487086 and parameters: {'sl_mult': 0.5, 'trailing_activation_mult': 1.25, 'trailing_power': 1.6, 'trailing_squash_divisor': 3.0, 'giveback_beta': 0.3, 'capital_protect_mfe_mult': 0.75, 'capital_protect_regression_frac': 0.45}. Best is trial 50 with value: 4.421201421378646.
[I 2026-05-22 12:52:49,390] Trial 65 finished with value: 4.221445566881448 and parameters: {'sl_mult': 0.9, 'trailing_activation_mult': 1.25, 'trailing_power': 1.6, 'trailing_squash_divisor': 2.0, 'giveback_beta': 0.3, 'capital_protect_mfe_mult': 0.75, 'capital_protect_regression_frac': 0.45}. Best is trial 50 with value: 4.421201421378646.
[I 2026-05-22 12:52:49,436] Trial 66 finished with value: 4.227829858358018 and parameters: {'sl_mult': 1.0, 'trailing_activation_mult': 1.25, 'trailing_power': 1.6, 'trailing_squash_divisor': 2.0, 'giveback_beta': 0.3, 'capital_protect_mfe_mult': 0.75, 'capital_protect_regression_frac': 0.45}. Best is trial 50 with value: 4.421201421378646.
[I 2026-05-22 12:52:49,482] Trial 67 finished with value: 4.421201421378646 and parameters: {'sl_mult': 0.5, 'trailing_activation_mult': 1.25, 'trailing_power': 1.6, 'trailing_squash_divisor': 2.0, 'giveback_beta': 0.3, 'capital_protect_mfe_mult': 0.75, 'capital_protect_regression_frac': 0.45}. Best is trial 50 with value: 4.421201421378646.
[I 2026-05-22 12:52:49,529] Trial 68 finished with value: 4.208845252078026 and parameters: {'sl_mult': 0.8, 'trailing_activation_mult': 1.25, 'trailing_power': 1.6, 'trailing_squash_divisor': 2.5, 'giveback_beta': 0.3, 'capital_protect_mfe_mult': 0.75, 'capital_protect_regression_frac': 0.45}. Best is trial 50 with value: 4.421201421378646.
[I 2026-05-22 12:52:49,575] Trial 69 finished with value: 4.105649447243195 and parameters: {'sl_mult': 0.5, 'trailing_activation_mult': 1.25, 'trailing_power': 1.6, 'trailing_squash_divisor': 3.5, 'giveback_beta': 0.3, 'capital_protect_mfe_mult': 0.75, 'capital_protect_regression_frac': 0.45}. Best is trial 50 with value: 4.421201421378646.
[I 2026-05-22 12:52:49,622] Trial 70 finished with value: 4.248329903464764 and parameters: {'sl_mult': 1.2, 'trailing_activation_mult': 1.0, 'trailing_power': 1.6, 'trailing_squash_divisor': 2.0, 'giveback_beta': 0.3, 'capital_protect_mfe_mult': 0.75, 'capital_protect_regression_frac': 0.45}. Best is trial 50 with value: 4.421201421378646.
[I 2026-05-22 12:52:49,771] Trial 71 finished with value: 4.421201421378646 and parameters: {'sl_mult': 0.5, 'trailing_activation_mult': 1.25, 'trailing_power': 1.6, 'trailing_squash_divisor': 2.0, 'giveback_beta': 0.3, 'capital_protect_mfe_mult': 0.75, 'capital_protect_regression_frac': 0.45}. Best is trial 50 with value: 4.421201421378646.
[I 2026-05-22 12:52:49,817] Trial 72 finished with value: 4.421201421378646 and parameters: {'sl_mult': 0.5, 'trailing_activation_mult': 1.25, 'trailing_power': 1.6, 'trailing_squash_divisor': 2.0, 'giveback_beta': 0.3, 'capital_protect_mfe_mult': 0.75, 'capital_protect_regression_frac': 0.45}. Best is trial 50 with value: 4.421201421378646.
[I 2026-05-22 12:52:49,865] Trial 73 finished with value: 4.421201421378646 and parameters: {'sl_mult': 0.5, 'trailing_activation_mult': 1.25, 'trailing_power': 1.6, 'trailing_squash_divisor': 2.0, 'giveback_beta': 0.3, 'capital_protect_mfe_mult': 0.75, 'capital_protect_regression_frac': 0.45}. Best is trial 50 with value: 4.421201421378646.
[I 2026-05-22 12:52:49,912] Trial 74 finished with value: 4.253100611362607 and parameters: {'sl_mult': 0.6, 'trailing_activation_mult': 1.25, 'trailing_power': 1.6, 'trailing_squash_divisor': 2.0, 'giveback_beta': 0.3, 'capital_protect_mfe_mult': 0.75, 'capital_protect_regression_frac': 0.45}. Best is trial 50 with value: 4.421201421378646.
[I 2026-05-22 12:52:49,961] Trial 75 finished with value: 3.4669621347333304 and parameters: {'sl_mult': 0.5, 'trailing_activation_mult': 2.5, 'trailing_power': 1.6, 'trailing_squash_divisor': 6.0, 'giveback_beta': 0.3, 'capital_protect_mfe_mult': 0.75, 'capital_protect_regression_frac': 0.45}. Best is trial 50 with value: 4.421201421378646.
[I 2026-05-22 12:52:50,008] Trial 76 finished with value: 4.480134360922966 and parameters: {'sl_mult': 0.5, 'trailing_activation_mult': 1.25, 'trailing_power': 1.4, 'trailing_squash_divisor': 1.0, 'giveback_beta': 0.95, 'capital_protect_mfe_mult': 0.75, 'capital_protect_regression_frac': 0.45}. Best is trial 76 with value: 4.480134360922966.
[I 2026-05-22 12:52:50,056] Trial 77 finished with value: 4.2091386338463055 and parameters: {'sl_mult': 0.7, 'trailing_activation_mult': 1.5, 'trailing_power': 1.4, 'trailing_squash_divisor': 1.0, 'giveback_beta': 0.95, 'capital_protect_mfe_mult': 0.75, 'capital_protect_regression_frac': 0.45}. Best is trial 76 with value: 4.480134360922966.
[I 2026-05-22 12:52:50,104] Trial 78 finished with value: 4.152185009641107 and parameters: {'sl_mult': 0.5, 'trailing_activation_mult': 2.0, 'trailing_power': 1.4, 'trailing_squash_divisor': 1.0, 'giveback_beta': 0.95, 'capital_protect_mfe_mult': 0.75, 'capital_protect_regression_frac': 0.25}. Best is trial 76 with value: 4.480134360922966.
[I 2026-05-22 12:52:50,152] Trial 79 finished with value: 4.480134360922966 and parameters: {'sl_mult': 0.5, 'trailing_activation_mult': 1.25, 'trailing_power': 1.4, 'trailing_squash_divisor': 1.0, 'giveback_beta': 0.95, 'capital_protect_mfe_mult': 0.75, 'capital_protect_regression_frac': 0.45}. Best is trial 76 with value: 4.480134360922966.
[I 2026-05-22 12:52:50,202] Trial 80 finished with value: 4.115444764838321 and parameters: {'sl_mult': 1.4, 'trailing_activation_mult': 0.5, 'trailing_power': 1.4, 'trailing_squash_divisor': 1.0, 'giveback_beta': 0.95, 'capital_protect_mfe_mult': 0.75, 'capital_protect_regression_frac': 0.55}. Best is trial 76 with value: 4.480134360922966.
[I 2026-05-22 12:52:50,252] Trial 81 finished with value: 4.480134360922966 and parameters: {'sl_mult': 0.5, 'trailing_activation_mult': 1.25, 'trailing_power': 1.4, 'trailing_squash_divisor': 1.0, 'giveback_beta': 0.95, 'capital_protect_mfe_mult': 0.75, 'capital_protect_regression_frac': 0.45}. Best is trial 76 with value: 4.480134360922966.
[I 2026-05-22 12:52:50,302] Trial 82 finished with value: 4.480134360922966 and parameters: {'sl_mult': 0.5, 'trailing_activation_mult': 1.25, 'trailing_power': 1.4, 'trailing_squash_divisor': 1.0, 'giveback_beta': 0.95, 'capital_protect_mfe_mult': 0.75, 'capital_protect_regression_frac': 0.45}. Best is trial 76 with value: 4.480134360922966.
[I 2026-05-22 12:52:50,352] Trial 83 finished with value: 4.480134360922966 and parameters: {'sl_mult': 0.5, 'trailing_activation_mult': 1.25, 'trailing_power': 1.4, 'trailing_squash_divisor': 1.0, 'giveback_beta': 0.95, 'capital_protect_mfe_mult': 0.75, 'capital_protect_regression_frac': 0.45}. Best is trial 76 with value: 4.480134360922966.
[I 2026-05-22 12:52:50,402] Trial 84 finished with value: 4.480134360922966 and parameters: {'sl_mult': 0.5, 'trailing_activation_mult': 1.25, 'trailing_power': 1.4, 'trailing_squash_divisor': 1.0, 'giveback_beta': 0.95, 'capital_protect_mfe_mult': 0.75, 'capital_protect_regression_frac': 0.65}. Best is trial 76 with value: 4.480134360922966.
[I 2026-05-22 12:52:50,453] Trial 85 finished with value: 4.279829301289283 and parameters: {'sl_mult': 1.3, 'trailing_activation_mult': 1.25, 'trailing_power': 1.4, 'trailing_squash_divisor': 1.0, 'giveback_beta': 0.95, 'capital_protect_mfe_mult': 1.0, 'capital_protect_regression_frac': 0.65}. Best is trial 76 with value: 4.480134360922966.
[I 2026-05-22 12:52:50,527] Trial 86 finished with value: 4.480134360922966 and parameters: {'sl_mult': 0.5, 'trailing_activation_mult': 1.25, 'trailing_power': 1.4, 'trailing_squash_divisor': 1.0, 'giveback_beta': 0.95, 'capital_protect_mfe_mult': 0.75, 'capital_protect_regression_frac': 0.65}. Best is trial 76 with value: 4.480134360922966.
[I 2026-05-22 12:52:50,579] Trial 87 finished with value: 4.422038048133254 and parameters: {'sl_mult': 0.5, 'trailing_activation_mult': 0.75, 'trailing_power': 1.4, 'trailing_squash_divisor': 1.0, 'giveback_beta': 0.95, 'capital_protect_mfe_mult': 1.25, 'capital_protect_regression_frac': 0.65}. Best is trial 76 with value: 4.480134360922966.
[I 2026-05-22 12:52:50,632] Trial 88 finished with value: 4.162014868389815 and parameters: {'sl_mult': 1.1, 'trailing_activation_mult': 0.75, 'trailing_power': 1.4, 'trailing_squash_divisor': 1.0, 'giveback_beta': 0.95, 'capital_protect_mfe_mult': 1.25, 'capital_protect_regression_frac': 0.65}. Best is trial 76 with value: 4.480134360922966.
[I 2026-05-22 12:52:50,686] Trial 89 finished with value: 4.2827440713532265 and parameters: {'sl_mult': 1.5, 'trailing_activation_mult': 0.75, 'trailing_power': 1.4, 'trailing_squash_divisor': 1.0, 'giveback_beta': 0.95, 'capital_protect_mfe_mult': 1.25, 'capital_protect_regression_frac': 0.65}. Best is trial 76 with value: 4.480134360922966.
[I 2026-05-22 12:52:50,740] Trial 90 finished with value: 4.422038048133254 and parameters: {'sl_mult': 0.5, 'trailing_activation_mult': 0.75, 'trailing_power': 1.4, 'trailing_squash_divisor': 1.0, 'giveback_beta': 0.95, 'capital_protect_mfe_mult': 1.25, 'capital_protect_regression_frac': 0.65}. Best is trial 76 with value: 4.480134360922966.
[I 2026-05-22 12:52:50,793] Trial 91 finished with value: 4.422038048133254 and parameters: {'sl_mult': 0.5, 'trailing_activation_mult': 0.75, 'trailing_power': 1.4, 'trailing_squash_divisor': 1.0, 'giveback_beta': 0.95, 'capital_protect_mfe_mult': 1.25, 'capital_protect_regression_frac': 0.65}. Best is trial 76 with value: 4.480134360922966.
[I 2026-05-22 12:52:50,848] Trial 92 finished with value: 4.422038048133254 and parameters: {'sl_mult': 0.5, 'trailing_activation_mult': 0.75, 'trailing_power': 1.4, 'trailing_squash_divisor': 1.0, 'giveback_beta': 0.95, 'capital_protect_mfe_mult': 1.25, 'capital_protect_regression_frac': 0.65}. Best is trial 76 with value: 4.480134360922966.
[I 2026-05-22 12:52:50,903] Trial 93 finished with value: 4.422038048133254 and parameters: {'sl_mult': 0.5, 'trailing_activation_mult': 0.75, 'trailing_power': 1.4, 'trailing_squash_divisor': 1.0, 'giveback_beta': 0.95, 'capital_protect_mfe_mult': 1.25, 'capital_protect_regression_frac': 0.65}. Best is trial 76 with value: 4.480134360922966.
[I 2026-05-22 12:52:50,956] Trial 94 finished with value: 4.422038048133254 and parameters: {'sl_mult': 0.5, 'trailing_activation_mult': 0.75, 'trailing_power': 1.4, 'trailing_squash_divisor': 1.0, 'giveback_beta': 0.95, 'capital_protect_mfe_mult': 1.25, 'capital_protect_regression_frac': 0.65}. Best is trial 76 with value: 4.480134360922966.
[I 2026-05-22 12:52:51,118] Trial 95 finished with value: 4.325175621383823 and parameters: {'sl_mult': 0.9, 'trailing_activation_mult': 0.75, 'trailing_power': 1.4, 'trailing_squash_divisor': 1.0, 'giveback_beta': 0.95, 'capital_protect_mfe_mult': 1.25, 'capital_protect_regression_frac': 0.65}. Best is trial 76 with value: 4.480134360922966.
[I 2026-05-22 12:52:51,170] Trial 96 finished with value: 4.422038048133254 and parameters: {'sl_mult': 0.5, 'trailing_activation_mult': 0.75, 'trailing_power': 1.4, 'trailing_squash_divisor': 1.0, 'giveback_beta': 0.95, 'capital_protect_mfe_mult': 1.25, 'capital_protect_regression_frac': 0.65}. Best is trial 76 with value: 4.480134360922966.
[I 2026-05-22 12:52:51,223] Trial 97 finished with value: 4.146076092799194 and parameters: {'sl_mult': 1.0, 'trailing_activation_mult': 0.75, 'trailing_power': 1.4, 'trailing_squash_divisor': 1.0, 'giveback_beta': 0.95, 'capital_protect_mfe_mult': 1.25, 'capital_protect_regression_frac': 0.65}. Best is trial 76 with value: 4.480134360922966.
[I 2026-05-22 12:52:51,277] Trial 98 finished with value: 4.243803009623662 and parameters: {'sl_mult': 0.6, 'trailing_activation_mult': 0.75, 'trailing_power': 1.4, 'trailing_squash_divisor': 1.0, 'giveback_beta': 0.95, 'capital_protect_mfe_mult': 1.25, 'capital_protect_regression_frac': 0.65}. Best is trial 76 with value: 4.480134360922966.
[I 2026-05-22 12:52:51,329] Trial 99 finished with value: 4.422038048133254 and parameters: {'sl_mult': 0.5, 'trailing_activation_mult': 0.75, 'trailing_power': 1.4, 'trailing_squash_divisor': 1.0, 'giveback_beta': 0.95, 'capital_protect_mfe_mult': 1.25, 'capital_protect_regression_frac': 0.65}. Best is trial 76 with value: 4.480134360922966.
[I 2026-05-22 12:52:51,381] Trial 100 finished with value: 4.303009869973176 and parameters: {'sl_mult': 0.8, 'trailing_activation_mult': 0.75, 'trailing_power': 1.4, 'trailing_squash_divisor': 1.0, 'giveback_beta': 0.95, 'capital_protect_mfe_mult': 1.0, 'capital_protect_regression_frac': 0.65}. Best is trial 76 with value: 4.480134360922966.
[I 2026-05-22 12:52:51,432] Trial 101 finished with value: 4.422038048133254 and parameters: {'sl_mult': 0.5, 'trailing_activation_mult': 0.75, 'trailing_power': 1.4, 'trailing_squash_divisor': 1.0, 'giveback_beta': 0.95, 'capital_protect_mfe_mult': 1.25, 'capital_protect_regression_frac': 0.65}. Best is trial 76 with value: 4.480134360922966.
[I 2026-05-22 12:52:51,484] Trial 102 finished with value: 4.422038048133254 and parameters: {'sl_mult': 0.5, 'trailing_activation_mult': 0.75, 'trailing_power': 1.4, 'trailing_squash_divisor': 1.0, 'giveback_beta': 0.95, 'capital_protect_mfe_mult': 1.25, 'capital_protect_regression_frac': 0.65}. Best is trial 76 with value: 4.480134360922966.
[I 2026-05-22 12:52:51,536] Trial 103 finished with value: 4.422038048133254 and parameters: {'sl_mult': 0.5, 'trailing_activation_mult': 0.75, 'trailing_power': 1.4, 'trailing_squash_divisor': 1.0, 'giveback_beta': 0.95, 'capital_protect_mfe_mult': 1.25, 'capital_protect_regression_frac': 0.65}. Best is trial 76 with value: 4.480134360922966.
[I 2026-05-22 12:52:51,590] Trial 104 finished with value: 4.422038048133254 and parameters: {'sl_mult': 0.5, 'trailing_activation_mult': 0.75, 'trailing_power': 1.4, 'trailing_squash_divisor': 1.0, 'giveback_beta': 0.95, 'capital_protect_mfe_mult': 1.25, 'capital_protect_regression_frac': 0.65}. Best is trial 76 with value: 4.480134360922966.
[I 2026-05-22 12:52:51,644] Trial 105 finished with value: 4.485879870562348 and parameters: {'sl_mult': 0.5, 'trailing_activation_mult': 1.0, 'trailing_power': 1.4, 'trailing_squash_divisor': 1.0, 'giveback_beta': 0.4, 'capital_protect_mfe_mult': 1.25, 'capital_protect_regression_frac': 0.65}. Best is trial 105 with value: 4.485879870562348.
[I 2026-05-22 12:52:51,697] Trial 106 finished with value: 4.485879870562348 and parameters: {'sl_mult': 0.5, 'trailing_activation_mult': 1.0, 'trailing_power': 2.0, 'trailing_squash_divisor': 1.0, 'giveback_beta': 0.4, 'capital_protect_mfe_mult': 1.25, 'capital_protect_regression_frac': 0.65}. Best is trial 105 with value: 4.485879870562348.
[I 2026-05-22 12:52:51,750] Trial 107 finished with value: 4.321650800760835 and parameters: {'sl_mult': 1.2, 'trailing_activation_mult': 1.0, 'trailing_power': 2.0, 'trailing_squash_divisor': 1.0, 'giveback_beta': 0.4, 'capital_protect_mfe_mult': 0.0, 'capital_protect_regression_frac': 0.65}. Best is trial 105 with value: 4.485879870562348.
[I 2026-05-22 12:52:51,799] Trial 108 finished with value: 4.345740763074718 and parameters: {'sl_mult': 0.7, 'trailing_activation_mult': 1.0, 'trailing_power': 2.0, 'trailing_squash_divisor': 1.0, 'giveback_beta': 0.4, 'capital_protect_mfe_mult': 0.75, 'capital_protect_regression_frac': 0.65}. Best is trial 105 with value: 4.485879870562348.
[I 2026-05-22 12:52:51,850] Trial 109 finished with value: 4.48516295334557 and parameters: {'sl_mult': 0.5, 'trailing_activation_mult': 1.0, 'trailing_power': 1.3, 'trailing_squash_divisor': 1.5, 'giveback_beta': 0.4, 'capital_protect_mfe_mult': 1.25, 'capital_protect_regression_frac': 0.25}. Best is trial 105 with value: 4.485879870562348.
[I 2026-05-22 12:52:51,904] Trial 110 finished with value: 4.48516295334557 and parameters: {'sl_mult': 0.5, 'trailing_activation_mult': 1.0, 'trailing_power': 1.3, 'trailing_squash_divisor': 1.5, 'giveback_beta': 0.4, 'capital_protect_mfe_mult': 0.75, 'capital_protect_regression_frac': 0.25}. Best is trial 105 with value: 4.485879870562348.
[I 2026-05-22 12:52:51,957] Trial 111 finished with value: 4.48516295334557 and parameters: {'sl_mult': 0.5, 'trailing_activation_mult': 1.0, 'trailing_power': 1.3, 'trailing_squash_divisor': 1.5, 'giveback_beta': 0.4, 'capital_protect_mfe_mult': 0.75, 'capital_protect_regression_frac': 0.25}. Best is trial 105 with value: 4.485879870562348.
[I 2026-05-22 12:52:52,009] Trial 112 finished with value: 4.48516295334557 and parameters: {'sl_mult': 0.5, 'trailing_activation_mult': 1.0, 'trailing_power': 1.3, 'trailing_squash_divisor': 1.5, 'giveback_beta': 0.4, 'capital_protect_mfe_mult': 0.75, 'capital_protect_regression_frac': 0.25}. Best is trial 105 with value: 4.485879870562348.
[I 2026-05-22 12:52:52,061] Trial 113 finished with value: 4.48516295334557 and parameters: {'sl_mult': 0.5, 'trailing_activation_mult': 1.0, 'trailing_power': 1.3, 'trailing_squash_divisor': 1.5, 'giveback_beta': 0.4, 'capital_protect_mfe_mult': 0.75, 'capital_protect_regression_frac': 0.25}. Best is trial 105 with value: 4.485879870562348.
[I 2026-05-22 12:52:52,115] Trial 114 finished with value: 4.48516295334557 and parameters: {'sl_mult': 0.5, 'trailing_activation_mult': 1.0, 'trailing_power': 1.3, 'trailing_squash_divisor': 1.5, 'giveback_beta': 0.4, 'capital_protect_mfe_mult': 0.75, 'capital_protect_regression_frac': 0.25}. Best is trial 105 with value: 4.485879870562348.
[I 2026-05-22 12:52:52,170] Trial 115 finished with value: 4.170479413913563 and parameters: {'sl_mult': 1.4, 'trailing_activation_mult': 1.0, 'trailing_power': 1.3, 'trailing_squash_divisor': 1.5, 'giveback_beta': 0.4, 'capital_protect_mfe_mult': 0.75, 'capital_protect_regression_frac': 0.25}. Best is trial 105 with value: 4.485879870562348.
[I 2026-05-22 12:52:52,223] Trial 116 finished with value: 4.48516295334557 and parameters: {'sl_mult': 0.5, 'trailing_activation_mult': 1.0, 'trailing_power': 1.3, 'trailing_squash_divisor': 1.5, 'giveback_beta': 0.4, 'capital_protect_mfe_mult': 0.75, 'capital_protect_regression_frac': 0.25}. Best is trial 105 with value: 4.485879870562348.
[I 2026-05-22 12:52:52,278] Trial 117 finished with value: 4.286603333195671 and parameters: {'sl_mult': 1.3, 'trailing_activation_mult': 1.0, 'trailing_power': 1.3, 'trailing_squash_divisor': 1.5, 'giveback_beta': 0.4, 'capital_protect_mfe_mult': 0.75, 'capital_protect_regression_frac': 0.25}. Best is trial 105 with value: 4.485879870562348.
[I 2026-05-22 12:52:52,331] Trial 118 finished with value: 4.48516295334557 and parameters: {'sl_mult': 0.5, 'trailing_activation_mult': 1.0, 'trailing_power': 1.3, 'trailing_squash_divisor': 1.5, 'giveback_beta': 0.4, 'capital_protect_mfe_mult': 0.75, 'capital_protect_regression_frac': 0.25}. Best is trial 105 with value: 4.485879870562348.
[I 2026-05-22 12:52:52,386] Trial 119 finished with value: 4.263026369037107 and parameters: {'sl_mult': 1.1, 'trailing_activation_mult': 1.0, 'trailing_power': 1.3, 'trailing_squash_divisor': 1.5, 'giveback_beta': 0.4, 'capital_protect_mfe_mult': 0.75, 'capital_protect_regression_frac': 0.25}. Best is trial 105 with value: 4.485879870562348.
[I 2026-05-22 12:52:52,437] Trial 120 finished with value: 4.48516295334557 and parameters: {'sl_mult': 0.5, 'trailing_activation_mult': 1.0, 'trailing_power': 1.3, 'trailing_squash_divisor': 1.5, 'giveback_beta': 0.4, 'capital_protect_mfe_mult': 0.75, 'capital_protect_regression_frac': 0.25}. Best is trial 105 with value: 4.485879870562348.
[I 2026-05-22 12:52:52,490] Trial 121 finished with value: 4.48516295334557 and parameters: {'sl_mult': 0.5, 'trailing_activation_mult': 1.0, 'trailing_power': 1.3, 'trailing_squash_divisor': 1.5, 'giveback_beta': 0.4, 'capital_protect_mfe_mult': 0.75, 'capital_protect_regression_frac': 0.25}. Best is trial 105 with value: 4.485879870562348.
[I 2026-05-22 12:52:52,650] Trial 122 finished with value: 4.48516295334557 and parameters: {'sl_mult': 0.5, 'trailing_activation_mult': 1.0, 'trailing_power': 1.3, 'trailing_squash_divisor': 1.5, 'giveback_beta': 0.4, 'capital_protect_mfe_mult': 0.75, 'capital_protect_regression_frac': 0.25}. Best is trial 105 with value: 4.485879870562348.
[I 2026-05-22 12:52:52,702] Trial 123 finished with value: 4.48516295334557 and parameters: {'sl_mult': 0.5, 'trailing_activation_mult': 1.0, 'trailing_power': 1.3, 'trailing_squash_divisor': 1.5, 'giveback_beta': 0.4, 'capital_protect_mfe_mult': 0.75, 'capital_protect_regression_frac': 0.25}. Best is trial 105 with value: 4.485879870562348.
[I 2026-05-22 12:52:52,753] Trial 124 finished with value: 4.48516295334557 and parameters: {'sl_mult': 0.5, 'trailing_activation_mult': 1.0, 'trailing_power': 1.3, 'trailing_squash_divisor': 1.5, 'giveback_beta': 0.4, 'capital_protect_mfe_mult': 0.75, 'capital_protect_regression_frac': 0.25}. Best is trial 105 with value: 4.485879870562348.
[I 2026-05-22 12:52:52,805] Trial 125 finished with value: 4.48516295334557 and parameters: {'sl_mult': 0.5, 'trailing_activation_mult': 1.0, 'trailing_power': 1.3, 'trailing_squash_divisor': 1.5, 'giveback_beta': 0.4, 'capital_protect_mfe_mult': 0.75, 'capital_protect_regression_frac': 0.25}. Best is trial 105 with value: 4.485879870562348.
[I 2026-05-22 12:52:52,858] Trial 126 finished with value: 4.2526503237430004 and parameters: {'sl_mult': 1.5, 'trailing_activation_mult': 1.0, 'trailing_power': 1.3, 'trailing_squash_divisor': 1.5, 'giveback_beta': 0.4, 'capital_protect_mfe_mult': 0.75, 'capital_protect_regression_frac': 0.25}. Best is trial 105 with value: 4.485879870562348.
