[I 2026-05-22 11:43:32,300] Trial 15 finished with value: 0.9838225092902164 and parameters: {'alpha_base': 0.02995229256326684, 'alpha_recency': 1.2931503594362717, 'alpha_trade_quality': 0.6222407388148206, 'alpha_tp_opportunity': 1.4821142101706926, 'alpha_meta_magnitude': 0.007928963898090002, 'min_n_eff_ratio': 0.6975009681953841, 'max_top1pct': 0.15399396558659145}. Best is trial 15 with value: 0.9838225092902164.
[2026-05-22 09:43:32 UTC] Weight optimisation complete | best_trial=15 n_trials=16 best_value=0.983823 mem_mb=6615.593750
[2026-05-22 09:43:32 UTC] [base] sample-weight optimization objective=0.98382 alphas={'base': 0.02995229256326684, 'recency': 1.2931503594362717, 'trade_quality': 0.6222407388148206, 'tp_opportunity': 1.4821142101706926, 'meta_magnitude': 0.007928963898090002}
[2026-05-22 09:43:32 UTC] base_optimized weights | mean=2.2521 std=1.0827 p1=0.5000 p5=0.5000 p50=2.9373 p95=3.5597 p99=3.9197 max=4.0000 n_eff=406520.2231 top1pct_share=0.0177 era_neff_min=1010.6656 era_neff_mean=8319.9519
[2026-05-22 09:43:32 UTC] Applied uniqueness+optimized weighting: mean=2.252, std=1.083
[2026-05-22 09:43:33 UTC] Perp row market-data filter applied to train_loc_ema_stack_pos_24_0_43357179_compression_ratio_-0_33411601_mkt_ret_eq_24h_1_1280091_mkt_ret_eq_24h_-0_81129736_up_down_semivol_ratio_tanh_-0_39156261_10: 500,481->462,764 rows
[2026-05-22 09:43:33 UTC] Saving artifact: /Users/remyroche/Documents/Ares/data_perp_policy_rollout_feature_selector_experiment_v3/rollout_off_new_perp/artifacts/20260522_101002/labels/train_loc_ema_stack_pos_24_0_43357179_compression_ratio_-0_33411601_mkt_ret_eq_24h_1_1280091_mkt_ret_eq_24h_-0_81129736_up_down_semivol_ratio_tanh_-0_39156261_10.parquet
[2026-05-22 09:43:34 UTC] Spike anatomy and specialist model datasets are disabled.
[2026-05-22 09:43:34 UTC] Wrote labels manifest with 1 entries to /Users/remyroche/Documents/Ares/data_perp_policy_rollout_feature_selector_experiment_v3/rollout_off_new_perp/artifacts/20260522_101002/labels/labels_manifest.json
[2026-05-22 09:43:34 UTC] Label slice-planner filtering disabled for label step; saving generated datasets directly.
[2026-05-22 09:43:34 UTC] Preserving existing incremental labels manifest at /Users/remyroche/Documents/Ares/data_perp_policy_rollout_feature_selector_experiment_v3/rollout_off_new_perp/artifacts/20260522_101002/labels/labels_manifest.json
[2026-05-22 09:43:34 UTC] Label bucket report: None
[2026-05-22 09:43:34 UTC] STEP: LABEL GENERATION COMPLETE
[2026-05-22 09:43:34 UTC] LABELS PIPELINE COMPLETE
[2026-05-22 09:43:34 UTC] CACHE[labels:end]: skipped cache wipe (mem_avail=9.1GB)
[2026-05-22 09:43:34 UTC] GC[labels:end]: collected=33
verified labels manifest: 1 datasets
[2026-05-22 09:43:36 UTC] Entering function: retry_with_backoff in utils.py
2026-05-22 11:43:37,305 - DataQualityFramework - INFO - ℹ️ ✅ Comprehensive duplicate analyzer integrated
2026-05-22 11:43:37,305 - DataQualityFramework - INFO - ℹ️ 🔧 Unified Data Quality Framework initialized (singleton)
[2026-05-22 11:43:37.305] PERFORMANCE: DataQualityFramework initialization took 0.000s
2026-05-22 11:43:37,305 - System.tprint - INFO - ℹ️ DataQualityFramework initialization took 0.000s
2026-05-22 11:43:37,477 - ares.registry - INFO - ℹ️ Registered step: data_download
2026-05-22 11:43:37,480 - System.AdvancedQualityMetrics - INFO - ℹ️ 📊 AdvancedQualityMetrics initialized with tolerant parameters
[2026-05-22 11:43:37.480] PERFORMANCE: AdvancedQualityMetrics initialization took 0.000s
2026-05-22 11:43:37,480 - System.tprint - INFO - ℹ️ AdvancedQualityMetrics initialization took 0.000s
2026-05-22 11:43:37,482 - DataCleaner - INFO - ℹ️ Using klines-specific gap thresholds: {<GapType.SMALL: 'small'>: 65, <GapType.MEDIUM: 'medium'>: 300, <GapType.LARGE: 'large'>: 1800, <GapType.CRITICAL: 'critical'>: 3600}
[2026-05-22 11:43:37.482] PERFORMANCE: DataCleaner(klines) initialization took 0.000s
2026-05-22 11:43:37,482 - System.tprint - INFO - ℹ️ DataCleaner(klines) initialization took 0.000s
2026-05-22 11:43:37,482 - DataCleanerManager - INFO - ℹ️ 🔧 DataCleanerManager initialized (singleton)
[2026-05-22 11:43:37.491] DEBUG: 🔧 [features_common.utils] Initializing common utilities module
[2026-05-22 11:43:37.491] SUCCESS: ✅ [features_common.utils] Math validation utilities loaded
2026-05-22 11:43:37,491 - System.tprint - INFO - ℹ️ ✅ [features_common.utils] Math validation utilities loaded
[2026-05-22 11:43:37.491] DEBUG: 🔧 [features_common.utils] Common utilities module initialized
2026-05-22 11:43:39,343 - src.utils.hardware.m1_gpu_utils.M1GPUManager - INFO - ℹ️ M1 GPU Manager initialized - M1: True, Generation: m1, MPS: True
2026-05-22 11:43:39,358 - src.utils.hardware.m1_cpu_optimizer.M1CPUOptimizer - INFO - ℹ️ 🧠 M1 CPU Optimizer initialized for M1 (4P+4E cores)
[2026-05-22 11:43:39.432] DEBUG: 🔧 [transforms] Module initialized with 15 exports
2026-05-22 11:43:39,432 - src.features_common.backward_compatibility - INFO - ℹ️ Backward compatibility ensured for features_common
[2026-05-22 11:43:39.433] DEBUG: 🔧 [optimization] Module initialized with 6 exports
[2026-05-22 11:43:39.433] DEBUG: 🔧 [registry] Module initialized with BaseFeatureRegistry
[2026-05-22 11:43:39.435] DEBUG: 🚀 [features_common] Enhanced module initialized with 59 exports
[2026-05-22 11:43:39.435] SUCCESS: ✅ [features_common] All optimizations enabled by default
2026-05-22 11:43:39,435 - System.tprint - INFO - ℹ️ ✅ [features_common] All optimizations enabled by default
[2026-05-22 11:43:39.435] INFO: 🔧 [features_common] VectorBT integration available
2026-05-22 11:43:39,435 - System.tprint - INFO - ℹ️ 🔧 [features_common] VectorBT integration available
[2026-05-22 11:43:39.435] PERFORMANCE: 📊 [features_common] Performance monitoring enabled
2026-05-22 11:43:39,435 - System.tprint - INFO - ℹ️ 📊 [features_common] Performance monitoring enabled
[2026-05-22 11:43:39.435] WARNING: 💾 [features_common] Intelligent caching active
2026-05-22 11:43:39,435 - System.tprint - WARNING - ⚠️ 💾 [features_common] Intelligent caching active
2026-05-22 11:43:39,436 - System.DataStreamingManager - INFO - ℹ️ 🚀 DataStreamingManager initialized (singleton): chunk_size=10000, memory_threshold=0.8
[2026-05-22 11:43:39.435] PERFORMANCE: DataStreamingManager initialization took 0.000s
2026-05-22 11:43:39,436 - System.tprint - INFO - ℹ️ DataStreamingManager initialization took 0.000s
[2026-05-22 11:43:39.438] ✅ Custom logger available for MLCommon.ValidationUtils
2026-05-22 11:43:39,438 - System.tprint - INFO - ℹ️ ✅ Custom logger available for MLCommon.ValidationUtils
2026-05-22 11:43:39,439 - System.CrossStepValidator - INFO - ℹ️ 🔍 CrossStepValidator initialized with comprehensive consistency rules
2026-05-22 11:43:39,440 - System.UnifiedDataUtils - INFO - ℹ️ 🚀 Unified Data Utils initialized
[2026-05-22 09:43:39 UTC] EBMOnLGBM: J weights do not sum to 1.0 (sum=0.900000); using them as provided.
[2026-05-22 09:43:39 UTC] GC: Collected 42 objects on startup.
[2026-05-22 09:43:39 UTC] EPM_DATA_ROOT override: data_root=/Users/remyroche/Documents/Ares/data_perp_policy_rollout_feature_selector_experiment_v3/rollout_off_new
[2026-05-22 09:43:39 UTC] Kraken perps: feature portability strict mode disabled so unavailable open-interest feature families are pruned instead of required.
[2026-05-22 09:43:39 UTC] Market mode: perps exchange=kraken scope=krakenfutures (data_root=/Users/remyroche/Documents/Ares/data_perp_policy_rollout_feature_selector_experiment_v3/rollout_off_new_perp, reports_root=/Users/remyroche/Documents/Ares/data_perp_policy_rollout_feature_selector_experiment_v3/rollout_off_new/reports_perp)
[2026-05-22 09:43:39 UTC] CLI model backend override: lgbm_pipeline
[2026-05-22 09:43:39 UTC] Planner preset: fast (full_inference_retrain=False)
[2026-05-22 09:43:39 UTC] CACHE[train:start]: skipped cache wipe (mem_avail=10.9GB)
[2026-05-22 09:43:39 UTC] GC[train:start]: collected=66
[2026-05-22 09:43:39 UTC] Train backend: lgbm_pipeline
[2026-05-22 09:43:39 UTC] Base override: base_hpo_n_trials=80
[2026-05-22 09:43:39 UTC] Base override: base_max_strategy_ids=1
[2026-05-22 09:43:39 UTC] Using label-derived slice planning events for 20260522_101002: symbols=236 rows=462764 (baseline_symbols=0).
[2026-05-22 09:43:39 UTC] Building new slice plan for 20260522_101002
[slice_planner] validated events n=462764 symbols=236 period=2023-03-13 03:00:00+00:00 -> 2026-05-15 20:00:00+00:00
[slice_planner] outer=0 preset=fast mode=all_symbols/subsample valid_role=outer_valid_tail tz=UTC train=15891 valid=2996 test=5255 sym(train/valid/test)=85/84/85 window train[2023-03-13 03:00:00+00:00->2023-09-09 03:00:00+00:00] valid[2023-09-09 03:00:00+00:00->2023-09-23 03:00:00+00:00] test[2023-09-23 03:00:00+00:00->2023-10-23 03:00:00+00:00] actual train[2023-06-02 15:00:00+00:00->2023-09-09 02:00:00+00:00] valid[2023-09-09 03:00:00+00:00->2023-09-23 02:00:00+00:00] test[2023-09-23 03:00:00+00:00->2023-10-20 17:00:00+00:00] sampled_train=True valid_untouched=True test_untouched=True skipped=False reason=None
[slice_planner] outer=1 preset=fast mode=all_symbols/subsample valid_role=outer_valid_tail tz=UTC train=14933 valid=2520 test=7689 sym(train/valid/test)=85/85/90 window train[2023-05-12 03:00:00+00:00->2023-11-08 03:00:00+00:00] valid[2023-11-08 03:00:00+00:00->2023-11-22 03:00:00+00:00] test[2023-11-22 03:00:00+00:00->2023-12-22 03:00:00+00:00] actual train[2023-08-13 21:00:00+00:00->2023-11-08 02:00:00+00:00] valid[2023-11-08 03:00:00+00:00->2023-11-21 10:00:00+00:00] test[2023-11-23 02:00:00+00:00->2023-12-21 20:00:00+00:00] sampled_train=True valid_untouched=True test_untouched=True skipped=False reason=None
[slice_planner] outer=2 preset=fast mode=all_symbols/subsample valid_role=outer_valid_tail tz=UTC train=15721 valid=2030 test=6091 sym(train/valid/test)=90/90/97 window train[2023-07-11 03:00:00+00:00->2024-01-07 03:00:00+00:00] valid[2024-01-07 03:00:00+00:00->2024-01-21 03:00:00+00:00] test[2024-01-21 03:00:00+00:00->2024-02-20 03:00:00+00:00] actual train[2023-10-06 05:00:00+00:00->2024-01-03 15:00:00+00:00] valid[2024-01-09 04:00:00+00:00->2024-01-18 11:00:00+00:00] test[2024-01-21 12:00:00+00:00->2024-02-18 15:00:00+00:00] sampled_train=True valid_untouched=True test_untouched=True skipped=False reason=None
[slice_planner] outer=3 preset=fast mode=all_symbols/subsample valid_role=outer_valid_tail tz=UTC train=16431 valid=2810 test=3467 sym(train/valid/test)=98/99/104 window train[2023-09-09 03:00:00+00:00->2024-03-07 03:00:00+00:00] valid[2024-03-07 03:00:00+00:00->2024-03-21 03:00:00+00:00] test[2024-03-21 03:00:00+00:00->2024-04-20 03:00:00+00:00] actual train[2023-12-13 02:00:00+00:00->2024-03-06 20:00:00+00:00] valid[2024-03-10 13:00:00+00:00->2024-03-21 02:00:00+00:00] test[2024-03-21 03:00:00+00:00->2024-04-20 02:00:00+00:00] sampled_train=True valid_untouched=True test_untouched=True skipped=False reason=None
[slice_planner] outer=4 preset=fast mode=all_symbols/subsample valid_role=outer_valid_tail tz=UTC train=17641 valid=6809 test=10083 sym(train/valid/test)=112/120/129 window train[2023-11-08 03:00:00+00:00->2024-05-06 03:00:00+00:00] valid[2024-05-06 03:00:00+00:00->2024-05-20 03:00:00+00:00] test[2024-05-20 03:00:00+00:00->2024-06-19 03:00:00+00:00] actual train[2024-02-05 16:00:00+00:00->2024-05-06 02:00:00+00:00] valid[2024-05-06 03:00:00+00:00->2024-05-20 02:00:00+00:00] test[2024-05-20 03:00:00+00:00->2024-06-13 13:00:00+00:00] sampled_train=True valid_untouched=True test_untouched=True skipped=False reason=None
[slice_planner] outer=5 preset=fast mode=all_symbols/subsample valid_role=outer_valid_tail tz=UTC train=22940 valid=3727 test=11589 sym(train/valid/test)=138/135/146 window train[2024-01-07 03:00:00+00:00->2024-07-05 03:00:00+00:00] valid[2024-07-05 03:00:00+00:00->2024-07-19 03:00:00+00:00] test[2024-07-19 03:00:00+00:00->2024-08-18 03:00:00+00:00] actual train[2024-05-03 06:00:00+00:00->2024-07-03 20:00:00+00:00] valid[2024-07-06 17:00:00+00:00->2024-07-19 02:00:00+00:00] test[2024-07-19 03:00:00+00:00->2024-08-18 02:00:00+00:00] sampled_train=True valid_untouched=True test_untouched=True skipped=False reason=None
[slice_planner] outer=6 preset=fast mode=all_symbols/subsample valid_role=outer_valid_tail tz=UTC train=28519 valid=8134 test=9644 sym(train/valid/test)=148/148/154 window train[2024-03-07 03:00:00+00:00->2024-09-03 03:00:00+00:00] valid[2024-09-03 03:00:00+00:00->2024-09-17 03:00:00+00:00] test[2024-09-17 03:00:00+00:00->2024-10-17 03:00:00+00:00] actual train[2024-06-13 07:00:00+00:00->2024-09-03 02:00:00+00:00] valid[2024-09-03 03:00:00+00:00->2024-09-16 18:00:00+00:00] test[2024-09-17 04:00:00+00:00->2024-10-17 02:00:00+00:00] sampled_train=True valid_untouched=True test_untouched=True skipped=False reason=None
[slice_planner] outer=7 preset=fast mode=all_symbols/subsample valid_role=outer_valid_tail tz=UTC train=35793 valid=1228 test=7639 sym(train/valid/test)=164/159/181 window train[2024-05-06 03:00:00+00:00->2024-11-02 03:00:00+00:00] valid[2024-11-02 03:00:00+00:00->2024-11-16 03:00:00+00:00] test[2024-11-16 03:00:00+00:00->2024-12-16 03:00:00+00:00] actual train[2024-08-13 04:00:00+00:00->2024-11-01 00:00:00+00:00] valid[2024-11-05 22:00:00+00:00->2024-11-15 22:00:00+00:00] test[2024-11-19 17:00:00+00:00->2024-12-16 02:00:00+00:00] sampled_train=True valid_untouched=True test_untouched=True skipped=False reason=None
[slice_planner] outer=8 preset=fast mode=all_symbols/subsample valid_role=outer_valid_tail tz=UTC train=30201 valid=8227 test=15046 sym(train/valid/test)=185/185/206 window train[2024-07-05 03:00:00+00:00->2025-01-01 03:00:00+00:00] valid[2025-01-01 03:00:00+00:00->2025-01-15 03:00:00+00:00] test[2025-01-15 03:00:00+00:00->2025-02-14 03:00:00+00:00] actual train[2024-09-16 05:00:00+00:00->2025-01-01 02:00:00+00:00] valid[2025-01-01 03:00:00+00:00->2025-01-15 02:00:00+00:00] test[2025-01-15 03:00:00+00:00->2025-02-14 02:00:00+00:00] sampled_train=True valid_untouched=True test_untouched=True skipped=False reason=None
[slice_planner] outer=9 preset=fast mode=all_symbols/subsample valid_role=outer_valid_tail tz=UTC train=36185 valid=6112 test=19677 sym(train/valid/test)=208/210/210 window train[2024-09-03 03:00:00+00:00->2025-03-02 03:00:00+00:00] valid[2025-03-02 03:00:00+00:00->2025-03-16 03:00:00+00:00] test[2025-03-16 03:00:00+00:00->2025-04-15 03:00:00+00:00] actual train[2024-12-17 03:00:00+00:00->2025-03-02 02:00:00+00:00] valid[2025-03-02 03:00:00+00:00->2025-03-16 02:00:00+00:00] test[2025-03-16 03:00:00+00:00->2025-04-15 02:00:00+00:00] sampled_train=True valid_untouched=True test_untouched=True skipped=False reason=None
[slice_planner] outer=10 preset=fast mode=all_symbols/subsample valid_role=outer_valid_tail tz=UTC train=40311 valid=7454 test=17638 sym(train/valid/test)=213/211/216 window train[2024-11-02 03:00:00+00:00->2025-05-01 03:00:00+00:00] valid[2025-05-01 03:00:00+00:00->2025-05-15 03:00:00+00:00] test[2025-05-15 03:00:00+00:00->2025-06-14 03:00:00+00:00] actual train[2025-02-23 08:00:00+00:00->2025-05-01 02:00:00+00:00] valid[2025-05-01 03:00:00+00:00->2025-05-15 02:00:00+00:00] test[2025-05-15 03:00:00+00:00->2025-06-12 23:00:00+00:00] sampled_train=True valid_untouched=True test_untouched=True skipped=False reason=None
[slice_planner] outer=11 preset=fast mode=all_symbols/subsample valid_role=outer_valid_tail tz=UTC train=50976 valid=7894 test=15794 sym(train/valid/test)=217/214/219 window train[2025-01-01 03:00:00+00:00->2025-06-30 03:00:00+00:00] valid[2025-06-30 03:00:00+00:00->2025-07-14 03:00:00+00:00] test[2025-07-14 03:00:00+00:00->2025-08-13 03:00:00+00:00] actual train[2025-04-01 10:00:00+00:00->2025-06-30 02:00:00+00:00] valid[2025-06-30 03:00:00+00:00->2025-07-09 21:00:00+00:00] test[2025-07-15 10:00:00+00:00->2025-08-13 02:00:00+00:00] sampled_train=True valid_untouched=True test_untouched=True skipped=False reason=None
[slice_planner] outer=12 preset=fast mode=all_symbols/subsample valid_role=outer_valid_tail tz=UTC train=50626 valid=8523 test=19265 sym(train/valid/test)=219/219/229 window train[2025-03-02 03:00:00+00:00->2025-08-29 03:00:00+00:00] valid[2025-08-29 03:00:00+00:00->2025-09-12 03:00:00+00:00] test[2025-09-12 03:00:00+00:00->2025-10-12 03:00:00+00:00] actual train[2025-05-26 02:00:00+00:00->2025-08-29 02:00:00+00:00] valid[2025-08-29 03:00:00+00:00->2025-09-12 02:00:00+00:00] test[2025-09-12 03:00:00+00:00->2025-10-10 20:00:00+00:00] sampled_train=True valid_untouched=True test_untouched=True skipped=False reason=None
[slice_planner] outer=13 preset=fast mode=all_symbols/subsample valid_role=outer_valid_tail tz=UTC train=51152 valid=9563 test=17779 sym(train/valid/test)=229/229/231 window train[2025-05-01 03:00:00+00:00->2025-10-28 03:00:00+00:00] valid[2025-10-28 03:00:00+00:00->2025-11-11 03:00:00+00:00] test[2025-11-11 03:00:00+00:00->2025-12-11 03:00:00+00:00] actual train[2025-08-07 02:00:00+00:00->2025-10-28 02:00:00+00:00] valid[2025-10-28 03:00:00+00:00->2025-11-10 04:00:00+00:00] test[2025-11-11 13:00:00+00:00->2025-12-11 02:00:00+00:00] sampled_train=True valid_untouched=True test_untouched=True skipped=False reason=None
[slice_planner] outer=14 preset=fast mode=all_symbols/subsample valid_role=outer_valid_tail tz=UTC train=55095 valid=9357 test=10376 sym(train/valid/test)=236/233/234 window train[2025-06-30 03:00:00+00:00->2025-12-27 03:00:00+00:00] valid[2025-12-27 03:00:00+00:00->2026-01-10 03:00:00+00:00] test[2026-01-10 03:00:00+00:00->2026-02-09 03:00:00+00:00] actual train[2025-10-04 10:00:00+00:00->2025-12-27 02:00:00+00:00] valid[2025-12-27 03:00:00+00:00->2026-01-10 02:00:00+00:00] test[2026-01-10 03:00:00+00:00->2026-01-29 08:00:00+00:00] sampled_train=True valid_untouched=True test_untouched=True skipped=False reason=None
[slice_planner] outer=15 preset=fast mode=all_symbols/subsample valid_role=outer_valid_tail tz=UTC train=52033 valid=14783 test=22829 sym(train/valid/test)=236/236/235 window train[2025-08-29 03:00:00+00:00->2026-02-25 03:00:00+00:00] valid[2026-02-25 03:00:00+00:00->2026-03-11 03:00:00+00:00] test[2026-03-11 03:00:00+00:00->2026-04-10 03:00:00+00:00] actual train[2025-11-24 16:00:00+00:00->2026-02-25 02:00:00+00:00] valid[2026-02-25 03:00:00+00:00->2026-03-11 02:00:00+00:00] test[2026-03-11 03:00:00+00:00->2026-04-10 02:00:00+00:00] sampled_train=True valid_untouched=True test_untouched=True skipped=False reason=None
[slice_planner] outer=16 preset=fast mode=all_symbols/subsample valid_role=outer_valid_tail tz=UTC train=59029 valid=9850 test=3913 sym(train/valid/test)=236/231/216 window train[2025-10-28 03:00:00+00:00->2026-04-26 03:00:00+00:00] valid[2026-04-26 03:00:00+00:00->2026-05-10 03:00:00+00:00] test[2026-05-10 03:00:00+00:00->2026-06-09 03:00:00+00:00] actual train[2026-01-28 12:00:00+00:00->2026-04-26 02:00:00+00:00] valid[2026-04-26 03:00:00+00:00->2026-05-08 16:00:00+00:00] test[2026-05-12 14:00:00+00:00->2026-05-15 20:00:00+00:00] sampled_train=True valid_untouched=True test_untouched=True skipped=False reason=None
[slice_planner] outer=0 inner=0 train=2346 valid=4819 symbols=80/81 valid_role=inner_oof_valid tz=UTC window_valid=2023-07-06 18:00:00+00:00->2023-08-09 06:00:00.000000001+00:00 actual_train=2023-06-21 07:00:00+00:00->2023-07-06 17:00:00+00:00 actual_valid=2023-07-06 18:00:00+00:00->2023-08-09 06:00:00+00:00 sampled_train=True valid_untouched=True skipped=False reason=None
[slice_planner] outer=0 inner=1 train=4756 valid=6380 symbols=81/85 valid_role=inner_oof_valid tz=UTC window_valid=2023-08-09 07:00:00+00:00->2023-09-09 02:00:00.000000001+00:00 actual_train=2023-07-06 20:00:00+00:00->2023-08-09 06:00:00+00:00 actual_valid=2023-08-09 07:00:00+00:00->2023-09-09 02:00:00+00:00 sampled_train=True valid_untouched=True skipped=False reason=None
[slice_planner] outer=1 inner=0 train=2778 valid=4645 symbols=85/85 valid_role=inner_oof_valid tz=UTC window_valid=2023-09-09 02:00:00+00:00->2023-10-03 17:00:00.000000001+00:00 actual_train=2023-08-30 09:00:00+00:00->2023-09-09 01:00:00+00:00 actual_valid=2023-09-09 02:00:00+00:00->2023-10-03 17:00:00+00:00 sampled_train=True valid_untouched=True skipped=False reason=None
[slice_planner] outer=1 inner=1 train=5101 valid=4732 symbols=85/85 valid_role=inner_oof_valid tz=UTC window_valid=2023-10-03 18:00:00+00:00->2023-11-08 02:00:00.000000001+00:00 actual_train=2023-09-08 04:00:00+00:00->2023-10-03 17:00:00+00:00 actual_valid=2023-10-03 18:00:00+00:00->2023-11-08 02:00:00+00:00 sampled_train=True valid_untouched=True skipped=False reason=None
[slice_planner] outer=2 inner=0 train=2886 valid=4110 symbols=85/88 valid_role=inner_oof_valid tz=UTC window_valid=2023-11-17 03:00:00+00:00->2023-12-10 16:00:00.000000001+00:00 actual_train=2023-10-20 17:00:00+00:00->2023-11-17 02:00:00+00:00 actual_valid=2023-11-17 03:00:00+00:00->2023-12-10 16:00:00+00:00 sampled_train=True valid_untouched=True skipped=False reason=None
[slice_planner] outer=2 inner=1 train=4941 valid=5840 symbols=88/90 valid_role=inner_oof_valid tz=UTC window_valid=2023-12-10 17:00:00+00:00->2024-01-03 15:00:00.000000001+00:00 actual_train=2023-11-13 22:00:00+00:00->2023-12-10 16:00:00+00:00 actual_valid=2023-12-10 17:00:00+00:00->2024-01-03 15:00:00+00:00 sampled_train=True valid_untouched=True skipped=False reason=None
[slice_planner] outer=3 inner=0 train=2845 valid=4032 symbols=90/96 valid_role=inner_oof_valid tz=UTC window_valid=2024-01-12 19:00:00+00:00->2024-02-02 14:00:00.000000001+00:00 actual_train=2023-12-20 23:00:00+00:00->2024-01-12 18:00:00+00:00 actual_valid=2024-01-12 19:00:00+00:00->2024-02-02 14:00:00+00:00 sampled_train=True valid_untouched=True skipped=False reason=None
[slice_planner] outer=3 inner=1 train=4861 valid=6710 symbols=96/98 valid_role=inner_oof_valid tz=UTC window_valid=2024-02-02 15:00:00+00:00->2024-03-06 20:00:00.000000001+00:00 actual_train=2024-01-09 09:00:00+00:00->2024-02-02 14:00:00+00:00 actual_valid=2024-02-02 15:00:00+00:00->2024-03-06 20:00:00+00:00 sampled_train=True valid_unto