[I 2026-05-22 12:49:27,354] Trial 2 finished with value: 0.18284529064970054 and parameters: {'alpha_base': 0.4563633644393066, 'alpha_recency': 0.7871346474483567, 'alpha_tp_opportunity': 0.6479175279631737, 'alpha_meta_magnitude': 0.43684371029706287, 'alpha_base_reg_style': 0.9177793420835691, 'alpha_economic_relevance': 0.20924079097806275, 'min_n_eff_ratio': 0.3337157188281745, 'max_top1pct': 0.10495427649405377}. Best is trial 0 with value: 0.18339694305888088.
[2026-05-22 10:49:27 UTC] CV fold complete | fold=1 seed=42 buckets_scored=1 train_size=15976 valid_size=4000 ic=0.167781 decile_spread=34.626360 pred_mean=-48.062424 pred_std=14.833194 valid_ret_mean=-35.669684 weighted_valid_ret_mean=-58.193760 mem_mb=9375.203125
[2026-05-22 10:49:27 UTC] CV fold complete | fold=2 seed=42 buckets_scored=1 train_size=15976 valid_size=4000 ic=0.123034 decile_spread=27.130284 pred_mean=-51.255577 pred_std=13.986153 valid_ret_mean=-29.595352 weighted_valid_ret_mean=-49.266469 mem_mb=9375.203125
[2026-05-22 10:49:27 UTC] CV fold complete | fold=3 seed=42 buckets_scored=1 train_size=15964 valid_size=4000 ic=0.190799 decile_spread=42.717788 pred_mean=-55.558617 pred_std=13.976287 valid_ret_mean=-29.138918 weighted_valid_ret_mean=-47.833775 mem_mb=9375.203125
[2026-05-22 10:49:27 UTC] CV fold complete | fold=4 seed=42 buckets_scored=1 train_size=15956 valid_size=4000 ic=0.176726 decile_spread=48.325102 pred_mean=-52.218250 pred_std=17.503180 valid_ret_mean=-31.808168 weighted_valid_ret_mean=-52.434021 mem_mb=9375.203125
[2026-05-22 10:49:27 UTC] CV fold complete | fold=5 seed=42 buckets_scored=1 train_size=15997 valid_size=4000 ic=0.256450 decile_spread=53.129115 pred_mean=-54.822704 pred_std=22.261662 valid_ret_mean=-38.111016 weighted_valid_ret_mean=-58.804642 mem_mb=9375.203125
[2026-05-22 10:49:27 UTC] CV fold complete | fold=1 seed=123 buckets_scored=1 train_size=15976 valid_size=4000 ic=0.167781 decile_spread=34.626360 pred_mean=-48.062424 pred_std=14.833194 valid_ret_mean=-35.669684 weighted_valid_ret_mean=-58.193760 mem_mb=9375.203125
[2026-05-22 10:49:27 UTC] CV fold complete | fold=2 seed=123 buckets_scored=1 train_size=15976 valid_size=4000 ic=0.123034 decile_spread=27.130284 pred_mean=-51.255577 pred_std=13.986153 valid_ret_mean=-29.595352 weighted_valid_ret_mean=-49.266469 mem_mb=9375.203125
[2026-05-22 10:49:27 UTC] CV fold complete | fold=3 seed=123 buckets_scored=1 train_size=15964 valid_size=4000 ic=0.190799 decile_spread=42.717788 pred_mean=-55.558617 pred_std=13.976287 valid_ret_mean=-29.138918 weighted_valid_ret_mean=-47.833775 mem_mb=9375.203125
[2026-05-22 10:49:27 UTC] CV fold complete | fold=4 seed=123 buckets_scored=1 train_size=15956 valid_size=4000 ic=0.176726 decile_spread=48.325102 pred_mean=-52.218250 pred_std=17.503180 valid_ret_mean=-31.808168 weighted_valid_ret_mean=-52.434021 mem_mb=9375.203125
[2026-05-22 10:49:27 UTC] CV fold complete | fold=5 seed=123 buckets_scored=1 train_size=15997 valid_size=4000 ic=0.256450 decile_spread=53.129115 pred_mean=-54.822704 pred_std=22.261662 valid_ret_mean=-38.111016 weighted_valid_ret_mean=-58.804642 mem_mb=9375.203125
[2026-05-22 10:49:27 UTC] Objective evaluated | n_eff=13786.643998 n_eff_ratio=0.689332 top1pct_share=0.017601 ic_mean=0.182958 ic_std=0.000000 decile_spread_mean=41.185730 objective=0.182958 weighted_return_mean=-53.417464 mem_mb=9375.203125
[2026-05-22 10:49:27 UTC] Optuna trial | trial=3 score=0.182958 n_eff=13786.643998 n_eff_ratio=0.689332 top1pct_weight_share=0.017601 weighted_return_mean=-53.417464 weight_std=1.525694 mem_mb=9375.203125
[I 2026-05-22 12:49:27,416] Trial 3 finished with value: 0.1829580065431175 and parameters: {'alpha_base': 0.6841049763255539, 'alpha_recency': 1.1777639420895203, 'alpha_tp_opportunity': 0.2995106732375396, 'alpha_meta_magnitude': 0.7713516576204174, 'alpha_base_reg_style': 0.8886218532930636, 'alpha_economic_relevance': 0.06967561907999659, 'min_n_eff_ratio': 0.5860358815211507, 'max_top1pct': 0.07557861855309374}. Best is trial 0 with value: 0.18339694305888088.
[2026-05-22 10:49:27 UTC] CV fold complete | fold=1 seed=42 buckets_scored=1 train_size=15976 valid_size=4000 ic=0.166966 decile_spread=34.257187 pred_mean=-46.937740 pred_std=14.565180 valid_ret_mean=-35.669684 weighted_valid_ret_mean=-56.898954 mem_mb=9375.203125
[2026-05-22 10:49:27 UTC] CV fold complete | fold=2 seed=42 buckets_scored=1 train_size=15976 valid_size=4000 ic=0.123241 decile_spread=26.572907 pred_mean=-50.007233 pred_std=13.732832 valid_ret_mean=-29.595352 weighted_valid_ret_mean=-47.935490 mem_mb=9375.203125
[2026-05-22 10:49:27 UTC] CV fold complete | fold=3 seed=42 buckets_scored=1 train_size=15964 valid_size=4000 ic=0.191022 decile_spread=43.236789 pred_mean=-54.065014 pred_std=13.747647 valid_ret_mean=-29.138918 weighted_valid_ret_mean=-47.126752 mem_mb=9375.203125
[2026-05-22 10:49:27 UTC] CV fold complete | fold=4 seed=42 buckets_scored=1 train_size=15956 valid_size=4000 ic=0.177625 decile_spread=49.269458 pred_mean=-51.061138 pred_std=17.290400 valid_ret_mean=-31.808168 weighted_valid_ret_mean=-51.231665 mem_mb=9375.203125
[2026-05-22 10:49:27 UTC] CV fold complete | fold=5 seed=42 buckets_scored=1 train_size=15997 valid_size=4000 ic=0.259444 decile_spread=53.580670 pred_mean=-53.805344 pred_std=22.488300 valid_ret_mean=-38.111016 weighted_valid_ret_mean=-57.384856 mem_mb=9375.203125
[2026-05-22 10:49:27 UTC] CV fold complete | fold=1 seed=123 buckets_scored=1 train_size=15976 valid_size=4000 ic=0.166966 decile_spread=34.257187 pred_mean=-46.937740 pred_std=14.565180 valid_ret_mean=-35.669684 weighted_valid_ret_mean=-56.898954 mem_mb=9375.203125
[2026-05-22 10:49:27 UTC] CV fold complete | fold=2 seed=123 buckets_scored=1 train_size=15976 valid_size=4000 ic=0.123241 decile_spread=26.572907 pred_mean=-50.007233 pred_std=13.732832 valid_ret_mean=-29.595352 weighted_valid_ret_mean=-47.935490 mem_mb=9375.203125
[2026-05-22 10:49:27 UTC] CV fold complete | fold=3 seed=123 buckets_scored=1 train_size=15964 valid_size=4000 ic=0.191022 decile_spread=43.236789 pred_mean=-54.065014 pred_std=13.747647 valid_ret_mean=-29.138918 weighted_valid_ret_mean=-47.126752 mem_mb=9375.203125
[2026-05-22 10:49:27 UTC] CV fold complete | fold=4 seed=123 buckets_scored=1 train_size=15956 valid_size=4000 ic=0.177625 decile_spread=49.269458 pred_mean=-51.061138 pred_std=17.290400 valid_ret_mean=-31.808168 weighted_valid_ret_mean=-51.231665 mem_mb=9375.203125
[2026-05-22 10:49:27 UTC] CV fold complete | fold=5 seed=123 buckets_scored=1 train_size=15997 valid_size=4000 ic=0.259444 decile_spread=53.580670 pred_mean=-53.805344 pred_std=22.488300 valid_ret_mean=-38.111016 weighted_valid_ret_mean=-57.384856 mem_mb=9375.203125
[2026-05-22 10:49:27 UTC] Objective evaluated | n_eff=14300.339637 n_eff_ratio=0.715017 top1pct_share=0.016929 ic_mean=0.183660 ic_std=0.000000 decile_spread_mean=41.383402 objective=0.183660 weighted_return_mean=-52.234926 mem_mb=9375.203125
[2026-05-22 10:49:27 UTC] Optuna trial | trial=4 score=0.183660 n_eff=14300.339637 n_eff_ratio=0.715017 top1pct_weight_share=0.016929 weighted_return_mean=-52.234926 weight_std=1.491695 mem_mb=9375.203125
[I 2026-05-22 12:49:27,479] Trial 4 finished with value: 0.1836596630269415 and parameters: {'alpha_base': 0.09757738947791927, 'alpha_recency': 1.42332830588, 'alpha_tp_opportunity': 1.448448049611839, 'alpha_meta_magnitude': 1.2125960221746916, 'alpha_base_reg_style': 0.45692065376005603, 'alpha_economic_relevance': 0.1465081710095758, 'min_n_eff_ratio': 0.6473864212097256, 'max_top1pct': 0.11602287406094021}. Best is trial 4 with value: 0.1836596630269415.
[2026-05-22 10:49:27 UTC] CV fold complete | fold=1 seed=42 buckets_scored=1 train_size=15976 valid_size=4000 ic=0.167241 decile_spread=34.697234 pred_mean=-48.337639 pred_std=14.764946 valid_ret_mean=-35.669684 weighted_valid_ret_mean=-58.550462 mem_mb=9375.203125
[2026-05-22 10:49:27 UTC] CV fold complete | fold=2 seed=42 buckets_scored=1 train_size=15976 valid_size=4000 ic=0.123231 decile_spread=26.936781 pred_mean=-51.484081 pred_std=13.870753 valid_ret_mean=-29.595352 weighted_valid_ret_mean=-49.590546 mem_mb=9375.203125
[2026-05-22 10:49:27 UTC] CV fold complete | fold=3 seed=42 buckets_scored=1 train_size=15964 valid_size=4000 ic=0.190893 decile_spread=42.980726 pred_mean=-55.735405 pred_std=13.857872 valid_ret_mean=-29.138918 weighted_valid_ret_mean=-48.366347 mem_mb=9375.203125
[2026-05-22 10:49:27 UTC] CV fold complete | fold=4 seed=42 buckets_scored=1 train_size=15956 valid_size=4000 ic=0.176954 decile_spread=48.722544 pred_mean=-52.441647 pred_std=17.374208 valid_ret_mean=-31.808168 weighted_valid_ret_mean=-52.830327 mem_mb=9375.203125
[2026-05-22 10:49:27 UTC] CV fold complete | fold=5 seed=42 buckets_scored=1 train_size=15997 valid_size=4000 ic=0.257205 decile_spread=52.420596 pred_mean=-55.057171 pred_std=22.099298 valid_ret_mean=-38.111016 weighted_valid_ret_mean=-59.134668 mem_mb=9375.203125
[2026-05-22 10:49:27 UTC] CV fold complete | fold=1 seed=123 buckets_scored=1 train_size=15976 valid_size=4000 ic=0.167241 decile_spread=34.697234 pred_mean=-48.337639 pred_std=14.764946 valid_ret_mean=-35.669684 weighted_valid_ret_mean=-58.550462 mem_mb=9375.203125
[2026-05-22 10:49:27 UTC] CV fold complete | fold=2 seed=123 buckets_scored=1 train_size=15976 valid_size=4000 ic=0.123231 decile_spread=26.936781 pred_mean=-51.484081 pred_std=13.870753 valid_ret_mean=-29.595352 weighted_valid_ret_mean=-49.590546 mem_mb=9375.203125
[2026-05-22 10:49:27 UTC] CV fold complete | fold=3 seed=123 buckets_scored=1 train_size=15964 valid_size=4000 ic=0.190893 decile_spread=42.980726 pred_mean=-55.735405 pred_std=13.857872 valid_ret_mean=-29.138918 weighted_valid_ret_mean=-48.366347 mem_mb=9375.203125
[2026-05-22 10:49:27 UTC] CV fold complete | fold=4 seed=123 buckets_scored=1 train_size=15956 valid_size=4000 ic=0.176954 decile_spread=48.722544 pred_mean=-52.441647 pred_std=17.374208 valid_ret_mean=-31.808168 weighted_valid_ret_mean=-52.830327 mem_mb=9375.203125
[2026-05-22 10:49:27 UTC] CV fold complete | fold=5 seed=123 buckets_scored=1 train_size=15997 valid_size=4000 ic=0.257205 decile_spread=52.420596 pred_mean=-55.057171 pred_std=22.099298 valid_ret_mean=-38.111016 weighted_valid_ret_mean=-59.134668 mem_mb=9375.203125
[2026-05-22 10:49:27 UTC] Objective evaluated | n_eff=13746.358133 n_eff_ratio=0.687318 top1pct_share=0.017761 ic_mean=0.183105 ic_std=0.000000 decile_spread_mean=41.151576 objective=0.183105 weighted_return_mean=-53.817440 mem_mb=9375.203125
[2026-05-22 10:49:27 UTC] Optuna trial | trial=5 score=0.183105 n_eff=13746.358133 n_eff_ratio=0.687318 top1pct_weight_share=0.017761 weighted_return_mean=-53.817440 weight_std=1.519048 mem_mb=9375.203125
[I 2026-05-22 12:49:27,542] Trial 5 finished with value: 0.18310488691006044 and parameters: {'alpha_base': 0.18305735226716824, 'alpha_recency': 0.7427653651669053, 'alpha_tp_opportunity': 0.05158278167282759, 'alpha_meta_magnitude': 1.3639806031181732, 'alpha_base_reg_style': 0.3881699724000254, 'alpha_economic_relevance': 0.993783426530973, 'min_n_eff_ratio': 0.3493688608715288, 'max_top1pct': 0.12801020317667164}. Best is trial 4 with value: 0.1836596630269415.
[2026-05-22 10:49:27 UTC] CV fold complete | fold=1 seed=42 buckets_scored=1 train_size=15976 valid_size=4000 ic=0.167709 decile_spread=34.676823 pred_mean=-49.583038 pred_std=15.000915 valid_ret_mean=-35.669684 weighted_valid_ret_mean=-59.929516 mem_mb=9375.203125
[2026-05-22 10:49:27 UTC] CV fold complete | fold=2 seed=42 buckets_scored=1 train_size=15976 valid_size=4000 ic=0.123097 decile_spread=27.428826 pred_mean=-52.826771 pred_std=14.084707 valid_ret_mean=-29.595352 weighted_valid_ret_mean=-51.054561 mem_mb=9375.203125
[2026-05-22 10:49:27 UTC] CV fold complete | fold=3 seed=42 buckets_scored=1 train_size=15964 valid_size=4000 ic=0.190611 decile_spread=42.494724 pred_mean=-57.312153 pred_std=14.044496 valid_ret_mean=-29.138918 weighted_valid_ret_mean=-49.274116 mem_mb=9375.203125
[2026-05-22 10:49:27 UTC] CV fold complete | fold=4 seed=42 buckets_scored=1 train_size=15956 valid_size=4000 ic=0.175943 decile_spread=47.513115 pred_mean=-53.672951 pred_std=17.531410 valid_ret_mean=-31.808168 weighted_valid_ret_mean=-54.177061 mem_mb=9375.203125
[2026-05-22 10:49:27 UTC] CV fold complete | fold=5 seed=42 buckets_scored=1 train_size=15997 valid_size=4000 ic=0.254195 decile_spread=52.106297 pred_mean=-56.179413 pred_std=21.836668 valid_ret_mean=-38.111016 weighted_valid_ret_mean=-60.640676 mem_mb=9375.203125
[2026-05-22 10:49:27 UTC] CV fold complete | fold=1 seed=123 buckets_scored=1 train_size=15976 valid_size=4000 ic=0.167709 decile_spread=34.676823 pred_mean=-49.583038 pred_std=15.000915 valid_ret_mean=-35.669684 weighted_valid_ret_mean=-59.929516 mem_mb=9375.203125
[2026-05-22 10:49:27 UTC] CV fold complete | fold=2 seed=123 buckets_scored=1 train_size=15976 valid_size=4000 ic=0.123097 decile_spread=27.428826 pred_mean=-52.826771 pred_std=14.084707 valid_ret_mean=-29.595352 weighted_valid_ret_mean=-51.054561 mem_mb=9375.203125
[2026-05-22 10:49:27 UTC] CV fold complete | fold=3 seed=123 buckets_scored=1 train_size=15964 valid_size=4000 ic=0.190611 decile_spread=42.494724 pred_mean=-57.312153 pred_std=14.044496 valid_ret_mean=-29.138918 weighted_valid_ret_mean=-49.274116 mem_mb=9375.203125
[2026-05-22 10:49:27 UTC] CV fold complete | fold=4 seed=123 buckets_scored=1 train_size=15956 valid_size=4000 ic=0.175943 decile_spread=47.513115 pred_mean=-53.672951 pred_std=17.531410 valid_ret_mean=-31.808168 weighted_valid_ret_mean=-54.177061 mem_mb=9375.203125
[2026-05-22 10:49:27 UTC] CV fold complete | fold=5 seed=123 buckets_scored=1 train_size=15997 valid_size=4000 ic=0.254195 decile_spread=52.106297 pred_mean=-56.179413 pred_std=21.836668 valid_ret_mean=-38.111016 weighted_valid_ret_mean=-60.640676 mem_mb=9375.203125
[2026-05-22 10:49:27 UTC] Objective evaluated | n_eff=13093.241981 n_eff_ratio=0.654662 top1pct_share=0.018532 ic_mean=0.182311 ic_std=0.000000 decile_spread_mean=40.843957 objective=0.182311 weighted_return_mean=-55.132987 mem_mb=9375.203125
[2026-05-22 10:49:27 UTC] Optuna trial | trial=6 score=0.182311 n_eff=13093.241981 n_eff_ratio=0.654662 top1pct_weight_share=0.018532 weighted_return_mean=-55.132987 weight_std=1.567669 mem_mb=9375.203125
[I 2026-05-22 12:49:27,607] Trial 6 finished with value: 0.18231104198118958 and parameters: {'alpha_base': 0.8200654190149195, 'alpha_recency': 0.27728168328829056, 'alpha_tp_opportunity': 1.4543769416468377, 'alpha_meta_magnitude': 1.1626992350416718, 'alpha_base_reg_style': 1.4092484123462836, 'alpha_economic_relevance': 1.3422410256414732, 'min_n_eff_ratio': 0.5783199830488681, 'max_top1pct': 0.18828113525346754}. Best is trial 4 with value: 0.1836596630269415.
[2026-05-22 10:49:27 UTC] Objective rejected | n_eff=14090.913298 min_n_eff=15259.800146 n_eff_ratio=0.704546 top1pct_share=0.017141 max_top1pct=0.103513 weighted_return_mean=-52.491746 mem_mb=9375.203125
[2026-05-22 10:49:27 UTC] Optuna trial | trial=7 score=-10.000000 n_eff=14090.913298 n_eff_ratio=0.704546 top1pct_weight_share=0.017141 weighted_return_mean=-52.491746 weight_std=1.511178 mem_mb=9375.203125
[I 2026-05-22 12:49:27,610] Trial 7 finished with value: -10.0 and parameters: {'alpha_base': 0.13273875307787925, 'alpha_recency': 0.2939742936287178, 'alpha_tp_opportunity': 0.0678409333658071, 'alpha_meta_magnitude': 0.4879954961448965, 'alpha_base_reg_style': 0.583015934534223, 'alpha_economic_relevance': 0.40702354766084387, 'min_n_eff_ratio': 0.7629900073215435, 'max_top1pct': 0.1035129990040384}. Best is trial 4 with value: 0.1836596630269415.
[2026-05-22 10:49:27 UTC] Objective rejected | n_eff=13855.834736 min_n_eff=14355.916309 n_eff_ratio=0.692792 top1pct_share=0.017536 max_top1pct=0.079807 weighted_return_mean=-53.319219 mem_mb=9375.203125
[2026-05-22 10:49:27 UTC] Optuna trial | trial=8 score=-10.000000 n_eff=13855.834736 n_eff_ratio=0.692792 top1pct_weight_share=0.017536 weighted_return_mean=-53.319219 weight_std=1.518960 mem_mb=9375.203125
[I 2026-05-22 12:49:27,617] Trial 8 finished with value: -10.0 and parameters: {'alpha_base': 0.42140176453107114, 'alpha_recency': 0.8140441247373726, 'alpha_tp_opportunity': 0.21138633746214397, 'alpha_meta_magnitude': 1.2032954711310595, 'alpha_base_reg_style': 0.11182596551965623, 'alpha_economic_relevance': 1.480330404900776, 'min_n_eff_ratio': 0.717795815437326, 'max_top1pct': 0.07980735223012587}. Best is trial 4 with value: 0.1836596630269415.
[2026-05-22 10:49:27 UTC] CV fold complete | fold=1 seed=42 buckets_scored=1 train_size=15976 valid_size=4000 ic=0.167378 decile_spread=34.551152 pred_mean=-47.764938 pred_std=14.724851 valid_ret_mean=-35.669684 weighted_valid_ret_mean=-57.871797 mem_mb=9375.203125
[2026-05-22 10:49:27 UTC] CV fold complete | fold=2 seed=42 buckets_scored=1 train_size=15976 valid_size=4000 ic=0.123215 decile_spread=26.666977 pred_mean=-50.904434 pred_std=13.867372 valid_ret_mean=-29.595352 weighted_valid_ret_mean=-48.915398 mem_mb=9375.203125
[2026-05-22 10:49:27 UTC] CV fold complete | fold=3 seed=42 buckets_scored=1 train_size=15964 valid_size=4000 ic=0.190924 decile_spread=42.878838 pred_mean=-55.109905 pred_std=13.865279 valid_ret_mean=-29.138918 weighted_valid_ret_mean=-47.752903 mem_mb=9375.203125
[2026-05-22 10:49:27 UTC] CV fold complete | fold=4 seed=42 buckets_scored=1 train_size=15956 valid_size=4000 ic=0.177081 decile_spread=48.862968 pred_mean=-51.897499 pred_std=17.395605 valid_ret_mean=-31.808168 weighted_valid_ret_mean=-52.148994 mem_mb=9375.203125
[2026-05-22 10:49:27 UTC] CV fold complete | fold=5 seed=42 buckets_scored=1 train_size=15997 valid_size=4000 ic=0.257682 decile_spread=52.631293 pred_mean=-54.550079 pred_std=22.288286 valid_ret_mean=-38.111016 weighted_valid_ret_mean=-58.431515 mem_mb=9375.203125
[2026-05-22 10:49:27 UTC] CV fold complete | fold=1 seed=123 buckets_scored=1 train_size=15976 valid_size=4000 ic=0.167378 decile_spread=34.551152 pred_mean=-47.764938 pred_std=14.724851 valid_ret_mean=-35.669684 weighted_valid_ret_mean=-57.871797 mem_mb=9375.203125
[2026-05-22 10:49:27 UTC] CV fold complete | fold=2 seed=123 buckets_scored=1 train_size=15976 valid_size=4000 ic=0.123215 decile_spread=26.666977 pred_mean=-50.904434 pred_std=13.867372 valid_ret_mean=-29.595352 weighted_valid_ret_mean=-48.915398 mem_mb=9375.203125
[2026-05-22 10:49:27 UTC] CV fold complete | fold=3 seed=123 buckets_scored=1 train_size=15964 valid_size=4000 ic=0.190924 decile_spread=42.878838 pred_mean=-55.109905 pred_std=13.865279 valid_ret_mean=-29.138918 weighted_valid_ret_mean=-47.752903 mem_mb=9375.203125
[2026-05-22 10:49:27 UTC] CV fold complete | fold=4 seed=123 buckets_scored=1 train_size=15956 valid_size=4000 ic=0.177081 decile_spread=48.862968 pred_mean=-51.897499 pred_std=17.395605 valid_ret_mean=-31.808168 weighted_valid_ret_mean=-52.148994 mem_mb=9375.203125
[2026-05-22 10:49:27 UTC] CV fold complete | fold=5 seed=123 buckets_scored=1 train_size=15997 valid_size=4000 ic=0.257682 decile_spread=52.631293 pred_mean=-54.550079 pred_std=22.288286 valid_ret_mean=-38.111016 weighted_valid_ret_mean=-58.431515 mem_mb=9375.203125
[2026-05-22 10:49:27 UTC] Objective evaluated | n_eff=13963.241387 n_eff_ratio=0.698162 top1pct_share=0.017422 ic_mean=0.183256 ic_std=0.000000 decile_spread_mean=41.118246 objective=0.183256 weighted_return_mean=-53.141524 mem_mb=9375.203125
[2026-05-22 10:49:27 UTC] Optuna trial | trial=9 score=0.183256 n_eff=13963.241387 n_eff_ratio=0.698162 top1pct_weight_share=0.017422 weighted_return_mean=-53.141524 weight_std=1.509647 mem_mb=9375.203125
[I 2026-05-22 12:49:27,679] Trial 9 finished with value: 0.18325586993674486 and parameters: {'alpha_base': 0.008283175685403599, 'alpha_recency': 1.2231921426822512, 'alpha_tp_opportunity': 1.0602860157714256, 'alpha_meta_magnitude': 1.0935107520614809, 'alpha_base_reg_style': 1.1569055200289187, 'alpha_economic_relevance': 0.11106697760113554, 'min_n_eff_ratio': 0.3867725828354181, 'max_top1pct': 0.06738035892876947}. Best is trial 4 with value: 0.1836596630269415.
[2026-05-22 10:49:27 UTC] Objective rejected | n_eff=13733.918354 min_n_eff=17356.331935 n_eff_ratio=0.686696 top1pct_share=0.017410 max_top1pct=0.151486 weighted_return_mean=-52.915521 mem_mb=9375.203125
[2026-05-22 10:49:27 UTC] Optuna trial | trial=10 score=-10.000000 n_eff=13733.918354 n_eff_ratio=0.686696 top1pct_weight_share=0.017410 weighted_return_mean=-52.915521 weight_std=1.551931 mem_mb=9375.203125
