[I 2026-05-22 12:52:36,534] Trial 14 finished with value: 2.979720133333467 and parameters: {'sl_mult': 1.5, 'trailing_activation_mult': 1.0, 'trailing_power': 2.0, 'trailing_squash_divisor': 2.5, 'giveback_beta': 0.9, 'capital_protect_mfe_mult': 0.75, 'capital_protect_regression_frac': 0.25}. Best is trial 8 with value: 4.003864909021649.
[I 2026-05-22 12:52:36,579] Trial 15 finished with value: 1.7685085501871072 and parameters: {'sl_mult': 0.7, 'trailing_activation_mult': 0.75, 'trailing_power': 1.4, 'trailing_squash_divisor': 6.0, 'giveback_beta': 0.9, 'capital_protect_mfe_mult': 0.0, 'capital_protect_regression_frac': 0.55}. Best is trial 8 with value: 4.003864909021649.
[I 2026-05-22 12:52:36,621] Trial 16 finished with value: 4.020564078481402 and parameters: {'sl_mult': 0.5, 'trailing_activation_mult': 0.5, 'trailing_power': 1.5, 'trailing_squash_divisor': 1.0, 'giveback_beta': 0.9, 'capital_protect_mfe_mult': 1.25, 'capital_protect_regression_frac': 0.45}. Best is trial 16 with value: 4.020564078481402.
[I 2026-05-22 12:52:36,663] Trial 17 finished with value: 4.025385586312041 and parameters: {'sl_mult': 0.5, 'trailing_activation_mult': 0.5, 'trailing_power': 1.5, 'trailing_squash_divisor': 1.0, 'giveback_beta': 0.3, 'capital_protect_mfe_mult': 1.25, 'capital_protect_regression_frac': 0.45}. Best is trial 17 with value: 4.025385586312041.
[I 2026-05-22 12:52:36,705] Trial 18 finished with value: 3.8539266413310544 and parameters: {'sl_mult': 0.5, 'trailing_activation_mult': 0.5, 'trailing_power': 1.5, 'trailing_squash_divisor': 2.0, 'giveback_beta': 0.5, 'capital_protect_mfe_mult': 1.25, 'capital_protect_regression_frac': 0.45}. Best is trial 17 with value: 4.025385586312041.
[I 2026-05-22 12:52:36,748] Trial 19 finished with value: 3.1350043694488705 and parameters: {'sl_mult': 0.8, 'trailing_activation_mult': 0.5, 'trailing_power': 1.5, 'trailing_squash_divisor': 5.0, 'giveback_beta': 0.3, 'capital_protect_mfe_mult': 1.25, 'capital_protect_regression_frac': 0.45}. Best is trial 17 with value: 4.025385586312041.
[I 2026-05-22 12:52:36,792] Trial 20 finished with value: 2.6445364592014813 and parameters: {'sl_mult': 1.5, 'trailing_activation_mult': 0.5, 'trailing_power': 1.5, 'trailing_squash_divisor': 6.0, 'giveback_beta': 0.3, 'capital_protect_mfe_mult': 1.25, 'capital_protect_regression_frac': 0.45}. Best is trial 17 with value: 4.025385586312041.
[I 2026-05-22 12:52:36,834] Trial 21 finished with value: 4.020324748009443 and parameters: {'sl_mult': 0.5, 'trailing_activation_mult': 0.5, 'trailing_power': 1.5, 'trailing_squash_divisor': 1.0, 'giveback_beta': 0.6, 'capital_protect_mfe_mult': 1.25, 'capital_protect_regression_frac': 0.45}. Best is trial 17 with value: 4.025385586312041.
[I 2026-05-22 12:52:36,877] Trial 22 finished with value: 4.020324748009443 and parameters: {'sl_mult': 0.5, 'trailing_activation_mult': 0.5, 'trailing_power': 1.5, 'trailing_squash_divisor': 1.0, 'giveback_beta': 0.6, 'capital_protect_mfe_mult': 1.25, 'capital_protect_regression_frac': 0.45}. Best is trial 17 with value: 4.025385586312041.
[I 2026-05-22 12:52:36,920] Trial 23 finished with value: 4.020324748009443 and parameters: {'sl_mult': 0.5, 'trailing_activation_mult': 0.5, 'trailing_power': 1.5, 'trailing_squash_divisor': 1.0, 'giveback_beta': 0.6, 'capital_protect_mfe_mult': 1.25, 'capital_protect_regression_frac': 0.45}. Best is trial 17 with value: 4.025385586312041.
[I 2026-05-22 12:52:36,964] Trial 24 finished with value: 2.5957977894606303 and parameters: {'sl_mult': 0.6, 'trailing_activation_mult': 0.5, 'trailing_power': 1.5, 'trailing_squash_divisor': 4.0, 'giveback_beta': 0.95, 'capital_protect_mfe_mult': 1.25, 'capital_protect_regression_frac': 0.45}. Best is trial 17 with value: 4.025385586312041.
[I 2026-05-22 12:52:37,009] Trial 25 finished with value: 3.3203513390995796 and parameters: {'sl_mult': 1.4, 'trailing_activation_mult': 1.5, 'trailing_power': 1.5, 'trailing_squash_divisor': 1.0, 'giveback_beta': 0.6, 'capital_protect_mfe_mult': 1.25, 'capital_protect_regression_frac': 0.55}. Best is trial 17 with value: 4.025385586312041.
[I 2026-05-22 12:52:37,055] Trial 26 finished with value: 3.467092361859977 and parameters: {'sl_mult': 1.0, 'trailing_activation_mult': 1.25, 'trailing_power': 1.3, 'trailing_squash_divisor': 2.5, 'giveback_beta': 0.3, 'capital_protect_mfe_mult': 1.25, 'capital_protect_regression_frac': 0.35}. Best is trial 17 with value: 4.025385586312041.
[I 2026-05-22 12:52:37,097] Trial 27 finished with value: 3.7241238228976727 and parameters: {'sl_mult': 0.7, 'trailing_activation_mult': 0.5, 'trailing_power': 1.8, 'trailing_squash_divisor': 1.0, 'giveback_beta': 0.3, 'capital_protect_mfe_mult': 1.25, 'capital_protect_regression_frac': 0.45}. Best is trial 17 with value: 4.025385586312041.
[I 2026-05-22 12:52:37,140] Trial 28 finished with value: 3.499292853777297 and parameters: {'sl_mult': 1.1, 'trailing_activation_mult': 0.5, 'trailing_power': 2.0, 'trailing_squash_divisor': 1.0, 'giveback_beta': 0.6, 'capital_protect_mfe_mult': 0.0, 'capital_protect_regression_frac': 0.45}. Best is trial 17 with value: 4.025385586312041.
[I 2026-05-22 12:52:37,184] Trial 29 finished with value: 3.5683741293731144 and parameters: {'sl_mult': 0.5, 'trailing_activation_mult': 2.0, 'trailing_power': 1.5, 'trailing_squash_divisor': 3.0, 'giveback_beta': 0.8, 'capital_protect_mfe_mult': 1.25, 'capital_protect_regression_frac': 0.45}. Best is trial 17 with value: 4.025385586312041.
[I 2026-05-22 12:52:37,228] Trial 30 finished with value: 3.509223565290449 and parameters: {'sl_mult': 1.2, 'trailing_activation_mult': 0.5, 'trailing_power': 1.4, 'trailing_squash_divisor': 1.0, 'giveback_beta': 0.4, 'capital_protect_mfe_mult': 1.0, 'capital_protect_regression_frac': 0.45}. Best is trial 17 with value: 4.025385586312041.
[I 2026-05-22 12:52:37,271] Trial 31 finished with value: 4.020324748009443 and parameters: {'sl_mult': 0.5, 'trailing_activation_mult': 0.5, 'trailing_power': 1.5, 'trailing_squash_divisor': 1.0, 'giveback_beta': 0.6, 'capital_protect_mfe_mult': 1.25, 'capital_protect_regression_frac': 0.45}. Best is trial 17 with value: 4.025385586312041.
[I 2026-05-22 12:52:37,417] Trial 32 finished with value: 3.3471573484130204 and parameters: {'sl_mult': 0.5, 'trailing_activation_mult': 0.5, 'trailing_power': 1.5, 'trailing_squash_divisor': 3.5, 'giveback_beta': 0.6, 'capital_protect_mfe_mult': 1.25, 'capital_protect_regression_frac': 0.45}. Best is trial 17 with value: 4.025385586312041.
[I 2026-05-22 12:52:37,461] Trial 33 finished with value: 3.6791478388477117 and parameters: {'sl_mult': 0.5, 'trailing_activation_mult': 2.0, 'trailing_power': 1.5, 'trailing_squash_divisor': 1.0, 'giveback_beta': 0.8, 'capital_protect_mfe_mult': 1.25, 'capital_protect_regression_frac': 0.65}. Best is trial 17 with value: 4.025385586312041.
[I 2026-05-22 12:52:37,507] Trial 34 finished with value: 2.6902713729359675 and parameters: {'sl_mult': 0.9, 'trailing_activation_mult': 2.5, 'trailing_power': 1.9, 'trailing_squash_divisor': 1.0, 'giveback_beta': 0.6, 'capital_protect_mfe_mult': 1.25, 'capital_protect_regression_frac': 0.45}. Best is trial 17 with value: 4.025385586312041.
[I 2026-05-22 12:52:37,551] Trial 35 finished with value: 3.023945489860489 and parameters: {'sl_mult': 0.5, 'trailing_activation_mult': 0.5, 'trailing_power': 1.5, 'trailing_squash_divisor': 3.5, 'giveback_beta': 0.95, 'capital_protect_mfe_mult': 1.5, 'capital_protect_regression_frac': 0.55}. Best is trial 17 with value: 4.025385586312041.
[I 2026-05-22 12:52:37,597] Trial 36 finished with value: 3.370743543433491 and parameters: {'sl_mult': 1.1, 'trailing_activation_mult': 0.5, 'trailing_power': 1.8, 'trailing_squash_divisor': 1.5, 'giveback_beta': 0.6, 'capital_protect_mfe_mult': 1.0, 'capital_protect_regression_frac': 0.35}. Best is trial 17 with value: 4.025385586312041.
[I 2026-05-22 12:52:37,641] Trial 37 finished with value: 4.078183045238257 and parameters: {'sl_mult': 0.5, 'trailing_activation_mult': 0.75, 'trailing_power': 1.7, 'trailing_squash_divisor': 1.0, 'giveback_beta': 0.7, 'capital_protect_mfe_mult': 1.25, 'capital_protect_regression_frac': 0.65}. Best is trial 37 with value: 4.078183045238257.
[I 2026-05-22 12:52:37,685] Trial 38 finished with value: 2.6687960598123026 and parameters: {'sl_mult': 1.0, 'trailing_activation_mult': 0.75, 'trailing_power': 1.7, 'trailing_squash_divisor': 4.0, 'giveback_beta': 0.7, 'capital_protect_mfe_mult': 1.25, 'capital_protect_regression_frac': 0.65}. Best is trial 37 with value: 4.078183045238257.
[I 2026-05-22 12:52:37,729] Trial 39 finished with value: 3.7646965574880595 and parameters: {'sl_mult': 0.5, 'trailing_activation_mult': 0.75, 'trailing_power': 1.7, 'trailing_squash_divisor': 2.0, 'giveback_beta': 0.7, 'capital_protect_mfe_mult': 1.5, 'capital_protect_regression_frac': 0.65}. Best is trial 37 with value: 4.078183045238257.
[I 2026-05-22 12:52:37,773] Trial 40 finished with value: 3.521315140801016 and parameters: {'sl_mult': 0.5, 'trailing_activation_mult': 0.75, 'trailing_power': 1.7, 'trailing_squash_divisor': 3.0, 'giveback_beta': 0.7, 'capital_protect_mfe_mult': 1.0, 'capital_protect_regression_frac': 0.65}. Best is trial 37 with value: 4.078183045238257.
[I 2026-05-22 12:52:37,817] Trial 41 finished with value: 4.088492455391679 and parameters: {'sl_mult': 0.5, 'trailing_activation_mult': 1.25, 'trailing_power': 1.6, 'trailing_squash_divisor': 1.0, 'giveback_beta': 0.5, 'capital_protect_mfe_mult': 1.25, 'capital_protect_regression_frac': 0.65}. Best is trial 41 with value: 4.088492455391679.
[I 2026-05-22 12:52:37,861] Trial 42 finished with value: 4.088492455391679 and parameters: {'sl_mult': 0.5, 'trailing_activation_mult': 1.25, 'trailing_power': 1.6, 'trailing_squash_divisor': 1.0, 'giveback_beta': 0.5, 'capital_protect_mfe_mult': 1.25, 'capital_protect_regression_frac': 0.65}. Best is trial 41 with value: 4.088492455391679.
[I 2026-05-22 12:52:37,905] Trial 43 finished with value: 4.088492455391679 and parameters: {'sl_mult': 0.5, 'trailing_activation_mult': 1.25, 'trailing_power': 1.6, 'trailing_squash_divisor': 1.0, 'giveback_beta': 0.5, 'capital_protect_mfe_mult': 1.25, 'capital_protect_regression_frac': 0.65}. Best is trial 41 with value: 4.088492455391679.
[I 2026-05-22 12:52:37,951] Trial 44 finished with value: 2.360204219390289 and parameters: {'sl_mult': 1.3, 'trailing_activation_mult': 1.25, 'trailing_power': 1.6, 'trailing_squash_divisor': 5.0, 'giveback_beta': 0.5, 'capital_protect_mfe_mult': 1.25, 'capital_protect_regression_frac': 0.65}. Best is trial 41 with value: 4.088492455391679.
[I 2026-05-22 12:52:37,997] Trial 45 finished with value: 3.4404021632421062 and parameters: {'sl_mult': 1.4, 'trailing_activation_mult': 1.25, 'trailing_power': 1.6, 'trailing_squash_divisor': 1.5, 'giveback_beta': 0.5, 'capital_protect_mfe_mult': 0.0, 'capital_protect_regression_frac': 0.65}. Best is trial 41 with value: 4.088492455391679.
[I 2026-05-22 12:52:38,043] Trial 46 finished with value: 3.488059303164482 and parameters: {'sl_mult': 1.2, 'trailing_activation_mult': 1.25, 'trailing_power': 1.6, 'trailing_squash_divisor': 1.0, 'giveback_beta': 0.5, 'capital_protect_mfe_mult': 1.25, 'capital_protect_regression_frac': 0.65}. Best is trial 41 with value: 4.088492455391679.
[I 2026-05-22 12:52:38,087] Trial 47 finished with value: 3.60700544717256 and parameters: {'sl_mult': 0.8, 'trailing_activation_mult': 1.25, 'trailing_power': 1.6, 'trailing_squash_divisor': 2.5, 'giveback_beta': 0.5, 'capital_protect_mfe_mult': 1.5, 'capital_protect_regression_frac': 0.65}. Best is trial 41 with value: 4.088492455391679.
[I 2026-05-22 12:52:38,132] Trial 48 finished with value: 2.9310504657332785 and parameters: {'sl_mult': 0.5, 'trailing_activation_mult': 1.25, 'trailing_power': 1.6, 'trailing_squash_divisor': 6.0, 'giveback_beta': 0.5, 'capital_protect_mfe_mult': 1.25, 'capital_protect_regression_frac': 0.65}. Best is trial 41 with value: 4.088492455391679.
[I 2026-05-22 12:52:38,177] Trial 49 finished with value: 3.9354339001467453 and parameters: {'sl_mult': 0.6, 'trailing_activation_mult': 1.25, 'trailing_power': 1.6, 'trailing_squash_divisor': 1.0, 'giveback_beta': 0.5, 'capital_protect_mfe_mult': 1.25, 'capital_protect_regression_frac': 0.65}. Best is trial 41 with value: 4.088492455391679.
[I 2026-05-22 12:52:38,220] Trial 50 finished with value: 4.088492455391679 and parameters: {'sl_mult': 0.5, 'trailing_activation_mult': 1.25, 'trailing_power': 1.6, 'trailing_squash_divisor': 1.0, 'giveback_beta': 0.5, 'capital_protect_mfe_mult': 1.25, 'capital_protect_regression_frac': 0.65}. Best is trial 41 with value: 4.088492455391679.
[I 2026-05-22 12:52:38,265] Trial 51 finished with value: 4.088492455391679 and parameters: {'sl_mult': 0.5, 'trailing_activation_mult': 1.25, 'trailing_power': 1.6, 'trailing_squash_divisor': 1.0, 'giveback_beta': 0.5, 'capital_protect_mfe_mult': 1.25, 'capital_protect_regression_frac': 0.65}. Best is trial 41 with value: 4.088492455391679.
[I 2026-05-22 12:52:38,312] Trial 52 finished with value: 4.088492455391679 and parameters: {'sl_mult': 0.5, 'trailing_activation_mult': 1.25, 'trailing_power': 1.6, 'trailing_squash_divisor': 1.0, 'giveback_beta': 0.5, 'capital_protect_mfe_mult': 1.25, 'capital_protect_regression_frac': 0.65}. Best is trial 41 with value: 4.088492455391679.
[I 2026-05-22 12:52:38,369] Trial 53 finished with value: 3.584378176089376 and parameters: {'sl_mult': 0.9, 'trailing_activation_mult': 1.25, 'trailing_power': 1.6, 'trailing_squash_divisor': 1.0, 'giveback_beta': 0.5, 'capital_protect_mfe_mult': 1.25, 'capital_protect_regression_frac': 0.65}. Best is trial 41 with value: 4.088492455391679.
[I 2026-05-22 12:52:38,419] Trial 54 finished with value: 3.350525179071701 and parameters: {'sl_mult': 1.5, 'trailing_activation_mult': 1.25, 'trailing_power': 1.6, 'trailing_squash_divisor': 1.0, 'giveback_beta': 0.5, 'capital_protect_mfe_mult': 1.25, 'capital_protect_regression_frac': 0.65}. Best is trial 41 with value: 4.088492455391679.
[I 2026-05-22 12:52:38,468] Trial 55 finished with value: 3.9756288216100075 and parameters: {'sl_mult': 0.5, 'trailing_activation_mult': 1.25, 'trailing_power': 1.6, 'trailing_squash_divisor': 2.0, 'giveback_beta': 0.5, 'capital_protect_mfe_mult': 0.75, 'capital_protect_regression_frac': 0.65}. Best is trial 41 with value: 4.088492455391679.
[I 2026-05-22 12:52:38,632] Trial 56 finished with value: 4.088492455391679 and parameters: {'sl_mult': 0.5, 'trailing_activation_mult': 1.25, 'trailing_power': 1.6, 'trailing_squash_divisor': 1.0, 'giveback_beta': 0.5, 'capital_protect_mfe_mult': 0.0, 'capital_protect_regression_frac': 0.65}. Best is trial 41 with value: 4.088492455391679.
[I 2026-05-22 12:52:38,697] Trial 57 finished with value: 3.3844744783593343 and parameters: {'sl_mult': 0.7, 'trailing_activation_mult': 1.25, 'trailing_power': 1.6, 'trailing_squash_divisor': 3.5, 'giveback_beta': 0.5, 'capital_protect_mfe_mult': 1.25, 'capital_protect_regression_frac': 0.25}. Best is trial 41 with value: 4.088492455391679.
[I 2026-05-22 12:52:38,759] Trial 58 finished with value: 2.5294013885431923 and parameters: {'sl_mult': 1.3, 'trailing_activation_mult': 1.25, 'trailing_power': 1.6, 'trailing_squash_divisor': 4.0, 'giveback_beta': 0.5, 'capital_protect_mfe_mult': 1.25, 'capital_protect_regression_frac': 0.65}. Best is trial 41 with value: 4.088492455391679.
[I 2026-05-22 12:52:38,808] Trial 59 finished with value: 3.149171559663955 and parameters: {'sl_mult': 0.5, 'trailing_activation_mult': 1.5, 'trailing_power': 1.3, 'trailing_squash_divisor': 5.0, 'giveback_beta': 0.5, 'capital_protect_mfe_mult': 1.0, 'capital_protect_regression_frac': 0.65}. Best is trial 41 with value: 4.088492455391679.
[I 2026-05-22 12:52:38,856] Trial 60 finished with value: 4.088492455391679 and parameters: {'sl_mult': 0.5, 'trailing_activation_mult': 1.25, 'trailing_power': 1.6, 'trailing_squash_divisor': 1.0, 'giveback_beta': 0.4, 'capital_protect_mfe_mult': 1.25, 'capital_protect_regression_frac': 0.65}. Best is trial 41 with value: 4.088492455391679.
[I 2026-05-22 12:52:38,904] Trial 61 finished with value: 4.088492455391679 and parameters: {'sl_mult': 0.5, 'trailing_activation_mult': 1.25, 'trailing_power': 1.6, 'trailing_squash_divisor': 1.0, 'giveback_beta': 0.5, 'capital_protect_mfe_mult': 0.0, 'capital_protect_regression_frac': 0.65}. Best is trial 41 with value: 4.088492455391679.
[I 2026-05-22 12:52:38,953] Trial 62 finished with value: 4.088492455391679 and parameters: {'sl_mult': 0.5, 'trailing_activation_mult': 1.25, 'trailing_power': 1.6, 'trailing_squash_divisor': 1.0, 'giveback_beta': 0.5, 'capital_protect_mfe_mult': 0.0, 'capital_protect_regression_frac': 0.65}. Best is trial 41 with value: 4.088492455391679.
[I 2026-05-22 12:52:39,001] Trial 63 finished with value: 4.088492455391679 and parameters: {'sl_mult': 0.5, 'trailing_activation_mult': 1.25, 'trailing_power': 1.6, 'trailing_squash_divisor': 1.0, 'giveback_beta': 0.5, 'capital_protect_mfe_mult': 0.0, 'capital_protect_regression_frac': 0.65}. Best is trial 41 with value: 4.088492455391679.
[I 2026-05-22 12:52:39,047] Trial 64 finished with value: 3.23497379173059 and parameters: {'sl_mult': 0.5, 'trailing_activation_mult': 2.5, 'trailing_power': 2.0, 'trailing_squash_divisor': 1.0, 'giveback_beta': 0.5, 'capital_protect_mfe_mult': 0.0, 'capital_protect_regression_frac': 0.65}. Best is trial 41 with value: 4.088492455391679.
[I 2026-05-22 12:52:39,096] Trial 65 finished with value: 2.448790979804471 and parameters: {'sl_mult': 0.8, 'trailing_activation_mult': 1.25, 'trailing_power': 1.9, 'trailing_squash_divisor': 6.0, 'giveback_beta': 0.5, 'capital_protect_mfe_mult': 0.0, 'capital_protect_regression_frac': 0.25}. Best is trial 41 with value: 4.088492455391679.
[I 2026-05-22 12:52:39,143] Trial 66 finished with value: 4.088492455391679 and parameters: {'sl_mult': 0.5, 'trailing_activation_mult': 1.25, 'trailing_power': 1.4, 'trailing_squash_divisor': 1.0, 'giveback_beta': 0.5, 'capital_protect_mfe_mult': 0.75, 'capital_protect_regression_frac': 0.35}. Best is trial 41 with value: 4.088492455391679.
[I 2026-05-22 12:52:39,191] Trial 67 finished with value: 2.9450708996970207 and parameters: {'sl_mult': 1.0, 'trailing_activation_mult': 1.25, 'trailing_power': 1.6, 'trailing_squash_divisor': 3.0, 'giveback_beta': 0.95, 'capital_protect_mfe_mult': 1.25, 'capital_protect_regression_frac': 0.55}. Best is trial 41 with value: 4.088492455391679.
[I 2026-05-22 12:52:39,240] Trial 68 finished with value: 2.9056374796346063 and parameters: {'sl_mult': 1.1, 'trailing_activation_mult': 2.0, 'trailing_power': 1.6, 'trailing_squash_divisor': 2.5, 'giveback_beta': 0.8, 'capital_protect_mfe_mult': 1.25, 'capital_protect_regression_frac': 0.65}. Best is trial 41 with value: 4.088492455391679.
[I 2026-05-22 12:52:39,288] Trial 69 finished with value: 3.2509082632343054 and parameters: {'sl_mult': 1.5, 'trailing_activation_mult': 1.0, 'trailing_power': 1.6, 'trailing_squash_divisor': 1.0, 'giveback_beta': 0.5, 'capital_protect_mfe_mult': 1.25, 'capital_protect_regression_frac': 0.65}. Best is trial 41 with value: 4.088492455391679.
[I 2026-05-22 12:52:39,338] Trial 70 finished with value: 3.440516467139241 and parameters: {'sl_mult': 1.4, 'trailing_activation_mult': 1.25, 'trailing_power': 1.2, 'trailing_squash_divisor': 1.0, 'giveback_beta': 0.5, 'capital_protect_mfe_mult': 1.5, 'capital_protect_regression_frac': 0.65}. Best is trial 41 with value: 4.088492455391679.
[I 2026-05-22 12:52:39,385] Trial 71 finished with value: 4.088492455391679 and parameters: {'sl_mult': 0.5, 'trailing_activation_mult': 1.25, 'trailing_power': 1.6, 'trailing_squash_divisor': 1.0, 'giveback_beta': 0.4, 'capital_protect_mfe_mult': 1.25, 'capital_protect_regression_frac': 0.65}. Best is trial 41 with value: 4.088492455391679.
[I 2026-05-22 12:52:39,433] Trial 72 finished with value: 4.088492455391679 and parameters: {'sl_mult': 0.5, 'trailing_activation_mult': 1.25, 'trailing_power': 1.6, 'trailing_squash_divisor': 1.0, 'giveback_beta': 0.4, 'capital_protect_mfe_mult': 1.25, 'capital_protect_regression_frac': 0.65}. Best is trial 41 with value: 4.088492455391679.
[I 2026-05-22 12:52:39,482] Trial 73 finished with value: 4.088492455391679 and parameters: {'sl_mult': 0.5, 'trailing_activation_mult': 1.25, 'trailing_power': 1.6, 'trailing_squash_divisor': 1.0, 'giveback_beta': 0.4, 'capital_protect_mfe_mult': 1.25, 'capital_protect_regression_frac': 0.65}. Best is trial 41 with value: 4.088492455391679.
[I 2026-05-22 12:52:39,531] Trial 74 finished with value: 3.8941255766898393 and parameters: {'sl_mult': 0.5, 'trailing_activation_mult': 1.5, 'trailing_power': 1.8, 'trailing_squash_divisor': 1.5, 'giveback_beta': 0.4, 'capital_protect_mfe_mult': 1.25, 'capital_protect_regression_frac': 0.65}. Best is trial 41 with value: 4.088492455391679.
[I 2026-05-22 12:52:39,580] Trial 75 finished with value: 3.9354339001467453 and parameters: {'sl_mult': 0.6, 'trailing_activation_mult': 1.25, 'trailing_power': 1.6, 'trailing_squash_divisor': 1.0, 'giveback_beta': 0.5, 'capital_protect_mfe_mult': 1.25, 'capital_protect_regression_frac': 0.65}. Best is trial 41 with value: 4.088492455391679.
[I 2026-05-22 12:52:39,629] Trial 76 finished with value: 3.23497379173059 and parameters: {'sl_mult': 0.5, 'trailing_activation_mult': 2.5, 'trailing_power': 1.3, 'trailing_squash_divisor': 1.0, 'giveback_beta': 0.4, 'capital_protect_mfe_mult': 1.25, 'capital_protect_regression_frac': 0.65}. Best is trial 41 with value: 4.088492455391679.
[I 2026-05-22 12:52:39,679] Trial 77 finished with value: 3.488059303164482 and parameters: {'sl_mult': 1.2, 'trailing_activation_mult': 1.25, 'trailing_power': 1.6, 'trailing_squash_divisor': 1.0, 'giveback_beta': 0.5, 'capital_protect_mfe_mult': 1.25, 'capital_protect_regression_frac': 0.35}. Best is trial 41 with value: 4.088492455391679.
