[I 2026-05-22 12:53:00,996] Trial 92 finished with value: 4.832622116012499 and parameters: {'sl_mult': 3.4000000000000004, 'adverse_exit_min_mae_sl_frac': 0.35000000000000003, 'capital_protect_mfe_mult': 2.5, 'capital_protect_regression_frac': 0.9, 'adverse_exit_min_speed': 0.1, 'adverse_exit_theta_quantile': 0.9}. Best is trial 91 with value: 4.85580350230448.
[I 2026-05-22 12:53:01,069] Trial 93 finished with value: 4.662269411189482 and parameters: {'sl_mult': 3.3000000000000003, 'adverse_exit_min_mae_sl_frac': 0.35000000000000003, 'capital_protect_mfe_mult': 2.5, 'capital_protect_regression_frac': 0.9, 'adverse_exit_min_speed': 0.1, 'adverse_exit_theta_quantile': 0.9}. Best is trial 91 with value: 4.85580350230448.
[I 2026-05-22 12:53:01,145] Trial 94 finished with value: 4.772388184024021 and parameters: {'sl_mult': 3.4000000000000004, 'adverse_exit_min_mae_sl_frac': 0.4, 'capital_protect_mfe_mult': 2.4000000000000004, 'capital_protect_regression_frac': 0.9, 'adverse_exit_min_speed': 0.2, 'adverse_exit_theta_quantile': 0.8500000000000001}. Best is trial 91 with value: 4.85580350230448.
[I 2026-05-22 12:53:01,221] Trial 95 finished with value: 4.819317066622898 and parameters: {'sl_mult': 3.4000000000000004, 'adverse_exit_min_mae_sl_frac': 0.35000000000000003, 'capital_protect_mfe_mult': 2.2, 'capital_protect_regression_frac': 0.8500000000000001, 'adverse_exit_min_speed': 0.30000000000000004, 'adverse_exit_theta_quantile': 0.9}. Best is trial 91 with value: 4.85580350230448.
[I 2026-05-22 12:53:01,297] Trial 96 finished with value: 4.364488381729461 and parameters: {'sl_mult': 3.0, 'adverse_exit_min_mae_sl_frac': 0.35000000000000003, 'capital_protect_mfe_mult': 2.3000000000000003, 'capital_protect_regression_frac': 0.8, 'adverse_exit_min_speed': 0.30000000000000004, 'adverse_exit_theta_quantile': 0.9}. Best is trial 91 with value: 4.85580350230448.
[I 2026-05-22 12:53:01,372] Trial 97 finished with value: 4.468709471332841 and parameters: {'sl_mult': 3.1, 'adverse_exit_min_mae_sl_frac': 0.35000000000000003, 'capital_protect_mfe_mult': 2.2, 'capital_protect_regression_frac': 0.8500000000000001, 'adverse_exit_min_speed': 0.1, 'adverse_exit_theta_quantile': 0.8500000000000001}. Best is trial 91 with value: 4.85580350230448.
[I 2026-05-22 12:53:01,446] Trial 98 finished with value: 4.796131034893915 and parameters: {'sl_mult': 3.4000000000000004, 'adverse_exit_min_mae_sl_frac': 0.4, 'capital_protect_mfe_mult': 2.4000000000000004, 'capital_protect_regression_frac': 0.8, 'adverse_exit_min_speed': 0.4, 'adverse_exit_theta_quantile': 0.9}. Best is trial 91 with value: 4.85580350230448.
[I 2026-05-22 12:53:01,524] Trial 99 finished with value: 4.578082324168645 and parameters: {'sl_mult': 3.2, 'adverse_exit_min_mae_sl_frac': 0.4, 'capital_protect_mfe_mult': 2.7, 'capital_protect_regression_frac': 0.8500000000000001, 'adverse_exit_min_speed': 0.30000000000000004, 'adverse_exit_theta_quantile': 0.9}. Best is trial 91 with value: 4.85580350230448.
[I 2026-05-22 12:53:01,602] Trial 100 finished with value: 4.677949880762026 and parameters: {'sl_mult': 3.3000000000000003, 'adverse_exit_min_mae_sl_frac': 0.30000000000000004, 'capital_protect_mfe_mult': 2.2, 'capital_protect_regression_frac': 0.75, 'adverse_exit_min_speed': 0.2, 'adverse_exit_theta_quantile': 0.95}. Best is trial 91 with value: 4.85580350230448.
[I 2026-05-22 12:53:01,678] Trial 101 finished with value: 4.8239113702904435 and parameters: {'sl_mult': 3.4000000000000004, 'adverse_exit_min_mae_sl_frac': 0.4, 'capital_protect_mfe_mult': 2.6, 'capital_protect_regression_frac': 0.9500000000000001, 'adverse_exit_min_speed': 0.1, 'adverse_exit_theta_quantile': 0.9}. Best is trial 91 with value: 4.85580350230448.
[I 2026-05-22 12:53:01,752] Trial 102 finished with value: 4.8239113702904435 and parameters: {'sl_mult': 3.4000000000000004, 'adverse_exit_min_mae_sl_frac': 0.4, 'capital_protect_mfe_mult': 2.6, 'capital_protect_regression_frac': 0.9, 'adverse_exit_min_speed': 0.1, 'adverse_exit_theta_quantile': 0.9}. Best is trial 91 with value: 4.85580350230448.
[I 2026-05-22 12:53:01,938] Trial 103 finished with value: 4.672677775425837 and parameters: {'sl_mult': 3.3000000000000003, 'adverse_exit_min_mae_sl_frac': 0.4, 'capital_protect_mfe_mult': 2.6, 'capital_protect_regression_frac': 0.9500000000000001, 'adverse_exit_min_speed': 0.1, 'adverse_exit_theta_quantile': 0.8500000000000001}. Best is trial 91 with value: 4.85580350230448.
[I 2026-05-22 12:53:02,011] Trial 104 finished with value: 4.8239113702904435 and parameters: {'sl_mult': 3.4000000000000004, 'adverse_exit_min_mae_sl_frac': 0.4, 'capital_protect_mfe_mult': 2.6, 'capital_protect_regression_frac': 0.9, 'adverse_exit_min_speed': 0.2, 'adverse_exit_theta_quantile': 0.9}. Best is trial 91 with value: 4.85580350230448.
[I 2026-05-22 12:53:02,091] Trial 105 finished with value: 4.578082324168645 and parameters: {'sl_mult': 3.2, 'adverse_exit_min_mae_sl_frac': 0.4, 'capital_protect_mfe_mult': 2.5, 'capital_protect_regression_frac': 0.9, 'adverse_exit_min_speed': 0.1, 'adverse_exit_theta_quantile': 0.9}. Best is trial 91 with value: 4.85580350230448.
[I 2026-05-22 12:53:02,166] Trial 106 finished with value: 4.500634258496575 and parameters: {'sl_mult': 3.1, 'adverse_exit_min_mae_sl_frac': 0.45, 'capital_protect_mfe_mult': 2.5, 'capital_protect_regression_frac': 0.9500000000000001, 'adverse_exit_min_speed': 0.1, 'adverse_exit_theta_quantile': 0.8500000000000001}. Best is trial 91 with value: 4.85580350230448.
[I 2026-05-22 12:53:02,243] Trial 107 finished with value: 4.780649205250666 and parameters: {'sl_mult': 3.4000000000000004, 'adverse_exit_min_mae_sl_frac': 0.35000000000000003, 'capital_protect_mfe_mult': 2.4000000000000004, 'capital_protect_regression_frac': 1.0, 'adverse_exit_min_speed': 0.2, 'adverse_exit_theta_quantile': 0.95}. Best is trial 91 with value: 4.85580350230448.
[I 2026-05-22 12:53:02,321] Trial 108 finished with value: 4.737808966590092 and parameters: {'sl_mult': 3.3000000000000003, 'adverse_exit_min_mae_sl_frac': 0.45, 'capital_protect_mfe_mult': 2.7, 'capital_protect_regression_frac': 0.9500000000000001, 'adverse_exit_min_speed': 0.1, 'adverse_exit_theta_quantile': 0.9}. Best is trial 91 with value: 4.85580350230448.
[I 2026-05-22 12:53:02,392] Trial 109 finished with value: 4.274754904466681 and parameters: {'sl_mult': 1.2000000000000002, 'adverse_exit_min_mae_sl_frac': 0.4, 'capital_protect_mfe_mult': 2.6, 'capital_protect_regression_frac': 0.9, 'adverse_exit_min_speed': 0.1, 'adverse_exit_theta_quantile': 0.9}. Best is trial 91 with value: 4.85580350230448.
[I 2026-05-22 12:53:02,469] Trial 110 finished with value: 4.672208235762082 and parameters: {'sl_mult': 3.2, 'adverse_exit_min_mae_sl_frac': 0.35000000000000003, 'capital_protect_mfe_mult': 2.3000000000000003, 'capital_protect_regression_frac': 0.9500000000000001, 'adverse_exit_min_speed': 0.2, 'adverse_exit_theta_quantile': 0.95}. Best is trial 91 with value: 4.85580350230448.
[I 2026-05-22 12:53:02,544] Trial 111 finished with value: 4.813576153013855 and parameters: {'sl_mult': 3.5, 'adverse_exit_min_mae_sl_frac': 0.4, 'capital_protect_mfe_mult': 2.6, 'capital_protect_regression_frac': 0.9, 'adverse_exit_min_speed': 0.2, 'adverse_exit_theta_quantile': 0.9}. Best is trial 91 with value: 4.85580350230448.
[I 2026-05-22 12:53:02,619] Trial 112 finished with value: 4.8239113702904435 and parameters: {'sl_mult': 3.4000000000000004, 'adverse_exit_min_mae_sl_frac': 0.4, 'capital_protect_mfe_mult': 2.7, 'capital_protect_regression_frac': 1.0, 'adverse_exit_min_speed': 0.1, 'adverse_exit_theta_quantile': 0.9}. Best is trial 91 with value: 4.85580350230448.
[I 2026-05-22 12:53:02,694] Trial 113 finished with value: 4.831518871290609 and parameters: {'sl_mult': 3.4000000000000004, 'adverse_exit_min_mae_sl_frac': 0.45, 'capital_protect_mfe_mult': 2.4000000000000004, 'capital_protect_regression_frac': 0.9500000000000001, 'adverse_exit_min_speed': 0.1, 'adverse_exit_theta_quantile': 0.8500000000000001}. Best is trial 91 with value: 4.85580350230448.
[I 2026-05-22 12:53:02,769] Trial 114 finished with value: 4.772388184024021 and parameters: {'sl_mult': 3.4000000000000004, 'adverse_exit_min_mae_sl_frac': 0.45, 'capital_protect_mfe_mult': 2.4000000000000004, 'capital_protect_regression_frac': 0.9500000000000001, 'adverse_exit_min_speed': 0.1, 'adverse_exit_theta_quantile': 0.8}. Best is trial 91 with value: 4.85580350230448.
[I 2026-05-22 12:53:02,843] Trial 115 finished with value: 4.19795497446321 and parameters: {'sl_mult': 2.2, 'adverse_exit_min_mae_sl_frac': 0.45, 'capital_protect_mfe_mult': 2.4000000000000004, 'capital_protect_regression_frac': 1.0, 'adverse_exit_min_speed': 0.1, 'adverse_exit_theta_quantile': 0.8500000000000001}. Best is trial 91 with value: 4.85580350230448.
[I 2026-05-22 12:53:02,919] Trial 116 finished with value: 4.658078873110935 and parameters: {'sl_mult': 3.3000000000000003, 'adverse_exit_min_mae_sl_frac': 0.45, 'capital_protect_mfe_mult': 2.1, 'capital_protect_regression_frac': 0.9500000000000001, 'adverse_exit_min_speed': 0.2, 'adverse_exit_theta_quantile': 0.8500000000000001}. Best is trial 91 with value: 4.85580350230448.
[I 2026-05-22 12:53:02,995] Trial 117 finished with value: 4.447494592820294 and parameters: {'sl_mult': 3.5, 'adverse_exit_min_mae_sl_frac': 0.4, 'capital_protect_mfe_mult': 2.8000000000000003, 'capital_protect_regression_frac': 0.30000000000000004, 'adverse_exit_min_speed': 0.1, 'adverse_exit_theta_quantile': 0.8500000000000001}. Best is trial 91 with value: 4.85580350230448.
[I 2026-05-22 12:53:03,071] Trial 118 finished with value: 4.63513689970132 and parameters: {'sl_mult': 3.2, 'adverse_exit_min_mae_sl_frac': 0.45, 'capital_protect_mfe_mult': 2.5, 'capital_protect_regression_frac': 0.9500000000000001, 'adverse_exit_min_speed': 0.2, 'adverse_exit_theta_quantile': 0.9}. Best is trial 91 with value: 4.85580350230448.
[I 2026-05-22 12:53:03,146] Trial 119 finished with value: 4.8239113702904435 and parameters: {'sl_mult': 3.4000000000000004, 'adverse_exit_min_mae_sl_frac': 0.4, 'capital_protect_mfe_mult': 3.0, 'capital_protect_regression_frac': 1.0, 'adverse_exit_min_speed': 0.1, 'adverse_exit_theta_quantile': 0.9}. Best is trial 91 with value: 4.85580350230448.
[I 2026-05-22 12:53:03,223] Trial 120 finished with value: 4.662269411189482 and parameters: {'sl_mult': 3.3000000000000003, 'adverse_exit_min_mae_sl_frac': 0.35000000000000003, 'capital_protect_mfe_mult': 2.5, 'capital_protect_regression_frac': 0.9, 'adverse_exit_min_speed': 0.1, 'adverse_exit_theta_quantile': 0.9}. Best is trial 91 with value: 4.85580350230448.
[I 2026-05-22 12:53:03,298] Trial 121 finished with value: 4.8239113702904435 and parameters: {'sl_mult': 3.4000000000000004, 'adverse_exit_min_mae_sl_frac': 0.4, 'capital_protect_mfe_mult': 2.6, 'capital_protect_regression_frac': 0.9, 'adverse_exit_min_speed': 0.2, 'adverse_exit_theta_quantile': 0.9}. Best is trial 91 with value: 4.85580350230448.
[I 2026-05-22 12:53:03,373] Trial 122 finished with value: 4.813576153013855 and parameters: {'sl_mult': 3.5, 'adverse_exit_min_mae_sl_frac': 0.4, 'capital_protect_mfe_mult': 2.4000000000000004, 'capital_protect_regression_frac': 0.9, 'adverse_exit_min_speed': 0.2, 'adverse_exit_theta_quantile': 0.9}. Best is trial 91 with value: 4.85580350230448.
[I 2026-05-22 12:53:03,449] Trial 123 finished with value: 4.752338395966217 and parameters: {'sl_mult': 3.4000000000000004, 'adverse_exit_min_mae_sl_frac': 0.45, 'capital_protect_mfe_mult': 2.7, 'capital_protect_regression_frac': 0.8500000000000001, 'adverse_exit_min_speed': 0.1, 'adverse_exit_theta_quantile': 0.95}. Best is trial 91 with value: 4.85580350230448.
[I 2026-05-22 12:53:03,525] Trial 124 finished with value: 4.340329663222656 and parameters: {'sl_mult': 3.5, 'adverse_exit_min_mae_sl_frac': 0.4, 'capital_protect_mfe_mult': 2.3000000000000003, 'capital_protect_regression_frac': 0.05, 'adverse_exit_min_speed': 0.2, 'adverse_exit_theta_quantile': 0.9}. Best is trial 91 with value: 4.85580350230448.
[I 2026-05-22 12:53:03,603] Trial 125 finished with value: 4.737808966590092 and parameters: {'sl_mult': 3.3000000000000003, 'adverse_exit_min_mae_sl_frac': 0.45, 'capital_protect_mfe_mult': 2.6, 'capital_protect_regression_frac': 0.9500000000000001, 'adverse_exit_min_speed': 0.1, 'adverse_exit_theta_quantile': 0.9}. Best is trial 91 with value: 4.85580350230448.
[I 2026-05-22 12:53:03,678] Trial 126 finished with value: 4.436684501869604 and parameters: {'sl_mult': 3.4000000000000004, 'adverse_exit_min_mae_sl_frac': 0.35000000000000003, 'capital_protect_mfe_mult': 2.8000000000000003, 'capital_protect_regression_frac': 0.45, 'adverse_exit_min_speed': 0.30000000000000004, 'adverse_exit_theta_quantile': 0.8500000000000001}. Best is trial 91 with value: 4.85580350230448.
[I 2026-05-22 12:53:03,754] Trial 127 finished with value: 4.813576153013855 and parameters: {'sl_mult': 3.5, 'adverse_exit_min_mae_sl_frac': 0.4, 'capital_protect_mfe_mult': 2.5, 'capital_protect_regression_frac': 0.8500000000000001, 'adverse_exit_min_speed': 0.2, 'adverse_exit_theta_quantile': 0.9}. Best is trial 91 with value: 4.85580350230448.
[I 2026-05-22 12:53:03,833] Trial 128 finished with value: 4.225226125412155 and parameters: {'sl_mult': 0.9, 'adverse_exit_min_mae_sl_frac': 0.4, 'capital_protect_mfe_mult': 2.7, 'capital_protect_regression_frac': 0.9500000000000001, 'adverse_exit_min_speed': 0.1, 'adverse_exit_theta_quantile': 0.95}. Best is trial 91 with value: 4.85580350230448.
[I 2026-05-22 12:53:03,909] Trial 129 finished with value: 4.195348805119283 and parameters: {'sl_mult': 2.4000000000000004, 'adverse_exit_min_mae_sl_frac': 0.45, 'capital_protect_mfe_mult': 2.6, 'capital_protect_regression_frac': 0.9, 'adverse_exit_min_speed': 0.1, 'adverse_exit_theta_quantile': 0.9}. Best is trial 91 with value: 4.85580350230448.
[I 2026-05-22 12:53:04,091] Trial 130 finished with value: 4.764084407640621 and parameters: {'sl_mult': 3.3000000000000003, 'adverse_exit_min_mae_sl_frac': 0.35000000000000003, 'capital_protect_mfe_mult': 2.4000000000000004, 'capital_protect_regression_frac': 1.0, 'adverse_exit_min_speed': 0.30000000000000004, 'adverse_exit_theta_quantile': 0.95}. Best is trial 91 with value: 4.85580350230448.
[I 2026-05-22 12:53:04,163] Trial 131 finished with value: 4.8239113702904435 and parameters: {'sl_mult': 3.4000000000000004, 'adverse_exit_min_mae_sl_frac': 0.4, 'capital_protect_mfe_mult': 2.7, 'capital_protect_regression_frac': 1.0, 'adverse_exit_min_speed': 0.1, 'adverse_exit_theta_quantile': 0.9}. Best is trial 91 with value: 4.85580350230448.
[I 2026-05-22 12:53:04,239] Trial 132 finished with value: 4.8239113702904435 and parameters: {'sl_mult': 3.4000000000000004, 'adverse_exit_min_mae_sl_frac': 0.4, 'capital_protect_mfe_mult': 2.8000000000000003, 'capital_protect_regression_frac': 1.0, 'adverse_exit_min_speed': 0.1, 'adverse_exit_theta_quantile': 0.9}. Best is trial 91 with value: 4.85580350230448.
[I 2026-05-22 12:53:04,316] Trial 133 finished with value: 4.578082324168645 and parameters: {'sl_mult': 3.2, 'adverse_exit_min_mae_sl_frac': 0.4, 'capital_protect_mfe_mult': 2.5, 'capital_protect_regression_frac': 0.9500000000000001, 'adverse_exit_min_speed': 0.2, 'adverse_exit_theta_quantile': 0.9}. Best is trial 91 with value: 4.85580350230448.
[I 2026-05-22 12:53:04,391] Trial 134 finished with value: 4.85580350230448 and parameters: {'sl_mult': 3.4000000000000004, 'adverse_exit_min_mae_sl_frac': 0.45, 'capital_protect_mfe_mult': 2.9000000000000004, 'capital_protect_regression_frac': 0.9, 'adverse_exit_min_speed': 0.1, 'adverse_exit_theta_quantile': 0.9}. Best is trial 91 with value: 4.85580350230448.
[I 2026-05-22 12:53:04,465] Trial 135 finished with value: 4.80991821968928 and parameters: {'sl_mult': 3.5, 'adverse_exit_min_mae_sl_frac': 0.45, 'capital_protect_mfe_mult': 2.9000000000000004, 'capital_protect_regression_frac': 0.9, 'adverse_exit_min_speed': 0.2, 'adverse_exit_theta_quantile': 0.8500000000000001}. Best is trial 91 with value: 4.85580350230448.
[I 2026-05-22 12:53:04,541] Trial 136 finished with value: 4.7151591531466694 and parameters: {'sl_mult': 3.3000000000000003, 'adverse_exit_min_mae_sl_frac': 0.5, 'capital_protect_mfe_mult': 3.0, 'capital_protect_regression_frac': 0.8500000000000001, 'adverse_exit_min_speed': 0.1, 'adverse_exit_theta_quantile': 0.9}. Best is trial 91 with value: 4.85580350230448.
[I 2026-05-22 12:53:04,617] Trial 137 finished with value: 4.832921186927706 and parameters: {'sl_mult': 3.5, 'adverse_exit_min_mae_sl_frac': 0.45, 'capital_protect_mfe_mult': 2.9000000000000004, 'capital_protect_regression_frac': 0.9, 'adverse_exit_min_speed': 0.2, 'adverse_exit_theta_quantile': 0.9}. Best is trial 91 with value: 4.85580350230448.
[I 2026-05-22 12:53:04,691] Trial 138 finished with value: 4.80991821968928 and parameters: {'sl_mult': 3.5, 'adverse_exit_min_mae_sl_frac': 0.45, 'capital_protect_mfe_mult': 2.9000000000000004, 'capital_protect_regression_frac': 0.9500000000000001, 'adverse_exit_min_speed': 0.1, 'adverse_exit_theta_quantile': 0.8500000000000001}. Best is trial 91 with value: 4.85580350230448.
[I 2026-05-22 12:53:04,765] Trial 139 finished with value: 4.769117253366858 and parameters: {'sl_mult': 3.5, 'adverse_exit_min_mae_sl_frac': 0.5, 'capital_protect_mfe_mult': 3.0, 'capital_protect_regression_frac': 0.9, 'adverse_exit_min_speed': 0.1, 'adverse_exit_theta_quantile': 0.9}. Best is trial 91 with value: 4.85580350230448.
[I 2026-05-22 12:53:04,839] Trial 140 finished with value: 4.63513689970132 and parameters: {'sl_mult': 3.2, 'adverse_exit_min_mae_sl_frac': 0.45, 'capital_protect_mfe_mult': 2.9000000000000004, 'capital_protect_regression_frac': 0.9500000000000001, 'adverse_exit_min_speed': 0.1, 'adverse_exit_theta_quantile': 0.9}. Best is trial 91 with value: 4.85580350230448.
