[I 2026-05-22 12:09:51,719] Trial 57 finished with value: 0.5885511370174483 and parameters: {'max_depth': 3, 'subsample': 0.6865128968846298, 'reg_alpha': 1.178914481190952, 'reg_lambda': 13.399627496738164, 'min_child_samples_pct': 0.040573983902001634, 'min_child_weight': 35.067558986868036, 'min_split_gain': 0.0015063539776128917, 'colsample_bytree': 0.7459276373953238}. Best is trial 56 with value: 0.592673597372982.
[2026-05-22 10:09:51 UTC] LGBM HPO trial 58 fold 1/3 started: train_rows=6666, valid_rows=3334, depth=6.
[2026-05-22 10:09:52 UTC] LGBM HPO trial 58 fold 1/3 complete: partial_J=0.5953, elapsed=0.3s.
[2026-05-22 10:09:52 UTC] LGBM HPO trial 58 fold 2/3 started: train_rows=6667, valid_rows=3333, depth=6.
[2026-05-22 10:09:52 UTC] LGBM HPO trial 58 fold 2/3 complete: partial_J=0.5845, elapsed=0.8s.
[2026-05-22 10:09:52 UTC] LGBM HPO trial 58 fold 3/3 started: train_rows=6667, valid_rows=3333, depth=6.
[2026-05-22 10:09:53 UTC] LGBM HPO trial 58 fold 3/3 complete: partial_J=0.5798, elapsed=0.8s.
[2026-05-22 10:09:53 UTC] LGBM HPO trial 58 complete: J=0.5798, raw_J=0.5917, elapsed=1.9s.
[I 2026-05-22 12:09:53,597] Trial 58 finished with value: 0.5797905013961995 and parameters: {'max_depth': 6, 'subsample': 0.6785716296199303, 'reg_alpha': 2.558918033097723, 'reg_lambda': 14.82271966742626, 'min_child_samples_pct': 0.04259498406716686, 'min_child_weight': 39.30823564114723, 'min_split_gain': 0.0020857607412476825, 'colsample_bytree': 0.7534883152316968}. Best is trial 56 with value: 0.592673597372982.
[2026-05-22 10:09:53 UTC] LGBM HPO trial 59 fold 1/3 started: train_rows=6666, valid_rows=3334, depth=4.
[2026-05-22 10:09:53 UTC] LGBM HPO trial 59 fold 1/3 complete: partial_J=0.5912, elapsed=0.3s.
[2026-05-22 10:09:53 UTC] LGBM HPO trial 59 fold 2/3 started: train_rows=6667, valid_rows=3333, depth=4.
[2026-05-22 10:09:54 UTC] LGBM HPO trial 59 fold 2/3 complete: partial_J=0.5834, elapsed=0.6s.
[2026-05-22 10:09:54 UTC] LGBM HPO trial 59 fold 3/3 started: train_rows=6667, valid_rows=3333, depth=4.
[2026-05-22 10:09:55 UTC] LGBM HPO trial 59 fold 3/3 complete: partial_J=0.5762, elapsed=0.7s.
[2026-05-22 10:09:55 UTC] LGBM HPO trial 59 complete: J=0.5762, raw_J=0.5880, elapsed=1.6s.
[I 2026-05-22 12:09:55,192] Trial 59 finished with value: 0.5761524648145363 and parameters: {'max_depth': 4, 'subsample': 0.6634692628164851, 'reg_alpha': 2.178316572633603, 'reg_lambda': 2.464154084830327, 'min_child_samples_pct': 0.04649517646483585, 'min_child_weight': 31.73332454618459, 'min_split_gain': 0.0012656887793534638, 'colsample_bytree': 0.7681443889009933}. Best is trial 56 with value: 0.592673597372982.
[2026-05-22 10:09:55 UTC] LGBM HPO trial 60 fold 1/3 started: train_rows=6666, valid_rows=3334, depth=5.
[2026-05-22 10:09:55 UTC] LGBM HPO trial 60 fold 1/3 complete: partial_J=0.6039, elapsed=0.4s.
[2026-05-22 10:09:55 UTC] LGBM HPO trial 60 fold 2/3 started: train_rows=6667, valid_rows=3333, depth=5.
[2026-05-22 10:09:56 UTC] LGBM HPO trial 60 fold 2/3 complete: partial_J=0.5916, elapsed=0.6s.
[2026-05-22 10:09:56 UTC] LGBM HPO trial 60 fold 3/3 started: train_rows=6667, valid_rows=3333, depth=5.
[2026-05-22 10:09:57 UTC] LGBM HPO trial 60 fold 3/3 complete: partial_J=0.5823, elapsed=0.9s.
[2026-05-22 10:09:57 UTC] LGBM HPO trial 60 complete: J=0.5823, raw_J=0.5924, elapsed=1.9s.
[I 2026-05-22 12:09:57,076] Trial 60 finished with value: 0.5823088140146293 and parameters: {'max_depth': 5, 'subsample': 0.6706285701335845, 'reg_alpha': 2.957742880707355, 'reg_lambda': 18.32433649652723, 'min_child_samples_pct': 0.03524618290449735, 'min_child_weight': 40.57097238429992, 'min_split_gain': 0.0006482717732011024, 'colsample_bytree': 0.7892934468159123}. Best is trial 56 with value: 0.592673597372982.
[2026-05-22 10:09:57 UTC] LGBM HPO trial 61 fold 1/3 started: train_rows=6666, valid_rows=3334, depth=5.
[2026-05-22 10:09:57 UTC] LGBM HPO trial 61 fold 1/3 complete: partial_J=0.5975, elapsed=0.3s.
[2026-05-22 10:09:57 UTC] LGBM HPO trial 61 fold 2/3 started: train_rows=6667, valid_rows=3333, depth=5.
[2026-05-22 10:09:58 UTC] LGBM HPO trial 61 fold 2/3 complete: partial_J=0.5831, elapsed=0.8s.
[2026-05-22 10:09:58 UTC] LGBM HPO trial 61 fold 3/3 started: train_rows=6667, valid_rows=3333, depth=5.
[2026-05-22 10:09:59 UTC] LGBM HPO trial 61 fold 3/3 complete: partial_J=0.5776, elapsed=0.8s.
[2026-05-22 10:09:59 UTC] LGBM HPO trial 61 complete: J=0.5776, raw_J=0.5893, elapsed=2.0s.
[I 2026-05-22 12:09:59,073] Trial 61 finished with value: 0.5776043528305322 and parameters: {'max_depth': 5, 'subsample': 0.6868549297918117, 'reg_alpha': 1.0319968853652142, 'reg_lambda': 12.457471828919056, 'min_child_samples_pct': 0.03829787081149589, 'min_child_weight': 44.307901386996, 'min_split_gain': 0.003718078644798121, 'colsample_bytree': 0.7295865446046104}. Best is trial 56 with value: 0.592673597372982.
[2026-05-22 10:09:59 UTC] LGBM HPO trial 62 fold 1/3 started: train_rows=6666, valid_rows=3334, depth=5.
[2026-05-22 10:09:59 UTC] LGBM HPO trial 62 fold 1/3 complete: partial_J=0.6003, elapsed=0.3s.
[2026-05-22 10:09:59 UTC] LGBM HPO trial 62 fold 2/3 started: train_rows=6667, valid_rows=3333, depth=5.
[2026-05-22 10:10:00 UTC] LGBM HPO trial 62 fold 2/3 complete: partial_J=0.5839, elapsed=0.9s.
[2026-05-22 10:10:00 UTC] LGBM HPO trial 62 fold 3/3 started: train_rows=6667, valid_rows=3333, depth=5.
[2026-05-22 10:10:01 UTC] LGBM HPO trial 62 fold 3/3 complete: partial_J=0.5720, elapsed=1.3s.
[2026-05-22 10:10:01 UTC] LGBM HPO trial 62 complete: J=0.5720, raw_J=0.5861, elapsed=2.5s.
[I 2026-05-22 12:10:01,554] Trial 62 finished with value: 0.57197067413297 and parameters: {'max_depth': 5, 'subsample': 0.7060217280000872, 'reg_alpha': 0.75549772612939, 'reg_lambda': 16.30585973698554, 'min_child_samples_pct': 0.04960813981277848, 'min_child_weight': 46.087763383751415, 'min_split_gain': 0.0027268813746818034, 'colsample_bytree': 0.7185556915362391}. Best is trial 56 with value: 0.592673597372982.
[2026-05-22 10:10:01 UTC] LGBM HPO trial 63 fold 1/3 started: train_rows=6666, valid_rows=3334, depth=5.
[2026-05-22 10:10:01 UTC] LGBM HPO trial 63 fold 1/3 complete: partial_J=0.6011, elapsed=0.3s.
[2026-05-22 10:10:01 UTC] LGBM HPO trial 63 fold 2/3 started: train_rows=6667, valid_rows=3333, depth=5.
[2026-05-22 10:10:02 UTC] LGBM HPO trial 63 fold 2/3 complete: partial_J=0.5836, elapsed=0.8s.
[2026-05-22 10:10:02 UTC] LGBM HPO trial 63 fold 3/3 started: train_rows=6667, valid_rows=3333, depth=5.
[2026-05-22 10:10:03 UTC] LGBM HPO trial 63 fold 3/3 complete: partial_J=0.5851, elapsed=0.5s.
[2026-05-22 10:10:03 UTC] LGBM HPO trial 63 complete: J=0.5851, raw_J=0.5986, elapsed=1.6s.
[I 2026-05-22 12:10:03,190] Trial 63 finished with value: 0.5851278027820207 and parameters: {'max_depth': 5, 'subsample': 0.6441311580010396, 'reg_alpha': 0.3902549175939038, 'reg_lambda': 9.314416521405287, 'min_child_samples_pct': 0.04349233096546302, 'min_child_weight': 37.329085813134704, 'min_split_gain': 0.005866007748671744, 'colsample_bytree': 0.740733149597398}. Best is trial 56 with value: 0.592673597372982.
[2026-05-22 10:10:03 UTC] LGBM HPO trial 64 fold 1/3 started: train_rows=6666, valid_rows=3334, depth=5.
[2026-05-22 10:10:03 UTC] LGBM HPO trial 64 fold 1/3 complete: partial_J=0.6037, elapsed=0.3s.
[2026-05-22 10:10:03 UTC] LGBM HPO trial 64 fold 2/3 started: train_rows=6667, valid_rows=3333, depth=5.
[2026-05-22 10:10:04 UTC] LGBM HPO trial 64 fold 2/3 complete: partial_J=0.5915, elapsed=1.0s.
[2026-05-22 10:10:04 UTC] LGBM HPO trial 64 fold 3/3 started: train_rows=6667, valid_rows=3333, depth=5.
[2026-05-22 10:10:05 UTC] LGBM HPO trial 64 fold 3/3 complete: partial_J=0.5866, elapsed=0.6s.
[2026-05-22 10:10:05 UTC] LGBM HPO trial 64 complete: J=0.5866, raw_J=0.5992, elapsed=2.0s.
[I 2026-05-22 12:10:05,182] Trial 64 finished with value: 0.58662405343707 and parameters: {'max_depth': 5, 'subsample': 0.7466601964508083, 'reg_alpha': 1.9405549563978042, 'reg_lambda': 14.162013898864862, 'min_child_samples_pct': 0.04116737456038411, 'min_child_weight': 51.020760094928825, 'min_split_gain': 0.0016124116168135141, 'colsample_bytree': 0.7502385881196578}. Best is trial 56 with value: 0.592673597372982.
[2026-05-22 10:10:05 UTC] LGBM HPO trial 65 fold 1/3 started: train_rows=6666, valid_rows=3334, depth=5.
[2026-05-22 10:10:05 UTC] LGBM HPO trial 65 fold 1/3 complete: partial_J=0.6015, elapsed=0.3s.
[2026-05-22 10:10:05 UTC] LGBM HPO trial 65 fold 2/3 started: train_rows=6667, valid_rows=3333, depth=5.
[2026-05-22 10:10:06 UTC] LGBM HPO trial 65 fold 2/3 complete: partial_J=0.5832, elapsed=0.9s.
[2026-05-22 10:10:06 UTC] LGBM HPO trial 65 fold 3/3 started: train_rows=6667, valid_rows=3333, depth=5.
[2026-05-22 10:10:07 UTC] LGBM HPO trial 65 fold 3/3 complete: partial_J=0.5752, elapsed=0.9s.
[2026-05-22 10:10:07 UTC] LGBM HPO trial 65 complete: J=0.5752, raw_J=0.5860, elapsed=2.2s.
[I 2026-05-22 12:10:07,415] Trial 65 finished with value: 0.5751602256391799 and parameters: {'max_depth': 5, 'subsample': 0.7172481752485129, 'reg_alpha': 0.5568360825581842, 'reg_lambda': 18.4182158582871, 'min_child_samples_pct': 0.026977544666650963, 'min_child_weight': 43.37354325717994, 'min_split_gain': 0.004511835531161561, 'colsample_bytree': 0.7377644458698666}. Best is trial 56 with value: 0.592673597372982.
[2026-05-22 10:10:07 UTC] LGBM HPO trial 66 fold 1/3 started: train_rows=6666, valid_rows=3334, depth=5.
[2026-05-22 10:10:07 UTC] LGBM HPO trial 66 fold 1/3 complete: partial_J=0.6025, elapsed=0.4s.
[2026-05-22 10:10:07 UTC] LGBM HPO trial 66 fold 2/3 started: train_rows=6667, valid_rows=3333, depth=5.
[2026-05-22 10:10:08 UTC] LGBM HPO trial 66 fold 2/3 complete: partial_J=0.5875, elapsed=1.0s.
[2026-05-22 10:10:08 UTC] LGBM HPO trial 66 fold 3/3 started: train_rows=6667, valid_rows=3333, depth=5.
[2026-05-22 10:10:09 UTC] LGBM HPO trial 66 fold 3/3 complete: partial_J=0.5829, elapsed=0.8s.
[2026-05-22 10:10:09 UTC] LGBM HPO trial 66 complete: J=0.5829, raw_J=0.5926, elapsed=2.2s.
[I 2026-05-22 12:10:09,595] Trial 66 finished with value: 0.5829201646591274 and parameters: {'max_depth': 5, 'subsample': 0.7567745422723631, 'reg_alpha': 1.5197430790025375, 'reg_lambda': 6.330115059535636, 'min_child_samples_pct': 0.030173068031356914, 'min_child_weight': 48.232449627453654, 'min_split_gain': 0.0030590751788818825, 'colsample_bytree': 0.756536232699345}. Best is trial 56 with value: 0.592673597372982.
[2026-05-22 10:10:09 UTC] LGBM HPO trial 67 fold 1/3 started: train_rows=6666, valid_rows=3334, depth=4.
[2026-05-22 10:10:09 UTC] LGBM HPO trial 67 fold 1/3 complete: partial_J=0.6010, elapsed=0.3s.
[2026-05-22 10:10:09 UTC] LGBM HPO trial 67 fold 2/3 started: train_rows=6667, valid_rows=3333, depth=4.
[2026-05-22 10:10:10 UTC] LGBM HPO trial 67 fold 2/3 complete: partial_J=0.5875, elapsed=0.7s.
[2026-05-22 10:10:10 UTC] LGBM HPO trial 67 fold 3/3 started: train_rows=6667, valid_rows=3333, depth=4.
[2026-05-22 10:10:11 UTC] LGBM HPO trial 67 fold 3/3 complete: partial_J=0.5794, elapsed=1.0s.
[2026-05-22 10:10:11 UTC] LGBM HPO trial 67 complete: J=0.5794, raw_J=0.5906, elapsed=2.0s.
[I 2026-05-22 12:10:11,572] Trial 67 finished with value: 0.5794275211084019 and parameters: {'max_depth': 4, 'subsample': 0.693941601900321, 'reg_alpha': 0.1774646604926161, 'reg_lambda': 15.55825223964826, 'min_child_samples_pct': 0.032073499785122785, 'min_child_weight': 67.55931920150944, 'min_split_gain': 0.009633364299455365, 'colsample_bytree': 0.6828637430118293}. Best is trial 56 with value: 0.592673597372982.
[2026-05-22 10:10:11 UTC] LGBM HPO trial 68 fold 1/3 started: train_rows=6666, valid_rows=3334, depth=5.
[2026-05-22 10:10:11 UTC] LGBM HPO trial 68 fold 1/3 complete: partial_J=0.5927, elapsed=0.2s.
[2026-05-22 10:10:11 UTC] LGBM HPO trial 68 fold 2/3 started: train_rows=6667, valid_rows=3333, depth=5.
[2026-05-22 10:10:12 UTC] LGBM HPO trial 68 fold 2/3 complete: partial_J=0.5821, elapsed=0.8s.
[2026-05-22 10:10:12 UTC] LGBM HPO trial 68 fold 3/3 started: train_rows=6667, valid_rows=3333, depth=5.
[2026-05-22 10:10:13 UTC] LGBM HPO trial 68 fold 3/3 complete: partial_J=0.5761, elapsed=1.0s.
[2026-05-22 10:10:13 UTC] LGBM HPO trial 68 complete: J=0.5761, raw_J=0.5905, elapsed=2.0s.
[I 2026-05-22 12:10:13,546] Trial 68 finished with value: 0.5761145989975588 and parameters: {'max_depth': 5, 'subsample': 0.724483888844768, 'reg_alpha': 4.2818635763661215, 'reg_lambda': 2.9450341072495583, 'min_child_samples_pct': 0.05760218120319541, 'min_child_weight': 56.436702974730494, 'min_split_gain': 0.004354462914025059, 'colsample_bytree': 0.7015951485197901}. Best is trial 56 with value: 0.592673597372982.
[2026-05-22 10:10:13 UTC] LGBM HPO trial 69 fold 1/3 started: train_rows=6666, valid_rows=3334, depth=3.
[2026-05-22 10:10:13 UTC] LGBM HPO trial 69 fold 1/3 complete: partial_J=0.6026, elapsed=0.3s.
[2026-05-22 10:10:13 UTC] LGBM HPO trial 69 fold 2/3 started: train_rows=6667, valid_rows=3333, depth=3.
[2026-05-22 10:10:14 UTC] LGBM HPO trial 69 fold 2/3 complete: partial_J=0.5919, elapsed=0.6s.
[2026-05-22 10:10:14 UTC] LGBM HPO trial 69 fold 3/3 started: train_rows=6667, valid_rows=3333, depth=3.
[2026-05-22 10:10:14 UTC] LGBM HPO trial 69 fold 3/3 complete: partial_J=0.5846, elapsed=0.5s.
[2026-05-22 10:10:14 UTC] LGBM HPO trial 69 complete: J=0.5846, raw_J=0.5977, elapsed=1.4s.
[I 2026-05-22 12:10:14,924] Trial 69 finished with value: 0.5845773211152141 and parameters: {'max_depth': 3, 'subsample': 0.7371822781054466, 'reg_alpha': 1.0686105629237455, 'reg_lambda': 11.229641987938594, 'min_child_samples_pct': 0.05428058099744629, 'min_child_weight': 63.50154052833655, 'min_split_gain': 0.013420162564147237, 'colsample_bytree': 0.663407567730679}. Best is trial 56 with value: 0.592673597372982.
[2026-05-22 10:10:14 UTC] LGBM HPO trial 70 fold 1/3 started: train_rows=6666, valid_rows=3334, depth=4.
[2026-05-22 10:10:15 UTC] LGBM HPO trial 70 fold 1/3 complete: partial_J=0.6053, elapsed=0.7s.
[2026-05-22 10:10:15 UTC] LGBM HPO trial 70 fold 2/3 started: train_rows=6667, valid_rows=3333, depth=4.
[2026-05-22 10:10:16 UTC] LGBM HPO trial 70 fold 2/3 complete: partial_J=0.5920, elapsed=0.6s.
[2026-05-22 10:10:16 UTC] LGBM HPO trial 70 fold 3/3 started: train_rows=6667, valid_rows=3333, depth=4.
[2026-05-22 10:10:16 UTC] LGBM HPO trial 70 fold 3/3 complete: partial_J=0.5900, elapsed=0.7s.
[2026-05-22 10:10:16 UTC] LGBM HPO trial 70 complete: J=0.5900, raw_J=0.5960, elapsed=2.0s.
[I 2026-05-22 12:10:16,923] Trial 70 finished with value: 0.5899679047884492 and parameters: {'max_depth': 4, 'subsample': 0.7673529509997046, 'reg_alpha': 0.10078682676050635, 'reg_lambda': 2.6461090053527756, 'min_child_samples_pct': 0.039333405993016636, 'min_child_weight': 58.77174361602198, 'min_split_gain': 0.0025612470442398553, 'colsample_bytree': 0.7318160469902906}. Best is trial 56 with value: 0.592673597372982.
[2026-05-22 10:10:16 UTC] LGBM HPO trial 71 fold 1/3 started: train_rows=6666, valid_rows=3334, depth=4.
[2026-05-22 10:10:17 UTC] LGBM HPO trial 71 fold 1/3 complete: partial_J=0.6118, elapsed=0.3s.
[2026-05-22 10:10:17 UTC] LGBM HPO trial 71 fold 2/3 started: train_rows=6667, valid_rows=3333, depth=4.
[2026-05-22 10:10:17 UTC] LGBM HPO trial 71 fold 2/3 complete: partial_J=0.5915, elapsed=0.5s.
[2026-05-22 10:10:17 UTC] LGBM HPO trial 71 fold 3/3 started: train_rows=6667, valid_rows=3333, depth=4.
[2026-05-22 10:10:18 UTC] LGBM HPO trial 71 fold 3/3 complete: partial_J=0.5795, elapsed=0.7s.
[2026-05-22 10:10:18 UTC] LGBM HPO trial 71 complete: J=0.5795, raw_J=0.5913, elapsed=1.5s.
[I 2026-05-22 12:10:18,433] Trial 71 finished with value: 0.5794616309114539 and parameters: {'max_depth': 4, 'subsample': 0.7669929841217054, 'reg_alpha': 0.14428496673666213, 'reg_lambda': 2.4817253779649, 'min_child_samples_pct': 0.035308898919401935, 'min_child_weight': 60.78476453215882, 'min_split_gain': 0.002676629212450519, 'colsample_bytree': 0.7226164599191433}. Best is trial 56 with value: 0.592673597372982.
[2026-05-22 10:10:18 UTC] LGBM HPO trial 72 fold 1/3 started: train_rows=6666, valid_rows=3334, depth=4.
[2026-05-22 10:10:18 UTC] LGBM HPO trial 72 fold 1/3 complete: partial_J=0.6043, elapsed=0.3s.
[2026-05-22 10:10:18 UTC] LGBM HPO trial 72 fold 2/3 started: train_rows=6667, valid_rows=3333, depth=4.
[2026-05-22 10:10:19 UTC] LGBM HPO trial 72 fold 2/3 complete: partial_J=0.5864, elapsed=0.7s.
[2026-05-22 10:10:19 UTC] LGBM HPO trial 72 fold 3/3 started: train_rows=6667, valid_rows=3333, depth=4.
[2026-05-22 10:10:20 UTC] LGBM HPO trial 72 fold 3/3 complete: partial_J=0.5782, elapsed=0.9s.
[2026-05-22 10:10:20 UTC] LGBM HPO trial 72 complete: J=0.5782, raw_J=0.5920, elapsed=1.9s.
[I 2026-05-22 12:10:20,333] Trial 72 finished with value: 0.578197932317141 and parameters: {'max_depth': 4, 'subsample': 0.7734292477399609, 'reg_alpha': 0.11856645868288616, 'reg_lambda': 2.1478301828668966, 'min_child_samples_pct': 0.04237243290566417, 'min_child_weight': 64.60829813010632, 'min_split_gain': 0.0022626441559796986, 'colsample_bytree': 0.7286234446450488}. Best is trial 56 with value: 0.592673597372982.
[2026-05-22 10:10:20 UTC] LGBM HPO trial 73 fold 1/3 started: train_rows=6666, valid_rows=3334, depth=4.
[2026-05-22 10:10:20 UTC] LGBM HPO trial 73 fold 1/3 complete: partial_J=0.6061, elapsed=0.5s.
[2026-05-22 10:10:20 UTC] LGBM HPO trial 73 fold 2/3 started: train_rows=6667, valid_rows=3333, depth=4.
[2026-05-22 10:10:21 UTC] LGBM HPO trial 73 fold 2/3 complete: partial_J=0.5888, elapsed=0.7s.
[2026-05-22 10:10:21 UTC] LGBM HPO trial 73 fold 3/3 started: train_rows=6667, valid_rows=3333, depth=4.
[2026-05-22 10:10:22 UTC] LGBM HPO trial 73 fold 3/3 complete: partial_J=0.5803, elapsed=0.5s.
[2026-05-22 10:10:22 UTC] LGBM HPO trial 73 complete: J=0.5803, raw_J=0.5899, elapsed=1.7s.
[I 2026-05-22 12:10:22,072] Trial 73 finished with value: 0.5803003994261696 and parameters: {'max_depth': 4, 'subsample': 0.7841336769065874, 'reg_alpha': 0.22039979085471004, 'reg_lambda': 7.692918308388631, 'min_child_samples_pct': 0.04053558414917911, 'min_child_weight': 58.31700624277707, 'min_split_gain': 0.0018668718055681278, 'colsample_bytree': 0.7480813169085916}. Best is trial 56 with value: 0.592673597372982.
[2026-05-22 10:10:22 UTC] LGBM HPO trial 74 fold 1/3 started: train_rows=6666, valid_rows=3334, depth=5.
[2026-05-22 10:10:22 UTC] LGBM HPO trial 74 fold 1/3 complete: partial_J=0.6043, elapsed=0.3s.
[2026-05-22 10:10:22 UTC] LGBM HPO trial 74 fold 2/3 started: train_rows=6667, valid_rows=3333, depth=5.
[2026-05-22 10:10:23 UTC] LGBM HPO trial 74 fold 2/3 complete: partial_J=0.5802, elapsed=0.7s.
[2026-05-22 10:10:23 UTC] LGBM HPO trial 74 fold 3/3 started: train_rows=6667, valid_rows=3333, depth=5.
[2026-05-22 10:10:23 UTC] LGBM HPO trial 74 fold 3/3 complete: partial_J=0.5843, elapsed=0.6s.
[2026-05-22 10:10:23 UTC] LGBM HPO trial 74 complete: J=0.5843, raw_J=0.5944, elapsed=1.7s.
[I 2026-05-22 12:10:23,732] Trial 74 finished with value: 0.5843409909820961 and parameters: {'max_depth': 5, 'subsample': 0.7117967164916839, 'reg_alpha': 0.10168368783443962, 'reg_lambda': 2.9052255569274648, 'min_child_samples_pct': 0.0384369096884935, 'min_child_weight': 55.10424297134858, 'min_split_gain': 0.006122842961711069, 'colsample_bytree': 0.7316162739749715}. Best is trial 56 with value: 0.592673597372982.
[2026-05-22 10:10:23 UTC] LGBM HPO trial 75 fold 1/3 started: train_rows=6666, valid_rows=3334, depth=3.
[2026-05-22 10:10:24 UTC] LGBM HPO trial 75 fold 1/3 complete: partial_J=0.6103, elapsed=0.3s.
[2026-05-22 10:10:24 UTC] LGBM HPO trial 75 fold 2/3 started: train_rows=6667, valid_rows=3333, depth=3.
[2026-05-22 10:10:24 UTC] LGBM HPO trial 75 fold 2/3 complete: partial_J=0.5976, elapsed=0.7s.
[2026-05-22 10:10:24 UTC] LGBM HPO trial 75 fold 3/3 started: train_rows=6667, valid_rows=3333, depth=3.
[2026-05-22 10:10:25 UTC] LGBM HPO trial 75 fold 3/3 complete: partial_J=0.5942, elapsed=0.6s.
[2026-05-22 10:10:25 UTC] LGBM HPO trial 75 complete: J=0.5942, raw_J=0.6079, elapsed=1.6s.
[I 2026-05-22 12:10:25,378] Trial 75 finished with value: 0.594177163016645 and parameters: {'max_depth': 3, 'subsample': 0.7478820266161611, 'reg_alpha': 0.13088627216191048, 'reg_lambda': 9.864101392068854, 'min_child_samples_pct': 0.04502714668655844, 'min_child_weight': 59.30540644803557, 'min_split_gain': 0.003910806068067883, 'colsample_bytree': 0.7120850992612004}. Best is trial 75 with value: 0.594177163016645.
[2026-05-22 10:10:25 UTC] LGBM HPO trial 76 fold 1/3 started: train_rows=6666, valid_rows=3334, depth=3.
[2026-05-22 10:10:25 UTC] LGBM HPO trial 76 fold 1/3 complete: partial_J=0.6037, elapsed=0.2s.
[2026-05-22 10:10:25 UTC] LGBM HPO trial 76 fold 2/3 started: train_rows=6667, valid_rows=3333, depth=3.
[2026-05-22 10:10:26 UTC] LGBM HPO trial 76 fold 2/3 complete: partial_J=0.5818, elapsed=0.6s.
[2026-05-22 10:10:26 UTC] LGBM HPO trial 76 fold 3/3 started: train_rows=6667, valid_rows=3333, depth=3.
[2026-05-22 10:10:27 UTC] LGBM HPO trial 76 fold 3/3 complete: partial_J=0.5737, elapsed=0.8s.
[2026-05-22 10:10:27 UTC] LGBM HPO trial 76 complete: J=0.5737, raw_J=0.5885, elapsed=1.6s.
