[I 2026-05-22 12:52:19,705] Trial 3 finished with value: 1.40905284229666 and parameters: {'sl_mult': 1.3, 'trailing_activation_mult': 0.75, 'trailing_power': 1.9, 'trailing_squash_divisor': 2.5, 'giveback_beta': 0.3, 'capital_protect_mfe_mult': 0.0, 'capital_protect_regression_frac': 0.55}. Best is trial 3 with value: 1.40905284229666.
[I 2026-05-22 12:52:19,747] Trial 4 finished with value: 1.1750381406774977 and parameters: {'sl_mult': 1.3, 'trailing_activation_mult': 1.25, 'trailing_power': 1.8, 'trailing_squash_divisor': 2.0, 'giveback_beta': 0.9, 'capital_protect_mfe_mult': 1.0, 'capital_protect_regression_frac': 0.25}. Best is trial 3 with value: 1.40905284229666.
[I 2026-05-22 12:52:19,787] Trial 5 finished with value: 1.4940155677235452 and parameters: {'sl_mult': 0.7, 'trailing_activation_mult': 0.5, 'trailing_power': 1.4, 'trailing_squash_divisor': 3.0, 'giveback_beta': 0.5, 'capital_protect_mfe_mult': 0.75, 'capital_protect_regression_frac': 0.55}. Best is trial 5 with value: 1.4940155677235452.
[I 2026-05-22 12:52:19,828] Trial 6 finished with value: 1.0057187683065423 and parameters: {'sl_mult': 0.6, 'trailing_activation_mult': 2.0, 'trailing_power': 1.2, 'trailing_squash_divisor': 4.0, 'giveback_beta': 0.9, 'capital_protect_mfe_mult': 0.75, 'capital_protect_regression_frac': 0.65}. Best is trial 5 with value: 1.4940155677235452.
[I 2026-05-22 12:52:19,869] Trial 7 finished with value: 0.8504009663971374 and parameters: {'sl_mult': 0.9, 'trailing_activation_mult': 1.25, 'trailing_power': 1.6, 'trailing_squash_divisor': 5.0, 'giveback_beta': 0.5, 'capital_protect_mfe_mult': 0.0, 'capital_protect_regression_frac': 0.45}. Best is trial 5 with value: 1.4940155677235452.
[I 2026-05-22 12:52:19,909] Trial 8 finished with value: 1.3647060481336666 and parameters: {'sl_mult': 0.7, 'trailing_activation_mult': 0.5, 'trailing_power': 1.5, 'trailing_squash_divisor': 2.5, 'giveback_beta': 0.9, 'capital_protect_mfe_mult': 1.0, 'capital_protect_regression_frac': 0.45}. Best is trial 5 with value: 1.4940155677235452.
[I 2026-05-22 12:52:19,954] Trial 9 finished with value: 0.4894384314189665 and parameters: {'sl_mult': 1.5, 'trailing_activation_mult': 2.5, 'trailing_power': 1.7, 'trailing_squash_divisor': 3.0, 'giveback_beta': 0.6, 'capital_protect_mfe_mult': 0.0, 'capital_protect_regression_frac': 0.55}. Best is trial 5 with value: 1.4940155677235452.
[I 2026-05-22 12:52:19,996] Trial 10 finished with value: 0.9495416911580833 and parameters: {'sl_mult': 0.7, 'trailing_activation_mult': 0.5, 'trailing_power': 1.4, 'trailing_squash_divisor': 6.0, 'giveback_beta': 0.5, 'capital_protect_mfe_mult': 1.25, 'capital_protect_regression_frac': 0.25}. Best is trial 5 with value: 1.4940155677235452.
[I 2026-05-22 12:52:20,038] Trial 11 finished with value: 0.988146917996346 and parameters: {'sl_mult': 1.1, 'trailing_activation_mult': 0.75, 'trailing_power': 1.9, 'trailing_squash_divisor': 2.5, 'giveback_beta': 0.95, 'capital_protect_mfe_mult': 1.5, 'capital_protect_regression_frac': 0.55}. Best is trial 5 with value: 1.4940155677235452.
[I 2026-05-22 12:52:20,079] Trial 12 finished with value: 1.7980292998021468 and parameters: {'sl_mult': 0.5, 'trailing_activation_mult': 1.0, 'trailing_power': 1.9, 'trailing_squash_divisor': 3.5, 'giveback_beta': 0.3, 'capital_protect_mfe_mult': 0.75, 'capital_protect_regression_frac': 0.55}. Best is trial 12 with value: 1.7980292998021468.
[I 2026-05-22 12:52:20,121] Trial 13 finished with value: 1.402765425859252 and parameters: {'sl_mult': 0.5, 'trailing_activation_mult': 1.0, 'trailing_power': 1.3, 'trailing_squash_divisor': 3.5, 'giveback_beta': 0.8, 'capital_protect_mfe_mult': 0.75, 'capital_protect_regression_frac': 0.55}. Best is trial 12 with value: 1.7980292998021468.
[I 2026-05-22 12:52:20,162] Trial 14 finished with value: 1.4377857423387468 and parameters: {'sl_mult': 0.8, 'trailing_activation_mult': 1.0, 'trailing_power': 2.0, 'trailing_squash_divisor': 3.5, 'giveback_beta': 0.3, 'capital_protect_mfe_mult': 0.75, 'capital_protect_regression_frac': 0.65}. Best is trial 12 with value: 1.7980292998021468.
[I 2026-05-22 12:52:20,204] Trial 15 finished with value: 1.3790544853778557 and parameters: {'sl_mult': 1.2, 'trailing_activation_mult': 1.0, 'trailing_power': 1.4, 'trailing_squash_divisor': 1.5, 'giveback_beta': 0.5, 'capital_protect_mfe_mult': 0.75, 'capital_protect_regression_frac': 0.55}. Best is trial 12 with value: 1.7980292998021468.
[I 2026-05-22 12:52:20,246] Trial 16 finished with value: 0.9568187364377081 and parameters: {'sl_mult': 1.4, 'trailing_activation_mult': 0.5, 'trailing_power': 1.9, 'trailing_squash_divisor': 3.0, 'giveback_beta': 0.6, 'capital_protect_mfe_mult': 1.5, 'capital_protect_regression_frac': 0.55}. Best is trial 12 with value: 1.7980292998021468.
[I 2026-05-22 12:52:20,289] Trial 17 finished with value: 0.6329857170931064 and parameters: {'sl_mult': 1.0, 'trailing_activation_mult': 2.5, 'trailing_power': 2.0, 'trailing_squash_divisor': 3.5, 'giveback_beta': 0.7, 'capital_protect_mfe_mult': 1.25, 'capital_protect_regression_frac': 0.55}. Best is trial 12 with value: 1.7980292998021468.
[I 2026-05-22 12:52:20,330] Trial 18 finished with value: 2.1503204283711965 and parameters: {'sl_mult': 0.5, 'trailing_activation_mult': 0.5, 'trailing_power': 1.8, 'trailing_squash_divisor': 1.0, 'giveback_beta': 0.8, 'capital_protect_mfe_mult': 0.75, 'capital_protect_regression_frac': 0.65}. Best is trial 18 with value: 2.1503204283711965.
[I 2026-05-22 12:52:20,480] Trial 19 finished with value: 2.0272840260178784 and parameters: {'sl_mult': 0.5, 'trailing_activation_mult': 1.0, 'trailing_power': 1.8, 'trailing_squash_divisor': 1.5, 'giveback_beta': 0.8, 'capital_protect_mfe_mult': 0.75, 'capital_protect_regression_frac': 0.65}. Best is trial 18 with value: 2.1503204283711965.
[I 2026-05-22 12:52:20,535] Trial 20 finished with value: 2.1503204283711965 and parameters: {'sl_mult': 0.5, 'trailing_activation_mult': 0.5, 'trailing_power': 1.8, 'trailing_squash_divisor': 1.0, 'giveback_beta': 0.8, 'capital_protect_mfe_mult': 0.75, 'capital_protect_regression_frac': 0.65}. Best is trial 18 with value: 2.1503204283711965.
[I 2026-05-22 12:52:20,580] Trial 21 finished with value: 2.1503204283711965 and parameters: {'sl_mult': 0.5, 'trailing_activation_mult': 0.5, 'trailing_power': 1.8, 'trailing_squash_divisor': 1.0, 'giveback_beta': 0.8, 'capital_protect_mfe_mult': 0.75, 'capital_protect_regression_frac': 0.65}. Best is trial 18 with value: 2.1503204283711965.
[I 2026-05-22 12:52:20,624] Trial 22 finished with value: 2.1503204283711965 and parameters: {'sl_mult': 0.5, 'trailing_activation_mult': 0.5, 'trailing_power': 1.8, 'trailing_squash_divisor': 1.0, 'giveback_beta': 0.8, 'capital_protect_mfe_mult': 0.75, 'capital_protect_regression_frac': 0.65}. Best is trial 18 with value: 2.1503204283711965.
[I 2026-05-22 12:52:20,668] Trial 23 finished with value: 2.1503204283711965 and parameters: {'sl_mult': 0.5, 'trailing_activation_mult': 0.5, 'trailing_power': 1.8, 'trailing_squash_divisor': 1.0, 'giveback_beta': 0.8, 'capital_protect_mfe_mult': 0.75, 'capital_protect_regression_frac': 0.65}. Best is trial 18 with value: 2.1503204283711965.
[I 2026-05-22 12:52:20,712] Trial 24 finished with value: 2.1503204283711965 and parameters: {'sl_mult': 0.5, 'trailing_activation_mult': 0.5, 'trailing_power': 1.8, 'trailing_squash_divisor': 1.0, 'giveback_beta': 0.8, 'capital_protect_mfe_mult': 0.75, 'capital_protect_regression_frac': 0.65}. Best is trial 18 with value: 2.1503204283711965.
[I 2026-05-22 12:52:20,756] Trial 25 finished with value: 2.1503204283711965 and parameters: {'sl_mult': 0.5, 'trailing_activation_mult': 0.5, 'trailing_power': 1.8, 'trailing_squash_divisor': 1.0, 'giveback_beta': 0.8, 'capital_protect_mfe_mult': 1.5, 'capital_protect_regression_frac': 0.65}. Best is trial 18 with value: 2.1503204283711965.
[I 2026-05-22 12:52:20,801] Trial 26 finished with value: 1.5618912159989122 and parameters: {'sl_mult': 1.1, 'trailing_activation_mult': 0.5, 'trailing_power': 1.8, 'trailing_squash_divisor': 1.0, 'giveback_beta': 0.8, 'capital_protect_mfe_mult': 1.25, 'capital_protect_regression_frac': 0.65}. Best is trial 18 with value: 2.1503204283711965.
[I 2026-05-22 12:52:20,846] Trial 27 finished with value: 1.593473324383376 and parameters: {'sl_mult': 1.2, 'trailing_activation_mult': 0.5, 'trailing_power': 1.3, 'trailing_squash_divisor': 1.0, 'giveback_beta': 0.4, 'capital_protect_mfe_mult': 0.75, 'capital_protect_regression_frac': 0.65}. Best is trial 18 with value: 2.1503204283711965.
[I 2026-05-22 12:52:20,890] Trial 28 finished with value: 1.7112619763065595 and parameters: {'sl_mult': 0.6, 'trailing_activation_mult': 0.5, 'trailing_power': 1.6, 'trailing_squash_divisor': 2.0, 'giveback_beta': 0.95, 'capital_protect_mfe_mult': 0.75, 'capital_protect_regression_frac': 0.65}. Best is trial 18 with value: 2.1503204283711965.
[I 2026-05-22 12:52:20,935] Trial 29 finished with value: 1.0433681785740192 and parameters: {'sl_mult': 1.4, 'trailing_activation_mult': 1.5, 'trailing_power': 1.8, 'trailing_squash_divisor': 1.0, 'giveback_beta': 0.8, 'capital_protect_mfe_mult': 1.0, 'capital_protect_regression_frac': 0.35}. Best is trial 18 with value: 2.1503204283711965.
[I 2026-05-22 12:52:20,981] Trial 30 finished with value: 0.19731043653737287 and parameters: {'sl_mult': 0.8, 'trailing_activation_mult': 0.75, 'trailing_power': 1.5, 'trailing_squash_divisor': 6.0, 'giveback_beta': 0.8, 'capital_protect_mfe_mult': 0.75, 'capital_protect_regression_frac': 0.25}. Best is trial 18 with value: 2.1503204283711965.
[I 2026-05-22 12:52:21,024] Trial 31 finished with value: 2.1503204283711965 and parameters: {'sl_mult': 0.5, 'trailing_activation_mult': 0.5, 'trailing_power': 1.8, 'trailing_squash_divisor': 1.0, 'giveback_beta': 0.8, 'capital_protect_mfe_mult': 0.75, 'capital_protect_regression_frac': 0.65}. Best is trial 18 with value: 2.1503204283711965.
[I 2026-05-22 12:52:21,067] Trial 32 finished with value: 1.91499205827713 and parameters: {'sl_mult': 0.5, 'trailing_activation_mult': 1.5, 'trailing_power': 1.8, 'trailing_squash_divisor': 1.0, 'giveback_beta': 0.8, 'capital_protect_mfe_mult': 0.75, 'capital_protect_regression_frac': 0.65}. Best is trial 18 with value: 2.1503204283711965.
[I 2026-05-22 12:52:21,111] Trial 33 finished with value: 2.1979053551447576 and parameters: {'sl_mult': 0.5, 'trailing_activation_mult': 0.5, 'trailing_power': 1.8, 'trailing_squash_divisor': 1.0, 'giveback_beta': 0.4, 'capital_protect_mfe_mult': 0.75, 'capital_protect_regression_frac': 0.35}. Best is trial 33 with value: 2.1979053551447576.
[I 2026-05-22 12:52:21,157] Trial 34 finished with value: 0.9775591554847779 and parameters: {'sl_mult': 1.0, 'trailing_activation_mult': 2.0, 'trailing_power': 1.7, 'trailing_squash_divisor': 1.0, 'giveback_beta': 0.4, 'capital_protect_mfe_mult': 0.75, 'capital_protect_regression_frac': 0.35}. Best is trial 33 with value: 2.1979053551447576.
[I 2026-05-22 12:52:21,201] Trial 35 finished with value: 1.6771171603817492 and parameters: {'sl_mult': 0.5, 'trailing_activation_mult': 1.25, 'trailing_power': 1.8, 'trailing_squash_divisor': 4.0, 'giveback_beta': 0.4, 'capital_protect_mfe_mult': 1.0, 'capital_protect_regression_frac': 0.35}. Best is trial 33 with value: 2.1979053551447576.
[I 2026-05-22 12:52:21,245] Trial 36 finished with value: 1.1259636454633437 and parameters: {'sl_mult': 0.9, 'trailing_activation_mult': 0.5, 'trailing_power': 1.2, 'trailing_squash_divisor': 5.0, 'giveback_beta': 0.4, 'capital_protect_mfe_mult': 0.75, 'capital_protect_regression_frac': 0.35}. Best is trial 33 with value: 2.1979053551447576.
[I 2026-05-22 12:52:21,294] Trial 37 finished with value: 0.46677174636861307 and parameters: {'sl_mult': 1.5, 'trailing_activation_mult': 2.5, 'trailing_power': 1.8, 'trailing_squash_divisor': 1.0, 'giveback_beta': 0.7, 'capital_protect_mfe_mult': 0.0, 'capital_protect_regression_frac': 0.35}. Best is trial 33 with value: 2.1979053551447576.
[I 2026-05-22 12:52:21,338] Trial 38 finished with value: 1.4418933857174125 and parameters: {'sl_mult': 1.3, 'trailing_activation_mult': 0.5, 'trailing_power': 1.8, 'trailing_squash_divisor': 2.0, 'giveback_beta': 0.4, 'capital_protect_mfe_mult': 0.75, 'capital_protect_regression_frac': 0.45}. Best is trial 33 with value: 2.1979053551447576.
[I 2026-05-22 12:52:21,382] Trial 39 finished with value: 1.91499205827713 and parameters: {'sl_mult': 0.5, 'trailing_activation_mult': 1.5, 'trailing_power': 1.6, 'trailing_squash_divisor': 1.0, 'giveback_beta': 0.95, 'capital_protect_mfe_mult': 1.5, 'capital_protect_regression_frac': 0.35}. Best is trial 33 with value: 2.1979053551447576.
[I 2026-05-22 12:52:21,428] Trial 40 finished with value: 1.0720909288502298 and parameters: {'sl_mult': 0.6, 'trailing_activation_mult': 2.0, 'trailing_power': 1.5, 'trailing_squash_divisor': 4.0, 'giveback_beta': 0.6, 'capital_protect_mfe_mult': 1.25, 'capital_protect_regression_frac': 0.25}. Best is trial 33 with value: 2.1979053551447576.
[I 2026-05-22 12:52:21,472] Trial 41 finished with value: 2.1503204283711965 and parameters: {'sl_mult': 0.5, 'trailing_activation_mult': 0.5, 'trailing_power': 1.8, 'trailing_squash_divisor': 1.0, 'giveback_beta': 0.8, 'capital_protect_mfe_mult': 0.75, 'capital_protect_regression_frac': 0.65}. Best is trial 33 with value: 2.1979053551447576.
[I 2026-05-22 12:52:21,515] Trial 42 finished with value: 2.1503204283711965 and parameters: {'sl_mult': 0.5, 'trailing_activation_mult': 0.5, 'trailing_power': 1.8, 'trailing_squash_divisor': 1.0, 'giveback_beta': 0.8, 'capital_protect_mfe_mult': 0.75, 'capital_protect_regression_frac': 0.65}. Best is trial 33 with value: 2.1979053551447576.
[I 2026-05-22 12:52:21,559] Trial 43 finished with value: 2.1503204283711965 and parameters: {'sl_mult': 0.5, 'trailing_activation_mult': 0.5, 'trailing_power': 1.8, 'trailing_squash_divisor': 1.0, 'giveback_beta': 0.8, 'capital_protect_mfe_mult': 0.75, 'capital_protect_regression_frac': 0.65}. Best is trial 33 with value: 2.1979053551447576.
[I 2026-05-22 12:52:21,604] Trial 44 finished with value: 1.0083051274705213 and parameters: {'sl_mult': 0.5, 'trailing_activation_mult': 1.25, 'trailing_power': 1.2, 'trailing_squash_divisor': 5.0, 'giveback_beta': 0.8, 'capital_protect_mfe_mult': 0.0, 'capital_protect_regression_frac': 0.45}. Best is trial 33 with value: 2.1979053551447576.
[I 2026-05-22 12:52:21,648] Trial 45 finished with value: 1.5697192427876872 and parameters: {'sl_mult': 0.9, 'trailing_activation_mult': 0.5, 'trailing_power': 1.7, 'trailing_squash_divisor': 2.5, 'giveback_beta': 0.3, 'capital_protect_mfe_mult': 0.75, 'capital_protect_regression_frac': 0.65}. Best is trial 33 with value: 2.1979053551447576.
[I 2026-05-22 12:52:21,804] Trial 46 finished with value: 0.1119964418496238 and parameters: {'sl_mult': 0.7, 'trailing_activation_mult': 0.75, 'trailing_power': 1.8, 'trailing_squash_divisor': 6.0, 'giveback_beta': 0.9, 'capital_protect_mfe_mult': 1.0, 'capital_protect_regression_frac': 0.65}. Best is trial 33 with value: 2.1979053551447576.
[I 2026-05-22 12:52:21,848] Trial 47 finished with value: 1.5577141218760517 and parameters: {'sl_mult': 1.3, 'trailing_activation_mult': 0.5, 'trailing_power': 2.0, 'trailing_squash_divisor': 1.0, 'giveback_beta': 0.7, 'capital_protect_mfe_mult': 0.75, 'capital_protect_regression_frac': 0.65}. Best is trial 33 with value: 2.1979053551447576.
[I 2026-05-22 12:52:21,894] Trial 48 finished with value: 1.3148874820937635 and parameters: {'sl_mult': 1.5, 'trailing_activation_mult': 0.5, 'trailing_power': 1.3, 'trailing_squash_divisor': 1.5, 'giveback_beta': 0.9, 'capital_protect_mfe_mult': 0.75, 'capital_protect_regression_frac': 0.25}. Best is trial 33 with value: 2.1979053551447576.
[I 2026-05-22 12:52:21,938] Trial 49 finished with value: 1.8248681855795439 and parameters: {'sl_mult': 0.5, 'trailing_activation_mult': 0.5, 'trailing_power': 1.4, 'trailing_squash_divisor': 3.0, 'giveback_beta': 0.5, 'capital_protect_mfe_mult': 0.75, 'capital_protect_regression_frac': 0.35}. Best is trial 33 with value: 2.1979053551447576.
[I 2026-05-22 12:52:21,987] Trial 50 finished with value: 0.7328330378164537 and parameters: {'sl_mult': 1.1, 'trailing_activation_mult': 2.5, 'trailing_power': 1.8, 'trailing_squash_divisor': 1.0, 'giveback_beta': 0.4, 'capital_protect_mfe_mult': 0.0, 'capital_protect_regression_frac': 0.45}. Best is trial 33 with value: 2.1979053551447576.
[I 2026-05-22 12:52:22,031] Trial 51 finished with value: 2.1503204283711965 and parameters: {'sl_mult': 0.5, 'trailing_activation_mult': 0.5, 'trailing_power': 1.8, 'trailing_squash_divisor': 1.0, 'giveback_beta': 0.8, 'capital_protect_mfe_mult': 0.75, 'capital_protect_regression_frac': 0.65}. Best is trial 33 with value: 2.1979053551447576.
[I 2026-05-22 12:52:22,075] Trial 52 finished with value: 2.1503204283711965 and parameters: {'sl_mult': 0.5, 'trailing_activation_mult': 0.5, 'trailing_power': 1.8, 'trailing_squash_divisor': 1.0, 'giveback_beta': 0.8, 'capital_protect_mfe_mult': 0.75, 'capital_protect_regression_frac': 0.65}. Best is trial 33 with value: 2.1979053551447576.
[I 2026-05-22 12:52:22,120] Trial 53 finished with value: 2.1503204283711965 and parameters: {'sl_mult': 0.5, 'trailing_activation_mult': 0.5, 'trailing_power': 1.8, 'trailing_squash_divisor': 1.0, 'giveback_beta': 0.8, 'capital_protect_mfe_mult': 0.75, 'capital_protect_regression_frac': 0.65}. Best is trial 33 with value: 2.1979053551447576.
[I 2026-05-22 12:52:22,165] Trial 54 finished with value: 1.5160591467662017 and parameters: {'sl_mult': 1.2, 'trailing_activation_mult': 0.5, 'trailing_power': 1.9, 'trailing_squash_divisor': 1.0, 'giveback_beta': 0.8, 'capital_protect_mfe_mult': 0.75, 'capital_protect_regression_frac': 0.65}. Best is trial 33 with value: 2.1979053551447576.
[I 2026-05-22 12:52:22,212] Trial 55 finished with value: 1.0662347710109317 and parameters: {'sl_mult': 0.8, 'trailing_activation_mult': 2.0, 'trailing_power': 1.8, 'trailing_squash_divisor': 2.5, 'giveback_beta': 0.6, 'capital_protect_mfe_mult': 1.5, 'capital_protect_regression_frac': 0.65}. Best is trial 33 with value: 2.1979053551447576.
[I 2026-05-22 12:52:22,256] Trial 56 finished with value: 1.863287230071728 and parameters: {'sl_mult': 0.5, 'trailing_activation_mult': 0.5, 'trailing_power': 1.8, 'trailing_squash_divisor': 2.0, 'giveback_beta': 0.8, 'capital_protect_mfe_mult': 0.75, 'capital_protect_regression_frac': 0.65}. Best is trial 33 with value: 2.1979053551447576.
[I 2026-05-22 12:52:22,302] Trial 57 finished with value: 1.2765905735344858 and parameters: {'sl_mult': 1.4, 'trailing_activation_mult': 1.25, 'trailing_power': 1.6, 'trailing_squash_divisor': 1.0, 'giveback_beta': 0.3, 'capital_protect_mfe_mult': 1.25, 'capital_protect_regression_frac': 0.65}. Best is trial 33 with value: 2.1979053551447576.
[I 2026-05-22 12:52:22,348] Trial 58 finished with value: 0.8884296877600718 and parameters: {'sl_mult': 1.0, 'trailing_activation_mult': 0.75, 'trailing_power': 1.4, 'trailing_squash_divisor': 3.5, 'giveback_beta': 0.8, 'capital_protect_mfe_mult': 0.75, 'capital_protect_regression_frac': 0.65}. Best is trial 33 with value: 2.1979053551447576.
[I 2026-05-22 12:52:22,392] Trial 59 finished with value: 2.109210213710321 and parameters: {'sl_mult': 0.5, 'trailing_activation_mult': 0.5, 'trailing_power': 2.0, 'trailing_squash_divisor': 1.0, 'giveback_beta': 0.95, 'capital_protect_mfe_mult': 0.75, 'capital_protect_regression_frac': 0.65}. Best is trial 33 with value: 2.1979053551447576.
[I 2026-05-22 12:52:22,437] Trial 60 finished with value: 1.5762119054386858 and parameters: {'sl_mult': 0.5, 'trailing_activation_mult': 1.0, 'trailing_power': 1.5, 'trailing_squash_divisor': 3.0, 'giveback_beta': 0.8, 'capital_protect_mfe_mult': 1.0, 'capital_protect_regression_frac': 0.35}. Best is trial 33 with value: 2.1979053551447576.
[I 2026-05-22 12:52:22,481] Trial 61 finished with value: 2.1503204283711965 and parameters: {'sl_mult': 0.5, 'trailing_activation_mult': 0.5, 'trailing_power': 1.8, 'trailing_squash_divisor': 1.0, 'giveback_beta': 0.8, 'capital_protect_mfe_mult': 0.75, 'capital_protect_regression_frac': 0.65}. Best is trial 33 with value: 2.1979053551447576.
[I 2026-05-22 12:52:22,526] Trial 62 finished with value: 2.1503204283711965 and parameters: {'sl_mult': 0.5, 'trailing_activation_mult': 0.5, 'trailing_power': 1.8, 'trailing_squash_divisor': 1.0, 'giveback_beta': 0.8, 'capital_protect_mfe_mult': 0.75, 'capital_protect_regression_frac': 0.65}. Best is trial 33 with value: 2.1979053551447576.
[I 2026-05-22 12:52:22,570] Trial 63 finished with value: 1.7946973330166656 and parameters: {'sl_mult': 0.7, 'trailing_activation_mult': 0.5, 'trailing_power': 1.8, 'trailing_squash_divisor': 1.0, 'giveback_beta': 0.8, 'capital_protect_mfe_mult': 0.75, 'capital_protect_regression_frac': 0.65}. Best is trial 33 with value: 2.1979053551447576.
[I 2026-05-22 12:52:22,615] Trial 64 finished with value: 2.1301664110214915 and parameters: {'sl_mult': 0.5, 'trailing_activation_mult': 0.5, 'trailing_power': 1.8, 'trailing_squash_divisor': 1.5, 'giveback_beta': 0.5, 'capital_protect_mfe_mult': 0.75, 'capital_protect_regression_frac': 0.65}. Best is trial 33 with value: 2.1979053551447576.
[I 2026-05-22 12:52:22,661] Trial 65 finished with value: 1.1073096466512653 and parameters: {'sl_mult': 0.6, 'trailing_activation_mult': 0.5, 'trailing_power': 1.3, 'trailing_squash_divisor': 4.0, 'giveback_beta': 0.8, 'capital_protect_mfe_mult': 0.75, 'capital_protect_regression_frac': 0.25}. Best is trial 33 with value: 2.1979053551447576.
