[I 2026-05-22 12:57:25,744] Trial 13 finished with value: 0.8038758294144792 and parameters: {'alpha_base': 1.0343049016809633, 'alpha_recency': 1.1473866970290256, 'alpha_trade_quality': 1.4291719755641046, 'alpha_tp_opportunity': 1.4874994938363213, 'alpha_meta_magnitude': 0.3570514467029977, 'min_n_eff_ratio': 0.4554082178726753, 'max_top1pct': 0.08407085174763179}. Best is trial 11 with value: 0.8056236904862691.
[2026-05-22 10:57:25 UTC] CV fold complete | fold=1 seed=42 buckets_scored=1 train_size=18388 valid_size=6000 ic=0.741371 decile_spread=0.052591 pred_mean=0.000988 pred_std=0.021163 valid_ret_mean=0.001303 weighted_valid_ret_mean=0.001050 mem_mb=6645.250000
[2026-05-22 10:57:25 UTC] CV fold complete | fold=2 seed=42 buckets_scored=1 train_size=704 valid_size=6000 ic=0.773861 decile_spread=0.055381 pred_mean=0.001246 pred_std=0.021964 valid_ret_mean=0.001377 weighted_valid_ret_mean=0.000695 mem_mb=6645.250000
[2026-05-22 10:57:25 UTC] CV fold complete | fold=3 seed=42 buckets_scored=1 train_size=7827 valid_size=6000 ic=0.814044 decile_spread=0.067049 pred_mean=0.002319 pred_std=0.018831 valid_ret_mean=0.002759 weighted_valid_ret_mean=0.002470 mem_mb=6645.250000
[2026-05-22 10:57:25 UTC] CV fold complete | fold=4 seed=42 buckets_scored=1 train_size=6207 valid_size=6000 ic=0.831275 decile_spread=0.062693 pred_mean=0.001921 pred_std=0.019208 valid_ret_mean=0.002249 weighted_valid_ret_mean=0.001922 mem_mb=6645.250000
[2026-05-22 10:57:25 UTC] CV fold complete | fold=5 seed=42 buckets_scored=1 train_size=10275 valid_size=6000 ic=0.845651 decile_spread=0.079859 pred_mean=0.001671 pred_std=0.021779 valid_ret_mean=0.002870 weighted_valid_ret_mean=0.002383 mem_mb=6645.250000
[2026-05-22 10:57:25 UTC] CV fold complete | fold=1 seed=123 buckets_scored=1 train_size=18388 valid_size=6000 ic=0.741371 decile_spread=0.052591 pred_mean=0.000988 pred_std=0.021163 valid_ret_mean=0.001303 weighted_valid_ret_mean=0.001050 mem_mb=6645.250000
[2026-05-22 10:57:25 UTC] CV fold complete | fold=2 seed=123 buckets_scored=1 train_size=704 valid_size=6000 ic=0.773861 decile_spread=0.055381 pred_mean=0.001246 pred_std=0.021964 valid_ret_mean=0.001377 weighted_valid_ret_mean=0.000695 mem_mb=6645.250000
[2026-05-22 10:57:25 UTC] CV fold complete | fold=3 seed=123 buckets_scored=1 train_size=7827 valid_size=6000 ic=0.814044 decile_spread=0.067049 pred_mean=0.002319 pred_std=0.018831 valid_ret_mean=0.002759 weighted_valid_ret_mean=0.002470 mem_mb=6645.250000
[2026-05-22 10:57:25 UTC] CV fold complete | fold=4 seed=123 buckets_scored=1 train_size=6207 valid_size=6000 ic=0.831275 decile_spread=0.062693 pred_mean=0.001921 pred_std=0.019208 valid_ret_mean=0.002249 weighted_valid_ret_mean=0.001922 mem_mb=6645.250000
[2026-05-22 10:57:25 UTC] CV fold complete | fold=5 seed=123 buckets_scored=1 train_size=10275 valid_size=6000 ic=0.845651 decile_spread=0.079859 pred_mean=0.001671 pred_std=0.021779 valid_ret_mean=0.002870 weighted_valid_ret_mean=0.002383 mem_mb=6645.250000
[2026-05-22 10:57:25 UTC] Objective evaluated | n_eff=23684.185867 n_eff_ratio=0.789473 top1pct_share=0.034799 ic_mean=0.801240 ic_std=0.000000 decile_spread_mean=0.063515 objective=0.801240 weighted_return_mean=0.001610 mem_mb=6645.250000
[2026-05-22 10:57:25 UTC] Optuna trial | trial=14 score=0.801240 n_eff=23684.185867 n_eff_ratio=0.789473 top1pct_weight_share=0.034799 weighted_return_mean=0.001610 weight_std=0.562504 mem_mb=6645.250000
[I 2026-05-22 12:57:25,808] Trial 14 finished with value: 0.8012402917973563 and parameters: {'alpha_base': 1.4511547251980905, 'alpha_recency': 0.7101883822987195, 'alpha_trade_quality': 1.2955972322199005, 'alpha_tp_opportunity': 1.1745823062743188, 'alpha_meta_magnitude': 0.9287518161061389, 'min_n_eff_ratio': 0.630725142889586, 'max_top1pct': 0.0869159703671144}. Best is trial 11 with value: 0.8056236904862691.
[2026-05-22 10:57:25 UTC] CV fold complete | fold=1 seed=42 buckets_scored=1 train_size=18388 valid_size=6000 ic=0.741833 decile_spread=0.052707 pred_mean=0.001050 pred_std=0.020955 valid_ret_mean=0.001303 weighted_valid_ret_mean=0.000876 mem_mb=6645.250000
[2026-05-22 10:57:25 UTC] CV fold complete | fold=2 seed=42 buckets_scored=1 train_size=704 valid_size=6000 ic=0.779131 decile_spread=0.055568 pred_mean=0.001237 pred_std=0.021623 valid_ret_mean=0.001377 weighted_valid_ret_mean=0.000636 mem_mb=6645.250000
[2026-05-22 10:57:25 UTC] CV fold complete | fold=3 seed=42 buckets_scored=1 train_size=7827 valid_size=6000 ic=0.821717 decile_spread=0.067555 pred_mean=0.002234 pred_std=0.018522 valid_ret_mean=0.002759 weighted_valid_ret_mean=0.002495 mem_mb=6645.250000
[2026-05-22 10:57:25 UTC] CV fold complete | fold=4 seed=42 buckets_scored=1 train_size=6207 valid_size=6000 ic=0.833775 decile_spread=0.062836 pred_mean=0.001925 pred_std=0.018975 valid_ret_mean=0.002249 weighted_valid_ret_mean=0.001944 mem_mb=6645.250000
[2026-05-22 10:57:25 UTC] CV fold complete | fold=5 seed=42 buckets_scored=1 train_size=10275 valid_size=6000 ic=0.847688 decile_spread=0.080157 pred_mean=0.001644 pred_std=0.021582 valid_ret_mean=0.002870 weighted_valid_ret_mean=0.002430 mem_mb=6645.250000
[2026-05-22 10:57:25 UTC] CV fold complete | fold=1 seed=123 buckets_scored=1 train_size=18388 valid_size=6000 ic=0.741833 decile_spread=0.052707 pred_mean=0.001050 pred_std=0.020955 valid_ret_mean=0.001303 weighted_valid_ret_mean=0.000876 mem_mb=6645.250000
[2026-05-22 10:57:25 UTC] CV fold complete | fold=2 seed=123 buckets_scored=1 train_size=704 valid_size=6000 ic=0.779131 decile_spread=0.055568 pred_mean=0.001237 pred_std=0.021623 valid_ret_mean=0.001377 weighted_valid_ret_mean=0.000636 mem_mb=6645.250000
[2026-05-22 10:57:25 UTC] CV fold complete | fold=3 seed=123 buckets_scored=1 train_size=7827 valid_size=6000 ic=0.821717 decile_spread=0.067555 pred_mean=0.002234 pred_std=0.018522 valid_ret_mean=0.002759 weighted_valid_ret_mean=0.002495 mem_mb=6645.250000
[2026-05-22 10:57:25 UTC] CV fold complete | fold=4 seed=123 buckets_scored=1 train_size=6207 valid_size=6000 ic=0.833775 decile_spread=0.062836 pred_mean=0.001925 pred_std=0.018975 valid_ret_mean=0.002249 weighted_valid_ret_mean=0.001944 mem_mb=6645.250000
[2026-05-22 10:57:25 UTC] CV fold complete | fold=5 seed=123 buckets_scored=1 train_size=10275 valid_size=6000 ic=0.847688 decile_spread=0.080157 pred_mean=0.001644 pred_std=0.021582 valid_ret_mean=0.002870 weighted_valid_ret_mean=0.002430 mem_mb=6645.250000
[2026-05-22 10:57:25 UTC] Objective evaluated | n_eff=21993.266938 n_eff_ratio=0.733109 top1pct_share=0.042887 ic_mean=0.804829 ic_std=0.000000 decile_spread_mean=0.063764 objective=0.804829 weighted_return_mean=0.001553 mem_mb=6645.250000
[2026-05-22 10:57:25 UTC] Optuna trial | trial=15 score=0.804829 n_eff=21993.266938 n_eff_ratio=0.733109 top1pct_weight_share=0.042887 weighted_return_mean=0.001553 weight_std=0.535248 mem_mb=6645.250000
