[I 2026-05-22 12:43:12,638] Trial 73 finished with value: 0.7058733632374657 and parameters: {'max_depth': 6, 'subsample': 0.6817355743447074, 'reg_alpha': 0.1370161224138185, 'reg_lambda': 10.589400729055368, 'min_child_samples_pct': 0.020085291498965995, 'min_child_weight': 24.785211212752767, 'min_split_gain': 0.02445777440410446, 'colsample_bytree': 0.6137988170963955}. Best is trial 23 with value: 0.7107048882271293.
[2026-05-22 10:43:12 UTC] LGBM HPO complete: best_trial=23, value=0.7107, completed=65, elapsed=704.6s, params={"boosting_type": "gbdt", "colsample_bytree": 0.6272839222485352, "learning_rate": 0.02, "max_bin": 63, "max_depth": 6, "min_child_samples": 205, "min_child_weight": 31.28271650385695, "min_split_gain": 0.011505535289664321, "n_estimators": 1597, "n_jobs": 3, "num_leaves": 64, "objective": "binary", "random_state": 364, "reg_alpha": 0.2275249031809315, "reg_lambda": 7.563632667702125, "subsample": 0.6962354499517722, "subsample_freq": 1, "verbosity": -1}
[2026-05-22 10:43:12 UTC] LGBM OOF CV started: rows=102293, features=51, splits=3.
[2026-05-22 10:43:12 UTC] LGBM OOF CV fold 1/3 started: train_rows=68195, valid_rows=34098.
[2026-05-22 10:43:21 UTC] LGBM OOF CV fold 1/3 complete: elapsed=8.5s.
[2026-05-22 10:43:21 UTC] LGBM OOF CV fold 2/3 started: train_rows=68195, valid_rows=34098.
[2026-05-22 10:43:29 UTC] LGBM OOF CV fold 2/3 complete: elapsed=8.5s.
[2026-05-22 10:43:29 UTC] LGBM OOF CV fold 3/3 started: train_rows=68196, valid_rows=34097.
[2026-05-22 10:43:38 UTC] LGBM OOF CV fold 3/3 complete: elapsed=8.6s.
[2026-05-22 10:43:38 UTC] LGBM OOF CV complete in 25.7s.
[2026-05-22 10:43:38 UTC] LGBM OOF distilled weights final pass 1/2 in 25.7s, ess=81423.3.
[2026-05-22 10:43:38 UTC] LGBM OOF CV started: rows=102293, features=51, splits=3.
[2026-05-22 10:43:38 UTC] LGBM OOF CV fold 1/3 started: train_rows=68195, valid_rows=34098.
[2026-05-22 10:43:46 UTC] LGBM OOF CV fold 1/3 complete: elapsed=8.5s.
[2026-05-22 10:43:46 UTC] LGBM OOF CV fold 2/3 started: train_rows=68195, valid_rows=34098.
[2026-05-22 10:43:55 UTC] LGBM OOF CV fold 2/3 complete: elapsed=8.5s.
[2026-05-22 10:43:55 UTC] LGBM OOF CV fold 3/3 started: train_rows=68196, valid_rows=34097.
[2026-05-22 10:44:04 UTC] LGBM OOF CV fold 3/3 complete: elapsed=8.8s.
[2026-05-22 10:44:04 UTC] LGBM OOF CV complete in 25.8s.
[2026-05-22 10:44:04 UTC] LGBM OOF distilled weights final pass 2/2 in 25.8s, ess=80850.8.
[2026-05-22 10:44:04 UTC] LGBM final model 1/3 started: rows=102293, features=51, sequential_distill=yes.
[2026-05-22 10:44:15 UTC] LGBM final model 1/3 fitted on 102293 rows in 11.1s; updated all-row sequential weights ess=64232.1.
[2026-05-22 10:44:15 UTC] LGBM final model 2/3 started: rows=102293, features=51, sequential_distill=yes.
[2026-05-22 10:44:26 UTC] LGBM final model 2/3 fitted on 102293 rows in 11.1s; updated all-row sequential weights ess=63874.0.
[2026-05-22 10:44:26 UTC] LGBM final model 3/3 started: rows=102293, features=51, sequential_distill=yes.
[2026-05-22 10:44:37 UTC] LGBM final model 3/3 fitted on 102293 rows in 11.2s; updated all-row sequential weights ess=63762.9.
[2026-05-22 10:44:38 UTC] LGBM final OOF/meta CV started: rows=102293, features=51, splits=3.
[2026-05-22 10:44:38 UTC] LGBM final OOF/meta fold 1/3 started: train_rows=68195, valid_rows=34098.
[2026-05-22 10:46:12 UTC] LGBM final OOF/meta fold 1/3 complete: elapsed=94.4s.
[2026-05-22 10:46:12 UTC] LGBM final OOF/meta fold 2/3 started: train_rows=68195, valid_rows=34098.
[2026-05-22 10:47:52 UTC] LGBM final OOF/meta fold 2/3 complete: elapsed=99.7s.
[2026-05-22 10:47:52 UTC] LGBM final OOF/meta fold 3/3 started: train_rows=68196, valid_rows=34097.
[2026-05-22 10:49:25 UTC] LGBM final OOF/meta fold 3/3 complete: elapsed=93.0s.
[2026-05-22 10:49:25 UTC] LGBM final OOF/meta CV complete in 287.3s.
[2026-05-22 10:49:26 UTC] LGBM stage metric comparison (candidate/prune -> fit_oof -> post-distill)
[2026-05-22 10:49:26 UTC] Metric                        |     Cand/prune |        Fit OOF |   Post-distill
[2026-05-22 10:49:26 UTC] --------------------------------------------------------------------------------
[2026-05-22 10:49:26 UTC] J_final                       |         0.7524 |         0.8422 |         0.8373
[2026-05-22 10:49:26 UTC] J_meta                        |         0.7524 |         0.8422 |         0.8416
[2026-05-22 10:49:26 UTC] J_base                        |         0.7452 |         0.8159 |         0.8065
[2026-05-22 10:49:26 UTC] J_Score                       |         0.7452 |         0.8159 |         0.8065
[2026-05-22 10:49:26 UTC] base_target_frac              |         0.3000 |         0.3000 |         0.3000
[2026-05-22 10:49:26 UTC] meta_target_frac              |         0.1500 |         0.1500 |         0.1500
[2026-05-22 10:49:26 UTC] base_salg                     |         1.0346 |         1.1915 |         1.1647
[2026-05-22 10:49:26 UTC] meta_salg                     |         1.0635 |         1.2834 |         1.2831
[2026-05-22 10:49:26 UTC] base_normalized_salg          |         0.6898 |         0.7943 |         0.7765
[2026-05-22 10:49:26 UTC] meta_normalized_salg          |         0.7090 |         0.8556 |         0.8554
[2026-05-22 10:49:26 UTC] base_precision_blend          |         0.3933 |         0.5362 |         0.5366
[2026-05-22 10:49:26 UTC] meta_precision_blend          |         0.5068 |         0.6780 |         0.6870
[2026-05-22 10:49:26 UTC] base_rank_bucket_monotonicity |         1.0000 |         1.0000 |         1.0000
[2026-05-22 10:49:26 UTC] meta_rank_bucket_monotonicity |         1.0000 |         1.0000 |         1.0000
[2026-05-22 10:49:26 UTC] base_stability                |         0.7764 |         0.8403 |         0.8202
[2026-05-22 10:49:26 UTC] meta_stability                |         0.6953 |         0.7708 |         0.7614
[2026-05-22 10:49:26 UTC] salg20                        |         1.0753 |         1.2392 |         1.2353
[2026-05-22 10:49:26 UTC] normalized_salg20             |         0.7168 |         0.8261 |         0.8235
[2026-05-22 10:49:26 UTC] precision_blend_top10_20_30   |         0.3933 |         0.5362 |         0.5366
[2026-05-22 10:49:26 UTC] precision10_norm              |         0.4848 |         0.6615 |         0.6655
[2026-05-22 10:49:26 UTC] precision20_norm              |         0.3661 |         0.4984 |         0.5002
[2026-05-22 10:49:26 UTC] precision30_norm              |         0.2851 |         0.3885 |         0.3811
[2026-05-22 10:49:26 UTC] lift20                        |         1.8727 |         2.1858 |         2.1902
[2026-05-22 10:49:26 UTC] stability20                   |         0.7436 |         0.7886 |         0.7831
[2026-05-22 10:49:26 UTC] rank_bucket_monotonicity      |         1.0000 |         1.0000 |         1.0000
[2026-05-22 10:49:26 UTC] ndcg_at_20                    |         0.5649 |         0.6262 |         0.6266
[2026-05-22 10:49:26 UTC] auc                           |         0.7225 |         0.7831 |         0.7772
[2026-05-22 10:49:26 UTC] brier                         |         0.1857 |         0.1690 |         0.1777
[2026-05-22 10:49:26 UTC] LGBM full fit done: J=0.8373, features=51, elapsed=1079.1s.
[2026-05-22 10:49:26 UTC] Model Race [meta_short_loc_ema_stack_pos_24_0_43357179_compression_ratio_-0_33411601_mkt_ret_eq_24h_1_1280091_mkt_ret_eq_24h_-0_81129736_up_down_semivol_ratio_tanh_-0_39156261_clf]: full-data fit complete.
[2026-05-22 10:49:26 UTC] Model Race [meta_short_loc_ema_stack_pos_24_0_43357179_compression_ratio_-0_33411601_mkt_ret_eq_24h_1_1280091_mkt_ret_eq_24h_-0_81129736_up_down_semivol_ratio_tanh_-0_39156261_clf]: using lgbm_pipeline as best_model (J_Score=0.8373, race_J_Score=0.7452, AUC=0.7772, lift30=1.907, oof_full=102293/102293, stage_oof={'lgbm_select': 35770, 'hpo': 10000, 'fit_oof': 56523})
[2026-05-22 10:49:26 UTC] Saved immediate meta OOF predictions for short_loc_ema_stack_pos_24_0_43357179_compression_ratio_-0_33411601_mkt_ret_eq_24h_1_1280091_mkt_ret_eq_24h_-0_81129736_up_down_semivol_ratio_tanh_-0_39156261_clf to /Users/remyroche/Documents/Ares/data_perp_policy_rollout_feature_selector_experiment_v3/rollout_off_new_perp/artifacts/20260522_101002/meta_oof/meta_oof_short_loc_ema_stack_pos_24_0_43357179_compression_ratio_-0_33411601_mkt_ret_eq_24h_1_1280091_mkt_ret_eq_24h_-0_81129736_up_down_semivol_ratio_tanh_-0_39156261_clf.parquet (rows=102293)
[2026-05-22 10:49:26 UTC] Meta short_loc_ema_stack_pos_24_0_43357179_compression_ratio_-0_33411601_mkt_ret_eq_24h_1_1280091_mkt_ret_eq_24h_-0_81129736_up_down_semivol_ratio_tanh_-0_39156261_clf: fitted specialist base-target classifier (valid=102293, backend=lgbm_pipeline).
[2026-05-22 10:49:26 UTC]   REG weights: target=raw_correction_over_realized_vol base_reg_col=none min=0.657 mean=1.000 max=1.314 n_eff=355652
[2026-05-22 10:49:27 UTC] Weight optimisation started | n_samples=20000 n_features=77 n_components=6 n_trials=12 model=ExtraTrees mem_mb=9375.203125
[I 2026-05-22 12:49:27,165] A new study created in memory with name: no-name-3fb247db-9b73-4e96-acdb-f7f8467dbc30
[2026-05-22 10:49:27 UTC] CV fold complete | fold=1 seed=42 buckets_scored=1 train_size=15976 valid_size=4000 ic=0.167420 decile_spread=34.223936 pred_mean=-47.276360 pred_std=14.685505 valid_ret_mean=-35.669684 weighted_valid_ret_mean=-57.295584 mem_mb=9375.203125
[2026-05-22 10:49:27 UTC] CV fold complete | fold=2 seed=42 buckets_scored=1 train_size=15976 valid_size=4000 ic=0.123202 decile_spread=26.281585 pred_mean=-50.408180 pred_std=13.858653 valid_ret_mean=-29.595352 weighted_valid_ret_mean=-48.339249 mem_mb=9375.203125
[2026-05-22 10:49:27 UTC] CV fold complete | fold=3 seed=42 buckets_scored=1 train_size=15964 valid_size=4000 ic=0.190933 decile_spread=43.384647 pred_mean=-54.569794 pred_std=13.865266 valid_ret_mean=-29.138918 weighted_valid_ret_mean=-47.243668 mem_mb=9375.203125
[2026-05-22 10:49:27 UTC] CV fold complete | fold=4 seed=42 buckets_scored=1 train_size=15956 valid_size=4000 ic=0.177223 decile_spread=49.099712 pred_mean=-51.430397 pred_std=17.408066 valid_ret_mean=-31.808168 weighted_valid_ret_mean=-51.571271 mem_mb=9375.203125
[2026-05-22 10:49:27 UTC] CV fold complete | fold=5 seed=42 buckets_scored=1 train_size=15997 valid_size=4000 ic=0.258208 decile_spread=53.324976 pred_mean=-54.117538 pred_std=22.448748 valid_ret_mean=-38.111016 weighted_valid_ret_mean=-57.830299 mem_mb=9375.203125
[2026-05-22 10:49:27 UTC] CV fold complete | fold=1 seed=123 buckets_scored=1 train_size=15976 valid_size=4000 ic=0.167420 decile_spread=34.223936 pred_mean=-47.276360 pred_std=14.685505 valid_ret_mean=-35.669684 weighted_valid_ret_mean=-57.295584 mem_mb=9375.203125
[2026-05-22 10:49:27 UTC] CV fold complete | fold=2 seed=123 buckets_scored=1 train_size=15976 valid_size=4000 ic=0.123202 decile_spread=26.281585 pred_mean=-50.408180 pred_std=13.858653 valid_ret_mean=-29.595352 weighted_valid_ret_mean=-48.339249 mem_mb=9375.203125
[2026-05-22 10:49:27 UTC] CV fold complete | fold=3 seed=123 buckets_scored=1 train_size=15964 valid_size=4000 ic=0.190933 decile_spread=43.384647 pred_mean=-54.569794 pred_std=13.865266 valid_ret_mean=-29.138918 weighted_valid_ret_mean=-47.243668 mem_mb=9375.203125
[2026-05-22 10:49:27 UTC] CV fold complete | fold=4 seed=123 buckets_scored=1 train_size=15956 valid_size=4000 ic=0.177223 decile_spread=49.099712 pred_mean=-51.430397 pred_std=17.408066 valid_ret_mean=-31.808168 weighted_valid_ret_mean=-51.571271 mem_mb=9375.203125
[2026-05-22 10:49:27 UTC] CV fold complete | fold=5 seed=123 buckets_scored=1 train_size=15997 valid_size=4000 ic=0.258208 decile_spread=53.324976 pred_mean=-54.117538 pred_std=22.448748 valid_ret_mean=-38.111016 weighted_valid_ret_mean=-57.830299 mem_mb=9375.203125
[2026-05-22 10:49:27 UTC] Objective evaluated | n_eff=14145.953314 n_eff_ratio=0.707298 top1pct_share=0.017139 ic_mean=0.183397 ic_std=0.000000 decile_spread_mean=41.262971 objective=0.183397 weighted_return_mean=-52.569180 mem_mb=9375.203125
[2026-05-22 10:49:27 UTC] Optuna trial | trial=0 score=0.183397 n_eff=14145.953314 n_eff_ratio=0.707298 top1pct_weight_share=0.017139 weighted_return_mean=-52.569180 weight_std=1.501400 mem_mb=9375.203125
[I 2026-05-22 12:49:27,229] Trial 0 finished with value: 0.18339694305888088 and parameters: {'alpha_base': 0.5618101782710437, 'alpha_recency': 1.4260714596148742, 'alpha_tp_opportunity': 1.0979909127171077, 'alpha_meta_magnitude': 0.8979877262955549, 'alpha_base_reg_style': 0.23402796066365478, 'alpha_economic_relevance': 0.23399178050430397, 'min_n_eff_ratio': 0.14646688973455957, 'max_top1pct': 0.1799264218662403}. Best is trial 0 with value: 0.18339694305888088.
[2026-05-22 10:49:27 UTC] CV fold complete | fold=1 seed=42 buckets_scored=1 train_size=15976 valid_size=4000 ic=0.167382 decile_spread=34.526209 pred_mean=-49.371887 pred_std=14.903869 valid_ret_mean=-35.669684 weighted_valid_ret_mean=-59.749126 mem_mb=9375.203125
[2026-05-22 10:49:27 UTC] CV fold complete | fold=2 seed=42 buckets_scored=1 train_size=15976 valid_size=4000 ic=0.123169 decile_spread=27.172598 pred_mean=-52.571121 pred_std=13.968526 valid_ret_mean=-29.595352 weighted_valid_ret_mean=-50.810138 mem_mb=9375.203125
[2026-05-22 10:49:27 UTC] CV fold complete | fold=3 seed=42 buckets_scored=1 train_size=15964 valid_size=4000 ic=0.190760 decile_spread=42.560356 pred_mean=-56.962139 pred_std=13.933609 valid_ret_mean=-29.138918 weighted_valid_ret_mean=-49.293635 mem_mb=9375.203125
[2026-05-22 10:49:27 UTC] CV fold complete | fold=4 seed=42 buckets_scored=1 train_size=15956 valid_size=4000 ic=0.176329 decile_spread=47.778882 pred_mean=-53.447262 pred_std=17.427698 valid_ret_mean=-31.808168 weighted_valid_ret_mean=-54.006284 mem_mb=9375.203125
[2026-05-22 10:49:27 UTC] CV fold complete | fold=5 seed=42 buckets_scored=1 train_size=15997 valid_size=4000 ic=0.255425 decile_spread=52.252950 pred_mean=-55.984142 pred_std=21.827507 valid_ret_mean=-38.111016 weighted_valid_ret_mean=-60.402505 mem_mb=9375.203125
[2026-05-22 10:49:27 UTC] CV fold complete | fold=1 seed=123 buckets_scored=1 train_size=15976 valid_size=4000 ic=0.167382 decile_spread=34.526209 pred_mean=-49.371887 pred_std=14.903869 valid_ret_mean=-35.669684 weighted_valid_ret_mean=-59.749126 mem_mb=9375.203125
[2026-05-22 10:49:27 UTC] CV fold complete | fold=2 seed=123 buckets_scored=1 train_size=15976 valid_size=4000 ic=0.123169 decile_spread=27.172598 pred_mean=-52.571121 pred_std=13.968526 valid_ret_mean=-29.595352 weighted_valid_ret_mean=-50.810138 mem_mb=9375.203125
[2026-05-22 10:49:27 UTC] CV fold complete | fold=3 seed=123 buckets_scored=1 train_size=15964 valid_size=4000 ic=0.190760 decile_spread=42.560356 pred_mean=-56.962139 pred_std=13.933609 valid_ret_mean=-29.138918 weighted_valid_ret_mean=-49.293635 mem_mb=9375.203125
[2026-05-22 10:49:27 UTC] CV fold complete | fold=4 seed=123 buckets_scored=1 train_size=15956 valid_size=4000 ic=0.176329 decile_spread=47.778882 pred_mean=-53.447262 pred_std=17.427698 valid_ret_mean=-31.808168 weighted_valid_ret_mean=-54.006284 mem_mb=9375.203125
[2026-05-22 10:49:27 UTC] CV fold complete | fold=5 seed=123 buckets_scored=1 train_size=15997 valid_size=4000 ic=0.255425 decile_spread=52.252950 pred_mean=-55.984142 pred_std=21.827507 valid_ret_mean=-38.111016 weighted_valid_ret_mean=-60.402505 mem_mb=9375.203125
[2026-05-22 10:49:27 UTC] Objective evaluated | n_eff=13277.900545 n_eff_ratio=0.663895 top1pct_share=0.018402 ic_mean=0.182613 ic_std=0.000000 decile_spread_mean=40.858199 objective=0.182613 weighted_return_mean=-54.977947 mem_mb=9375.203125
[2026-05-22 10:49:27 UTC] Optuna trial | trial=1 score=0.182613 n_eff=13277.900545 n_eff_ratio=0.663895 top1pct_weight_share=0.018402 weighted_return_mean=-54.977947 weight_std=1.546597 mem_mb=9375.203125
[I 2026-05-22 12:49:27,291] Trial 1 finished with value: 0.18261290235344235 and parameters: {'alpha_base': 0.9016725176148133, 'alpha_recency': 1.0621088666940683, 'alpha_tp_opportunity': 0.03087674144370367, 'alpha_meta_magnitude': 1.4548647782429915, 'alpha_base_reg_style': 1.2486639612006325, 'alpha_economic_relevance': 0.31850866601741423, 'min_n_eff_ratio': 0.24545997376568052, 'max_top1pct': 0.07751067647801507}. Best is trial 0 with value: 0.18339694305888088.
[2026-05-22 10:49:27 UTC] CV fold complete | fold=1 seed=42 buckets_scored=1 train_size=15976 valid_size=4000 ic=0.168108 decile_spread=34.643792 pred_mean=-47.874195 pred_std=14.880322 valid_ret_mean=-35.669684 weighted_valid_ret_mean=-57.949703 mem_mb=9375.203125
[2026-05-22 10:49:27 UTC] CV fold complete | fold=2 seed=42 buckets_scored=1 train_size=15976 valid_size=4000 ic=0.122942 decile_spread=27.125436 pred_mean=-51.100033 pred_std=14.067472 valid_ret_mean=-29.595352 weighted_valid_ret_mean=-49.043706 mem_mb=9375.203125
[2026-05-22 10:49:27 UTC] CV fold complete | fold=3 seed=42 buckets_scored=1 train_size=15964 valid_size=4000 ic=0.190733 decile_spread=42.698876 pred_mean=-55.437038 pred_std=14.057986 valid_ret_mean=-29.138918 weighted_valid_ret_mean=-47.468061 mem_mb=9375.203125
[2026-05-22 10:49:27 UTC] CV fold complete | fold=4 seed=42 buckets_scored=1 train_size=15956 valid_size=4000 ic=0.176527 decile_spread=48.199639 pred_mean=-52.067570 pred_std=17.593241 valid_ret_mean=-31.808168 weighted_valid_ret_mean=-52.160248 mem_mb=9375.203125
[2026-05-22 10:49:27 UTC] CV fold complete | fold=5 seed=42 buckets_scored=1 train_size=15997 valid_size=4000 ic=0.255917 decile_spread=53.017941 pred_mean=-54.661404 pred_std=22.372580 valid_ret_mean=-38.111016 weighted_valid_ret_mean=-58.576804 mem_mb=9375.203125
[2026-05-22 10:49:27 UTC] CV fold complete | fold=1 seed=123 buckets_scored=1 train_size=15976 valid_size=4000 ic=0.168108 decile_spread=34.643792 pred_mean=-47.874195 pred_std=14.880322 valid_ret_mean=-35.669684 weighted_valid_ret_mean=-57.949703 mem_mb=9375.203125
[2026-05-22 10:49:27 UTC] CV fold complete | fold=2 seed=123 buckets_scored=1 train_size=15976 valid_size=4000 ic=0.122942 decile_spread=27.125436 pred_mean=-51.100033 pred_std=14.067472 valid_ret_mean=-29.595352 weighted_valid_ret_mean=-49.043706 mem_mb=9375.203125
[2026-05-22 10:49:27 UTC] CV fold complete | fold=3 seed=123 buckets_scored=1 train_size=15964 valid_size=4000 ic=0.190733 decile_spread=42.698876 pred_mean=-55.437038 pred_std=14.057986 valid_ret_mean=-29.138918 weighted_valid_ret_mean=-47.468061 mem_mb=9375.203125
[2026-05-22 10:49:27 UTC] CV fold complete | fold=4 seed=123 buckets_scored=1 train_size=15956 valid_size=4000 ic=0.176527 decile_spread=48.199639 pred_mean=-52.067570 pred_std=17.593241 valid_ret_mean=-31.808168 weighted_valid_ret_mean=-52.160248 mem_mb=9375.203125
[2026-05-22 10:49:27 UTC] CV fold complete | fold=5 seed=123 buckets_scored=1 train_size=15997 valid_size=4000 ic=0.255917 decile_spread=53.017941 pred_mean=-54.661404 pred_std=22.372580 valid_ret_mean=-38.111016 weighted_valid_ret_mean=-58.576804 mem_mb=9375.203125
[2026-05-22 10:49:27 UTC] Objective evaluated | n_eff=13809.995711 n_eff_ratio=0.690500 top1pct_share=0.017486 ic_mean=0.182845 ic_std=0.000000 decile_spread_mean=41.137137 objective=0.182845 weighted_return_mean=-53.142332 mem_mb=9375.203125
[2026-05-22 10:49:27 UTC] Optuna trial | trial=2 score=0.182845 n_eff=13809.995711 n_eff_ratio=0.690500 top1pct_weight_share=0.017486 weighted_return_mean=-53.142332 weight_std=1.531496 mem_mb=9375.203125
