[I 2026-05-22 13:13:06,324] Trial 20 finished with value: 0.6362076066718643 and parameters: {'max_depth': 5, 'subsample': 0.7653485295685212, 'reg_alpha': 0.6626391125408876, 'reg_lambda': 10.1848299070874, 'min_child_samples_pct': 0.029751401197450296, 'min_child_weight': 57.92363279663778, 'min_split_gain': 0.0012133326051407876, 'colsample_bytree': 0.6948931737750167}. Best is trial 5 with value: 0.6563483814369371.
[2026-05-22 11:13:06 UTC] LGBM HPO trial 21 fold 1/3 started: train_rows=6666, valid_rows=3334, depth=6.
[2026-05-22 11:13:06 UTC] LGBM HPO trial 21 fold 1/3 complete: partial_J=0.6537, elapsed=0.4s.
[2026-05-22 11:13:06 UTC] LGBM HPO trial 21 fold 2/3 started: train_rows=6667, valid_rows=3333, depth=6.
[2026-05-22 11:13:07 UTC] LGBM HPO trial 21 fold 2/3 complete: partial_J=0.6511, elapsed=0.4s.
[2026-05-22 11:13:07 UTC] LGBM HPO trial 21 pruned at fold 2/3 (partial_J=0.6511).
[I 2026-05-22 13:13:07,074] Trial 21 pruned. 
[2026-05-22 11:13:07 UTC] LGBM HPO trial 22 fold 1/3 started: train_rows=6666, valid_rows=3334, depth=6.
[2026-05-22 11:13:07 UTC] LGBM HPO trial 22 fold 1/3 complete: partial_J=0.6713, elapsed=0.4s.
[2026-05-22 11:13:07 UTC] LGBM HPO trial 22 fold 2/3 started: train_rows=6667, valid_rows=3333, depth=6.
[2026-05-22 11:13:08 UTC] LGBM HPO trial 22 fold 2/3 complete: partial_J=0.6568, elapsed=0.6s.
[2026-05-22 11:13:08 UTC] LGBM HPO trial 22 fold 3/3 started: train_rows=6667, valid_rows=3333, depth=6.
[2026-05-22 11:13:08 UTC] LGBM HPO trial 22 fold 3/3 complete: partial_J=0.6445, elapsed=0.3s.
[2026-05-22 11:13:08 UTC] LGBM HPO trial 22 complete: J=0.6445, elapsed=1.4s.
[I 2026-05-22 13:13:08,478] Trial 22 finished with value: 0.6444519106055235 and parameters: {'max_depth': 6, 'subsample': 0.7779604472254418, 'reg_alpha': 0.24809098236594157, 'reg_lambda': 4.655089513303981, 'min_child_samples_pct': 0.03986033800663838, 'min_child_weight': 60.154972455812555, 'min_split_gain': 0.0018056465131486852, 'colsample_bytree': 0.7269385880040766}. Best is trial 5 with value: 0.6563483814369371.
[2026-05-22 11:13:08 UTC] LGBM HPO trial 23 fold 1/3 started: train_rows=6666, valid_rows=3334, depth=4.
[2026-05-22 11:13:08 UTC] LGBM HPO trial 23 fold 1/3 complete: partial_J=0.6659, elapsed=0.3s.
[2026-05-22 11:13:08 UTC] LGBM HPO trial 23 fold 2/3 started: train_rows=6667, valid_rows=3333, depth=4.
[2026-05-22 11:13:09 UTC] LGBM HPO trial 23 fold 2/3 complete: partial_J=0.6552, elapsed=0.3s.
[2026-05-22 11:13:09 UTC] LGBM HPO trial 23 fold 3/3 started: train_rows=6667, valid_rows=3333, depth=4.
[2026-05-22 11:13:09 UTC] LGBM HPO trial 23 fold 3/3 complete: partial_J=0.6513, elapsed=0.3s.
[2026-05-22 11:13:09 UTC] LGBM HPO trial 23 complete: J=0.6513, elapsed=0.9s.
[I 2026-05-22 13:13:09,421] Trial 23 finished with value: 0.6512523934823908 and parameters: {'max_depth': 4, 'subsample': 0.7257028107336386, 'reg_alpha': 0.6567270474788189, 'reg_lambda': 2.095020280021643, 'min_child_samples_pct': 0.037630728169730523, 'min_child_weight': 64.29993595089663, 'min_split_gain': 0.006201067433622048, 'colsample_bytree': 0.6980712110181464}. Best is trial 5 with value: 0.6563483814369371.
[2026-05-22 11:13:09 UTC] LGBM HPO trial 24 fold 1/3 started: train_rows=6666, valid_rows=3334, depth=6.
[2026-05-22 11:13:10 UTC] LGBM HPO trial 24 fold 1/3 complete: partial_J=0.6753, elapsed=0.6s.
[2026-05-22 11:13:10 UTC] LGBM HPO trial 24 fold 2/3 started: train_rows=6667, valid_rows=3333, depth=6.
[2026-05-22 11:13:10 UTC] LGBM HPO trial 24 fold 2/3 complete: partial_J=0.6556, elapsed=0.5s.
[2026-05-22 11:13:10 UTC] LGBM HPO trial 24 fold 3/3 started: train_rows=6667, valid_rows=3333, depth=6.
[2026-05-22 11:13:10 UTC] LGBM HPO trial 24 fold 3/3 complete: partial_J=0.6435, elapsed=0.5s.
[2026-05-22 11:13:10 UTC] LGBM HPO trial 24 complete: J=0.6435, elapsed=1.6s.
[I 2026-05-22 13:13:10,975] Trial 24 finished with value: 0.6435298670708971 and parameters: {'max_depth': 6, 'subsample': 0.75278161136881, 'reg_alpha': 1.1914819900230027, 'reg_lambda': 7.115871319527606, 'min_child_samples_pct': 0.03138321982192556, 'min_child_weight': 47.46691315060455, 'min_split_gain': 0.004423436852891524, 'colsample_bytree': 0.6379661414223818}. Best is trial 5 with value: 0.6563483814369371.
[2026-05-22 11:13:10 UTC] LGBM HPO trial 25 fold 1/3 started: train_rows=6666, valid_rows=3334, depth=5.
[2026-05-22 11:13:11 UTC] LGBM HPO trial 25 fold 1/3 complete: partial_J=0.6382, elapsed=0.3s.
[2026-05-22 11:13:11 UTC] LGBM HPO trial 25 fold 2/3 started: train_rows=6667, valid_rows=3333, depth=5.
[2026-05-22 11:13:11 UTC] LGBM HPO trial 25 fold 2/3 complete: partial_J=0.6427, elapsed=0.3s.
[2026-05-22 11:13:11 UTC] LGBM HPO trial 25 pruned at fold 2/3 (partial_J=0.6427).
[I 2026-05-22 13:13:11,544] Trial 25 pruned. 
[2026-05-22 11:13:11 UTC] LGBM HPO trial 26 fold 1/3 started: train_rows=6666, valid_rows=3334, depth=4.
[2026-05-22 11:13:11 UTC] LGBM HPO trial 26 fold 1/3 complete: partial_J=0.6620, elapsed=0.3s.
[2026-05-22 11:13:11 UTC] LGBM HPO trial 26 fold 2/3 started: train_rows=6667, valid_rows=3333, depth=4.
[2026-05-22 11:13:12 UTC] LGBM HPO trial 26 fold 2/3 complete: partial_J=0.6532, elapsed=0.3s.
[2026-05-22 11:13:12 UTC] LGBM HPO trial 26 fold 3/3 started: train_rows=6667, valid_rows=3333, depth=4.
[2026-05-22 11:13:12 UTC] LGBM HPO trial 26 fold 3/3 complete: partial_J=0.6453, elapsed=0.3s.
[2026-05-22 11:13:12 UTC] LGBM HPO trial 26 complete: J=0.6453, elapsed=1.0s.
[I 2026-05-22 13:13:12,560] Trial 26 finished with value: 0.6452565113294508 and parameters: {'max_depth': 4, 'subsample': 0.7996870397322117, 'reg_alpha': 0.7787396085447534, 'reg_lambda': 12.724238025473861, 'min_child_samples_pct': 0.041195981092410766, 'min_child_weight': 52.56930212486327, 'min_split_gain': 0.0015154919856953171, 'colsample_bytree': 0.7735058687718787}. Best is trial 5 with value: 0.6563483814369371.
[2026-05-22 11:13:12 UTC] LGBM HPO trial 27 fold 1/3 started: train_rows=6666, valid_rows=3334, depth=5.
[2026-05-22 11:13:12 UTC] LGBM HPO trial 27 fold 1/3 complete: partial_J=0.6492, elapsed=0.3s.
[2026-05-22 11:13:12 UTC] LGBM HPO trial 27 fold 2/3 started: train_rows=6667, valid_rows=3333, depth=5.
[2026-05-22 11:13:13 UTC] LGBM HPO trial 27 fold 2/3 complete: partial_J=0.6503, elapsed=0.4s.
[2026-05-22 11:13:13 UTC] LGBM HPO trial 27 pruned at fold 2/3 (partial_J=0.6503).
[I 2026-05-22 13:13:13,254] Trial 27 pruned. 
[2026-05-22 11:13:13 UTC] LGBM HPO trial 28 fold 1/3 started: train_rows=6666, valid_rows=3334, depth=4.
[2026-05-22 11:13:13 UTC] LGBM HPO trial 28 fold 1/3 complete: partial_J=0.6671, elapsed=0.5s.
[2026-05-22 11:13:13 UTC] LGBM HPO trial 28 fold 2/3 started: train_rows=6667, valid_rows=3333, depth=4.
[2026-05-22 11:13:14 UTC] LGBM HPO trial 28 fold 2/3 complete: partial_J=0.6672, elapsed=0.4s.
[2026-05-22 11:13:14 UTC] LGBM HPO trial 28 fold 3/3 started: train_rows=6667, valid_rows=3333, depth=4.
[2026-05-22 11:13:14 UTC] LGBM HPO trial 28 fold 3/3 complete: partial_J=0.6617, elapsed=0.4s.
[2026-05-22 11:13:14 UTC] LGBM HPO trial 28 complete: J=0.6617, elapsed=1.3s.
[I 2026-05-22 13:13:14,576] Trial 28 finished with value: 0.6616660829590638 and parameters: {'max_depth': 4, 'subsample': 0.7206045709233182, 'reg_alpha': 1.372981847352723, 'reg_lambda': 6.8820549420744115, 'min_child_samples_pct': 0.03557967755434945, 'min_child_weight': 63.53242187806785, 'min_split_gain': 0.0014913515832391455, 'colsample_bytree': 0.7200690311326475}. Best is trial 28 with value: 0.6616660829590638.
[2026-05-22 11:13:14 UTC] LGBM HPO trial 29 fold 1/3 started: train_rows=6666, valid_rows=3334, depth=4.
[2026-05-22 11:13:14 UTC] LGBM HPO trial 29 fold 1/3 complete: partial_J=0.6707, elapsed=0.4s.
[2026-05-22 11:13:14 UTC] LGBM HPO trial 29 fold 2/3 started: train_rows=6667, valid_rows=3333, depth=4.
[2026-05-22 11:13:15 UTC] LGBM HPO trial 29 fold 2/3 complete: partial_J=0.6552, elapsed=0.3s.
[2026-05-22 11:13:15 UTC] LGBM HPO trial 29 fold 3/3 started: train_rows=6667, valid_rows=3333, depth=4.
[2026-05-22 11:13:15 UTC] LGBM HPO trial 29 fold 3/3 complete: partial_J=0.6564, elapsed=0.3s.
[2026-05-22 11:13:15 UTC] LGBM HPO trial 29 complete: J=0.6564, elapsed=1.0s.
[I 2026-05-22 13:13:15,612] Trial 29 finished with value: 0.6564432706589406 and parameters: {'max_depth': 4, 'subsample': 0.6923596703337652, 'reg_alpha': 1.3596349026978805, 'reg_lambda': 6.943602226086561, 'min_child_samples_pct': 0.036140612618913964, 'min_child_weight': 24.777710342717825, 'min_split_gain': 0.010026142807572283, 'colsample_bytree': 0.6527292865145439}. Best is trial 28 with value: 0.6616660829590638.
[2026-05-22 11:13:15 UTC] LGBM HPO trial 30 fold 1/3 started: train_rows=6666, valid_rows=3334, depth=4.
[2026-05-22 11:13:15 UTC] LGBM HPO trial 30 fold 1/3 complete: partial_J=0.6559, elapsed=0.4s.
[2026-05-22 11:13:15 UTC] LGBM HPO trial 30 fold 2/3 started: train_rows=6667, valid_rows=3333, depth=4.
[2026-05-22 11:13:16 UTC] LGBM HPO trial 30 fold 2/3 complete: partial_J=0.6531, elapsed=0.4s.
[2026-05-22 11:13:16 UTC] LGBM HPO trial 30 fold 3/3 started: train_rows=6667, valid_rows=3333, depth=4.
[2026-05-22 11:13:16 UTC] LGBM HPO trial 30 fold 3/3 complete: partial_J=0.6501, elapsed=0.4s.
[2026-05-22 11:13:16 UTC] LGBM HPO trial 30 complete: J=0.6501, elapsed=1.2s.
[I 2026-05-22 13:13:16,774] Trial 30 finished with value: 0.6501000018785368 and parameters: {'max_depth': 4, 'subsample': 0.6828957597458182, 'reg_alpha': 3.4110805862953937, 'reg_lambda': 6.94960648756688, 'min_child_samples_pct': 0.03628922515805238, 'min_child_weight': 25.03168164103039, 'min_split_gain': 0.010842833331971743, 'colsample_bytree': 0.6183695558587472}. Best is trial 28 with value: 0.6616660829590638.
[2026-05-22 11:13:16 UTC] LGBM HPO trial 31 fold 1/3 started: train_rows=6666, valid_rows=3334, depth=4.
[2026-05-22 11:13:17 UTC] LGBM HPO trial 31 fold 1/3 complete: partial_J=0.6580, elapsed=0.3s.
[2026-05-22 11:13:17 UTC] LGBM HPO trial 31 fold 2/3 started: train_rows=6667, valid_rows=3333, depth=4.
[2026-05-22 11:13:17 UTC] LGBM HPO trial 31 fold 2/3 complete: partial_J=0.6509, elapsed=0.3s.
[2026-05-22 11:13:17 UTC] LGBM HPO trial 31 fold 3/3 started: train_rows=6667, valid_rows=3333, depth=4.
[2026-05-22 11:13:17 UTC] LGBM HPO trial 31 fold 3/3 complete: partial_J=0.6423, elapsed=0.3s.
[2026-05-22 11:13:17 UTC] LGBM HPO trial 31 complete: J=0.6423, elapsed=0.9s.
[I 2026-05-22 13:13:17,674] Trial 31 finished with value: 0.6422983013265828 and parameters: {'max_depth': 4, 'subsample': 0.7191738729333746, 'reg_alpha': 1.348570154740893, 'reg_lambda': 6.1621617130961495, 'min_child_samples_pct': 0.031796370669070956, 'min_child_weight': 25.379317933863337, 'min_split_gain': 0.023861595531653162, 'colsample_bytree': 0.6471104411533889}. Best is trial 28 with value: 0.6616660829590638.
[2026-05-22 11:13:17 UTC] LGBM HPO trial 32 fold 1/3 started: train_rows=6666, valid_rows=3334, depth=4.
[2026-05-22 11:13:18 UTC] LGBM HPO trial 32 fold 1/3 complete: partial_J=0.6518, elapsed=0.4s.
[2026-05-22 11:13:18 UTC] LGBM HPO trial 32 fold 2/3 started: train_rows=6667, valid_rows=3333, depth=4.
[2026-05-22 11:13:18 UTC] LGBM HPO trial 32 fold 2/3 complete: partial_J=0.6545, elapsed=0.3s.
[2026-05-22 11:13:18 UTC] LGBM HPO trial 32 pruned at fold 2/3 (partial_J=0.6545).
[I 2026-05-22 13:13:18,399] Trial 32 pruned. 
[2026-05-22 11:13:18 UTC] LGBM HPO trial 33 fold 1/3 started: train_rows=6666, valid_rows=3334, depth=4.
[2026-05-22 11:13:18 UTC] LGBM HPO trial 33 fold 1/3 complete: partial_J=0.6629, elapsed=0.4s.
[2026-05-22 11:13:18 UTC] LGBM HPO trial 33 fold 2/3 started: train_rows=6667, valid_rows=3333, depth=4.
[2026-05-22 11:13:19 UTC] LGBM HPO trial 33 fold 2/3 complete: partial_J=0.6630, elapsed=0.3s.
[2026-05-22 11:13:19 UTC] LGBM HPO trial 33 fold 3/3 started: train_rows=6667, valid_rows=3333, depth=4.
[2026-05-22 11:13:19 UTC] LGBM HPO trial 33 fold 3/3 complete: partial_J=0.6594, elapsed=0.3s.
[2026-05-22 11:13:19 UTC] LGBM HPO trial 33 complete: J=0.6594, elapsed=1.1s.
[I 2026-05-22 13:13:19,507] Trial 33 finished with value: 0.6593912826082395 and parameters: {'max_depth': 4, 'subsample': 0.7397969008155986, 'reg_alpha': 2.188864631675279, 'reg_lambda': 7.290314021299075, 'min_child_samples_pct': 0.03510597308356123, 'min_child_weight': 26.206568413457376, 'min_split_gain': 0.002990556181700284, 'colsample_bytree': 0.6752425759626581}. Best is trial 28 with value: 0.6616660829590638.
[2026-05-22 11:13:19 UTC] LGBM HPO trial 34 fold 1/3 started: train_rows=6666, valid_rows=3334, depth=3.
[2026-05-22 11:13:19 UTC] LGBM HPO trial 34 fold 1/3 complete: partial_J=0.6557, elapsed=0.4s.
[2026-05-22 11:13:19 UTC] LGBM HPO trial 34 fold 2/3 started: train_rows=6667, valid_rows=3333, depth=3.
[2026-05-22 11:13:20 UTC] LGBM HPO trial 34 fold 2/3 complete: partial_J=0.6503, elapsed=0.4s.
[2026-05-22 11:13:20 UTC] LGBM HPO trial 34 fold 3/3 started: train_rows=6667, valid_rows=3333, depth=3.
[2026-05-22 11:13:20 UTC] LGBM HPO trial 34 fold 3/3 complete: partial_J=0.6463, elapsed=0.3s.
[2026-05-22 11:13:20 UTC] LGBM HPO trial 34 complete: J=0.6463, elapsed=1.2s.
[I 2026-05-22 13:13:20,664] Trial 34 finished with value: 0.6462792544002198 and parameters: {'max_depth': 3, 'subsample': 0.6658028596105751, 'reg_alpha': 2.176447055478016, 'reg_lambda': 7.041629643013945, 'min_child_samples_pct': 0.03609160124036929, 'min_child_weight': 31.050369165491233, 'min_split_gain': 0.0027217693287513883, 'colsample_bytree': 0.7323790141435194}. Best is trial 28 with value: 0.6616660829590638.
[2026-05-22 11:13:20 UTC] LGBM HPO trial 35 fold 1/3 started: train_rows=6666, valid_rows=3334, depth=4.
[2026-05-22 11:13:21 UTC] LGBM HPO trial 35 fold 1/3 complete: partial_J=0.6623, elapsed=0.7s.
[2026-05-22 11:13:21 UTC] LGBM HPO trial 35 fold 2/3 started: train_rows=6667, valid_rows=3333, depth=4.
[2026-05-22 11:13:21 UTC] LGBM HPO trial 35 fold 2/3 complete: partial_J=0.6533, elapsed=0.5s.
[2026-05-22 11:13:21 UTC] LGBM HPO trial 35 fold 3/3 started: train_rows=6667, valid_rows=3333, depth=4.
[2026-05-22 11:13:22 UTC] LGBM HPO trial 35 fold 3/3 complete: partial_J=0.6454, elapsed=0.6s.
[2026-05-22 11:13:22 UTC] LGBM HPO trial 35 complete: J=0.6454, elapsed=1.7s.
[I 2026-05-22 13:13:22,363] Trial 35 finished with value: 0.6453957230440264 and parameters: {'max_depth': 4, 'subsample': 0.6982258231775309, 'reg_alpha': 1.9140130795217987, 'reg_lambda': 9.114710891882378, 'min_child_samples_pct': 0.026112995995555797, 'min_child_weight': 26.72114412809486, 'min_split_gain': 0.0039217862645623295, 'colsample_bytree': 0.650472749862877}. Best is trial 28 with value: 0.6616660829590638.
[2026-05-22 11:13:22 UTC] LGBM HPO trial 36 fold 1/3 started: train_rows=6666, valid_rows=3334, depth=3.
[2026-05-22 11:13:22 UTC] LGBM HPO trial 36 fold 1/3 complete: partial_J=0.6656, elapsed=0.5s.
[2026-05-22 11:13:22 UTC] LGBM HPO trial 36 fold 2/3 started: train_rows=6667, valid_rows=3333, depth=3.
[2026-05-22 11:13:23 UTC] LGBM HPO trial 36 fold 2/3 complete: partial_J=0.6535, elapsed=0.4s.
[2026-05-22 11:13:23 UTC] LGBM HPO trial 36 fold 3/3 started: train_rows=6667, valid_rows=3333, depth=3.
[2026-05-22 11:13:23 UTC] LGBM HPO trial 36 fold 3/3 complete: partial_J=0.6577, elapsed=0.4s.
[2026-05-22 11:13:23 UTC] LGBM HPO trial 36 complete: J=0.6577, elapsed=1.3s.
[I 2026-05-22 13:13:23,678] Trial 36 finished with value: 0.6577196947242936 and parameters: {'max_depth': 3, 'subsample': 0.7194049075828165, 'reg_alpha': 4.5121821970582765, 'reg_lambda': 5.203988465949654, 'min_child_samples_pct': 0.03507371868153152, 'min_child_weight': 36.93738843860741, 'min_split_gain': 0.01634988029888685, 'colsample_bytree': 0.7057470149585274}. Best is trial 28 with value: 0.6616660829590638.
[2026-05-22 11:13:23 UTC] LGBM HPO trial 37 fold 1/3 started: train_rows=6666, valid_rows=3334, depth=3.
[2026-05-22 11:13:24 UTC] LGBM HPO trial 37 fold 1/3 complete: partial_J=0.6519, elapsed=0.6s.
[2026-05-22 11:13:24 UTC] LGBM HPO trial 37 fold 2/3 started: train_rows=6667, valid_rows=3333, depth=3.
[2026-05-22 11:13:24 UTC] LGBM HPO trial 37 fold 2/3 complete: partial_J=0.6498, elapsed=0.3s.
[2026-05-22 11:13:24 UTC] LGBM HPO trial 37 pruned at fold 2/3 (partial_J=0.6498).
[I 2026-05-22 13:13:24,573] Trial 37 pruned. 
[2026-05-22 11:13:24 UTC] LGBM HPO trial 38 fold 1/3 started: train_rows=6666, valid_rows=3334, depth=3.
[2026-05-22 11:13:24 UTC] LGBM HPO trial 38 fold 1/3 complete: partial_J=0.6569, elapsed=0.3s.
[2026-05-22 11:13:24 UTC] LGBM HPO trial 38 fold 2/3 started: train_rows=6667, valid_rows=3333, depth=3.
[2026-05-22 11:13:25 UTC] LGBM HPO trial 38 fold 2/3 complete: partial_J=0.6570, elapsed=0.2s.
[2026-05-22 11:13:25 UTC] LGBM HPO trial 38 fold 3/3 started: train_rows=6667, valid_rows=3333, depth=3.
[2026-05-22 11:13:25 UTC] LGBM HPO trial 38 fold 3/3 complete: partial_J=0.6538, elapsed=0.3s.
[2026-05-22 11:13:25 UTC] LGBM HPO trial 38 complete: J=0.6538, elapsed=0.9s.
[I 2026-05-22 13:13:25,456] Trial 38 finished with value: 0.6538198886056716 and parameters: {'max_depth': 3, 'subsample': 0.7394798817253946, 'reg_alpha': 3.752297493063983, 'reg_lambda': 4.372815944368009, 'min_child_samples_pct': 0.04296485094990698, 'min_child_weight': 33.48202087069779, 'min_split_gain': 0.018595771287920226, 'colsample_bytree': 0.7433134319965066}. Best is trial 28 with value: 0.6616660829590638.
[2026-05-22 11:13:25 UTC] LGBM HPO trial 39 fold 1/3 started: train_rows=6666, valid_rows=3334, depth=3.
[2026-05-22 11:13:25 UTC] LGBM HPO trial 39 fold 1/3 complete: partial_J=0.6711, elapsed=0.4s.
[2026-05-22 11:13:25 UTC] LGBM HPO trial 39 fold 2/3 started: train_rows=6667, valid_rows=3333, depth=3.
[2026-05-22 11:13:26 UTC] LGBM HPO trial 39 fold 2/3 complete: partial_J=0.6651, elapsed=0.3s.
[2026-05-22 11:13:26 UTC] LGBM HPO trial 39 fold 3/3 started: train_rows=6667, valid_rows=3333, depth=3.
[2026-05-22 11:13:26 UTC] LGBM HPO trial 39 fold 3/3 complete: partial_J=0.6578, elapsed=0.4s.
[2026-05-22 11:13:26 UTC] LGBM HPO trial 39 complete: J=0.6578, elapsed=1.1s.
[I 2026-05-22 13:13:26,524] Trial 39 finished with value: 0.6578342594653586 and parameters: {'max_depth': 3, 'subsample': 0.7139975797584289, 'reg_alpha': 2.67431564860132, 'reg_lambda': 5.621832051792796, 'min_child_samples_pct': 0.03543452150673588, 'min_child_weight': 38.2018566250175, 'min_split_gain': 0.007760307104787092, 'colsample_bytree': 0.7176458138125434}. Best is trial 28 with value: 0.6616660829590638.
[2026-05-22 11:13:26 UTC] LGBM HPO trial 40 fold 1/3 started: train_rows=6666, valid_rows=3334, depth=3.
[2026-05-22 11:13:26 UTC] LGBM HPO trial 40 fold 1/3 complete: partial_J=0.6669, elapsed=0.3s.
[2026-05-22 11:13:26 UTC] LGBM HPO trial 40 fold 2/3 started: train_rows=6667, valid_rows=3333, depth=3.
[2026-05-22 11:13:27 UTC] LGBM HPO trial 40 fold 2/3 complete: partial_J=0.6596, elapsed=0.3s.
[2026-05-22 11:13:27 UTC] LGBM HPO trial 40 fold 3/3 started: train_rows=6667, valid_rows=3333, depth=3.
[2026-05-22 11:13:27 UTC] LGBM HPO trial 40 fold 3/3 complete: partial_J=0.6541, elapsed=0.3s.
[2026-05-22 11:13:27 UTC] LGBM HPO trial 40 complete: J=0.6541, elapsed=0.9s.
[I 2026-05-22 13:13:27,444] Trial 40 finished with value: 0.6540802179031262 and parameters: {'max_depth': 3, 'subsample': 0.7170440604518417, 'reg_alpha': 2.4276883949590764, 'reg_lambda': 2.967841752661308, 'min_child_samples_pct': 0.03459675382097079, 'min_child_weight': 37.03284421246319, 'min_split_gain': 0.007360459660855441, 'colsample_bytree': 0.7198621534969133}. Best is trial 28 with value: 0.6616660829590638.
[2026-05-22 11:13:27 UTC] LGBM HPO trial 41 fold 1/3 started: train_rows=6666, valid_rows=3334, depth=3.
[2026-05-22 11:13:27 UTC] LGBM HPO trial 41 fold 1/3 complete: partial_J=0.6636, elapsed=0.3s.
[2026-05-22 11:13:27 UTC] LGBM HPO trial 41 fold 2/3 started: train_rows=6667, valid_rows=3333, depth=3.
[2026-05-22 11:13:28 UTC] LGBM HPO trial 41 fold 2/3 complete: partial_J=0.6533, elapsed=0.3s.
[2026-05-22 11:13:28 UTC] LGBM HPO trial 41 fold 3/3 started: train_rows=6667, valid_rows=3333, depth=3.
[2026-05-22 11:13:28 UTC] LGBM HPO trial 41 fold 3/3 complete: partial_J=0.6527, elapsed=0.3s.
[2026-05-22 11:13:28 UTC] LGBM HPO trial 41 complete: J=0.6527, elapsed=0.9s.
[I 2026-05-22 13:13:28,372] Trial 41 finished with value: 0.6527499565898749 and parameters: {'max_depth': 3, 'subsample': 0.7062982952352924, 'reg_alpha': 2.8614401030155907, 'reg_lambda': 6.000666051854087, 'min_child_samples_pct': 0.03531730424463204, 'min_child_weight': 27.87249897378713, 'min_split_gain': 0.01414015252580593, 'colsample_bytree': 0.7033791425755821}. Best is trial 28 with value: 0.6616660829590638.
[2026-05-22 11:13:28 UTC] LGBM HPO trial 42 fold 1/3 started: train_rows=6666, valid_rows=3334, depth=3.
[2026-05-22 11:13:28 UTC] LGBM HPO trial 42 fold 1/3 complete: partial_J=0.6549, elapsed=0.3s.
[2026-05-22 11:13:28 UTC] LGBM HPO trial 42 fold 2/3 started: train_rows=6667, valid_rows=3333, depth=3.
[2026-05-22 11:13:28 UTC] LGBM HPO trial 42 fold 2/3 complete: partial_J=0.6570, elapsed=0.3s.
[2026-05-22 11:13:28 UTC] LGBM HPO trial 42 fold 3/3 started: train_rows=6667, valid_rows=3333, depth=3.
[2026-05-22 11:13:29 UTC] LGBM HPO trial 42 fold 3/3 complete: partial_J=0.6510, elapsed=0.3s.
[2026-05-22 11:13:29 UTC] LGBM HPO trial 42 complete: J=0.6510, elapsed=0.9s.
