[I 2026-05-22 12:52:26,211] Trial 43 finished with value: 1.2048482234153197 and parameters: {'sl_mult': 0.9, 'adverse_exit_min_mae_sl_frac': 0.45, 'capital_protect_mfe_mult': 1.4000000000000001, 'capital_protect_regression_frac': 0.15000000000000002, 'adverse_exit_min_speed': 0.6, 'adverse_exit_theta_quantile': 0.7}. Best is trial 34 with value: 1.859868446618202.
[I 2026-05-22 12:52:26,266] Trial 44 finished with value: 1.6535158248239896 and parameters: {'sl_mult': 0.6, 'adverse_exit_min_mae_sl_frac': 0.65, 'capital_protect_mfe_mult': 2.8000000000000003, 'capital_protect_regression_frac': 0.1, 'adverse_exit_min_speed': 0.4, 'adverse_exit_theta_quantile': 0.9}. Best is trial 34 with value: 1.859868446618202.
[I 2026-05-22 12:52:26,324] Trial 45 finished with value: 1.2947772335726768 and parameters: {'sl_mult': 2.9000000000000004, 'adverse_exit_min_mae_sl_frac': 0.35000000000000003, 'capital_protect_mfe_mult': 1.9000000000000001, 'capital_protect_regression_frac': 0.0, 'adverse_exit_min_speed': 0.7000000000000001, 'adverse_exit_theta_quantile': 0.6}. Best is trial 34 with value: 1.859868446618202.
[I 2026-05-22 12:52:26,379] Trial 46 finished with value: 1.3621362583100562 and parameters: {'sl_mult': 0.8, 'adverse_exit_min_mae_sl_frac': 0.75, 'capital_protect_mfe_mult': 2.4000000000000004, 'capital_protect_regression_frac': 0.30000000000000004, 'adverse_exit_min_speed': 0.8, 'adverse_exit_theta_quantile': 0.95}. Best is trial 34 with value: 1.859868446618202.
[I 2026-05-22 12:52:26,434] Trial 47 finished with value: 1.7660967502364655 and parameters: {'sl_mult': 0.6, 'adverse_exit_min_mae_sl_frac': 0.45, 'capital_protect_mfe_mult': 0.8, 'capital_protect_regression_frac': 0.7000000000000001, 'adverse_exit_min_speed': 1.0, 'adverse_exit_theta_quantile': 0.55}. Best is trial 34 with value: 1.859868446618202.
[I 2026-05-22 12:52:26,487] Trial 48 finished with value: 1.5523331186268479 and parameters: {'sl_mult': 1.0, 'adverse_exit_min_mae_sl_frac': 0.5, 'capital_protect_mfe_mult': 0.0, 'capital_protect_regression_frac': 0.15000000000000002, 'adverse_exit_min_speed': 0.9, 'adverse_exit_theta_quantile': 0.75}. Best is trial 34 with value: 1.859868446618202.
[I 2026-05-22 12:52:26,544] Trial 49 finished with value: 1.0469052403204842 and parameters: {'sl_mult': 1.4, 'adverse_exit_min_mae_sl_frac': 0.25, 'capital_protect_mfe_mult': 1.2000000000000002, 'capital_protect_regression_frac': 0.0, 'adverse_exit_min_speed': 0.5, 'adverse_exit_theta_quantile': 0.9}. Best is trial 34 with value: 1.859868446618202.
[I 2026-05-22 12:52:26,599] Trial 50 finished with value: 1.6554284656042 and parameters: {'sl_mult': 0.6, 'adverse_exit_min_mae_sl_frac': 0.4, 'capital_protect_mfe_mult': 2.0, 'capital_protect_regression_frac': 0.45, 'adverse_exit_min_speed': 1.1, 'adverse_exit_theta_quantile': 0.65}. Best is trial 34 with value: 1.859868446618202.
[I 2026-05-22 12:52:26,653] Trial 51 finished with value: 1.7988841078913538 and parameters: {'sl_mult': 0.5, 'adverse_exit_min_mae_sl_frac': 0.4, 'capital_protect_mfe_mult': 2.3000000000000003, 'capital_protect_regression_frac': 0.05, 'adverse_exit_min_speed': 1.3000000000000003, 'adverse_exit_theta_quantile': 0.95}. Best is trial 34 with value: 1.859868446618202.
[I 2026-05-22 12:52:26,708] Trial 52 finished with value: 1.856859633611748 and parameters: {'sl_mult': 0.5, 'adverse_exit_min_mae_sl_frac': 0.35000000000000003, 'capital_protect_mfe_mult': 2.7, 'capital_protect_regression_frac': 0.05, 'adverse_exit_min_speed': 1.3000000000000003, 'adverse_exit_theta_quantile': 0.95}. Best is trial 34 with value: 1.859868446618202.
[I 2026-05-22 12:52:26,763] Trial 53 finished with value: 1.421486513185664 and parameters: {'sl_mult': 0.8, 'adverse_exit_min_mae_sl_frac': 0.30000000000000004, 'capital_protect_mfe_mult': 2.8000000000000003, 'capital_protect_regression_frac': 0.05, 'adverse_exit_min_speed': 1.1, 'adverse_exit_theta_quantile': 0.95}. Best is trial 34 with value: 1.859868446618202.
[I 2026-05-22 12:52:26,818] Trial 54 finished with value: 1.6485879482323071 and parameters: {'sl_mult': 0.6, 'adverse_exit_min_mae_sl_frac': 0.35000000000000003, 'capital_protect_mfe_mult': 2.7, 'capital_protect_regression_frac': 0.1, 'adverse_exit_min_speed': 1.3000000000000003, 'adverse_exit_theta_quantile': 0.9}. Best is trial 34 with value: 1.859868446618202.
[I 2026-05-22 12:52:26,873] Trial 55 finished with value: 1.266077476600185 and parameters: {'sl_mult': 1.0, 'adverse_exit_min_mae_sl_frac': 0.45, 'capital_protect_mfe_mult': 2.6, 'capital_protect_regression_frac': 0.15000000000000002, 'adverse_exit_min_speed': 1.3000000000000003, 'adverse_exit_theta_quantile': 0.95}. Best is trial 34 with value: 1.859868446618202.
[I 2026-05-22 12:52:26,928] Trial 56 finished with value: 1.8553577006066917 and parameters: {'sl_mult': 0.5, 'adverse_exit_min_mae_sl_frac': 0.35000000000000003, 'capital_protect_mfe_mult': 2.9000000000000004, 'capital_protect_regression_frac': 0.05, 'adverse_exit_min_speed': 0.6, 'adverse_exit_theta_quantile': 0.95}. Best is trial 34 with value: 1.859868446618202.
[I 2026-05-22 12:52:26,986] Trial 57 finished with value: 1.4052640569017967 and parameters: {'sl_mult': 0.8, 'adverse_exit_min_mae_sl_frac': 0.2, 'capital_protect_mfe_mult': 2.9000000000000004, 'capital_protect_regression_frac': 0.2, 'adverse_exit_min_speed': 1.2000000000000002, 'adverse_exit_theta_quantile': 0.9}. Best is trial 34 with value: 1.859868446618202.
[I 2026-05-22 12:52:27,048] Trial 58 finished with value: 1.672456789118587 and parameters: {'sl_mult': 0.6, 'adverse_exit_min_mae_sl_frac': 0.30000000000000004, 'capital_protect_mfe_mult': 2.7, 'capital_protect_regression_frac': 0.05, 'adverse_exit_min_speed': 1.4000000000000001, 'adverse_exit_theta_quantile': 0.95}. Best is trial 34 with value: 1.859868446618202.
[I 2026-05-22 12:52:27,115] Trial 59 finished with value: 1.8678900454717222 and parameters: {'sl_mult': 0.5, 'adverse_exit_min_mae_sl_frac': 0.35000000000000003, 'capital_protect_mfe_mult': 2.9000000000000004, 'capital_protect_regression_frac': 0.1, 'adverse_exit_min_speed': 0.6, 'adverse_exit_theta_quantile': 0.8500000000000001}. Best is trial 59 with value: 1.8678900454717222.
[I 2026-05-22 12:52:27,183] Trial 60 finished with value: 1.8604792337922844 and parameters: {'sl_mult': 0.5, 'adverse_exit_min_mae_sl_frac': 0.35000000000000003, 'capital_protect_mfe_mult': 2.9000000000000004, 'capital_protect_regression_frac': 0.30000000000000004, 'adverse_exit_min_speed': 0.6, 'adverse_exit_theta_quantile': 0.8500000000000001}. Best is trial 59 with value: 1.8678900454717222.
[I 2026-05-22 12:52:27,250] Trial 61 finished with value: 1.8604792337922844 and parameters: {'sl_mult': 0.5, 'adverse_exit_min_mae_sl_frac': 0.35000000000000003, 'capital_protect_mfe_mult': 2.9000000000000004, 'capital_protect_regression_frac': 0.30000000000000004, 'adverse_exit_min_speed': 0.6, 'adverse_exit_theta_quantile': 0.8500000000000001}. Best is trial 59 with value: 1.8678900454717222.
[I 2026-05-22 12:52:27,317] Trial 62 finished with value: 1.8550506984407549 and parameters: {'sl_mult': 0.5, 'adverse_exit_min_mae_sl_frac': 0.25, 'capital_protect_mfe_mult': 2.9000000000000004, 'capital_protect_regression_frac': 0.35000000000000003, 'adverse_exit_min_speed': 0.6, 'adverse_exit_theta_quantile': 0.8}. Best is trial 59 with value: 1.8678900454717222.
[I 2026-05-22 12:52:27,376] Trial 63 finished with value: 1.3659038700425299 and parameters: {'sl_mult': 0.9, 'adverse_exit_min_mae_sl_frac': 0.25, 'capital_protect_mfe_mult': 2.9000000000000004, 'capital_protect_regression_frac': 0.35000000000000003, 'adverse_exit_min_speed': 0.6, 'adverse_exit_theta_quantile': 0.8}. Best is trial 59 with value: 1.8678900454717222.
[I 2026-05-22 12:52:27,435] Trial 64 finished with value: 1.6733534338040044 and parameters: {'sl_mult': 0.6, 'adverse_exit_min_mae_sl_frac': 0.30000000000000004, 'capital_protect_mfe_mult': 2.9000000000000004, 'capital_protect_regression_frac': 0.4, 'adverse_exit_min_speed': 0.4, 'adverse_exit_theta_quantile': 0.8500000000000001}. Best is trial 59 with value: 1.8678900454717222.
[I 2026-05-22 12:52:27,500] Trial 65 finished with value: 1.4751577440940309 and parameters: {'sl_mult': 3.5, 'adverse_exit_min_mae_sl_frac': 0.25, 'capital_protect_mfe_mult': 3.0, 'capital_protect_regression_frac': 0.30000000000000004, 'adverse_exit_min_speed': 0.5, 'adverse_exit_theta_quantile': 0.8500000000000001}. Best is trial 59 with value: 1.8678900454717222.
[I 2026-05-22 12:52:27,560] Trial 66 finished with value: 1.1459199138218537 and parameters: {'sl_mult': 2.4000000000000004, 'adverse_exit_min_mae_sl_frac': 0.35000000000000003, 'capital_protect_mfe_mult': 2.8000000000000003, 'capital_protect_regression_frac': 0.5, 'adverse_exit_min_speed': 0.6, 'adverse_exit_theta_quantile': 0.8}. Best is trial 59 with value: 1.8678900454717222.
[I 2026-05-22 12:52:27,615] Trial 67 finished with value: 1.857204827509122 and parameters: {'sl_mult': 0.5, 'adverse_exit_min_mae_sl_frac': 0.2, 'capital_protect_mfe_mult': 2.6, 'capital_protect_regression_frac': 0.4, 'adverse_exit_min_speed': 0.2, 'adverse_exit_theta_quantile': 0.8500000000000001}. Best is trial 59 with value: 1.8678900454717222.
[I 2026-05-22 12:52:27,773] Trial 68 finished with value: 1.4923572172003332 and parameters: {'sl_mult': 0.7, 'adverse_exit_min_mae_sl_frac': 0.2, 'capital_protect_mfe_mult': 2.6, 'capital_protect_regression_frac': 0.4, 'adverse_exit_min_speed': 0.2, 'adverse_exit_theta_quantile': 0.8500000000000001}. Best is trial 59 with value: 1.8678900454717222.
[I 2026-05-22 12:52:27,832] Trial 69 finished with value: 1.0997053645405686 and parameters: {'sl_mult': 1.9000000000000001, 'adverse_exit_min_mae_sl_frac': 0.35000000000000003, 'capital_protect_mfe_mult': 2.7, 'capital_protect_regression_frac': 0.25, 'adverse_exit_min_speed': 0.30000000000000004, 'adverse_exit_theta_quantile': 0.8500000000000001}. Best is trial 59 with value: 1.8678900454717222.
[I 2026-05-22 12:52:27,888] Trial 70 finished with value: 1.3449399830627953 and parameters: {'sl_mult': 0.9, 'adverse_exit_min_mae_sl_frac': 0.30000000000000004, 'capital_protect_mfe_mult': 3.0, 'capital_protect_regression_frac': 0.30000000000000004, 'adverse_exit_min_speed': 0.2, 'adverse_exit_theta_quantile': 0.8}. Best is trial 59 with value: 1.8678900454717222.
[I 2026-05-22 12:52:27,943] Trial 71 finished with value: 1.9001655627798755 and parameters: {'sl_mult': 0.5, 'adverse_exit_min_mae_sl_frac': 0.2, 'capital_protect_mfe_mult': 2.8000000000000003, 'capital_protect_regression_frac': 0.5, 'adverse_exit_min_speed': 0.5, 'adverse_exit_theta_quantile': 0.8}. Best is trial 71 with value: 1.9001655627798755.
[I 2026-05-22 12:52:27,999] Trial 72 finished with value: 1.717508750394336 and parameters: {'sl_mult': 0.6, 'adverse_exit_min_mae_sl_frac': 0.2, 'capital_protect_mfe_mult': 2.6, 'capital_protect_regression_frac': 0.5, 'adverse_exit_min_speed': 0.4, 'adverse_exit_theta_quantile': 0.8500000000000001}. Best is trial 71 with value: 1.9001655627798755.
[I 2026-05-22 12:52:28,054] Trial 73 finished with value: 1.872344937111484 and parameters: {'sl_mult': 0.5, 'adverse_exit_min_mae_sl_frac': 0.25, 'capital_protect_mfe_mult': 2.8000000000000003, 'capital_protect_regression_frac': 0.45, 'adverse_exit_min_speed': 0.2, 'adverse_exit_theta_quantile': 0.8500000000000001}. Best is trial 71 with value: 1.9001655627798755.
[I 2026-05-22 12:52:28,111] Trial 74 finished with value: 1.4606478743400657 and parameters: {'sl_mult': 0.8, 'adverse_exit_min_mae_sl_frac': 0.2, 'capital_protect_mfe_mult': 2.4000000000000004, 'capital_protect_regression_frac': 0.5, 'adverse_exit_min_speed': 0.2, 'adverse_exit_theta_quantile': 0.8500000000000001}. Best is trial 71 with value: 1.9001655627798755.
[I 2026-05-22 12:52:28,167] Trial 75 finished with value: 1.5392472907260526 and parameters: {'sl_mult': 0.7, 'adverse_exit_min_mae_sl_frac': 0.25, 'capital_protect_mfe_mult': 2.8000000000000003, 'capital_protect_regression_frac': 0.6000000000000001, 'adverse_exit_min_speed': 0.1, 'adverse_exit_theta_quantile': 0.8}. Best is trial 71 with value: 1.9001655627798755.
[I 2026-05-22 12:52:28,223] Trial 76 finished with value: 1.8784844989713747 and parameters: {'sl_mult': 0.5, 'adverse_exit_min_mae_sl_frac': 0.25, 'capital_protect_mfe_mult': 2.5, 'capital_protect_regression_frac': 0.45, 'adverse_exit_min_speed': 0.2, 'adverse_exit_theta_quantile': 0.8500000000000001}. Best is trial 71 with value: 1.9001655627798755.
[I 2026-05-22 12:52:28,280] Trial 77 finished with value: 1.6844072868087097 and parameters: {'sl_mult': 0.6, 'adverse_exit_min_mae_sl_frac': 0.25, 'capital_protect_mfe_mult': 2.5, 'capital_protect_regression_frac': 0.45, 'adverse_exit_min_speed': 0.2, 'adverse_exit_theta_quantile': 0.8500000000000001}. Best is trial 71 with value: 1.9001655627798755.
[I 2026-05-22 12:52:28,337] Trial 78 finished with value: 1.2361582054116298 and parameters: {'sl_mult': 1.0, 'adverse_exit_min_mae_sl_frac': 0.25, 'capital_protect_mfe_mult': 3.0, 'capital_protect_regression_frac': 0.4, 'adverse_exit_min_speed': 0.1, 'adverse_exit_theta_quantile': 0.8500000000000001}. Best is trial 71 with value: 1.9001655627798755.
[I 2026-05-22 12:52:28,393] Trial 79 finished with value: 1.4941083320096369 and parameters: {'sl_mult': 0.8, 'adverse_exit_min_mae_sl_frac': 0.2, 'capital_protect_mfe_mult': 2.8000000000000003, 'capital_protect_regression_frac': 0.55, 'adverse_exit_min_speed': 0.30000000000000004, 'adverse_exit_theta_quantile': 0.75}. Best is trial 71 with value: 1.9001655627798755.
[I 2026-05-22 12:52:28,451] Trial 80 finished with value: 1.2019843737245537 and parameters: {'sl_mult': 1.2000000000000002, 'adverse_exit_min_mae_sl_frac': 0.2, 'capital_protect_mfe_mult': 2.6, 'capital_protect_regression_frac': 0.45, 'adverse_exit_min_speed': 0.1, 'adverse_exit_theta_quantile': 0.8}. Best is trial 71 with value: 1.9001655627798755.
[I 2026-05-22 12:52:28,507] Trial 81 finished with value: 1.9153701504168565 and parameters: {'sl_mult': 0.5, 'adverse_exit_min_mae_sl_frac': 0.30000000000000004, 'capital_protect_mfe_mult': 2.7, 'capital_protect_regression_frac': 0.55, 'adverse_exit_min_speed': 0.2, 'adverse_exit_theta_quantile': 0.9}. Best is trial 81 with value: 1.9153701504168565.
[I 2026-05-22 12:52:28,563] Trial 82 finished with value: 1.9481504205090459 and parameters: {'sl_mult': 0.5, 'adverse_exit_min_mae_sl_frac': 0.30000000000000004, 'capital_protect_mfe_mult': 2.5, 'capital_protect_regression_frac': 0.65, 'adverse_exit_min_speed': 0.2, 'adverse_exit_theta_quantile': 0.9}. Best is trial 82 with value: 1.9481504205090459.
[I 2026-05-22 12:52:28,620] Trial 83 finished with value: 1.5713906131044495 and parameters: {'sl_mult': 0.7, 'adverse_exit_min_mae_sl_frac': 0.30000000000000004, 'capital_protect_mfe_mult': 2.5, 'capital_protect_regression_frac': 0.6000000000000001, 'adverse_exit_min_speed': 0.4, 'adverse_exit_theta_quantile': 0.9}. Best is trial 82 with value: 1.9481504205090459.
[I 2026-05-22 12:52:28,676] Trial 84 finished with value: 1.7247996692633023 and parameters: {'sl_mult': 0.6, 'adverse_exit_min_mae_sl_frac': 0.30000000000000004, 'capital_protect_mfe_mult': 2.8000000000000003, 'capital_protect_regression_frac': 0.55, 'adverse_exit_min_speed': 0.30000000000000004, 'adverse_exit_theta_quantile': 0.9}. Best is trial 82 with value: 1.9481504205090459.
[I 2026-05-22 12:52:28,732] Trial 85 finished with value: 1.951130340754753 and parameters: {'sl_mult': 0.5, 'adverse_exit_min_mae_sl_frac': 0.25, 'capital_protect_mfe_mult': 2.4000000000000004, 'capital_protect_regression_frac': 0.7000000000000001, 'adverse_exit_min_speed': 0.2, 'adverse_exit_theta_quantile': 0.9}. Best is trial 85 with value: 1.951130340754753.
[I 2026-05-22 12:52:28,788] Trial 86 finished with value: 1.9403573777002747 and parameters: {'sl_mult': 0.5, 'adverse_exit_min_mae_sl_frac': 0.25, 'capital_protect_mfe_mult': 2.3000000000000003, 'capital_protect_regression_frac': 0.7000000000000001, 'adverse_exit_min_speed': 0.30000000000000004, 'adverse_exit_theta_quantile': 0.8500000000000001}. Best is trial 85 with value: 1.951130340754753.
[I 2026-05-22 12:52:28,845] Trial 87 finished with value: 1.5660325582663064 and parameters: {'sl_mult': 0.7, 'adverse_exit_min_mae_sl_frac': 0.25, 'capital_protect_mfe_mult': 2.4000000000000004, 'capital_protect_regression_frac': 0.7000000000000001, 'adverse_exit_min_speed': 0.2, 'adverse_exit_theta_quantile': 0.9}. Best is trial 85 with value: 1.951130340754753.
[I 2026-05-22 12:52:28,902] Trial 88 finished with value: 1.7290888439369154 and parameters: {'sl_mult': 0.6, 'adverse_exit_min_mae_sl_frac': 0.25, 'capital_protect_mfe_mult': 2.3000000000000003, 'capital_protect_regression_frac': 0.7000000000000001, 'adverse_exit_min_speed': 0.1, 'adverse_exit_theta_quantile': 0.9}. Best is trial 85 with value: 1.951130340754753.
[I 2026-05-22 12:52:28,958] Trial 89 finished with value: 1.5074468517414061 and parameters: {'sl_mult': 0.8, 'adverse_exit_min_mae_sl_frac': 0.30000000000000004, 'capital_protect_mfe_mult': 2.5, 'capital_protect_regression_frac': 0.65, 'adverse_exit_min_speed': 0.30000000000000004, 'adverse_exit_theta_quantile': 0.8500000000000001}. Best is trial 85 with value: 1.951130340754753.
[I 2026-05-22 12:52:29,016] Trial 90 finished with value: 1.5206596268952126 and parameters: {'sl_mult': 0.9, 'adverse_exit_min_mae_sl_frac': 0.25, 'capital_protect_mfe_mult': 2.1, 'capital_protect_regression_frac': 0.75, 'adverse_exit_min_speed': 0.2, 'adverse_exit_theta_quantile': 0.8500000000000001}. Best is trial 85 with value: 1.951130340754753.
[I 2026-05-22 12:52:29,072] Trial 91 finished with value: 1.968388413026696 and parameters: {'sl_mult': 0.5, 'adverse_exit_min_mae_sl_frac': 0.30000000000000004, 'capital_protect_mfe_mult': 2.7, 'capital_protect_regression_frac': 0.75, 'adverse_exit_min_speed': 0.7000000000000001, 'adverse_exit_theta_quantile': 0.8500000000000001}. Best is trial 91 with value: 1.968388413026696.
[I 2026-05-22 12:52:29,128] Trial 92 finished with value: 1.7406849471939494 and parameters: {'sl_mult': 0.6, 'adverse_exit_min_mae_sl_frac': 0.30000000000000004, 'capital_protect_mfe_mult': 2.7, 'capital_protect_regression_frac': 0.8, 'adverse_exit_min_speed': 0.7000000000000001, 'adverse_exit_theta_quantile': 0.8}. Best is trial 91 with value: 1.968388413026696.
[I 2026-05-22 12:52:29,184] Trial 93 finished with value: 1.9361347574216778 and parameters: {'sl_mult': 0.5, 'adverse_exit_min_mae_sl_frac': 0.30000000000000004, 'capital_protect_mfe_mult': 2.3000000000000003, 'capital_protect_regression_frac': 0.65, 'adverse_exit_min_speed': 0.30000000000000004, 'adverse_exit_theta_quantile': 0.9}. Best is trial 91 with value: 1.968388413026696.
[I 2026-05-22 12:52:29,241] Trial 94 finished with value: 1.5743884547904599 and parameters: {'sl_mult': 0.7, 'adverse_exit_min_mae_sl_frac': 0.25, 'capital_protect_mfe_mult': 2.4000000000000004, 'capital_protect_regression_frac': 0.65, 'adverse_exit_min_speed': 0.30000000000000004, 'adverse_exit_theta_quantile': 0.9}. Best is trial 91 with value: 1.968388413026696.
[I 2026-05-22 12:52:29,401] Trial 95 finished with value: 1.36081307506538 and parameters: {'sl_mult': 1.6, 'adverse_exit_min_mae_sl_frac': 0.30000000000000004, 'capital_protect_mfe_mult': 2.3000000000000003, 'capital_protect_regression_frac': 0.75, 'adverse_exit_min_speed': 0.4, 'adverse_exit_theta_quantile': 0.9}. Best is trial 91 with value: 1.968388413026696.
[I 2026-05-22 12:52:29,458] Trial 96 finished with value: 1.9481504205090459 and parameters: {'sl_mult': 0.5, 'adverse_exit_min_mae_sl_frac': 0.25, 'capital_protect_mfe_mult': 2.5, 'capital_protect_regression_frac': 0.65, 'adverse_exit_min_speed': 0.2, 'adverse_exit_theta_quantile': 0.9}. Best is trial 91 with value: 1.968388413026696.
[I 2026-05-22 12:52:29,514] Trial 97 finished with value: 1.7228769121778895 and parameters: {'sl_mult': 0.6, 'adverse_exit_min_mae_sl_frac': 0.25, 'capital_protect_mfe_mult': 2.2, 'capital_protect_regression_frac': 0.65, 'adverse_exit_min_speed': 0.2, 'adverse_exit_theta_quantile': 0.9}. Best is trial 91 with value: 1.968388413026696.
[I 2026-05-22 12:52:29,571] Trial 98 finished with value: 1.9275440889818127 and parameters: {'sl_mult': 0.5, 'adverse_exit_min_mae_sl_frac': 0.2, 'capital_protect_mfe_mult': 2.4000000000000004, 'capital_protect_regression_frac': 0.8, 'adverse_exit_min_speed': 0.30000000000000004, 'adverse_exit_theta_quantile': 0.9}. Best is trial 91 with value: 1.968388413026696.
[I 2026-05-22 12:52:29,631] Trial 99 finished with value: 1.5978213815251365 and parameters: {'sl_mult': 2.8000000000000003, 'adverse_exit_min_mae_sl_frac': 0.2, 'capital_protect_mfe_mult': 2.4000000000000004, 'capital_protect_regression_frac': 0.8500000000000001, 'adverse_exit_min_speed': 0.30000000000000004, 'adverse_exit_theta_quantile': 0.9}. Best is trial 91 with value: 1.968388413026696.
[I 2026-05-22 12:52:29,688] Trial 100 finished with value: 1.5192279842391145 and parameters: {'sl_mult': 0.7, 'adverse_exit_min_mae_sl_frac': 0.2, 'capital_protect_mfe_mult': 2.2, 'capital_protect_regression_frac': 0.75, 'adverse_exit_min_speed': 0.1, 'adverse_exit_theta_quantile': 0.9}. Best is trial 91 with value: 1.968388413026696.
[I 2026-05-22 12:52:29,745] Trial 101 finished with value: 1.947004072315758 and parameters: {'sl_mult': 0.5, 'adverse_exit_min_mae_sl_frac': 0.2, 'capital_protect_mfe_mult': 2.5, 'capital_protect_regression_frac': 0.8, 'adverse_exit_min_speed': 0.2, 'adverse_exit_theta_quantile': 0.9}. Best is trial 91 with value: 1.968388413026696.
[I 2026-05-22 12:52:29,802] Trial 102 finished with value: 1.9406284018827136 and parameters: {'sl_mult': 0.5, 'adverse_exit_min_mae_sl_frac': 0.2, 'capital_protect_mfe_mult': 2.5, 'capital_protect_regression_frac': 0.8, 'adverse_exit_min_speed': 0.30000000000000004, 'adverse_exit_theta_quantile': 0.9}. Best is trial 91 with value: 1.968388413026696.
