[I 2026-05-22 12:52:33,816] Trial 165 finished with value: 1.9407615272415568 and parameters: {'sl_mult': 0.6, 'adverse_exit_min_mae_sl_frac': 0.2, 'capital_protect_mfe_mult': 1.0, 'capital_protect_regression_frac': 1.0, 'adverse_exit_min_speed': 0.6, 'adverse_exit_theta_quantile': 0.95}. Best is trial 131 with value: 2.1503204283711965.
[I 2026-05-22 12:52:33,877] Trial 166 finished with value: 2.1503204283711965 and parameters: {'sl_mult': 0.5, 'adverse_exit_min_mae_sl_frac': 0.2, 'capital_protect_mfe_mult': 1.3, 'capital_protect_regression_frac': 1.0, 'adverse_exit_min_speed': 0.5, 'adverse_exit_theta_quantile': 0.95}. Best is trial 131 with value: 2.1503204283711965.
[I 2026-05-22 12:52:33,939] Trial 167 finished with value: 1.7946973330166656 and parameters: {'sl_mult': 0.7, 'adverse_exit_min_mae_sl_frac': 0.2, 'capital_protect_mfe_mult': 1.1, 'capital_protect_regression_frac': 1.0, 'adverse_exit_min_speed': 0.5, 'adverse_exit_theta_quantile': 0.95}. Best is trial 131 with value: 2.1503204283711965.
[I 2026-05-22 12:52:34,000] Trial 168 finished with value: 1.9407615272415568 and parameters: {'sl_mult': 0.6, 'adverse_exit_min_mae_sl_frac': 0.2, 'capital_protect_mfe_mult': 1.2000000000000002, 'capital_protect_regression_frac': 1.0, 'adverse_exit_min_speed': 0.5, 'adverse_exit_theta_quantile': 0.95}. Best is trial 131 with value: 2.1503204283711965.
[I 2026-05-22 12:52:34,061] Trial 169 finished with value: 2.1503204283711965 and parameters: {'sl_mult': 0.5, 'adverse_exit_min_mae_sl_frac': 0.25, 'capital_protect_mfe_mult': 1.4000000000000001, 'capital_protect_regression_frac': 1.0, 'adverse_exit_min_speed': 0.5, 'adverse_exit_theta_quantile': 0.95}. Best is trial 131 with value: 2.1503204283711965.
[I 2026-05-22 12:52:34,124] Trial 170 finished with value: 1.7946973330166656 and parameters: {'sl_mult': 0.7, 'adverse_exit_min_mae_sl_frac': 0.25, 'capital_protect_mfe_mult': 1.3, 'capital_protect_regression_frac': 1.0, 'adverse_exit_min_speed': 0.6, 'adverse_exit_theta_quantile': 0.95}. Best is trial 131 with value: 2.1503204283711965.
[I 2026-05-22 12:52:34,185] Trial 171 finished with value: 2.1503204283711965 and parameters: {'sl_mult': 0.5, 'adverse_exit_min_mae_sl_frac': 0.2, 'capital_protect_mfe_mult': 1.4000000000000001, 'capital_protect_regression_frac': 1.0, 'adverse_exit_min_speed': 0.5, 'adverse_exit_theta_quantile': 0.95}. Best is trial 131 with value: 2.1503204283711965.
[I 2026-05-22 12:52:34,247] Trial 172 finished with value: 2.1503204283711965 and parameters: {'sl_mult': 0.5, 'adverse_exit_min_mae_sl_frac': 0.2, 'capital_protect_mfe_mult': 1.4000000000000001, 'capital_protect_regression_frac': 1.0, 'adverse_exit_min_speed': 0.5, 'adverse_exit_theta_quantile': 0.95}. Best is trial 131 with value: 2.1503204283711965.
[I 2026-05-22 12:52:34,308] Trial 173 finished with value: 2.1503204283711965 and parameters: {'sl_mult': 0.5, 'adverse_exit_min_mae_sl_frac': 0.2, 'capital_protect_mfe_mult': 1.4000000000000001, 'capital_protect_regression_frac': 1.0, 'adverse_exit_min_speed': 0.5, 'adverse_exit_theta_quantile': 0.95}. Best is trial 131 with value: 2.1503204283711965.
[I 2026-05-22 12:52:34,369] Trial 174 finished with value: 1.9407615272415568 and parameters: {'sl_mult': 0.6, 'adverse_exit_min_mae_sl_frac': 0.2, 'capital_protect_mfe_mult': 1.4000000000000001, 'capital_protect_regression_frac': 1.0, 'adverse_exit_min_speed': 0.5, 'adverse_exit_theta_quantile': 0.95}. Best is trial 131 with value: 2.1503204283711965.
[I 2026-05-22 12:52:34,431] Trial 175 finished with value: 1.9407615272415568 and parameters: {'sl_mult': 0.6, 'adverse_exit_min_mae_sl_frac': 0.25, 'capital_protect_mfe_mult': 1.3, 'capital_protect_regression_frac': 1.0, 'adverse_exit_min_speed': 0.6, 'adverse_exit_theta_quantile': 0.95}. Best is trial 131 with value: 2.1503204283711965.
[I 2026-05-22 12:52:34,603] Trial 176 finished with value: 2.1503204283711965 and parameters: {'sl_mult': 0.5, 'adverse_exit_min_mae_sl_frac': 0.2, 'capital_protect_mfe_mult': 1.4000000000000001, 'capital_protect_regression_frac': 1.0, 'adverse_exit_min_speed': 0.5, 'adverse_exit_theta_quantile': 0.95}. Best is trial 131 with value: 2.1503204283711965.
[I 2026-05-22 12:52:34,665] Trial 177 finished with value: 1.9407615272415568 and parameters: {'sl_mult': 0.6, 'adverse_exit_min_mae_sl_frac': 0.2, 'capital_protect_mfe_mult': 1.4000000000000001, 'capital_protect_regression_frac': 1.0, 'adverse_exit_min_speed': 0.5, 'adverse_exit_theta_quantile': 0.95}. Best is trial 131 with value: 2.1503204283711965.
[I 2026-05-22 12:52:34,726] Trial 178 finished with value: 2.1503204283711965 and parameters: {'sl_mult': 0.5, 'adverse_exit_min_mae_sl_frac': 0.2, 'capital_protect_mfe_mult': 1.3, 'capital_protect_regression_frac': 1.0, 'adverse_exit_min_speed': 0.5, 'adverse_exit_theta_quantile': 0.95}. Best is trial 131 with value: 2.1503204283711965.
[I 2026-05-22 12:52:34,791] Trial 179 finished with value: 1.4953675938653759 and parameters: {'sl_mult': 1.9000000000000001, 'adverse_exit_min_mae_sl_frac': 0.25, 'capital_protect_mfe_mult': 1.1, 'capital_protect_regression_frac': 1.0, 'adverse_exit_min_speed': 0.5, 'adverse_exit_theta_quantile': 0.95}. Best is trial 131 with value: 2.1503204283711965.
[I 2026-05-22 12:52:34,852] Trial 180 finished with value: 2.1503204283711965 and parameters: {'sl_mult': 0.5, 'adverse_exit_min_mae_sl_frac': 0.2, 'capital_protect_mfe_mult': 1.4000000000000001, 'capital_protect_regression_frac': 1.0, 'adverse_exit_min_speed': 0.5, 'adverse_exit_theta_quantile': 0.95}. Best is trial 131 with value: 2.1503204283711965.
