[I 2026-05-22 12:10:27,009] Trial 76 finished with value: 0.5736563670418968 and parameters: {'max_depth': 3, 'subsample': 0.7302372549309866, 'reg_alpha': 0.1321511820196001, 'reg_lambda': 9.808158907401182, 'min_child_samples_pct': 0.04524764367680912, 'min_child_weight': 51.90612120577285, 'min_split_gain': 0.0033572538152517517, 'colsample_bytree': 0.7097796154103627}. Best is trial 75 with value: 0.594177163016645.
[2026-05-22 10:10:27 UTC] LGBM HPO trial 77 fold 1/3 started: train_rows=6666, valid_rows=3334, depth=3.
[2026-05-22 10:10:27 UTC] LGBM HPO trial 77 fold 1/3 complete: partial_J=0.5948, elapsed=0.2s.
[2026-05-22 10:10:27 UTC] LGBM HPO trial 77 fold 2/3 started: train_rows=6667, valid_rows=3333, depth=3.
[2026-05-22 10:10:28 UTC] LGBM HPO trial 77 fold 2/3 complete: partial_J=0.5811, elapsed=0.8s.
[2026-05-22 10:10:28 UTC] LGBM HPO trial 77 fold 3/3 started: train_rows=6667, valid_rows=3333, depth=3.
[2026-05-22 10:10:28 UTC] LGBM HPO trial 77 fold 3/3 complete: partial_J=0.5746, elapsed=0.7s.
[2026-05-22 10:10:28 UTC] LGBM HPO trial 77 complete: J=0.5746, raw_J=0.5908, elapsed=1.8s.
[I 2026-05-22 12:10:28,786] Trial 77 finished with value: 0.5745617236189465 and parameters: {'max_depth': 3, 'subsample': 0.7021090596500511, 'reg_alpha': 0.11116682847514697, 'reg_lambda': 2.6951940900187132, 'min_child_samples_pct': 0.04645353056964239, 'min_child_weight': 61.65861701943384, 'min_split_gain': 0.00262444086558837, 'colsample_bytree': 0.7196220995742275}. Best is trial 75 with value: 0.594177163016645.
[2026-05-22 10:10:28 UTC] LGBM HPO trial 78 fold 1/3 started: train_rows=6666, valid_rows=3334, depth=3.
[2026-05-22 10:10:29 UTC] LGBM HPO trial 78 fold 1/3 complete: partial_J=0.6073, elapsed=0.2s.
[2026-05-22 10:10:29 UTC] LGBM HPO trial 78 fold 2/3 started: train_rows=6667, valid_rows=3333, depth=3.
[2026-05-22 10:10:29 UTC] LGBM HPO trial 78 fold 2/3 complete: partial_J=0.5845, elapsed=0.7s.
[2026-05-22 10:10:29 UTC] LGBM HPO trial 78 fold 3/3 started: train_rows=6667, valid_rows=3333, depth=3.
[2026-05-22 10:10:30 UTC] LGBM HPO trial 78 fold 3/3 complete: partial_J=0.5848, elapsed=0.5s.
[2026-05-22 10:10:30 UTC] LGBM HPO trial 78 complete: J=0.5848, raw_J=0.5997, elapsed=1.4s.
[I 2026-05-22 12:10:30,169] Trial 78 finished with value: 0.5847846506343501 and parameters: {'max_depth': 3, 'subsample': 0.7440874785695222, 'reg_alpha': 0.16285377373339047, 'reg_lambda': 9.034102950772333, 'min_child_samples_pct': 0.04149140260744571, 'min_child_weight': 59.729702254312095, 'min_split_gain': 0.003812874687181351, 'colsample_bytree': 0.713104262569663}. Best is trial 75 with value: 0.594177163016645.
[2026-05-22 10:10:30 UTC] LGBM HPO trial 79 fold 1/3 started: train_rows=6666, valid_rows=3334, depth=3.
[2026-05-22 10:10:30 UTC] LGBM HPO trial 79 fold 1/3 complete: partial_J=0.6060, elapsed=0.2s.
[2026-05-22 10:10:30 UTC] LGBM HPO trial 79 fold 2/3 started: train_rows=6667, valid_rows=3333, depth=3.
[2026-05-22 10:10:30 UTC] LGBM HPO trial 79 fold 2/3 complete: partial_J=0.5892, elapsed=0.5s.
[2026-05-22 10:10:30 UTC] LGBM HPO trial 79 fold 3/3 started: train_rows=6667, valid_rows=3333, depth=3.
[2026-05-22 10:10:31 UTC] LGBM HPO trial 79 fold 3/3 complete: partial_J=0.5922, elapsed=0.4s.
[2026-05-22 10:10:31 UTC] LGBM HPO trial 79 complete: J=0.5922, raw_J=0.6038, elapsed=1.2s.
