[I 2026-05-22 12:53:28,063] Trial 25 finished with value: 0.0 and parameters: {'alpha': 0.020196205609913018, 'l1_ratio': 0.330526370463735}. Best is trial 0 with value: 0.0.
2026-05-22 12:53:30,311 - __main__ - INFO - ℹ️ [short_loc_ema_stack_pos_24_0_43357179_compression_ratio_-0_33411601_mkt_ret_eq_24h_1_1280091_mkt_ret_eq_24h_-0_81129736_up_down_semivol_ratio_tanh_-0_39156261] Regime adaptor trained from simple_policy_optimiser: selected=3232/271874 mean_policy_net_utility=0.001696 inference_enabled=False artifact=/Users/remyroche/Documents/Ares/data_perp_policy_rollout_feature_selector_experiment_v3/rollout_off_new_perp/artifacts/20260522_101002/ridge_sizer/regime_adaptors/short_loc_ema_stack_pos_24_0_43357179_compression_ratio_-0_33411601_mkt_ret_eq_24h_1_1280091_mkt_ret_eq_24h_-0_81129736_up_down_semivol_ratio_tanh_-0_39156261/regime_adaptor.json
[2026-05-22 10:53:30 UTC] [asset_weights] policy=short_loc_ema_stack_pos_24_0_43357179_compression_ratio_-0_33411601_mkt_ret_eq_24h_1_1280091_mkt_ret_eq_24h_-0_81129736_up_down_semivol_ratio_tanh_-0_39156261 assets=207 pnl_q25=-0.000875291 pnl_scale=0.00328415 sortino_q25=-0.3149 sortino_scale=27.3897
[2026-05-22 10:53:30 UTC] [asset_weights] policy=short_loc_ema_stack_pos_24_0_43357179_compression_ratio_-0_33411601_mkt_ret_eq_24h_1_1280091_mkt_ret_eq_24h_-0_81129736_up_down_semivol_ratio_tanh_-0_39156261 total_assets=207 total_trades=3232 total_candidates=248770 mean_weight=0.999
[2026-05-22 10:53:30 UTC] [asset_weights] policy=short_loc_ema_stack_pos_24_0_43357179_compression_ratio_-0_33411601_mkt_ret_eq_24h_1_1280091_mkt_ret_eq_24h_-0_81129736_up_down_semivol_ratio_tanh_-0_39156261 group=keep assets=207 share=100.0% trades=3232 candidates=248770 mean_weight=0.999 weight_range=[0.994,1.000] mean_pnl=0.00159373 median_pnl=0.00115024 mean_shrunk_pnl=0.00174307 mean_dd=-0.00943106 median_dd=-0.00769738 mean_sortino=8.733 mean_penalty=0.001 mean_reliability=0.331
[2026-05-22 10:53:30 UTC] [asset_weights] policy=short_loc_ema_stack_pos_24_0_43357179_compression_ratio_-0_33411601_mkt_ret_eq_24h_1_1280091_mkt_ret_eq_24h_-0_81129736_up_down_semivol_ratio_tanh_-0_39156261 group=keep sample_asset=symbol=NEAR/USD:USD asset_weight_multiplier=0.9937467473442272 mean_net_gain=-0.0019413233967497945 shrunk_pnl=0.0012939350526843356 sortino=-0.9999998770282221 linear_penalty=0.0062532526557727616 blacklist_score=0.0 combined_reliability=0.08480563069085122 n_trades=2 n_candidates=115
[2026-05-22 10:53:30 UTC] [asset_weights] policy=short_loc_ema_stack_pos_24_0_43357179_compression_ratio_-0_33411601_mkt_ret_eq_24h_1_1280091_mkt_ret_eq_24h_-0_81129736_up_down_semivol_ratio_tanh_-0_39156261 group=keep sample_asset=symbol=SUI/USD:USD asset_weight_multiplier=0.9937467505241083 mean_net_gain=-0.0019033578573726118 shrunk_pnl=0.0013233609334351514 sortino=-0.9999995286438311 linear_penalty=0.006253249475891724 blacklist_score=0.0 combined_reliability=0.07731190708507311 n_trades=2 n_candidates=92
[2026-05-22 10:53:30 UTC] [asset_weights] policy=short_loc_ema_stack_pos_24_0_43357179_compression_ratio_-0_33411601_mkt_ret_eq_24h_1_1280091_mkt_ret_eq_24h_-0_81129736_up_down_semivol_ratio_tanh_-0_39156261 group=keep sample_asset=symbol=GOAT/USD:USD asset_weight_multiplier=0.9937467738588285 mean_net_gain=-0.0019194542546756566 shrunk_pnl=0.0012544912494811887 sortino=-0.9999969721166565 linear_penalty=0.006253226141171529 blacklist_score=0.0 combined_reliability=0.09656090991705352 n_trades=2 n_candidates=160
[2026-05-22 10:53:30 UTC] [asset_weights] policy=short_loc_ema_stack_pos_24_0_43357179_compression_ratio_-0_33411601_mkt_ret_eq_24h_1_1280091_mkt_ret_eq_24h_-0_81129736_up_down_semivol_ratio_tanh_-0_39156261 group=keep sample_asset=symbol=KAS/USD:USD asset_weight_multiplier=0.9937467786415399 mean_net_gain=-0.0019016640726476908 shrunk_pnl=0.0012983497798810559 sortino=-0.9999964481278617 linear_penalty=0.006253221358460031 blacklist_score=0.0 combined_reliability=0.08450483655775995 n_trades=2 n_candidates=114
[2026-05-22 10:53:30 UTC] [asset_weights] policy=short_loc_ema_stack_pos_24_0_43357179_compression_ratio_-0_33411601_mkt_ret_eq_24h_1_1280091_mkt_ret_eq_24h_-0_81129736_up_down_semivol_ratio_tanh_-0_39156261 group=keep sample_asset=symbol=BONK/USD:USD asset_weight_multiplier=0.9937467915673184 mean_net_gain=-0.0019339236397562282 shrunk_pnl=0.0010075872857399125 sortino=-0.9999950319933022 linear_penalty=0.006253208432681643 blacklist_score=0.0 combined_reliability=0.16615588806228596 n_trades=7 n_candidates=145
[2026-05-22 10:53:30 UTC] [asset_weights] policy=short_loc_ema_stack_pos_24_0_43357179_compression_ratio_-0_33411601_mkt_ret_eq_24h_1_1280091_mkt_ret_eq_24h_-0_81129736_up_down_semivol_ratio_tanh_-0_39156261 group=down_weight assets=0
[2026-05-22 10:53:30 UTC] [asset_weights] policy=short_loc_ema_stack_pos_24_0_43357179_compression_ratio_-0_33411601_mkt_ret_eq_24h_1_1280091_mkt_ret_eq_24h_-0_81129736_up_down_semivol_ratio_tanh_-0_39156261 group=blacklist assets=0
2026-05-22 12:53:30,554 - __main__ - INFO - ℹ️ [short_loc_ema_stack_pos_24_0_43357179_compression_ratio_-0_33411601_mkt_ret_eq_24h_1_1280091_mkt_ret_eq_24h_-0_81129736_up_down_semivol_ratio_tanh_-0_39156261] Final all-data fit best_params={'sl_mult': 0.5, 'trailing_activation_mult': 0.75, 'trailing_power': 1.9, 'trailing_squash_divisor': 1.0, 'giveback_beta': 0.4, 'capital_protect_mfe_mult': 2.4000000000000004, 'capital_protect_regression_frac': 0.9500000000000001, 'adverse_exit_enabled': True, 'adverse_exit_min_mae_atr': 0.3, 'adverse_exit_min_speed': 1.1, 'adverse_exit_theta_quantile': 0.7, 'adverse_exit_alpha': 1.0, 'adverse_exit_beta': 1.0, 'adverse_exit_delta': 1.0, 'adverse_exit_fast_bars': 4, 'adverse_exit_max_mfe_atr': 0.25, 'provisional_trailing_stage_sl_mult': 0.7, 'sl_mult_source': 'capital_preservation_adverse_exit_top15_cluster_medoid', 'max_concurrent_trades': 4, 'max_concurrent_per_asset': 1, 'stage2_selection_method': 'top15_cluster_medoid'} best_size_power=1.100 deployment_rank_threshold=0.9400 final_mean_net_trade=0.001696
2026-05-22 12:53:30,634 - __main__ - INFO - ℹ️ Saved policy optimisation results to /Users/remyroche/Documents/Ares/data_perp_policy_rollout_feature_selector_experiment_v3/rollout_off_new_perp/artifacts/20260522_101002/policy_optimisation.json
2026-05-22 12:53:30,664 - __main__ - INFO - ℹ️ Saved OOS policy metrics to /Users/remyroche/Documents/Ares/data_perp_policy_rollout_feature_selector_experiment_v3/rollout_off_new_perp/artifacts/20260522_101002/policy_optimisation_oos_metrics.json
[2026-05-22 10:53:30 UTC] [deployment] loaded LGBM mask contracts for strategy_for_inference: rows=0 aliases=0
2026-05-22 12:53:30,704 - __main__ - INFO - ℹ️ Saved deployment policy contract to /Users/remyroche/Documents/Ares/data_perp_policy_rollout_feature_selector_experiment_v3/rollout_off_new_perp/artifacts/20260522_101002/policy_params/strategy_for_inference.json
2026-05-22 12:53:30,707 - __main__ - INFO - ℹ️ Saved deployment policy contract to /Users/remyroche/Documents/Ares/data_perp_policy_rollout_feature_selector_experiment_v3/rollout_off_new_perp/artifacts/20260522_101002/strategy_for_inference.json
2026-05-22 12:53:30,709 - __main__ - INFO - ℹ️ Saved deployment policy contract to /Users/remyroche/Documents/Ares/data_perp_policy_rollout_feature_selector_experiment_v3/rollout_off_new_perp/artifacts/20260522_101002/policy_params/best_policy_params.json
2026-05-22 12:53:30,713 - __main__ - INFO - ℹ️ Saved deployment policy contract to /Users/remyroche/Documents/Ares/data_perp_policy_rollout_feature_selector_experiment_v3/rollout_off_new_perp/artifacts/20260522_101002/best_policy_params.json
2026-05-22 12:53:30,715 - __main__ - INFO - ℹ️ Saved deployment policy contract to /Users/remyroche/Documents/Ares/data_perp_policy_rollout_feature_selector_experiment_v3/rollout_off_new_perp/artifacts/20260522_101002/simple_policy_optimiser/deployment/best_policy_params.json
2026-05-22 12:53:30,716 - __main__ - INFO - ℹ️ Saved portfolio policy config to /Users/remyroche/Documents/Ares/data_perp_policy_rollout_feature_selector_experiment_v3/rollout_off_new_perp/artifacts/20260522_101002/policy_params/portfolio_policy_config.json
2026-05-22 12:53:30,760 - __main__ - INFO - ℹ️ Saved simple policy portfolio candidate table to /Users/remyroche/Documents/Ares/data_perp_policy_rollout_feature_selector_experiment_v3/rollout_off_new_perp/artifacts/20260522_101002/simple_policy_optimiser/simple_policy_candidates.parquet rows=16313 auction_ref=/Users/remyroche/Documents/Ares/data_perp_policy_rollout_feature_selector_experiment_v3/rollout_off_new_perp/artifacts/20260522_101002/simple_policy_optimiser/rank_reference/cross_strategy_auction.parquet
2026-05-22 12:53:30,760 - __main__ - INFO - ℹ️ Skipping portfolio policy replay because EPM_SIMPLE_POLICY_RUN_PORTFOLIO_REPLAY is disabled.
verified policy optimisation output: /Users/remyroche/Documents/Ares/data_perp_policy_rollout_feature_selector_experiment_v3/rollout_off_new_perp/artifacts/20260522_101002/policy_optimisation.json
[2026-05-22 10:53:31 UTC] DONE variant=rollout_off_new
[2026-05-22 10:53:31 UTC] START variant=rollout_on_old_selector run_id=20260522_101003 rollout=1 selector=old_selector code_root=/private/tmp/ares_selector_old
[2026-05-22 10:53:33 UTC] Entering function: retry_with_backoff in utils.py
2026-05-22 12:53:33,604 - DataQualityFramework - INFO - ℹ️ ✅ Comprehensive duplicate analyzer integrated
2026-05-22 12:53:33,604 - DataQualityFramework - INFO - ℹ️ 🔧 Unified Data Quality Framework initialized (singleton)
[2026-05-22 12:53:33.604] PERFORMANCE: DataQualityFramework initialization took 0.000s
2026-05-22 12:53:33,604 - System.tprint - INFO - ℹ️ DataQualityFramework initialization took 0.000s
2026-05-22 12:53:33,788 - ares.registry - INFO - ℹ️ Registered step: data_download
2026-05-22 12:53:33,796 - System.AdvancedQualityMetrics - INFO - ℹ️ 📊 AdvancedQualityMetrics initialized with tolerant parameters
[2026-05-22 12:53:33.796] PERFORMANCE: AdvancedQualityMetrics initialization took 0.000s
2026-05-22 12:53:33,796 - System.tprint - INFO - ℹ️ AdvancedQualityMetrics initialization took 0.000s
2026-05-22 12:53:33,798 - DataCleaner - INFO - ℹ️ Using klines-specific gap thresholds: {<GapType.SMALL: 'small'>: 65, <GapType.MEDIUM: 'medium'>: 300, <GapType.LARGE: 'large'>: 1800, <GapType.CRITICAL: 'critical'>: 3600}
[2026-05-22 12:53:33.798] PERFORMANCE: DataCleaner(klines) initialization took 0.000s
2026-05-22 12:53:33,798 - System.tprint - INFO - ℹ️ DataCleaner(klines) initialization took 0.000s
2026-05-22 12:53:33,798 - DataCleanerManager - INFO - ℹ️ 🔧 DataCleanerManager initialized (singleton)
[2026-05-22 12:53:33.815] DEBUG: 🔧 [features_common.utils] Initializing common utilities module
[2026-05-22 12:53:33.815] SUCCESS: ✅ [features_common.utils] Math validation utilities loaded
2026-05-22 12:53:33,816 - System.tprint - INFO - ℹ️ ✅ [features_common.utils] Math validation utilities loaded
[2026-05-22 12:53:33.815] DEBUG: 🔧 [features_common.utils] Common utilities module initialized
2026-05-22 12:53:35,890 - src.utils.hardware.m1_gpu_utils.M1GPUManager - INFO - ℹ️ M1 GPU Manager initialized - M1: True, Generation: m1, MPS: True
2026-05-22 12:53:35,908 - src.utils.hardware.m1_cpu_optimizer.M1CPUOptimizer - INFO - ℹ️ 🧠 M1 CPU Optimizer initialized for M1 (4P+4E cores)
[2026-05-22 12:53:35.994] DEBUG: 🔧 [transforms] Module initialized with 15 exports
2026-05-22 12:53:35,994 - src.features_common.backward_compatibility - INFO - ℹ️ Backward compatibility ensured for features_common
[2026-05-22 12:53:35.995] DEBUG: 🔧 [optimization] Module initialized with 6 exports
[2026-05-22 12:53:35.995] DEBUG: 🔧 [registry] Module initialized with BaseFeatureRegistry
[2026-05-22 12:53:35.998] DEBUG: 🚀 [features_common] Enhanced module initialized with 59 exports
[2026-05-22 12:53:35.998] SUCCESS: ✅ [features_common] All optimizations enabled by default
2026-05-22 12:53:35,998 - System.tprint - INFO - ℹ️ ✅ [features_common] All optimizations enabled by default
[2026-05-22 12:53:35.998] INFO: 🔧 [features_common] VectorBT integration available
2026-05-22 12:53:35,998 - System.tprint - INFO - ℹ️ 🔧 [features_common] VectorBT integration available
[2026-05-22 12:53:35.998] PERFORMANCE: 📊 [features_common] Performance monitoring enabled
2026-05-22 12:53:35,999 - System.tprint - INFO - ℹ️ 📊 [features_common] Performance monitoring enabled
[2026-05-22 12:53:35.998] WARNING: 💾 [features_common] Intelligent caching active
2026-05-22 12:53:35,999 - System.tprint - WARNING - ⚠️ 💾 [features_common] Intelligent caching active
2026-05-22 12:53:35,999 - System.DataStreamingManager - INFO - ℹ️ 🚀 DataStreamingManager initialized (singleton): chunk_size=10000, memory_threshold=0.8
[2026-05-22 12:53:35.998] PERFORMANCE: DataStreamingManager initialization took 0.000s
2026-05-22 12:53:35,999 - System.tprint - INFO - ℹ️ DataStreamingManager initialization took 0.000s
[2026-05-22 12:53:36.006] ✅ Custom logger available for MLCommon.ValidationUtils
2026-05-22 12:53:36,006 - System.tprint - INFO - ℹ️ ✅ Custom logger available for MLCommon.ValidationUtils
2026-05-22 12:53:36,007 - System.CrossStepValidator - INFO - ℹ️ 🔍 CrossStepValidator initialized with comprehensive consistency rules
2026-05-22 12:53:36,009 - System.UnifiedDataUtils - INFO - ℹ️ 🚀 Unified Data Utils initialized
[2026-05-22 10:53:36 UTC] EBMOnLGBM: J weights do not sum to 1.0 (sum=0.900000); using them as provided.
[2026-05-22 10:53:36 UTC] GC: Collected 42 objects on startup.
[2026-05-22 10:53:36 UTC] EPM_DATA_ROOT override: data_root=/Users/remyroche/Documents/Ares/data_perp_policy_rollout_feature_selector_experiment_v3/rollout_on_old_selector
[2026-05-22 10:53:36 UTC] Kraken perps: feature portability strict mode disabled so unavailable open-interest feature families are pruned instead of required.
[2026-05-22 10:53:36 UTC] Market mode: perps exchange=kraken scope=krakenfutures (data_root=/Users/remyroche/Documents/Ares/data_perp_policy_rollout_feature_selector_experiment_v3/rollout_on_old_selector_perp, reports_root=/Users/remyroche/Documents/Ares/data_perp_policy_rollout_feature_selector_experiment_v3/rollout_on_old_selector/reports_perp)
[2026-05-22 10:53:36 UTC] Planner preset: fast (full_inference_retrain=False)
[2026-05-22 10:53:36 UTC] CACHE[labels:start]: skipped cache wipe (mem_avail=11.3GB)
[2026-05-22 10:53:36 UTC] GC[labels:start]: collected=66
[2026-05-22 10:53:36 UTC] Labels mode. ts_sig=2026-05-22 10:10:03+00:00 horizons=None
[2026-05-22 10:53:36 UTC] Labels override: policy_rollout_labeling_enable=True from EPM_POLICY_ROLLOUT_LABELING_ENABLE
[2026-05-22 10:53:36 UTC] Labels optimization mode: incremental_persist=True keep_all_if_lte=6 keep_top_n=6 geom_hb_every=4 geom_hb_secs=60 raw_tb_payload_cache_mb=2048 tb_workers=2 worker_mode=auto geom_payload=compact(tp_vals/sl_vals)
2026-05-22 12:53:36,384 - params_store - INFO - ℹ️ [params_store] Loaded 4 strategies from /private/tmp/ares_selector_old/extreme_price_movements/offline_optimisers/reports/inference_candidate_mask_best_params_perps.csv (2 groups x top_2, ranked by score_for_best_params)
[2026-05-22 10:53:36 UTC] [params_store] Loaded 4 dynamic strategies from mask_optimiser
2026-05-22 12:53:36,384 - params_store - INFO - ℹ️ [params_store] Loaded 4 dynamic strategies from mask_optimiser
[2026-05-22 10:53:36 UTC] [params_store] TBM best params loaded from /private/tmp/ares_selector_old/extreme_price_movements/offline_optimisers/reports/tbm_best_params_perps.csv: config_id=CFGAD67088D9C  base_atr_window=840  k_tp=1.102973  sl_as_tp_pct=0.75  tp_base_pct=0.012965  mode=optuna_s1_TF_long_H10  horizon_scaling=sqrt
2026-05-22 12:53:36,386 - params_store - INFO - ℹ️ [params_store] TBM best params loaded from /private/tmp/ares_selector_old/extreme_price_movements/offline_optimisers/reports/tbm_best_params_perps.csv: config_id=CFGAD67088D9C  base_atr_window=840  k_tp=1.102973  sl_as_tp_pct=0.75  tp_base_pct=0.012965  mode=optuna_s1_TF_long_H10  horizon_scaling=sqrt
[2026-05-22 10:53:36 UTC] [params_store] Injected into cfg: barrier_atr_window=840  barrier_k_tp=1.102973  barrier_mode=optuna_s1_TF_long_H10  barrier_sl_base_mult=0.75  barrier_sl_hi=0.06  barrier_sl_lo=0.005  barrier_sl_method=tp_pct  barrier_tp_abs_pct=0.012965  barrier_tp_base_pct=0.012965  barrier_tp_hi=0.06  barrier_tp_lo=0.005  barrier_tp_method=atr_norm  label_horizon_base=4  label_horizon_scaling=sqrt
2026-05-22 12:53:36,386 - params_store - INFO - ℹ️ [params_store] Injected into cfg: barrier_atr_window=840  barrier_k_tp=1.102973  barrier_mode=optuna_s1_TF_long_H10  barrier_sl_base_mult=0.75  barrier_sl_hi=0.06  barrier_sl_lo=0.005  barrier_sl_method=tp_pct  barrier_tp_abs_pct=0.012965  barrier_tp_base_pct=0.012965  barrier_tp_hi=0.06  barrier_tp_lo=0.005  barrier_tp_method=atr_norm  label_horizon_base=4  label_horizon_scaling=sqrt
2026-05-22 12:53:36,389 - params_store - INFO - ℹ️ [params_store] Loaded 4 strategies from /private/tmp/ares_selector_old/extreme_price_movements/offline_optimisers/reports/inference_candidate_mask_best_params_perps.csv (2 groups x top_2, ranked by score_for_best_params)
[2026-05-22 10:53:36 UTC] Loaded 4 strategies with source_horizons=[10]
[2026-05-22 10:53:36 UTC] Labels override: explicit strategy allowlist active after mask-param load; selected 1/1 strategies
2026-05-22 12:53:36,394 - params_store - INFO - ℹ️ [params_store] Loaded 4 strategies from /private/tmp/ares_selector_old/extreme_price_movements/offline_optimisers/reports/inference_candidate_mask_best_params_perps.csv (2 groups x top_2, ranked by score_for_best_params)
[2026-05-22 10:53:36 UTC] [params_store] Loaded 4 dynamic strategies from mask_optimiser
2026-05-22 12:53:36,395 - params_store - INFO - ℹ️ [params_store] Loaded 4 dynamic strategies from mask_optimiser
[2026-05-22 10:53:36 UTC] [params_store] TBM best params loaded from /private/tmp/ares_selector_old/extreme_price_movements/offline_optimisers/reports/tbm_best_params_perps.csv: config_id=CFGAD67088D9C  base_atr_window=840  k_tp=1.102973  sl_as_tp_pct=0.75  tp_base_pct=0.012965  mode=optuna_s1_TF_long_H10  horizon_scaling=sqrt
2026-05-22 12:53:36,396 - params_store - INFO - ℹ️ [params_store] TBM best params loaded from /private/tmp/ares_selector_old/extreme_price_movements/offline_optimisers/reports/tbm_best_params_perps.csv: config_id=CFGAD67088D9C  base_atr_window=840  k_tp=1.102973  sl_as_tp_pct=0.75  tp_base_pct=0.012965  mode=optuna_s1_TF_long_H10  horizon_scaling=sqrt
[2026-05-22 10:53:36 UTC] [params_store] Injected into cfg: barrier_atr_window=840  barrier_k_tp=1.102973  barrier_mode=optuna_s1_TF_long_H10  barrier_sl_base_mult=0.75  barrier_sl_hi=0.06  barrier_sl_lo=0.005  barrier_sl_method=tp_pct  barrier_tp_abs_pct=0.012965  barrier_tp_base_pct=0.012965  barrier_tp_hi=0.06  barrier_tp_lo=0.005  barrier_tp_method=atr_norm  label_horizon_base=4  label_horizon_scaling=sqrt
2026-05-22 12:53:36,396 - params_store - INFO - ℹ️ [params_store] Injected into cfg: barrier_atr_window=840  barrier_k_tp=1.102973  barrier_mode=optuna_s1_TF_long_H10  barrier_sl_base_mult=0.75  barrier_sl_hi=0.06  barrier_sl_lo=0.005  barrier_sl_method=tp_pct  barrier_tp_abs_pct=0.012965  barrier_tp_base_pct=0.012965  barrier_tp_hi=0.06  barrier_tp_lo=0.005  barrier_tp_method=atr_norm  label_horizon_base=4  label_horizon_scaling=sqrt
[2026-05-22 10:53:36 UTC] STEP: LABEL GENERATION START
[2026-05-22 10:53:36 UTC] Labels universe source: local store symbols (306)
[2026-05-22 10:53:36 UTC] Labels offline universe build: using local store symbols (306 symbols)
[2026-05-22 10:53:36 UTC] Filtering 306 symbols by variance (Top 100%, stride=1)...
[2026-05-22 10:53:37 UTC] Variance Filter: Kept 301/306 symbols.
[2026-05-22 10:53:37 UTC] Variance Filter Reasons: load_error=0, too_few_rows=0, too_few_sampled_points=0, near_zero_variance=5, accepted=301
[2026-05-22 10:53:37 UTC] Universe before dedup: 301 symbols
[2026-05-22 10:53:37 UTC] Universe after base-asset dedup (USDC>USDT>BUSD>EUR): 301 symbols
[2026-05-22 10:53:37 UTC] Entering function: __init__ in utils.py
[2026-05-22 10:53:37 UTC] Entering function: __enter__ in utils.py
[2026-05-22 10:53:37 UTC] START: Data Load
[2026-05-22 10:53:41 UTC] Entering function: __exit__ in utils.py
[2026-05-22 10:53:41 UTC] END: Data Load (4.19s)
[2026-05-22 10:53:47 UTC] Label data load complete: symbols=301 horizons=[5, 10] label_persist_incremental=True
[2026-05-22 10:53:47 UTC] DATA COVERAGE: 301 symbols, 35040 hourly bars, 1460 days (2022-05-23 to 2026-05-22), 45.8% non-NaN
[2026-05-22 10:53:47 UTC] Entering function: compute_market_features in features.py
[2026-05-22 10:53:48 UTC] Transforming Volume: Log -> EWMA(5)
[2026-05-22 10:53:48 UTC] Entering function: numba_rolling_sum in fast_funcs.py
[2026-05-22 10:53:48 UTC] Entering function: numba_rolling_sum in fast_funcs.py
[2026-05-22 10:53:49 UTC] Entering function: add_regime_gates in features.py
[2026-05-22 10:53:49 UTC] Entering function: numba_rolling_median in fast_funcs.py
[2026-05-22 10:53:50 UTC] Label feature key scope: using 4 selected strategies
[2026-05-22 10:53:50 UTC] Found 236 feature files in /Users/remyroche/Documents/Ares/data_perp_policy_rollout_feature_selector_experiment_v3/rollout_on_old_selector_perp/features/20260522_101003. Selective load: keys=21, symbols=301
[2026-05-22 10:53:50 UTC] Selective feature load progress: 25/236 files (10.6%) in 0.6s
[2026-05-22 10:53:51 UTC] Selective feature load progress: 50/236 files (21.2%) in 1.3s
[2026-05-22 10:53:52 UTC] Selective feature load progress: 75/236 files (31.8%) in 2.0s
[2026-05-22 10:53:52 UTC] Selective feature load progress: 100/236 files (42.4%) in 2.7s
[2026-05-22 10:53:53 UTC] Selective feature load progress: 125/236 files (53.0%) in 3.3s
[2026-05-22 10:53:54 UTC] Selective feature load progress: 150/236 files (63.6%) in 4.0s
[2026-05-22 10:53:55 UTC] Selective feature load progress: 175/236 files (74.2%) in 4.8s
[2026-05-22 10:53:55 UTC] Selective feature loa