[I 2026-05-22 12:52:39,725] Trial 78 finished with value: 3.840531052276492 and parameters: {'sl_mult': 0.7, 'trailing_activation_mult': 1.25, 'trailing_power': 2.0, 'trailing_squash_divisor': 1.0, 'giveback_beta': 0.9, 'capital_protect_mfe_mult': 0.0, 'capital_protect_regression_frac': 0.55}. Best is trial 41 with value: 4.088492455391679.
[I 2026-05-22 12:52:39,772] Trial 79 finished with value: 3.969511522410903 and parameters: {'sl_mult': 0.5, 'trailing_activation_mult': 1.25, 'trailing_power': 1.6, 'trailing_squash_divisor': 2.0, 'giveback_beta': 0.95, 'capital_protect_mfe_mult': 1.25, 'capital_protect_regression_frac': 0.65}. Best is trial 41 with value: 4.088492455391679.
[I 2026-05-22 12:52:39,927] Trial 80 finished with value: 2.7935982664930634 and parameters: {'sl_mult': 0.9, 'trailing_activation_mult': 2.0, 'trailing_power': 1.6, 'trailing_squash_divisor': 4.0, 'giveback_beta': 0.5, 'capital_protect_mfe_mult': 1.0, 'capital_protect_regression_frac': 0.25}. Best is trial 41 with value: 4.088492455391679.
[I 2026-05-22 12:52:39,975] Trial 81 finished with value: 4.088492455391679 and parameters: {'sl_mult': 0.5, 'trailing_activation_mult': 1.25, 'trailing_power': 1.6, 'trailing_squash_divisor': 1.0, 'giveback_beta': 0.5, 'capital_protect_mfe_mult': 0.0, 'capital_protect_regression_frac': 0.65}. Best is trial 41 with value: 4.088492455391679.
[I 2026-05-22 12:52:40,023] Trial 82 finished with value: 4.088492455391679 and parameters: {'sl_mult': 0.5, 'trailing_activation_mult': 1.25, 'trailing_power': 1.6, 'trailing_squash_divisor': 1.0, 'giveback_beta': 0.5, 'capital_protect_mfe_mult': 0.0, 'capital_protect_regression_frac': 0.65}. Best is trial 41 with value: 4.088492455391679.
[I 2026-05-22 12:52:40,071] Trial 83 finished with value: 4.088492455391679 and parameters: {'sl_mult': 0.5, 'trailing_activation_mult': 1.25, 'trailing_power': 1.4, 'trailing_squash_divisor': 1.0, 'giveback_beta': 0.5, 'capital_protect_mfe_mult': 0.0, 'capital_protect_regression_frac': 0.65}. Best is trial 41 with value: 4.088492455391679.
[I 2026-05-22 12:52:40,119] Trial 84 finished with value: 4.088492455391679 and parameters: {'sl_mult': 0.5, 'trailing_activation_mult': 1.25, 'trailing_power': 1.9, 'trailing_squash_divisor': 1.0, 'giveback_beta': 0.8, 'capital_protect_mfe_mult': 0.0, 'capital_protect_regression_frac': 0.65}. Best is trial 41 with value: 4.088492455391679.
[I 2026-05-22 12:52:40,168] Trial 85 finished with value: 3.1298437901423313 and parameters: {'sl_mult': 0.5, 'trailing_activation_mult': 1.0, 'trailing_power': 1.6, 'trailing_squash_divisor': 5.0, 'giveback_beta': 0.5, 'capital_protect_mfe_mult': 1.25, 'capital_protect_regression_frac': 0.65}. Best is trial 41 with value: 4.088492455391679.
[I 2026-05-22 12:52:40,217] Trial 86 finished with value: 3.7420550530659966 and parameters: {'sl_mult': 0.5, 'trailing_activation_mult': 1.25, 'trailing_power': 1.6, 'trailing_squash_divisor': 3.5, 'giveback_beta': 0.3, 'capital_protect_mfe_mult': 0.75, 'capital_protect_regression_frac': 0.65}. Best is trial 41 with value: 4.088492455391679.
[I 2026-05-22 12:52:40,268] Trial 87 finished with value: 3.469973493833095 and parameters: {'sl_mult': 1.3, 'trailing_activation_mult': 1.25, 'trailing_power': 1.2, 'trailing_squash_divisor': 1.0, 'giveback_beta': 0.5, 'capital_protect_mfe_mult': 1.25, 'capital_protect_regression_frac': 0.65}. Best is trial 41 with value: 4.088492455391679.
[I 2026-05-22 12:52:40,317] Trial 88 finished with value: 4.088492455391679 and parameters: {'sl_mult': 0.5, 'trailing_activation_mult': 1.25, 'trailing_power': 1.6, 'trailing_squash_divisor': 1.0, 'giveback_beta': 0.5, 'capital_protect_mfe_mult': 0.0, 'capital_protect_regression_frac': 0.65}. Best is trial 41 with value: 4.088492455391679.
[I 2026-05-22 12:52:40,366] Trial 89 finished with value: 3.6815917437779717 and parameters: {'sl_mult': 0.5, 'trailing_activation_mult': 1.5, 'trailing_power': 1.6, 'trailing_squash_divisor': 3.0, 'giveback_beta': 0.5, 'capital_protect_mfe_mult': 1.5, 'capital_protect_regression_frac': 0.65}. Best is trial 41 with value: 4.088492455391679.
[I 2026-05-22 12:52:40,420] Trial 90 finished with value: 1.6149487272428815 and parameters: {'sl_mult': 1.1, 'trailing_activation_mult': 1.25, 'trailing_power': 1.8, 'trailing_squash_divisor': 6.0, 'giveback_beta': 0.9, 'capital_protect_mfe_mult': 1.25, 'capital_protect_regression_frac': 0.65}. Best is trial 41 with value: 4.088492455391679.
[I 2026-05-22 12:52:40,478] Trial 91 finished with value: 4.088492455391679 and parameters: {'sl_mult': 0.5, 'trailing_activation_mult': 1.25, 'trailing_power': 1.6, 'trailing_squash_divisor': 1.0, 'giveback_beta': 0.5, 'capital_protect_mfe_mult': 0.0, 'capital_protect_regression_frac': 0.65}. Best is trial 41 with value: 4.088492455391679.
[I 2026-05-22 12:52:40,516] A new study created in memory with name: no-name-fcb00537-00fb-4e82-b49e-957fadb6c276
[I 2026-05-22 12:52:40,571] Trial 0 finished with value: 2.9570574752782703 and parameters: {'sl_mult': 2.9000000000000004, 'adverse_exit_min_mae_sl_frac': 0.4, 'capital_protect_mfe_mult': 0.9, 'capital_protect_regression_frac': 0.2, 'adverse_exit_min_speed': 0.8, 'adverse_exit_theta_quantile': 0.5}. Best is trial 0 with value: 2.9570574752782703.
[I 2026-05-22 12:52:40,625] Trial 1 finished with value: 3.298071811522823 and parameters: {'sl_mult': 2.6, 'adverse_exit_min_mae_sl_frac': 0.35000000000000003, 'capital_protect_mfe_mult': 1.7000000000000002, 'capital_protect_regression_frac': 0.6000000000000001, 'adverse_exit_min_speed': 0.5, 'adverse_exit_theta_quantile': 0.9}. Best is trial 1 with value: 3.298071811522823.
[I 2026-05-22 12:52:40,675] Trial 2 finished with value: 3.3784040825587 and parameters: {'sl_mult': 1.3, 'adverse_exit_min_mae_sl_frac': 0.65, 'capital_protect_mfe_mult': 2.2, 'capital_protect_regression_frac': 0.6000000000000001, 'adverse_exit_min_speed': 0.30000000000000004, 'adverse_exit_theta_quantile': 0.95}. Best is trial 2 with value: 3.3784040825587.
[I 2026-05-22 12:52:40,728] Trial 3 finished with value: 3.2609104366594694 and parameters: {'sl_mult': 2.4000000000000004, 'adverse_exit_min_mae_sl_frac': 0.25, 'capital_protect_mfe_mult': 2.0, 'capital_protect_regression_frac': 0.7000000000000001, 'adverse_exit_min_speed': 0.5, 'adverse_exit_theta_quantile': 0.9}. Best is trial 2 with value: 3.3784040825587.
[I 2026-05-22 12:52:40,779] Trial 4 finished with value: 3.113816818993655 and parameters: {'sl_mult': 2.0, 'adverse_exit_min_mae_sl_frac': 0.7, 'capital_protect_mfe_mult': 2.8000000000000003, 'capital_protect_regression_frac': 0.35000000000000003, 'adverse_exit_min_speed': 0.5, 'adverse_exit_theta_quantile': 0.8500000000000001}. Best is trial 2 with value: 3.3784040825587.
[I 2026-05-22 12:52:40,833] Trial 5 finished with value: 2.9025760787262698 and parameters: {'sl_mult': 1.8, 'adverse_exit_min_mae_sl_frac': 0.6000000000000001, 'capital_protect_mfe_mult': 2.9000000000000004, 'capital_protect_regression_frac': 0.6000000000000001, 'adverse_exit_min_speed': 0.2, 'adverse_exit_theta_quantile': 0.55}. Best is trial 2 with value: 3.3784040825587.
[I 2026-05-22 12:52:40,899] Trial 6 finished with value: 3.422400203594589 and parameters: {'sl_mult': 1.4, 'adverse_exit_min_mae_sl_frac': 0.5, 'capital_protect_mfe_mult': 0.9, 'capital_protect_regression_frac': 0.9500000000000001, 'adverse_exit_min_speed': 1.0, 'adverse_exit_theta_quantile': 0.55}. Best is trial 6 with value: 3.422400203594589.
[I 2026-05-22 12:52:40,958] Trial 7 finished with value: 3.394695873610908 and parameters: {'sl_mult': 2.1, 'adverse_exit_min_mae_sl_frac': 0.30000000000000004, 'capital_protect_mfe_mult': 0.8, 'capital_protect_regression_frac': 0.9500000000000001, 'adverse_exit_min_speed': 0.5, 'adverse_exit_theta_quantile': 0.8500000000000001}. Best is trial 6 with value: 3.422400203594589.
[I 2026-05-22 12:52:41,016] Trial 8 finished with value: 3.244427434031968 and parameters: {'sl_mult': 1.6, 'adverse_exit_min_mae_sl_frac': 0.7, 'capital_protect_mfe_mult': 2.0, 'capital_protect_regression_frac': 1.0, 'adverse_exit_min_speed': 1.0, 'adverse_exit_theta_quantile': 0.8}. Best is trial 6 with value: 3.422400203594589.
[I 2026-05-22 12:52:41,083] Trial 9 finished with value: 2.979094669071492 and parameters: {'sl_mult': 3.3000000000000003, 'adverse_exit_min_mae_sl_frac': 0.35000000000000003, 'capital_protect_mfe_mult': 1.4000000000000001, 'capital_protect_regression_frac': 0.15000000000000002, 'adverse_exit_min_speed': 0.8, 'adverse_exit_theta_quantile': 0.6}. Best is trial 6 with value: 3.422400203594589.
[I 2026-05-22 12:52:41,161] Trial 10 finished with value: 3.9354339001467453 and parameters: {'sl_mult': 0.6, 'adverse_exit_min_mae_sl_frac': 0.5, 'capital_protect_mfe_mult': 0.0, 'capital_protect_regression_frac': 0.8500000000000001, 'adverse_exit_min_speed': 1.5, 'adverse_exit_theta_quantile': 0.65}. Best is trial 10 with value: 3.9354339001467453.
[I 2026-05-22 12:52:41,232] Trial 11 finished with value: 4.088492455391679 and parameters: {'sl_mult': 0.5, 'adverse_exit_min_mae_sl_frac': 0.5, 'capital_protect_mfe_mult': 0.0, 'capital_protect_regression_frac': 0.8500000000000001, 'adverse_exit_min_speed': 1.5, 'adverse_exit_theta_quantile': 0.65}. Best is trial 11 with value: 4.088492455391679.
[I 2026-05-22 12:52:41,302] Trial 12 finished with value: 4.088492455391679 and parameters: {'sl_mult': 0.5, 'adverse_exit_min_mae_sl_frac': 0.5, 'capital_protect_mfe_mult': 0.0, 'capital_protect_regression_frac': 0.8, 'adverse_exit_min_speed': 1.5, 'adverse_exit_theta_quantile': 0.7}. Best is trial 11 with value: 4.088492455391679.
[I 2026-05-22 12:52:41,369] Trial 13 finished with value: 4.088492455391679 and parameters: {'sl_mult': 0.5, 'adverse_exit_min_mae_sl_frac': 0.55, 'capital_protect_mfe_mult': 0.0, 'capital_protect_regression_frac': 0.8, 'adverse_exit_min_speed': 1.5, 'adverse_exit_theta_quantile': 0.7}. Best is trial 11 with value: 4.088492455391679.
[I 2026-05-22 12:52:41,448] Trial 14 finished with value: 3.138013889029389 and parameters: {'sl_mult': 1.0, 'adverse_exit_min_mae_sl_frac': 0.45, 'capital_protect_mfe_mult': 0.4, 'capital_protect_regression_frac': 0.4, 'adverse_exit_min_speed': 1.2000000000000002, 'adverse_exit_theta_quantile': 0.75}. Best is trial 11 with value: 4.088492455391679.
[I 2026-05-22 12:52:41,640] Trial 15 finished with value: 3.3105694389669225 and parameters: {'sl_mult': 1.0, 'adverse_exit_min_mae_sl_frac': 0.6000000000000001, 'capital_protect_mfe_mult': 0.4, 'capital_protect_regression_frac': 0.8, 'adverse_exit_min_speed': 1.3000000000000003, 'adverse_exit_theta_quantile': 0.7}. Best is trial 11 with value: 4.088492455391679.
[I 2026-05-22 12:52:41,715] Trial 16 finished with value: 3.273559236287838 and parameters: {'sl_mult': 0.9, 'adverse_exit_min_mae_sl_frac': 0.2, 'capital_protect_mfe_mult': 0.4, 'capital_protect_regression_frac': 0.0, 'adverse_exit_min_speed': 1.3000000000000003, 'adverse_exit_theta_quantile': 0.65}. Best is trial 11 with value: 4.088492455391679.
[I 2026-05-22 12:52:41,788] Trial 17 finished with value: 3.9307052143500187 and parameters: {'sl_mult': 0.5, 'adverse_exit_min_mae_sl_frac': 0.45, 'capital_protect_mfe_mult': 1.2000000000000002, 'capital_protect_regression_frac': 0.7000000000000001, 'adverse_exit_min_speed': 1.1, 'adverse_exit_theta_quantile': 0.65}. Best is trial 11 with value: 4.088492455391679.
[I 2026-05-22 12:52:41,860] Trial 18 finished with value: 3.772959914943203 and parameters: {'sl_mult': 0.8, 'adverse_exit_min_mae_sl_frac': 0.75, 'capital_protect_mfe_mult': 0.0, 'capital_protect_regression_frac': 0.5, 'adverse_exit_min_speed': 1.5, 'adverse_exit_theta_quantile': 0.75}. Best is trial 11 with value: 4.088492455391679.
[I 2026-05-22 12:52:41,940] Trial 19 finished with value: 3.3528073181194484 and parameters: {'sl_mult': 1.3, 'adverse_exit_min_mae_sl_frac': 0.55, 'capital_protect_mfe_mult': 0.5, 'capital_protect_regression_frac': 0.8500000000000001, 'adverse_exit_min_speed': 1.3000000000000003, 'adverse_exit_theta_quantile': 0.6}. Best is trial 11 with value: 4.088492455391679.
[I 2026-05-22 12:52:42,021] Trial 20 finished with value: 3.3959270999301223 and parameters: {'sl_mult': 1.1, 'adverse_exit_min_mae_sl_frac': 0.4, 'capital_protect_mfe_mult': 0.6000000000000001, 'capital_protect_regression_frac': 0.7000000000000001, 'adverse_exit_min_speed': 1.4000000000000001, 'adverse_exit_theta_quantile': 0.8}. Best is trial 11 with value: 4.088492455391679.
[I 2026-05-22 12:52:42,092] Trial 21 finished with value: 4.088492455391679 and parameters: {'sl_mult': 0.5, 'adverse_exit_min_mae_sl_frac': 0.55, 'capital_protect_mfe_mult': 0.0, 'capital_protect_regression_frac': 0.8, 'adverse_exit_min_speed': 1.5, 'adverse_exit_theta_quantile': 0.7}. Best is trial 11 with value: 4.088492455391679.
[I 2026-05-22 12:52:42,172] Trial 22 finished with value: 3.7578521121293305 and parameters: {'sl_mult': 0.7, 'adverse_exit_min_mae_sl_frac': 0.55, 'capital_protect_mfe_mult': 0.2, 'capital_protect_regression_frac': 0.9, 'adverse_exit_min_speed': 1.4000000000000001, 'adverse_exit_theta_quantile': 0.7}. Best is trial 11 with value: 4.088492455391679.
[I 2026-05-22 12:52:42,251] Trial 23 finished with value: 3.608055089588743 and parameters: {'sl_mult': 0.7, 'adverse_exit_min_mae_sl_frac': 0.6000000000000001, 'capital_protect_mfe_mult': 0.30000000000000004, 'capital_protect_regression_frac': 0.7000000000000001, 'adverse_exit_min_speed': 1.1, 'adverse_exit_theta_quantile': 0.6}. Best is trial 11 with value: 4.088492455391679.
[I 2026-05-22 12:52:42,328] Trial 24 finished with value: 3.990350744186435 and parameters: {'sl_mult': 0.5, 'adverse_exit_min_mae_sl_frac': 0.5, 'capital_protect_mfe_mult': 1.1, 'capital_protect_regression_frac': 0.8, 'adverse_exit_min_speed': 1.4000000000000001, 'adverse_exit_theta_quantile': 0.75}. Best is trial 11 with value: 4.088492455391679.
[I 2026-05-22 12:52:42,408] Trial 25 finished with value: 3.488059303164482 and parameters: {'sl_mult': 1.2000000000000002, 'adverse_exit_min_mae_sl_frac': 0.45, 'capital_protect_mfe_mult': 0.7000000000000001, 'capital_protect_regression_frac': 1.0, 'adverse_exit_min_speed': 1.2000000000000002, 'adverse_exit_theta_quantile': 0.65}. Best is trial 11 with value: 4.088492455391679.
[I 2026-05-22 12:52:42,496] Trial 26 finished with value: 3.1886751703714253 and parameters: {'sl_mult': 1.5, 'adverse_exit_min_mae_sl_frac': 0.4, 'capital_protect_mfe_mult': 0.2, 'capital_protect_regression_frac': 0.75, 'adverse_exit_min_speed': 1.5, 'adverse_exit_theta_quantile': 0.8}. Best is trial 11 with value: 4.088492455391679.
[I 2026-05-22 12:52:42,566] Trial 27 finished with value: 3.772959914943203 and parameters: {'sl_mult': 0.8, 'adverse_exit_min_mae_sl_frac': 0.65, 'capital_protect_mfe_mult': 0.0, 'capital_protect_regression_frac': 0.5, 'adverse_exit_min_speed': 0.7000000000000001, 'adverse_exit_theta_quantile': 0.7}. Best is trial 11 with value: 4.088492455391679.
[I 2026-05-22 12:52:42,649] Trial 28 finished with value: 3.5984415966900998 and parameters: {'sl_mult': 3.5, 'adverse_exit_min_mae_sl_frac': 0.55, 'capital_protect_mfe_mult': 0.2, 'capital_protect_regression_frac': 0.9, 'adverse_exit_min_speed': 1.2000000000000002, 'adverse_exit_theta_quantile': 0.55}. Best is trial 11 with value: 4.088492455391679.
[I 2026-05-22 12:52:42,714] Trial 29 finished with value: 2.739125095962663 and parameters: {'sl_mult': 1.8, 'adverse_exit_min_mae_sl_frac': 0.35000000000000003, 'capital_protect_mfe_mult': 1.1, 'capital_protect_regression_frac': 0.35000000000000003, 'adverse_exit_min_speed': 0.9, 'adverse_exit_theta_quantile': 0.6}. Best is trial 11 with value: 4.088492455391679.
[I 2026-05-22 12:52:42,775] Trial 30 finished with value: 3.5098897895775734 and parameters: {'sl_mult': 0.9, 'adverse_exit_min_mae_sl_frac': 0.5, 'capital_protect_mfe_mult': 2.5, 'capital_protect_regression_frac': 0.6000000000000001, 'adverse_exit_min_speed': 1.4000000000000001, 'adverse_exit_theta_quantile': 0.5}. Best is trial 11 with value: 4.088492455391679.
[I 2026-05-22 12:52:42,832] Trial 31 finished with value: 4.088492455391679 and parameters: {'sl_mult': 0.5, 'adverse_exit_min_mae_sl_frac': 0.55, 'capital_protect_mfe_mult': 0.0, 'capital_protect_regression_frac': 0.8, 'adverse_exit_min_speed': 1.5, 'adverse_exit_theta_quantile': 0.7}. Best is trial 11 with value: 4.088492455391679.
[I 2026-05-22 12:52:42,896] Trial 32 finished with value: 4.07858254465973 and parameters: {'sl_mult': 0.5, 'adverse_exit_min_mae_sl_frac': 0.6000000000000001, 'capital_protect_mfe_mult': 0.2, 'capital_protect_regression_frac': 0.9, 'adverse_exit_min_speed': 1.5, 'adverse_exit_theta_quantile': 0.75}. Best is trial 11 with value: 4.088492455391679.
[I 2026-05-22 12:52:42,965] Trial 33 finished with value: 2.966699472788605 and parameters: {'sl_mult': 2.9000000000000004, 'adverse_exit_min_mae_sl_frac': 0.45, 'capital_protect_mfe_mult': 0.6000000000000001, 'capital_protect_regression_frac': 0.65, 'adverse_exit_min_speed': 1.3000000000000003, 'adverse_exit_theta_quantile': 0.65}. Best is trial 11 with value: 4.088492455391679.
[I 2026-05-22 12:52:43,024] Trial 34 finished with value: 3.840531052276492 and parameters: {'sl_mult': 0.7, 'adverse_exit_min_mae_sl_frac': 0.65, 'capital_protect_mfe_mult': 0.0, 'capital_protect_regression_frac': 0.75, 'adverse_exit_min_speed': 1.4000000000000001, 'adverse_exit_theta_quantile': 0.7}. Best is trial 11 with value: 4.088492455391679.
[I 2026-05-22 12:52:43,089] Trial 35 finished with value: 3.5345807440811767 and parameters: {'sl_mult': 1.1, 'adverse_exit_min_mae_sl_frac': 0.55, 'capital_protect_mfe_mult': 0.9, 'capital_protect_regression_frac': 0.8500000000000001, 'adverse_exit_min_speed': 0.7000000000000001, 'adverse_exit_theta_quantile': 0.7}. Best is trial 11 with value: 4.088492455391679.
[I 2026-05-22 12:52:43,150] Trial 36 finished with value: 3.699441974237561 and parameters: {'sl_mult': 0.7, 'adverse_exit_min_mae_sl_frac': 0.5, 'capital_protect_mfe_mult': 1.8, 'capital_protect_regression_frac': 0.55, 'adverse_exit_min_speed': 1.5, 'adverse_exit_theta_quantile': 0.65}. Best is trial 11 with value: 4.088492455391679.
[I 2026-05-22 12:52:43,217] Trial 37 finished with value: 3.026029707392445 and parameters: {'sl_mult': 2.4000000000000004, 'adverse_exit_min_mae_sl_frac': 0.4, 'capital_protect_mfe_mult': 0.2, 'capital_protect_regression_frac': 0.75, 'adverse_exit_min_speed': 0.1, 'adverse_exit_theta_quantile': 0.95}. Best is trial 11 with value: 4.088492455391679.
[I 2026-05-22 12:52:43,280] Trial 38 finished with value: 3.2487590300181184 and parameters: {'sl_mult': 0.9, 'adverse_exit_min_mae_sl_frac': 0.65, 'capital_protect_mfe_mult': 0.5, 'capital_protect_regression_frac': 0.65, 'adverse_exit_min_speed': 1.3000000000000003, 'adverse_exit_theta_quantile': 0.75}. Best is trial 11 with value: 4.088492455391679.
[I 2026-05-22 12:52:43,342] Trial 39 finished with value: 3.494605744862929 and parameters: {'sl_mult': 1.3, 'adverse_exit_min_mae_sl_frac': 0.6000000000000001, 'capital_protect_mfe_mult': 2.4000000000000004, 'capital_protect_regression_frac': 1.0, 'adverse_exit_min_speed': 0.4, 'adverse_exit_theta_quantile': 0.8500000000000001}. Best is trial 11 with value: 4.088492455391679.
[I 2026-05-22 12:52:43,408] Trial 40 finished with value: 3.0757075448083926 and parameters: {'sl_mult': 1.7000000000000002, 'adverse_exit_min_mae_sl_frac': 0.5, 'capital_protect_mfe_mult': 0.8, 'capital_protect_regression_frac': 0.9500000000000001, 'adverse_exit_min_speed': 1.1, 'adverse_exit_theta_quantile': 0.8}. Best is trial 11 with value: 4.088492455391679.
[I 2026-05-22 12:52:43,467] Trial 41 finished with value: 4.088492455391679 and parameters: {'sl_mult': 0.5, 'adverse_exit_min_mae_sl_frac': 0.55, 'capital_protect_mfe_mult': 0.0, 'capital_protect_regression_frac': 0.8, 'adverse_exit_min_speed': 1.5, 'adverse_exit_theta_quantile': 0.7}. Best is trial 11 with value: 4.088492455391679.
[I 2026-05-22 12:52:43,639] Trial 42 finished with value: 3.819801626878325 and parameters: {'sl_mult': 0.6, 'adverse_exit_min_mae_sl_frac': 0.55, 'capital_protect_mfe_mult': 0.1, 'capital_protect_regression_frac': 0.8, 'adverse_exit_min_speed': 1.4000000000000001, 'adverse_exit_theta_quantile': 0.7}. Best is trial 11 with value: 4.088492455391679.
[I 2026-05-22 12:52:43,701] Trial 43 finished with value: 4.07581844459055 and parameters: {'sl_mult': 0.5, 'adverse_exit_min_mae_sl_frac': 0.45, 'capital_protect_mfe_mult': 0.30000000000000004, 'capital_protect_regression_frac': 0.9, 'adverse_exit_min_speed': 1.5, 'adverse_exit_theta_quantile': 0.65}. Best is trial 11 with value: 4.088492455391679.
[I 2026-05-22 12:52:43,763] Trial 44 finished with value: 3.735116102034226 and parameters: {'sl_mult': 0.8, 'adverse_exit_min_mae_sl_frac': 0.6000000000000001, 'capital_protect_mfe_mult': 0.1, 'capital_protect_regression_frac': 0.8500000000000001, 'adverse_exit_min_speed': 1.4000000000000001, 'adverse_exit_theta_quantile': 0.75}. Best is trial 11 with value: 4.088492455391679.
[I 2026-05-22 12:52:43,827] Trial 45 finished with value: 3.807235711370595 and parameters: {'sl_mult': 0.6, 'adverse_exit_min_mae_sl_frac': 0.7, 'capital_protect_mfe_mult': 0.4, 'capital_protect_regression_frac': 0.65, 'adverse_exit_min_speed': 1.2000000000000002, 'adverse_exit_theta_quantile': 0.6}. Best is trial 11 with value: 4.088492455391679.
[I 2026-05-22 12:52:43,891] Trial 46 finished with value: 3.399003356671892 and parameters: {'sl_mult': 1.0, 'adverse_exit_min_mae_sl_frac': 0.55, 'capital_protect_mfe_mult': 1.5, 'capital_protect_regression_frac': 0.75, 'adverse_exit_min_speed': 1.5, 'adverse_exit_theta_quantile': 0.7}. Best is trial 11 with value: 4.088492455391679.
