[I 2026-05-22 12:49:27,695] Trial 10 finished with value: -10.0 and parameters: {'alpha_base': 1.4177048163455803, 'alpha_recency': 0.008995774433725678, 'alpha_tp_opportunity': 1.4543056661817992, 'alpha_meta_magnitude': 0.026942813422229595, 'alpha_base_reg_style': 0.5958136145466935, 'alpha_economic_relevance': 0.684491360700564, 'min_n_eff_ratio': 0.867816596756336, 'max_top1pct': 0.151485856961417}. Best is trial 4 with value: 0.1836596630269415.
[2026-05-22 10:49:27 UTC] CV fold complete | fold=1 seed=42 buckets_scored=1 train_size=15976 valid_size=4000 ic=0.167675 decile_spread=34.646803 pred_mean=-48.270008 pred_std=14.840294 valid_ret_mean=-35.669684 weighted_valid_ret_mean=-58.440087 mem_mb=9375.203125
[2026-05-22 10:49:27 UTC] CV fold complete | fold=2 seed=42 buckets_scored=1 train_size=15976 valid_size=4000 ic=0.123109 decile_spread=27.277811 pred_mean=-51.461079 pred_std=13.977472 valid_ret_mean=-29.595352 weighted_valid_ret_mean=-49.511110 mem_mb=9375.203125
[2026-05-22 10:49:27 UTC] CV fold complete | fold=3 seed=42 buckets_scored=1 train_size=15964 valid_size=4000 ic=0.190816 decile_spread=42.424755 pred_mean=-55.775227 pred_std=13.964158 valid_ret_mean=-29.138918 weighted_valid_ret_mean=-48.075246 mem_mb=9375.203125
[2026-05-22 10:49:27 UTC] CV fold complete | fold=4 seed=42 buckets_scored=1 train_size=15956 valid_size=4000 ic=0.176674 decile_spread=48.122909 pred_mean=-52.411358 pred_std=17.485102 valid_ret_mean=-31.808168 weighted_valid_ret_mean=-52.686405 mem_mb=9375.203125
[2026-05-22 10:49:27 UTC] CV fold complete | fold=5 seed=42 buckets_scored=1 train_size=15997 valid_size=4000 ic=0.256294 decile_spread=52.652489 pred_mean=-55.005985 pred_std=22.187939 valid_ret_mean=-38.111016 weighted_valid_ret_mean=-59.057583 mem_mb=9375.203125
[2026-05-22 10:49:27 UTC] CV fold complete | fold=1 seed=123 buckets_scored=1 train_size=15976 valid_size=4000 ic=0.167675 decile_spread=34.646803 pred_mean=-48.270008 pred_std=14.840294 valid_ret_mean=-35.669684 weighted_valid_ret_mean=-58.440087 mem_mb=9375.203125
[2026-05-22 10:49:27 UTC] CV fold complete | fold=2 seed=123 buckets_scored=1 train_size=15976 valid_size=4000 ic=0.123109 decile_spread=27.277811 pred_mean=-51.461079 pred_std=13.977472 valid_ret_mean=-29.595352 weighted_valid_ret_mean=-49.511110 mem_mb=9375.203125
[2026-05-22 10:49:27 UTC] CV fold complete | fold=3 seed=123 buckets_scored=1 train_size=15964 valid_size=4000 ic=0.190816 decile_spread=42.424755 pred_mean=-55.775227 pred_std=13.964158 valid_ret_mean=-29.138918 weighted_valid_ret_mean=-48.075246 mem_mb=9375.203125
[2026-05-22 10:49:27 UTC] CV fold complete | fold=4 seed=123 buckets_scored=1 train_size=15956 valid_size=4000 ic=0.176674 decile_spread=48.122909 pred_mean=-52.411358 pred_std=17.485102 valid_ret_mean=-31.808168 weighted_valid_ret_mean=-52.686405 mem_mb=9375.203125
[2026-05-22 10:49:27 UTC] CV fold complete | fold=5 seed=123 buckets_scored=1 train_size=15997 valid_size=4000 ic=0.256294 decile_spread=52.652489 pred_mean=-55.005985 pred_std=22.187939 valid_ret_mean=-38.111016 weighted_valid_ret_mean=-59.057583 mem_mb=9375.203125
[2026-05-22 10:49:27 UTC] Objective evaluated | n_eff=13710.800181 n_eff_ratio=0.685540 top1pct_share=0.017724 ic_mean=0.182914 ic_std=0.000000 decile_spread_mean=41.024953 objective=0.182914 weighted_return_mean=-53.667767 mem_mb=9375.203125
[2026-05-22 10:49:27 UTC] Optuna trial | trial=11 score=0.182914 n_eff=13710.800181 n_eff_ratio=0.685540 top1pct_weight_share=0.017724 weighted_return_mean=-53.667767 weight_std=1.528484 mem_mb=9375.203125
[I 2026-05-22 12:49:27,767] Trial 11 finished with value: 0.1829138472797357 and parameters: {'alpha_base': 1.175444431723525, 'alpha_recency': 1.493692282883065, 'alpha_tp_opportunity': 1.1234454350529244, 'alpha_meta_magnitude': 0.8887474087727919, 'alpha_base_reg_style': 0.0320933225872459, 'alpha_economic_relevance': 0.5557317869550529, 'min_n_eff_ratio': 0.15425621421009672, 'max_top1pct': 0.19087329435060482}. Best is trial 4 with value: 0.1836596630269415.
[2026-05-22 10:49:27 UTC] Weight optimisation complete | best_trial=4 n_trials=12 best_value=0.183660 mem_mb=9375.203125
[2026-05-22 10:49:27 UTC] [meta_loc_ema_stack_pos_24_0_43357179_compression_ratio_-0_33411601_mkt_ret_eq_24h_1_1280091_mkt_ret_eq_24h_-0_81129736_up_down_semivol_ratio_tanh_-0_39156261_reg] sample-weight optimization objective=0.18366 alphas={'base': 0.09757738947791927, 'recency': 1.42332830588, 'tp_opportunity': 1.448448049611839, 'meta_magnitude': 1.2125960221746916, 'base_reg_style': 0.45692065376005603, 'economic_relevance': 0.1465081710095758}
[2026-05-22 10:49:27 UTC] meta_loc_ema_stack_pos_24_0_43357179_compression_ratio_-0_33411601_mkt_ret_eq_24h_1_1280091_mkt_ret_eq_24h_-0_81129736_up_down_semivol_ratio_tanh_-0_39156261_reg_optimized weights | mean=2.3674 std=1.4905 p1=0.5000 p5=0.5000 p50=2.5677 p95=3.9999 p99=4.0000 max=4.0000 n_eff=276067.3404 top1pct_share=0.0169 era_neff_min=2717.9247 era_neff_mean=7896.4243
[2026-05-22 10:49:27 UTC] Meta loc_ema_stack_pos_24_0_43357179_compression_ratio_-0_33411601_mkt_ret_eq_24h_1_1280091_mkt_ret_eq_24h_-0_81129736_up_down_semivol_ratio_tanh_-0_39156261_reg: skipped (meta_train_regression_bucket_model=False)
[2026-05-22 10:49:27 UTC] Meta short_loc_ema_stack_pos_24_0_43357179_compression_ratio_-0_33411601_mkt_ret_eq_24h_1_1280091_mkt_ret_eq_24h_-0_81129736_up_down_semivol_ratio_tanh_-0_39156261: auxiliary MAE/MFE/utility/asym heads disabled.
[2026-05-22 10:49:27 UTC] Meta short_loc_ema_stack_pos_24_0_43357179_compression_ratio_-0_33411601_mkt_ret_eq_24h_1_1280091_mkt_ret_eq_24h_-0_81129736_up_down_semivol_ratio_tanh_-0_39156261: skipped legacy WeakResidualMetaClassifier; lgbm_pipeline mode uses only the LGBM pipeline selector/model.
[2026-05-22 10:49:27 UTC] 
════════════════════════════════════════════════════════════════════════════════════════════════════════════════════════════════════════════════════
[2026-05-22 10:49:27 UTC]   META HEADS SUMMARY TABLE (Utility / MAE / MFE / Asym / Early-Inval / TBM Corr)
[2026-05-22 10:49:27 UTC] ════════════════════════════════════════════════════════════════════════════════════════════════════════════════════════════════════════════════════
[2026-05-22 10:49:27 UTC]   Bucket              U_IC  MAE_IC  MFE_IC ASYM_IC  MAE~SL  MFE~TP  ASY~TP  ASY~SL  EI_AUC  EI_P@10        N
[2026-05-22 10:49:27 UTC]   ──────────────────────────────────────────────────────────────────────────────────────────────────────────────────────────────────────────────────
[2026-05-22 10:49:27 UTC]   short_loc_ema_stack_pos_24_0_43357179_compression_ratio_-0_33411601_mkt_ret_eq_24h_1_1280091_mkt_ret_eq_24h_-0_81129736_up_down_semivol_ratio_tanh_-0_39156261     nan     nan     nan     nan     nan     nan     nan     nan     nan      nan        0
[2026-05-22 10:49:27 UTC] ════════════════════════════════════════════════════════════════════════════════════════════════════════════════════════════════════════════════════

[2026-05-22 10:49:27 UTC] Meta loc_ema_stack_pos_24_0_43357179_compression_ratio_-0_33411601_mkt_ret_eq_24h_1_1280091_mkt_ret_eq_24h_-0_81129736_up_down_semivol_ratio_tanh_-0_39156261: passed meta-quality gate (classifier-only EBM heads present).
[2026-05-22 10:49:27 UTC] Meta strategy-quality gate passed all trained strategies.
[2026-05-22 10:49:31 UTC]     SCHEMA WARNING: short_loc_ema_stack_pos_24_0_43357179_compression_ratio_-0_33411601_mkt_ret_eq_24h_1_1280091_mkt_ret_eq_24h_-0_81129736_up_down_semivol_ratio_tanh_-0_39156261_clf missing columns: ['u_policy_net']
[2026-05-22 10:49:31 UTC]     SCHEMA WARNING: short_loc_ema_stack_pos_24_0_43357179_compression_ratio_-0_33411601_mkt_ret_eq_24h_1_1280091_mkt_ret_eq_24h_-0_81129736_up_down_semivol_ratio_tanh_-0_39156261_clf column exit_code is not numeric
[2026-05-22 10:49:31 UTC] Saved meta OOF predictions for short_loc_ema_stack_pos_24_0_43357179_compression_ratio_-0_33411601_mkt_ret_eq_24h_1_1280091_mkt_ret_eq_24h_-0_81129736_up_down_semivol_ratio_tanh_-0_39156261_clf to /Users/remyroche/Documents/Ares/data_perp_policy_rollout_feature_selector_experiment_v3/rollout_off_new_perp/artifacts/20260522_101002/meta_oof/meta_oof_short_loc_ema_stack_pos_24_0_43357179_compression_ratio_-0_33411601_mkt_ret_eq_24h_1_1280091_mkt_ret_eq_24h_-0_81129736_up_down_semivol_ratio_tanh_-0_39156261_clf.parquet
[2026-05-22 10:49:31 UTC] Saved meta feature contracts for 1 heads to /Users/remyroche/Documents/Ares/data_perp_policy_rollout_feature_selector_experiment_v3/rollout_off_new_perp/artifacts/20260522_101002/meta_oof/meta_feature_contract.json
[2026-05-22 10:49:31 UTC] train_meta_models_from_artifacts: done (2042.8s), 1 meta models
[2026-05-22 10:49:31 UTC] 
=== META MODEL SELECTED FEATURES (Top 20) ===
[2026-05-22 10:49:31 UTC] === END META FEATURES ===

[2026-05-22 10:49:31 UTC] Meta models trained: 1
[2026-05-22 10:49:31 UTC] Entering function: __exit__ in utils.py
[2026-05-22 10:49:31 UTC] END: Meta Model Training (2042.98s)
[2026-05-22 10:49:31 UTC] DAILY META TRAINING COMPLETE
[2026-05-22 10:49:31 UTC] Meta model state saved atomically to /Users/remyroche/Documents/Ares/data_perp_policy_rollout_feature_selector_experiment_v3/rollout_off_new_perp/artifacts/20260522_101002/models/model_state_meta.pkl using joblib
[2026-05-22 10:49:32 UTC] TRAIN_META PIPELINE COMPLETE
[2026-05-22 10:49:32 UTC] CACHE[train_meta:end]: skipped cache wipe (mem_avail=10.6GB)
[2026-05-22 10:49:32 UTC] GC[train_meta:end]: collected=0
verified meta model state: /Users/remyroche/Documents/Ares/data_perp_policy_rollout_feature_selector_experiment_v3/rollout_off_new_perp/artifacts/20260522_101002/models/model_state_meta.pkl
verified meta OOF directory: /Users/remyroche/Documents/Ares/data_perp_policy_rollout_feature_selector_experiment_v3/rollout_off_new_perp/artifacts/20260522_101002/meta_oof
[2026-05-22 10:49:33 UTC] Entering function: retry_with_backoff in utils.py
2026-05-22 12:49:35,731 - DataQualityFramework - INFO - ℹ️ ✅ Comprehensive duplicate analyzer integrated
2026-05-22 12:49:35,731 - DataQualityFramework - INFO - ℹ️ 🔧 Unified Data Quality Framework initialized (singleton)
[2026-05-22 12:49:35.731] PERFORMANCE: DataQualityFramework initialization took 0.000s
2026-05-22 12:49:35,732 - System.tprint - INFO - ℹ️ DataQualityFramework initialization took 0.000s
2026-05-22 12:49:35,942 - ares.registry - INFO - ℹ️ Registered step: data_download
2026-05-22 12:49:35,945 - System.AdvancedQualityMetrics - INFO - ℹ️ 📊 AdvancedQualityMetrics initialized with tolerant parameters
[2026-05-22 12:49:35.945] PERFORMANCE: AdvancedQualityMetrics initialization took 0.000s
2026-05-22 12:49:35,945 - System.tprint - INFO - ℹ️ AdvancedQualityMetrics initialization took 0.000s
2026-05-22 12:49:35,947 - DataCleaner - INFO - ℹ️ Using klines-specific gap thresholds: {<GapType.SMALL: 'small'>: 65, <GapType.MEDIUM: 'medium'>: 300, <GapType.LARGE: 'large'>: 1800, <GapType.CRITICAL: 'critical'>: 3600}
[2026-05-22 12:49:35.948] PERFORMANCE: DataCleaner(klines) initialization took 0.000s
2026-05-22 12:49:35,948 - System.tprint - INFO - ℹ️ DataCleaner(klines) initialization took 0.000s
2026-05-22 12:49:35,948 - DataCleanerManager - INFO - ℹ️ 🔧 DataCleanerManager initialized (singleton)
[2026-05-22 12:49:35.957] DEBUG: 🔧 [features_common.utils] Initializing common utilities module
[2026-05-22 12:49:35.957] SUCCESS: ✅ [features_common.utils] Math validation utilities loaded
2026-05-22 12:49:35,957 - System.tprint - INFO - ℹ️ ✅ [features_common.utils] Math validation utilities loaded
[2026-05-22 12:49:35.957] DEBUG: 🔧 [features_common.utils] Common utilities module initialized
2026-05-22 12:49:38,165 - src.utils.hardware.m1_gpu_utils.M1GPUManager - INFO - ℹ️ M1 GPU Manager initialized - M1: True, Generation: m1, MPS: True
2026-05-22 12:49:38,187 - src.utils.hardware.m1_cpu_optimizer.M1CPUOptimizer - INFO - ℹ️ 🧠 M1 CPU Optimizer initialized for M1 (4P+4E cores)
[2026-05-22 12:49:38.277] DEBUG: 🔧 [transforms] Module initialized with 15 exports
2026-05-22 12:49:38,278 - src.features_common.backward_compatibility - INFO - ℹ️ Backward compatibility ensured for features_common
[2026-05-22 12:49:38.278] DEBUG: 🔧 [optimization] Module initialized with 6 exports
[2026-05-22 12:49:38.278] DEBUG: 🔧 [registry] Module initialized with BaseFeatureRegistry
[2026-05-22 12:49:38.281] DEBUG: 🚀 [features_common] Enhanced module initialized with 59 exports
[2026-05-22 12:49:38.281] SUCCESS: ✅ [features_common] All optimizations enabled by default
2026-05-22 12:49:38,281 - System.tprint - INFO - ℹ️ ✅ [features_common] All optimizations enabled by default
[2026-05-22 12:49:38.281] INFO: 🔧 [features_common] VectorBT integration available
2026-05-22 12:49:38,282 - System.tprint - INFO - ℹ️ 🔧 [features_common] VectorBT integration available
[2026-05-22 12:49:38.281] PERFORMANCE: 📊 [features_common] Performance monitoring enabled
2026-05-22 12:49:38,282 - System.tprint - INFO - ℹ️ 📊 [features_common] Performance monitoring enabled
[2026-05-22 12:49:38.281] WARNING: 💾 [features_common] Intelligent caching active
2026-05-22 12:49:38,282 - System.tprint - WARNING - ⚠️ 💾 [features_common] Intelligent caching active
2026-05-22 12:49:38,282 - System.DataStreamingManager - INFO - ℹ️ 🚀 DataStreamingManager initialized (singleton): chunk_size=10000, memory_threshold=0.8
[2026-05-22 12:49:38.281] PERFORMANCE: DataStreamingManager initialization took 0.000s
2026-05-22 12:49:38,282 - System.tprint - INFO - ℹ️ DataStreamingManager initialization took 0.000s
[2026-05-22 12:49:38.285] ✅ Custom logger available for MLCommon.ValidationUtils
2026-05-22 12:49:38,285 - System.tprint - INFO - ℹ️ ✅ Custom logger available for MLCommon.ValidationUtils
2026-05-22 12:49:38,286 - System.CrossStepValidator - INFO - ℹ️ 🔍 CrossStepValidator initialized with comprehensive consistency rules
2026-05-22 12:49:38,287 - System.UnifiedDataUtils - INFO - ℹ️ 🚀 Unified Data Utils initialized
[2026-05-22 10:49:38 UTC] EBMOnLGBM: J weights do not sum to 1.0 (sum=0.900000); using them as provided.
[2026-05-22 10:49:38 UTC]   No meta_models found in trained state
[2026-05-22 10:49:38 UTC]   Attached meta feature contracts to 1 meta models
[2026-05-22 10:49:38 UTC]   Loaded 1 meta models from model_state_meta.pkl
[2026-05-22 10:49:38 UTC]   RidgePositionSizer model not found in artifact or shared model directories
[2026-05-22 10:49:38 UTC] WARNING: Policy params file not found in any sizer artifact dir: ['/Users/remyroche/Documents/Ares/data_perp_policy_rollout_feature_selector_experiment_v3/rollout_off_new_perp/artifacts/20260522_101002/simple_position_sizer', '/Users/remyroche/Documents/Ares/data_perp_policy_rollout_feature_selector_experiment_v3/rollout_off_new_perp/artifacts/20260522_101002/ridge_sizer']
[2026-05-22 10:49:38 UTC] Loaded full state for run_id=20260522_101002
[2026-05-22 10:50:31 UTC] Meta inference: materialized model-derived contract columns from base prediction (157 columns for short_loc_ema_stack_pos_24_0_43357179_compression_ratio_-0_33411601_mkt_ret_eq_24h_1_1280091_mkt_ret_eq_24h_-0_81129736_up_down_semivol_ratio_tanh_-0_39156261).
2026-05-22 12:50:54,081 - __main__ - INFO - ℹ️ Optimising strategy: short_loc_ema_stack_pos_24_0_43357179_compression_ratio_-0_33411601_mkt_ret_eq_24h_1_1280091_mkt_ret_eq_24h_-0_81129736_up_down_semivol_ratio_tanh_-0_39156261
2026-05-22 12:50:54,426 - __main__ - INFO - ℹ️ [short_loc_ema_stack_pos_24_0_43357179_compression_ratio_-0_33411601_mkt_ret_eq_24h_1_1280091_mkt_ret_eq_24h_-0_81129736_up_down_semivol_ratio_tanh_-0_39156261] Persisted policy rank reference: path=/Users/remyroche/Documents/Ares/data_perp_policy_rollout_feature_selector_experiment_v3/rollout_off_new_perp/artifacts/20260522_101002/simple_policy_optimiser/rank_reference/short_loc_ema_stack_pos_24_0_43357179_compression_ratio_-0_33411601_mkt_ret_eq_24h_1_1280091_mkt_ret_eq_24h_-0_81129736_up_down_semivol_ratio_tanh_-0_39156261.parquet rows=271874
2026-05-22 12:50:56,873 - __main__ - INFO - ℹ️ [short_loc_ema_stack_pos_24_0_43357179_compression_ratio_-0_33411601_mkt_ret_eq_24h_1_1280091_mkt_ret_eq_24h_-0_81129736_up_down_semivol_ratio_tanh_-0_39156261] Policy path matrix built: rows=271874 shape=(271874, 96) finite_entries=271874 elapsed=2.4s
2026-05-22 12:50:57,172 - __main__ - INFO - ℹ️ Stage A simple TP/SL simulated: sl=0.80 tp=1.00 rows=271874 elapsed=0.2s
2026-05-22 12:50:57,318 - __main__ - INFO - ℹ️ Stage A simple TP/SL simulated: sl=0.80 tp=1.50 rows=271874 elapsed=0.1s
2026-05-22 12:50:57,457 - __main__ - INFO - ℹ️ Stage A simple TP/SL simulated: sl=0.80 tp=2.00 rows=271874 elapsed=0.1s
2026-05-22 12:50:57,595 - __main__ - INFO - ℹ️ Stage A simple TP/SL simulated: sl=0.80 tp=2.50 rows=271874 elapsed=0.1s
2026-05-22 12:50:57,733 - __main__ - INFO - ℹ️ Stage A simple TP/SL simulated: sl=1.00 tp=1.00 rows=271874 elapsed=0.1s
2026-05-22 12:50:57,872 - __main__ - INFO - ℹ️ Stage A simple TP/SL simulated: sl=1.00 tp=1.50 rows=271874 elapsed=0.1s
2026-05-22 12:50:58,010 - __main__ - INFO - ℹ️ Stage A simple TP/SL simulated: sl=1.00 tp=2.00 rows=271874 elapsed=0.1s
2026-05-22 12:50:58,148 - __main__ - INFO - ℹ️ Stage A simple TP/SL simulated: sl=1.00 tp=2.50 rows=271874 elapsed=0.1s
2026-05-22 12:50:58,287 - __main__ - INFO - ℹ️ Stage A simple TP/SL simulated: sl=1.20 tp=1.00 rows=271874 elapsed=0.1s
2026-05-22 12:50:58,425 - __main__ - INFO - ℹ️ Stage A simple TP/SL simulated: sl=1.20 tp=1.50 rows=271874 elapsed=0.1s
2026-05-22 12:50:58,563 - __main__ - INFO - ℹ️ Stage A simple TP/SL simulated: sl=1.20 tp=2.00 rows=271874 elapsed=0.1s
2026-05-22 12:50:58,700 - __main__ - INFO - ℹ️ Stage A simple TP/SL simulated: sl=1.20 tp=2.50 rows=271874 elapsed=0.1s
2026-05-22 12:50:58,842 - __main__ - INFO - ℹ️ Stage A simple TP/SL simulated: sl=1.50 tp=1.00 rows=271874 elapsed=0.1s
2026-05-22 12:50:58,982 - __main__ - INFO - ℹ️ Stage A simple TP/SL simulated: sl=1.50 tp=1.50 rows=271874 elapsed=0.1s
2026-05-22 12:50:59,120 - __main__ - INFO - ℹ️ Stage A simple TP/SL simulated: sl=1.50 tp=2.00 rows=271874 elapsed=0.1s
2026-05-22 12:50:59,259 - __main__ - INFO - ℹ️ Stage A simple TP/SL simulated: sl=1.50 tp=2.50 rows=271874 elapsed=0.1s
2026-05-22 12:51:01,172 - __main__ - INFO - ℹ️ Stage A threshold discovery progress: 1/50 threshold=0.5000 elapsed=1.9s
2026-05-22 12:51:08,529 - __main__ - INFO - ℹ️ Stage A threshold discovery progress: 5/50 threshold=0.5400 elapsed=9.3s
2026-05-22 12:51:17,636 - __main__ - INFO - ℹ️ Stage A threshold discovery progress: 10/50 threshold=0.5900 elapsed=18.4s
2026-05-22 12:51:26,547 - __main__ - INFO - ℹ️ Stage A threshold discovery progress: 15/50 threshold=0.6400 elapsed=27.3s
2026-05-22 12:51:35,368 - __main__ - INFO - ℹ️ Stage A threshold discovery progress: 20/50 threshold=0.6900 elapsed=36.1s
2026-05-22 12:51:44,181 - __main__ - INFO - ℹ️ Stage A threshold discovery progress: 25/50 threshold=0.7400 elapsed=44.9s
2026-05-22 12:51:52,793 - __main__ - INFO - ℹ️ Stage A threshold discovery progress: 30/50 threshold=0.7900 elapsed=53.5s
2026-05-22 12:52:01,654 - __main__ - INFO - ℹ️ Stage A threshold discovery progress: 35/50 threshold=0.8400 elapsed=62.4s
2026-05-22 12:52:10,645 - __main__ - INFO - ℹ️ Stage A threshold discovery progress: 40/50 threshold=0.8900 elapsed=71.4s
2026-05-22 12:52:17,096 - __main__ - INFO - ℹ️ Stage A threshold discovery progress: 45/50 threshold=0.9400 elapsed=77.8s
2026-05-22 12:52:19,476 - __main__ - INFO - ℹ️ Stage A threshold discovery progress: 50/50 threshold=0.9900 elapsed=80.2s
2026-05-22 12:52:19,523 - __main__ - INFO - ℹ️ [short_loc_ema_stack_pos_24_0_43357179_compression_ratio_-0_33411601_mkt_ret_eq_24h_1_1280091_mkt_ret_eq_24h_-0_81129736_up_down_semivol_ratio_tanh_-0_39156261] Stage A threshold discovery completed: elapsed=82.6s n_trades=1818 mean_net=0.000000
2026-05-22 12:52:19,531 - __main__ - INFO - ℹ️ [short_loc_ema_stack_pos_24_0_43357179_compression_ratio_-0_33411601_mkt_ret_eq_24h_1_1280091_mkt_ret_eq_24h_-0_81129736_up_down_semivol_ratio_tanh_-0_39156261] Stage A threshold discovery selected raw_rank>=0.8400; deployed_rank>=0.9400 after extra_requirement=0.1000 from 271874 full policy rows -> 16313 Stage B optimisation rows. simple_sl=0.80 simple_tp=2.50 mean_net_trade=0.000000 n_trades=1818 stage_a_round_trip_cost=0.0070
2026-05-22 12:52:19,531 - __main__ - INFO - ℹ️ [short_loc_ema_stack_pos_24_0_43357179_compression_ratio_-0_33411601_mkt_ret_eq_24h_1_1280091_mkt_ret_eq_24h_-0_81129736_up_down_semivol_ratio_tanh_-0_39156261] Running 3-fold chronological CV on 16313 Stage B policy rows; fold sizes=[5438, 5438, 5437]
[I 2026-05-22 12:52:19,536] A new study created in memory with name: no-name-46b1f620-b2fe-40e1-b24e-30ff8e7f29ee
[I 2026-05-22 12:52:19,579] Trial 0 finished with value: 1.3960919943172485 and parameters: {'sl_mult': 0.9, 'trailing_activation_mult': 1.5, 'trailing_power': 1.4, 'trailing_squash_divisor': 1.0, 'giveback_beta': 0.3, 'capital_protect_mfe_mult': 1.0, 'capital_protect_regression_frac': 0.35}. Best is trial 0 with value: 1.3960919943172485.
[I 2026-05-22 12:52:19,622] Trial 1 finished with value: 0.7440208131738473 and parameters: {'sl_mult': 1.5, 'trailing_activation_mult': 1.5, 'trailing_power': 1.7, 'trailing_squash_divisor': 4.0, 'giveback_beta': 0.4, 'capital_protect_mfe_mult': 0.75, 'capital_protect_regression_frac': 0.35}. Best is trial 0 with value: 1.3960919943172485.
[I 2026-05-22 12:52:19,665] Trial 2 finished with value: 0.598715540554258 and parameters: {'sl_mult': 1.3, 'trailing_activation_mult': 2.0, 'trailing_power': 1.2, 'trailing_squash_divisor': 3.0, 'giveback_beta': 0.7, 'capital_protect_mfe_mult': 0.0, 'capital_protect_regression_frac': 0.55}. Best is trial 0 with value: 1.3960919943172485.
