[I 2026-05-22 12:52:52,911] Trial 127 finished with value: 4.48516295334557 and parameters: {'sl_mult': 0.5, 'trailing_activation_mult': 1.0, 'trailing_power': 1.3, 'trailing_squash_divisor': 1.5, 'giveback_beta': 0.4, 'capital_protect_mfe_mult': 0.75, 'capital_protect_regression_frac': 0.25}. Best is trial 105 with value: 4.485879870562348.
[I 2026-05-22 12:52:52,963] Trial 128 finished with value: 4.2859671316342425 and parameters: {'sl_mult': 0.9, 'trailing_activation_mult': 1.0, 'trailing_power': 1.3, 'trailing_squash_divisor': 1.5, 'giveback_beta': 0.4, 'capital_protect_mfe_mult': 0.75, 'capital_protect_regression_frac': 0.25}. Best is trial 105 with value: 4.485879870562348.
[I 2026-05-22 12:52:53,016] Trial 129 finished with value: 4.48516295334557 and parameters: {'sl_mult': 0.5, 'trailing_activation_mult': 1.0, 'trailing_power': 1.3, 'trailing_squash_divisor': 1.5, 'giveback_beta': 0.4, 'capital_protect_mfe_mult': 1.0, 'capital_protect_regression_frac': 0.25}. Best is trial 105 with value: 4.485879870562348.
[I 2026-05-22 12:52:53,071] Trial 130 finished with value: 4.48516295334557 and parameters: {'sl_mult': 0.5, 'trailing_activation_mult': 1.0, 'trailing_power': 1.3, 'trailing_squash_divisor': 1.5, 'giveback_beta': 0.4, 'capital_protect_mfe_mult': 0.75, 'capital_protect_regression_frac': 0.25}. Best is trial 105 with value: 4.485879870562348.
[I 2026-05-22 12:52:53,127] Trial 131 finished with value: 4.48516295334557 and parameters: {'sl_mult': 0.5, 'trailing_activation_mult': 1.0, 'trailing_power': 1.3, 'trailing_squash_divisor': 1.5, 'giveback_beta': 0.4, 'capital_protect_mfe_mult': 0.75, 'capital_protect_regression_frac': 0.25}. Best is trial 105 with value: 4.485879870562348.
[I 2026-05-22 12:52:53,182] Trial 132 finished with value: 4.48516295334557 and parameters: {'sl_mult': 0.5, 'trailing_activation_mult': 1.0, 'trailing_power': 1.3, 'trailing_squash_divisor': 1.5, 'giveback_beta': 0.4, 'capital_protect_mfe_mult': 0.75, 'capital_protect_regression_frac': 0.25}. Best is trial 105 with value: 4.485879870562348.
[I 2026-05-22 12:52:53,239] Trial 133 finished with value: 4.48516295334557 and parameters: {'sl_mult': 0.5, 'trailing_activation_mult': 1.0, 'trailing_power': 1.3, 'trailing_squash_divisor': 1.5, 'giveback_beta': 0.4, 'capital_protect_mfe_mult': 0.75, 'capital_protect_regression_frac': 0.25}. Best is trial 105 with value: 4.485879870562348.
[I 2026-05-22 12:52:53,296] Trial 134 finished with value: 4.2938401979161425 and parameters: {'sl_mult': 1.0, 'trailing_activation_mult': 1.0, 'trailing_power': 1.3, 'trailing_squash_divisor': 1.5, 'giveback_beta': 0.4, 'capital_protect_mfe_mult': 0.75, 'capital_protect_regression_frac': 0.25}. Best is trial 105 with value: 4.485879870562348.
[I 2026-05-22 12:52:53,353] Trial 135 finished with value: 4.48516295334557 and parameters: {'sl_mult': 0.5, 'trailing_activation_mult': 1.0, 'trailing_power': 1.3, 'trailing_squash_divisor': 1.5, 'giveback_beta': 0.4, 'capital_protect_mfe_mult': 0.75, 'capital_protect_regression_frac': 0.25}. Best is trial 105 with value: 4.485879870562348.
[I 2026-05-22 12:52:53,409] Trial 136 finished with value: 4.48516295334557 and parameters: {'sl_mult': 0.5, 'trailing_activation_mult': 1.0, 'trailing_power': 1.3, 'trailing_squash_divisor': 1.5, 'giveback_beta': 0.4, 'capital_protect_mfe_mult': 0.0, 'capital_protect_regression_frac': 0.25}. Best is trial 105 with value: 4.485879870562348.
[I 2026-05-22 12:52:53,465] Trial 137 finished with value: 4.304573843348772 and parameters: {'sl_mult': 0.6, 'trailing_activation_mult': 1.0, 'trailing_power': 1.3, 'trailing_squash_divisor': 1.5, 'giveback_beta': 0.4, 'capital_protect_mfe_mult': 0.75, 'capital_protect_regression_frac': 0.25}. Best is trial 105 with value: 4.485879870562348.
[I 2026-05-22 12:52:53,522] Trial 138 finished with value: 4.332744933571666 and parameters: {'sl_mult': 0.8, 'trailing_activation_mult': 1.0, 'trailing_power': 1.3, 'trailing_squash_divisor': 1.5, 'giveback_beta': 0.6, 'capital_protect_mfe_mult': 0.75, 'capital_protect_regression_frac': 0.25}. Best is trial 105 with value: 4.485879870562348.
[I 2026-05-22 12:52:53,579] Trial 139 finished with value: 4.48516295334557 and parameters: {'sl_mult': 0.5, 'trailing_activation_mult': 1.0, 'trailing_power': 1.3, 'trailing_squash_divisor': 1.5, 'giveback_beta': 0.4, 'capital_protect_mfe_mult': 0.75, 'capital_protect_regression_frac': 0.25}. Best is trial 105 with value: 4.485879870562348.
[I 2026-05-22 12:52:53,636] Trial 140 finished with value: 4.4857706226990555 and parameters: {'sl_mult': 0.5, 'trailing_activation_mult': 1.0, 'trailing_power': 1.2, 'trailing_squash_divisor': 1.5, 'giveback_beta': 0.4, 'capital_protect_mfe_mult': 0.75, 'capital_protect_regression_frac': 0.25}. Best is trial 105 with value: 4.485879870562348.
[I 2026-05-22 12:52:53,692] Trial 141 finished with value: 4.4857706226990555 and parameters: {'sl_mult': 0.5, 'trailing_activation_mult': 1.0, 'trailing_power': 1.2, 'trailing_squash_divisor': 1.5, 'giveback_beta': 0.4, 'capital_protect_mfe_mult': 0.75, 'capital_protect_regression_frac': 0.25}. Best is trial 105 with value: 4.485879870562348.
[I 2026-05-22 12:52:53,749] Trial 142 finished with value: 4.4857706226990555 and parameters: {'sl_mult': 0.5, 'trailing_activation_mult': 1.0, 'trailing_power': 1.2, 'trailing_squash_divisor': 1.5, 'giveback_beta': 0.4, 'capital_protect_mfe_mult': 0.75, 'capital_protect_regression_frac': 0.25}. Best is trial 105 with value: 4.485879870562348.
[I 2026-05-22 12:52:53,805] Trial 143 finished with value: 4.474556014372501 and parameters: {'sl_mult': 0.5, 'trailing_activation_mult': 1.0, 'trailing_power': 1.2, 'trailing_squash_divisor': 1.5, 'giveback_beta': 0.5, 'capital_protect_mfe_mult': 0.75, 'capital_protect_regression_frac': 0.25}. Best is trial 105 with value: 4.485879870562348.
[I 2026-05-22 12:52:53,861] Trial 144 finished with value: 4.4857706226990555 and parameters: {'sl_mult': 0.5, 'trailing_activation_mult': 1.0, 'trailing_power': 1.2, 'trailing_squash_divisor': 1.5, 'giveback_beta': 0.4, 'capital_protect_mfe_mult': 0.75, 'capital_protect_regression_frac': 0.25}. Best is trial 105 with value: 4.485879870562348.
[I 2026-05-22 12:52:53,924] Trial 145 finished with value: 4.2987254611216486 and parameters: {'sl_mult': 1.2, 'trailing_activation_mult': 1.0, 'trailing_power': 1.2, 'trailing_squash_divisor': 1.5, 'giveback_beta': 0.7, 'capital_protect_mfe_mult': 0.75, 'capital_protect_regression_frac': 0.25}. Best is trial 105 with value: 4.485879870562348.
[I 2026-05-22 12:52:53,990] Trial 146 finished with value: 3.7601845934637823 and parameters: {'sl_mult': 0.5, 'trailing_activation_mult': 1.0, 'trailing_power': 1.2, 'trailing_squash_divisor': 5.0, 'giveback_beta': 0.4, 'capital_protect_mfe_mult': 0.75, 'capital_protect_regression_frac': 0.25}. Best is trial 105 with value: 4.485879870562348.
[I 2026-05-22 12:52:54,053] Trial 147 finished with value: 4.06471203478286 and parameters: {'sl_mult': 0.5, 'trailing_activation_mult': 1.0, 'trailing_power': 1.2, 'trailing_squash_divisor': 4.0, 'giveback_beta': 0.4, 'capital_protect_mfe_mult': 0.75, 'capital_protect_regression_frac': 0.25}. Best is trial 105 with value: 4.485879870562348.
[I 2026-05-22 12:52:54,224] Trial 148 finished with value: 4.345615848503075 and parameters: {'sl_mult': 0.7, 'trailing_activation_mult': 1.0, 'trailing_power': 1.2, 'trailing_squash_divisor': 1.5, 'giveback_beta': 0.4, 'capital_protect_mfe_mult': 0.75, 'capital_protect_regression_frac': 0.25}. Best is trial 105 with value: 4.485879870562348.
[I 2026-05-22 12:52:54,292] Trial 149 finished with value: 4.197762711404357 and parameters: {'sl_mult': 0.5, 'trailing_activation_mult': 1.0, 'trailing_power': 1.2, 'trailing_squash_divisor': 3.0, 'giveback_beta': 0.4, 'capital_protect_mfe_mult': 0.75, 'capital_protect_regression_frac': 0.25}. Best is trial 105 with value: 4.485879870562348.
[I 2026-05-22 12:52:54,353] Trial 150 finished with value: 4.4857706226990555 and parameters: {'sl_mult': 0.5, 'trailing_activation_mult': 1.0, 'trailing_power': 1.2, 'trailing_squash_divisor': 1.5, 'giveback_beta': 0.4, 'capital_protect_mfe_mult': 1.0, 'capital_protect_regression_frac': 0.25}. Best is trial 105 with value: 4.485879870562348.
[I 2026-05-22 12:52:54,415] Trial 151 finished with value: 4.4857706226990555 and parameters: {'sl_mult': 0.5, 'trailing_activation_mult': 1.0, 'trailing_power': 1.2, 'trailing_squash_divisor': 1.5, 'giveback_beta': 0.4, 'capital_protect_mfe_mult': 1.0, 'capital_protect_regression_frac': 0.25}. Best is trial 105 with value: 4.485879870562348.
[I 2026-05-22 12:52:54,481] Trial 152 finished with value: 4.4857706226990555 and parameters: {'sl_mult': 0.5, 'trailing_activation_mult': 1.0, 'trailing_power': 1.2, 'trailing_squash_divisor': 1.5, 'giveback_beta': 0.4, 'capital_protect_mfe_mult': 1.0, 'capital_protect_regression_frac': 0.25}. Best is trial 105 with value: 4.485879870562348.
[I 2026-05-22 12:52:54,543] Trial 153 finished with value: 4.4857706226990555 and parameters: {'sl_mult': 0.5, 'trailing_activation_mult': 1.0, 'trailing_power': 1.2, 'trailing_squash_divisor': 1.5, 'giveback_beta': 0.4, 'capital_protect_mfe_mult': 1.0, 'capital_protect_regression_frac': 0.25}. Best is trial 105 with value: 4.485879870562348.
[I 2026-05-22 12:52:54,601] Trial 154 finished with value: 4.0024218134116385 and parameters: {'sl_mult': 1.4, 'trailing_activation_mult': 1.0, 'trailing_power': 1.2, 'trailing_squash_divisor': 2.5, 'giveback_beta': 0.4, 'capital_protect_mfe_mult': 1.0, 'capital_protect_regression_frac': 0.55}. Best is trial 105 with value: 4.485879870562348.
[I 2026-05-22 12:52:54,654] Trial 155 finished with value: 4.437958863063249 and parameters: {'sl_mult': 0.5, 'trailing_activation_mult': 1.0, 'trailing_power': 1.2, 'trailing_squash_divisor': 1.5, 'giveback_beta': 0.9, 'capital_protect_mfe_mult': 1.0, 'capital_protect_regression_frac': 0.25}. Best is trial 105 with value: 4.485879870562348.
[I 2026-05-22 12:52:54,693] A new study created in memory with name: no-name-652ae155-846a-4172-a4b4-9a86b920dfa1
[I 2026-05-22 12:52:54,750] Trial 0 finished with value: 3.774158490798436 and parameters: {'sl_mult': 2.4000000000000004, 'adverse_exit_min_mae_sl_frac': 0.30000000000000004, 'capital_protect_mfe_mult': 0.5, 'capital_protect_regression_frac': 0.35000000000000003, 'adverse_exit_min_speed': 0.6, 'adverse_exit_theta_quantile': 0.65}. Best is trial 0 with value: 3.774158490798436.
[I 2026-05-22 12:52:54,805] Trial 1 finished with value: 3.967727657651994 and parameters: {'sl_mult': 1.2000000000000002, 'adverse_exit_min_mae_sl_frac': 0.25, 'capital_protect_mfe_mult': 2.5, 'capital_protect_regression_frac': 0.65, 'adverse_exit_min_speed': 0.30000000000000004, 'adverse_exit_theta_quantile': 0.55}. Best is trial 1 with value: 3.967727657651994.
[I 2026-05-22 12:52:54,859] Trial 2 finished with value: 3.787187767121941 and parameters: {'sl_mult': 0.7, 'adverse_exit_min_mae_sl_frac': 0.2, 'capital_protect_mfe_mult': 1.4000000000000001, 'capital_protect_regression_frac': 0.2, 'adverse_exit_min_speed': 0.30000000000000004, 'adverse_exit_theta_quantile': 0.5}. Best is trial 1 with value: 3.967727657651994.
[I 2026-05-22 12:52:54,917] Trial 3 finished with value: 4.024904712545686 and parameters: {'sl_mult': 2.9000000000000004, 'adverse_exit_min_mae_sl_frac': 0.6000000000000001, 'capital_protect_mfe_mult': 1.8, 'capital_protect_regression_frac': 0.05, 'adverse_exit_min_speed': 0.4, 'adverse_exit_theta_quantile': 0.55}. Best is trial 3 with value: 4.024904712545686.
[I 2026-05-22 12:52:54,976] Trial 4 finished with value: 4.139216934656725 and parameters: {'sl_mult': 2.2, 'adverse_exit_min_mae_sl_frac': 0.65, 'capital_protect_mfe_mult': 0.30000000000000004, 'capital_protect_regression_frac': 0.9500000000000001, 'adverse_exit_min_speed': 1.2000000000000002, 'adverse_exit_theta_quantile': 0.5}. Best is trial 4 with value: 4.139216934656725.
[I 2026-05-22 12:52:55,029] Trial 5 finished with value: 4.296816729847341 and parameters: {'sl_mult': 2.6, 'adverse_exit_min_mae_sl_frac': 0.35000000000000003, 'capital_protect_mfe_mult': 0.0, 'capital_protect_regression_frac': 0.30000000000000004, 'adverse_exit_min_speed': 0.1, 'adverse_exit_theta_quantile': 0.75}. Best is trial 5 with value: 4.296816729847341.
[I 2026-05-22 12:52:55,083] Trial 6 finished with value: 4.29223846651148 and parameters: {'sl_mult': 1.0, 'adverse_exit_min_mae_sl_frac': 0.30000000000000004, 'capital_protect_mfe_mult': 0.8, 'capital_protect_regression_frac': 1.0, 'adverse_exit_min_speed': 1.2000000000000002, 'adverse_exit_theta_quantile': 0.9}. Best is trial 5 with value: 4.296816729847341.
[I 2026-05-22 12:52:55,138] Trial 7 finished with value: 4.126219032675726 and parameters: {'sl_mult': 0.7, 'adverse_exit_min_mae_sl_frac': 0.65, 'capital_protect_mfe_mult': 0.6000000000000001, 'capital_protect_regression_frac': 0.5, 'adverse_exit_min_speed': 1.1, 'adverse_exit_theta_quantile': 0.55}. Best is trial 5 with value: 4.296816729847341.
[I 2026-05-22 12:52:55,194] Trial 8 finished with value: 3.553445225174073 and parameters: {'sl_mult': 1.3, 'adverse_exit_min_mae_sl_frac': 0.55, 'capital_protect_mfe_mult': 0.5, 'capital_protect_regression_frac': 0.0, 'adverse_exit_min_speed': 0.2, 'adverse_exit_theta_quantile': 0.8}. Best is trial 5 with value: 4.296816729847341.
[I 2026-05-22 12:52:55,254] Trial 9 finished with value: 4.1255344689823685 and parameters: {'sl_mult': 2.4000000000000004, 'adverse_exit_min_mae_sl_frac': 0.2, 'capital_protect_mfe_mult': 0.5, 'capital_protect_regression_frac': 0.65, 'adverse_exit_min_speed': 1.5, 'adverse_exit_theta_quantile': 0.8}. Best is trial 5 with value: 4.296816729847341.
[I 2026-05-22 12:52:55,325] Trial 10 finished with value: 4.4495060027227735 and parameters: {'sl_mult': 3.5, 'adverse_exit_min_mae_sl_frac': 0.4, 'capital_protect_mfe_mult': 2.9000000000000004, 'capital_protect_regression_frac': 0.35000000000000003, 'adverse_exit_min_speed': 0.8, 'adverse_exit_theta_quantile': 0.95}. Best is trial 10 with value: 4.4495060027227735.
[I 2026-05-22 12:52:55,396] Trial 11 finished with value: 4.480562215973623 and parameters: {'sl_mult': 3.5, 'adverse_exit_min_mae_sl_frac': 0.4, 'capital_protect_mfe_mult': 3.0, 'capital_protect_regression_frac': 0.30000000000000004, 'adverse_exit_min_speed': 0.8, 'adverse_exit_theta_quantile': 0.95}. Best is trial 11 with value: 4.480562215973623.
[I 2026-05-22 12:52:55,466] Trial 12 finished with value: 4.485758667765185 and parameters: {'sl_mult': 3.4000000000000004, 'adverse_exit_min_mae_sl_frac': 0.45, 'capital_protect_mfe_mult': 3.0, 'capital_protect_regression_frac': 0.45, 'adverse_exit_min_speed': 0.8, 'adverse_exit_theta_quantile': 0.95}. Best is trial 12 with value: 4.485758667765185.
[I 2026-05-22 12:52:55,537] Trial 13 finished with value: 4.725323697086424 and parameters: {'sl_mult': 3.5, 'adverse_exit_min_mae_sl_frac': 0.45, 'capital_protect_mfe_mult': 2.4000000000000004, 'capital_protect_regression_frac': 0.6000000000000001, 'adverse_exit_min_speed': 0.8, 'adverse_exit_theta_quantile': 0.9}. Best is trial 13 with value: 4.725323697086424.
[I 2026-05-22 12:52:55,606] Trial 14 finished with value: 4.330079348897561 and parameters: {'sl_mult': 3.0, 'adverse_exit_min_mae_sl_frac': 0.5, 'capital_protect_mfe_mult': 2.3000000000000003, 'capital_protect_regression_frac': 0.75, 'adverse_exit_min_speed': 1.0, 'adverse_exit_theta_quantile': 0.8500000000000001}. Best is trial 13 with value: 4.725323697086424.
[I 2026-05-22 12:52:55,673] Trial 15 finished with value: 3.785595029499382 and parameters: {'sl_mult': 1.7000000000000002, 'adverse_exit_min_mae_sl_frac': 0.75, 'capital_protect_mfe_mult': 2.4000000000000004, 'capital_protect_regression_frac': 0.5, 'adverse_exit_min_speed': 0.5, 'adverse_exit_theta_quantile': 0.9}. Best is trial 13 with value: 4.725323697086424.
[I 2026-05-22 12:52:55,743] Trial 16 finished with value: 4.381954546901397 and parameters: {'sl_mult': 3.1, 'adverse_exit_min_mae_sl_frac': 0.45, 'capital_protect_mfe_mult': 1.8, 'capital_protect_regression_frac': 0.75, 'adverse_exit_min_speed': 0.6, 'adverse_exit_theta_quantile': 0.7}. Best is trial 13 with value: 4.725323697086424.
[I 2026-05-22 12:52:55,811] Trial 17 finished with value: 4.103618606273085 and parameters: {'sl_mult': 1.9000000000000001, 'adverse_exit_min_mae_sl_frac': 0.5, 'capital_protect_mfe_mult': 2.7, 'capital_protect_regression_frac': 0.6000000000000001, 'adverse_exit_min_speed': 0.9, 'adverse_exit_theta_quantile': 0.8500000000000001}. Best is trial 13 with value: 4.725323697086424.
[I 2026-05-22 12:52:55,880] Trial 18 finished with value: 4.6211741522653025 and parameters: {'sl_mult': 3.2, 'adverse_exit_min_mae_sl_frac': 0.45, 'capital_protect_mfe_mult': 2.1, 'capital_protect_regression_frac': 0.8500000000000001, 'adverse_exit_min_speed': 1.4000000000000001, 'adverse_exit_theta_quantile': 0.95}. Best is trial 13 with value: 4.725323697086424.
[I 2026-05-22 12:52:55,949] Trial 19 finished with value: 4.444503377447836 and parameters: {'sl_mult': 2.8000000000000003, 'adverse_exit_min_mae_sl_frac': 0.4, 'capital_protect_mfe_mult': 2.0, 'capital_protect_regression_frac': 0.8500000000000001, 'adverse_exit_min_speed': 1.5, 'adverse_exit_theta_quantile': 0.9}. Best is trial 13 with value: 4.725323697086424.
[I 2026-05-22 12:52:56,020] Trial 20 finished with value: 4.6849046512972565 and parameters: {'sl_mult': 3.3000000000000003, 'adverse_exit_min_mae_sl_frac': 0.55, 'capital_protect_mfe_mult': 1.4000000000000001, 'capital_protect_regression_frac': 0.8500000000000001, 'adverse_exit_min_speed': 1.3000000000000003, 'adverse_exit_theta_quantile': 0.65}. Best is trial 13 with value: 4.725323697086424.
[I 2026-05-22 12:52:56,202] Trial 21 finished with value: 4.498938342509791 and parameters: {'sl_mult': 3.1, 'adverse_exit_min_mae_sl_frac': 0.55, 'capital_protect_mfe_mult': 1.3, 'capital_protect_regression_frac': 0.8500000000000001, 'adverse_exit_min_speed': 1.3000000000000003, 'adverse_exit_theta_quantile': 0.65}. Best is trial 13 with value: 4.725323697086424.
[I 2026-05-22 12:52:56,273] Trial 22 finished with value: 4.685208344412968 and parameters: {'sl_mult': 3.3000000000000003, 'adverse_exit_min_mae_sl_frac': 0.55, 'capital_protect_mfe_mult': 2.1, 'capital_protect_regression_frac': 0.8500000000000001, 'adverse_exit_min_speed': 1.3000000000000003, 'adverse_exit_theta_quantile': 0.65}. Best is trial 13 with value: 4.725323697086424.
[I 2026-05-22 12:52:56,349] Trial 23 finished with value: 4.591013235552237 and parameters: {'sl_mult': 3.3000000000000003, 'adverse_exit_min_mae_sl_frac': 0.6000000000000001, 'capital_protect_mfe_mult': 1.2000000000000002, 'capital_protect_regression_frac': 0.75, 'adverse_exit_min_speed': 1.0, 'adverse_exit_theta_quantile': 0.65}. Best is trial 13 with value: 4.725323697086424.
[I 2026-05-22 12:52:56,423] Trial 24 finished with value: 4.465778615395538 and parameters: {'sl_mult': 2.7, 'adverse_exit_min_mae_sl_frac': 0.75, 'capital_protect_mfe_mult': 1.7000000000000002, 'capital_protect_regression_frac': 0.9500000000000001, 'adverse_exit_min_speed': 1.3000000000000003, 'adverse_exit_theta_quantile': 0.7}. Best is trial 13 with value: 4.725323697086424.
[I 2026-05-22 12:52:56,495] Trial 25 finished with value: 4.38993733858224 and parameters: {'sl_mult': 3.2, 'adverse_exit_min_mae_sl_frac': 0.55, 'capital_protect_mfe_mult': 1.1, 'capital_protect_regression_frac': 0.6000000000000001, 'adverse_exit_min_speed': 1.1, 'adverse_exit_theta_quantile': 0.6}. Best is trial 13 with value: 4.725323697086424.
[I 2026-05-22 12:52:56,561] Trial 26 finished with value: 4.745561606343836 and parameters: {'sl_mult': 3.5, 'adverse_exit_min_mae_sl_frac': 0.7, 'capital_protect_mfe_mult': 2.1, 'capital_protect_regression_frac': 0.8, 'adverse_exit_min_speed': 1.3000000000000003, 'adverse_exit_theta_quantile': 0.75}. Best is trial 26 with value: 4.745561606343836.
[I 2026-05-22 12:52:56,625] Trial 27 finished with value: 4.673438274487853 and parameters: {'sl_mult': 3.5, 'adverse_exit_min_mae_sl_frac': 0.7, 'capital_protect_mfe_mult': 2.0, 'capital_protect_regression_frac': 0.7000000000000001, 'adverse_exit_min_speed': 0.6, 'adverse_exit_theta_quantile': 0.75}. Best is trial 26 with value: 4.745561606343836.
[I 2026-05-22 12:52:56,688] Trial 28 finished with value: 4.324790855043102 and parameters: {'sl_mult': 2.9000000000000004, 'adverse_exit_min_mae_sl_frac': 0.7, 'capital_protect_mfe_mult': 2.6, 'capital_protect_regression_frac': 0.55, 'adverse_exit_min_speed': 0.9, 'adverse_exit_theta_quantile': 0.8}. Best is trial 26 with value: 4.745561606343836.
[I 2026-05-22 12:52:56,751] Trial 29 finished with value: 4.220364001113921 and parameters: {'sl_mult': 2.4000000000000004, 'adverse_exit_min_mae_sl_frac': 0.65, 'capital_protect_mfe_mult': 2.2, 'capital_protect_regression_frac': 0.8, 'adverse_exit_min_speed': 0.7000000000000001, 'adverse_exit_theta_quantile': 0.6}. Best is trial 26 with value: 4.745561606343836.
[I 2026-05-22 12:52:56,815] Trial 30 finished with value: 4.270635668304749 and parameters: {'sl_mult': 2.5, 'adverse_exit_min_mae_sl_frac': 0.6000000000000001, 'capital_protect_mfe_mult': 1.6, 'capital_protect_regression_frac': 0.9500000000000001, 'adverse_exit_min_speed': 1.4000000000000001, 'adverse_exit_theta_quantile': 0.7}. Best is trial 26 with value: 4.745561606343836.
[I 2026-05-22 12:52:56,879] Trial 31 finished with value: 4.635413059545681 and parameters: {'sl_mult': 3.3000000000000003, 'adverse_exit_min_mae_sl_frac': 0.5, 'capital_protect_mfe_mult': 1.9000000000000001, 'capital_protect_regression_frac': 0.9, 'adverse_exit_min_speed': 1.3000000000000003, 'adverse_exit_theta_quantile': 0.6}. Best is trial 26 with value: 4.745561606343836.
