[I 2026-05-22 12:09:18,128] Trial 38 finished with value: 0.5770817110224383 and parameters: {'max_depth': 6, 'subsample': 0.7933115802193561, 'reg_alpha': 0.15481357045456198, 'reg_lambda': 2.0069045094050764, 'min_child_samples_pct': 0.04460854103506276, 'min_child_weight': 44.412689049349446, 'min_split_gain': 0.0032433986652414533, 'colsample_bytree': 0.7421047711545431}. Best is trial 9 with value: 0.5913473571460877.
[2026-05-22 10:09:18 UTC] LGBM HPO trial 39 fold 1/3 started: train_rows=6666, valid_rows=3334, depth=6.
[2026-05-22 10:09:18 UTC] LGBM HPO trial 39 fold 1/3 complete: partial_J=0.6005, elapsed=0.2s.
[2026-05-22 10:09:18 UTC] LGBM HPO trial 39 fold 2/3 started: train_rows=6667, valid_rows=3333, depth=6.
[2026-05-22 10:09:18 UTC] LGBM HPO trial 39 fold 2/3 complete: partial_J=0.5848, elapsed=0.6s.
[2026-05-22 10:09:18 UTC] LGBM HPO trial 39 fold 3/3 started: train_rows=6667, valid_rows=3333, depth=6.
[2026-05-22 10:09:19 UTC] LGBM HPO trial 39 fold 3/3 complete: partial_J=0.5790, elapsed=0.9s.
[2026-05-22 10:09:19 UTC] LGBM HPO trial 39 complete: J=0.5790, raw_J=0.5933, elapsed=1.7s.
[I 2026-05-22 12:09:19,856] Trial 39 finished with value: 0.5790091743749881 and parameters: {'max_depth': 6, 'subsample': 0.7423481044635081, 'reg_alpha': 0.19703491040600013, 'reg_lambda': 16.989935517889638, 'min_child_samples_pct': 0.05644426537771399, 'min_child_weight': 22.002785633973886, 'min_split_gain': 0.02691794104628744, 'colsample_bytree': 0.797154260123442}. Best is trial 9 with value: 0.5913473571460877.
[2026-05-22 10:09:19 UTC] LGBM HPO trial 40 fold 1/3 started: train_rows=6666, valid_rows=3334, depth=6.
[2026-05-22 10:09:20 UTC] LGBM HPO trial 40 fold 1/3 complete: partial_J=0.5924, elapsed=0.2s.
[2026-05-22 10:09:20 UTC] LGBM HPO trial 40 fold 2/3 started: train_rows=6667, valid_rows=3333, depth=6.
[2026-05-22 10:09:20 UTC] LGBM HPO trial 40 fold 2/3 complete: partial_J=0.5830, elapsed=0.7s.
[2026-05-22 10:09:20 UTC] LGBM HPO trial 40 fold 3/3 started: train_rows=6667, valid_rows=3333, depth=6.
[2026-05-22 10:09:21 UTC] LGBM HPO trial 40 fold 3/3 complete: partial_J=0.5815, elapsed=0.7s.
[2026-05-22 10:09:21 UTC] LGBM HPO trial 40 complete: J=0.5815, raw_J=0.5945, elapsed=1.7s.
[I 2026-05-22 12:09:21,514] Trial 40 finished with value: 0.5815073560262888 and parameters: {'max_depth': 6, 'subsample': 0.7789138584875764, 'reg_alpha': 1.7145135558164932, 'reg_lambda': 13.462269788784083, 'min_child_samples_pct': 0.05235953376791013, 'min_child_weight': 38.200179152460294, 'min_split_gain': 0.0011850882230571378, 'colsample_bytree': 0.7595538084306217}. Best is trial 9 with value: 0.5913473571460877.
[2026-05-22 10:09:21 UTC] LGBM HPO trial 41 fold 1/3 started: train_rows=6666, valid_rows=3334, depth=6.
[2026-05-22 10:09:21 UTC] LGBM HPO trial 41 fold 1/3 complete: partial_J=0.6046, elapsed=0.3s.
[2026-05-22 10:09:21 UTC] LGBM HPO trial 41 fold 2/3 started: train_rows=6667, valid_rows=3333, depth=6.
[2026-05-22 10:09:22 UTC] LGBM HPO trial 41 fold 2/3 complete: partial_J=0.5881, elapsed=0.9s.
[2026-05-22 10:09:22 UTC] LGBM HPO trial 41 fold 3/3 started: train_rows=6667, valid_rows=3333, depth=6.
[2026-05-22 10:09:23 UTC] LGBM HPO trial 41 fold 3/3 complete: partial_J=0.5782, elapsed=0.9s.
[2026-05-22 10:09:23 UTC] LGBM HPO trial 41 complete: J=0.5782, raw_J=0.5913, elapsed=2.1s.
[I 2026-05-22 12:09:23,599] Trial 41 finished with value: 0.5781609920073959 and parameters: {'max_depth': 6, 'subsample': 0.7247048105816197, 'reg_alpha': 0.31402059633308615, 'reg_lambda': 18.36006086817352, 'min_child_samples_pct': 0.045838975896109586, 'min_child_weight': 47.43629472128564, 'min_split_gain': 0.002025879799365394, 'colsample_bytree': 0.7439540371307787}. Best is trial 9 with value: 0.5913473571460877.
[2026-05-22 10:09:23 UTC] LGBM HPO trial 42 fold 1/3 started: train_rows=6666, valid_rows=3334, depth=5.
[2026-05-22 10:09:24 UTC] LGBM HPO trial 42 fold 1/3 complete: partial_J=0.6101, elapsed=0.5s.
[2026-05-22 10:09:24 UTC] LGBM HPO trial 42 fold 2/3 started: train_rows=6667, valid_rows=3333, depth=5.
[2026-05-22 10:09:24 UTC] LGBM HPO trial 42 fold 2/3 complete: partial_J=0.5792, elapsed=0.8s.
[2026-05-22 10:09:24 UTC] LGBM HPO trial 42 fold 3/3 started: train_rows=6667, valid_rows=3333, depth=5.
[2026-05-22 10:09:25 UTC] LGBM HPO trial 42 fold 3/3 complete: partial_J=0.5740, elapsed=0.7s.
[2026-05-22 10:09:25 UTC] LGBM HPO trial 42 complete: J=0.5740, raw_J=0.5830, elapsed=2.0s.
[I 2026-05-22 12:09:25,631] Trial 42 finished with value: 0.574037509656671 and parameters: {'max_depth': 5, 'subsample': 0.752183060852596, 'reg_alpha': 0.13414407120252236, 'reg_lambda': 14.1808562792479, 'min_child_samples_pct': 0.023361041520062215, 'min_child_weight': 42.0594580814212, 'min_split_gain': 0.007179494900364057, 'colsample_bytree': 0.7048662036811582}. Best is trial 9 with value: 0.5913473571460877.
[2026-05-22 10:09:25 UTC] LGBM HPO trial 43 fold 1/3 started: train_rows=6666, valid_rows=3334, depth=4.
[2026-05-22 10:09:25 UTC] LGBM HPO trial 43 fold 1/3 complete: partial_J=0.6041, elapsed=0.2s.
[2026-05-22 10:09:25 UTC] LGBM HPO trial 43 fold 2/3 started: train_rows=6667, valid_rows=3333, depth=4.
[2026-05-22 10:09:26 UTC] LGBM HPO trial 43 fold 2/3 complete: partial_J=0.5929, elapsed=0.6s.
[2026-05-22 10:09:26 UTC] LGBM HPO trial 43 fold 3/3 started: train_rows=6667, valid_rows=3333, depth=4.
[2026-05-22 10:09:27 UTC] LGBM HPO trial 43 fold 3/3 complete: partial_J=0.5865, elapsed=0.6s.
[2026-05-22 10:09:27 UTC] LGBM HPO trial 43 complete: J=0.5865, raw_J=0.5998, elapsed=1.5s.
[I 2026-05-22 12:09:27,147] Trial 43 finished with value: 0.5864644786891764 and parameters: {'max_depth': 4, 'subsample': 0.7112856994109111, 'reg_alpha': 0.4411161000043836, 'reg_lambda': 6.878822787474907, 'min_child_samples_pct': 0.054869353663129936, 'min_child_weight': 45.648722817068645, 'min_split_gain': 0.011793660160518601, 'colsample_bytree': 0.7169398318374817}. Best is trial 9 with value: 0.5913473571460877.
[2026-05-22 10:09:27 UTC] LGBM HPO trial 44 fold 1/3 started: train_rows=6666, valid_rows=3334, depth=5.
[2026-05-22 10:09:27 UTC] LGBM HPO trial 44 fold 1/3 complete: partial_J=0.6019, elapsed=0.2s.
[2026-05-22 10:09:27 UTC] LGBM HPO trial 44 fold 2/3 started: train_rows=6667, valid_rows=3333, depth=5.
[2026-05-22 10:09:28 UTC] LGBM HPO trial 44 fold 2/3 complete: partial_J=0.5907, elapsed=0.6s.
[2026-05-22 10:09:28 UTC] LGBM HPO trial 44 fold 3/3 started: train_rows=6667, valid_rows=3333, depth=5.
[2026-05-22 10:09:28 UTC] LGBM HPO trial 44 fold 3/3 complete: partial_J=0.5906, elapsed=0.5s.
[2026-05-22 10:09:28 UTC] LGBM HPO trial 44 complete: J=0.5906, raw_J=0.6042, elapsed=1.4s.
[I 2026-05-22 12:09:28,561] Trial 44 finished with value: 0.5906216548336233 and parameters: {'max_depth': 5, 'subsample': 0.6984215330832446, 'reg_alpha': 0.10008495586466302, 'reg_lambda': 16.095987123939924, 'min_child_samples_pct': 0.047728731688338355, 'min_child_weight': 53.24307263228673, 'min_split_gain': 0.0030009887323507313, 'colsample_bytree': 0.7259980582946121}. Best is trial 9 with value: 0.5913473571460877.
[2026-05-22 10:09:28 UTC] LGBM HPO trial 45 fold 1/3 started: train_rows=6666, valid_rows=3334, depth=6.
[2026-05-22 10:09:28 UTC] LGBM HPO trial 45 fold 1/3 complete: partial_J=0.6020, elapsed=0.3s.
[2026-05-22 10:09:28 UTC] LGBM HPO trial 45 fold 2/3 started: train_rows=6667, valid_rows=3333, depth=6.
[2026-05-22 10:09:29 UTC] LGBM HPO trial 45 fold 2/3 complete: partial_J=0.5846, elapsed=1.1s.
[2026-05-22 10:09:29 UTC] LGBM HPO trial 45 fold 3/3 started: train_rows=6667, valid_rows=3333, depth=6.
[2026-05-22 10:09:30 UTC] LGBM HPO trial 45 fold 3/3 complete: partial_J=0.5805, elapsed=1.0s.
[2026-05-22 10:09:30 UTC] LGBM HPO trial 45 complete: J=0.5805, raw_J=0.5938, elapsed=2.3s.
[I 2026-05-22 12:09:30,902] Trial 45 finished with value: 0.5804861835157665 and parameters: {'max_depth': 6, 'subsample': 0.6989854414663501, 'reg_alpha': 0.10486297791115748, 'reg_lambda': 15.29710239011851, 'min_child_samples_pct': 0.047904507749863975, 'min_child_weight': 49.25493649355511, 'min_split_gain': 0.003595905758534146, 'colsample_bytree': 0.754414151312724}. Best is trial 9 with value: 0.5913473571460877.
[2026-05-22 10:09:30 UTC] LGBM HPO trial 46 fold 1/3 started: train_rows=6666, valid_rows=3334, depth=4.
[2026-05-22 10:09:31 UTC] LGBM HPO trial 46 fold 1/3 complete: partial_J=0.5988, elapsed=0.2s.
[2026-05-22 10:09:31 UTC] LGBM HPO trial 46 fold 2/3 started: train_rows=6667, valid_rows=3333, depth=4.
[2026-05-22 10:09:31 UTC] LGBM HPO trial 46 fold 2/3 complete: partial_J=0.5866, elapsed=0.8s.
[2026-05-22 10:09:31 UTC] LGBM HPO trial 46 fold 3/3 started: train_rows=6667, valid_rows=3333, depth=4.
[2026-05-22 10:09:32 UTC] LGBM HPO trial 46 fold 3/3 complete: partial_J=0.5827, elapsed=0.7s.
[2026-05-22 10:09:32 UTC] LGBM HPO trial 46 complete: J=0.5827, raw_J=0.5970, elapsed=1.7s.
[I 2026-05-22 12:09:32,607] Trial 46 finished with value: 0.5827467848043888 and parameters: {'max_depth': 4, 'subsample': 0.7177208787807537, 'reg_alpha': 0.1237494752871631, 'reg_lambda': 16.93148394113565, 'min_child_samples_pct': 0.05157407278214017, 'min_child_weight': 53.780042597072146, 'min_split_gain': 0.0027745029629772703, 'colsample_bytree': 0.7416147297758215}. Best is trial 9 with value: 0.5913473571460877.
[2026-05-22 10:09:32 UTC] LGBM HPO trial 47 fold 1/3 started: train_rows=6666, valid_rows=3334, depth=3.
[2026-05-22 10:09:32 UTC] LGBM HPO trial 47 fold 1/3 complete: partial_J=0.6057, elapsed=0.2s.
[2026-05-22 10:09:32 UTC] LGBM HPO trial 47 fold 2/3 started: train_rows=6667, valid_rows=3333, depth=3.
[2026-05-22 10:09:33 UTC] LGBM HPO trial 47 fold 2/3 complete: partial_J=0.5880, elapsed=0.7s.
[2026-05-22 10:09:33 UTC] LGBM HPO trial 47 fold 3/3 started: train_rows=6667, valid_rows=3333, depth=3.
[2026-05-22 10:09:34 UTC] LGBM HPO trial 47 fold 3/3 complete: partial_J=0.5824, elapsed=0.7s.
[2026-05-22 10:09:34 UTC] LGBM HPO trial 47 complete: J=0.5824, raw_J=0.5964, elapsed=1.7s.
[I 2026-05-22 12:09:34,277] Trial 47 finished with value: 0.5824308843676583 and parameters: {'max_depth': 3, 'subsample': 0.7380985908384093, 'reg_alpha': 0.1837684544389006, 'reg_lambda': 2.4051692573823162, 'min_child_samples_pct': 0.04408311992647555, 'min_child_weight': 42.839566143990396, 'min_split_gain': 0.001644387036726139, 'colsample_bytree': 0.6984345779729227}. Best is trial 9 with value: 0.5913473571460877.
[2026-05-22 10:09:34 UTC] LGBM HPO trial 48 fold 1/3 started: train_rows=6666, valid_rows=3334, depth=5.
[2026-05-22 10:09:34 UTC] LGBM HPO trial 48 fold 1/3 complete: partial_J=0.5989, elapsed=0.3s.
[2026-05-22 10:09:34 UTC] LGBM HPO trial 48 fold 2/3 started: train_rows=6667, valid_rows=3333, depth=5.
[2026-05-22 10:09:35 UTC] LGBM HPO trial 48 fold 2/3 complete: partial_J=0.5896, elapsed=0.7s.
[2026-05-22 10:09:35 UTC] LGBM HPO trial 48 fold 3/3 started: train_rows=6667, valid_rows=3333, depth=5.
[2026-05-22 10:09:36 UTC] LGBM HPO trial 48 fold 3/3 complete: partial_J=0.5818, elapsed=0.8s.
[2026-05-22 10:09:36 UTC] LGBM HPO trial 48 complete: J=0.5818, raw_J=0.5934, elapsed=1.9s.
[I 2026-05-22 12:09:36,218] Trial 48 finished with value: 0.581791416958361 and parameters: {'max_depth': 5, 'subsample': 0.6574381851844925, 'reg_alpha': 3.6191035134391547, 'reg_lambda': 3.1221409169946606, 'min_child_samples_pct': 0.04304833592435817, 'min_child_weight': 58.02404793150747, 'min_split_gain': 0.0010234352229303867, 'colsample_bytree': 0.7748120495189823}. Best is trial 9 with value: 0.5913473571460877.
[2026-05-22 10:09:36 UTC] LGBM HPO trial 49 fold 1/3 started: train_rows=6666, valid_rows=3334, depth=4.
[2026-05-22 10:09:36 UTC] LGBM HPO trial 49 fold 1/3 complete: partial_J=0.6009, elapsed=0.3s.
[2026-05-22 10:09:36 UTC] LGBM HPO trial 49 fold 2/3 started: train_rows=6667, valid_rows=3333, depth=4.
[2026-05-22 10:09:37 UTC] LGBM HPO trial 49 fold 2/3 complete: partial_J=0.5922, elapsed=0.6s.
[2026-05-22 10:09:37 UTC] LGBM HPO trial 49 fold 3/3 started: train_rows=6667, valid_rows=3333, depth=4.
[2026-05-22 10:09:37 UTC] LGBM HPO trial 49 fold 3/3 complete: partial_J=0.5794, elapsed=0.6s.
[2026-05-22 10:09:37 UTC] LGBM HPO trial 49 complete: J=0.5794, raw_J=0.5918, elapsed=1.4s.
[I 2026-05-22 12:09:37,618] Trial 49 finished with value: 0.5793701054642272 and parameters: {'max_depth': 4, 'subsample': 0.6949091502243812, 'reg_alpha': 1.3065167729609948, 'reg_lambda': 5.4992340902654195, 'min_child_samples_pct': 0.048327868810766485, 'min_child_weight': 53.524622253934105, 'min_split_gain': 0.0029951246230940317, 'colsample_bytree': 0.7146222245749759}. Best is trial 9 with value: 0.5913473571460877.
[2026-05-22 10:09:37 UTC] LGBM HPO trial 50 fold 1/3 started: train_rows=6666, valid_rows=3334, depth=6.
[2026-05-22 10:09:37 UTC] LGBM HPO trial 50 fold 1/3 complete: partial_J=0.6043, elapsed=0.2s.
[2026-05-22 10:09:37 UTC] LGBM HPO trial 50 fold 2/3 started: train_rows=6667, valid_rows=3333, depth=6.
[2026-05-22 10:09:38 UTC] LGBM HPO trial 50 fold 2/3 complete: partial_J=0.5932, elapsed=0.7s.
[2026-05-22 10:09:38 UTC] LGBM HPO trial 50 fold 3/3 started: train_rows=6667, valid_rows=3333, depth=6.
[2026-05-22 10:09:39 UTC] LGBM HPO trial 50 fold 3/3 complete: partial_J=0.5818, elapsed=0.7s.
[2026-05-22 10:09:39 UTC] LGBM HPO trial 50 complete: J=0.5818, raw_J=0.5964, elapsed=1.7s.
[I 2026-05-22 12:09:39,287] Trial 50 finished with value: 0.5817929077037002 and parameters: {'max_depth': 6, 'subsample': 0.7275716087804591, 'reg_alpha': 4.056539945442745, 'reg_lambda': 3.75880985897209, 'min_child_samples_pct': 0.05093081152741316, 'min_child_weight': 45.70148451168681, 'min_split_gain': 0.0019775084759326676, 'colsample_bytree': 0.7715565286589194}. Best is trial 9 with value: 0.5913473571460877.
[2026-05-22 10:09:39 UTC] LGBM HPO trial 51 fold 1/3 started: train_rows=6666, valid_rows=3334, depth=5.
[2026-05-22 10:09:39 UTC] LGBM HPO trial 51 fold 1/3 complete: partial_J=0.6082, elapsed=0.3s.
[2026-05-22 10:09:39 UTC] LGBM HPO trial 51 fold 2/3 started: train_rows=6667, valid_rows=3333, depth=5.
[2026-05-22 10:09:40 UTC] LGBM HPO trial 51 fold 2/3 complete: partial_J=0.5840, elapsed=0.9s.
[2026-05-22 10:09:40 UTC] LGBM HPO trial 51 fold 3/3 started: train_rows=6667, valid_rows=3333, depth=5.
[2026-05-22 10:09:41 UTC] LGBM HPO trial 51 fold 3/3 complete: partial_J=0.5725, elapsed=1.0s.
[2026-05-22 10:09:41 UTC] LGBM HPO trial 51 complete: J=0.5725, raw_J=0.5862, elapsed=2.1s.
[I 2026-05-22 12:09:41,403] Trial 51 finished with value: 0.5725368978650097 and parameters: {'max_depth': 5, 'subsample': 0.7608858784360941, 'reg_alpha': 0.1541210742832506, 'reg_lambda': 12.024591883632063, 'min_child_samples_pct': 0.056797815048173224, 'min_child_weight': 62.89752132352674, 'min_split_gain': 0.005172661273602747, 'colsample_bytree': 0.726726315992098}. Best is trial 9 with value: 0.5913473571460877.
[2026-05-22 10:09:41 UTC] LGBM HPO trial 52 fold 1/3 started: train_rows=6666, valid_rows=3334, depth=5.
[2026-05-22 10:09:41 UTC] LGBM HPO trial 52 fold 1/3 complete: partial_J=0.5977, elapsed=0.3s.
[2026-05-22 10:09:41 UTC] LGBM HPO trial 52 fold 2/3 started: train_rows=6667, valid_rows=3333, depth=5.
[2026-05-22 10:09:42 UTC] LGBM HPO trial 52 fold 2/3 complete: partial_J=0.5871, elapsed=0.9s.
[2026-05-22 10:09:42 UTC] LGBM HPO trial 52 fold 3/3 started: train_rows=6667, valid_rows=3333, depth=5.
[2026-05-22 10:09:43 UTC] LGBM HPO trial 52 fold 3/3 complete: partial_J=0.5831, elapsed=0.6s.
[2026-05-22 10:09:43 UTC] LGBM HPO trial 52 complete: J=0.5831, raw_J=0.5957, elapsed=1.8s.
[I 2026-05-22 12:09:43,184] Trial 52 finished with value: 0.583140974732319 and parameters: {'max_depth': 5, 'subsample': 0.7428705928725242, 'reg_alpha': 0.19635157921316693, 'reg_lambda': 16.795369238376065, 'min_child_samples_pct': 0.047596568149319736, 'min_child_weight': 49.98248675652214, 'min_split_gain': 0.003798804474502822, 'colsample_bytree': 0.7359208693528128}. Best is trial 9 with value: 0.5913473571460877.
[2026-05-22 10:09:43 UTC] LGBM HPO trial 53 fold 1/3 started: train_rows=6666, valid_rows=3334, depth=5.
[2026-05-22 10:09:43 UTC] LGBM HPO trial 53 fold 1/3 complete: partial_J=0.6086, elapsed=0.5s.
[2026-05-22 10:09:43 UTC] LGBM HPO trial 53 fold 2/3 started: train_rows=6667, valid_rows=3333, depth=5.
[2026-05-22 10:09:44 UTC] LGBM HPO trial 53 fold 2/3 complete: partial_J=0.5914, elapsed=0.7s.
[2026-05-22 10:09:44 UTC] LGBM HPO trial 53 fold 3/3 started: train_rows=6667, valid_rows=3333, depth=5.
[2026-05-22 10:09:45 UTC] LGBM HPO trial 53 fold 3/3 complete: partial_J=0.5801, elapsed=0.8s.
[2026-05-22 10:09:45 UTC] LGBM HPO trial 53 complete: J=0.5801, raw_J=0.5890, elapsed=2.1s.
[I 2026-05-22 12:09:45,251] Trial 53 finished with value: 0.5800587456855711 and parameters: {'max_depth': 5, 'subsample': 0.7063689697321642, 'reg_alpha': 0.2828578330331683, 'reg_lambda': 19.792958215998464, 'min_child_samples_pct': 0.022213101202777703, 'min_child_weight': 67.78405745299769, 'min_split_gain': 0.007023955598664971, 'colsample_bytree': 0.72527186421807}. Best is trial 9 with value: 0.5913473571460877.
[2026-05-22 10:09:45 UTC] LGBM HPO trial 54 fold 1/3 started: train_rows=6666, valid_rows=3334, depth=5.
[2026-05-22 10:09:45 UTC] LGBM HPO trial 54 fold 1/3 complete: partial_J=0.6043, elapsed=0.5s.
[2026-05-22 10:09:45 UTC] LGBM HPO trial 54 fold 2/3 started: train_rows=6667, valid_rows=3333, depth=5.
[2026-05-22 10:09:46 UTC] LGBM HPO trial 54 fold 2/3 complete: partial_J=0.5908, elapsed=0.8s.
[2026-05-22 10:09:46 UTC] LGBM HPO trial 54 fold 3/3 started: train_rows=6667, valid_rows=3333, depth=5.
[2026-05-22 10:09:47 UTC] LGBM HPO trial 54 fold 3/3 complete: partial_J=0.5843, elapsed=0.5s.
[2026-05-22 10:09:47 UTC] LGBM HPO trial 54 complete: J=0.5843, raw_J=0.5927, elapsed=1.8s.
[I 2026-05-22 12:09:47,034] Trial 54 finished with value: 0.5843064238449073 and parameters: {'max_depth': 5, 'subsample': 0.7339540342050983, 'reg_alpha': 0.756381024453632, 'reg_lambda': 8.08634917847266, 'min_child_samples_pct': 0.03070007431752711, 'min_child_weight': 60.16172152131471, 'min_split_gain': 0.004812383506662553, 'colsample_bytree': 0.6172293219558836}. Best is trial 9 with value: 0.5913473571460877.
[2026-05-22 10:09:47 UTC] LGBM HPO trial 55 fold 1/3 started: train_rows=6666, valid_rows=3334, depth=4.
[2026-05-22 10:09:47 UTC] LGBM HPO trial 55 fold 1/3 complete: partial_J=0.6053, elapsed=0.3s.
[2026-05-22 10:09:47 UTC] LGBM HPO trial 55 fold 2/3 started: train_rows=6667, valid_rows=3333, depth=4.
[2026-05-22 10:09:48 UTC] LGBM HPO trial 55 fold 2/3 complete: partial_J=0.5889, elapsed=0.8s.
[2026-05-22 10:09:48 UTC] LGBM HPO trial 55 fold 3/3 started: train_rows=6667, valid_rows=3333, depth=4.
[2026-05-22 10:09:48 UTC] LGBM HPO trial 55 fold 3/3 complete: partial_J=0.5777, elapsed=0.9s.
[2026-05-22 10:09:48 UTC] LGBM HPO trial 55 complete: J=0.5777, raw_J=0.5907, elapsed=1.9s.
[I 2026-05-22 12:09:48,970] Trial 55 finished with value: 0.5777110284558324 and parameters: {'max_depth': 4, 'subsample': 0.7808969276345912, 'reg_alpha': 0.12164463790927471, 'reg_lambda': 10.707752741999734, 'min_child_samples_pct': 0.03806129758937737, 'min_child_weight': 53.08880701080119, 'min_split_gain': 0.00237682888269835, 'colsample_bytree': 0.642624567224443}. Best is trial 9 with value: 0.5913473571460877.
[2026-05-22 10:09:48 UTC] LGBM HPO trial 56 fold 1/3 started: train_rows=6666, valid_rows=3334, depth=5.
[2026-05-22 10:09:49 UTC] LGBM HPO trial 56 fold 1/3 complete: partial_J=0.6069, elapsed=0.3s.
[2026-05-22 10:09:49 UTC] LGBM HPO trial 56 fold 2/3 started: train_rows=6667, valid_rows=3333, depth=5.
[2026-05-22 10:09:49 UTC] LGBM HPO trial 56 fold 2/3 complete: partial_J=0.6002, elapsed=0.6s.
[2026-05-22 10:09:49 UTC] LGBM HPO trial 56 fold 3/3 started: train_rows=6667, valid_rows=3333, depth=5.
[2026-05-22 10:09:50 UTC] LGBM HPO trial 56 fold 3/3 complete: partial_J=0.5927, elapsed=0.6s.
[2026-05-22 10:09:50 UTC] LGBM HPO trial 56 complete: J=0.5927, raw_J=0.6021, elapsed=1.5s.
[I 2026-05-22 12:09:50,484] Trial 56 finished with value: 0.592673597372982 and parameters: {'max_depth': 5, 'subsample': 0.6870591206945403, 'reg_alpha': 1.1497347088797047, 'reg_lambda': 14.417798607304285, 'min_child_samples_pct': 0.04169697221052338, 'min_child_weight': 40.328644355121426, 'min_split_gain': 0.0015650509498977931, 'colsample_bytree': 0.7523313483917723}. Best is trial 56 with value: 0.592673597372982.
[2026-05-22 10:09:50 UTC] LGBM HPO trial 57 fold 1/3 started: train_rows=6666, valid_rows=3334, depth=3.
[2026-05-22 10:09:50 UTC] LGBM HPO trial 57 fold 1/3 complete: partial_J=0.6053, elapsed=0.3s.
[2026-05-22 10:09:50 UTC] LGBM HPO trial 57 fold 2/3 started: train_rows=6667, valid_rows=3333, depth=3.
[2026-05-22 10:09:51 UTC] LGBM HPO trial 57 fold 2/3 complete: partial_J=0.5913, elapsed=0.6s.
[2026-05-22 10:09:51 UTC] LGBM HPO trial 57 fold 3/3 started: train_rows=6667, valid_rows=3333, depth=3.
[2026-05-22 10:09:51 UTC] LGBM HPO trial 57 fold 3/3 complete: partial_J=0.5886, elapsed=0.4s.
[2026-05-22 10:09:51 UTC] LGBM HPO trial 57 complete: J=0.5886, raw_J=0.6020, elapsed=1.2s.
