[I 2026-05-22 12:08:05,301] Trial 0 finished with value: 0.5832445666752045 and parameters: {'max_depth': 3, 'subsample': 0.632590555961495, 'reg_alpha': 0.6954695856891325, 'reg_lambda': 4.256169127719886, 'min_child_samples_pct': 0.04981353836003999, 'min_child_weight': 20.11252668972413, 'min_split_gain': 0.008366598265261356, 'colsample_bytree': 0.6405788487785077}. Best is trial 0 with value: 0.5832445666752045.
[2026-05-22 10:08:05 UTC] LGBM HPO trial 1 fold 1/3 started: train_rows=6666, valid_rows=3334, depth=4.
[2026-05-22 10:08:05 UTC] LGBM HPO trial 1 fold 1/3 complete: partial_J=0.6093, elapsed=0.5s.
[2026-05-22 10:08:05 UTC] LGBM HPO trial 1 fold 2/3 started: train_rows=6667, valid_rows=3333, depth=4.
[2026-05-22 10:08:06 UTC] LGBM HPO trial 1 fold 2/3 complete: partial_J=0.5922, elapsed=1.1s.
[2026-05-22 10:08:06 UTC] LGBM HPO trial 1 fold 3/3 started: train_rows=6667, valid_rows=3333, depth=4.
[2026-05-22 10:08:07 UTC] LGBM HPO trial 1 fold 3/3 complete: partial_J=0.5855, elapsed=0.7s.
[2026-05-22 10:08:07 UTC] LGBM HPO trial 1 complete: J=0.5855, raw_J=0.5952, elapsed=2.3s.
[I 2026-05-22 12:08:07,575] Trial 1 finished with value: 0.5854548639435043 and parameters: {'max_depth': 4, 'subsample': 0.645077758873924, 'reg_alpha': 1.225455491238933, 'reg_lambda': 14.917648675419075, 'min_child_samples_pct': 0.030885622766458554, 'min_child_weight': 59.72676541975547, 'min_split_gain': 0.002688563418922342, 'colsample_bytree': 0.7065420096601052}. Best is trial 1 with value: 0.5854548639435043.
[2026-05-22 10:08:07 UTC] LGBM HPO trial 2 fold 1/3 started: train_rows=6666, valid_rows=3334, depth=6.
[2026-05-22 10:08:07 UTC] LGBM HPO trial 2 fold 1/3 complete: partial_J=0.5876, elapsed=0.3s.
[2026-05-22 10:08:07 UTC] LGBM HPO trial 2 fold 2/3 started: train_rows=6667, valid_rows=3333, depth=6.
[2026-05-22 10:08:08 UTC] LGBM HPO trial 2 fold 2/3 complete: partial_J=0.5790, elapsed=0.9s.
[2026-05-22 10:08:08 UTC] LGBM HPO trial 2 fold 3/3 started: train_rows=6667, valid_rows=3333, depth=6.
[2026-05-22 10:08:09 UTC] LGBM HPO trial 2 fold 3/3 complete: partial_J=0.5719, elapsed=1.0s.
[2026-05-22 10:08:09 UTC] LGBM HPO trial 2 complete: J=0.5719, raw_J=0.5850, elapsed=2.2s.
[I 2026-05-22 12:08:09,776] Trial 2 finished with value: 0.5719353104062251 and parameters: {'max_depth': 6, 'subsample': 0.6532205852841529, 'reg_alpha': 0.10903253370327412, 'reg_lambda': 2.3981896269322616, 'min_child_samples_pct': 0.053629645681320136, 'min_child_weight': 23.17659982884931, 'min_split_gain': 0.021326168262932946, 'colsample_bytree': 0.7468242599194854}. Best is trial 1 with value: 0.5854548639435043.
[2026-05-22 10:08:09 UTC] LGBM HPO trial 3 fold 1/3 started: train_rows=6666, valid_rows=3334, depth=6.
[2026-05-22 10:08:10 UTC] LGBM HPO trial 3 fold 1/3 complete: partial_J=0.5883, elapsed=0.3s.
[2026-05-22 10:08:10 UTC] LGBM HPO trial 3 fold 2/3 started: train_rows=6667, valid_rows=3333, depth=6.
[2026-05-22 10:08:11 UTC] LGBM HPO trial 3 fold 2/3 complete: partial_J=0.5750, elapsed=1.2s.
[2026-05-22 10:08:11 UTC] LGBM HPO trial 3 fold 3/3 started: train_rows=6667, valid_rows=3333, depth=6.
[2026-05-22 10:08:12 UTC] LGBM HPO trial 3 fold 3/3 complete: partial_J=0.5702, elapsed=0.7s.
[2026-05-22 10:08:12 UTC] LGBM HPO trial 3 complete: J=0.5702, raw_J=0.5849, elapsed=2.2s.
[I 2026-05-22 12:08:12,006] Trial 3 finished with value: 0.5702105460439567 and parameters: {'max_depth': 6, 'subsample': 0.7134121748905873, 'reg_alpha': 0.13940624561229306, 'reg_lambda': 13.322497851218353, 'min_child_samples_pct': 0.0487813466360073, 'min_child_weight': 43.86909275573632, 'min_split_gain': 0.0008487246977163495, 'colsample_bytree': 0.7995724957661089}. Best is trial 1 with value: 0.5854548639435043.
[2026-05-22 10:08:12 UTC] LGBM HPO trial 4 fold 1/3 started: train_rows=6666, valid_rows=3334, depth=6.
[2026-05-22 10:08:12 UTC] LGBM HPO trial 4 fold 1/3 complete: partial_J=0.6021, elapsed=0.3s.
[2026-05-22 10:08:12 UTC] LGBM HPO trial 4 fold 2/3 started: train_rows=6667, valid_rows=3333, depth=6.
[2026-05-22 10:08:13 UTC] LGBM HPO trial 4 fold 2/3 complete: partial_J=0.5835, elapsed=1.3s.
[2026-05-22 10:08:13 UTC] LGBM HPO trial 4 fold 3/3 started: train_rows=6667, valid_rows=3333, depth=6.
[2026-05-22 10:08:14 UTC] LGBM HPO trial 4 fold 3/3 complete: partial_J=0.5782, elapsed=1.0s.
[2026-05-22 10:08:14 UTC] LGBM HPO trial 4 complete: J=0.5782, raw_J=0.5900, elapsed=2.6s.
[I 2026-05-22 12:08:14,613] Trial 4 finished with value: 0.5782446184986083 and parameters: {'max_depth': 6, 'subsample': 0.6463696336719332, 'reg_alpha': 0.16580518787636425, 'reg_lambda': 2.012844888096709, 'min_child_samples_pct': 0.04273947838972897, 'min_child_weight': 63.66228903669279, 'min_split_gain': 0.001444287656300154, 'colsample_bytree': 0.671418766683332}. Best is trial 1 with value: 0.5854548639435043.
[2026-05-22 10:08:14 UTC] LGBM HPO trial 5 fold 1/3 started: train_rows=6666, valid_rows=3334, depth=6.
[2026-05-22 10:08:15 UTC] LGBM HPO trial 5 fold 1/3 complete: partial_J=0.6074, elapsed=0.5s.
[2026-05-22 10:08:15 UTC] LGBM HPO trial 5 fold 2/3 started: train_rows=6667, valid_rows=3333, depth=6.
[2026-05-22 10:08:16 UTC] LGBM HPO trial 5 fold 2/3 complete: partial_J=0.5819, elapsed=1.5s.
[2026-05-22 10:08:16 UTC] LGBM HPO trial 5 fold 3/3 started: train_rows=6667, valid_rows=3333, depth=6.
[2026-05-22 10:08:17 UTC] LGBM HPO trial 5 fold 3/3 complete: partial_J=0.5685, elapsed=1.1s.
[2026-05-22 10:08:17 UTC] LGBM HPO trial 5 complete: J=0.5685, raw_J=0.5795, elapsed=3.0s.
[I 2026-05-22 12:08:17,659] Trial 5 finished with value: 0.5685059229095429 and parameters: {'max_depth': 6, 'subsample': 0.7516631711509213, 'reg_alpha': 0.35781905274032283, 'reg_lambda': 15.76909674816831, 'min_child_samples_pct': 0.03089749255480933, 'min_child_weight': 45.09943602625649, 'min_split_gain': 0.00010023464128576043, 'colsample_bytree': 0.6574047993300088}. Best is trial 1 with value: 0.5854548639435043.
[2026-05-22 10:08:17 UTC] LGBM HPO trial 6 fold 1/3 started: train_rows=6666, valid_rows=3334, depth=6.
[2026-05-22 10:08:17 UTC] LGBM HPO trial 6 fold 1/3 complete: partial_J=0.5976, elapsed=0.3s.
[2026-05-22 10:08:17 UTC] LGBM HPO trial 6 fold 2/3 started: train_rows=6667, valid_rows=3333, depth=6.
[2026-05-22 10:08:18 UTC] LGBM HPO trial 6 fold 2/3 complete: partial_J=0.5868, elapsed=0.8s.
[2026-05-22 10:08:18 UTC] LGBM HPO trial 6 fold 3/3 started: train_rows=6667, valid_rows=3333, depth=6.
[2026-05-22 10:08:19 UTC] LGBM HPO trial 6 fold 3/3 complete: partial_J=0.5845, elapsed=0.6s.
[2026-05-22 10:08:19 UTC] LGBM HPO trial 6 complete: J=0.5845, raw_J=0.5984, elapsed=1.7s.
[I 2026-05-22 12:08:19,342] Trial 6 finished with value: 0.5844813488103436 and parameters: {'max_depth': 6, 'subsample': 0.7773942836100275, 'reg_alpha': 1.989807073829419, 'reg_lambda': 15.038340115587005, 'min_child_samples_pct': 0.05405830637006233, 'min_child_weight': 41.793982406036086, 'min_split_gain': 0.00024189725387444664, 'colsample_bytree': 0.7178383695213092}. Best is trial 1 with value: 0.5854548639435043.
[2026-05-22 10:08:19 UTC] LGBM HPO trial 7 fold 1/3 started: train_rows=6666, valid_rows=3334, depth=4.
[2026-05-22 10:08:19 UTC] LGBM HPO trial 7 fold 1/3 complete: partial_J=0.6045, elapsed=0.4s.
[2026-05-22 10:08:19 UTC] LGBM HPO trial 7 fold 2/3 started: train_rows=6667, valid_rows=3333, depth=4.
[2026-05-22 10:08:20 UTC] LGBM HPO trial 7 fold 2/3 complete: partial_J=0.5950, elapsed=0.7s.
[2026-05-22 10:08:20 UTC] LGBM HPO trial 7 fold 3/3 started: train_rows=6667, valid_rows=3333, depth=4.
[2026-05-22 10:08:21 UTC] LGBM HPO trial 7 fold 3/3 complete: partial_J=0.5882, elapsed=0.6s.
[2026-05-22 10:08:21 UTC] LGBM HPO trial 7 complete: J=0.5882, raw_J=0.5990, elapsed=1.7s.
[I 2026-05-22 12:08:21,084] Trial 7 finished with value: 0.5881964633345402 and parameters: {'max_depth': 4, 'subsample': 0.6018513854044264, 'reg_alpha': 3.3347109410291735, 'reg_lambda': 2.8171116559730858, 'min_child_samples_pct': 0.024503416238060897, 'min_child_weight': 60.5120801464407, 'min_split_gain': 0.0001799566466978342, 'colsample_bytree': 0.6671775222486382}. Best is trial 7 with value: 0.5881964633345402.
[2026-05-22 10:08:21 UTC] LGBM HPO trial 8 fold 1/3 started: train_rows=6666, valid_rows=3334, depth=3.
[2026-05-22 10:08:21 UTC] LGBM HPO trial 8 fold 1/3 complete: partial_J=0.6078, elapsed=0.2s.
[2026-05-22 10:08:21 UTC] LGBM HPO trial 8 fold 2/3 started: train_rows=6667, valid_rows=3333, depth=3.
[2026-05-22 10:08:21 UTC] LGBM HPO trial 8 fold 2/3 complete: partial_J=0.5958, elapsed=0.7s.
[2026-05-22 10:08:22 UTC] LGBM HPO trial 8 fold 3/3 started: train_rows=6667, valid_rows=3333, depth=3.
[2026-05-22 10:08:22 UTC] LGBM HPO trial 8 fold 3/3 complete: partial_J=0.5871, elapsed=0.6s.
[2026-05-22 10:08:22 UTC] LGBM HPO trial 8 complete: J=0.5871, raw_J=0.6017, elapsed=1.5s.
[I 2026-05-22 12:08:22,609] Trial 8 finished with value: 0.587050816173833 and parameters: {'max_depth': 3, 'subsample': 0.771110934953139, 'reg_alpha': 0.32059683571752495, 'reg_lambda': 2.2850561387946717, 'min_child_samples_pct': 0.052405961261281504, 'min_child_weight': 29.68956580896954, 'min_split_gain': 0.015343017706153563, 'colsample_bytree': 0.7515976354965004}. Best is trial 7 with value: 0.5881964633345402.
[2026-05-22 10:08:22 UTC] LGBM HPO trial 9 fold 1/3 started: train_rows=6666, valid_rows=3334, depth=3.
[2026-05-22 10:08:22 UTC] LGBM HPO trial 9 fold 1/3 complete: partial_J=0.6046, elapsed=0.3s.
[2026-05-22 10:08:22 UTC] LGBM HPO trial 9 fold 2/3 started: train_rows=6667, valid_rows=3333, depth=3.
[2026-05-22 10:08:23 UTC] LGBM HPO trial 9 fold 2/3 complete: partial_J=0.5944, elapsed=0.6s.
[2026-05-22 10:08:23 UTC] LGBM HPO trial 9 fold 3/3 started: train_rows=6667, valid_rows=3333, depth=3.
[2026-05-22 10:08:23 UTC] LGBM HPO trial 9 fold 3/3 complete: partial_J=0.5913, elapsed=0.4s.
[2026-05-22 10:08:23 UTC] LGBM HPO trial 9 complete: J=0.5913, raw_J=0.6033, elapsed=1.3s.
[I 2026-05-22 12:08:23,919] Trial 9 finished with value: 0.5913473571460877 and parameters: {'max_depth': 3, 'subsample': 0.709745931923365, 'reg_alpha': 1.7846036028525507, 'reg_lambda': 7.282804139376491, 'min_child_samples_pct': 0.05400502207506542, 'min_child_weight': 47.87206016949384, 'min_split_gain': 0.003476044389031526, 'colsample_bytree': 0.6545751466516476}. Best is trial 9 with value: 0.5913473571460877.
[2026-05-22 10:08:23 UTC] LGBM HPO trial 10 fold 1/3 started: train_rows=6666, valid_rows=3334, depth=3.
[2026-05-22 10:08:24 UTC] LGBM HPO trial 10 fold 1/3 complete: partial_J=0.6027, elapsed=0.2s.
[2026-05-22 10:08:24 UTC] LGBM HPO trial 10 fold 2/3 started: train_rows=6667, valid_rows=3333, depth=3.
[2026-05-22 10:08:24 UTC] LGBM HPO trial 10 fold 2/3 complete: partial_J=0.5824, elapsed=0.7s.
[2026-05-22 10:08:24 UTC] LGBM HPO trial 10 fold 3/3 started: train_rows=6667, valid_rows=3333, depth=3.
[2026-05-22 10:08:25 UTC] LGBM HPO trial 10 fold 3/3 complete: partial_J=0.5836, elapsed=0.4s.
[2026-05-22 10:08:25 UTC] LGBM HPO trial 10 complete: J=0.5836, raw_J=0.5976, elapsed=1.4s.
[I 2026-05-22 12:08:25,318] Trial 10 finished with value: 0.5836289145275569 and parameters: {'max_depth': 3, 'subsample': 0.7053493171779487, 'reg_alpha': 4.837800973487183, 'reg_lambda': 7.299019474458403, 'min_child_samples_pct': 0.05902350026727147, 'min_child_weight': 51.29627968414849, 'min_split_gain': 0.003978187843165633, 'colsample_bytree': 0.6058720104753016}. Best is trial 9 with value: 0.5913473571460877.
[2026-05-22 10:08:25 UTC] LGBM HPO trial 11 fold 1/3 started: train_rows=6666, valid_rows=3334, depth=4.
[2026-05-22 10:08:25 UTC] LGBM HPO trial 11 fold 1/3 complete: partial_J=0.6006, elapsed=0.4s.
[2026-05-22 10:08:25 UTC] LGBM HPO trial 11 fold 2/3 started: train_rows=6667, valid_rows=3333, depth=4.
[2026-05-22 10:08:26 UTC] LGBM HPO trial 11 fold 2/3 complete: partial_J=0.5947, elapsed=0.8s.
[2026-05-22 10:08:26 UTC] LGBM HPO trial 11 fold 3/3 started: train_rows=6667, valid_rows=3333, depth=4.
[2026-05-22 10:08:27 UTC] LGBM HPO trial 11 fold 3/3 complete: partial_J=0.5871, elapsed=0.8s.
[2026-05-22 10:08:27 UTC] LGBM HPO trial 11 complete: J=0.5871, raw_J=0.5961, elapsed=2.0s.
[I 2026-05-22 12:08:27,294] Trial 11 finished with value: 0.5871309994405761 and parameters: {'max_depth': 4, 'subsample': 0.6002437243113585, 'reg_alpha': 3.8316048706084795, 'reg_lambda': 6.0221379789658895, 'min_child_samples_pct': 0.02029905989410092, 'min_child_weight': 69.78428268453207, 'min_split_gain': 0.0005785128878407927, 'colsample_bytree': 0.6417947453443243}. Best is trial 9 with value: 0.5913473571460877.
[2026-05-22 10:08:27 UTC] LGBM HPO trial 12 fold 1/3 started: train_rows=6666, valid_rows=3334, depth=4.
[2026-05-22 10:08:27 UTC] LGBM HPO trial 12 fold 1/3 complete: partial_J=0.5981, elapsed=0.3s.
[2026-05-22 10:08:27 UTC] LGBM HPO trial 12 fold 2/3 started: train_rows=6667, valid_rows=3333, depth=4.
[2026-05-22 10:08:28 UTC] LGBM HPO trial 12 fold 2/3 complete: partial_J=0.5845, elapsed=0.7s.
[2026-05-22 10:08:28 UTC] LGBM HPO trial 12 fold 3/3 started: train_rows=6667, valid_rows=3333, depth=4.
[2026-05-22 10:08:29 UTC] LGBM HPO trial 12 fold 3/3 complete: partial_J=0.5742, elapsed=0.8s.
[2026-05-22 10:08:29 UTC] LGBM HPO trial 12 complete: J=0.5742, raw_J=0.5843, elapsed=1.9s.
[I 2026-05-22 12:08:29,195] Trial 12 finished with value: 0.5741639579168566 and parameters: {'max_depth': 4, 'subsample': 0.7327566102024246, 'reg_alpha': 2.1810327410553585, 'reg_lambda': 3.9373540483420695, 'min_child_samples_pct': 0.020300642930025144, 'min_child_weight': 54.77653915890205, 'min_split_gain': 0.0003241531464083163, 'colsample_bytree': 0.6001098504277366}. Best is trial 9 with value: 0.5913473571460877.
[2026-05-22 10:08:29 UTC] LGBM HPO trial 13 fold 1/3 started: train_rows=6666, valid_rows=3334, depth=5.
[2026-05-22 10:08:29 UTC] LGBM HPO trial 13 fold 1/3 complete: partial_J=0.5981, elapsed=0.3s.
[2026-05-22 10:08:29 UTC] LGBM HPO trial 13 fold 2/3 started: train_rows=6667, valid_rows=3333, depth=5.
[2026-05-22 10:08:30 UTC] LGBM HPO trial 13 fold 2/3 complete: partial_J=0.5843, elapsed=1.1s.
[2026-05-22 10:08:30 UTC] LGBM HPO trial 13 fold 3/3 started: train_rows=6667, valid_rows=3333, depth=5.
[2026-05-22 10:08:31 UTC] LGBM HPO trial 13 fold 3/3 complete: partial_J=0.5771, elapsed=1.0s.
[2026-05-22 10:08:31 UTC] LGBM HPO trial 13 complete: J=0.5771, raw_J=0.5898, elapsed=2.5s.
[I 2026-05-22 12:08:31,674] Trial 13 finished with value: 0.5771024470471563 and parameters: {'max_depth': 5, 'subsample': 0.6751961643859677, 'reg_alpha': 2.3601815196424933, 'reg_lambda': 9.394092442843887, 'min_child_samples_pct': 0.03474243109239014, 'min_child_weight': 36.25820051344489, 'min_split_gain': 0.006016343269566363, 'colsample_bytree': 0.6744439648520766}. Best is trial 9 with value: 0.5913473571460877.
[2026-05-22 10:08:31 UTC] LGBM HPO trial 14 fold 1/3 started: train_rows=6666, valid_rows=3334, depth=5.
[2026-05-22 10:08:31 UTC] LGBM HPO trial 14 fold 1/3 complete: partial_J=0.6073, elapsed=0.3s.
[2026-05-22 10:08:31 UTC] LGBM HPO trial 14 fold 2/3 started: train_rows=6667, valid_rows=3333, depth=5.
[2026-05-22 10:08:32 UTC] LGBM HPO trial 14 fold 2/3 complete: partial_J=0.5986, elapsed=0.9s.
[2026-05-22 10:08:32 UTC] LGBM HPO trial 14 fold 3/3 started: train_rows=6667, valid_rows=3333, depth=5.
[2026-05-22 10:08:33 UTC] LGBM HPO trial 14 fold 3/3 complete: partial_J=0.5875, elapsed=0.7s.
[2026-05-22 10:08:33 UTC] LGBM HPO trial 14 complete: J=0.5875, raw_J=0.5987, elapsed=1.9s.
[I 2026-05-22 12:08:33,547] Trial 14 finished with value: 0.5874502900989349 and parameters: {'max_depth': 5, 'subsample': 0.6859815373986593, 'reg_alpha': 0.9611418789809412, 'reg_lambda': 3.558752838529287, 'min_child_samples_pct': 0.041754039459215714, 'min_child_weight': 51.88062856782674, 'min_split_gain': 0.001414960920738601, 'colsample_bytree': 0.688383967448017}. Best is trial 9 with value: 0.5913473571460877.
[2026-05-22 10:08:33 UTC] LGBM HPO trial 15 fold 1/3 started: train_rows=6666, valid_rows=3334, depth=3.
[2026-05-22 10:08:33 UTC] LGBM HPO trial 15 fold 1/3 complete: partial_J=0.6000, elapsed=0.2s.
[2026-05-22 10:08:33 UTC] LGBM HPO trial 15 fold 2/3 started: train_rows=6667, valid_rows=3333, depth=3.
[2026-05-22 10:08:34 UTC] LGBM HPO trial 15 fold 2/3 complete: partial_J=0.5908, elapsed=0.6s.
[2026-05-22 10:08:34 UTC] LGBM HPO trial 15 fold 3/3 started: train_rows=6667, valid_rows=3333, depth=3.
[2026-05-22 10:08:34 UTC] LGBM HPO trial 15 fold 3/3 complete: partial_J=0.5831, elapsed=0.5s.
[2026-05-22 10:08:34 UTC] LGBM HPO trial 15 complete: J=0.5831, raw_J=0.5945, elapsed=1.3s.
[I 2026-05-22 12:08:34,862] Trial 15 finished with value: 0.5831451433124836 and parameters: {'max_depth': 3, 'subsample': 0.6026823460379328, 'reg_alpha': 3.3933972882390635, 'reg_lambda': 5.729660462437271, 'min_child_samples_pct': 0.02620224692760427, 'min_child_weight': 61.49306075550037, 'min_split_gain': 0.00010353425827460532, 'colsample_bytree': 0.6307721742105624}. Best is trial 9 with value: 0.5913473571460877.
[2026-05-22 10:08:34 UTC] LGBM HPO trial 16 fold 1/3 started: train_rows=6666, valid_rows=3334, depth=4.
[2026-05-22 10:08:35 UTC] LGBM HPO trial 16 fold 1/3 complete: partial_J=0.6087, elapsed=0.3s.
[2026-05-22 10:08:35 UTC] LGBM HPO trial 16 fold 2/3 started: train_rows=6667, valid_rows=3333, depth=4.
[2026-05-22 10:08:35 UTC] LGBM HPO trial 16 fold 2/3 complete: partial_J=0.5888, elapsed=0.7s.
[2026-05-22 10:08:35 UTC] LGBM HPO trial 16 fold 3/3 started: train_rows=6667, valid_rows=3333, depth=4.
[2026-05-22 10:08:36 UTC] LGBM HPO trial 16 fold 3/3 complete: partial_J=0.5823, elapsed=0.6s.
[2026-05-22 10:08:36 UTC] LGBM HPO trial 16 complete: J=0.5823, raw_J=0.5927, elapsed=1.6s.
[I 2026-05-22 12:08:36,481] Trial 16 finished with value: 0.5823455402967412 and parameters: {'max_depth': 4, 'subsample': 0.7322946169309472, 'reg_alpha': 1.42446144166614, 'reg_lambda': 9.504168991848339, 'min_child_samples_pct': 0.037028103848844834, 'min_child_weight': 69.35407906495621, 'min_split_gain': 0.0027025261004459218, 'colsample_bytree': 0.7224190807326689}. Best is trial 9 with value: 0.5913473571460877.
[2026-05-22 10:08:36 UTC] LGBM HPO trial 17 fold 1/3 started: train_rows=6666, valid_rows=3334, depth=5.
[2026-05-22 10:08:36 UTC] LGBM HPO trial 17 fold 1/3 complete: partial_J=0.6015, elapsed=0.2s.
[2026-05-22 10:08:36 UTC] LGBM HPO trial 17 fold 2/3 started: train_rows=6667, valid_rows=3333, depth=5.
[2026-05-22 10:08:37 UTC] LGBM HPO trial 17 fold 2/3 complete: partial_J=0.5814, elapsed=0.9s.
[2026-05-22 10:08:37 UTC] LGBM HPO trial 17 fold 3/3 started: train_rows=6667, valid_rows=3333, depth=5.
[2026-05-22 10:08:38 UTC] LGBM HPO trial 17 fold 3/3 complete: partial_J=0.5721, elapsed=0.8s.
[2026-05-22 10:08:38 UTC] LGBM HPO trial 17 complete: J=0.5721, raw_J=0.5864, elapsed=1.9s.
[I 2026-05-22 12:08:38,428] Trial 17 finished with value: 0.5721295609035041 and parameters: {'max_depth': 5, 'subsample': 0.6748450174762224, 'reg_alpha': 0.5832716146720992, 'reg_lambda': 3.170367003532313, 'min_child_samples_pct': 0.05939443339879413, 'min_child_weight': 55.19731406305348, 'min_split_gain': 0.00023518909907219423, 'colsample_bytree': 0.6581735715992905}. Best is trial 9 with value: 0.5913473571460877.
[2026-05-22 10:08:38 UTC] LGBM HPO trial 18 fold 1/3 started: train_rows=6666, valid_rows=3334, depth=3.
[2026-05-22 10:08:38 UTC] LGBM HPO trial 18 fold 1/3 complete: partial_J=0.6023, elapsed=0.2s.
[2026-05-22 10:08:38 UTC] LGBM HPO trial 18 fold 2/3 started: train_rows=6667, valid_rows=3333, depth=3.
[2026-05-22 10:08:39 UTC] LGBM HPO trial 18 fold 2/3 complete: partial_J=0.5873, elapsed=0.6s.
[2026-05-22 10:08:39 UTC] LGBM HPO trial 18 fold 3/3 started: train_rows=6667, valid_rows=3333, depth=3.
[2026-05-22 10:08:39 UTC] LGBM HPO trial 18 fold 3/3 complete: partial_J=0.5823, elapsed=0.5s.
[2026-05-22 10:08:39 UTC] LGBM HPO trial 18 complete: J=0.5823, raw_J=0.5953, elapsed=1.4s.
[I 2026-05-22 12:08:39,802] Trial 18 finished with value: 0.5823170375641136 and parameters: {'max_depth': 3, 'subsample': 0.7928506131517594, 'reg_alpha': 2.6092393538509175, 'reg_lambda': 4.980014607371579, 'min_child_samples_pct': 0.045110923853169366, 'min_child_weight': 48.093419956527576, 'min_split_gain': 0.0006711597082386573, 'colsample_bytree': 0.6223626163380741}. Best is trial 9 with value: 0.5913473571460877.
[2026-05-22 10:08:39 UTC] LGBM HPO trial 19 fold 1/3 started: train_rows=6666, valid_rows=3334, depth=4.
[2026-05-22 10:08:40 UTC] LGBM HPO trial 19 fold 1/3 complete: partial_J=0.6029, elapsed=0.3s.
[2026-05-22 10:08:40 UTC] LGBM HPO trial 19 fold 2/3 started: train_rows=6667, valid_rows=3333, depth=4.
[2026-05-22 10:08:40 UTC] LGBM HPO trial 19 fold 2/3 complete: partial_J=0.5850, elapsed=0.7s.
[2026-05-22 10:08:40 UTC] LGBM HPO trial 19 fold 3/3 started: train_rows=6667, valid_rows=3333, depth=4.
[2026-05-22 10:08:41 UTC] LGBM HPO trial 19 fold 3/3 complete: partial_J=0.5824, elapsed=0.7s.
[2026-05-22 10:08:41 UTC] LGBM HPO trial 19 complete: J=0.5824, raw_J=0.5920, elapsed=1.7s.
