[I 2026-05-22 12:31:34,386] Trial 0 finished with value: 0.6560727302510093 and parameters: {'max_depth': 4, 'subsample': 0.7837429732265548, 'reg_alpha': 0.9704655072039469, 'reg_lambda': 2.5838501357344685, 'min_child_samples_pct': 0.031101765559407187, 'min_child_weight': 35.58333363573369, 'min_split_gain': 0.0001762728830538769, 'colsample_bytree': 0.6484845391171044}. Best is trial 0 with value: 0.6560727302510093.
[2026-05-22 10:31:34 UTC] LGBM HPO trial 1 fold 1/3 started: train_rows=6666, valid_rows=3334, depth=5.
[2026-05-22 10:31:36 UTC] LGBM HPO trial 1 fold 1/3 complete: partial_J=0.6870, elapsed=2.1s.
[2026-05-22 10:31:36 UTC] LGBM HPO trial 1 fold 2/3 started: train_rows=6667, valid_rows=3333, depth=5.
[2026-05-22 10:31:38 UTC] LGBM HPO trial 1 fold 2/3 complete: partial_J=0.6680, elapsed=2.3s.
[2026-05-22 10:31:38 UTC] LGBM HPO trial 1 fold 3/3 started: train_rows=6667, valid_rows=3333, depth=5.
[2026-05-22 10:31:40 UTC] LGBM HPO trial 1 fold 3/3 complete: partial_J=0.6630, elapsed=1.9s.
[2026-05-22 10:31:40 UTC] LGBM HPO trial 1 complete: J=0.6630, raw_J=0.6672, elapsed=6.3s.
[I 2026-05-22 12:31:40,697] Trial 1 finished with value: 0.6630209201888352 and parameters: {'max_depth': 5, 'subsample': 0.6103798944732012, 'reg_alpha': 0.11282697097526433, 'reg_lambda': 16.82302087871478, 'min_child_samples_pct': 0.046394041654810016, 'min_child_weight': 57.69299637991429, 'min_split_gain': 0.0009352484636488412, 'colsample_bytree': 0.6450871172244257}. Best is trial 1 with value: 0.6630209201888352.
[2026-05-22 10:31:40 UTC] LGBM HPO trial 2 fold 1/3 started: train_rows=6666, valid_rows=3334, depth=4.
[2026-05-22 10:31:42 UTC] LGBM HPO trial 2 fold 1/3 complete: partial_J=0.6593, elapsed=2.3s.
[2026-05-22 10:31:42 UTC] LGBM HPO trial 2 fold 2/3 started: train_rows=6667, valid_rows=3333, depth=4.
[2026-05-22 10:31:45 UTC] LGBM HPO trial 2 fold 2/3 complete: partial_J=0.6541, elapsed=2.3s.
[2026-05-22 10:31:45 UTC] LGBM HPO trial 2 fold 3/3 started: train_rows=6667, valid_rows=3333, depth=4.
[2026-05-22 10:31:47 UTC] LGBM HPO trial 2 fold 3/3 complete: partial_J=0.6519, elapsed=1.8s.
[2026-05-22 10:31:47 UTC] LGBM HPO trial 2 complete: J=0.6519, raw_J=0.6559, elapsed=6.4s.
[I 2026-05-22 12:31:47,092] Trial 2 finished with value: 0.6519123167321934 and parameters: {'max_depth': 4, 'subsample': 0.755942015707137, 'reg_alpha': 0.3552819912843471, 'reg_lambda': 9.713449612835213, 'min_child_samples_pct': 0.03679978093492689, 'min_child_weight': 66.23342393696363, 'min_split_gain': 0.0010503129469423191, 'colsample_bytree': 0.71452023934695}. Best is trial 1 with value: 0.6630209201888352.
[2026-05-22 10:31:47 UTC] LGBM HPO trial 3 fold 1/3 started: train_rows=6666, valid_rows=3334, depth=3.
[2026-05-22 10:31:48 UTC] LGBM HPO trial 3 fold 1/3 complete: partial_J=0.6656, elapsed=1.7s.
[2026-05-22 10:31:48 UTC] LGBM HPO trial 3 fold 2/3 started: train_rows=6667, valid_rows=3333, depth=3.
[2026-05-22 10:31:50 UTC] LGBM HPO trial 3 fold 2/3 complete: partial_J=0.6557, elapsed=1.6s.
[2026-05-22 10:31:50 UTC] LGBM HPO trial 3 fold 3/3 started: train_rows=6667, valid_rows=3333, depth=3.
[2026-05-22 10:31:51 UTC] LGBM HPO trial 3 fold 3/3 complete: partial_J=0.6502, elapsed=1.2s.
[2026-05-22 10:31:51 UTC] LGBM HPO trial 3 complete: J=0.6502, raw_J=0.6550, elapsed=4.5s.
[I 2026-05-22 12:31:51,630] Trial 3 finished with value: 0.6502457054498194 and parameters: {'max_depth': 3, 'subsample': 0.7075105363467603, 'reg_alpha': 0.39473029969959883, 'reg_lambda': 5.165148714860311, 'min_child_samples_pct': 0.043387082615971705, 'min_child_weight': 39.507995329921165, 'min_split_gain': 0.018732452249596417, 'colsample_bytree': 0.7321348958340884}. Best is trial 1 with value: 0.6630209201888352.
[2026-05-22 10:31:51 UTC] LGBM HPO trial 4 fold 1/3 started: train_rows=6666, valid_rows=3334, depth=5.
[2026-05-22 10:31:54 UTC] LGBM HPO trial 4 fold 1/3 complete: partial_J=0.6838, elapsed=3.3s.
[2026-05-22 10:31:54 UTC] LGBM HPO trial 4 fold 2/3 started: train_rows=6667, valid_rows=3333, depth=5.
[2026-05-22 10:31:58 UTC] LGBM HPO trial 4 fold 2/3 complete: partial_J=0.6679, elapsed=3.4s.
[2026-05-22 10:31:58 UTC] LGBM HPO trial 4 fold 3/3 started: train_rows=6667, valid_rows=3333, depth=5.
[2026-05-22 10:32:01 UTC] LGBM HPO trial 4 fold 3/3 complete: partial_J=0.6753, elapsed=3.3s.
[2026-05-22 10:32:01 UTC] LGBM HPO trial 4 complete: J=0.6753, raw_J=0.6783, elapsed=10.0s.
[I 2026-05-22 12:32:01,591] Trial 4 finished with value: 0.6752880023379049 and parameters: {'max_depth': 5, 'subsample': 0.7258517906160376, 'reg_alpha': 0.30145429289950465, 'reg_lambda': 17.131874044400014, 'min_child_samples_pct': 0.02508585000965297, 'min_child_weight': 40.62562636987935, 'min_split_gain': 0.003719699357361059, 'colsample_bytree': 0.6332924874734658}. Best is trial 4 with value: 0.6752880023379049.
[2026-05-22 10:32:01 UTC] LGBM HPO trial 5 fold 1/3 started: train_rows=6666, valid_rows=3334, depth=4.
[2026-05-22 10:32:03 UTC] LGBM HPO trial 5 fold 1/3 complete: partial_J=0.6842, elapsed=2.1s.
[2026-05-22 10:32:03 UTC] LGBM HPO trial 5 fold 2/3 started: train_rows=6667, valid_rows=3333, depth=4.
[2026-05-22 10:32:05 UTC] LGBM HPO trial 5 fold 2/3 complete: partial_J=0.6642, elapsed=1.9s.
[2026-05-22 10:32:05 UTC] LGBM HPO trial 5 fold 3/3 started: train_rows=6667, valid_rows=3333, depth=4.
[2026-05-22 10:32:06 UTC] LGBM HPO trial 5 fold 3/3 complete: partial_J=0.6487, elapsed=1.0s.
[2026-05-22 10:32:06 UTC] LGBM HPO trial 5 complete: J=0.6487, raw_J=0.6540, elapsed=5.0s.
[I 2026-05-22 12:32:06,609] Trial 5 finished with value: 0.6486856954844834 and parameters: {'max_depth': 4, 'subsample': 0.7380378349035027, 'reg_alpha': 0.15559941873400096, 'reg_lambda': 2.103176876093132, 'min_child_samples_pct': 0.048292727838632137, 'min_child_weight': 21.306539963388104, 'min_split_gain': 0.00023578110462088366, 'colsample_bytree': 0.6593966475588966}. Best is trial 4 with value: 0.6752880023379049.
[2026-05-22 10:32:06 UTC] LGBM HPO trial 6 fold 1/3 started: train_rows=6666, valid_rows=3334, depth=5.
[2026-05-22 10:32:09 UTC] LGBM HPO trial 6 fold 1/3 complete: partial_J=0.6797, elapsed=2.6s.
[2026-05-22 10:32:09 UTC] LGBM HPO trial 6 fold 2/3 started: train_rows=6667, valid_rows=3333, depth=5.
[2026-05-22 10:32:11 UTC] LGBM HPO trial 6 fold 2/3 complete: partial_J=0.6687, elapsed=2.5s.
[2026-05-22 10:32:11 UTC] LGBM HPO trial 6 fold 3/3 started: train_rows=6667, valid_rows=3333, depth=5.
[2026-05-22 10:32:14 UTC] LGBM HPO trial 6 fold 3/3 complete: partial_J=0.6610, elapsed=2.6s.
[2026-05-22 10:32:14 UTC] LGBM HPO trial 6 complete: J=0.6610, raw_J=0.6649, elapsed=7.8s.
[I 2026-05-22 12:32:14,366] Trial 6 finished with value: 0.6610322997057092 and parameters: {'max_depth': 5, 'subsample': 0.7500185897125332, 'reg_alpha': 0.5724667366083347, 'reg_lambda': 15.756362722069916, 'min_child_samples_pct': 0.04688092792572027, 'min_child_weight': 48.59316014602451, 'min_split_gain': 0.007673497976868729, 'colsample_bytree': 0.6484092998616453}. Best is trial 4 with value: 0.6752880023379049.
[2026-05-22 10:32:14 UTC] LGBM HPO trial 7 fold 1/3 started: train_rows=6666, valid_rows=3334, depth=5.
[2026-05-22 10:32:16 UTC] LGBM HPO trial 7 fold 1/3 complete: partial_J=0.6693, elapsed=1.7s.
[2026-05-22 10:32:16 UTC] LGBM HPO trial 7 fold 2/3 started: train_rows=6667, valid_rows=3333, depth=5.
[2026-05-22 10:32:18 UTC] LGBM HPO trial 7 fold 2/3 complete: partial_J=0.6556, elapsed=2.2s.
[2026-05-22 10:32:18 UTC] LGBM HPO trial 7 fold 3/3 started: train_rows=6667, valid_rows=3333, depth=5.
[2026-05-22 10:32:20 UTC] LGBM HPO trial 7 fold 3/3 complete: partial_J=0.6463, elapsed=2.0s.
[2026-05-22 10:32:20 UTC] LGBM HPO trial 7 complete: J=0.6463, raw_J=0.6510, elapsed=5.9s.
[I 2026-05-22 12:32:20,265] Trial 7 finished with value: 0.6462891824574092 and parameters: {'max_depth': 5, 'subsample': 0.6956408712866136, 'reg_alpha': 0.8983437930500564, 'reg_lambda': 15.355195463656566, 'min_child_samples_pct': 0.05620694201240613, 'min_child_weight': 34.13265631965562, 'min_split_gain': 0.002751125947846183, 'colsample_bytree': 0.7576417549466417}. Best is trial 4 with value: 0.6752880023379049.
[2026-05-22 10:32:20 UTC] LGBM HPO trial 8 fold 1/3 started: train_rows=6666, valid_rows=3334, depth=3.
[2026-05-22 10:32:22 UTC] LGBM HPO trial 8 fold 1/3 complete: partial_J=0.6625, elapsed=1.8s.
[2026-05-22 10:32:22 UTC] LGBM HPO trial 8 fold 2/3 started: train_rows=6667, valid_rows=3333, depth=3.
[2026-05-22 10:32:23 UTC] LGBM HPO trial 8 fold 2/3 complete: partial_J=0.6528, elapsed=1.8s.
[2026-05-22 10:32:23 UTC] LGBM HPO trial 8 fold 3/3 started: train_rows=6667, valid_rows=3333, depth=3.
[2026-05-22 10:32:25 UTC] LGBM HPO trial 8 fold 3/3 complete: partial_J=0.6531, elapsed=1.8s.
[2026-05-22 10:32:25 UTC] LGBM HPO trial 8 complete: J=0.6531, raw_J=0.6570, elapsed=5.4s.
[I 2026-05-22 12:32:25,684] Trial 8 finished with value: 0.653080122215179 and parameters: {'max_depth': 3, 'subsample': 0.7761240855136813, 'reg_alpha': 3.2897453336396176, 'reg_lambda': 4.361727129556879, 'min_child_samples_pct': 0.02520494105041124, 'min_child_weight': 50.05100085505288, 'min_split_gain': 0.00019256059288881005, 'colsample_bytree': 0.6681711794574556}. Best is trial 4 with value: 0.6752880023379049.
[2026-05-22 10:32:25 UTC] LGBM HPO trial 9 fold 1/3 started: train_rows=6666, valid_rows=3334, depth=5.
[2026-05-22 10:32:28 UTC] LGBM HPO trial 9 fold 1/3 complete: partial_J=0.7028, elapsed=3.0s.
[2026-05-22 10:32:28 UTC] LGBM HPO trial 9 fold 2/3 started: train_rows=6667, valid_rows=3333, depth=5.
[2026-05-22 10:32:31 UTC] LGBM HPO trial 9 fold 2/3 complete: partial_J=0.6798, elapsed=3.0s.
[2026-05-22 10:32:31 UTC] LGBM HPO trial 9 fold 3/3 started: train_rows=6667, valid_rows=3333, depth=5.
[2026-05-22 10:32:34 UTC] LGBM HPO trial 9 fold 3/3 complete: partial_J=0.6627, elapsed=3.0s.
[2026-05-22 10:32:34 UTC] LGBM HPO trial 9 complete: J=0.6627, raw_J=0.6668, elapsed=9.1s.
[I 2026-05-22 12:32:34,744] Trial 9 finished with value: 0.6626523839830541 and parameters: {'max_depth': 5, 'subsample': 0.7913200031416283, 'reg_alpha': 4.109338528002942, 'reg_lambda': 11.004448440473634, 'min_child_samples_pct': 0.03552879747761012, 'min_child_weight': 58.049638751959556, 'min_split_gain': 0.003913655178011811, 'colsample_bytree': 0.6528839419129276}. Best is trial 4 with value: 0.6752880023379049.
[2026-05-22 10:32:34 UTC] LGBM HPO trial 10 fold 1/3 started: train_rows=6666, valid_rows=3334, depth=6.
[2026-05-22 10:32:38 UTC] LGBM HPO trial 10 fold 1/3 complete: partial_J=0.7122, elapsed=4.2s.
[2026-05-22 10:32:38 UTC] LGBM HPO trial 10 fold 2/3 started: train_rows=6667, valid_rows=3333, depth=6.
[2026-05-22 10:32:43 UTC] LGBM HPO trial 10 fold 2/3 complete: partial_J=0.7145, elapsed=4.3s.
[2026-05-22 10:32:43 UTC] LGBM HPO trial 10 fold 3/3 started: train_rows=6667, valid_rows=3333, depth=6.
[2026-05-22 10:32:47 UTC] LGBM HPO trial 10 fold 3/3 complete: partial_J=0.7042, elapsed=4.2s.
[2026-05-22 10:32:47 UTC] LGBM HPO trial 10 complete: J=0.7042, raw_J=0.7070, elapsed=12.7s.
[I 2026-05-22 12:32:47,463] Trial 10 finished with value: 0.7041698229028178 and parameters: {'max_depth': 6, 'subsample': 0.6596747968470114, 'reg_alpha': 0.2285163345171165, 'reg_lambda': 8.022569990982221, 'min_child_samples_pct': 0.020135410333594964, 'min_child_weight': 22.41198037004869, 'min_split_gain': 0.027401108716211924, 'colsample_bytree': 0.6031097184283029}. Best is trial 10 with value: 0.7041698229028178.
[2026-05-22 10:32:47 UTC] LGBM HPO trial 11 fold 1/3 started: train_rows=6666, valid_rows=3334, depth=6.
[2026-05-22 10:32:51 UTC] LGBM HPO trial 11 fold 1/3 complete: partial_J=0.7001, elapsed=4.2s.
[2026-05-22 10:32:51 UTC] LGBM HPO trial 11 fold 2/3 started: train_rows=6667, valid_rows=3333, depth=6.
[2026-05-22 10:32:55 UTC] LGBM HPO trial 11 fold 2/3 complete: partial_J=0.7015, elapsed=4.2s.
[2026-05-22 10:32:55 UTC] LGBM HPO trial 11 fold 3/3 started: train_rows=6667, valid_rows=3333, depth=6.
[2026-05-22 10:33:00 UTC] LGBM HPO trial 11 fold 3/3 complete: partial_J=0.6964, elapsed=4.2s.
[2026-05-22 10:33:00 UTC] LGBM HPO trial 11 complete: J=0.6964, raw_J=0.6991, elapsed=12.6s.
[I 2026-05-22 12:33:00,042] Trial 11 finished with value: 0.6964190722744341 and parameters: {'max_depth': 6, 'subsample': 0.6478837284206738, 'reg_alpha': 0.22130326749619583, 'reg_lambda': 8.092008586405276, 'min_child_samples_pct': 0.02016381794145358, 'min_child_weight': 24.89462613794423, 'min_split_gain': 0.02732985171202031, 'colsample_bytree': 0.6037381240506531}. Best is trial 10 with value: 0.7041698229028178.
[2026-05-22 10:33:00 UTC] LGBM HPO trial 12 fold 1/3 started: train_rows=6666, valid_rows=3334, depth=6.
[2026-05-22 10:33:04 UTC] LGBM HPO trial 12 fold 1/3 complete: partial_J=0.7172, elapsed=4.2s.
[2026-05-22 10:33:04 UTC] LGBM HPO trial 12 fold 2/3 started: train_rows=6667, valid_rows=3333, depth=6.
[2026-05-22 10:33:08 UTC] LGBM HPO trial 12 fold 2/3 complete: partial_J=0.7121, elapsed=4.3s.
[2026-05-22 10:33:08 UTC] LGBM HPO trial 12 fold 3/3 started: train_rows=6667, valid_rows=3333, depth=6.
[2026-05-22 10:33:12 UTC] LGBM HPO trial 12 fold 3/3 complete: partial_J=0.7043, elapsed=4.0s.
[2026-05-22 10:33:12 UTC] LGBM HPO trial 12 complete: J=0.7043, raw_J=0.7072, elapsed=12.5s.
[I 2026-05-22 12:33:12,531] Trial 12 finished with value: 0.704347370814035 and parameters: {'max_depth': 6, 'subsample': 0.6466978660738434, 'reg_alpha': 0.1939248905375395, 'reg_lambda': 7.693170203133293, 'min_child_samples_pct': 0.02028110221827385, 'min_child_weight': 26.15183041249836, 'min_split_gain': 0.027643952922782985, 'colsample_bytree': 0.6019720719531219}. Best is trial 12 with value: 0.704347370814035.
[2026-05-22 10:33:12 UTC] LGBM HPO trial 13 fold 1/3 started: train_rows=6666, valid_rows=3334, depth=6.
[2026-05-22 10:33:16 UTC] LGBM HPO trial 13 fold 1/3 complete: partial_J=0.7089, elapsed=4.2s.
[2026-05-22 10:33:16 UTC] LGBM HPO trial 13 fold 2/3 started: train_rows=6667, valid_rows=3333, depth=6.
[2026-05-22 10:33:20 UTC] LGBM HPO trial 13 fold 2/3 complete: partial_J=0.7079, elapsed=4.2s.
[2026-05-22 10:33:20 UTC] LGBM HPO trial 13 fold 3/3 started: train_rows=6667, valid_rows=3333, depth=6.
[2026-05-22 10:33:25 UTC] LGBM HPO trial 13 fold 3/3 complete: partial_J=0.7026, elapsed=4.3s.
[2026-05-22 10:33:25 UTC] LGBM HPO trial 13 complete: J=0.7026, raw_J=0.7052, elapsed=12.7s.
[I 2026-05-22 12:33:25,216] Trial 13 finished with value: 0.7026009919909751 and parameters: {'max_depth': 6, 'subsample': 0.6598481266642852, 'reg_alpha': 0.10013680806153635, 'reg_lambda': 6.701663816978118, 'min_child_samples_pct': 0.020316147814590717, 'min_child_weight': 28.029171916673967, 'min_split_gain': 0.01177568733072118, 'colsample_bytree': 0.6007660836450516}. Best is trial 12 with value: 0.704347370814035.
[2026-05-22 10:33:25 UTC] LGBM HPO trial 14 fold 1/3 started: train_rows=6666, valid_rows=3334, depth=6.
[2026-05-22 10:33:28 UTC] LGBM HPO trial 14 fold 1/3 complete: partial_J=0.6704, elapsed=3.3s.
[2026-05-22 10:33:28 UTC] LGBM HPO trial 14 fold 2/3 started: train_rows=6667, valid_rows=3333, depth=6.
[2026-05-22 10:33:31 UTC] LGBM HPO trial 14 fold 2/3 complete: partial_J=0.6715, elapsed=3.5s.
[2026-05-22 10:33:31 UTC] LGBM HPO trial 14 fold 3/3 started: train_rows=6667, valid_rows=3333, depth=6.
[2026-05-22 10:33:35 UTC] LGBM HPO trial 14 fold 3/3 complete: partial_J=0.6736, elapsed=3.3s.
[2026-05-22 10:33:35 UTC] LGBM HPO trial 14 complete: J=0.6736, raw_J=0.6769, elapsed=10.1s.
[I 2026-05-22 12:33:35,346] Trial 14 finished with value: 0.6735609391132852 and parameters: {'max_depth': 6, 'subsample': 0.6552008503200771, 'reg_alpha': 1.666226653086676, 'reg_lambda': 4.428110292353202, 'min_child_samples_pct': 0.030162189189378196, 'min_child_weight': 29.8268519494508, 'min_split_gain': 0.010767244754912184, 'colsample_bytree': 0.617789231226846}. Best is trial 12 with value: 0.704347370814035.
[2026-05-22 10:33:35 UTC] LGBM HPO trial 15 fold 1/3 started: train_rows=6666, valid_rows=3334, depth=6.
[2026-05-22 10:33:38 UTC] LGBM HPO trial 15 fold 1/3 complete: partial_J=0.6831, elapsed=3.4s.
[2026-05-22 10:33:38 UTC] LGBM HPO trial 15 fold 2/3 started: train_rows=6667, valid_rows=3333, depth=6.
[2026-05-22 10:33:42 UTC] LGBM HPO trial 15 fold 2/3 complete: partial_J=0.6795, elapsed=3.5s.
[2026-05-22 10:33:42 UTC] LGBM HPO trial 15 fold 3/3 started: train_rows=6667, valid_rows=3333, depth=6.
[2026-05-22 10:33:45 UTC] LGBM HPO trial 15 fold 3/3 complete: partial_J=0.6786, elapsed=3.3s.
[2026-05-22 10:33:45 UTC] LGBM HPO trial 15 complete: J=0.6786, raw_J=0.6819, elapsed=10.2s.
[I 2026-05-22 12:33:45,575] Trial 15 finished with value: 0.6785950035403522 and parameters: {'max_depth': 6, 'subsample': 0.6042303703129719, 'reg_alpha': 0.2079438288727706, 'reg_lambda': 11.37805908309655, 'min_child_samples_pct': 0.027301576008031063, 'min_child_weight': 21.99250944751175, 'min_split_gain': 0.02830456249215094, 'colsample_bytree': 0.7952596378576477}. Best is trial 12 with value: 0.704347370814035.
[2026-05-22 10:33:45 UTC] LGBM HPO trial 16 fold 1/3 started: train_rows=6666, valid_rows=3334, depth=6.
[2026-05-22 10:33:49 UTC] LGBM HPO trial 16 fold 1/3 complete: partial_J=0.7090, elapsed=4.2s.
[2026-05-22 10:33:49 UTC] LGBM HPO trial 16 fold 2/3 started: train_rows=6667, valid_rows=3333, depth=6.
[2026-05-22 10:33:53 UTC] LGBM HPO trial 16 fold 2/3 complete: partial_J=0.7077, elapsed=4.2s.
[2026-05-22 10:33:53 UTC] LGBM HPO trial 16 fold 3/3 started: train_rows=6667, valid_rows=3333, depth=6.
[2026-05-22 10:33:58 UTC] LGBM HPO trial 16 fold 3/3 complete: partial_J=0.7010, elapsed=4.1s.
[2026-05-22 10:33:58 UTC] LGBM HPO trial 16 complete: J=0.7010, raw_J=0.7035, elapsed=12.5s.
[I 2026-05-22 12:33:58,092] Trial 16 finished with value: 0.7010361118467052 and parameters: {'max_depth': 6, 'subsample': 0.6338002209397288, 'reg_alpha': 0.5439878220292148, 'reg_lambda': 6.342528079357461, 'min_child_samples_pct': 0.020030977044381316, 'min_child_weight': 31.029922739251717, 'min_split_gain': 0.007445184067232189, 'colsample_bytree': 0.6909669045052516}. Best is trial 12 with value: 0.704347370814035.
[2026-05-22 10:33:58 UTC] LGBM HPO trial 17 fold 1/3 started: train_rows=6666, valid_rows=3334, depth=6.
[2026-05-22 10:34:00 UTC] LGBM HPO trial 17 fold 1/3 complete: partial_J=0.6581, elapsed=2.2s.
[2026-05-22 10:34:00 UTC] LGBM HPO trial 17 fold 2/3 started: train_rows=6667, valid_rows=3333, depth=6.
[2026-05-22 10:34:02 UTC] LGBM HPO trial 17 fold 2/3 complete: partial_J=0.6523, elapsed=2.0s.
[2026-05-22 10:34:02 UTC] LGBM HPO trial 17 pruned at fold 2/3 (partial_J=0.6523).
[I 2026-05-22 12:34:02,260] Trial 17 pruned. 
[2026-05-22 10:34:02 UTC] LGBM HPO trial 18 fold 1/3 started: train_rows=6666, valid_rows=3334, depth=6.
[2026-05-22 10:34:05 UTC] LGBM HPO trial 18 fold 1/3 complete: partial_J=0.7001, elapsed=3.1s.
[2026-05-22 10:34:05 UTC] LGBM HPO trial 18 fold 2/3 started: train_rows=6667, valid_rows=3333, depth=6.
[2026-05-22 10:34:08 UTC] LGBM HPO trial 18 fold 2/3 complete: partial_J=0.6735, elapsed=3.0s.
[2026-05-22 10:34:08 UTC] LGBM HPO trial 18 fold 3/3 started: train_rows=6667, valid_rows=3333, depth=6.
[2026-05-22 10:34:11 UTC] LGBM HPO trial 18 fold 3/3 complete: partial_J=0.6687, elapsed=3.1s.
[2026-05-22 10:34:11 UTC] LGBM HPO trial 18 complete: J=0.6687, raw_J=0.6720, elapsed=9.2s.
[I 2026-05-22 12:34:11,468] Trial 18 finished with value: 0.6687281234846616 and parameters: {'max_depth': 6, 'subsample': 0.6306341647088947, 'reg_alpha': 1.7280365244204787, 'reg_lambda': 7.592522237565451, 'min_child_samples_pct': 0.03350825570102024, 'min_child_weight': 20.007636210568993, 'min_split_gain': 0.015847066225368227, 'colsample_bytree': 0.6249597370563448}. Best is trial 12 with value: 0.704347370814035.
[2026-05-22 10:34:11 UTC] LGBM HPO trial 19 fold 1/3 started: train_rows=6666, valid_rows=3334, depth=5.
[2026-05-22 10:34:14 UTC] LGBM HPO trial 19 fold 1/3 complete: partial_J=0.6778, elapsed=2.7s.
[2026-05-22 10:34:14 UTC] LGBM HPO trial 19 fold 2/3 started: train_rows=6667, valid_rows=3333, depth=5.
[2026-05-22 10:34:16 UTC] LGBM HPO trial 19 fold 2/3 complete: partial_J=0.6688, elapsed=2.5s.
[2026-05-22 10:34:16 UTC] LGBM HPO trial 19 fold 3/3 started: train_rows=6667, valid_rows=3333, depth=5.
[2026-05-22 10:34:18 UTC] LGBM HPO trial 19 fold 3/3 complete: partial_J=0.6574, elapsed=2.1s.
[2026-05-22 10:34:18 UTC] LGBM HPO trial 19 complete: J=0.6574, raw_J=0.6613, elapsed=7.3s.
[I 2026-05-22 12:34:18,777] Trial 19 finished with value: 0.657403330182487 and parameters: {'max_depth': 5, 'subsample': 0.6783348126859783, 'reg_alpha': 0.2817693458544151, 'reg_lambda': 9.202600548649137, 'min_child_samples_pct': 0.039439927395730906, 'min_child_weight': 42.87977544637243, 'min_split_gain': 0.005641299165353379, 'colsample_bytree': 0.6170738900365846}. Best is trial 12 with value: 0.704347370814035.
[2026-05-22 10:34:18 UTC] LGBM HPO trial 20 fold 1/3 started: train_rows=6666, valid_rows=3334, depth=6.
[2026-05-22 10:34:22 UTC] LGBM HPO trial 20 fold 1/3 complete: partial_J=0.7038, elapsed=3.3s.
[2026-05-22 10:34:22 UTC] LGBM HPO trial 20 fold 2/3 started: train_rows=6667, valid_rows=3333, depth=6.
[2026-05-22 10:34:24 UTC] LGBM HPO trial 20 fold 2/3 complete: partial_J=0.6801, elapsed=2.8s.
[2026-05-22 10:34:24 UTC] LGBM HPO trial 20 fold 3/3 started: train_rows=6667, valid_rows=3333, depth=6.
[2026-05-22 10:34:28 UTC] LGBM HPO trial 20 fold 3/3 complete: partial_J=0.6931, elapsed=3.3s.
[2026-05-22 10:34:28 UTC] LGBM HPO trial 20 complete: J=0.6931, raw_J=0.6963, elapsed=9.4s.
