[2026-05-22 09:42:01 UTC] START variant=rollout_on_new run_id=20260522_101001 rollout=1 selector=new code_root=/Users/remyroche/Documents/Ares
[2026-05-22 09:42:01 UTC] SKIP labels: existing artifact found
verified labels manifest: 1 datasets
[2026-05-22 09:42:01 UTC] SKIP train_base: existing artifact found
verified base intermediate model state: /Users/remyroche/Documents/Ares/data_perp_policy_rollout_feature_selector_experiment_v3/rollout_on_new_perp/artifacts/20260522_101001/base_models_intermediate.pkl
[2026-05-22 09:42:01 UTC] SKIP train_meta: existing artifact found
verified meta model state: /Users/remyroche/Documents/Ares/data_perp_policy_rollout_feature_selector_experiment_v3/rollout_on_new_perp/artifacts/20260522_101001/models/model_state_meta.pkl
verified meta OOF directory: /Users/remyroche/Documents/Ares/data_perp_policy_rollout_feature_selector_experiment_v3/rollout_on_new_perp/artifacts/20260522_101001/meta_oof
[2026-05-22 09:42:01 UTC] SKIP simple_policy_optimiser: existing artifact found
verified policy optimisation output: /Users/remyroche/Documents/Ares/data_perp_policy_rollout_feature_selector_experiment_v3/rollout_on_new_perp/artifacts/20260522_101001/policy_optimisation.json
[2026-05-22 09:42:01 UTC] DONE variant=rollout_on_new
[2026-05-22 09:42:01 UTC] START variant=rollout_off_new run_id=20260522_101002 rollout=0 selector=new code_root=/Users/remyroche/Documents/Ares
[2026-05-22 09:42:03 UTC] Entering function: retry_with_backoff in utils.py
2026-05-22 11:42:03,424 - DataQualityFramework - INFO - ℹ️ ✅ Comprehensive duplicate analyzer integrated
2026-05-22 11:42:03,424 - DataQualityFramework - INFO - ℹ️ 🔧 Unified Data Quality Framework initialized (singleton)
[2026-05-22 11:42:03.424] PERFORMANCE: DataQualityFramework initialization took 0.000s
2026-05-22 11:42:03,424 - System.tprint - INFO - ℹ️ DataQualityFramework initialization took 0.000s
2026-05-22 11:42:03,602 - ares.registry - INFO - ℹ️ Registered step: data_download
2026-05-22 11:42:03,605 - System.AdvancedQualityMetrics - INFO - ℹ️ 📊 AdvancedQualityMetrics initialized with tolerant parameters
[2026-05-22 11:42:03.605] PERFORMANCE: AdvancedQualityMetrics initialization took 0.000s
2026-05-22 11:42:03,605 - System.tprint - INFO - ℹ️ AdvancedQualityMetrics initialization took 0.000s
2026-05-22 11:42:03,607 - DataCleaner - INFO - ℹ️ Using klines-specific gap thresholds: {<GapType.SMALL: 'small'>: 65, <GapType.MEDIUM: 'medium'>: 300, <GapType.LARGE: 'large'>: 1800, <GapType.CRITICAL: 'critical'>: 3600}
[2026-05-22 11:42:03.607] PERFORMANCE: DataCleaner(klines) initialization took 0.000s
2026-05-22 11:42:03,607 - System.tprint - INFO - ℹ️ DataCleaner(klines) initialization took 0.000s
2026-05-22 11:42:03,607 - DataCleanerManager - INFO - ℹ️ 🔧 DataCleanerManager initialized (singleton)
[2026-05-22 11:42:03.616] DEBUG: 🔧 [features_common.utils] Initializing common utilities module
[2026-05-22 11:42:03.616] SUCCESS: ✅ [features_common.utils] Math validation utilities loaded
2026-05-22 11:42:03,616 - System.tprint - INFO - ℹ️ ✅ [features_common.utils] Math validation utilities loaded
[2026-05-22 11:42:03.616] DEBUG: 🔧 [features_common.utils] Common utilities module initialized
2026-05-22 11:42:05,575 - src.utils.hardware.m1_gpu_utils.M1GPUManager - INFO - ℹ️ M1 GPU Manager initialized - M1: True, Generation: m1, MPS: True
2026-05-22 11:42:05,590 - src.utils.hardware.m1_cpu_optimizer.M1CPUOptimizer - INFO - ℹ️ 🧠 M1 CPU Optimizer initialized for M1 (4P+4E cores)
[2026-05-22 11:42:05.666] DEBUG: 🔧 [transforms] Module initialized with 15 exports
2026-05-22 11:42:05,666 - src.features_common.backward_compatibility - INFO - ℹ️ Backward compatibility ensured for features_common
[2026-05-22 11:42:05.667] DEBUG: 🔧 [optimization] Module initialized with 6 exports
[2026-05-22 11:42:05.667] DEBUG: 🔧 [registry] Module initialized with BaseFeatureRegistry
[2026-05-22 11:42:05.670] DEBUG: 🚀 [features_common] Enhanced module initialized with 59 exports
[2026-05-22 11:42:05.670] SUCCESS: ✅ [features_common] All optimizations enabled by default
2026-05-22 11:42:05,670 - System.tprint - INFO - ℹ️ ✅ [features_common] All optimizations enabled by default
[2026-05-22 11:42:05.670] INFO: 🔧 [features_common] VectorBT integration available
2026-05-22 11:42:05,670 - System.tprint - INFO - ℹ️ 🔧 [features_common] VectorBT integration available
[2026-05-22 11:42:05.670] PERFORMANCE: 📊 [features_common] Performance monitoring enabled
2026-05-22 11:42:05,670 - System.tprint - INFO - ℹ️ 📊 [features_common] Performance monitoring enabled
[2026-05-22 11:42:05.670] WARNING: 💾 [features_common] Intelligent caching active
2026-05-22 11:42:05,670 - System.tprint - WARNING - ⚠️ 💾 [features_common] Intelligent caching active
2026-05-22 11:42:05,670 - System.DataStreamingManager - INFO - ℹ️ 🚀 DataStreamingManager initialized (singleton): chunk_size=10000, memory_threshold=0.8
[2026-05-22 11:42:05.670] PERFORMANCE: DataStreamingManager initialization took 0.000s
2026-05-22 11:42:05,670 - System.tprint - INFO - ℹ️ DataStreamingManager initialization took 0.000s
[2026-05-22 11:42:05.672] ✅ Custom logger available for MLCommon.ValidationUtils
2026-05-22 11:42:05,673 - System.tprint - INFO - ℹ️ ✅ Custom logger available for MLCommon.ValidationUtils
2026-05-22 11:42:05,674 - System.CrossStepValidator - INFO - ℹ️ 🔍 CrossStepValidator initialized with comprehensive consistency rules
2026-05-22 11:42:05,675 - System.UnifiedDataUtils - INFO - ℹ️ 🚀 Unified Data Utils initialized
[2026-05-22 09:42:05 UTC] EBMOnLGBM: J weights do not sum to 1.0 (sum=0.900000); using them as provided.
[2026-05-22 09:42:05 UTC] GC: Collected 42 objects on startup.
[2026-05-22 09:42:05 UTC] EPM_DATA_ROOT override: data_root=/Users/remyroche/Documents/Ares/data_perp_policy_rollout_feature_selector_experiment_v3/rollout_off_new
[2026-05-22 09:42:05 UTC] Kraken perps: feature portability strict mode disabled so unavailable open-interest feature families are pruned instead of required.
[2026-05-22 09:42:05 UTC] Market mode: perps exchange=kraken scope=krakenfutures (data_root=/Users/remyroche/Documents/Ares/data_perp_policy_rollout_feature_selector_experiment_v3/rollout_off_new_perp, reports_root=/Users/remyroche/Documents/Ares/data_perp_policy_rollout_feature_selector_experiment_v3/rollout_off_new/reports_perp)
[2026-05-22 09:42:05 UTC] Planner preset: fast (full_inference_retrain=False)
[2026-05-22 09:42:05 UTC] CACHE[labels:start]: skipped cache wipe (mem_avail=10.8GB)
[2026-05-22 09:42:06 UTC] GC[labels:start]: collected=66
[2026-05-22 09:42:06 UTC] Labels mode. ts_sig=2026-05-22 10:10:02+00:00 horizons=None
[2026-05-22 09:42:06 UTC] Labels override: policy_rollout_labeling_enable=False from EPM_POLICY_ROLLOUT_LABELING_ENABLE
[2026-05-22 09:42:06 UTC] Labels optimization mode: incremental_persist=True keep_all_if_lte=6 keep_top_n=6 geom_hb_every=4 geom_hb_secs=60 raw_tb_payload_cache_mb=2048 tb_workers=2 worker_mode=auto geom_payload=compact(tp_vals/sl_vals)
2026-05-22 11:42:06,028 - params_store - INFO - ℹ️ [params_store] Loaded 4 strategies from /Users/remyroche/Documents/Ares/extreme_price_movements/offline_optimisers/reports/inference_candidate_mask_best_params_perps.csv (2 groups x top_2, ranked by score_for_best_params)
[2026-05-22 09:42:06 UTC] [params_store] Loaded 4 dynamic strategies from mask_optimiser
2026-05-22 11:42:06,028 - params_store - INFO - ℹ️ [params_store] Loaded 4 dynamic strategies from mask_optimiser
[2026-05-22 09:42:06 UTC] [params_store] TBM best params loaded from /Users/remyroche/Documents/Ares/extreme_price_movements/offline_optimisers/reports/tbm_best_params_perps.csv: config_id=CFGAD67088D9C  base_atr_window=840  k_tp=1.102973  sl_as_tp_pct=0.75  tp_base_pct=0.012965  mode=optuna_s1_TF_long_H10  horizon_scaling=sqrt
2026-05-22 11:42:06,030 - params_store - INFO - ℹ️ [params_store] TBM best params loaded from /Users/remyroche/Documents/Ares/extreme_price_movements/offline_optimisers/reports/tbm_best_params_perps.csv: config_id=CFGAD67088D9C  base_atr_window=840  k_tp=1.102973  sl_as_tp_pct=0.75  tp_base_pct=0.012965  mode=optuna_s1_TF_long_H10  horizon_scaling=sqrt
[2026-05-22 09:42:06 UTC] [params_store] Injected into cfg: barrier_atr_window=840  barrier_k_tp=1.102973  barrier_mode=optuna_s1_TF_long_H10  barrier_sl_base_mult=0.75  barrier_sl_hi=0.06  barrier_sl_lo=0.005  barrier_sl_method=tp_pct  barrier_tp_abs_pct=0.012965  barrier_tp_base_pct=0.012965  barrier_tp_hi=0.06  barrier_tp_lo=0.005  barrier_tp_method=atr_norm  label_horizon_base=4  label_horizon_scaling=sqrt
2026-05-22 11:42:06,030 - params_store - INFO - ℹ️ [params_store] Injected into cfg: barrier_atr_window=840  barrier_k_tp=1.102973  barrier_mode=optuna_s1_TF_long_H10  barrier_sl_base_mult=0.75  barrier_sl_hi=0.06  barrier_sl_lo=0.005  barrier_sl_method=tp_pct  barrier_tp_abs_pct=0.012965  barrier_tp_base_pct=0.012965  barrier_tp_hi=0.06  barrier_tp_lo=0.005  barrier_tp_method=atr_norm  label_horizon_base=4  label_horizon_scaling=sqrt
2026-05-22 11:42:06,033 - params_store - INFO - ℹ️ [params_store] Loaded 4 strategies from /Users/remyroche/Documents/Ares/extreme_price_movements/offline_optimisers/reports/inference_candidate_mask_best_params_perps.csv (2 groups x top_2, ranked by score_for_best_params)
[2026-05-22 09:42:06 UTC] Loaded 4 strategies with source_horizons=[10]
[2026-05-22 09:42:06 UTC] Labels override: explicit strategy allowlist active after mask-param load; selected 1/1 strategies
2026-05-22 11:42:06,039 - params_store - INFO - ℹ️ [params_store] Loaded 4 strategies from /Users/remyroche/Documents/Ares/extreme_price_movements/offline_optimisers/reports/inference_candidate_mask_best_params_perps.csv (2 groups x top_2, ranked by score_for_best_params)
[2026-05-22 09:42:06 UTC] [params_store] Loaded 4 dynamic strategies from mask_optimiser
2026-05-22 11:42:06,039 - params_store - INFO - ℹ️ [params_store] Loaded 4 dynamic strategies from mask_optimiser
[2026-05-22 09:42:06 UTC] [params_store] TBM best params loaded from /Users/remyroche/Documents/Ares/extreme_price_movements/offline_optimisers/reports/tbm_best_params_perps.csv: config_id=CFGAD67088D9C  base_atr_window=840  k_tp=1.102973  sl_as_tp_pct=0.75  tp_base_pct=0.012965  mode=optuna_s1_TF_long_H10  horizon_scaling=sqrt
2026-05-22 11:42:06,040 - params_store - INFO - ℹ️ [params_store] TBM best params loaded from /Users/remyroche/Documents/Ares/extreme_price_movements/offline_optimisers/reports/tbm_best_params_perps.csv: config_id=CFGAD67088D9C  base_atr_window=840  k_tp=1.102973  sl_as_tp_pct=0.75  tp_base_pct=0.012965  mode=optuna_s1_TF_long_H10  horizon_scaling=sqrt
[2026-05-22 09:42:06 UTC] [params_store] Injected into cfg: barrier_atr_window=840  barrier_k_tp=1.102973  barrier_mode=optuna_s1_TF_long_H10  barrier_sl_base_mult=0.75  barrier_sl_hi=0.06  barrier_sl_lo=0.005  barrier_sl_method=tp_pct  barrier_tp_abs_pct=0.012965  barrier_tp_base_pct=0.012965  barrier_tp_hi=0.06  barrier_tp_lo=0.005  barrier_tp_method=atr_norm  label_horizon_base=4  label_horizon_scaling=sqrt
2026-05-22 11:42:06,040 - params_store - INFO - ℹ️ [params_store] Injected into cfg: barrier_atr_window=840  barrier_k_tp=1.102973  barrier_mode=optuna_s1_TF_long_H10  barrier_sl_base_mult=0.75  barrier_sl_hi=0.06  barrier_sl_lo=0.005  barrier_sl_method=tp_pct  barrier_tp_abs_pct=0.012965  barrier_tp_base_pct=0.012965  barrier_tp_hi=0.06  barrier_tp_lo=0.005  barrier_tp_method=atr_norm  label_horizon_base=4  label_horizon_scaling=sqrt
[2026-05-22 09:42:06 UTC] STEP: LABEL GENERATION START
[2026-05-22 09:42:06 UTC] Labels universe source: local store symbols (306)
[2026-05-22 09:42:06 UTC] Labels offline universe build: using local store symbols (306 symbols)
[2026-05-22 09:42:06 UTC] Filtering 306 symbols by variance (Top 100%, stride=1)...
[2026-05-22 09:42:07 UTC] Variance Filter: Kept 301/306 symbols.
[2026-05-22 09:42:07 UTC] Variance Filter Reasons: load_error=0, too_few_rows=0, too_few_sampled_points=0, near_zero_variance=5, accepted=301
[2026-05-22 09:42:07 UTC] Universe before dedup: 301 symbols
[2026-05-22 09:42:07 UTC] Universe after base-asset dedup (USDC>USDT>BUSD>EUR): 301 symbols
[2026-05-22 09:42:07 UTC] Entering function: __init__ in utils.py
[2026-05-22 09:42:07 UTC] Entering function: __enter__ in utils.py
[2026-05-22 09:42:07 UTC] START: Data Load
[2026-05-22 09:42:11 UTC] Entering function: __exit__ in utils.py
[2026-05-22 09:42:11 UTC] END: Data Load (4.19s)
[2026-05-22 09:42:17 UTC] Label data load complete: symbols=301 horizons=[5, 10] label_persist_incremental=True
[2026-05-22 09:42:17 UTC] DATA COVERAGE: 301 symbols, 35040 hourly bars, 1460 days (2022-05-23 to 2026-05-22), 45.8% non-NaN
[2026-05-22 09:42:17 UTC] Entering function: compute_market_features in features.py
[2026-05-22 09:42:17 UTC] Transforming Volume: Log -> EWMA(5)
[2026-05-22 09:42:17 UTC] Entering function: numba_rolling_sum in fast_funcs.py
[2026-05-22 09:42:17 UTC] Entering function: numba_rolling_sum in fast_funcs.py
[2026-05-22 09:42:17 UTC] Entering function: add_regime_gates in features.py
[2026-05-22 09:42:17 UTC] Entering function: numba_rolling_median in fast_funcs.py
[2026-05-22 09:42:17 UTC] Label feature key scope: using 4 selected strategies
[2026-05-22 09:42:17 UTC] Found 236 feature files in /Users/remyroche/Documents/Ares/data_perp_policy_rollout_feature_selector_experiment_v3/rollout_off_new_perp/features/20260522_101002. Selective load: keys=21, symbols=301
[2026-05-22 09:42:18 UTC] Selective feature load progress: 25/236 files (10.6%) in 0.7s
[2026-05-22 09:42:19 UTC] Selective feature load progress: 50/236 files (21.2%) in 1.4s
[2026-05-22 09:42:19 UTC] Selective feature load progress: 75/236 files (31.8%) in 2.0s
[2026-05-22 09:42:20 UTC] Selective feature load progress: 100/236 files (42.4%) in 2.7s
[2026-05-22 09:42:21 UTC] Selective feature load progress: 125/236 files (53.0%) in 3.3s
[2026-05-22 09:42:21 UTC] Selective feature load progress: 150/236 files (63.6%) in 4.0s
[2026-05-22 09:42:22 UTC] Selective feature load progress: 175/236 files (74.2%) in 4.7s
[2026-05-22 09:42:23 UTC] Selective feature load progress: 200/236 files (84.7%) in 5.3s
[2026-05-22 09:42:23 UTC] Selective feature load progress: 225/236 files (95.3%) in 6.0s
[2026-05-22 09:42:24 UTC] Selective feature load progress: 236/236 files (100.0%) in 6.3s
[2026-05-22 09:42:24 UTC] Loaded raw arrays for 19 features. Returning LazyFeatureDict proxy.
[2026-05-22 09:42:24 UTC] Lazy-assembling DataFrame for 'trend_pct'...
[2026-05-22 09:42:25 UTC] Lazy-assembling DataFrame for 'ret24h'...
[2026-05-22 09:42:27 UTC] Lazy-assembling DataFrame for 'chop_score'...
[2026-05-22 09:42:29 UTC] Lazy-assembling DataFrame for 'loc_prev_week_range_pos_48'...
[2026-05-22 09:42:31 UTC] Lazy-assembling DataFrame for 'up_down_return_mass_ratio_tanh'...
[2026-05-22 09:42:33 UTC] Lazy-assembling DataFrame for 'loc_vwap_dev_z_24'...
[2026-05-22 09:42:35 UTC] Lazy-assembling DataFrame for 'dist_ema_fast'...
[2026-05-22 09:42:36 UTC] Lazy-assembling DataFrame for 'range_12h_pct'...
[2026-05-22 09:42:38 UTC] Lazy-assembling DataFrame for 'loc_ema_stack_pos_24'...
[2026-05-22 09:42:40 UTC] Lazy-assembling DataFrame for 'dist_rolling_7d_high'...
[2026-05-22 09:42:42 UTC] Lazy-assembling DataFrame for 'rolling_range_20'...
[2026-05-22 09:42:43 UTC] Lazy-assembling DataFrame for 'zscore_price_50'...
[2026-05-22 09:42:45 UTC] Lazy-assembling DataFrame for 'mkt_ret_eq_24h'...
[2026-05-22 09:42:47 UTC] Lazy-assembling DataFrame for 'volatility_zscore'...
[2026-05-22 09:42:49 UTC] Lazy-assembling DataFrame for 'volume_autocorr_48'...
[2026-05-22 09:42:51 UTC] Lazy-assembling DataFrame for 'ret1h'...
[2026-05-22 09:42:53 UTC] Lazy-assembling DataFrame for 'up_down_semivol_ratio_tanh'...
[2026-05-22 09:42:54 UTC] Lazy-assembling DataFrame for 'compression_ratio'...
[2026-05-22 09:42:56 UTC] Lazy-assembling DataFrame for 'dist_weekly_vwap'...
[2026-05-22 09:42:58 UTC] Label feature load complete: feature_families=19 symbols=301
[2026-05-22 09:42:58 UTC] Backfilled atr_pct from panel OHLC for 301 symbols.
[2026-05-22 09:42:58 UTC] Symbol intersection: 236 (feats=236, panel=301, universe=301)
[2026-05-22 09:43:03 UTC] Perp row market-data filter: requiring native OHLCV + funding_rate + open_interest rows (4,786,937->4,426,230 eligible symbol-hours).
[2026-05-22 09:43:03 UTC] Labels: artifact run_id remains 20260522_101002, but label event end uses latest aligned data 2026-05-22 08:00:00+00:00 (requested ts_sig=2026-05-22 10:10:02+00:00).
[2026-05-22 09:43:03 UTC] Generating label datasets for 236 symbols across horizons=[5, 10]
[2026-05-22 09:43:03 UTC] Entering function: generate_label_datasets in training.py
[2026-05-22 09:43:03 UTC] Label dataset builder: symbols=236 horizons=per_strategy incremental_persist=True
2026-05-22 11:43:03,028 - params_store - INFO - ℹ️ [params_store] Loaded 4 strategies from /Users/remyroche/Documents/Ares/extreme_price_movements/offline_optimisers/reports/inference_candidate_mask_best_params_perps.csv (2 groups x top_2, ranked by score_for_best_params)
[2026-05-22 09:43:03 UTC] [params_store] Loaded 4 dynamic strategies from mask_optimiser
2026-05-22 11:43:03,029 - params_store - INFO - ℹ️ [params_store] Loaded 4 dynamic strategies from mask_optimiser
[2026-05-22 09:43:03 UTC] [params_store] TBM best params loaded from /Users/remyroche/Documents/Ares/extreme_price_movements/offline_optimisers/reports/tbm_best_params_perps.csv: config_id=CFGAD67088D9C  base_atr_window=840  k_tp=1.102973  sl_as_tp_pct=0.75  tp_base_pct=0.012965  mode=optuna_s1_TF_long_H10  horizon_scaling=sqrt
2026-05-22 11:43:03,030 - params_store - INFO - ℹ️ [params_store] TBM best params loaded from /Users/remyroche/Documents/Ares/extreme_price_movements/offline_optimisers/reports/tbm_best_params_perps.csv: config_id=CFGAD67088D9C  base_atr_window=840  k_tp=1.102973  sl_as_tp_pct=0.75  tp_base_pct=0.012965  mode=optuna_s1_TF_long_H10  horizon_scaling=sqrt
[2026-05-22 09:43:03 UTC] [params_store] Injected into cfg: barrier_atr_window=840  barrier_k_tp=1.102973  barrier_mode=optuna_s1_TF_long_H10  barrier_sl_base_mult=0.75  barrier_sl_hi=0.06  barrier_sl_lo=0.005  barrier_sl_method=tp_pct  barrier_tp_abs_pct=0.012965  barrier_tp_base_pct=0.012965  barrier_tp_hi=0.06  barrier_tp_lo=0.005  barrier_tp_method=atr_norm  label_horizon_base=4  label_horizon_scaling=sqrt
2026-05-22 11:43:03,030 - params_store - INFO - ℹ️ [params_store] Injected into cfg: barrier_atr_window=840  barrier_k_tp=1.102973  barrier_mode=optuna_s1_TF_long_H10  barrier_sl_base_mult=0.75  barrier_sl_hi=0.06  barrier_sl_lo=0.005  barrier_sl_method=tp_pct  barrier_tp_abs_pct=0.012965  barrier_tp_base_pct=0.012965  barrier_tp_hi=0.06  barrier_tp_lo=0.005  barrier_tp_method=atr_norm  label_horizon_base=4  label_horizon_scaling=sqrt
[2026-05-22 09:43:03 UTC] Label dataset builder: strategy allowlist reapplied after offline optimiser resolution; selected 1/1 strategies
[2026-05-22 09:43:03 UTC] Pre-computing candidate mask (shared across all steps)...
2026-05-22 11:43:03,035 - params_store - INFO - ℹ️ [params_store] Loaded 4 strategies from /Users/remyroche/Documents/Ares/extreme_price_movements/offline_optimisers/reports/inference_candidate_mask_best_params_perps.csv (2 groups x top_2, ranked by score_for_best_params)
[2026-05-22 09:43:03 UTC] [params_store] Loaded 4 dynamic strategies from mask_optimiser
2026-05-22 11:43:03,035 - params_store - INFO - ℹ️ [params_store] Loaded 4 dynamic strategies from mask_optimiser
[2026-05-22 09:43:03 UTC] [params_store] TBM best params loaded from /Users/remyroche/Documents/Ares/extreme_price_movements/offline_optimisers/reports/tbm_best_params_perps.csv: config_id=CFGAD67088D9C  base_atr_window=840  k_tp=1.102973  sl_as_tp_pct=0.75  tp_base_pct=0.012965  mode=optuna_s1_TF_long_H10  horizon_scaling=sqrt
2026-05-22 11:43:03,037 - params_store - INFO - ℹ️ [params_store] TBM best params loaded from /Users/remyroche/Documents/Ares/extreme_price_movements/offline_optimisers/reports/tbm_best_params_perps.csv: config_id=CFGAD67088D9C  base_atr_window=840  k_tp=1.102973  sl_as_tp_pct=0.75  tp_base_pct=0.012965  mode=optuna_s1_TF_long_H10  horizon_scaling=sqrt
[2026-05-22 09:43:03 UTC] [params_store] Injected into cfg: barrier_atr_window=840  barrier_k_tp=1.102973  barrier_mode=optuna_s1_TF_long_H10  barrier_sl_base_mult=0.75  barrier_sl_hi=0.06  barrier_sl_lo=0.005  barrier_sl_method=tp_pct  barrier_tp_abs_pct=0.012965  barrier_tp_base_pct=0.012965  barrier_tp_hi=0.06  barrier_tp_lo=0.005  barrier_tp_method=atr_norm  label_horizon_base=4  label_horizon_scaling=sqrt
2026-05-22 11:43:03,037 - params_store - INFO - ℹ️ [params_store] Injected into cfg: barrier_atr_window=840  barrier_k_tp=1.102973  barrier_mode=optuna_s1_TF_long_H10  barrier_sl_base_mult=0.75  barrier_sl_hi=0.06  barrier_sl_lo=0.005  barrier_sl_method=tp_pct  barrier_tp_abs_pct=0.012965  barrier_tp_base_pct=0.012965  barrier_tp_hi=0.06  barrier_tp_lo=0.005  barrier_tp_method=atr_norm  label_horizon_base=4  label_horizon_scaling=sqrt
[2026-05-22 09:43:03 UTC] Building context-based masks from LGBM strategies: 4 strategies found.
[2026-05-22 09:43:03 UTC] TRIGGER features disabled — skipping trigger group.
[2026-05-22 09:43:04 UTC] Miner nuisance feature exclusion active: removed_sources=9, removed_generated_features~=9, regime=9
[2026-05-22 09:43:04 UTC] FeaturePrep: total raw=14, generated=14, retained=12
[2026-05-22 09:43:04 UTC]   - location: retained 6 / 6 generated (from 8 raw)
[2026-05-22 09:43:04 UTC]   - regime: retained 6 / 8 generated (from 6 raw)
[2026-05-22 09:43:04 UTC] Top 10 dropped features by reason:
[2026-05-22 09:43:04 UTC]   - duplicate_of_up_down_return_mass_ratio_tanh: 1
[2026-05-22 09:43:04 UTC]   - duplicate_of_up_down_semivol_ratio_tanh: 1
[2026-05-22 09:43:04 UTC] Top 10 features with worst NaN rates:
[2026-05-22 09:43:04 UTC]   - zscore_price_50:location -> before=42.28%, ts=42.28%
[2026-05-22 09:43:04 UTC]   - loc_ema_stac