[I 2026-05-22 13:14:06,754] Trial 79 finished with value: 0.6580524909026589 and parameters: {'max_depth': 4, 'subsample': 0.7221974713010211, 'reg_alpha': 1.2754484556512637, 'reg_lambda': 5.626559851153668, 'min_child_samples_pct': 0.028886242486731384, 'min_child_weight': 26.335634077063304, 'min_split_gain': 0.00583859333821689, 'colsample_bytree': 0.7152512434441956}. Best is trial 59 with value: 0.6619826316516688.
[2026-05-22 11:14:06 UTC] LGBM HPO complete: best_trial=59, value=0.6620, completed=71, elapsed=84.3s, params={"boosting_type": "gbdt", "colsample_bytree": 0.7127341331974832, "learning_rate": 0.02, "max_bin": 63, "max_depth": 3, "min_child_samples": 298, "min_child_weight": 26.76867823155224, "min_split_gain": 0.007085604938730866, "n_estimators": 387, "n_jobs": 3, "num_leaves": 8, "objective": "binary", "random_state": 364, "reg_alpha": 1.0759938027342104, "reg_lambda": 5.0233927772023765, "subsample": 0.7217287696559188, "subsample_freq": 1, "verbosity": -1}
[2026-05-22 11:14:06 UTC] LGBM OOF CV started: rows=385501, features=99, splits=3.
[2026-05-22 11:14:06 UTC] LGBM OOF CV fold 1/3 started: train_rows=257000, valid_rows=128501.
[2026-05-22 11:14:13 UTC] LGBM OOF CV fold 1/3 complete: elapsed=6.8s.
[2026-05-22 11:14:13 UTC] LGBM OOF CV fold 2/3 started: train_rows=257001, valid_rows=128500.
[2026-05-22 11:14:23 UTC] LGBM OOF CV fold 2/3 complete: elapsed=9.8s.
[2026-05-22 11:14:23 UTC] LGBM OOF CV fold 3/3 started: train_rows=257001, valid_rows=128500.
[2026-05-22 11:14:35 UTC] LGBM OOF CV fold 3/3 complete: elapsed=11.9s.
[2026-05-22 11:14:35 UTC] LGBM OOF CV complete in 28.7s.
[2026-05-22 11:14:35 UTC] LGBM OOF distilled weights final pass 1/1 in 28.8s, ess=315534.8.
[2026-05-22 11:14:37 UTC] LGBM final model 1/3 started: rows=255501, features=99, sequential_distill=yes.
[2026-05-22 11:14:44 UTC] LGBM final model 1/3 fitted on 255501 rows in 6.7s; updated all-row sequential weights ess=247576.3.
[2026-05-22 11:14:44 UTC] LGBM final model 2/3 started: rows=255501, features=99, sequential_distill=yes.
[2026-05-22 11:14:49 UTC] LGBM final model 2/3 fitted on 255501 rows in 5.8s; updated all-row sequential weights ess=245877.9.
[2026-05-22 11:14:49 UTC] LGBM final model 3/3 started: rows=255501, features=99, sequential_distill=yes.
[2026-05-22 11:14:55 UTC] LGBM final model 3/3 fitted on 255501 rows in 5.9s; updated all-row sequential weights ess=245795.3.
[2026-05-22 11:14:56 UTC] LGBM final OOF/meta CV started: rows=385501, features=99, splits=3.
[2026-05-22 11:14:56 UTC] LGBM final OOF/meta fold 1/3 started: train_rows=257000, valid_rows=128501.
[2026-05-22 11:15:38 UTC] LGBM final OOF/meta fold 1/3 complete: elapsed=42.5s.
[2026-05-22 11:15:38 UTC] LGBM final OOF/meta fold 2/3 started: train_rows=257001, valid_rows=128500.
[2026-05-22 11:16:20 UTC] LGBM final OOF/meta fold 2/3 complete: elapsed=42.1s.
[2026-05-22 11:16:20 UTC] LGBM final OOF/meta fold 3/3 started: train_rows=257001, valid_rows=128500.
[2026-05-22 11:17:02 UTC] LGBM final OOF/meta fold 3/3 complete: elapsed=41.5s.
[2026-05-22 11:17:02 UTC] LGBM final OOF/meta CV complete in 126.6s.
[2026-05-22 11:17:08 UTC] LGBM stage metric comparison (candidate/prune -> fit_oof -> post-distill)
[2026-05-22 11:17:08 UTC] Metric                        |     Cand/prune |        Fit OOF |   Post-distill
[2026-05-22 11:17:08 UTC] --------------------------------------------------------------------------------
[2026-05-22 11:17:08 UTC] J_final                       |         0.7321 |         0.7343 |         0.7207
[2026-05-22 11:17:08 UTC] J_meta                        |         0.7330 |         0.7389 |         0.7318
[2026-05-22 11:17:08 UTC] J_base                        |         0.7321 |         0.7343 |         0.7247
[2026-05-22 11:17:08 UTC] J_Score                       |         0.7321 |         0.7343 |         0.7247
[2026-05-22 11:17:08 UTC] base_target_frac              |         0.3000 |         0.3000 |         0.3000
[2026-05-22 11:17:08 UTC] meta_target_frac              |         0.1500 |         0.1500 |         0.1500
[2026-05-22 11:17:08 UTC] base_salg                     |         0.9684 |         0.9919 |         0.9655
[2026-05-22 11:17:08 UTC] meta_salg                     |         0.9628 |         0.9887 |         0.9679
[2026-05-22 11:17:08 UTC] base_normalized_salg          |         0.6456 |         0.6613 |         0.6437
[2026-05-22 11:17:08 UTC] meta_normalized_salg          |         0.6419 |         0.6591 |         0.6452
[2026-05-22 11:17:08 UTC] base_precision_blend          |         0.3277 |         0.2433 |         0.2570
[2026-05-22 11:17:08 UTC] meta_precision_blend          |         0.4361 |         0.3385 |         0.3558
[2026-05-22 11:17:08 UTC] base_rank_bucket_monotonicity |         1.0000 |         1.0000 |         1.0000
[2026-05-22 11:17:08 UTC] meta_rank_bucket_monotonicity |         1.0000 |         1.0000 |         1.0000
[2026-05-22 11:17:08 UTC] base_stability                |         0.8208 |         0.8813 |         0.8496
[2026-05-22 11:17:08 UTC] meta_stability                |         0.7411 |         0.8257 |         0.7974
[2026-05-22 11:17:08 UTC] salg20                        |         0.9776 |         0.9959 |         0.9659
[2026-05-22 11:17:08 UTC] normalized_salg20             |         0.6517 |         0.6639 |         0.6439
[2026-05-22 11:17:08 UTC] precision_blend_top10_20_30   |         0.3277 |         0.2433 |         0.2570
[2026-05-22 11:17:08 UTC] precision10_norm              |         0.4099 |         0.3080 |         0.3253
[2026-05-22 11:17:08 UTC] precision20_norm              |         0.3023 |         0.2190 |         0.2325
[2026-05-22 11:17:08 UTC] precision30_norm              |         0.2318 |         0.1737 |         0.1820
[2026-05-22 11:17:08 UTC] lift20                        |         1.5064 |         1.3670 |         1.3897
[2026-05-22 11:17:08 UTC] stability20                   |         0.7852 |         0.8564 |         0.8178
[2026-05-22 11:17:08 UTC] rank_bucket_monotonicity      |         1.0000 |         1.0000 |         1.0000
[2026-05-22 11:17:08 UTC] ndcg_at_20                    |         0.2849 |         0.2362 |         0.2275
[2026-05-22 11:17:08 UTC] auc                           |         0.6464 |         0.6149 |         0.6174
[2026-05-22 11:17:08 UTC] brier                         |         0.2223 |         0.2255 |         0.2283
[2026-05-22 11:17:08 UTC] LGBM full fit done: J=0.7207, features=99, elapsed=269.1s.
[2026-05-22 11:17:08 UTC] Model Race [loc_ema_stack_pos_24_0_43357179_compression_ratio_-0_33411601_mkt_ret_eq_24h_1_1280091_mkt_ret_eq_24h_-0_81129736_up_down_semivol_ratio_tanh_-0_39156261]: full-data fit complete.
[2026-05-22 11:17:08 UTC] Model Race [loc_ema_stack_pos_24_0_43357179_compression_ratio_-0_33411601_mkt_ret_eq_24h_1_1280091_mkt_ret_eq_24h_-0_81129736_up_down_semivol_ratio_tanh_-0_39156261]: using lgbm_pipeline as best_model (J_Score=0.7207, race_J_Score=0.7321, AUC=0.6173, lift30=1.305, oof_full=385501/385501, stage_oof={'lgbm_select': 120000, 'hpo': 10000, 'fit_oof': 255501})
[2026-05-22 11:17:09 UTC] Base reg head [train_loc_ema_stack_pos_24_0_43357179_compression_ratio_-0_33411601_mkt_ret_eq_24h_1_1280091_mkt_ret_eq_24h_-0_81129736_up_down_semivol_ratio_tanh_-0_39156261_10]: skipped; train_base is configured for EBMOnLGBM classifier-only training.
[2026-05-22 11:17:10 UTC] Finished short loc_ema_stack_pos_24_0_43357179_compression_ratio_-0_33411601_mkt_ret_eq_24h_1_1280091_mkt_ret_eq_24h_-0_81129736_up_down_semivol_ratio_tanh_-0_39156261 H=10: Winner=lgbm_pipeline, Score=0.7207, RcAUC=0.6173, OOF_AUC=0.6071, RcIC=0.1889, RcBSS=0.0000, OOF_Brier=0.2338, OOF_BSS=0.0328
[2026-05-22 11:17:10 UTC]   OOF probs [post-cal]: mean=0.4274, std=0.0638, min=0.0480, max=0.8189
[2026-05-22 11:17:10 UTC]   OOF Brier=0.2338, prev=0.4092, BSS=0.0328
[2026-05-22 11:17:10 UTC]   OOF-return correlation: 0.0835
[2026-05-22 11:17:10 UTC]   Calibration: mean_pred=0.4274 vs actual_rate=0.4092
[2026-05-22 11:17:23 UTC]   AlphaPrec@10=0.5510 AlphaPrec@30=0.4831 AvgTrades/Day@10=49.62 AvgTrades/Day@30=148.84
[2026-05-22 11:17:23 UTC]   Alpha calibration: ECE@10=0.0246 profile=well-calibrated
[2026-05-22 11:17:23 UTC]   Per-regime BSS/AUC/Brier (6 dimensions):
[2026-05-22 11:17:23 UTC]     vol_12h: low(n=0): BSS=0.000 BSS_g=0.000 AUC=0.500 Brier=0.0000 | mid(n=385501): BSS=0.033 BSS_g=0.033 AUC=0.607 Brier=0.2338 | high(n=0): BSS=0.000 BSS_g=0.000 AUC=0.500 Brier=0.0000
[2026-05-22 11:17:23 UTC]     vol_48h: low(n=0): BSS=0.000 BSS_g=0.000 AUC=0.500 Brier=0.0000 | mid(n=385501): BSS=0.033 BSS_g=0.033 AUC=0.607 Brier=0.2338 | high(n=0): BSS=0.000 BSS_g=0.000 AUC=0.500 Brier=0.0000
[2026-05-22 11:17:23 UTC]     volume_12h: low(n=0): BSS=0.000 BSS_g=0.000 AUC=0.500 Brier=0.0000 | mid(n=385501): BSS=0.033 BSS_g=0.033 AUC=0.607 Brier=0.2338 | high(n=0): BSS=0.000 BSS_g=0.000 AUC=0.500 Brier=0.0000
[2026-05-22 11:17:23 UTC]     volume_48h: low(n=0): BSS=0.000 BSS_g=0.000 AUC=0.500 Brier=0.0000 | mid(n=385501): BSS=0.033 BSS_g=0.033 AUC=0.607 Brier=0.2338 | high(n=0): BSS=0.000 BSS_g=0.000 AUC=0.500 Brier=0.0000
[2026-05-22 11:17:23 UTC]     trend_12h: low(n=0): BSS=0.000 BSS_g=0.000 AUC=0.500 Brier=0.0000 | mid(n=385501): BSS=0.033 BSS_g=0.033 AUC=0.607 Brier=0.2338 | high(n=0): BSS=0.000 BSS_g=0.000 AUC=0.500 Brier=0.0000
[2026-05-22 11:17:23 UTC]     trend_48h: low(n=0): BSS=0.000 BSS_g=0.000 AUC=0.500 Brier=0.0000 | mid(n=385501): BSS=0.033 BSS_g=0.033 AUC=0.607 Brier=0.2338 | high(n=0): BSS=0.000 BSS_g=0.000 AUC=0.500 Brier=0.0000
[2026-05-22 11:17:33 UTC]   Base economic gate (short/loc_ema_stack_pos_24_0_43357179_compression_ratio_-0_33411601_mkt_ret_eq_24h_1_1280091_mkt_ret_eq_24h_-0_81129736_up_down_semivol_ratio_tanh_-0_39156261/H=10): top30 mean_ret=0.005270 pass=True
[2026-05-22 11:17:33 UTC]   short_loc_ema_stack_pos_24_0_43357179_compression_ratio_-0_33411601_mkt_ret_eq_24h_1_1280091_mkt_ret_eq_24h_-0_81129736_up_down_semivol_ratio_tanh_-0_39156261: Deploying 1 horizons: [10] (primary H=10)
[2026-05-22 11:17:34 UTC]   Saved base OOF stage coverage for loc_ema_stack_pos_24_0_43357179_compression_ratio_-0_33411601_mkt_ret_eq_24h_1_1280091_mkt_ret_eq_24h_-0_81129736_up_down_semivol_ratio_tanh_-0_39156261 H10: fit_oof=255501, lgbm_select=120000, hpo=10000
[2026-05-22 11:17:34 UTC]   Base OOF export for loc_ema_stack_pos_24_0_43357179_compression_ratio_-0_33411601_mkt_ret_eq_24h_1_1280091_mkt_ret_eq_24h_-0_81129736_up_down_semivol_ratio_tanh_-0_39156261 H10: full-frame coverage 385501/385501 (100.0%).
[2026-05-22 11:17:34 UTC]   Base OOF provenance for loc_ema_stack_pos_24_0_43357179_compression_ratio_-0_33411601_mkt_ret_eq_24h_1_1280091_mkt_ret_eq_24h_-0_81129736_up_down_semivol_ratio_tanh_-0_39156261 H10: distillation_passes=-1, final_fit_used_all_rows=False
[2026-05-22 11:17:37 UTC]   short_loc_ema_stack_pos_24_0_43357179_compression_ratio_-0_33411601_mkt_ret_eq_24h_1_1280091_mkt_ret_eq_24h_-0_81129736_up_down_semivol_ratio_tanh_-0_39156261 H=10: Bootstrap CV(Prec@20)=0.003
[2026-05-22 11:17:37 UTC] Base models intermediate saved to /Users/remyroche/Documents/Ares/data_perp_policy_rollout_feature_selector_experiment_v3/rollout_on_old_selector_perp/artifacts/20260522_101003/base_models_intermediate.pkl
[2026-05-22 11:17:37 UTC] Base/meta compatibility contract written to /Users/remyroche/Documents/Ares/data_perp_policy_rollout_feature_selector_experiment_v3/rollout_on_old_selector_perp/artifacts/20260522_101003/base_meta_contract.json
[2026-05-22 11:17:37 UTC] 
=== Stage Gate Report: Alpha Models (Classifiers) ===
[2026-05-22 11:17:37 UTC]                                                                                                                                                              Model  passed   PR_AUC  Brier_Imp   Lift_k  CV_Prec_k
short_loc_ema_stack_pos_24_0_43357179_compression_ratio_-0_33411601_mkt_ret_eq_24h_1_1280091_mkt_ret_eq_24h_-0_81129736_up_down_semivol_ratio_tanh_-0_39156261_H10   False 0.493862   0.024593 1.389951   0.003375
[2026-05-22 11:17:37 UTC] 
Alpha Stage: 0/1 passed (need 1).
[2026-05-22 11:17:37 UTC] WARNING: Alpha Stage FAILED (< 1 models passed).
[2026-05-22 11:17:37 UTC] 
=== Stage Gate Report: Meta Models (Quantile) ===
[2026-05-22 11:17:37 UTC] No Meta models evaluated.
[2026-05-22 11:17:37 UTC] 
Meta Stage: 0/0 passed (need 1).
[2026-05-22 11:17:37 UTC] WARNING: Meta Stage FAILED (< 1 models passed).
[2026-05-22 11:17:40 UTC] 
====================================================================================================
[2026-05-22 11:17:40 UTC] MODEL QUALITY REPORT
[2026-05-22 11:17:40 UTC] ====================================================================================================
[2026-05-22 11:17:40 UTC] 
--- BASE MODELS (Race Winners) ---
[2026-05-22 11:17:40 UTC] Model                             RawAUC  CalAUC  IC_bin  IC_ret  LogLoss  PR-AUC  Lift@20  BrierImp     ECE  IC_Stab  Deg
[2026-05-22 11:17:40 UTC] --------------------------------------------------------------------------------------------------------------------------
[2026-05-22 11:17:40 UTC] short_loc_ema_stack_pos_24_0_43357179_compression_ratio_-0_33411601_mkt_ret_eq_24h_1_1280091_mkt_ret_eq_24h_-0_81129736_up_down_semivol_ratio_tanh_-0_39156261_H10:lgbm_pipeline  0.6173  0.6173  0.1966  0.1492   0.6483  0.4939    1.390     2.5%     nan      nan    N
[2026-05-22 11:17:40 UTC] 
--- BASE MODELS: none ---
[2026-05-22 11:17:40 UTC] 
--- META MODELS (Regressors): none ---
[2026-05-22 11:17:40 UTC] 
--- META MODELS (Move Classifiers): none ---
[2026-05-22 11:17:40 UTC] ====================================================================================================
[2026-05-22 11:17:40 UTC] Entering function: __exit__ in utils.py
[2026-05-22 11:17:40 UTC] END: Model Training (1170.92s)
[2026-05-22 11:17:40 UTC] Legacy EN uncertainty combiner disabled; using in-model EBM EN uncertainty artifacts only.
[2026-05-22 11:17:40 UTC] Saved trained state atomically to /Users/remyroche/Documents/Ares/data_perp_policy_rollout_feature_selector_experiment_v3/rollout_on_old_selector_perp/artifacts/20260522_101003/models/trained_state.pkl
[2026-05-22 11:17:40 UTC] Saved training exchange contract to /Users/remyroche/Documents/Ares/data_perp_policy_rollout_feature_selector_experiment_v3/rollout_on_old_selector_perp/artifacts/20260522_101003/models/training_exchange_contract.json
[2026-05-22 11:17:40 UTC]   short loc_ema_stack_pos_24_0_43357179_compression_ratio_-0_33411601_mkt_ret_eq_24h_1_1280091_mkt_ret_eq_24h_-0_81129736_up_down_semivol_ratio_tanh_-0_39156261: H=10, features=458
[2026-05-22 11:17:40 UTC]   spike_best: NO MODEL
[2026-05-22 11:17:40 UTC]   spike_worst: NO MODEL
[2026-05-22 11:17:40 UTC]   exh_up: NO MODEL
[2026-05-22 11:17:40 UTC]   exh_down: NO MODEL
[2026-05-22 11:17:40 UTC]   meta_models: NONE
[2026-05-22 11:17:40 UTC] WARNING: Failed to generate training report: extreme_price_movements.reports.report_generator is not available
[2026-05-22 11:17:40 UTC] Base training bucket report: None
[2026-05-22 11:17:40 UTC] Meta training bucket report: None
[2026-05-22 11:17:40 UTC] Saved consolidated base OOF: /Users/remyroche/Documents/Ares/data_perp_policy_rollout_feature_selector_experiment_v3/rollout_on_old_selector_perp/artifacts/20260522_101003/oof/base_oof_all.parquet rows=385501 cols=5
[2026-05-22 11:17:40 UTC] STEP: MODEL TRAINING COMPLETE
[2026-05-22 11:17:40 UTC] TRAINING PIPELINE COMPLETE
[2026-05-22 11:17:40 UTC] Created OHLC data for diagnostics from 1INCH/USD:USD
[2026-05-22 11:17:40 UTC] Running breakdown diagnostics...
2026-05-22 13:17:55,350 - matplotlib.category - INFO - ℹ️ Using categorical units to plot a list of strings that are all parsable as floats or dates. If these strings should be plotted as numbers, cast to the appropriate data type before plotting.
2026-05-22 13:17:55,350 - matplotlib.category - INFO - ℹ️ Using categorical units to plot a list of strings that are all parsable as floats or dates. If these strings should be plotted as numbers, cast to the appropriate data type before plotting.
[2026-05-22 11:17:55 UTC] BREAKDOWN DIAGNOSTICS VERDICT:
[2026-05-22 11:17:55 UTC]   policy_profitable_at_any_offset: True
[2026-05-22 11:17:55 UTC]   timing_sensitive: False
[2026-05-22 11:17:55 UTC]   direction_ambiguous: False
[2026-05-22 11:17:55 UTC]   gap_risk_material: False
[2026-05-22 11:17:55 UTC]   cost_sensitivity_high: False
[2026-05-22 11:17:55 UTC] RECOMMENDATIONS:
[2026-05-22 11:17:55 UTC]   policy_profitable_at_any_offset: If false, re-check policy params / optimize overfit under cost stress.
[2026-05-22 11:17:55 UTC] Breakdown diagnostics saved to: /Users/remyroche/Documents/Ares/data_perp_policy_rollout_feature_selector_experiment_v3/rollout_on_old_selector_perp/artifacts/20260522_101003/breakdown_diagnostics/
[2026-05-22 11:17:55 UTC] CACHE[train:end]: skipped cache wipe (mem_avail=10.4GB)
[2026-05-22 11:17:55 UTC] GC[train:end]: collected=17611
verified base intermediate model state: /Users/remyroche/Documents/Ares/data_perp_policy_rollout_feature_selector_experiment_v3/rollout_on_old_selector_perp/artifacts/20260522_101003/base_models_intermediate.pkl
[2026-05-22 11:17:58 UTC] Entering function: retry_with_backoff in utils.py
2026-05-22 13:17:58,529 - DataQualityFramework - INFO - ℹ️ ✅ Comprehensive duplicate analyzer integrated
2026-05-22 13:17:58,529 - DataQualityFramework - INFO - ℹ️ 🔧 Unified Data Quality Framework initialized (singleton)
[2026-05-22 13:17:58.529] PERFORMANCE: DataQualityFramework initialization took 0.000s
2026-05-22 13:17:58,530 - System.tprint - INFO - ℹ️ DataQualityFramework initialization took 0.000s
2026-05-22 13:17:58,741 - ares.registry - INFO - ℹ️ Registered step: data_download
2026-05-22 13:17:58,745 - System.AdvancedQualityMetrics - INFO - ℹ️ 📊 AdvancedQualityMetrics initialized with tolerant parameters
[2026-05-22 13:17:58.745] PERFORMANCE: AdvancedQualityMetrics initialization took 0.000s
2026-05-22 13:17:58,745 - System.tprint - INFO - ℹ️ AdvancedQualityMetrics initialization took 0.000s
2026-05-22 13:17:58,747 - DataCleaner - INFO - ℹ️ Using klines-specific gap thresholds: {<GapType.SMALL: 'small'>: 65, <GapType.MEDIUM: 'medium'>: 300, <GapType.LARGE: 'large'>: 1800, <GapType.CRITICAL: 'critical'>: 3600}
[2026-05-22 13:17:58.747] PERFORMANCE: DataCleaner(klines) initialization took 0.000s
2026-05-22 13:17:58,747 - System.tprint - INFO - ℹ️ DataCleaner(klines) initialization took 0.000s
2026-05-22 13:17:58,747 - DataCleanerManager - INFO - ℹ️ 🔧 DataCleanerManager initialized (singleton)
[2026-05-22 13:17:58.758] DEBUG: 🔧 [features_common.utils] Initializing common utilities module
[2026-05-22 13:17:58.758] SUCCESS: ✅ [features_common.utils] Math validation utilities loaded
2026-05-22 13:17:58,758 - System.tprint - INFO - ℹ️ ✅ [features_common.utils] Math validation utilities loaded
[2026-05-22 13:17:58.758] DEBUG: 🔧 [features_common.utils] Common utilities module initialized
2026-05-22 13:18:00,880 - src.utils.hardware.m1_gpu_utils.M1GPUManager - INFO - ℹ️ M1 GPU Manager initialized - M1: True, Generation: m1, MPS: True
2026-05-22 13:18:00,898 - src.utils.hardware.m1_cpu_optimizer.M1CPUOptimizer - INFO - ℹ️ 🧠 M1 CPU Optimizer initialized for M1 (4P+4E cores)
[2026-05-22 13:18:00.982] DEBUG: 🔧 [transforms] Module initialized with 15 exports
2026-05-22 13:18:00,982 - src.features_common.backward_compatibility - INFO - ℹ️ Backward compatibility ensured for features_common
[2026-05-22 13:18:00.983] DEBUG: 🔧 [optimization] Module initialized with 6 exports
[2026-05-22 13:18:00.983] DEBUG: 🔧 [registry] Module initialized with BaseFeatureRegistry
[2026-05-22 13:18:00.985] DEBUG: 🚀 [features_common] Enhanced module initialized with 59 exports
[2026-05-22 13:18:00.985] SUCCESS: ✅ [features_common] All optimizations enabled by default
2026-05-22 13:18:00,986 - System.tprint - INFO - ℹ️ ✅ [features_common] All optimizations enabled by default
[2026-05-22 13:18:00.985] INFO: 🔧 [features_common] VectorBT integration available
2026-05-22 13:18:00,986 - System.tprint - INFO - ℹ️ 🔧 [features_common] VectorBT integration available
[2026-05-22 13:18:00.985] PERFORMANCE: 📊 [features_common] Performance monitoring enabled
2026-05-22 13:18:00,986 - System.tprint - INFO - ℹ️ 📊 [features_common] Performance monitoring enabled
[2026-05-22 13:18:00.985] WARNING: 💾 [features_common] Intelligent caching active
2026-05-22 13:18:00,986 - System.tprint - WARNING - ⚠️ 💾 [features_common] Intelligent caching active
2026-05-22 13:18:00,986 - System.DataStreamingManager - INFO - ℹ️ 🚀 DataStreamingManager initialized (singleton): chunk_size=10000, memory_threshold=0.8
[2026-05-22 13:18:00.985] PERFORMANCE: DataStreamingManager initialization took 0.000s
2026-05-22 13:18:00,986 - System.tprint - INFO - ℹ️ DataStreamingManager initialization took 0.000s
[2026-05-22 13:18:00.990] ✅ Custom logger available for MLCommon.ValidationUtils
2026-05-22 13:18:00,990 - System.tprint - INFO - ℹ️ ✅ Custom logger available for MLCommon.ValidationUtils
2026-05-22 13:18:00,991 - System.CrossStepValidator - INFO - ℹ️ 🔍 CrossStepValidator initialized with comprehensive consistency rules
2026-05-22 13:18:00,991 - System.UnifiedDataUtils - INFO - ℹ️ 🚀 Unified Data Utils initialized
[2026-05-22 11:18:00 UTC] EBMOnLGBM: J weights do not sum to 1.0 (sum=0.900000); using them as provided.
[2026-05-22 11:18:01 UTC] GC: Collected 42 objects on startup.
[2026-05-22 11:18:01 UTC] EPM_DATA_ROOT override: data_root=/Users/remyroche/Documents/Ares/data_perp_policy_rollout_feature_selector_experiment_v3/rollout_on_old_selector
[2026-05-22 11:18:01 UTC] Kraken perps: feature portability strict mode disabled so unavailable open-interest feature families are pruned instead of required.
[2026-05-22 11:18:01 UTC] Market mode: perps exchange=kraken scope=krakenfutures (data_root=/Users/remyroche/Documents/Ares/data_perp_policy_rollout_feature_selector_experiment_