[I 2026-05-22 12:53:04,913] Trial 141 finished with value: 4.85580350230448 and parameters: {'sl_mult': 3.4000000000000004, 'adverse_exit_min_mae_sl_frac': 0.45, 'capital_protect_mfe_mult': 2.8000000000000003, 'capital_protect_regression_frac': 0.9, 'adverse_exit_min_speed': 0.2, 'adverse_exit_theta_quantile': 0.9}. Best is trial 91 with value: 4.85580350230448.
2026-05-22 12:53:05,435 - __main__ - INFO - ℹ️ Policy medoid selection: trailing_medoid=140 stage2_medoid=137 best_trial_stage2=91 final_sl=3.500 adverse_enabled=True
2026-05-22 12:53:05,489 - __main__ - INFO - ℹ️ 
--- short_loc_ema_stack_pos_24_0_43357179_compression_ratio_-0_33411601_mkt_ret_eq_24h_1_1280091_mkt_ret_eq_24h_-0_81129736_up_down_semivol_ratio_tanh_-0_39156261 | cv_fold_3_train | top_30 ---
2026-05-22 12:53:05,489 - __main__ - INFO - ℹ️ Period: 2026-01-15 to 2026-04-06
2026-05-22 12:53:05,489 - __main__ - INFO - ℹ️ Trades: 1244 selected from 10876 candidates (concurrency skipped=9632)
2026-05-22 12:53:05,489 - __main__ - INFO - ℹ️ Net PnL/Trade (Bankroll): 0.40%
2026-05-22 12:53:05,489 - __main__ - INFO - ℹ️ Net PnL/Trade (Sized): 2.70%
2026-05-22 12:53:05,489 - __main__ - INFO - ℹ️ Avg Win: 4.89%, Avg Loss: -6.27%
2026-05-22 12:53:05,489 - __main__ - INFO - ℹ️ Hit Rate (trailing profit only): 79.3%; positive-PnL rate: 80.3%
2026-05-22 12:53:05,489 - __main__ - INFO - ℹ️ Exit mix: trailing=987 (79.3%), capital_protect=0 (0.0%), full_sl=185 (14.9%), adverse_fast=29 (2.3%), timeout=43 (3.5%)
2026-05-22 12:53:05,489 - __main__ - INFO - ℹ️ Sortino (W / M): 100.00 / 100.00
2026-05-22 12:53:05,489 - __main__ - INFO - ℹ️ Max DD: -14.49%
2026-05-22 12:53:05,489 - __main__ - INFO - ℹ️ Time Under Water: 5.0 days
2026-05-22 12:53:05,489 - __main__ - INFO - ℹ️ PnL Std (W / M): 25.36% / 76.93%
2026-05-22 12:53:05,543 - __main__ - INFO - ℹ️ 
--- short_loc_ema_stack_pos_24_0_43357179_compression_ratio_-0_33411601_mkt_ret_eq_24h_1_1280091_mkt_ret_eq_24h_-0_81129736_up_down_semivol_ratio_tanh_-0_39156261 | cv_fold_3_train | top_20 ---
2026-05-22 12:53:05,543 - __main__ - INFO - ℹ️ Period: 2026-01-15 to 2026-04-06
2026-05-22 12:53:05,543 - __main__ - INFO - ℹ️ Trades: 1244 selected from 10876 candidates (concurrency skipped=9632)
2026-05-22 12:53:05,543 - __main__ - INFO - ℹ️ Net PnL/Trade (Bankroll): 0.40%
2026-05-22 12:53:05,543 - __main__ - INFO - ℹ️ Net PnL/Trade (Sized): 2.70%
2026-05-22 12:53:05,543 - __main__ - INFO - ℹ️ Avg Win: 4.89%, Avg Loss: -6.27%
2026-05-22 12:53:05,543 - __main__ - INFO - ℹ️ Hit Rate (trailing profit only): 79.3%; positive-PnL rate: 80.3%
2026-05-22 12:53:05,543 - __main__ - INFO - ℹ️ Exit mix: trailing=987 (79.3%), capital_protect=0 (0.0%), full_sl=185 (14.9%), adverse_fast=29 (2.3%), timeout=43 (3.5%)
2026-05-22 12:53:05,543 - __main__ - INFO - ℹ️ Sortino (W / M): 100.00 / 100.00
2026-05-22 12:53:05,543 - __main__ - INFO - ℹ️ Max DD: -14.49%
2026-05-22 12:53:05,543 - __main__ - INFO - ℹ️ Time Under Water: 5.0 days
2026-05-22 12:53:05,543 - __main__ - INFO - ℹ️ PnL Std (W / M): 25.36% / 76.93%
2026-05-22 12:53:05,598 - __main__ - INFO - ℹ️ 
--- short_loc_ema_stack_pos_24_0_43357179_compression_ratio_-0_33411601_mkt_ret_eq_24h_1_1280091_mkt_ret_eq_24h_-0_81129736_up_down_semivol_ratio_tanh_-0_39156261 | cv_fold_3_train | top_15 ---
2026-05-22 12:53:05,598 - __main__ - INFO - ℹ️ Period: 2026-01-15 to 2026-04-06
2026-05-22 12:53:05,598 - __main__ - INFO - ℹ️ Trades: 1244 selected from 10876 candidates (concurrency skipped=9632)
2026-05-22 12:53:05,598 - __main__ - INFO - ℹ️ Net PnL/Trade (Bankroll): 0.40%
2026-05-22 12:53:05,598 - __main__ - INFO - ℹ️ Net PnL/Trade (Sized): 2.70%
2026-05-22 12:53:05,598 - __main__ - INFO - ℹ️ Avg Win: 4.89%, Avg Loss: -6.27%
2026-05-22 12:53:05,598 - __main__ - INFO - ℹ️ Hit Rate (trailing profit only): 79.3%; positive-PnL rate: 80.3%
2026-05-22 12:53:05,598 - __main__ - INFO - ℹ️ Exit mix: trailing=987 (79.3%), capital_protect=0 (0.0%), full_sl=185 (14.9%), adverse_fast=29 (2.3%), timeout=43 (3.5%)
2026-05-22 12:53:05,598 - __main__ - INFO - ℹ️ Sortino (W / M): 100.00 / 100.00
2026-05-22 12:53:05,598 - __main__ - INFO - ℹ️ Max DD: -14.49%
2026-05-22 12:53:05,598 - __main__ - INFO - ℹ️ Time Under Water: 5.0 days
2026-05-22 12:53:05,598 - __main__ - INFO - ℹ️ PnL Std (W / M): 25.36% / 76.93%
2026-05-22 12:53:05,760 - __main__ - INFO - ℹ️ 
--- short_loc_ema_stack_pos_24_0_43357179_compression_ratio_-0_33411601_mkt_ret_eq_24h_1_1280091_mkt_ret_eq_24h_-0_81129736_up_down_semivol_ratio_tanh_-0_39156261 | cv_fold_3_train | top_10 ---
2026-05-22 12:53:05,760 - __main__ - INFO - ℹ️ Period: 2026-01-15 to 2026-04-06
2026-05-22 12:53:05,760 - __main__ - INFO - ℹ️ Trades: 1244 selected from 10876 candidates (concurrency skipped=9632)
2026-05-22 12:53:05,761 - __main__ - INFO - ℹ️ Net PnL/Trade (Bankroll): 0.40%
2026-05-22 12:53:05,761 - __main__ - INFO - ℹ️ Net PnL/Trade (Sized): 2.70%
2026-05-22 12:53:05,761 - __main__ - INFO - ℹ️ Avg Win: 4.89%, Avg Loss: -6.27%
2026-05-22 12:53:05,761 - __main__ - INFO - ℹ️ Hit Rate (trailing profit only): 79.3%; positive-PnL rate: 80.3%
2026-05-22 12:53:05,761 - __main__ - INFO - ℹ️ Exit mix: trailing=987 (79.3%), capital_protect=0 (0.0%), full_sl=185 (14.9%), adverse_fast=29 (2.3%), timeout=43 (3.5%)
2026-05-22 12:53:05,761 - __main__ - INFO - ℹ️ Sortino (W / M): 100.00 / 100.00
2026-05-22 12:53:05,761 - __main__ - INFO - ℹ️ Max DD: -14.49%
2026-05-22 12:53:05,761 - __main__ - INFO - ℹ️ Time Under Water: 5.0 days
2026-05-22 12:53:05,761 - __main__ - INFO - ℹ️ PnL Std (W / M): 25.36% / 76.93%
2026-05-22 12:53:05,810 - __main__ - INFO - ℹ️ 
--- short_loc_ema_stack_pos_24_0_43357179_compression_ratio_-0_33411601_mkt_ret_eq_24h_1_1280091_mkt_ret_eq_24h_-0_81129736_up_down_semivol_ratio_tanh_-0_39156261 | cv_fold_3_train | top_5 ---
2026-05-22 12:53:05,810 - __main__ - INFO - ℹ️ Period: 2026-01-15 to 2026-04-06
2026-05-22 12:53:05,810 - __main__ - INFO - ℹ️ Trades: 1180 selected from 9040 candidates (concurrency skipped=7860)
2026-05-22 12:53:05,810 - __main__ - INFO - ℹ️ Net PnL/Trade (Bankroll): 0.40%
2026-05-22 12:53:05,810 - __main__ - INFO - ℹ️ Net PnL/Trade (Sized): 2.67%
2026-05-22 12:53:05,810 - __main__ - INFO - ℹ️ Avg Win: 4.93%, Avg Loss: -6.37%
2026-05-22 12:53:05,810 - __main__ - INFO - ℹ️ Hit Rate (trailing profit only): 79.0%; positive-PnL rate: 80.0%
2026-05-22 12:53:05,810 - __main__ - INFO - ℹ️ Exit mix: trailing=932 (79.0%), capital_protect=0 (0.0%), full_sl=185 (15.7%), adverse_fast=25 (2.1%), timeout=38 (3.2%)
2026-05-22 12:53:05,810 - __main__ - INFO - ℹ️ Sortino (W / M): 100.00 / 100.00
2026-05-22 12:53:05,810 - __main__ - INFO - ℹ️ Max DD: -19.67%
2026-05-22 12:53:05,810 - __main__ - INFO - ℹ️ Time Under Water: 6.6 days
2026-05-22 12:53:05,811 - __main__ - INFO - ℹ️ PnL Std (W / M): 25.08% / 74.32%
2026-05-22 12:53:05,832 - __main__ - INFO - ℹ️ 
--- short_loc_ema_stack_pos_24_0_43357179_compression_ratio_-0_33411601_mkt_ret_eq_24h_1_1280091_mkt_ret_eq_24h_-0_81129736_up_down_semivol_ratio_tanh_-0_39156261 | cv_fold_3_train | top_1 ---
2026-05-22 12:53:05,832 - __main__ - INFO - ℹ️ Period: 2026-01-16 to 2026-04-06
2026-05-22 12:53:05,832 - __main__ - INFO - ℹ️ Trades: 613 selected from 1796 candidates (concurrency skipped=1183)
2026-05-22 12:53:05,832 - __main__ - INFO - ℹ️ Net PnL/Trade (Bankroll): 0.41%
2026-05-22 12:53:05,832 - __main__ - INFO - ℹ️ Net PnL/Trade (Sized): 2.72%
2026-05-22 12:53:05,832 - __main__ - INFO - ℹ️ Avg Win: 4.76%, Avg Loss: -6.17%
2026-05-22 12:53:05,832 - __main__ - INFO - ℹ️ Hit Rate (trailing profit only): 80.1%; positive-PnL rate: 81.4%
2026-05-22 12:53:05,832 - __main__ - INFO - ℹ️ Exit mix: trailing=491 (80.1%), capital_protect=0 (0.0%), full_sl=85 (13.9%), adverse_fast=9 (1.5%), timeout=28 (4.6%)
2026-05-22 12:53:05,832 - __main__ - INFO - ℹ️ Sortino (W / M): 100.00 / 100.00
2026-05-22 12:53:05,832 - __main__ - INFO - ℹ️ Max DD: -13.57%
2026-05-22 12:53:05,832 - __main__ - INFO - ℹ️ Time Under Water: 3.7 days
2026-05-22 12:53:05,832 - __main__ - INFO - ℹ️ PnL Std (W / M): 14.86% / 48.69%
2026-05-22 12:53:05,866 - __main__ - INFO - ℹ️ 
--- short_loc_ema_stack_pos_24_0_43357179_compression_ratio_-0_33411601_mkt_ret_eq_24h_1_1280091_mkt_ret_eq_24h_-0_81129736_up_down_semivol_ratio_tanh_-0_39156261 | cv_fold_3_validation | top_30 ---
2026-05-22 12:53:05,866 - __main__ - INFO - ℹ️ Period: 2026-04-06 to 2026-05-15
2026-05-22 12:53:05,866 - __main__ - INFO - ℹ️ Trades: 573 selected from 5437 candidates (concurrency skipped=4864)
2026-05-22 12:53:05,866 - __main__ - INFO - ℹ️ Net PnL/Trade (Bankroll): 0.09%
2026-05-22 12:53:05,866 - __main__ - INFO - ℹ️ Net PnL/Trade (Sized): 0.59%
2026-05-22 12:53:05,866 - __main__ - INFO - ℹ️ Avg Win: 4.01%, Avg Loss: -6.60%
2026-05-22 12:53:05,866 - __main__ - INFO - ℹ️ Hit Rate (trailing profit only): 66.3%; positive-PnL rate: 67.7%
2026-05-22 12:53:05,867 - __main__ - INFO - ℹ️ Exit mix: trailing=380 (66.3%), capital_protect=0 (0.0%), full_sl=154 (26.9%), adverse_fast=13 (2.3%), timeout=26 (4.5%)
2026-05-22 12:53:05,867 - __main__ - INFO - ℹ️ Sortino (W / M): 1.04 / 100.00
2026-05-22 12:53:05,867 - __main__ - INFO - ℹ️ Max DD: -32.74%
2026-05-22 12:53:05,867 - __main__ - INFO - ℹ️ Time Under Water: 30.9 days
2026-05-22 12:53:05,867 - __main__ - INFO - ℹ️ PnL Std (W / M): 21.18% / 19.29%
2026-05-22 12:53:05,900 - __main__ - INFO - ℹ️ 
--- short_loc_ema_stack_pos_24_0_43357179_compression_ratio_-0_33411601_mkt_ret_eq_24h_1_1280091_mkt_ret_eq_24h_-0_81129736_up_down_semivol_ratio_tanh_-0_39156261 | cv_fold_3_validation | top_20 ---
2026-05-22 12:53:05,900 - __main__ - INFO - ℹ️ Period: 2026-04-06 to 2026-05-15
2026-05-22 12:53:05,900 - __main__ - INFO - ℹ️ Trades: 573 selected from 5437 candidates (concurrency skipped=4864)
2026-05-22 12:53:05,900 - __main__ - INFO - ℹ️ Net PnL/Trade (Bankroll): 0.09%
2026-05-22 12:53:05,900 - __main__ - INFO - ℹ️ Net PnL/Trade (Sized): 0.59%
2026-05-22 12:53:05,901 - __main__ - INFO - ℹ️ Avg Win: 4.01%, Avg Loss: -6.60%
2026-05-22 12:53:05,901 - __main__ - INFO - ℹ️ Hit Rate (trailing profit only): 66.3%; positive-PnL rate: 67.7%
2026-05-22 12:53:05,901 - __main__ - INFO - ℹ️ Exit mix: trailing=380 (66.3%), capital_protect=0 (0.0%), full_sl=154 (26.9%), adverse_fast=13 (2.3%), timeout=26 (4.5%)
2026-05-22 12:53:05,901 - __main__ - INFO - ℹ️ Sortino (W / M): 1.04 / 100.00
2026-05-22 12:53:05,901 - __main__ - INFO - ℹ️ Max DD: -32.74%
2026-05-22 12:53:05,901 - __main__ - INFO - ℹ️ Time Under Water: 30.9 days
2026-05-22 12:53:05,901 - __main__ - INFO - ℹ️ PnL Std (W / M): 21.18% / 19.29%
2026-05-22 12:53:05,935 - __main__ - INFO - ℹ️ 
--- short_loc_ema_stack_pos_24_0_43357179_compression_ratio_-0_33411601_mkt_ret_eq_24h_1_1280091_mkt_ret_eq_24h_-0_81129736_up_down_semivol_ratio_tanh_-0_39156261 | cv_fold_3_validation | top_15 ---
2026-05-22 12:53:05,935 - __main__ - INFO - ℹ️ Period: 2026-04-06 to 2026-05-15
2026-05-22 12:53:05,935 - __main__ - INFO - ℹ️ Trades: 573 selected from 5437 candidates (concurrency skipped=4864)
2026-05-22 12:53:05,935 - __main__ - INFO - ℹ️ Net PnL/Trade (Bankroll): 0.09%
2026-05-22 12:53:05,935 - __main__ - INFO - ℹ️ Net PnL/Trade (Sized): 0.59%
2026-05-22 12:53:05,935 - __main__ - INFO - ℹ️ Avg Win: 4.01%, Avg Loss: -6.60%
2026-05-22 12:53:05,935 - __main__ - INFO - ℹ️ Hit Rate (trailing profit only): 66.3%; positive-PnL rate: 67.7%
2026-05-22 12:53:05,935 - __main__ - INFO - ℹ️ Exit mix: trailing=380 (66.3%), capital_protect=0 (0.0%), full_sl=154 (26.9%), adverse_fast=13 (2.3%), timeout=26 (4.5%)
2026-05-22 12:53:05,935 - __main__ - INFO - ℹ️ Sortino (W / M): 1.04 / 100.00
2026-05-22 12:53:05,935 - __main__ - INFO - ℹ️ Max DD: -32.74%
2026-05-22 12:53:05,935 - __main__ - INFO - ℹ️ Time Under Water: 30.9 days
2026-05-22 12:53:05,935 - __main__ - INFO - ℹ️ PnL Std (W / M): 21.18% / 19.29%
2026-05-22 12:53:05,969 - __main__ - INFO - ℹ️ 
--- short_loc_ema_stack_pos_24_0_43357179_compression_ratio_-0_33411601_mkt_ret_eq_24h_1_1280091_mkt_ret_eq_24h_-0_81129736_up_down_semivol_ratio_tanh_-0_39156261 | cv_fold_3_validation | top_10 ---
2026-05-22 12:53:05,969 - __main__ - INFO - ℹ️ Period: 2026-04-06 to 2026-05-15
2026-05-22 12:53:05,969 - __main__ - INFO - ℹ️ Trades: 573 selected from 5437 candidates (concurrency skipped=4864)
2026-05-22 12:53:05,969 - __main__ - INFO - ℹ️ Net PnL/Trade (Bankroll): 0.09%
2026-05-22 12:53:05,969 - __main__ - INFO - ℹ️ Net PnL/Trade (Sized): 0.59%
2026-05-22 12:53:05,969 - __main__ - INFO - ℹ️ Avg Win: 4.01%, Avg Loss: -6.60%
2026-05-22 12:53:05,969 - __main__ - INFO - ℹ️ Hit Rate (trailing profit only): 66.3%; positive-PnL rate: 67.7%
2026-05-22 12:53:05,969 - __main__ - INFO - ℹ️ Exit mix: trailing=380 (66.3%), capital_protect=0 (0.0%), full_sl=154 (26.9%), adverse_fast=13 (2.3%), timeout=26 (4.5%)
2026-05-22 12:53:05,969 - __main__ - INFO - ℹ️ Sortino (W / M): 1.04 / 100.00
2026-05-22 12:53:05,969 - __main__ - INFO - ℹ️ Max DD: -32.74%
2026-05-22 12:53:05,969 - __main__ - INFO - ℹ️ Time Under Water: 30.9 days
2026-05-22 12:53:05,969 - __main__ - INFO - ℹ️ PnL Std (W / M): 21.18% / 19.29%
2026-05-22 12:53:05,999 - __main__ - INFO - ℹ️ 
--- short_loc_ema_stack_pos_24_0_43357179_compression_ratio_-0_33411601_mkt_ret_eq_24h_1_1280091_mkt_ret_eq_24h_-0_81129736_up_down_semivol_ratio_tanh_-0_39156261 | cv_fold_3_validation | top_5 ---
2026-05-22 12:53:05,999 - __main__ - INFO - ℹ️ Period: 2026-04-06 to 2026-05-15
2026-05-22 12:53:05,999 - __main__ - INFO - ℹ️ Trades: 557 selected from 4554 candidates (concurrency skipped=3997)
2026-05-22 12:53:05,999 - __main__ - INFO - ℹ️ Net PnL/Trade (Bankroll): 0.07%
2026-05-22 12:53:05,999 - __main__ - INFO - ℹ️ Net PnL/Trade (Sized): 0.50%
2026-05-22 12:53:05,999 - __main__ - INFO - ℹ️ Avg Win: 3.99%, Avg Loss: -6.50%
2026-05-22 12:53:05,999 - __main__ - INFO - ℹ️ Hit Rate (trailing profit only): 65.0%; positive-PnL rate: 66.8%
2026-05-22 12:53:05,999 - __main__ - INFO - ℹ️ Exit mix: trailing=362 (65.0%), capital_protect=0 (0.0%), full_sl=149 (26.8%), adverse_fast=18 (3.2%), timeout=28 (5.0%)
2026-05-22 12:53:05,999 - __main__ - INFO - ℹ️ Sortino (W / M): 0.75 / 100.00
2026-05-22 12:53:05,999 - __main__ - INFO - ℹ️ Max DD: -33.35%
2026-05-22 12:53:05,999 - __main__ - INFO - ℹ️ Time Under Water: 31.2 days
2026-05-22 12:53:05,999 - __main__ - INFO - ℹ️ PnL Std (W / M): 22.06% / 22.11%
2026-05-22 12:53:06,016 - __main__ - INFO - ℹ️ 
--- short_loc_ema_stack_pos_24_0_43357179_compression_ratio_-0_33411601_mkt_ret_eq_24h_1_1280091_mkt_ret_eq_24h_-0_81129736_up_down_semivol_ratio_tanh_-0_39156261 | cv_fold_3_validation | top_1 ---
2026-05-22 12:53:06,016 - __main__ - INFO - ℹ️ Period: 2026-04-06 to 2026-05-15
2026-05-22 12:53:06,016 - __main__ - INFO - ℹ️ Trades: 298 selected from 923 candidates (concurrency skipped=625)
2026-05-22 12:53:06,016 - __main__ - INFO - ℹ️ Net PnL/Trade (Bankroll): 0.12%
2026-05-22 12:53:06,016 - __main__ - INFO - ℹ️ Net PnL/Trade (Sized): 0.77%
2026-05-22 12:53:06,016 - __main__ - INFO - ℹ️ Avg Win: 3.88%, Avg Loss: -6.55%
2026-05-22 12:53:06,016 - __main__ - INFO - ℹ️ Hit Rate (trailing profit only): 67.8%; positive-PnL rate: 70.1%
2026-05-22 12:53:06,016 - __main__ - INFO - ℹ️ Exit mix: trailing=202 (67.8%), capital_protect=0 (0.0%), full_sl=72 (24.2%), adverse_fast=7 (2.3%), timeout=17 (5.7%)
2026-05-22 12:53:06,016 - __main__ - INFO - ℹ️ Sortino (W / M): 0.96 / 100.00
2026-05-22 12:53:06,016 - __main__ - INFO - ℹ️ Max DD: -21.57%
2026-05-22 12:53:06,016 - __main__ - INFO - ℹ️ Time Under Water: 28.3 days
2026-05-22 12:53:06,016 - __main__ - INFO - ℹ️ PnL Std (W / M): 12.44% / 15.87%
2026-05-22 12:53:06,017 - __main__ - INFO - ℹ️ [short_loc_ema_stack_pos_24_0_43357179_compression_ratio_-0_33411601_mkt_ret_eq_24h_1_1280091_mkt_ret_eq_24h_-0_81129736_up_down_semivol_ratio_tanh_-0_39156261] CV fold 3/3 best_params={'sl_mult': 3.5, 'trailing_activation_mult': 1.0, 'trailing_power': 1.2, 'trailing_squash_divisor': 1.5, 'giveback_beta': 0.4, 'capital_protect_mfe_mult': 2.9000000000000004, 'capital_protect_regression_frac': 0.9, 'adverse_exit_enabled': True, 'adverse_exit_min_mae_atr': 1.5, 'adverse_exit_min_speed': 0.2, 'adverse_exit_theta_quantile': 0.9, 'adverse_exit_alpha': 1.0, 'adverse_exit_beta': 1.0, 'adverse_exit_delta': 1.0, 'adverse_exit_fast_bars': 4, 'adverse_exit_max_mfe_atr': 0.25, 'provisional_trailing_stage_sl_mult': 0.5, 'sl_mult_source': 'capital_preservation_adverse_exit_top15_cluster_medoid', 'max_concurrent_trades': 4, 'max_concurrent_per_asset': 1, 'stage2_selection_method': 'top15_cluster_medoid', 'adverse_exit_theta': 2.5539650917053223} best_size_power=1.100 train_top5_avg=0.003962 val_top5_avg=0.000746
2026-05-22 12:53:06,017 - __main__ - INFO - ℹ️ [short_loc_ema_stack_pos_24_0_43357179_compression_ratio_-0_33411601_mkt_ret_eq_24h_1_1280091_mkt_ret_eq_24h_-0_81129736_up_down_semivol_ratio_tanh_-0_39156261] CV fold 3 train-validation gap top5: avg_net=0.003216 win_rate=0.1399 sortino=0.0000 maxdd=0.136749
2026-05-22 12:53:06,018 - __main__ - INFO - ℹ️ [short_loc_ema_stack_pos_24_0_43357179_compression_ratio_-0_33411601_mkt_ret_eq_24h_1_1280091_mkt_ret_eq_24h_-0_81129736_up_down_semivol_ratio_tanh_-0_39156261] CV validation average top5 avg_pnl_bankroll=0.001732 n_trades=805.0
[I 2026-05-22 12:53:06,018] A new study created in memory with name: no-name-34de30c0-7da3-4ea1-8d0b-f9f0bb2bd60b
[I 2026-05-22 12:53:06,073] Trial 0 finished with value: 4.6311667047179075 and parameters: {'sl_mult': 0.6, 'trailing_activation_mult': 0.5, 'trailing_power': 1.6, 'trailing_squash_divisor': 2.0, 'giveback_beta': 0.7, 'capital_protect_mfe_mult': 0.0, 'capital_protect_regression_frac': 0.65}. Best is trial 0 with value: 4.6311667047179075.
[I 2026-05-22 12:53:06,129] Trial 1 finished with value: 5.138065904006362 and parameters: {'sl_mult': 0.5, 'trailing_activation_mult': 1.5, 'trailing_power': 1.9, 'trailing_squash_divisor': 1.0, 'giveback_beta': 0.4, 'capital_protect_mfe_mult': 0.75, 'capital_protect_regression_frac': 0.65}. Best is trial 1 with value: 5.138065904006362.
[I 2026-05-22 12:53:06,185] Trial 2 finished with value: 4.258091053809039 and parameters: {'sl_mult': 0.9, 'trailing_activation_mult': 1.0, 'trailing_power': 1.8, 'trailing_squash_divisor': 3.5, 'giveback_beta': 0.3, 'capital_protect_mfe_mult': 1.5, 'capital_protect_regression_frac': 0.65}. Best is trial 1 with value: 5.138065904006362.
[I 2026-05-22 12:53:06,244] Trial 3 finished with value: 3.778363393506152 and parameters: {'sl_mult': 1.0, 'trailing_activation_mult': 2.0, 'trailing_power': 1.4, 'trailing_squash_divisor': 4.0, 'giveback_beta': 0.3, 'capital_protect_mfe_mult': 1.25, 'capital_protect_regression_frac': 0.35}. Best is trial 1 with value: 5.138065904006362.
[I 2026-05-22 12:53:06,302] Trial 4 finished with value: 3.7597223875345662 and parameters: {'sl_mult': 0.9, 'trailing_activation_mult': 1.5, 'trailing_power': 1.4, 'trailing_squash_divisor': 3.0, 'giveback_beta': 0.95, 'capital_protect_mfe_mult': 1.25, 'capital_protect_regression_frac': 0.45}. Best is trial 1 with value: 5.138065904006362.
[I 2026-05-22 12:53:06,361] Trial 5 finished with value: 4.242082282123738 and parameters: {'sl_mult': 1.4, 'trailing_activation_mult': 1.5, 'trailing_power': 1.8, 'trailing_squash_divisor': 1.5, 'giveback_beta': 0.7, 'capital_protect_mfe_mult': 0.75, 'capital_protect_regression_frac': 0.35}. Best is trial 1 with value: 5.138065904006362.
[I 2026-05-22 12:53:06,419] Trial 6 finished with value: 3.644887665234273 and parameters: {'sl_mult': 1.0, 'trailing_activation_mult': 1.25, 'trailing_power': 1.2, 'trailing_squash_divisor': 3.5, 'giveback_beta': 0.9, 'capital_protect_mfe_mult': 0.75, 'capital_protect_regression_frac': 0.35}. Best is trial 1 with value: 5.138065904006362.
[I 2026-05-22 12:53:06,475] Trial 7 finished with value: 4.910443381872028 and parameters: {'sl_mult': 0.6, 'trailing_activation_mult': 1.5, 'trailing_power': 1.2, 'trailing_squash_divisor': 2.0, 'giveback_beta': 0.3, 'capital_protect_mfe_mult': 0.0, 'capital_protect_regression_frac': 0.55}. Best is trial 1 with value: 5.138065904006362.
[I 2026-05-22 12:53:06,536] Trial 8 finished with value: 3.101222709246213 and parameters: {'sl_mult': 1.5, 'trailing_activation_mult': 1.5, 'trailing_power': 1.4, 'trailing_squash_divisor': 5.0, 'giveback_beta': 0.6, 'capital_protect_mfe_mult': 1.0, 'capital_protect_regression_frac': 0.25}. Best is trial 1 with value: 5.138065904006362.
[I 2026-05-22 12:53:06,593] Trial 9 finished with value: 3.4115508119866718 and parameters: {'sl_mult': 0.7, 'trailing_activation_mult': 0.75, 'trailing_power': 1.6, 'trailing_squash_divisor': 4.0, 'giveback_beta': 0.8, 'capital_protect_mfe_mult': 0.0, 'capital_protect_regression_frac': 0.25}. Best is trial 1 with value: 5.138065904006362.
[I 2026-05-22 12:53:06,652] Trial 10 finished with value: 4.214602738362737 and parameters: {'sl_mult': 0.5, 'trailing_activation_mult': 2.5, 'trailing_power': 1.9, 'trailing_squash_divisor': 1.0, 'giveback_beta': 0.4, 'capital_protect_mfe_mult': 0.75, 'capital_protect_regression_frac': 0.65}. Best is trial 1 with value: 5.138065904006362.
[I 2026-05-22 12:53:06,711] Trial 11 finished with value: 4.343205359930289 and parameters: {'sl_mult': 1.2, 'trailing_activation_mult': 1.5, 'trailing_power': 1.2, 'trailing_squash_divisor': 2.0, 'giveback_beta': 0.5, 'capital_protect_mfe_mult': 0.0, 'capital_protect_regression_frac': 0.55}. Best is trial 1 with value: 5.138065904006362.
[I 2026-05-22 12:53:06,770] Trial 12 finished with value: 4.554284394299612 and parameters: {'sl_mult': 1.1, 'trailing_activation_mult': 1.5, 'trailing_power': 1.9, 'trailing_squash_divisor': 1.0, 'giveback_beta': 0.4, 'capital_protect_mfe_mult': 1.0, 'capital_protect_regression_frac': 0.55}. Best is trial 1 with value: 5.138065904006362.
