[I 2026-05-22 12:53:11,135] Trial 24 finished with value: 5.3235397893935446 and parameters: {'sl_mult': 0.5, 'adverse_exit_min_mae_sl_frac': 0.75, 'capital_protect_mfe_mult': 1.8, 'capital_protect_regression_frac': 0.9, 'adverse_exit_min_speed': 1.0, 'adverse_exit_theta_quantile': 0.55}. Best is trial 12 with value: 5.3932313151657585.
[I 2026-05-22 12:53:11,208] Trial 25 finished with value: 5.303037002310157 and parameters: {'sl_mult': 0.5, 'adverse_exit_min_mae_sl_frac': 0.7, 'capital_protect_mfe_mult': 1.9000000000000001, 'capital_protect_regression_frac': 0.9, 'adverse_exit_min_speed': 1.2000000000000002, 'adverse_exit_theta_quantile': 0.55}. Best is trial 12 with value: 5.3932313151657585.
[I 2026-05-22 12:53:11,282] Trial 26 finished with value: 4.600937381328549 and parameters: {'sl_mult': 1.0, 'adverse_exit_min_mae_sl_frac': 0.65, 'capital_protect_mfe_mult': 1.7000000000000002, 'capital_protect_regression_frac': 0.75, 'adverse_exit_min_speed': 1.1, 'adverse_exit_theta_quantile': 0.55}. Best is trial 12 with value: 5.3932313151657585.
[I 2026-05-22 12:53:11,359] Trial 27 finished with value: 4.039071544792387 and parameters: {'sl_mult': 1.5, 'adverse_exit_min_mae_sl_frac': 0.6000000000000001, 'capital_protect_mfe_mult': 2.2, 'capital_protect_regression_frac': 0.4, 'adverse_exit_min_speed': 1.0, 'adverse_exit_theta_quantile': 0.6}. Best is trial 12 with value: 5.3932313151657585.
[I 2026-05-22 12:53:11,438] Trial 28 finished with value: 4.6324689412373115 and parameters: {'sl_mult': 2.3, 'adverse_exit_min_mae_sl_frac': 0.75, 'capital_protect_mfe_mult': 1.3, 'capital_protect_regression_frac': 0.8500000000000001, 'adverse_exit_min_speed': 0.7000000000000001, 'adverse_exit_theta_quantile': 0.75}. Best is trial 12 with value: 5.3932313151657585.
[I 2026-05-22 12:53:11,514] Trial 29 finished with value: 4.780894932802767 and parameters: {'sl_mult': 0.8, 'adverse_exit_min_mae_sl_frac': 0.7, 'capital_protect_mfe_mult': 0.5, 'capital_protect_regression_frac': 0.8500000000000001, 'adverse_exit_min_speed': 0.6, 'adverse_exit_theta_quantile': 0.55}. Best is trial 12 with value: 5.3932313151657585.
[I 2026-05-22 12:53:11,590] Trial 30 finished with value: 4.660576703539118 and parameters: {'sl_mult': 1.2000000000000002, 'adverse_exit_min_mae_sl_frac': 0.55, 'capital_protect_mfe_mult': 2.7, 'capital_protect_regression_frac': 0.9500000000000001, 'adverse_exit_min_speed': 1.2000000000000002, 'adverse_exit_theta_quantile': 0.5}. Best is trial 12 with value: 5.3932313151657585.
[I 2026-05-22 12:53:11,663] Trial 31 finished with value: 5.303306415304542 and parameters: {'sl_mult': 0.5, 'adverse_exit_min_mae_sl_frac': 0.7, 'capital_protect_mfe_mult': 2.0, 'capital_protect_regression_frac': 0.9, 'adverse_exit_min_speed': 1.2000000000000002, 'adverse_exit_theta_quantile': 0.55}. Best is trial 12 with value: 5.3932313151657585.
[I 2026-05-22 12:53:11,738] Trial 32 finished with value: 4.850888046470937 and parameters: {'sl_mult': 0.7, 'adverse_exit_min_mae_sl_frac': 0.7, 'capital_protect_mfe_mult': 2.1, 'capital_protect_regression_frac': 0.8, 'adverse_exit_min_speed': 1.3000000000000003, 'adverse_exit_theta_quantile': 0.6}. Best is trial 12 with value: 5.3932313151657585.
[I 2026-05-22 12:53:11,813] Trial 33 finished with value: 4.624384411645588 and parameters: {'sl_mult': 0.7, 'adverse_exit_min_mae_sl_frac': 0.75, 'capital_protect_mfe_mult': 1.7000000000000002, 'capital_protect_regression_frac': 0.7000000000000001, 'adverse_exit_min_speed': 0.8, 'adverse_exit_theta_quantile': 0.6}. Best is trial 12 with value: 5.3932313151657585.
[I 2026-05-22 12:53:11,889] Trial 34 finished with value: 4.697523879690562 and parameters: {'sl_mult': 0.9, 'adverse_exit_min_mae_sl_frac': 0.7, 'capital_protect_mfe_mult': 1.3, 'capital_protect_regression_frac': 0.65, 'adverse_exit_min_speed': 1.0, 'adverse_exit_theta_quantile': 0.55}. Best is trial 12 with value: 5.3932313151657585.
[I 2026-05-22 12:53:11,962] Trial 35 finished with value: 5.374559692665935 and parameters: {'sl_mult': 0.5, 'adverse_exit_min_mae_sl_frac': 0.65, 'capital_protect_mfe_mult': 2.4000000000000004, 'capital_protect_regression_frac': 0.9500000000000001, 'adverse_exit_min_speed': 1.1, 'adverse_exit_theta_quantile': 0.5}. Best is trial 12 with value: 5.3932313151657585.
[I 2026-05-22 12:53:12,037] Trial 36 finished with value: 4.977887670544442 and parameters: {'sl_mult': 0.7, 'adverse_exit_min_mae_sl_frac': 0.65, 'capital_protect_mfe_mult': 2.4000000000000004, 'capital_protect_regression_frac': 0.9500000000000001, 'adverse_exit_min_speed': 0.9, 'adverse_exit_theta_quantile': 0.5}. Best is trial 12 with value: 5.3932313151657585.
[I 2026-05-22 12:53:12,116] Trial 37 finished with value: 4.464944345341064 and parameters: {'sl_mult': 2.0, 'adverse_exit_min_mae_sl_frac': 0.75, 'capital_protect_mfe_mult': 2.6, 'capital_protect_regression_frac': 0.9500000000000001, 'adverse_exit_min_speed': 0.7000000000000001, 'adverse_exit_theta_quantile': 0.8}. Best is trial 12 with value: 5.3932313151657585.
[I 2026-05-22 12:53:12,194] Trial 38 finished with value: 4.488018682505936 and parameters: {'sl_mult': 1.7000000000000002, 'adverse_exit_min_mae_sl_frac': 0.6000000000000001, 'capital_protect_mfe_mult': 2.9000000000000004, 'capital_protect_regression_frac': 0.9500000000000001, 'adverse_exit_min_speed': 1.5, 'adverse_exit_theta_quantile': 0.7}. Best is trial 12 with value: 5.3932313151657585.
[I 2026-05-22 12:53:12,269] Trial 39 finished with value: 4.770264688646421 and parameters: {'sl_mult': 0.8, 'adverse_exit_min_mae_sl_frac': 0.65, 'capital_protect_mfe_mult': 0.30000000000000004, 'capital_protect_regression_frac': 0.8500000000000001, 'adverse_exit_min_speed': 1.3000000000000003, 'adverse_exit_theta_quantile': 0.5}. Best is trial 12 with value: 5.3932313151657585.
[I 2026-05-22 12:53:12,346] Trial 40 finished with value: 4.186624504462816 and parameters: {'sl_mult': 0.9, 'adverse_exit_min_mae_sl_frac': 0.4, 'capital_protect_mfe_mult': 0.9, 'capital_protect_regression_frac': 0.1, 'adverse_exit_min_speed': 1.1, 'adverse_exit_theta_quantile': 0.6}. Best is trial 12 with value: 5.3932313151657585.
[I 2026-05-22 12:53:12,420] Trial 41 finished with value: 5.316661122813821 and parameters: {'sl_mult': 0.5, 'adverse_exit_min_mae_sl_frac': 0.7, 'capital_protect_mfe_mult': 2.2, 'capital_protect_regression_frac': 0.9, 'adverse_exit_min_speed': 1.2000000000000002, 'adverse_exit_theta_quantile': 0.55}. Best is trial 12 with value: 5.3932313151657585.
[I 2026-05-22 12:53:12,599] Trial 42 finished with value: 5.061981477076188 and parameters: {'sl_mult': 0.6, 'adverse_exit_min_mae_sl_frac': 0.7, 'capital_protect_mfe_mult': 2.2, 'capital_protect_regression_frac': 1.0, 'adverse_exit_min_speed': 1.0, 'adverse_exit_theta_quantile': 0.5}. Best is trial 12 with value: 5.3932313151657585.
[I 2026-05-22 12:53:12,673] Trial 43 finished with value: 5.279363272339106 and parameters: {'sl_mult': 0.5, 'adverse_exit_min_mae_sl_frac': 0.75, 'capital_protect_mfe_mult': 2.3000000000000003, 'capital_protect_regression_frac': 0.8500000000000001, 'adverse_exit_min_speed': 1.1, 'adverse_exit_theta_quantile': 0.55}. Best is trial 12 with value: 5.3932313151657585.
[I 2026-05-22 12:53:12,748] Trial 44 finished with value: 4.80439690038329 and parameters: {'sl_mult': 0.7, 'adverse_exit_min_mae_sl_frac': 0.5, 'capital_protect_mfe_mult': 1.9000000000000001, 'capital_protect_regression_frac': 0.75, 'adverse_exit_min_speed': 1.4000000000000001, 'adverse_exit_theta_quantile': 0.65}. Best is trial 12 with value: 5.3932313151657585.
[I 2026-05-22 12:53:12,826] Trial 45 finished with value: 4.733873588009738 and parameters: {'sl_mult': 1.1, 'adverse_exit_min_mae_sl_frac': 0.7, 'capital_protect_mfe_mult': 1.2000000000000002, 'capital_protect_regression_frac': 0.9500000000000001, 'adverse_exit_min_speed': 0.9, 'adverse_exit_theta_quantile': 0.55}. Best is trial 12 with value: 5.3932313151657585.
[I 2026-05-22 12:53:12,903] Trial 46 finished with value: 4.86084369358141 and parameters: {'sl_mult': 0.8, 'adverse_exit_min_mae_sl_frac': 0.75, 'capital_protect_mfe_mult': 1.5, 'capital_protect_regression_frac': 0.8, 'adverse_exit_min_speed': 1.2000000000000002, 'adverse_exit_theta_quantile': 0.8500000000000001}. Best is trial 12 with value: 5.3932313151657585.
[I 2026-05-22 12:53:12,977] Trial 47 finished with value: 5.061981477076188 and parameters: {'sl_mult': 0.6, 'adverse_exit_min_mae_sl_frac': 0.25, 'capital_protect_mfe_mult': 2.6, 'capital_protect_regression_frac': 1.0, 'adverse_exit_min_speed': 1.0, 'adverse_exit_theta_quantile': 0.95}. Best is trial 12 with value: 5.3932313151657585.
[I 2026-05-22 12:53:13,053] Trial 48 finished with value: 4.531514921376948 and parameters: {'sl_mult': 0.9, 'adverse_exit_min_mae_sl_frac': 0.75, 'capital_protect_mfe_mult': 3.0, 'capital_protect_regression_frac': 0.25, 'adverse_exit_min_speed': 1.4000000000000001, 'adverse_exit_theta_quantile': 0.5}. Best is trial 12 with value: 5.3932313151657585.
[I 2026-05-22 12:53:13,128] Trial 49 finished with value: 4.584550252789631 and parameters: {'sl_mult': 0.6, 'adverse_exit_min_mae_sl_frac': 0.65, 'capital_protect_mfe_mult': 1.7000000000000002, 'capital_protect_regression_frac': 0.4, 'adverse_exit_min_speed': 1.3000000000000003, 'adverse_exit_theta_quantile': 0.65}. Best is trial 12 with value: 5.3932313151657585.
[I 2026-05-22 12:53:13,210] Trial 50 finished with value: 4.709474397962913 and parameters: {'sl_mult': 3.5, 'adverse_exit_min_mae_sl_frac': 0.7, 'capital_protect_mfe_mult': 2.4000000000000004, 'capital_protect_regression_frac': 0.9, 'adverse_exit_min_speed': 0.9, 'adverse_exit_theta_quantile': 0.7}. Best is trial 12 with value: 5.3932313151657585.
[I 2026-05-22 12:53:13,285] Trial 51 finished with value: 5.303306415304542 and parameters: {'sl_mult': 0.5, 'adverse_exit_min_mae_sl_frac': 0.7, 'capital_protect_mfe_mult': 2.0, 'capital_protect_regression_frac': 0.9, 'adverse_exit_min_speed': 1.2000000000000002, 'adverse_exit_theta_quantile': 0.55}. Best is trial 12 with value: 5.3932313151657585.
[I 2026-05-22 12:53:13,360] Trial 52 finished with value: 5.360477285087109 and parameters: {'sl_mult': 0.5, 'adverse_exit_min_mae_sl_frac': 0.75, 'capital_protect_mfe_mult': 2.1, 'capital_protect_regression_frac': 0.9500000000000001, 'adverse_exit_min_speed': 1.1, 'adverse_exit_theta_quantile': 0.6}. Best is trial 12 with value: 5.3932313151657585.
[I 2026-05-22 12:53:13,441] Trial 53 finished with value: 4.76374334533466 and parameters: {'sl_mult': 3.0, 'adverse_exit_min_mae_sl_frac': 0.75, 'capital_protect_mfe_mult': 2.2, 'capital_protect_regression_frac': 0.9500000000000001, 'adverse_exit_min_speed': 1.1, 'adverse_exit_theta_quantile': 0.6}. Best is trial 12 with value: 5.3932313151657585.
[I 2026-05-22 12:53:13,516] Trial 54 finished with value: 4.977887670544442 and parameters: {'sl_mult': 0.7, 'adverse_exit_min_mae_sl_frac': 0.75, 'capital_protect_mfe_mult': 1.8, 'capital_protect_regression_frac': 1.0, 'adverse_exit_min_speed': 1.1, 'adverse_exit_theta_quantile': 0.65}. Best is trial 12 with value: 5.3932313151657585.
[I 2026-05-22 12:53:13,592] Trial 55 finished with value: 4.6804830631823275 and parameters: {'sl_mult': 1.0, 'adverse_exit_min_mae_sl_frac': 0.75, 'capital_protect_mfe_mult': 2.1, 'capital_protect_regression_frac': 0.8500000000000001, 'adverse_exit_min_speed': 1.0, 'adverse_exit_theta_quantile': 0.6}. Best is trial 12 with value: 5.3932313151657585.
[I 2026-05-22 12:53:13,668] Trial 56 finished with value: 5.042798621812835 and parameters: {'sl_mult': 0.6, 'adverse_exit_min_mae_sl_frac': 0.65, 'capital_protect_mfe_mult': 2.7, 'capital_protect_regression_frac': 0.9500000000000001, 'adverse_exit_min_speed': 0.9, 'adverse_exit_theta_quantile': 0.65}. Best is trial 12 with value: 5.3932313151657585.
[I 2026-05-22 12:53:13,744] Trial 57 finished with value: 4.86084369358141 and parameters: {'sl_mult': 0.8, 'adverse_exit_min_mae_sl_frac': 0.6000000000000001, 'capital_protect_mfe_mult': 1.5, 'capital_protect_regression_frac': 0.8, 'adverse_exit_min_speed': 0.8, 'adverse_exit_theta_quantile': 0.75}. Best is trial 12 with value: 5.3932313151657585.
[I 2026-05-22 12:53:13,818] Trial 58 finished with value: 5.3932313151657585 and parameters: {'sl_mult': 0.5, 'adverse_exit_min_mae_sl_frac': 0.7, 'capital_protect_mfe_mult': 2.4000000000000004, 'capital_protect_regression_frac': 1.0, 'adverse_exit_min_speed': 1.0, 'adverse_exit_theta_quantile': 0.7}. Best is trial 12 with value: 5.3932313151657585.
[I 2026-05-22 12:53:13,895] Trial 59 finished with value: 4.6720919930841776 and parameters: {'sl_mult': 1.2000000000000002, 'adverse_exit_min_mae_sl_frac': 0.75, 'capital_protect_mfe_mult': 0.7000000000000001, 'capital_protect_regression_frac': 1.0, 'adverse_exit_min_speed': 1.0, 'adverse_exit_theta_quantile': 0.7}. Best is trial 12 with value: 5.3932313151657585.
[I 2026-05-22 12:53:13,969] Trial 60 finished with value: 5.050583766167984 and parameters: {'sl_mult': 0.6, 'adverse_exit_min_mae_sl_frac': 0.4, 'capital_protect_mfe_mult': 2.5, 'capital_protect_regression_frac': 1.0, 'adverse_exit_min_speed': 0.2, 'adverse_exit_theta_quantile': 0.75}. Best is trial 12 with value: 5.3932313151657585.
[I 2026-05-22 12:53:14,043] Trial 61 finished with value: 5.374559692665935 and parameters: {'sl_mult': 0.5, 'adverse_exit_min_mae_sl_frac': 0.7, 'capital_protect_mfe_mult': 2.4000000000000004, 'capital_protect_regression_frac': 0.9500000000000001, 'adverse_exit_min_speed': 1.1, 'adverse_exit_theta_quantile': 0.7}. Best is trial 12 with value: 5.3932313151657585.
[I 2026-05-22 12:53:14,118] Trial 62 finished with value: 5.374559692665935 and parameters: {'sl_mult': 0.5, 'adverse_exit_min_mae_sl_frac': 0.7, 'capital_protect_mfe_mult': 2.4000000000000004, 'capital_protect_regression_frac': 0.9500000000000001, 'adverse_exit_min_speed': 1.1, 'adverse_exit_theta_quantile': 0.7}. Best is trial 12 with value: 5.3932313151657585.
2026-05-22 12:53:14,807 - __main__ - INFO - ℹ️ Policy medoid selection: trailing_medoid=47 stage2_medoid=61 best_trial_stage2=12 final_sl=0.500 adverse_enabled=True
2026-05-22 12:53:14,871 - __main__ - INFO - ℹ️ 
--- short_loc_ema_stack_pos_24_0_43357179_compression_ratio_-0_33411601_mkt_ret_eq_24h_1_1280091_mkt_ret_eq_24h_-0_81129736_up_down_semivol_ratio_tanh_-0_39156261 | final_fit_all_policy_rows | top_30 ---
2026-05-22 12:53:14,871 - __main__ - INFO - ℹ️ Period: 2026-01-15 to 2026-05-15
2026-05-22 12:53:14,871 - __main__ - INFO - ℹ️ Trades: 3232 selected from 16313 candidates (concurrency skipped=13081)
2026-05-22 12:53:14,871 - __main__ - INFO - ℹ️ Net PnL/Trade (Bankroll): 0.17%
2026-05-22 12:53:14,871 - __main__ - INFO - ℹ️ Net PnL/Trade (Sized): 1.14%
2026-05-22 12:53:14,871 - __main__ - INFO - ℹ️ Avg Win: 4.27%, Avg Loss: -1.30%
2026-05-22 12:53:14,871 - __main__ - INFO - ℹ️ Hit Rate (trailing profit only): 43.5%; positive-PnL rate: 43.8%
2026-05-22 12:53:14,871 - __main__ - INFO - ℹ️ Exit mix: trailing=1405 (43.5%), capital_protect=2 (0.1%), full_sl=1809 (56.0%), adverse_fast=0 (0.0%), timeout=16 (0.5%)
2026-05-22 12:53:14,871 - __main__ - INFO - ℹ️ Sortino (W / M): 100.00 / 100.00
2026-05-22 12:53:14,871 - __main__ - INFO - ℹ️ Max DD: -12.37%
2026-05-22 12:53:14,871 - __main__ - INFO - ℹ️ Time Under Water: 3.7 days
2026-05-22 12:53:14,871 - __main__ - INFO - ℹ️ PnL Std (W / M): 22.01% / 59.43%
2026-05-22 12:53:14,936 - __main__ - INFO - ℹ️ 
--- short_loc_ema_stack_pos_24_0_43357179_compression_ratio_-0_33411601_mkt_ret_eq_24h_1_1280091_mkt_ret_eq_24h_-0_81129736_up_down_semivol_ratio_tanh_-0_39156261 | final_fit_all_policy_rows | top_20 ---
2026-05-22 12:53:14,936 - __main__ - INFO - ℹ️ Period: 2026-01-15 to 2026-05-15
2026-05-22 12:53:14,936 - __main__ - INFO - ℹ️ Trades: 3232 selected from 16313 candidates (concurrency skipped=13081)
2026-05-22 12:53:14,936 - __main__ - INFO - ℹ️ Net PnL/Trade (Bankroll): 0.17%
2026-05-22 12:53:14,936 - __main__ - INFO - ℹ️ Net PnL/Trade (Sized): 1.14%
2026-05-22 12:53:14,936 - __main__ - INFO - ℹ️ Avg Win: 4.27%, Avg Loss: -1.30%
2026-05-22 12:53:14,937 - __main__ - INFO - ℹ️ Hit Rate (trailing profit only): 43.5%; positive-PnL rate: 43.8%
2026-05-22 12:53:14,937 - __main__ - INFO - ℹ️ Exit mix: trailing=1405 (43.5%), capital_protect=2 (0.1%), full_sl=1809 (56.0%), adverse_fast=0 (0.0%), timeout=16 (0.5%)
2026-05-22 12:53:14,937 - __main__ - INFO - ℹ️ Sortino (W / M): 100.00 / 100.00
2026-05-22 12:53:14,937 - __main__ - INFO - ℹ️ Max DD: -12.37%
2026-05-22 12:53:14,937 - __main__ - INFO - ℹ️ Time Under Water: 3.7 days
2026-05-22 12:53:14,937 - __main__ - INFO - ℹ️ PnL Std (W / M): 22.01% / 59.43%
2026-05-22 12:53:15,001 - __main__ - INFO - ℹ️ 
--- short_loc_ema_stack_pos_24_0_43357179_compression_ratio_-0_33411601_mkt_ret_eq_24h_1_1280091_mkt_ret_eq_24h_-0_81129736_up_down_semivol_ratio_tanh_-0_39156261 | final_fit_all_policy_rows | top_15 ---
2026-05-22 12:53:15,001 - __main__ - INFO - ℹ️ Period: 2026-01-15 to 2026-05-15
2026-05-22 12:53:15,001 - __main__ - INFO - ℹ️ Trades: 3232 selected from 16313 candidates (concurrency skipped=13081)
2026-05-22 12:53:15,001 - __main__ - INFO - ℹ️ Net PnL/Trade (Bankroll): 0.17%
2026-05-22 12:53:15,001 - __main__ - INFO - ℹ️ Net PnL/Trade (Sized): 1.14%
2026-05-22 12:53:15,001 - __main__ - INFO - ℹ️ Avg Win: 4.27%, Avg Loss: -1.30%
2026-05-22 12:53:15,001 - __main__ - INFO - ℹ️ Hit Rate (trailing profit only): 43.5%; positive-PnL rate: 43.8%
2026-05-22 12:53:15,001 - __main__ - INFO - ℹ️ Exit mix: trailing=1405 (43.5%), capital_protect=2 (0.1%), full_sl=1809 (56.0%), adverse_fast=0 (0.0%), timeout=16 (0.5%)
2026-05-22 12:53:15,002 - __main__ - INFO - ℹ️ Sortino (W / M): 100.00 / 100.00
2026-05-22 12:53:15,002 - __main__ - INFO - ℹ️ Max DD: -12.37%
2026-05-22 12:53:15,002 - __main__ - INFO - ℹ️ Time Under Water: 3.7 days
2026-05-22 12:53:15,002 - __main__ - INFO - ℹ️ PnL Std (W / M): 22.01% / 59.43%
2026-05-22 12:53:15,066 - __main__ - INFO - ℹ️ 
--- short_loc_ema_stack_pos_24_0_43357179_compression_ratio_-0_33411601_mkt_ret_eq_24h_1_1280091_mkt_ret_eq_24h_-0_81129736_up_down_semivol_ratio_tanh_-0_39156261 | final_fit_all_policy_rows | top_10 ---
2026-05-22 12:53:15,066 - __main__ - INFO - ℹ️ Period: 2026-01-15 to 2026-05-15
2026-05-22 12:53:15,066 - __main__ - INFO - ℹ️ Trades: 3232 selected from 16313 candidates (concurrency skipped=13081)
2026-05-22 12:53:15,066 - __main__ - INFO - ℹ️ Net PnL/Trade (Bankroll): 0.17%
2026-05-22 12:53:15,066 - __main__ - INFO - ℹ️ Net PnL/Trade (Sized): 1.14%
2026-05-22 12:53:15,066 - __main__ - INFO - ℹ️ Avg Win: 4.27%, Avg Loss: -1.30%
2026-05-22 12:53:15,066 - __main__ - INFO - ℹ️ Hit Rate (trailing profit only): 43.5%; positive-PnL rate: 43.8%
2026-05-22 12:53:15,067 - __main__ - INFO - ℹ️ Exit mix: trailing=1405 (43.5%), capital_protect=2 (0.1%), full_sl=1809 (56.0%), adverse_fast=0 (0.0%), timeout=16 (0.5%)
2026-05-22 12:53:15,067 - __main__ - INFO - ℹ️ Sortino (W / M): 100.00 / 100.00
2026-05-22 12:53:15,067 - __main__ - INFO - ℹ️ Max DD: -12.37%
2026-05-22 12:53:15,067 - __main__ - INFO - ℹ️ Time Under Water: 3.7 days
2026-05-22 12:53:15,067 - __main__ - INFO - ℹ️ PnL Std (W / M): 22.01% / 59.43%
2026-05-22 12:53:15,124 - __main__ - INFO - ℹ️ 
--- short_loc_ema_stack_pos_24_0_43357179_compression_ratio_-0_33411601_mkt_ret_eq_24h_1_1280091_mkt_ret_eq_24h_-0_81129736_up_down_semivol_ratio_tanh_-0_39156261 | final_fit_all_policy_rows | top_5 ---
2026-05-22 12:53:15,124 - __main__ - INFO - ℹ️ Period: 2026-01-15 to 2026-05-15
2026-05-22 12:53:15,124 - __main__ - INFO - ℹ️ Trades: 3013 selected from 13594 candidates (concurrency skipped=10581)
2026-05-22 12:53:15,124 - __main__ - INFO - ℹ️ Net PnL/Trade (Bankroll): 0.17%
2026-05-22 12:53:15,124 - __main__ - INFO - ℹ️ Net PnL/Trade (Sized): 1.18%
2026-05-22 12:53:15,124 - __main__ - INFO - ℹ️ Avg Win: 4.28%, Avg Loss: -1.30%
2026-05-22 12:53:15,124 - __main__ - INFO - ℹ️ Hit Rate (trailing profit only): 43.9%; positive-PnL rate: 44.3%
2026-05-22 12:53:15,124 - __main__ - INFO - ℹ️ Exit mix: trailing=1323 (43.9%), capital_protect=2 (0.1%), full_sl=1673 (55.5%), adverse_fast=0 (0.0%), timeout=15 (0.5%)
2026-05-22 12:53:15,124 - __main__ - INFO - ℹ️ Sortino (W / M): 100.00 / 100.00
2026-05-22 12:53:15,124 - __main__ - INFO - ℹ️ Max DD: -11.96%
2026-05-22 12:53:15,124 - __main__ - INFO - ℹ️ Time Under Water: 5.2 days
2026-05-22 12:53:15,124 - __main__ - INFO - ℹ️ PnL Std (W / M): 20.80% / 59.28%
2026-05-22 12:53:15,148 - __main__ - INFO - ℹ️ 
--- short_loc_ema_stack_pos_24_0_43357179_compression_ratio_-0_33411601_mkt_ret_eq_24h_1_1280091_mkt_ret_eq_24h_-0_81129736_up_down_semivol_ratio_tanh_-0_39156261 | final_fit_all_policy_rows | top_1 ---
2026-05-22 12:53:15,148 - __main__ - INFO - ℹ️ Period: 2026-01-16 to 2026-05-15
2026-05-22 12:53:15,148 - __main__ - INFO - ℹ️ Trades: 1240 selected from 2719 candidates (concurrency skipped=1479)
2026-05-22 12:53:15,149 - __main__ - INFO - ℹ️ Net PnL/Trade (Bankroll): 0.23%
2026-05-22 12:53:15,149 - __main__ - INFO - ℹ️ Net PnL/Trade (Sized): 1.54%
2026-05-22 12:53:15,149 - __main__ - INFO - ℹ️ Avg Win: 4.29%, Avg Loss: -1.29%
2026-05-22 12:53:15,149 - __main__ - INFO - ℹ️ Hit Rate (trailing profit only): 50.2%; positive-PnL rate: 50.7%
2026-05-22 12:53:15,149 - __main__ - INFO - ℹ️ Exit mix: trailing=623 (50.2%), capital_protect=1 (0.1%), full_sl=607 (49.0%), adverse_fast=0 (0.0%), timeout=9 (0.7%)
2026-05-22 12:53:15,149 - __main__ - INFO - ℹ️ Sortino (W / M): 100.00 / 100.00
2026-05-22 12:53:15,149 - __main__ - INFO - ℹ️ Max DD: -5.05%
2026-05-22 12:53:15,149 - __main__ - INFO - ℹ️ Time Under Water: 4.3 days
2026-05-22 12:53:15,149 - __main__ - INFO - ℹ️ PnL Std (W / M): 13.07% / 39.17%
[I 2026-05-22 12:53:21,050] A new study created in memory with name: no-name-5bcc021a-5bc7-4999-b562-9430c8004521
