[I 2026-05-22 12:41:11,259] Trial 61 finished with value: 0.7039699637988 and parameters: {'max_depth': 6, 'subsample': 0.6797234802824274, 'reg_alpha': 0.10487166855273929, 'reg_lambda': 8.182878938021904, 'min_child_samples_pct': 0.02008190758082381, 'min_child_weight': 39.169430790923734, 'min_split_gain': 0.01261821261785007, 'colsample_bytree': 0.6472310115415894}. Best is trial 23 with value: 0.7107048882271293.
[2026-05-22 10:41:11 UTC] LGBM HPO trial 62 fold 1/3 started: train_rows=6666, valid_rows=3334, depth=6.
[2026-05-22 10:41:14 UTC] LGBM HPO trial 62 fold 1/3 complete: partial_J=0.7116, elapsed=3.7s.
[2026-05-22 10:41:14 UTC] LGBM HPO trial 62 fold 2/3 started: train_rows=6667, valid_rows=3333, depth=6.
[2026-05-22 10:41:18 UTC] LGBM HPO trial 62 fold 2/3 complete: partial_J=0.6969, elapsed=4.0s.
[2026-05-22 10:41:18 UTC] LGBM HPO trial 62 fold 3/3 started: train_rows=6667, valid_rows=3333, depth=6.
[2026-05-22 10:41:22 UTC] LGBM HPO trial 62 fold 3/3 complete: partial_J=0.6861, elapsed=3.8s.
[2026-05-22 10:41:22 UTC] LGBM HPO trial 62 complete: J=0.6861, raw_J=0.6892, elapsed=11.4s.
[I 2026-05-22 12:41:22,710] Trial 62 finished with value: 0.6861309549161773 and parameters: {'max_depth': 6, 'subsample': 0.6779828348945134, 'reg_alpha': 0.11624307227674699, 'reg_lambda': 8.67280397697776, 'min_child_samples_pct': 0.023516950535871915, 'min_child_weight': 30.014828367004327, 'min_split_gain': 0.01416572026281807, 'colsample_bytree': 0.6280503365371666}. Best is trial 23 with value: 0.7107048882271293.
[2026-05-22 10:41:22 UTC] LGBM HPO trial 63 fold 1/3 started: train_rows=6666, valid_rows=3334, depth=6.
[2026-05-22 10:41:26 UTC] LGBM HPO trial 63 fold 1/3 complete: partial_J=0.7076, elapsed=3.9s.
[2026-05-22 10:41:26 UTC] LGBM HPO trial 63 fold 2/3 started: train_rows=6667, valid_rows=3333, depth=6.
[2026-05-22 10:41:30 UTC] LGBM HPO trial 63 fold 2/3 complete: partial_J=0.7057, elapsed=3.9s.
[2026-05-22 10:41:30 UTC] LGBM HPO trial 63 fold 3/3 started: train_rows=6667, valid_rows=3333, depth=6.
[2026-05-22 10:41:34 UTC] LGBM HPO trial 63 fold 3/3 complete: partial_J=0.7007, elapsed=3.8s.
[2026-05-22 10:41:34 UTC] LGBM HPO trial 63 complete: J=0.7007, raw_J=0.7035, elapsed=11.6s.
[I 2026-05-22 12:41:34,349] Trial 63 finished with value: 0.7006601576469877 and parameters: {'max_depth': 6, 'subsample': 0.6984632218500932, 'reg_alpha': 0.13459607347671598, 'reg_lambda': 7.657714271987799, 'min_child_samples_pct': 0.02025008066076345, 'min_child_weight': 44.70609188867974, 'min_split_gain': 0.024753508583222943, 'colsample_bytree': 0.6086457225409131}. Best is trial 23 with value: 0.7107048882271293.
[2026-05-22 10:41:34 UTC] LGBM HPO trial 64 fold 1/3 started: train_rows=6666, valid_rows=3334, depth=6.
[2026-05-22 10:41:38 UTC] LGBM HPO trial 64 fold 1/3 complete: partial_J=0.7055, elapsed=4.0s.
[2026-05-22 10:41:38 UTC] LGBM HPO trial 64 fold 2/3 started: train_rows=6667, valid_rows=3333, depth=6.
[2026-05-22 10:41:42 UTC] LGBM HPO trial 64 fold 2/3 complete: partial_J=0.7046, elapsed=3.9s.
[2026-05-22 10:41:42 UTC] LGBM HPO trial 64 fold 3/3 started: train_rows=6667, valid_rows=3333, depth=6.
[2026-05-22 10:41:46 UTC] LGBM HPO trial 64 fold 3/3 complete: partial_J=0.7031, elapsed=3.9s.
[2026-05-22 10:41:46 UTC] LGBM HPO trial 64 complete: J=0.7031, raw_J=0.7059, elapsed=11.9s.
[I 2026-05-22 12:41:46,250] Trial 64 finished with value: 0.703059828949125 and parameters: {'max_depth': 6, 'subsample': 0.6666954462152259, 'reg_alpha': 0.107032110632901, 'reg_lambda': 9.381852727786129, 'min_child_samples_pct': 0.02184830845613471, 'min_child_weight': 32.8935823235225, 'min_split_gain': 0.0075043742653465835, 'colsample_bytree': 0.6194969239026008}. Best is trial 23 with value: 0.7107048882271293.
[2026-05-22 10:41:46 UTC] LGBM HPO trial 65 fold 1/3 started: train_rows=6666, valid_rows=3334, depth=6.
[2026-05-22 10:41:50 UTC] LGBM HPO trial 65 fold 1/3 complete: partial_J=0.7079, elapsed=3.9s.
[2026-05-22 10:41:50 UTC] LGBM HPO trial 65 fold 2/3 started: train_rows=6667, valid_rows=3333, depth=6.
[2026-05-22 10:41:53 UTC] LGBM HPO trial 65 fold 2/3 complete: partial_J=0.7066, elapsed=3.8s.
[2026-05-22 10:41:53 UTC] LGBM HPO trial 65 fold 3/3 started: train_rows=6667, valid_rows=3333, depth=6.
[2026-05-22 10:41:58 UTC] LGBM HPO trial 65 fold 3/3 complete: partial_J=0.7020, elapsed=4.0s.
[2026-05-22 10:41:58 UTC] LGBM HPO trial 65 complete: J=0.7020, raw_J=0.7048, elapsed=11.8s.
[I 2026-05-22 12:41:58,019] Trial 65 finished with value: 0.7020273340770266 and parameters: {'max_depth': 6, 'subsample': 0.6611538091415838, 'reg_alpha': 0.10629322661076326, 'reg_lambda': 9.741772608254298, 'min_child_samples_pct': 0.02181877499673336, 'min_child_weight': 32.888038813202364, 'min_split_gain': 0.01982608545796103, 'colsample_bytree': 0.6181871207878366}. Best is trial 23 with value: 0.7107048882271293.
[2026-05-22 10:41:58 UTC] LGBM HPO trial 66 fold 1/3 started: train_rows=6666, valid_rows=3334, depth=6.
[2026-05-22 10:42:01 UTC] LGBM HPO trial 66 fold 1/3 complete: partial_J=0.7091, elapsed=3.8s.
[2026-05-22 10:42:01 UTC] LGBM HPO trial 66 fold 2/3 started: train_rows=6667, valid_rows=3333, depth=6.
[2026-05-22 10:42:05 UTC] LGBM HPO trial 66 fold 2/3 complete: partial_J=0.6964, elapsed=3.7s.
[2026-05-22 10:42:05 UTC] LGBM HPO trial 66 fold 3/3 started: train_rows=6667, valid_rows=3333, depth=6.
[2026-05-22 10:42:09 UTC] LGBM HPO trial 66 fold 3/3 complete: partial_J=0.6846, elapsed=3.9s.
[2026-05-22 10:42:09 UTC] LGBM HPO trial 66 complete: J=0.6846, raw_J=0.6875, elapsed=11.4s.
[I 2026-05-22 12:42:09,456] Trial 66 finished with value: 0.6845542913422825 and parameters: {'max_depth': 6, 'subsample': 0.6691873120337942, 'reg_alpha': 0.14879592546467096, 'reg_lambda': 11.900214287830268, 'min_child_samples_pct': 0.023484327004085426, 'min_child_weight': 35.51257579550527, 'min_split_gain': 0.009520518696717295, 'colsample_bytree': 0.6352010559427529}. Best is trial 23 with value: 0.7107048882271293.
[2026-05-22 10:42:09 UTC] LGBM HPO trial 67 fold 1/3 started: train_rows=6666, valid_rows=3334, depth=4.
[2026-05-22 10:42:11 UTC] LGBM HPO trial 67 fold 1/3 complete: partial_J=0.6872, elapsed=2.4s.
[2026-05-22 10:42:11 UTC] LGBM HPO trial 67 fold 2/3 started: train_rows=6667, valid_rows=3333, depth=4.
[2026-05-22 10:42:14 UTC] LGBM HPO trial 67 fold 2/3 complete: partial_J=0.6788, elapsed=2.4s.
[2026-05-22 10:42:14 UTC] LGBM HPO trial 67 pruned at fold 2/3 (partial_J=0.6788).
[I 2026-05-22 12:42:14,233] Trial 67 pruned. 
[2026-05-22 10:42:14 UTC] LGBM HPO trial 68 fold 1/3 started: train_rows=6666, valid_rows=3334, depth=6.
[2026-05-22 10:42:17 UTC] LGBM HPO trial 68 fold 1/3 complete: partial_J=0.6977, elapsed=2.9s.
[2026-05-22 10:42:17 UTC] LGBM HPO trial 68 fold 2/3 started: train_rows=6667, valid_rows=3333, depth=6.
[2026-05-22 10:42:19 UTC] LGBM HPO trial 68 fold 2/3 complete: partial_J=0.6708, elapsed=2.8s.
[2026-05-22 10:42:19 UTC] LGBM HPO trial 68 fold 3/3 started: train_rows=6667, valid_rows=3333, depth=6.
[2026-05-22 10:42:22 UTC] LGBM HPO trial 68 fold 3/3 complete: partial_J=0.6619, elapsed=2.8s.
[2026-05-22 10:42:22 UTC] LGBM HPO trial 68 complete: J=0.6619, raw_J=0.6654, elapsed=8.5s.
[I 2026-05-22 12:42:22,720] Trial 68 finished with value: 0.6618560150664136 and parameters: {'max_depth': 6, 'subsample': 0.6748792209368031, 'reg_alpha': 0.2005391556696901, 'reg_lambda': 8.151541244793561, 'min_child_samples_pct': 0.03856617772644522, 'min_child_weight': 25.96322914048449, 'min_split_gain': 0.029781374816795696, 'colsample_bytree': 0.6255366266696879}. Best is trial 23 with value: 0.7107048882271293.
[2026-05-22 10:42:22 UTC] LGBM HPO trial 69 fold 1/3 started: train_rows=6666, valid_rows=3334, depth=6.
[2026-05-22 10:42:24 UTC] LGBM HPO trial 69 fold 1/3 complete: partial_J=0.6717, elapsed=2.0s.
[2026-05-22 10:42:24 UTC] LGBM HPO trial 69 fold 2/3 started: train_rows=6667, valid_rows=3333, depth=6.
[2026-05-22 10:42:26 UTC] LGBM HPO trial 69 fold 2/3 complete: partial_J=0.6623, elapsed=2.1s.
[2026-05-22 10:42:26 UTC] LGBM HPO trial 69 pruned at fold 2/3 (partial_J=0.6623).
[I 2026-05-22 12:42:26,844] Trial 69 pruned. 
[2026-05-22 10:42:26 UTC] LGBM HPO trial 70 fold 1/3 started: train_rows=6666, valid_rows=3334, depth=5.
[2026-05-22 10:42:30 UTC] LGBM HPO trial 70 fold 1/3 complete: partial_J=0.6991, elapsed=3.3s.
[2026-05-22 10:42:30 UTC] LGBM HPO trial 70 fold 2/3 started: train_rows=6667, valid_rows=3333, depth=5.
[2026-05-22 10:42:33 UTC] LGBM HPO trial 70 fold 2/3 complete: partial_J=0.6922, elapsed=3.3s.
[2026-05-22 10:42:33 UTC] LGBM HPO trial 70 fold 3/3 started: train_rows=6667, valid_rows=3333, depth=5.
[2026-05-22 10:42:36 UTC] LGBM HPO trial 70 fold 3/3 complete: partial_J=0.6859, elapsed=3.3s.
[2026-05-22 10:42:36 UTC] LGBM HPO trial 70 complete: J=0.6859, raw_J=0.6888, elapsed=9.9s.
[I 2026-05-22 12:42:36,739] Trial 70 finished with value: 0.6859066720275743 and parameters: {'max_depth': 5, 'subsample': 0.7136326772786422, 'reg_alpha': 0.12614168390693545, 'reg_lambda': 6.6675117017114, 'min_child_samples_pct': 0.021294433626982596, 'min_child_weight': 35.115672284531556, 'min_split_gain': 0.011266250677443714, 'colsample_bytree': 0.6055259679674794}. Best is trial 23 with value: 0.7107048882271293.
[2026-05-22 10:42:36 UTC] LGBM HPO trial 71 fold 1/3 started: train_rows=6666, valid_rows=3334, depth=6.
[2026-05-22 10:42:40 UTC] LGBM HPO trial 71 fold 1/3 complete: partial_J=0.7108, elapsed=3.9s.
[2026-05-22 10:42:40 UTC] LGBM HPO trial 71 fold 2/3 started: train_rows=6667, valid_rows=3333, depth=6.
[2026-05-22 10:42:44 UTC] LGBM HPO trial 71 fold 2/3 complete: partial_J=0.7031, elapsed=3.9s.
[2026-05-22 10:42:44 UTC] LGBM HPO trial 71 fold 3/3 started: train_rows=6667, valid_rows=3333, depth=6.
[2026-05-22 10:42:48 UTC] LGBM HPO trial 71 fold 3/3 complete: partial_J=0.6943, elapsed=4.1s.
[2026-05-22 10:42:48 UTC] LGBM HPO trial 71 complete: J=0.6943, raw_J=0.6970, elapsed=11.8s.
[I 2026-05-22 12:42:48,555] Trial 71 finished with value: 0.6942613748165706 and parameters: {'max_depth': 6, 'subsample': 0.6623265821785206, 'reg_alpha': 0.10240632731844539, 'reg_lambda': 9.654588623694046, 'min_child_samples_pct': 0.022324102290243498, 'min_child_weight': 32.48050230201143, 'min_split_gain': 0.0204843469658234, 'colsample_bytree': 0.6206944384505321}. Best is trial 23 with value: 0.7107048882271293.
[2026-05-22 10:42:48 UTC] LGBM HPO trial 72 fold 1/3 started: train_rows=6666, valid_rows=3334, depth=6.
[2026-05-22 10:42:52 UTC] LGBM HPO trial 72 fold 1/3 complete: partial_J=0.6954, elapsed=3.8s.
[2026-05-22 10:42:52 UTC] LGBM HPO trial 72 fold 2/3 started: train_rows=6667, valid_rows=3333, depth=6.
[2026-05-22 10:42:56 UTC] LGBM HPO trial 72 fold 2/3 complete: partial_J=0.6970, elapsed=3.9s.
[2026-05-22 10:42:56 UTC] LGBM HPO trial 72 fold 3/3 started: train_rows=6667, valid_rows=3333, depth=6.
[2026-05-22 10:43:00 UTC] LGBM HPO trial 72 fold 3/3 complete: partial_J=0.6880, elapsed=3.9s.
[2026-05-22 10:43:00 UTC] LGBM HPO trial 72 complete: J=0.6880, raw_J=0.6909, elapsed=11.6s.
[I 2026-05-22 12:43:00,189] Trial 72 finished with value: 0.6879803703087509 and parameters: {'max_depth': 6, 'subsample': 0.6564082453435289, 'reg_alpha': 0.10986029436852209, 'reg_lambda': 13.247805683504517, 'min_child_samples_pct': 0.021845251624713492, 'min_child_weight': 33.460645257314184, 'min_split_gain': 0.019854422000202297, 'colsample_bytree': 0.6157752637843273}. Best is trial 23 with value: 0.7107048882271293.
[2026-05-22 10:43:00 UTC] LGBM HPO trial 73 fold 1/3 started: train_rows=6666, valid_rows=3334, depth=6.
[2026-05-22 10:43:04 UTC] LGBM HPO trial 73 fold 1/3 complete: partial_J=0.7184, elapsed=4.0s.
[2026-05-22 10:43:04 UTC] LGBM HPO trial 73 fold 2/3 started: train_rows=6667, valid_rows=3333, depth=6.
[2026-05-22 10:43:08 UTC] LGBM HPO trial 73 fold 2/3 complete: partial_J=0.7136, elapsed=4.3s.
[2026-05-22 10:43:08 UTC] LGBM HPO trial 73 fold 3/3 started: train_rows=6667, valid_rows=3333, depth=6.
[2026-05-22 10:43:12 UTC] LGBM HPO trial 73 fold 3/3 complete: partial_J=0.7059, elapsed=4.1s.
[2026-05-22 10:43:12 UTC] LGBM HPO trial 73 complete: J=0.7059, raw_J=0.7088, elapsed=12.4s.
