[I 2026-05-22 13:13:49,045] Trial 62 finished with value: 0.652016730079265 and parameters: {'max_depth': 3, 'subsample': 0.7299474784018024, 'reg_alpha': 0.8564955875294333, 'reg_lambda': 5.848309730269977, 'min_child_samples_pct': 0.029552823761249892, 'min_child_weight': 26.37486177803842, 'min_split_gain': 0.001931954118535409, 'colsample_bytree': 0.7457142156802684}. Best is trial 59 with value: 0.6619826316516688.
[2026-05-22 11:13:49 UTC] LGBM HPO trial 63 fold 1/3 started: train_rows=6666, valid_rows=3334, depth=3.
[2026-05-22 11:13:49 UTC] LGBM HPO trial 63 fold 1/3 complete: partial_J=0.6686, elapsed=0.3s.
[2026-05-22 11:13:49 UTC] LGBM HPO trial 63 fold 2/3 started: train_rows=6667, valid_rows=3333, depth=3.
[2026-05-22 11:13:49 UTC] LGBM HPO trial 63 fold 2/3 complete: partial_J=0.6652, elapsed=0.3s.
[2026-05-22 11:13:49 UTC] LGBM HPO trial 63 fold 3/3 started: train_rows=6667, valid_rows=3333, depth=3.
[2026-05-22 11:13:50 UTC] LGBM HPO trial 63 fold 3/3 complete: partial_J=0.6602, elapsed=0.3s.
[2026-05-22 11:13:50 UTC] LGBM HPO trial 63 complete: J=0.6602, elapsed=1.0s.
[I 2026-05-22 13:13:50,008] Trial 63 finished with value: 0.6601599686185827 and parameters: {'max_depth': 3, 'subsample': 0.7122479922458143, 'reg_alpha': 0.7286603741209752, 'reg_lambda': 7.709936608425244, 'min_child_samples_pct': 0.027968060988232353, 'min_child_weight': 21.6463403321728, 'min_split_gain': 0.004395056253164577, 'colsample_bytree': 0.7009068705396598}. Best is trial 59 with value: 0.6619826316516688.
[2026-05-22 11:13:50 UTC] LGBM HPO trial 64 fold 1/3 started: train_rows=6666, valid_rows=3334, depth=3.
[2026-05-22 11:13:50 UTC] LGBM HPO trial 64 fold 1/3 complete: partial_J=0.6629, elapsed=0.3s.
[2026-05-22 11:13:50 UTC] LGBM HPO trial 64 fold 2/3 started: train_rows=6667, valid_rows=3333, depth=3.
[2026-05-22 11:13:50 UTC] LGBM HPO trial 64 fold 2/3 complete: partial_J=0.6639, elapsed=0.3s.
[2026-05-22 11:13:50 UTC] LGBM HPO trial 64 fold 3/3 started: train_rows=6667, valid_rows=3333, depth=3.
[2026-05-22 11:13:51 UTC] LGBM HPO trial 64 fold 3/3 complete: partial_J=0.6582, elapsed=0.4s.
[2026-05-22 11:13:51 UTC] LGBM HPO trial 64 complete: J=0.6582, elapsed=1.1s.
[I 2026-05-22 13:13:51,074] Trial 64 finished with value: 0.6582103695392294 and parameters: {'max_depth': 3, 'subsample': 0.7039498871639945, 'reg_alpha': 0.40673081437734276, 'reg_lambda': 7.719359034336273, 'min_child_samples_pct': 0.027035106846557803, 'min_child_weight': 20.63700325760156, 'min_split_gain': 0.0037734913483604155, 'colsample_bytree': 0.6976229912085077}. Best is trial 59 with value: 0.6619826316516688.
[2026-05-22 11:13:51 UTC] LGBM HPO trial 65 fold 1/3 started: train_rows=6666, valid_rows=3334, depth=3.
[2026-05-22 11:13:51 UTC] LGBM HPO trial 65 fold 1/3 complete: partial_J=0.6650, elapsed=0.4s.
[2026-05-22 11:13:51 UTC] LGBM HPO trial 65 fold 2/3 started: train_rows=6667, valid_rows=3333, depth=3.
[2026-05-22 11:13:51 UTC] LGBM HPO trial 65 fold 2/3 complete: partial_J=0.6517, elapsed=0.2s.
[2026-05-22 11:13:51 UTC] LGBM HPO trial 65 fold 3/3 started: train_rows=6667, valid_rows=3333, depth=3.
[2026-05-22 11:13:52 UTC] LGBM HPO trial 65 fold 3/3 complete: partial_J=0.6509, elapsed=0.3s.
[2026-05-22 11:13:52 UTC] LGBM HPO trial 65 complete: J=0.6509, elapsed=1.0s.
[I 2026-05-22 13:13:52,071] Trial 65 finished with value: 0.6508584075423824 and parameters: {'max_depth': 3, 'subsample': 0.7038136490208915, 'reg_alpha': 0.203932116024141, 'reg_lambda': 7.6742358088751965, 'min_child_samples_pct': 0.024025736288241742, 'min_child_weight': 20.473757052388947, 'min_split_gain': 0.003922265584994523, 'colsample_bytree': 0.6967416473223}. Best is trial 59 with value: 0.6619826316516688.
[2026-05-22 11:13:52 UTC] LGBM HPO trial 66 fold 1/3 started: train_rows=6666, valid_rows=3334, depth=3.
[2026-05-22 11:13:52 UTC] LGBM HPO trial 66 fold 1/3 complete: partial_J=0.6628, elapsed=0.4s.
[2026-05-22 11:13:52 UTC] LGBM HPO trial 66 fold 2/3 started: train_rows=6667, valid_rows=3333, depth=3.
[2026-05-22 11:13:52 UTC] LGBM HPO trial 66 fold 2/3 complete: partial_J=0.6556, elapsed=0.3s.
[2026-05-22 11:13:52 UTC] LGBM HPO trial 66 fold 3/3 started: train_rows=6667, valid_rows=3333, depth=3.
[2026-05-22 11:13:53 UTC] LGBM HPO trial 66 fold 3/3 complete: partial_J=0.6483, elapsed=0.4s.
[2026-05-22 11:13:53 UTC] LGBM HPO trial 66 complete: J=0.6483, elapsed=1.2s.
[I 2026-05-22 13:13:53,226] Trial 66 finished with value: 0.6482802156888516 and parameters: {'max_depth': 3, 'subsample': 0.7117682637430545, 'reg_alpha': 0.4009149172308479, 'reg_lambda': 6.525613817023609, 'min_child_samples_pct': 0.025809310494711926, 'min_child_weight': 21.992250367173174, 'min_split_gain': 0.002057782427915396, 'colsample_bytree': 0.6902299077507912}. Best is trial 59 with value: 0.6619826316516688.
[2026-05-22 11:13:53 UTC] LGBM HPO trial 67 fold 1/3 started: train_rows=6666, valid_rows=3334, depth=3.
[2026-05-22 11:13:53 UTC] LGBM HPO trial 67 fold 1/3 complete: partial_J=0.6701, elapsed=0.4s.
[2026-05-22 11:13:53 UTC] LGBM HPO trial 67 fold 2/3 started: train_rows=6667, valid_rows=3333, depth=3.
[2026-05-22 11:13:53 UTC] LGBM HPO trial 67 fold 2/3 complete: partial_J=0.6507, elapsed=0.3s.
[2026-05-22 11:13:53 UTC] LGBM HPO trial 67 fold 3/3 started: train_rows=6667, valid_rows=3333, depth=3.
[2026-05-22 11:13:54 UTC] LGBM HPO trial 67 fold 3/3 complete: partial_J=0.6370, elapsed=0.3s.
[2026-05-22 11:13:54 UTC] LGBM HPO trial 67 complete: J=0.6370, elapsed=1.0s.
[I 2026-05-22 13:13:54,244] Trial 67 finished with value: 0.6370467439218204 and parameters: {'max_depth': 3, 'subsample': 0.7014141216141989, 'reg_alpha': 0.2733298740599144, 'reg_lambda': 7.483337952365495, 'min_child_samples_pct': 0.028037541369957123, 'min_child_weight': 23.287669465713382, 'min_split_gain': 0.004487771984760431, 'colsample_bytree': 0.700654024648661}. Best is trial 59 with value: 0.6619826316516688.
[2026-05-22 11:13:54 UTC] LGBM HPO trial 68 fold 1/3 started: train_rows=6666, valid_rows=3334, depth=3.
[2026-05-22 11:13:54 UTC] LGBM HPO trial 68 fold 1/3 complete: partial_J=0.6595, elapsed=0.5s.
[2026-05-22 11:13:54 UTC] LGBM HPO trial 68 fold 2/3 started: train_rows=6667, valid_rows=3333, depth=3.
[2026-05-22 11:13:55 UTC] LGBM HPO trial 68 fold 2/3 complete: partial_J=0.6600, elapsed=0.4s.
[2026-05-22 11:13:55 UTC] LGBM HPO trial 68 fold 3/3 started: train_rows=6667, valid_rows=3333, depth=3.
[2026-05-22 11:13:55 UTC] LGBM HPO trial 68 fold 3/3 complete: partial_J=0.6544, elapsed=0.3s.
[2026-05-22 11:13:55 UTC] LGBM HPO trial 68 complete: J=0.6544, elapsed=1.2s.
[I 2026-05-22 13:13:55,466] Trial 68 finished with value: 0.6543994724626807 and parameters: {'max_depth': 3, 'subsample': 0.6872033650154115, 'reg_alpha': 0.6619833449212504, 'reg_lambda': 8.356057456275995, 'min_child_samples_pct': 0.02135494906539455, 'min_child_weight': 20.34381961368215, 'min_split_gain': 0.003154605682848506, 'colsample_bytree': 0.722118146145195}. Best is trial 59 with value: 0.6619826316516688.
[2026-05-22 11:13:55 UTC] LGBM HPO trial 69 fold 1/3 started: train_rows=6666, valid_rows=3334, depth=5.
[2026-05-22 11:13:55 UTC] LGBM HPO trial 69 fold 1/3 complete: partial_J=0.6683, elapsed=0.4s.
[2026-05-22 11:13:55 UTC] LGBM HPO trial 69 fold 2/3 started: train_rows=6667, valid_rows=3333, depth=5.
[2026-05-22 11:13:56 UTC] LGBM HPO trial 69 fold 2/3 complete: partial_J=0.6595, elapsed=0.4s.
[2026-05-22 11:13:56 UTC] LGBM HPO trial 69 fold 3/3 started: train_rows=6667, valid_rows=3333, depth=5.
[2026-05-22 11:13:56 UTC] LGBM HPO trial 69 fold 3/3 complete: partial_J=0.6518, elapsed=0.3s.
[2026-05-22 11:13:56 UTC] LGBM HPO trial 69 complete: J=0.6518, elapsed=1.2s.
[I 2026-05-22 13:13:56,636] Trial 69 finished with value: 0.651815318940705 and parameters: {'max_depth': 5, 'subsample': 0.7113092118993355, 'reg_alpha': 0.5157695418715093, 'reg_lambda': 6.571906130719096, 'min_child_samples_pct': 0.026930956789048242, 'min_child_weight': 52.26482188775102, 'min_split_gain': 0.005817613023559196, 'colsample_bytree': 0.683361122939736}. Best is trial 59 with value: 0.6619826316516688.
[2026-05-22 11:13:56 UTC] LGBM HPO trial 70 fold 1/3 started: train_rows=6666, valid_rows=3334, depth=4.
[2026-05-22 11:13:57 UTC] LGBM HPO trial 70 fold 1/3 complete: partial_J=0.6697, elapsed=0.4s.
[2026-05-22 11:13:57 UTC] LGBM HPO trial 70 fold 2/3 started: train_rows=6667, valid_rows=3333, depth=4.
[2026-05-22 11:13:57 UTC] LGBM HPO trial 70 fold 2/3 complete: partial_J=0.6609, elapsed=0.4s.
[2026-05-22 11:13:57 UTC] LGBM HPO trial 70 fold 3/3 started: train_rows=6667, valid_rows=3333, depth=4.
[2026-05-22 11:13:57 UTC] LGBM HPO trial 70 fold 3/3 complete: partial_J=0.6519, elapsed=0.4s.
[2026-05-22 11:13:57 UTC] LGBM HPO trial 70 complete: J=0.6519, elapsed=1.3s.
[I 2026-05-22 13:13:57,912] Trial 70 finished with value: 0.6519035885441283 and parameters: {'max_depth': 4, 'subsample': 0.7593371993214472, 'reg_alpha': 0.5881839226285536, 'reg_lambda': 9.874710861497137, 'min_child_samples_pct': 0.025033462488724876, 'min_child_weight': 25.77705522511487, 'min_split_gain': 0.0028278053715900175, 'colsample_bytree': 0.6702949908118115}. Best is trial 59 with value: 0.6619826316516688.
[2026-05-22 11:13:57 UTC] LGBM HPO trial 71 fold 1/3 started: train_rows=6666, valid_rows=3334, depth=3.
[2026-05-22 11:13:58 UTC] LGBM HPO trial 71 fold 1/3 complete: partial_J=0.6627, elapsed=0.4s.
[2026-05-22 11:13:58 UTC] LGBM HPO trial 71 fold 2/3 started: train_rows=6667, valid_rows=3333, depth=3.
[2026-05-22 11:13:58 UTC] LGBM HPO trial 71 fold 2/3 complete: partial_J=0.6557, elapsed=0.3s.
[2026-05-22 11:13:58 UTC] LGBM HPO trial 71 fold 3/3 started: train_rows=6667, valid_rows=3333, depth=3.
[2026-05-22 11:13:58 UTC] LGBM HPO trial 71 fold 3/3 complete: partial_J=0.6558, elapsed=0.3s.
[2026-05-22 11:13:58 UTC] LGBM HPO trial 71 complete: J=0.6558, elapsed=1.0s.
[I 2026-05-22 13:13:58,902] Trial 71 finished with value: 0.655765636858685 and parameters: {'max_depth': 3, 'subsample': 0.7172811684288488, 'reg_alpha': 0.13447625532601187, 'reg_lambda': 5.088993762109115, 'min_child_samples_pct': 0.030476548647541277, 'min_child_weight': 23.798670236500865, 'min_split_gain': 0.020794136109579635, 'colsample_bytree': 0.7095786350157123}. Best is trial 59 with value: 0.6619826316516688.
[2026-05-22 11:13:58 UTC] LGBM HPO trial 72 fold 1/3 started: train_rows=6666, valid_rows=3334, depth=3.
[2026-05-22 11:13:59 UTC] LGBM HPO trial 72 fold 1/3 complete: partial_J=0.6646, elapsed=0.3s.
[2026-05-22 11:13:59 UTC] LGBM HPO trial 72 fold 2/3 started: train_rows=6667, valid_rows=3333, depth=3.
[2026-05-22 11:13:59 UTC] LGBM HPO trial 72 fold 2/3 complete: partial_J=0.6474, elapsed=0.3s.
[2026-05-22 11:13:59 UTC] LGBM HPO trial 72 fold 3/3 started: train_rows=6667, valid_rows=3333, depth=3.
[2026-05-22 11:13:59 UTC] LGBM HPO trial 72 fold 3/3 complete: partial_J=0.6516, elapsed=0.3s.
[2026-05-22 11:13:59 UTC] LGBM HPO trial 72 complete: J=0.6516, elapsed=1.0s.
[I 2026-05-22 13:13:59,879] Trial 72 finished with value: 0.6516330813099266 and parameters: {'max_depth': 3, 'subsample': 0.7237374872421122, 'reg_alpha': 0.7359903435968153, 'reg_lambda': 3.662529391652328, 'min_child_samples_pct': 0.02847744229904619, 'min_child_weight': 22.12199726964996, 'min_split_gain': 0.004000124509652836, 'colsample_bytree': 0.7040246707481985}. Best is trial 59 with value: 0.6619826316516688.
[2026-05-22 11:13:59 UTC] LGBM HPO trial 73 fold 1/3 started: train_rows=6666, valid_rows=3334, depth=3.
[2026-05-22 11:14:00 UTC] LGBM HPO trial 73 fold 1/3 complete: partial_J=0.6614, elapsed=0.4s.
[2026-05-22 11:14:00 UTC] LGBM HPO trial 73 fold 2/3 started: train_rows=6667, valid_rows=3333, depth=3.
[2026-05-22 11:14:00 UTC] LGBM HPO trial 73 fold 2/3 complete: partial_J=0.6542, elapsed=0.3s.
[2026-05-22 11:14:00 UTC] LGBM HPO trial 73 fold 3/3 started: train_rows=6667, valid_rows=3333, depth=3.
[2026-05-22 11:14:00 UTC] LGBM HPO trial 73 fold 3/3 complete: partial_J=0.6510, elapsed=0.4s.
[2026-05-22 11:14:00 UTC] LGBM HPO trial 73 complete: J=0.6510, elapsed=1.1s.
[I 2026-05-22 13:14:00,982] Trial 73 finished with value: 0.6510133778768403 and parameters: {'max_depth': 3, 'subsample': 0.7402091429746123, 'reg_alpha': 1.8373942577574154, 'reg_lambda': 4.682922960254417, 'min_child_samples_pct': 0.03767139135722091, 'min_child_weight': 67.58062828957209, 'min_split_gain': 0.029625847916207607, 'colsample_bytree': 0.6939781697752916}. Best is trial 59 with value: 0.6619826316516688.
[2026-05-22 11:14:00 UTC] LGBM HPO trial 74 fold 1/3 started: train_rows=6666, valid_rows=3334, depth=3.
[2026-05-22 11:14:01 UTC] LGBM HPO trial 74 fold 1/3 complete: partial_J=0.6563, elapsed=0.3s.
[2026-05-22 11:14:01 UTC] LGBM HPO trial 74 fold 2/3 started: train_rows=6667, valid_rows=3333, depth=3.
[2026-05-22 11:14:01 UTC] LGBM HPO trial 74 fold 2/3 complete: partial_J=0.6567, elapsed=0.3s.
[2026-05-22 11:14:01 UTC] LGBM HPO trial 74 fold 3/3 started: train_rows=6667, valid_rows=3333, depth=3.
[2026-05-22 11:14:01 UTC] LGBM HPO trial 74 fold 3/3 complete: partial_J=0.6539, elapsed=0.3s.
[2026-05-22 11:14:01 UTC] LGBM HPO trial 74 complete: J=0.6539, elapsed=1.0s.
[I 2026-05-22 13:14:01,937] Trial 74 finished with value: 0.6539335342898229 and parameters: {'max_depth': 3, 'subsample': 0.7158597196962675, 'reg_alpha': 0.9345513105978847, 'reg_lambda': 7.265325848468933, 'min_child_samples_pct': 0.044584478414046995, 'min_child_weight': 39.91771190787075, 'min_split_gain': 0.008790681274926878, 'colsample_bytree': 0.7158230744143615}. Best is trial 59 with value: 0.6619826316516688.
[2026-05-22 11:14:01 UTC] LGBM HPO trial 75 fold 1/3 started: train_rows=6666, valid_rows=3334, depth=3.
[2026-05-22 11:14:02 UTC] LGBM HPO trial 75 fold 1/3 complete: partial_J=0.6640, elapsed=0.3s.
[2026-05-22 11:14:02 UTC] LGBM HPO trial 75 fold 2/3 started: train_rows=6667, valid_rows=3333, depth=3.
[2026-05-22 11:14:02 UTC] LGBM HPO trial 75 fold 2/3 complete: partial_J=0.6548, elapsed=0.2s.
[2026-05-22 11:14:02 UTC] LGBM HPO trial 75 fold 3/3 started: train_rows=6667, valid_rows=3333, depth=3.
[2026-05-22 11:14:02 UTC] LGBM HPO trial 75 fold 3/3 complete: partial_J=0.6509, elapsed=0.3s.
[2026-05-22 11:14:02 UTC] LGBM HPO trial 75 complete: J=0.6509, elapsed=0.9s.
[I 2026-05-22 13:14:02,811] Trial 75 finished with value: 0.6509013619685602 and parameters: {'max_depth': 3, 'subsample': 0.7097314859246218, 'reg_alpha': 1.4163878271746821, 'reg_lambda': 9.31239637155803, 'min_child_samples_pct': 0.034856734821607026, 'min_child_weight': 21.447283212699052, 'min_split_gain': 0.002290655932909632, 'colsample_bytree': 0.7053803695936979}. Best is trial 59 with value: 0.6619826316516688.
[2026-05-22 11:14:02 UTC] LGBM HPO trial 76 fold 1/3 started: train_rows=6666, valid_rows=3334, depth=3.
[2026-05-22 11:14:03 UTC] LGBM HPO trial 76 fold 1/3 complete: partial_J=0.6522, elapsed=0.4s.
[2026-05-22 11:14:03 UTC] LGBM HPO trial 76 fold 2/3 started: train_rows=6667, valid_rows=3333, depth=3.
[2026-05-22 11:14:03 UTC] LGBM HPO trial 76 fold 2/3 complete: partial_J=0.6526, elapsed=0.3s.
[2026-05-22 11:14:03 UTC] LGBM HPO trial 76 pruned at fold 2/3 (partial_J=0.6526).
[I 2026-05-22 13:14:03,546] Trial 76 pruned. 
[2026-05-22 11:14:03 UTC] LGBM HPO trial 77 fold 1/3 started: train_rows=6666, valid_rows=3334, depth=4.
[2026-05-22 11:14:03 UTC] LGBM HPO trial 77 fold 1/3 complete: partial_J=0.6576, elapsed=0.3s.
[2026-05-22 11:14:03 UTC] LGBM HPO trial 77 fold 2/3 started: train_rows=6667, valid_rows=3333, depth=4.
[2026-05-22 11:14:04 UTC] LGBM HPO trial 77 fold 2/3 complete: partial_J=0.6584, elapsed=0.3s.
[2026-05-22 11:14:04 UTC] LGBM HPO trial 77 fold 3/3 started: train_rows=6667, valid_rows=3333, depth=4.
[2026-05-22 11:14:04 UTC] LGBM HPO trial 77 fold 3/3 complete: partial_J=0.6535, elapsed=0.3s.
[2026-05-22 11:14:04 UTC] LGBM HPO trial 77 complete: J=0.6535, elapsed=0.9s.
[I 2026-05-22 13:14:04,496] Trial 77 finished with value: 0.6534619356423902 and parameters: {'max_depth': 4, 'subsample': 0.7003891887782775, 'reg_alpha': 3.561488643041994, 'reg_lambda': 6.762458435437265, 'min_child_samples_pct': 0.03674264343532306, 'min_child_weight': 36.721383855412846, 'min_split_gain': 0.001594413504597621, 'colsample_bytree': 0.6799022435477372}. Best is trial 59 with value: 0.6619826316516688.
[2026-05-22 11:14:04 UTC] LGBM HPO trial 78 fold 1/3 started: train_rows=6666, valid_rows=3334, depth=3.
[2026-05-22 11:14:04 UTC] LGBM HPO trial 78 fold 1/3 complete: partial_J=0.6600, elapsed=0.5s.
[2026-05-22 11:14:04 UTC] LGBM HPO trial 78 fold 2/3 started: train_rows=6667, valid_rows=3333, depth=3.
[2026-05-22 11:14:05 UTC] LGBM HPO trial 78 fold 2/3 complete: partial_J=0.6558, elapsed=0.3s.
[2026-05-22 11:14:05 UTC] LGBM HPO trial 78 fold 3/3 started: train_rows=6667, valid_rows=3333, depth=3.
[2026-05-22 11:14:05 UTC] LGBM HPO trial 78 fold 3/3 complete: partial_J=0.6516, elapsed=0.3s.
[2026-05-22 11:14:05 UTC] LGBM HPO trial 78 complete: J=0.6516, elapsed=1.1s.
[I 2026-05-22 13:14:05,591] Trial 78 finished with value: 0.6516351464401652 and parameters: {'max_depth': 3, 'subsample': 0.7477724079954733, 'reg_alpha': 4.371741863925576, 'reg_lambda': 6.038953455626092, 'min_child_samples_pct': 0.033249185297364564, 'min_child_weight': 20.061173133395158, 'min_split_gain': 0.004617761011556051, 'colsample_bytree': 0.6864173219136306}. Best is trial 59 with value: 0.6619826316516688.
[2026-05-22 11:14:05 UTC] LGBM HPO trial 79 fold 1/3 started: train_rows=6666, valid_rows=3334, depth=4.
[2026-05-22 11:14:06 UTC] LGBM HPO trial 79 fold 1/3 complete: partial_J=0.6589, elapsed=0.4s.
[2026-05-22 11:14:06 UTC] LGBM HPO trial 79 fold 2/3 started: train_rows=6667, valid_rows=3333, depth=4.
[2026-05-22 11:14:06 UTC] LGBM HPO trial 79 fold 2/3 complete: partial_J=0.6574, elapsed=0.4s.
[2026-05-22 11:14:06 UTC] LGBM HPO trial 79 fold 3/3 started: train_rows=6667, valid_rows=3333, depth=4.
[2026-05-22 11:14:06 UTC] LGBM HPO trial 79 fold 3/3 complete: partial_J=0.6581, elapsed=0.3s.
[2026-05-22 11:14:06 UTC] LGBM HPO trial 79 complete: J=0.6581, elapsed=1.2s.
