[I 2026-05-22 13:13:29,258] Trial 42 finished with value: 0.651012626218068 and parameters: {'max_depth': 3, 'subsample': 0.695142123177555, 'reg_alpha': 4.687794618626691, 'reg_lambda': 7.515012284104225, 'min_child_samples_pct': 0.03845067316225862, 'min_child_weight': 42.179387362701945, 'min_split_gain': 0.013161250570009227, 'colsample_bytree': 0.6905645417717697}. Best is trial 28 with value: 0.6616660829590638.
[2026-05-22 11:13:29 UTC] LGBM HPO trial 43 fold 1/3 started: train_rows=6666, valid_rows=3334, depth=3.
[2026-05-22 11:13:29 UTC] LGBM HPO trial 43 fold 1/3 complete: partial_J=0.6674, elapsed=0.3s.
[2026-05-22 11:13:29 UTC] LGBM HPO trial 43 fold 2/3 started: train_rows=6667, valid_rows=3333, depth=3.
[2026-05-22 11:13:30 UTC] LGBM HPO trial 43 fold 2/3 complete: partial_J=0.6578, elapsed=0.4s.
[2026-05-22 11:13:30 UTC] LGBM HPO trial 43 fold 3/3 started: train_rows=6667, valid_rows=3333, depth=3.
[2026-05-22 11:13:30 UTC] LGBM HPO trial 43 fold 3/3 complete: partial_J=0.6481, elapsed=0.3s.
[2026-05-22 11:13:30 UTC] LGBM HPO trial 43 complete: J=0.6481, elapsed=1.1s.
[I 2026-05-22 13:13:30,365] Trial 43 finished with value: 0.6481010264995626 and parameters: {'max_depth': 3, 'subsample': 0.7256384689928718, 'reg_alpha': 1.72728494039525, 'reg_lambda': 5.324917466966017, 'min_child_samples_pct': 0.0327205402462758, 'min_child_weight': 31.518146489678152, 'min_split_gain': 0.00979237365663345, 'colsample_bytree': 0.7113972815859184}. Best is trial 28 with value: 0.6616660829590638.
[2026-05-22 11:13:30 UTC] LGBM HPO trial 44 fold 1/3 started: train_rows=6666, valid_rows=3334, depth=3.
[2026-05-22 11:13:30 UTC] LGBM HPO trial 44 fold 1/3 complete: partial_J=0.6612, elapsed=0.3s.
[2026-05-22 11:13:30 UTC] LGBM HPO trial 44 fold 2/3 started: train_rows=6667, valid_rows=3333, depth=3.
[2026-05-22 11:13:31 UTC] LGBM HPO trial 44 fold 2/3 complete: partial_J=0.6587, elapsed=0.3s.
[2026-05-22 11:13:31 UTC] LGBM HPO trial 44 fold 3/3 started: train_rows=6667, valid_rows=3333, depth=3.
[2026-05-22 11:13:31 UTC] LGBM HPO trial 44 fold 3/3 complete: partial_J=0.6528, elapsed=0.4s.
[2026-05-22 11:13:31 UTC] LGBM HPO trial 44 complete: J=0.6528, elapsed=1.1s.
[I 2026-05-22 13:13:31,427] Trial 44 finished with value: 0.6527595803647731 and parameters: {'max_depth': 3, 'subsample': 0.7065995091309326, 'reg_alpha': 3.7871771989054603, 'reg_lambda': 6.577208921099205, 'min_child_samples_pct': 0.029850594126949643, 'min_child_weight': 37.81040466009547, 'min_split_gain': 0.004981621902300507, 'colsample_bytree': 0.7569482791253465}. Best is trial 28 with value: 0.6616660829590638.
[2026-05-22 11:13:31 UTC] LGBM HPO trial 45 fold 1/3 started: train_rows=6666, valid_rows=3334, depth=3.
[2026-05-22 11:13:31 UTC] LGBM HPO trial 45 fold 1/3 complete: partial_J=0.6604, elapsed=0.3s.
[2026-05-22 11:13:31 UTC] LGBM HPO trial 45 fold 2/3 started: train_rows=6667, valid_rows=3333, depth=3.
[2026-05-22 11:13:32 UTC] LGBM HPO trial 45 fold 2/3 complete: partial_J=0.6606, elapsed=0.3s.
[2026-05-22 11:13:32 UTC] LGBM HPO trial 45 fold 3/3 started: train_rows=6667, valid_rows=3333, depth=3.
[2026-05-22 11:13:32 UTC] LGBM HPO trial 45 fold 3/3 complete: partial_J=0.6564, elapsed=0.3s.
[2026-05-22 11:13:32 UTC] LGBM HPO trial 45 complete: J=0.6564, elapsed=0.9s.
[I 2026-05-22 13:13:32,368] Trial 45 finished with value: 0.6564198050312362 and parameters: {'max_depth': 3, 'subsample': 0.6703872686088261, 'reg_alpha': 1.5657303798916231, 'reg_lambda': 3.9666435380824425, 'min_child_samples_pct': 0.04071782622032786, 'min_child_weight': 32.67665707336386, 'min_split_gain': 0.017403309457386204, 'colsample_bytree': 0.7293700086010777}. Best is trial 28 with value: 0.6616660829590638.
[2026-05-22 11:13:32 UTC] LGBM HPO trial 46 fold 1/3 started: train_rows=6666, valid_rows=3334, depth=4.
[2026-05-22 11:13:32 UTC] LGBM HPO trial 46 fold 1/3 complete: partial_J=0.6666, elapsed=0.3s.
[2026-05-22 11:13:32 UTC] LGBM HPO trial 46 fold 2/3 started: train_rows=6667, valid_rows=3333, depth=4.
[2026-05-22 11:13:33 UTC] LGBM HPO trial 46 fold 2/3 complete: partial_J=0.6591, elapsed=0.3s.
[2026-05-22 11:13:33 UTC] LGBM HPO trial 46 fold 3/3 started: train_rows=6667, valid_rows=3333, depth=4.
[2026-05-22 11:13:33 UTC] LGBM HPO trial 46 fold 3/3 complete: partial_J=0.6538, elapsed=0.3s.
[2026-05-22 11:13:33 UTC] LGBM HPO trial 46 complete: J=0.6538, elapsed=1.0s.
[I 2026-05-22 13:13:33,349] Trial 46 finished with value: 0.6538297770299196 and parameters: {'max_depth': 4, 'subsample': 0.7433313274993734, 'reg_alpha': 1.1541866677810018, 'reg_lambda': 7.985624047459044, 'min_child_samples_pct': 0.033934257657188306, 'min_child_weight': 24.35528560581371, 'min_split_gain': 0.007960572597864028, 'colsample_bytree': 0.7408181662354135}. Best is trial 28 with value: 0.6616660829590638.
[2026-05-22 11:13:33 UTC] LGBM HPO trial 47 fold 1/3 started: train_rows=6666, valid_rows=3334, depth=3.
[2026-05-22 11:13:33 UTC] LGBM HPO trial 47 fold 1/3 complete: partial_J=0.6625, elapsed=0.4s.
[2026-05-22 11:13:33 UTC] LGBM HPO trial 47 fold 2/3 started: train_rows=6667, valid_rows=3333, depth=3.
[2026-05-22 11:13:34 UTC] LGBM HPO trial 47 fold 2/3 complete: partial_J=0.6544, elapsed=0.3s.
[2026-05-22 11:13:34 UTC] LGBM HPO trial 47 fold 3/3 started: train_rows=6667, valid_rows=3333, depth=3.
[2026-05-22 11:13:34 UTC] LGBM HPO trial 47 fold 3/3 complete: partial_J=0.6532, elapsed=0.3s.
[2026-05-22 11:13:34 UTC] LGBM HPO trial 47 complete: J=0.6532, elapsed=1.1s.
[I 2026-05-22 13:13:34,405] Trial 47 finished with value: 0.6531961837302738 and parameters: {'max_depth': 3, 'subsample': 0.7263434571869636, 'reg_alpha': 2.3103858583994534, 'reg_lambda': 5.587692523297211, 'min_child_samples_pct': 0.037504442874636425, 'min_child_weight': 40.36104364446021, 'min_split_gain': 0.003355649329963896, 'colsample_bytree': 0.6824446296467335}. Best is trial 28 with value: 0.6616660829590638.
[2026-05-22 11:13:34 UTC] LGBM HPO trial 48 fold 1/3 started: train_rows=6666, valid_rows=3334, depth=4.
[2026-05-22 11:13:34 UTC] LGBM HPO trial 48 fold 1/3 complete: partial_J=0.6676, elapsed=0.4s.
[2026-05-22 11:13:34 UTC] LGBM HPO trial 48 fold 2/3 started: train_rows=6667, valid_rows=3333, depth=4.
[2026-05-22 11:13:35 UTC] LGBM HPO trial 48 fold 2/3 complete: partial_J=0.6568, elapsed=0.4s.
[2026-05-22 11:13:35 UTC] LGBM HPO trial 48 fold 3/3 started: train_rows=6667, valid_rows=3333, depth=4.
[2026-05-22 11:13:35 UTC] LGBM HPO trial 48 fold 3/3 complete: partial_J=0.6470, elapsed=0.3s.
[2026-05-22 11:13:35 UTC] LGBM HPO trial 48 complete: J=0.6470, elapsed=1.3s.
[I 2026-05-22 13:13:35,656] Trial 48 finished with value: 0.6470445029861778 and parameters: {'max_depth': 4, 'subsample': 0.6451858010283937, 'reg_alpha': 3.0226296367601475, 'reg_lambda': 2.5768550143591487, 'min_child_samples_pct': 0.027287884904366844, 'min_child_weight': 29.017168924274245, 'min_split_gain': 0.02897022874746053, 'colsample_bytree': 0.7209236576831081}. Best is trial 28 with value: 0.6616660829590638.
[2026-05-22 11:13:35 UTC] LGBM HPO trial 49 fold 1/3 started: train_rows=6666, valid_rows=3334, depth=4.
[2026-05-22 11:13:35 UTC] LGBM HPO trial 49 fold 1/3 complete: partial_J=0.6552, elapsed=0.3s.
[2026-05-22 11:13:35 UTC] LGBM HPO trial 49 fold 2/3 started: train_rows=6667, valid_rows=3333, depth=4.
[2026-05-22 11:13:36 UTC] LGBM HPO trial 49 fold 2/3 complete: partial_J=0.6573, elapsed=0.3s.
[2026-05-22 11:13:36 UTC] LGBM HPO trial 49 fold 3/3 started: train_rows=6667, valid_rows=3333, depth=4.
[2026-05-22 11:13:36 UTC] LGBM HPO trial 49 fold 3/3 complete: partial_J=0.6509, elapsed=0.3s.
[2026-05-22 11:13:36 UTC] LGBM HPO trial 49 complete: J=0.6509, elapsed=0.9s.
[I 2026-05-22 13:13:36,527] Trial 49 finished with value: 0.6509468233080486 and parameters: {'max_depth': 4, 'subsample': 0.7116065807922647, 'reg_alpha': 2.0259435319696015, 'reg_lambda': 4.879118350430955, 'min_child_samples_pct': 0.042441974245555854, 'min_child_weight': 45.55795637819112, 'min_split_gain': 0.0023727751816708087, 'colsample_bytree': 0.7687081783247245}. Best is trial 28 with value: 0.6616660829590638.
[2026-05-22 11:13:36 UTC] LGBM HPO trial 50 fold 1/3 started: train_rows=6666, valid_rows=3334, depth=3.
[2026-05-22 11:13:36 UTC] LGBM HPO trial 50 fold 1/3 complete: partial_J=0.6629, elapsed=0.3s.
[2026-05-22 11:13:36 UTC] LGBM HPO trial 50 fold 2/3 started: train_rows=6667, valid_rows=3333, depth=3.
[2026-05-22 11:13:37 UTC] LGBM HPO trial 50 fold 2/3 complete: partial_J=0.6558, elapsed=0.4s.
[2026-05-22 11:13:37 UTC] LGBM HPO trial 50 fold 3/3 started: train_rows=6667, valid_rows=3333, depth=3.
[2026-05-22 11:13:37 UTC] LGBM HPO trial 50 fold 3/3 complete: partial_J=0.6503, elapsed=0.4s.
[2026-05-22 11:13:37 UTC] LGBM HPO trial 50 complete: J=0.6503, elapsed=1.1s.
[I 2026-05-22 13:13:37,619] Trial 50 finished with value: 0.6502724314124527 and parameters: {'max_depth': 3, 'subsample': 0.6910422045476398, 'reg_alpha': 4.956956497059694, 'reg_lambda': 6.2775714998128755, 'min_child_samples_pct': 0.035566624464788935, 'min_child_weight': 34.870497631466776, 'min_split_gain': 0.011430783649494531, 'colsample_bytree': 0.6756439732572611}. Best is trial 28 with value: 0.6616660829590638.
[2026-05-22 11:13:37 UTC] LGBM HPO trial 51 fold 1/3 started: train_rows=6666, valid_rows=3334, depth=3.
[2026-05-22 11:13:37 UTC] LGBM HPO trial 51 fold 1/3 complete: partial_J=0.6644, elapsed=0.3s.
[2026-05-22 11:13:37 UTC] LGBM HPO trial 51 fold 2/3 started: train_rows=6667, valid_rows=3333, depth=3.
[2026-05-22 11:13:38 UTC] LGBM HPO trial 51 fold 2/3 complete: partial_J=0.6529, elapsed=0.3s.
[2026-05-22 11:13:38 UTC] LGBM HPO trial 51 fold 3/3 started: train_rows=6667, valid_rows=3333, depth=3.
[2026-05-22 11:13:38 UTC] LGBM HPO trial 51 fold 3/3 complete: partial_J=0.6428, elapsed=0.3s.
[2026-05-22 11:13:38 UTC] LGBM HPO trial 51 complete: J=0.6428, elapsed=0.9s.
[I 2026-05-22 13:13:38,534] Trial 51 finished with value: 0.6428438582041387 and parameters: {'max_depth': 3, 'subsample': 0.6715578934189692, 'reg_alpha': 1.5537113355854435, 'reg_lambda': 3.9688245472667996, 'min_child_samples_pct': 0.041072566426839006, 'min_child_weight': 32.93621401826879, 'min_split_gain': 0.017146436175285613, 'colsample_bytree': 0.7271751404070166}. Best is trial 28 with value: 0.6616660829590638.
[2026-05-22 11:13:38 UTC] LGBM HPO trial 52 fold 1/3 started: train_rows=6666, valid_rows=3334, depth=3.
[2026-05-22 11:13:38 UTC] LGBM HPO trial 52 fold 1/3 complete: partial_J=0.6660, elapsed=0.3s.
[2026-05-22 11:13:38 UTC] LGBM HPO trial 52 fold 2/3 started: train_rows=6667, valid_rows=3333, depth=3.
[2026-05-22 11:13:39 UTC] LGBM HPO trial 52 fold 2/3 complete: partial_J=0.6593, elapsed=0.3s.
[2026-05-22 11:13:39 UTC] LGBM HPO trial 52 fold 3/3 started: train_rows=6667, valid_rows=3333, depth=3.
[2026-05-22 11:13:39 UTC] LGBM HPO trial 52 fold 3/3 complete: partial_J=0.6522, elapsed=0.3s.
[2026-05-22 11:13:39 UTC] LGBM HPO trial 52 complete: J=0.6522, elapsed=0.9s.
[I 2026-05-22 13:13:39,392] Trial 52 finished with value: 0.6521850779435414 and parameters: {'max_depth': 3, 'subsample': 0.623088916502336, 'reg_alpha': 1.5521750295019998, 'reg_lambda': 3.3117577618564304, 'min_child_samples_pct': 0.038344446457136125, 'min_child_weight': 31.080200609378124, 'min_split_gain': 0.015379017835740891, 'colsample_bytree': 0.7326679569350675}. Best is trial 28 with value: 0.6616660829590638.
[2026-05-22 11:13:39 UTC] LGBM HPO trial 53 fold 1/3 started: train_rows=6666, valid_rows=3334, depth=3.
[2026-05-22 11:13:39 UTC] LGBM HPO trial 53 fold 1/3 complete: partial_J=0.6665, elapsed=0.5s.
[2026-05-22 11:13:39 UTC] LGBM HPO trial 53 fold 2/3 started: train_rows=6667, valid_rows=3333, depth=3.
[2026-05-22 11:13:40 UTC] LGBM HPO trial 53 fold 2/3 complete: partial_J=0.6649, elapsed=0.3s.
[2026-05-22 11:13:40 UTC] LGBM HPO trial 53 fold 3/3 started: train_rows=6667, valid_rows=3333, depth=3.
[2026-05-22 11:13:40 UTC] LGBM HPO trial 53 fold 3/3 complete: partial_J=0.6617, elapsed=0.4s.
[2026-05-22 11:13:40 UTC] LGBM HPO trial 53 complete: J=0.6617, elapsed=1.2s.
[I 2026-05-22 13:13:40,603] Trial 53 finished with value: 0.6617055057013781 and parameters: {'max_depth': 3, 'subsample': 0.6559184108611772, 'reg_alpha': 1.0647449316002582, 'reg_lambda': 4.41730438476944, 'min_child_samples_pct': 0.04030015989892971, 'min_child_weight': 22.437270974496446, 'min_split_gain': 0.02315574408243395, 'colsample_bytree': 0.7522275061597556}. Best is trial 53 with value: 0.6617055057013781.
[2026-05-22 11:13:40 UTC] LGBM HPO trial 54 fold 1/3 started: train_rows=6666, valid_rows=3334, depth=3.
[2026-05-22 11:13:40 UTC] LGBM HPO trial 54 fold 1/3 complete: partial_J=0.6537, elapsed=0.3s.
[2026-05-22 11:13:40 UTC] LGBM HPO trial 54 fold 2/3 started: train_rows=6667, valid_rows=3333, depth=3.
[2026-05-22 11:13:41 UTC] LGBM HPO trial 54 fold 2/3 complete: partial_J=0.6533, elapsed=0.3s.
[2026-05-22 11:13:41 UTC] LGBM HPO trial 54 pruned at fold 2/3 (partial_J=0.6533).
[I 2026-05-22 13:13:41,220] Trial 54 pruned. 
[2026-05-22 11:13:41 UTC] LGBM HPO trial 55 fold 1/3 started: train_rows=6666, valid_rows=3334, depth=4.
[2026-05-22 11:13:41 UTC] LGBM HPO trial 55 fold 1/3 complete: partial_J=0.6663, elapsed=0.4s.
[2026-05-22 11:13:41 UTC] LGBM HPO trial 55 fold 2/3 started: train_rows=6667, valid_rows=3333, depth=4.
[2026-05-22 11:13:42 UTC] LGBM HPO trial 55 fold 2/3 complete: partial_J=0.6496, elapsed=0.4s.
[2026-05-22 11:13:42 UTC] LGBM HPO trial 55 fold 3/3 started: train_rows=6667, valid_rows=3333, depth=4.
[2026-05-22 11:13:42 UTC] LGBM HPO trial 55 fold 3/3 complete: partial_J=0.6506, elapsed=0.3s.
[2026-05-22 11:13:42 UTC] LGBM HPO trial 55 complete: J=0.6506, elapsed=1.1s.
[I 2026-05-22 13:13:42,348] Trial 55 finished with value: 0.6506210450344591 and parameters: {'max_depth': 4, 'subsample': 0.634121875299881, 'reg_alpha': 2.627267177017755, 'reg_lambda': 4.581863092841307, 'min_child_samples_pct': 0.03988313593565038, 'min_child_weight': 21.702361403314264, 'min_split_gain': 0.001368473155113473, 'colsample_bytree': 0.7674329704346816}. Best is trial 53 with value: 0.6617055057013781.
[2026-05-22 11:13:42 UTC] LGBM HPO trial 56 fold 1/3 started: train_rows=6666, valid_rows=3334, depth=3.
[2026-05-22 11:13:42 UTC] LGBM HPO trial 56 fold 1/3 complete: partial_J=0.6615, elapsed=0.3s.
[2026-05-22 11:13:42 UTC] LGBM HPO trial 56 fold 2/3 started: train_rows=6667, valid_rows=3333, depth=3.
[2026-05-22 11:13:43 UTC] LGBM HPO trial 56 fold 2/3 complete: partial_J=0.6533, elapsed=0.3s.
[2026-05-22 11:13:43 UTC] LGBM HPO trial 56 fold 3/3 started: train_rows=6667, valid_rows=3333, depth=3.
[2026-05-22 11:13:43 UTC] LGBM HPO trial 56 fold 3/3 complete: partial_J=0.6572, elapsed=0.3s.
[2026-05-22 11:13:43 UTC] LGBM HPO trial 56 complete: J=0.6572, elapsed=1.0s.
[I 2026-05-22 13:13:43,333] Trial 56 finished with value: 0.6571773274539665 and parameters: {'max_depth': 3, 'subsample': 0.734797104066329, 'reg_alpha': 0.8351115480242376, 'reg_lambda': 8.782038346779753, 'min_child_samples_pct': 0.03238875597784995, 'min_child_weight': 28.147930856968777, 'min_split_gain': 0.007154138381989958, 'colsample_bytree': 0.7885916760125502}. Best is trial 53 with value: 0.6617055057013781.
[2026-05-22 11:13:43 UTC] LGBM HPO trial 57 fold 1/3 started: train_rows=6666, valid_rows=3334, depth=3.
[2026-05-22 11:13:43 UTC] LGBM HPO trial 57 fold 1/3 complete: partial_J=0.6588, elapsed=0.4s.
[2026-05-22 11:13:43 UTC] LGBM HPO trial 57 fold 2/3 started: train_rows=6667, valid_rows=3333, depth=3.
[2026-05-22 11:13:44 UTC] LGBM HPO trial 57 fold 2/3 complete: partial_J=0.6523, elapsed=0.3s.
[2026-05-22 11:13:44 UTC] LGBM HPO trial 57 fold 3/3 started: train_rows=6667, valid_rows=3333, depth=3.
[2026-05-22 11:13:44 UTC] LGBM HPO trial 57 fold 3/3 complete: partial_J=0.6547, elapsed=0.3s.
[2026-05-22 11:13:44 UTC] LGBM HPO trial 57 complete: J=0.6547, elapsed=1.0s.
[I 2026-05-22 13:13:44,379] Trial 57 finished with value: 0.6546558698881537 and parameters: {'max_depth': 3, 'subsample': 0.7352063125696748, 'reg_alpha': 0.7931038695666562, 'reg_lambda': 11.290572244662982, 'min_child_samples_pct': 0.05988004986557651, 'min_child_weight': 29.622532629052923, 'min_split_gain': 0.005293296074613202, 'colsample_bytree': 0.7935336060502212}. Best is trial 53 with value: 0.6617055057013781.
[2026-05-22 11:13:44 UTC] LGBM HPO trial 58 fold 1/3 started: train_rows=6666, valid_rows=3334, depth=3.
[2026-05-22 11:13:44 UTC] LGBM HPO trial 58 fold 1/3 complete: partial_J=0.6551, elapsed=0.4s.
[2026-05-22 11:13:44 UTC] LGBM HPO trial 58 fold 2/3 started: train_rows=6667, valid_rows=3333, depth=3.
[2026-05-22 11:13:45 UTC] LGBM HPO trial 58 fold 2/3 complete: partial_J=0.6513, elapsed=0.3s.
[2026-05-22 11:13:45 UTC] LGBM HPO trial 58 pruned at fold 2/3 (partial_J=0.6513).
[I 2026-05-22 13:13:45,068] Trial 58 pruned. 
[2026-05-22 11:13:45 UTC] LGBM HPO trial 59 fold 1/3 started: train_rows=6666, valid_rows=3334, depth=3.
[2026-05-22 11:13:45 UTC] LGBM HPO trial 59 fold 1/3 complete: partial_J=0.6661, elapsed=0.4s.
[2026-05-22 11:13:45 UTC] LGBM HPO trial 59 fold 2/3 started: train_rows=6667, valid_rows=3333, depth=3.
[2026-05-22 11:13:45 UTC] LGBM HPO trial 59 fold 2/3 complete: partial_J=0.6665, elapsed=0.3s.
[2026-05-22 11:13:45 UTC] LGBM HPO trial 59 fold 3/3 started: train_rows=6667, valid_rows=3333, depth=3.
[2026-05-22 11:13:46 UTC] LGBM HPO trial 59 fold 3/3 complete: partial_J=0.6620, elapsed=0.3s.
[2026-05-22 11:13:46 UTC] LGBM HPO trial 59 complete: J=0.6620, elapsed=1.1s.
[I 2026-05-22 13:13:46,160] Trial 59 finished with value: 0.6619826316516688 and parameters: {'max_depth': 3, 'subsample': 0.7217287696559188, 'reg_alpha': 1.0759938027342104, 'reg_lambda': 5.0233927772023765, 'min_child_samples_pct': 0.029862492757831306, 'min_child_weight': 26.76867823155224, 'min_split_gain': 0.007085604938730866, 'colsample_bytree': 0.7127341331974832}. Best is trial 59 with value: 0.6619826316516688.
[2026-05-22 11:13:46 UTC] LGBM HPO trial 60 fold 1/3 started: train_rows=6666, valid_rows=3334, depth=3.
[2026-05-22 11:13:46 UTC] LGBM HPO trial 60 fold 1/3 complete: partial_J=0.6740, elapsed=0.3s.
[2026-05-22 11:13:46 UTC] LGBM HPO trial 60 fold 2/3 started: train_rows=6667, valid_rows=3333, depth=3.
[2026-05-22 11:13:46 UTC] LGBM HPO trial 60 fold 2/3 complete: partial_J=0.6628, elapsed=0.3s.
[2026-05-22 11:13:46 UTC] LGBM HPO trial 60 fold 3/3 started: train_rows=6667, valid_rows=3333, depth=3.
[2026-05-22 11:13:47 UTC] LGBM HPO trial 60 fold 3/3 complete: partial_J=0.6521, elapsed=0.3s.
[2026-05-22 11:13:47 UTC] LGBM HPO trial 60 complete: J=0.6521, elapsed=1.0s.
[I 2026-05-22 13:13:47,191] Trial 60 finished with value: 0.6521247426448803 and parameters: {'max_depth': 3, 'subsample': 0.7464982468790515, 'reg_alpha': 1.0833564072365005, 'reg_lambda': 5.13910565066915, 'min_child_samples_pct': 0.023280951041502754, 'min_child_weight': 43.61186557083467, 'min_split_gain': 0.0010153210252365071, 'colsample_bytree': 0.712839722678633}. Best is trial 59 with value: 0.6619826316516688.
[2026-05-22 11:13:47 UTC] LGBM HPO trial 61 fold 1/3 started: train_rows=6666, valid_rows=3334, depth=3.
[2026-05-22 11:13:47 UTC] LGBM HPO trial 61 fold 1/3 complete: partial_J=0.6680, elapsed=0.3s.
[2026-05-22 11:13:47 UTC] LGBM HPO trial 61 fold 2/3 started: train_rows=6667, valid_rows=3333, depth=3.
[2026-05-22 11:13:47 UTC] LGBM HPO trial 61 fold 2/3 complete: partial_J=0.6608, elapsed=0.3s.
[2026-05-22 11:13:47 UTC] LGBM HPO trial 61 fold 3/3 started: train_rows=6667, valid_rows=3333, depth=3.
[2026-05-22 11:13:48 UTC] LGBM HPO trial 61 fold 3/3 complete: partial_J=0.6543, elapsed=0.3s.
[2026-05-22 11:13:48 UTC] LGBM HPO trial 61 complete: J=0.6543, elapsed=1.0s.
[I 2026-05-22 13:13:48,144] Trial 61 finished with value: 0.6542849973665162 and parameters: {'max_depth': 3, 'subsample': 0.7215225591954487, 'reg_alpha': 0.5607466899473036, 'reg_lambda': 4.396437668383263, 'min_child_samples_pct': 0.031195619273922757, 'min_child_weight': 27.60102135850781, 'min_split_gain': 0.007180115797742392, 'colsample_bytree': 0.7609693139816632}. Best is trial 59 with value: 0.6619826316516688.
[2026-05-22 11:13:48 UTC] LGBM HPO trial 62 fold 1/3 started: train_rows=6666, valid_rows=3334, depth=3.
[2026-05-22 11:13:48 UTC] LGBM HPO trial 62 fold 1/3 complete: partial_J=0.6623, elapsed=0.3s.
[2026-05-22 11:13:48 UTC] LGBM HPO trial 62 fold 2/3 started: train_rows=6667, valid_rows=3333, depth=3.
[2026-05-22 11:13:48 UTC] LGBM HPO trial 62 fold 2/3 complete: partial_J=0.6540, elapsed=0.3s.
[2026-05-22 11:13:48 UTC] LGBM HPO trial 62 fold 3/3 started: train_rows=6667, valid_rows=3333, depth=3.
[2026-05-22 11:13:49 UTC] LGBM HPO trial 62 fold 3/3 complete: partial_J=0.6520, elapsed=0.3s.
[2026-05-22 11:13:49 UTC] LGBM HPO trial 62 complete: J=0.6520, elapsed=0.9s.
