[I 2026-05-22 12:37:38,067] Trial 40 finished with value: 0.6812185214302251 and parameters: {'max_depth': 5, 'subsample': 0.6670192416528746, 'reg_alpha': 0.3266349028221606, 'reg_lambda': 7.296929434264676, 'min_child_samples_pct': 0.02900424778447165, 'min_child_weight': 50.053170964444, 'min_split_gain': 0.02346997667598618, 'colsample_bytree': 0.6562646954580181}. Best is trial 23 with value: 0.7107048882271293.
[2026-05-22 10:37:38 UTC] LGBM HPO trial 41 fold 1/3 started: train_rows=6666, valid_rows=3334, depth=6.
[2026-05-22 10:37:42 UTC] LGBM HPO trial 41 fold 1/3 complete: partial_J=0.7095, elapsed=4.0s.
[2026-05-22 10:37:42 UTC] LGBM HPO trial 41 fold 2/3 started: train_rows=6667, valid_rows=3333, depth=6.
[2026-05-22 10:37:46 UTC] LGBM HPO trial 41 fold 2/3 complete: partial_J=0.7091, elapsed=4.1s.
[2026-05-22 10:37:46 UTC] LGBM HPO trial 41 fold 3/3 started: train_rows=6667, valid_rows=3333, depth=6.
[2026-05-22 10:37:50 UTC] LGBM HPO trial 41 fold 3/3 complete: partial_J=0.6995, elapsed=4.0s.
[2026-05-22 10:37:50 UTC] LGBM HPO trial 41 complete: J=0.6995, raw_J=0.7021, elapsed=12.1s.
[I 2026-05-22 12:37:50,167] Trial 41 finished with value: 0.6995401813276725 and parameters: {'max_depth': 6, 'subsample': 0.656790799524296, 'reg_alpha': 0.11877242738594043, 'reg_lambda': 6.733729834312463, 'min_child_samples_pct': 0.020528462500402734, 'min_child_weight': 27.871493698273817, 'min_split_gain': 0.011787234264221132, 'colsample_bytree': 0.6020334110444441}. Best is trial 23 with value: 0.7107048882271293.
[2026-05-22 10:37:50 UTC] LGBM HPO trial 42 fold 1/3 started: train_rows=6666, valid_rows=3334, depth=6.
[2026-05-22 10:37:54 UTC] LGBM HPO trial 42 fold 1/3 complete: partial_J=0.7048, elapsed=3.9s.
[2026-05-22 10:37:54 UTC] LGBM HPO trial 42 fold 2/3 started: train_rows=6667, valid_rows=3333, depth=6.
[2026-05-22 10:37:58 UTC] LGBM HPO trial 42 fold 2/3 complete: partial_J=0.6943, elapsed=4.0s.
[2026-05-22 10:37:58 UTC] LGBM HPO trial 42 fold 3/3 started: train_rows=6667, valid_rows=3333, depth=6.
[2026-05-22 10:38:01 UTC] LGBM HPO trial 42 fold 3/3 complete: partial_J=0.6953, elapsed=3.9s.
[2026-05-22 10:38:01 UTC] LGBM HPO trial 42 complete: J=0.6953, raw_J=0.6982, elapsed=11.8s.
[I 2026-05-22 12:38:01,977] Trial 42 finished with value: 0.6952661098381699 and parameters: {'max_depth': 6, 'subsample': 0.6850040852932979, 'reg_alpha': 0.14616607066669357, 'reg_lambda': 6.027368616503782, 'min_child_samples_pct': 0.02220664908329487, 'min_child_weight': 24.023570944883915, 'min_split_gain': 0.029716281315183404, 'colsample_bytree': 0.6075924781317609}. Best is trial 23 with value: 0.7107048882271293.
[2026-05-22 10:38:01 UTC] LGBM HPO trial 43 fold 1/3 started: train_rows=6666, valid_rows=3334, depth=6.
[2026-05-22 10:38:05 UTC] LGBM HPO trial 43 fold 1/3 complete: partial_J=0.6981, elapsed=3.9s.
[2026-05-22 10:38:05 UTC] LGBM HPO trial 43 fold 2/3 started: train_rows=6667, valid_rows=3333, depth=6.
[2026-05-22 10:38:09 UTC] LGBM HPO trial 43 fold 2/3 complete: partial_J=0.6971, elapsed=3.9s.
[2026-05-22 10:38:09 UTC] LGBM HPO trial 43 fold 3/3 started: train_rows=6667, valid_rows=3333, depth=6.
[2026-05-22 10:38:13 UTC] LGBM HPO trial 43 fold 3/3 complete: partial_J=0.6915, elapsed=3.8s.
[2026-05-22 10:38:13 UTC] LGBM HPO trial 43 complete: J=0.6915, raw_J=0.6945, elapsed=11.6s.
[I 2026-05-22 12:38:13,549] Trial 43 finished with value: 0.6915013702869464 and parameters: {'max_depth': 6, 'subsample': 0.7071219568031959, 'reg_alpha': 0.16153393506883557, 'reg_lambda': 8.970017068489195, 'min_child_samples_pct': 0.024228830436126194, 'min_child_weight': 33.19428536382957, 'min_split_gain': 0.0038871152015499673, 'colsample_bytree': 0.6005285411625734}. Best is trial 23 with value: 0.7107048882271293.
[2026-05-22 10:38:13 UTC] LGBM HPO trial 44 fold 1/3 started: train_rows=6666, valid_rows=3334, depth=6.
[2026-05-22 10:38:17 UTC] LGBM HPO trial 44 fold 1/3 complete: partial_J=0.6993, elapsed=4.2s.
[2026-05-22 10:38:17 UTC] LGBM HPO trial 44 fold 2/3 started: train_rows=6667, valid_rows=3333, depth=6.
[2026-05-22 10:38:21 UTC] LGBM HPO trial 44 fold 2/3 complete: partial_J=0.7022, elapsed=4.1s.
[2026-05-22 10:38:21 UTC] LGBM HPO trial 44 fold 3/3 started: train_rows=6667, valid_rows=3333, depth=6.
[2026-05-22 10:38:26 UTC] LGBM HPO trial 44 fold 3/3 complete: partial_J=0.6918, elapsed=4.2s.
[2026-05-22 10:38:26 UTC] LGBM HPO trial 44 complete: J=0.6918, raw_J=0.6945, elapsed=12.5s.
[I 2026-05-22 12:38:26,059] Trial 44 finished with value: 0.6918497746674516 and parameters: {'max_depth': 6, 'subsample': 0.660718214236766, 'reg_alpha': 0.18860983989431113, 'reg_lambda': 7.046840848471097, 'min_child_samples_pct': 0.02031762084132534, 'min_child_weight': 29.436280144944014, 'min_split_gain': 0.009495296449876534, 'colsample_bytree': 0.621551615329304}. Best is trial 23 with value: 0.7107048882271293.
[2026-05-22 10:38:26 UTC] LGBM HPO trial 45 fold 1/3 started: train_rows=6666, valid_rows=3334, depth=6.
[2026-05-22 10:38:29 UTC] LGBM HPO trial 45 fold 1/3 complete: partial_J=0.6956, elapsed=3.9s.
[2026-05-22 10:38:29 UTC] LGBM HPO trial 45 fold 2/3 started: train_rows=6667, valid_rows=3333, depth=6.
[2026-05-22 10:38:33 UTC] LGBM HPO trial 45 fold 2/3 complete: partial_J=0.7033, elapsed=4.0s.
[2026-05-22 10:38:33 UTC] LGBM HPO trial 45 fold 3/3 started: train_rows=6667, valid_rows=3333, depth=6.
[2026-05-22 10:38:38 UTC] LGBM HPO trial 45 fold 3/3 complete: partial_J=0.6810, elapsed=4.1s.
[2026-05-22 10:38:38 UTC] LGBM HPO trial 45 complete: J=0.6810, raw_J=0.6840, elapsed=12.0s.
[I 2026-05-22 12:38:38,068] Trial 45 finished with value: 0.6809862020014269 and parameters: {'max_depth': 6, 'subsample': 0.6490447637401302, 'reg_alpha': 0.2601641752204255, 'reg_lambda': 10.205267924539317, 'min_child_samples_pct': 0.022258916876341576, 'min_child_weight': 22.377823191854034, 'min_split_gain': 0.015060869361492557, 'colsample_bytree': 0.6326925621916223}. Best is trial 23 with value: 0.7107048882271293.
[2026-05-22 10:38:38 UTC] LGBM HPO trial 46 fold 1/3 started: train_rows=6666, valid_rows=3334, depth=6.
[2026-05-22 10:38:41 UTC] LGBM HPO trial 46 fold 1/3 complete: partial_J=0.6984, elapsed=3.9s.
[2026-05-22 10:38:41 UTC] LGBM HPO trial 46 fold 2/3 started: train_rows=6667, valid_rows=3333, depth=6.
[2026-05-22 10:38:45 UTC] LGBM HPO trial 46 fold 2/3 complete: partial_J=0.6985, elapsed=4.0s.
[2026-05-22 10:38:45 UTC] LGBM HPO trial 46 fold 3/3 started: train_rows=6667, valid_rows=3333, depth=6.
[2026-05-22 10:38:49 UTC] LGBM HPO trial 46 fold 3/3 complete: partial_J=0.6999, elapsed=3.8s.
[2026-05-22 10:38:49 UTC] LGBM HPO trial 46 complete: J=0.6999, raw_J=0.7026, elapsed=11.7s.
[I 2026-05-22 12:38:49,774] Trial 46 finished with value: 0.6998630086233688 and parameters: {'max_depth': 6, 'subsample': 0.7508319212922053, 'reg_alpha': 0.11394319064515011, 'reg_lambda': 2.7515971189408552, 'min_child_samples_pct': 0.025140079673215746, 'min_child_weight': 26.744762938392128, 'min_split_gain': 0.0009884891167788205, 'colsample_bytree': 0.6406319746103888}. Best is trial 23 with value: 0.7107048882271293.
[2026-05-22 10:38:49 UTC] LGBM HPO trial 47 fold 1/3 started: train_rows=6666, valid_rows=3334, depth=6.
[2026-05-22 10:38:51 UTC] LGBM HPO trial 47 fold 1/3 complete: partial_J=0.6703, elapsed=1.4s.
[2026-05-22 10:38:51 UTC] LGBM HPO trial 47 fold 2/3 started: train_rows=6667, valid_rows=3333, depth=6.
[2026-05-22 10:38:53 UTC] LGBM HPO trial 47 fold 2/3 complete: partial_J=0.6665, elapsed=2.2s.
[2026-05-22 10:38:53 UTC] LGBM HPO trial 47 pruned at fold 2/3 (partial_J=0.6665).
[I 2026-05-22 12:38:53,412] Trial 47 pruned. 
[2026-05-22 10:38:53 UTC] LGBM HPO trial 48 fold 1/3 started: train_rows=6666, valid_rows=3334, depth=5.
[2026-05-22 10:38:55 UTC] LGBM HPO trial 48 fold 1/3 complete: partial_J=0.6793, elapsed=2.5s.
[2026-05-22 10:38:55 UTC] LGBM HPO trial 48 fold 2/3 started: train_rows=6667, valid_rows=3333, depth=5.
[2026-05-22 10:38:57 UTC] LGBM HPO trial 48 fold 2/3 complete: partial_J=0.6603, elapsed=1.9s.
[2026-05-22 10:38:57 UTC] LGBM HPO trial 48 pruned at fold 2/3 (partial_J=0.6603).
[I 2026-05-22 12:38:57,890] Trial 48 pruned. 
[2026-05-22 10:38:57 UTC] LGBM HPO trial 49 fold 1/3 started: train_rows=6666, valid_rows=3334, depth=6.
[2026-05-22 10:39:01 UTC] LGBM HPO trial 49 fold 1/3 complete: partial_J=0.7044, elapsed=3.9s.
[2026-05-22 10:39:01 UTC] LGBM HPO trial 49 fold 2/3 started: train_rows=6667, valid_rows=3333, depth=6.
[2026-05-22 10:39:05 UTC] LGBM HPO trial 49 fold 2/3 complete: partial_J=0.7034, elapsed=4.0s.
[2026-05-22 10:39:05 UTC] LGBM HPO trial 49 fold 3/3 started: train_rows=6667, valid_rows=3333, depth=6.
[2026-05-22 10:39:09 UTC] LGBM HPO trial 49 fold 3/3 complete: partial_J=0.7003, elapsed=4.0s.
[2026-05-22 10:39:09 UTC] LGBM HPO trial 49 complete: J=0.7003, raw_J=0.7033, elapsed=12.0s.
[I 2026-05-22 12:39:09,893] Trial 49 finished with value: 0.7003118164055925 and parameters: {'max_depth': 6, 'subsample': 0.6812246359352296, 'reg_alpha': 0.10182718029229522, 'reg_lambda': 8.499153067319359, 'min_child_samples_pct': 0.021437699044277905, 'min_child_weight': 39.63960080895422, 'min_split_gain': 0.013715651892011424, 'colsample_bytree': 0.6490609652314132}. Best is trial 23 with value: 0.7107048882271293.
[2026-05-22 10:39:09 UTC] LGBM HPO trial 50 fold 1/3 started: train_rows=6666, valid_rows=3334, depth=6.
[2026-05-22 10:39:12 UTC] LGBM HPO trial 50 fold 1/3 complete: partial_J=0.6817, elapsed=3.1s.
[2026-05-22 10:39:12 UTC] LGBM HPO trial 50 fold 2/3 started: train_rows=6667, valid_rows=3333, depth=6.
[2026-05-22 10:39:16 UTC] LGBM HPO trial 50 fold 2/3 complete: partial_J=0.6742, elapsed=3.2s.
[2026-05-22 10:39:16 UTC] LGBM HPO trial 50 pruned at fold 2/3 (partial_J=0.6742).
[I 2026-05-22 12:39:16,188] Trial 50 pruned. 
[2026-05-22 10:39:16 UTC] LGBM HPO trial 51 fold 1/3 started: train_rows=6666, valid_rows=3334, depth=6.
[2026-05-22 10:39:20 UTC] LGBM HPO trial 51 fold 1/3 complete: partial_J=0.7066, elapsed=4.0s.
[2026-05-22 10:39:20 UTC] LGBM HPO trial 51 fold 2/3 started: train_rows=6667, valid_rows=3333, depth=6.
[2026-05-22 10:39:24 UTC] LGBM HPO trial 51 fold 2/3 complete: partial_J=0.7010, elapsed=3.9s.
[2026-05-22 10:39:24 UTC] LGBM HPO trial 51 fold 3/3 started: train_rows=6667, valid_rows=3333, depth=6.
[2026-05-22 10:39:28 UTC] LGBM HPO trial 51 fold 3/3 complete: partial_J=0.6962, elapsed=4.3s.
[2026-05-22 10:39:28 UTC] LGBM HPO trial 51 complete: J=0.6962, raw_J=0.6990, elapsed=12.2s.
[I 2026-05-22 12:39:28,433] Trial 51 finished with value: 0.6962053056654451 and parameters: {'max_depth': 6, 'subsample': 0.634102164117063, 'reg_alpha': 0.7052145986368891, 'reg_lambda': 6.277413956272892, 'min_child_samples_pct': 0.020253449123741014, 'min_child_weight': 31.358362262946507, 'min_split_gain': 0.006590444472318136, 'colsample_bytree': 0.7309840792301531}. Best is trial 23 with value: 0.7107048882271293.
[2026-05-22 10:39:28 UTC] LGBM HPO trial 52 fold 1/3 started: train_rows=6666, valid_rows=3334, depth=6.
[2026-05-22 10:39:32 UTC] LGBM HPO trial 52 fold 1/3 complete: partial_J=0.7136, elapsed=4.1s.
[2026-05-22 10:39:32 UTC] LGBM HPO trial 52 fold 2/3 started: train_rows=6667, valid_rows=3333, depth=6.
[2026-05-22 10:39:36 UTC] LGBM HPO trial 52 fold 2/3 complete: partial_J=0.7045, elapsed=4.1s.
[2026-05-22 10:39:36 UTC] LGBM HPO trial 52 fold 3/3 started: train_rows=6667, valid_rows=3333, depth=6.
[2026-05-22 10:39:40 UTC] LGBM HPO trial 52 fold 3/3 complete: partial_J=0.6972, elapsed=4.2s.
[2026-05-22 10:39:40 UTC] LGBM HPO trial 52 complete: J=0.6972, raw_J=0.7001, elapsed=12.4s.
[I 2026-05-22 12:39:40,791] Trial 52 finished with value: 0.6972329542646375 and parameters: {'max_depth': 6, 'subsample': 0.63892533062367, 'reg_alpha': 1.0846050248442576, 'reg_lambda': 7.221778865925282, 'min_child_samples_pct': 0.020056888102016234, 'min_child_weight': 25.48911959936893, 'min_split_gain': 0.0168477241904978, 'colsample_bytree': 0.7443906138439961}. Best is trial 23 with value: 0.7107048882271293.
[2026-05-22 10:39:40 UTC] LGBM HPO trial 53 fold 1/3 started: train_rows=6666, valid_rows=3334, depth=6.
[2026-05-22 10:39:44 UTC] LGBM HPO trial 53 fold 1/3 complete: partial_J=0.7059, elapsed=3.6s.
[2026-05-22 10:39:44 UTC] LGBM HPO trial 53 fold 2/3 started: train_rows=6667, valid_rows=3333, depth=6.
[2026-05-22 10:39:48 UTC] LGBM HPO trial 53 fold 2/3 complete: partial_J=0.7070, elapsed=3.9s.
[2026-05-22 10:39:48 UTC] LGBM HPO trial 53 fold 3/3 started: train_rows=6667, valid_rows=3333, depth=6.
[2026-05-22 10:39:51 UTC] LGBM HPO trial 53 fold 3/3 complete: partial_J=0.6991, elapsed=3.6s.
[2026-05-22 10:39:51 UTC] LGBM HPO trial 53 complete: J=0.6991, raw_J=0.7019, elapsed=11.1s.
[I 2026-05-22 12:39:51,874] Trial 53 finished with value: 0.6991306004377733 and parameters: {'max_depth': 6, 'subsample': 0.6139727864226112, 'reg_alpha': 0.5710421605473793, 'reg_lambda': 5.629877411330396, 'min_child_samples_pct': 0.022915453758722244, 'min_child_weight': 28.312894586005893, 'min_split_gain': 0.004615384353472455, 'colsample_bytree': 0.6882340116307816}. Best is trial 23 with value: 0.7107048882271293.
[2026-05-22 10:39:51 UTC] LGBM HPO trial 54 fold 1/3 started: train_rows=6666, valid_rows=3334, depth=6.
[2026-05-22 10:39:55 UTC] LGBM HPO trial 54 fold 1/3 complete: partial_J=0.7188, elapsed=3.7s.
[2026-05-22 10:39:55 UTC] LGBM HPO trial 54 fold 2/3 started: train_rows=6667, valid_rows=3333, depth=6.
[2026-05-22 10:39:59 UTC] LGBM HPO trial 54 fold 2/3 complete: partial_J=0.7067, elapsed=3.7s.
[2026-05-22 10:39:59 UTC] LGBM HPO trial 54 fold 3/3 started: train_rows=6667, valid_rows=3333, depth=6.
[2026-05-22 10:40:02 UTC] LGBM HPO trial 54 fold 3/3 complete: partial_J=0.6930, elapsed=3.6s.
[2026-05-22 10:40:02 UTC] LGBM HPO trial 54 complete: J=0.6930, raw_J=0.6960, elapsed=11.0s.
[I 2026-05-22 12:40:02,875] Trial 54 finished with value: 0.6929859705901419 and parameters: {'max_depth': 6, 'subsample': 0.6550582254321912, 'reg_alpha': 2.4337325300887533, 'reg_lambda': 4.674880098114268, 'min_child_samples_pct': 0.024241728258532415, 'min_child_weight': 34.02408600354421, 'min_split_gain': 0.010295085432796816, 'colsample_bytree': 0.6007004691984633}. Best is trial 23 with value: 0.7107048882271293.
[2026-05-22 10:40:02 UTC] LGBM HPO trial 55 fold 1/3 started: train_rows=6666, valid_rows=3334, depth=6.
[2026-05-22 10:40:06 UTC] LGBM HPO trial 55 fold 1/3 complete: partial_J=0.7065, elapsed=3.3s.
[2026-05-22 10:40:06 UTC] LGBM HPO trial 55 fold 2/3 started: train_rows=6667, valid_rows=3333, depth=6.
[2026-05-22 10:40:09 UTC] LGBM HPO trial 55 fold 2/3 complete: partial_J=0.6825, elapsed=3.3s.
[2026-05-22 10:40:09 UTC] LGBM HPO trial 55 fold 3/3 started: train_rows=6667, valid_rows=3333, depth=6.
[2026-05-22 10:40:12 UTC] LGBM HPO trial 55 fold 3/3 complete: partial_J=0.6754, elapsed=3.3s.
[2026-05-22 10:40:12 UTC] LGBM HPO trial 55 complete: J=0.6754, raw_J=0.6784, elapsed=9.9s.
[I 2026-05-22 12:40:12,761] Trial 55 finished with value: 0.6753502662739829 and parameters: {'max_depth': 6, 'subsample': 0.6250179329583913, 'reg_alpha': 0.12711532377157744, 'reg_lambda': 6.245789752301193, 'min_child_samples_pct': 0.027811354510114013, 'min_child_weight': 41.90784048586567, 'min_split_gain': 0.007823190361856091, 'colsample_bytree': 0.7194598041375075}. Best is trial 23 with value: 0.7107048882271293.
[2026-05-22 10:40:12 UTC] LGBM HPO trial 56 fold 1/3 started: train_rows=6666, valid_rows=3334, depth=6.
[2026-05-22 10:40:16 UTC] LGBM HPO trial 56 fold 1/3 complete: partial_J=0.7014, elapsed=3.7s.
[2026-05-22 10:40:16 UTC] LGBM HPO trial 56 fold 2/3 started: train_rows=6667, valid_rows=3333, depth=6.
[2026-05-22 10:40:20 UTC] LGBM HPO trial 56 fold 2/3 complete: partial_J=0.6927, elapsed=3.8s.
[2026-05-22 10:40:20 UTC] LGBM HPO trial 56 fold 3/3 started: train_rows=6667, valid_rows=3333, depth=6.
[2026-05-22 10:40:24 UTC] LGBM HPO trial 56 fold 3/3 complete: partial_J=0.6859, elapsed=3.8s.
[2026-05-22 10:40:24 UTC] LGBM HPO trial 56 complete: J=0.6859, raw_J=0.6889, elapsed=11.3s.
[I 2026-05-22 12:40:24,064] Trial 56 finished with value: 0.6858561349870171 and parameters: {'max_depth': 6, 'subsample': 0.7737248054483162, 'reg_alpha': 0.24644965406780067, 'reg_lambda': 8.015268635225521, 'min_child_samples_pct': 0.026232278640914854, 'min_child_weight': 53.84079328199776, 'min_split_gain': 0.002925864694578348, 'colsample_bytree': 0.6935792817661512}. Best is trial 23 with value: 0.7107048882271293.
[2026-05-22 10:40:24 UTC] LGBM HPO trial 57 fold 1/3 started: train_rows=6666, valid_rows=3334, depth=6.
[2026-05-22 10:40:27 UTC] LGBM HPO trial 57 fold 1/3 complete: partial_J=0.7227, elapsed=3.9s.
[2026-05-22 10:40:27 UTC] LGBM HPO trial 57 fold 2/3 started: train_rows=6667, valid_rows=3333, depth=6.
[2026-05-22 10:40:31 UTC] LGBM HPO trial 57 fold 2/3 complete: partial_J=0.7055, elapsed=3.7s.
[2026-05-22 10:40:31 UTC] LGBM HPO trial 57 fold 3/3 started: train_rows=6667, valid_rows=3333, depth=6.
[2026-05-22 10:40:35 UTC] LGBM HPO trial 57 fold 3/3 complete: partial_J=0.6953, elapsed=3.7s.
[2026-05-22 10:40:35 UTC] LGBM HPO trial 57 complete: J=0.6953, raw_J=0.6979, elapsed=11.4s.
[I 2026-05-22 12:40:35,419] Trial 57 finished with value: 0.6952655123856178 and parameters: {'max_depth': 6, 'subsample': 0.6003362034589833, 'reg_alpha': 0.4157652334148422, 'reg_lambda': 6.96624003064502, 'min_child_samples_pct': 0.021801987138015077, 'min_child_weight': 26.722072972345092, 'min_split_gain': 0.026109316836472787, 'colsample_bytree': 0.7743067432950789}. Best is trial 23 with value: 0.7107048882271293.
[2026-05-22 10:40:35 UTC] LGBM HPO trial 58 fold 1/3 started: train_rows=6666, valid_rows=3334, depth=5.
[2026-05-22 10:40:38 UTC] LGBM HPO trial 58 fold 1/3 complete: partial_J=0.6959, elapsed=3.1s.
[2026-05-22 10:40:38 UTC] LGBM HPO trial 58 fold 2/3 started: train_rows=6667, valid_rows=3333, depth=5.
[2026-05-22 10:40:41 UTC] LGBM HPO trial 58 fold 2/3 complete: partial_J=0.6797, elapsed=3.1s.
[2026-05-22 10:40:41 UTC] LGBM HPO trial 58 fold 3/3 started: train_rows=6667, valid_rows=3333, depth=5.
[2026-05-22 10:40:44 UTC] LGBM HPO trial 58 fold 3/3 complete: partial_J=0.6674, elapsed=3.1s.
[2026-05-22 10:40:44 UTC] LGBM HPO trial 58 complete: J=0.6674, raw_J=0.6703, elapsed=9.3s.
[I 2026-05-22 12:40:44,764] Trial 58 finished with value: 0.6673833060294896 and parameters: {'max_depth': 5, 'subsample': 0.6295199961831199, 'reg_alpha': 0.3076750457713186, 'reg_lambda': 10.380899719436842, 'min_child_samples_pct': 0.0229608849160774, 'min_child_weight': 31.685673823429717, 'min_split_gain': 0.018436211759560343, 'colsample_bytree': 0.6168318837698221}. Best is trial 23 with value: 0.7107048882271293.
[2026-05-22 10:40:44 UTC] LGBM HPO trial 59 fold 1/3 started: train_rows=6666, valid_rows=3334, depth=6.
[2026-05-22 10:40:48 UTC] LGBM HPO trial 59 fold 1/3 complete: partial_J=0.6967, elapsed=3.7s.
[2026-05-22 10:40:48 UTC] LGBM HPO trial 59 fold 2/3 started: train_rows=6667, valid_rows=3333, depth=6.
[2026-05-22 10:40:52 UTC] LGBM HPO trial 59 fold 2/3 complete: partial_J=0.6962, elapsed=3.6s.
[2026-05-22 10:40:52 UTC] LGBM HPO trial 59 fold 3/3 started: train_rows=6667, valid_rows=3333, depth=6.
[2026-05-22 10:40:55 UTC] LGBM HPO trial 59 fold 3/3 complete: partial_J=0.6903, elapsed=3.5s.
[2026-05-22 10:40:55 UTC] LGBM HPO trial 59 complete: J=0.6903, raw_J=0.6933, elapsed=10.7s.
[I 2026-05-22 12:40:55,514] Trial 59 finished with value: 0.6903052731171441 and parameters: {'max_depth': 6, 'subsample': 0.6420985884894898, 'reg_alpha': 0.17426246599586204, 'reg_lambda': 5.319310185615765, 'min_child_samples_pct': 0.025108494846963432, 'min_child_weight': 23.255903331989025, 'min_split_gain': 0.0006160763448805006, 'colsample_bytree': 0.6735043908338082}. Best is trial 23 with value: 0.7107048882271293.
[2026-05-22 10:40:55 UTC] LGBM HPO trial 60 fold 1/3 started: train_rows=6666, valid_rows=3334, depth=3.
[2026-05-22 10:40:57 UTC] LGBM HPO trial 60 fold 1/3 complete: partial_J=0.6833, elapsed=1.9s.
[2026-05-22 10:40:57 UTC] LGBM HPO trial 60 fold 2/3 started: train_rows=6667, valid_rows=3333, depth=3.
[2026-05-22 10:40:59 UTC] LGBM HPO trial 60 fold 2/3 complete: partial_J=0.6643, elapsed=1.7s.
[2026-05-22 10:40:59 UTC] LGBM HPO trial 60 pruned at fold 2/3 (partial_J=0.6643).
[I 2026-05-22 12:40:59,141] Trial 60 pruned. 
[2026-05-22 10:40:59 UTC] LGBM HPO trial 61 fold 1/3 started: train_rows=6666, valid_rows=3334, depth=6.
[2026-05-22 10:41:03 UTC] LGBM HPO trial 61 fold 1/3 complete: partial_J=0.7161, elapsed=4.0s.
[2026-05-22 10:41:03 UTC] LGBM HPO trial 61 fold 2/3 started: train_rows=6667, valid_rows=3333, depth=6.
[2026-05-22 10:41:07 UTC] LGBM HPO trial 61 fold 2/3 complete: partial_J=0.7104, elapsed=4.0s.
[2026-05-22 10:41:07 UTC] LGBM HPO trial 61 fold 3/3 started: train_rows=6667, valid_rows=3333, depth=6.
[2026-05-22 10:41:11 UTC] LGBM HPO trial 61 fold 3/3 complete: partial_J=0.7040, elapsed=4.1s.
[2026-05-22 10:41:11 UTC] LGBM HPO trial 61 complete: J=0.7040, raw_J=0.7069, elapsed=12.1s.
